[2023-11-07T19:31:48.468+0000] {processor.py:157} INFO - Started process (PID=3566) to work on /usr/local/lib/python3.10/dist-packages/airflow/example_dags/example_latest_only_with_trigger.py
[2023-11-07T19:31:48.469+0000] {processor.py:829} INFO - Processing file /usr/local/lib/python3.10/dist-packages/airflow/example_dags/example_latest_only_with_trigger.py for tasks to queue
[2023-11-07T19:31:48.470+0000] {logging_mixin.py:154} INFO - [2023-11-07T19:31:48.469+0000] {dagbag.py:536} INFO - Filling up the DagBag from /usr/local/lib/python3.10/dist-packages/airflow/example_dags/example_latest_only_with_trigger.py
[2023-11-07T19:31:48.477+0000] {processor.py:839} INFO - DAG(s) dict_keys(['latest_only_with_trigger']) retrieved from /usr/local/lib/python3.10/dist-packages/airflow/example_dags/example_latest_only_with_trigger.py
[2023-11-07T19:31:48.581+0000] {logging_mixin.py:154} INFO - [2023-11-07T19:31:48.580+0000] {manager.py:499} INFO - Created Permission View: %s
[2023-11-07T19:31:48.592+0000] {logging_mixin.py:154} INFO - [2023-11-07T19:31:48.592+0000] {manager.py:499} INFO - Created Permission View: %s
[2023-11-07T19:31:48.602+0000] {logging_mixin.py:154} INFO - [2023-11-07T19:31:48.602+0000] {manager.py:499} INFO - Created Permission View: %s
[2023-11-07T19:31:48.603+0000] {logging_mixin.py:154} INFO - [2023-11-07T19:31:48.602+0000] {dag.py:2941} INFO - Sync 1 DAGs
[2023-11-07T19:31:48.617+0000] {logging_mixin.py:154} INFO - [2023-11-07T19:31:48.617+0000] {dag.py:2963} INFO - Creating ORM DAG for latest_only_with_trigger
[2023-11-07T19:31:48.627+0000] {logging_mixin.py:154} INFO - [2023-11-07T19:31:48.627+0000] {dag.py:3722} INFO - Setting next_dagrun for latest_only_with_trigger to 2023-11-07T15:31:48.627307+00:00, run_after=2023-11-07T19:31:48.627307+00:00
[2023-11-07T19:31:48.648+0000] {processor.py:179} INFO - Processing /usr/local/lib/python3.10/dist-packages/airflow/example_dags/example_latest_only_with_trigger.py took 0.183 seconds
[2023-11-07T19:32:40.033+0000] {processor.py:157} INFO - Started process (PID=3613) to work on /usr/local/lib/python3.10/dist-packages/airflow/example_dags/example_latest_only_with_trigger.py
[2023-11-07T19:32:40.034+0000] {processor.py:829} INFO - Processing file /usr/local/lib/python3.10/dist-packages/airflow/example_dags/example_latest_only_with_trigger.py for tasks to queue
[2023-11-07T19:32:40.035+0000] {logging_mixin.py:154} INFO - [2023-11-07T19:32:40.034+0000] {dagbag.py:536} INFO - Filling up the DagBag from /usr/local/lib/python3.10/dist-packages/airflow/example_dags/example_latest_only_with_trigger.py
[2023-11-07T19:32:40.042+0000] {processor.py:839} INFO - DAG(s) dict_keys(['latest_only_with_trigger']) retrieved from /usr/local/lib/python3.10/dist-packages/airflow/example_dags/example_latest_only_with_trigger.py
[2023-11-07T19:32:40.061+0000] {logging_mixin.py:154} INFO - [2023-11-07T19:32:40.061+0000] {dag.py:2941} INFO - Sync 1 DAGs
[2023-11-07T19:32:40.083+0000] {logging_mixin.py:154} INFO - [2023-11-07T19:32:40.082+0000] {dag.py:3722} INFO - Setting next_dagrun for latest_only_with_trigger to 2023-11-07T15:32:40.082582+00:00, run_after=2023-11-07T19:32:40.082582+00:00
[2023-11-07T19:32:40.105+0000] {processor.py:179} INFO - Processing /usr/local/lib/python3.10/dist-packages/airflow/example_dags/example_latest_only_with_trigger.py took 0.075 seconds
[2023-11-07T19:33:25.425+0000] {processor.py:157} INFO - Started process (PID=3660) to work on /usr/local/lib/python3.10/dist-packages/airflow/example_dags/example_latest_only_with_trigger.py
[2023-11-07T19:33:25.426+0000] {processor.py:829} INFO - Processing file /usr/local/lib/python3.10/dist-packages/airflow/example_dags/example_latest_only_with_trigger.py for tasks to queue
[2023-11-07T19:33:25.426+0000] {logging_mixin.py:154} INFO - [2023-11-07T19:33:25.426+0000] {dagbag.py:536} INFO - Filling up the DagBag from /usr/local/lib/python3.10/dist-packages/airflow/example_dags/example_latest_only_with_trigger.py
[2023-11-07T19:33:25.434+0000] {processor.py:839} INFO - DAG(s) dict_keys(['latest_only_with_trigger']) retrieved from /usr/local/lib/python3.10/dist-packages/airflow/example_dags/example_latest_only_with_trigger.py
[2023-11-07T19:33:25.450+0000] {logging_mixin.py:154} INFO - [2023-11-07T19:33:25.449+0000] {dag.py:2941} INFO - Sync 1 DAGs
[2023-11-07T19:33:25.473+0000] {logging_mixin.py:154} INFO - [2023-11-07T19:33:25.473+0000] {dag.py:3722} INFO - Setting next_dagrun for latest_only_with_trigger to 2023-11-07T15:33:25.472921+00:00, run_after=2023-11-07T19:33:25.472921+00:00
[2023-11-07T19:33:25.503+0000] {processor.py:179} INFO - Processing /usr/local/lib/python3.10/dist-packages/airflow/example_dags/example_latest_only_with_trigger.py took 0.082 seconds
[2023-11-07T19:34:13.101+0000] {processor.py:157} INFO - Started process (PID=3708) to work on /usr/local/lib/python3.10/dist-packages/airflow/example_dags/example_latest_only_with_trigger.py
[2023-11-07T19:34:13.105+0000] {processor.py:829} INFO - Processing file /usr/local/lib/python3.10/dist-packages/airflow/example_dags/example_latest_only_with_trigger.py for tasks to queue
[2023-11-07T19:34:13.106+0000] {logging_mixin.py:154} INFO - [2023-11-07T19:34:13.106+0000] {dagbag.py:536} INFO - Filling up the DagBag from /usr/local/lib/python3.10/dist-packages/airflow/example_dags/example_latest_only_with_trigger.py
[2023-11-07T19:34:13.114+0000] {processor.py:839} INFO - DAG(s) dict_keys(['latest_only_with_trigger']) retrieved from /usr/local/lib/python3.10/dist-packages/airflow/example_dags/example_latest_only_with_trigger.py
[2023-11-07T19:34:13.131+0000] {logging_mixin.py:154} INFO - [2023-11-07T19:34:13.131+0000] {dag.py:2941} INFO - Sync 1 DAGs
[2023-11-07T19:34:13.152+0000] {logging_mixin.py:154} INFO - [2023-11-07T19:34:13.152+0000] {dag.py:3722} INFO - Setting next_dagrun for latest_only_with_trigger to 2023-11-07T15:34:13.152394+00:00, run_after=2023-11-07T19:34:13.152394+00:00
[2023-11-07T19:34:13.186+0000] {processor.py:179} INFO - Processing /usr/local/lib/python3.10/dist-packages/airflow/example_dags/example_latest_only_with_trigger.py took 0.091 seconds
[2023-11-07T19:34:59.913+0000] {processor.py:157} INFO - Started process (PID=3758) to work on /usr/local/lib/python3.10/dist-packages/airflow/example_dags/example_latest_only_with_trigger.py
[2023-11-07T19:34:59.914+0000] {processor.py:829} INFO - Processing file /usr/local/lib/python3.10/dist-packages/airflow/example_dags/example_latest_only_with_trigger.py for tasks to queue
[2023-11-07T19:34:59.915+0000] {logging_mixin.py:154} INFO - [2023-11-07T19:34:59.915+0000] {dagbag.py:536} INFO - Filling up the DagBag from /usr/local/lib/python3.10/dist-packages/airflow/example_dags/example_latest_only_with_trigger.py
[2023-11-07T19:34:59.923+0000] {processor.py:839} INFO - DAG(s) dict_keys(['latest_only_with_trigger']) retrieved from /usr/local/lib/python3.10/dist-packages/airflow/example_dags/example_latest_only_with_trigger.py
[2023-11-07T19:34:59.964+0000] {logging_mixin.py:154} INFO - [2023-11-07T19:34:59.964+0000] {dag.py:2941} INFO - Sync 1 DAGs
[2023-11-07T19:34:59.989+0000] {logging_mixin.py:154} INFO - [2023-11-07T19:34:59.989+0000] {dag.py:3722} INFO - Setting next_dagrun for latest_only_with_trigger to 2023-11-07T15:34:59.989241+00:00, run_after=2023-11-07T19:34:59.989241+00:00
[2023-11-07T19:35:00.052+0000] {processor.py:179} INFO - Processing /usr/local/lib/python3.10/dist-packages/airflow/example_dags/example_latest_only_with_trigger.py took 0.144 seconds
[2023-11-07T19:35:44.158+0000] {processor.py:157} INFO - Started process (PID=3807) to work on /usr/local/lib/python3.10/dist-packages/airflow/example_dags/example_latest_only_with_trigger.py
[2023-11-07T19:35:44.159+0000] {processor.py:829} INFO - Processing file /usr/local/lib/python3.10/dist-packages/airflow/example_dags/example_latest_only_with_trigger.py for tasks to queue
[2023-11-07T19:35:44.160+0000] {logging_mixin.py:154} INFO - [2023-11-07T19:35:44.159+0000] {dagbag.py:536} INFO - Filling up the DagBag from /usr/local/lib/python3.10/dist-packages/airflow/example_dags/example_latest_only_with_trigger.py
[2023-11-07T19:35:44.166+0000] {processor.py:839} INFO - DAG(s) dict_keys(['latest_only_with_trigger']) retrieved from /usr/local/lib/python3.10/dist-packages/airflow/example_dags/example_latest_only_with_trigger.py
[2023-11-07T19:35:44.182+0000] {logging_mixin.py:154} INFO - [2023-11-07T19:35:44.182+0000] {dag.py:2941} INFO - Sync 1 DAGs
[2023-11-07T19:35:44.199+0000] {logging_mixin.py:154} INFO - [2023-11-07T19:35:44.199+0000] {dag.py:3722} INFO - Setting next_dagrun for latest_only_with_trigger to 2023-11-07T15:35:44.199255+00:00, run_after=2023-11-07T19:35:44.199255+00:00
[2023-11-07T19:35:44.220+0000] {processor.py:179} INFO - Processing /usr/local/lib/python3.10/dist-packages/airflow/example_dags/example_latest_only_with_trigger.py took 0.065 seconds
[2023-11-07T19:36:33.920+0000] {processor.py:157} INFO - Started process (PID=3856) to work on /usr/local/lib/python3.10/dist-packages/airflow/example_dags/example_latest_only_with_trigger.py
[2023-11-07T19:36:33.921+0000] {processor.py:829} INFO - Processing file /usr/local/lib/python3.10/dist-packages/airflow/example_dags/example_latest_only_with_trigger.py for tasks to queue
[2023-11-07T19:36:33.922+0000] {logging_mixin.py:154} INFO - [2023-11-07T19:36:33.922+0000] {dagbag.py:536} INFO - Filling up the DagBag from /usr/local/lib/python3.10/dist-packages/airflow/example_dags/example_latest_only_with_trigger.py
[2023-11-07T19:36:33.931+0000] {processor.py:839} INFO - DAG(s) dict_keys(['latest_only_with_trigger']) retrieved from /usr/local/lib/python3.10/dist-packages/airflow/example_dags/example_latest_only_with_trigger.py
[2023-11-07T19:36:33.953+0000] {logging_mixin.py:154} INFO - [2023-11-07T19:36:33.953+0000] {dag.py:2941} INFO - Sync 1 DAGs
[2023-11-07T19:36:33.976+0000] {logging_mixin.py:154} INFO - [2023-11-07T19:36:33.975+0000] {dag.py:3722} INFO - Setting next_dagrun for latest_only_with_trigger to 2023-11-07T15:36:33.975718+00:00, run_after=2023-11-07T19:36:33.975718+00:00
[2023-11-07T19:36:34.003+0000] {processor.py:179} INFO - Processing /usr/local/lib/python3.10/dist-packages/airflow/example_dags/example_latest_only_with_trigger.py took 0.086 seconds
[2023-11-07T19:37:24.703+0000] {processor.py:157} INFO - Started process (PID=3907) to work on /usr/local/lib/python3.10/dist-packages/airflow/example_dags/example_latest_only_with_trigger.py
[2023-11-07T19:37:24.704+0000] {processor.py:829} INFO - Processing file /usr/local/lib/python3.10/dist-packages/airflow/example_dags/example_latest_only_with_trigger.py for tasks to queue
[2023-11-07T19:37:24.705+0000] {logging_mixin.py:154} INFO - [2023-11-07T19:37:24.704+0000] {dagbag.py:536} INFO - Filling up the DagBag from /usr/local/lib/python3.10/dist-packages/airflow/example_dags/example_latest_only_with_trigger.py
[2023-11-07T19:37:24.712+0000] {processor.py:839} INFO - DAG(s) dict_keys(['latest_only_with_trigger']) retrieved from /usr/local/lib/python3.10/dist-packages/airflow/example_dags/example_latest_only_with_trigger.py
[2023-11-07T19:37:24.731+0000] {logging_mixin.py:154} INFO - [2023-11-07T19:37:24.731+0000] {dag.py:2941} INFO - Sync 1 DAGs
[2023-11-07T19:37:24.758+0000] {logging_mixin.py:154} INFO - [2023-11-07T19:37:24.757+0000] {dag.py:3722} INFO - Setting next_dagrun for latest_only_with_trigger to 2023-11-07T15:37:24.756505+00:00, run_after=2023-11-07T19:37:24.756505+00:00
[2023-11-07T19:37:24.805+0000] {processor.py:179} INFO - Processing /usr/local/lib/python3.10/dist-packages/airflow/example_dags/example_latest_only_with_trigger.py took 0.106 seconds
[2023-11-07T19:38:11.636+0000] {processor.py:157} INFO - Started process (PID=3957) to work on /usr/local/lib/python3.10/dist-packages/airflow/example_dags/example_latest_only_with_trigger.py
[2023-11-07T19:38:11.637+0000] {processor.py:829} INFO - Processing file /usr/local/lib/python3.10/dist-packages/airflow/example_dags/example_latest_only_with_trigger.py for tasks to queue
[2023-11-07T19:38:11.638+0000] {logging_mixin.py:154} INFO - [2023-11-07T19:38:11.638+0000] {dagbag.py:536} INFO - Filling up the DagBag from /usr/local/lib/python3.10/dist-packages/airflow/example_dags/example_latest_only_with_trigger.py
[2023-11-07T19:38:11.646+0000] {processor.py:839} INFO - DAG(s) dict_keys(['latest_only_with_trigger']) retrieved from /usr/local/lib/python3.10/dist-packages/airflow/example_dags/example_latest_only_with_trigger.py
[2023-11-07T19:38:11.664+0000] {logging_mixin.py:154} INFO - [2023-11-07T19:38:11.664+0000] {dag.py:2941} INFO - Sync 1 DAGs
[2023-11-07T19:38:11.683+0000] {logging_mixin.py:154} INFO - [2023-11-07T19:38:11.683+0000] {dag.py:3722} INFO - Setting next_dagrun for latest_only_with_trigger to 2023-11-07T15:38:11.683174+00:00, run_after=2023-11-07T19:38:11.683174+00:00
[2023-11-07T19:38:11.705+0000] {processor.py:179} INFO - Processing /usr/local/lib/python3.10/dist-packages/airflow/example_dags/example_latest_only_with_trigger.py took 0.072 seconds
[2023-11-07T19:39:00.538+0000] {processor.py:157} INFO - Started process (PID=4007) to work on /usr/local/lib/python3.10/dist-packages/airflow/example_dags/example_latest_only_with_trigger.py
[2023-11-07T19:39:00.539+0000] {processor.py:829} INFO - Processing file /usr/local/lib/python3.10/dist-packages/airflow/example_dags/example_latest_only_with_trigger.py for tasks to queue
[2023-11-07T19:39:00.540+0000] {logging_mixin.py:154} INFO - [2023-11-07T19:39:00.540+0000] {dagbag.py:536} INFO - Filling up the DagBag from /usr/local/lib/python3.10/dist-packages/airflow/example_dags/example_latest_only_with_trigger.py
[2023-11-07T19:39:00.558+0000] {processor.py:839} INFO - DAG(s) dict_keys(['latest_only_with_trigger']) retrieved from /usr/local/lib/python3.10/dist-packages/airflow/example_dags/example_latest_only_with_trigger.py
[2023-11-07T19:39:00.575+0000] {logging_mixin.py:154} INFO - [2023-11-07T19:39:00.574+0000] {dag.py:2941} INFO - Sync 1 DAGs
[2023-11-07T19:39:00.594+0000] {logging_mixin.py:154} INFO - [2023-11-07T19:39:00.594+0000] {dag.py:3722} INFO - Setting next_dagrun for latest_only_with_trigger to 2023-11-07T15:39:00.594117+00:00, run_after=2023-11-07T19:39:00.594117+00:00
[2023-11-07T19:39:00.615+0000] {processor.py:179} INFO - Processing /usr/local/lib/python3.10/dist-packages/airflow/example_dags/example_latest_only_with_trigger.py took 0.085 seconds
[2023-11-07T19:39:44.821+0000] {processor.py:157} INFO - Started process (PID=4053) to work on /usr/local/lib/python3.10/dist-packages/airflow/example_dags/example_latest_only_with_trigger.py
[2023-11-07T19:39:44.823+0000] {processor.py:829} INFO - Processing file /usr/local/lib/python3.10/dist-packages/airflow/example_dags/example_latest_only_with_trigger.py for tasks to queue
[2023-11-07T19:39:44.823+0000] {logging_mixin.py:154} INFO - [2023-11-07T19:39:44.823+0000] {dagbag.py:536} INFO - Filling up the DagBag from /usr/local/lib/python3.10/dist-packages/airflow/example_dags/example_latest_only_with_trigger.py
[2023-11-07T19:39:44.831+0000] {processor.py:839} INFO - DAG(s) dict_keys(['latest_only_with_trigger']) retrieved from /usr/local/lib/python3.10/dist-packages/airflow/example_dags/example_latest_only_with_trigger.py
[2023-11-07T19:39:44.848+0000] {logging_mixin.py:154} INFO - [2023-11-07T19:39:44.848+0000] {dag.py:2941} INFO - Sync 1 DAGs
[2023-11-07T19:39:44.870+0000] {logging_mixin.py:154} INFO - [2023-11-07T19:39:44.870+0000] {dag.py:3722} INFO - Setting next_dagrun for latest_only_with_trigger to 2023-11-07T15:39:44.869912+00:00, run_after=2023-11-07T19:39:44.869912+00:00
[2023-11-07T19:39:44.896+0000] {processor.py:179} INFO - Processing /usr/local/lib/python3.10/dist-packages/airflow/example_dags/example_latest_only_with_trigger.py took 0.080 seconds
[2023-11-07T19:40:37.812+0000] {processor.py:157} INFO - Started process (PID=4107) to work on /usr/local/lib/python3.10/dist-packages/airflow/example_dags/example_latest_only_with_trigger.py
[2023-11-07T19:40:37.816+0000] {processor.py:829} INFO - Processing file /usr/local/lib/python3.10/dist-packages/airflow/example_dags/example_latest_only_with_trigger.py for tasks to queue
[2023-11-07T19:40:37.817+0000] {logging_mixin.py:154} INFO - [2023-11-07T19:40:37.817+0000] {dagbag.py:536} INFO - Filling up the DagBag from /usr/local/lib/python3.10/dist-packages/airflow/example_dags/example_latest_only_with_trigger.py
[2023-11-07T19:40:37.828+0000] {processor.py:839} INFO - DAG(s) dict_keys(['latest_only_with_trigger']) retrieved from /usr/local/lib/python3.10/dist-packages/airflow/example_dags/example_latest_only_with_trigger.py
[2023-11-07T19:40:37.854+0000] {logging_mixin.py:154} INFO - [2023-11-07T19:40:37.854+0000] {dag.py:2941} INFO - Sync 1 DAGs
[2023-11-07T19:40:37.878+0000] {logging_mixin.py:154} INFO - [2023-11-07T19:40:37.878+0000] {dag.py:3722} INFO - Setting next_dagrun for latest_only_with_trigger to 2023-11-07T15:40:37.878447+00:00, run_after=2023-11-07T19:40:37.878447+00:00
[2023-11-07T19:40:37.903+0000] {processor.py:179} INFO - Processing /usr/local/lib/python3.10/dist-packages/airflow/example_dags/example_latest_only_with_trigger.py took 0.096 seconds
[2023-11-07T19:41:27.421+0000] {processor.py:157} INFO - Started process (PID=4159) to work on /usr/local/lib/python3.10/dist-packages/airflow/example_dags/example_latest_only_with_trigger.py
[2023-11-07T19:41:27.423+0000] {processor.py:829} INFO - Processing file /usr/local/lib/python3.10/dist-packages/airflow/example_dags/example_latest_only_with_trigger.py for tasks to queue
[2023-11-07T19:41:27.424+0000] {logging_mixin.py:154} INFO - [2023-11-07T19:41:27.423+0000] {dagbag.py:536} INFO - Filling up the DagBag from /usr/local/lib/python3.10/dist-packages/airflow/example_dags/example_latest_only_with_trigger.py
[2023-11-07T19:41:27.432+0000] {processor.py:839} INFO - DAG(s) dict_keys(['latest_only_with_trigger']) retrieved from /usr/local/lib/python3.10/dist-packages/airflow/example_dags/example_latest_only_with_trigger.py
[2023-11-07T19:41:27.450+0000] {logging_mixin.py:154} INFO - [2023-11-07T19:41:27.450+0000] {dag.py:2941} INFO - Sync 1 DAGs
[2023-11-07T19:41:27.474+0000] {logging_mixin.py:154} INFO - [2023-11-07T19:41:27.473+0000] {dag.py:3722} INFO - Setting next_dagrun for latest_only_with_trigger to 2023-11-07T15:41:27.473617+00:00, run_after=2023-11-07T19:41:27.473617+00:00
[2023-11-07T19:41:27.504+0000] {processor.py:179} INFO - Processing /usr/local/lib/python3.10/dist-packages/airflow/example_dags/example_latest_only_with_trigger.py took 0.087 seconds
[2023-11-07T19:42:15.646+0000] {processor.py:157} INFO - Started process (PID=4208) to work on /usr/local/lib/python3.10/dist-packages/airflow/example_dags/example_latest_only_with_trigger.py
[2023-11-07T19:42:15.648+0000] {processor.py:829} INFO - Processing file /usr/local/lib/python3.10/dist-packages/airflow/example_dags/example_latest_only_with_trigger.py for tasks to queue
[2023-11-07T19:42:15.649+0000] {logging_mixin.py:154} INFO - [2023-11-07T19:42:15.648+0000] {dagbag.py:536} INFO - Filling up the DagBag from /usr/local/lib/python3.10/dist-packages/airflow/example_dags/example_latest_only_with_trigger.py
[2023-11-07T19:42:15.656+0000] {processor.py:839} INFO - DAG(s) dict_keys(['latest_only_with_trigger']) retrieved from /usr/local/lib/python3.10/dist-packages/airflow/example_dags/example_latest_only_with_trigger.py
[2023-11-07T19:42:15.674+0000] {logging_mixin.py:154} INFO - [2023-11-07T19:42:15.674+0000] {dag.py:2941} INFO - Sync 1 DAGs
[2023-11-07T19:42:15.701+0000] {logging_mixin.py:154} INFO - [2023-11-07T19:42:15.700+0000] {dag.py:3722} INFO - Setting next_dagrun for latest_only_with_trigger to 2023-11-07T15:42:15.700601+00:00, run_after=2023-11-07T19:42:15.700601+00:00
[2023-11-07T19:42:15.725+0000] {processor.py:179} INFO - Processing /usr/local/lib/python3.10/dist-packages/airflow/example_dags/example_latest_only_with_trigger.py took 0.082 seconds
[2023-11-07T19:43:04.255+0000] {processor.py:157} INFO - Started process (PID=4258) to work on /usr/local/lib/python3.10/dist-packages/airflow/example_dags/example_latest_only_with_trigger.py
[2023-11-07T19:43:04.257+0000] {processor.py:829} INFO - Processing file /usr/local/lib/python3.10/dist-packages/airflow/example_dags/example_latest_only_with_trigger.py for tasks to queue
[2023-11-07T19:43:04.258+0000] {logging_mixin.py:154} INFO - [2023-11-07T19:43:04.257+0000] {dagbag.py:536} INFO - Filling up the DagBag from /usr/local/lib/python3.10/dist-packages/airflow/example_dags/example_latest_only_with_trigger.py
[2023-11-07T19:43:04.264+0000] {processor.py:839} INFO - DAG(s) dict_keys(['latest_only_with_trigger']) retrieved from /usr/local/lib/python3.10/dist-packages/airflow/example_dags/example_latest_only_with_trigger.py
[2023-11-07T19:43:04.283+0000] {logging_mixin.py:154} INFO - [2023-11-07T19:43:04.283+0000] {dag.py:2941} INFO - Sync 1 DAGs
[2023-11-07T19:43:04.307+0000] {logging_mixin.py:154} INFO - [2023-11-07T19:43:04.307+0000] {dag.py:3722} INFO - Setting next_dagrun for latest_only_with_trigger to 2023-11-07T15:43:04.306769+00:00, run_after=2023-11-07T19:43:04.306769+00:00
[2023-11-07T19:43:04.337+0000] {processor.py:179} INFO - Processing /usr/local/lib/python3.10/dist-packages/airflow/example_dags/example_latest_only_with_trigger.py took 0.086 seconds
[2023-11-07T19:43:54.789+0000] {processor.py:157} INFO - Started process (PID=4310) to work on /usr/local/lib/python3.10/dist-packages/airflow/example_dags/example_latest_only_with_trigger.py
[2023-11-07T19:43:54.790+0000] {processor.py:829} INFO - Processing file /usr/local/lib/python3.10/dist-packages/airflow/example_dags/example_latest_only_with_trigger.py for tasks to queue
[2023-11-07T19:43:54.791+0000] {logging_mixin.py:154} INFO - [2023-11-07T19:43:54.791+0000] {dagbag.py:536} INFO - Filling up the DagBag from /usr/local/lib/python3.10/dist-packages/airflow/example_dags/example_latest_only_with_trigger.py
[2023-11-07T19:43:54.800+0000] {processor.py:839} INFO - DAG(s) dict_keys(['latest_only_with_trigger']) retrieved from /usr/local/lib/python3.10/dist-packages/airflow/example_dags/example_latest_only_with_trigger.py
[2023-11-07T19:43:54.819+0000] {logging_mixin.py:154} INFO - [2023-11-07T19:43:54.819+0000] {dag.py:2941} INFO - Sync 1 DAGs
[2023-11-07T19:43:54.858+0000] {logging_mixin.py:154} INFO - [2023-11-07T19:43:54.858+0000] {dag.py:3722} INFO - Setting next_dagrun for latest_only_with_trigger to 2023-11-07T15:43:54.857821+00:00, run_after=2023-11-07T19:43:54.857821+00:00
[2023-11-07T19:43:54.885+0000] {processor.py:179} INFO - Processing /usr/local/lib/python3.10/dist-packages/airflow/example_dags/example_latest_only_with_trigger.py took 0.100 seconds
[2023-11-07T19:44:46.545+0000] {processor.py:157} INFO - Started process (PID=4361) to work on /usr/local/lib/python3.10/dist-packages/airflow/example_dags/example_latest_only_with_trigger.py
[2023-11-07T19:44:46.549+0000] {processor.py:829} INFO - Processing file /usr/local/lib/python3.10/dist-packages/airflow/example_dags/example_latest_only_with_trigger.py for tasks to queue
[2023-11-07T19:44:46.549+0000] {logging_mixin.py:154} INFO - [2023-11-07T19:44:46.549+0000] {dagbag.py:536} INFO - Filling up the DagBag from /usr/local/lib/python3.10/dist-packages/airflow/example_dags/example_latest_only_with_trigger.py
[2023-11-07T19:44:46.562+0000] {processor.py:839} INFO - DAG(s) dict_keys(['latest_only_with_trigger']) retrieved from /usr/local/lib/python3.10/dist-packages/airflow/example_dags/example_latest_only_with_trigger.py
[2023-11-07T19:44:46.578+0000] {logging_mixin.py:154} INFO - [2023-11-07T19:44:46.578+0000] {dag.py:2941} INFO - Sync 1 DAGs
[2023-11-07T19:44:46.599+0000] {logging_mixin.py:154} INFO - [2023-11-07T19:44:46.599+0000] {dag.py:3722} INFO - Setting next_dagrun for latest_only_with_trigger to 2023-11-07T15:44:46.598938+00:00, run_after=2023-11-07T19:44:46.598938+00:00
[2023-11-07T19:44:46.624+0000] {processor.py:179} INFO - Processing /usr/local/lib/python3.10/dist-packages/airflow/example_dags/example_latest_only_with_trigger.py took 0.087 seconds
[2023-11-07T19:45:40.994+0000] {processor.py:157} INFO - Started process (PID=4415) to work on /usr/local/lib/python3.10/dist-packages/airflow/example_dags/example_latest_only_with_trigger.py
[2023-11-07T19:45:40.997+0000] {processor.py:829} INFO - Processing file /usr/local/lib/python3.10/dist-packages/airflow/example_dags/example_latest_only_with_trigger.py for tasks to queue
[2023-11-07T19:45:40.998+0000] {logging_mixin.py:154} INFO - [2023-11-07T19:45:40.998+0000] {dagbag.py:536} INFO - Filling up the DagBag from /usr/local/lib/python3.10/dist-packages/airflow/example_dags/example_latest_only_with_trigger.py
[2023-11-07T19:45:41.018+0000] {processor.py:839} INFO - DAG(s) dict_keys(['latest_only_with_trigger']) retrieved from /usr/local/lib/python3.10/dist-packages/airflow/example_dags/example_latest_only_with_trigger.py
[2023-11-07T19:45:41.036+0000] {logging_mixin.py:154} INFO - [2023-11-07T19:45:41.036+0000] {dag.py:2941} INFO - Sync 1 DAGs
[2023-11-07T19:45:41.063+0000] {logging_mixin.py:154} INFO - [2023-11-07T19:45:41.063+0000] {dag.py:3722} INFO - Setting next_dagrun for latest_only_with_trigger to 2023-11-07T15:45:41.061710+00:00, run_after=2023-11-07T19:45:41.061710+00:00
[2023-11-07T19:45:41.105+0000] {processor.py:179} INFO - Processing /usr/local/lib/python3.10/dist-packages/airflow/example_dags/example_latest_only_with_trigger.py took 0.120 seconds
[2023-11-07T19:46:32.870+0000] {processor.py:157} INFO - Started process (PID=4468) to work on /usr/local/lib/python3.10/dist-packages/airflow/example_dags/example_latest_only_with_trigger.py
[2023-11-07T19:46:32.871+0000] {processor.py:829} INFO - Processing file /usr/local/lib/python3.10/dist-packages/airflow/example_dags/example_latest_only_with_trigger.py for tasks to queue
[2023-11-07T19:46:32.872+0000] {logging_mixin.py:154} INFO - [2023-11-07T19:46:32.872+0000] {dagbag.py:536} INFO - Filling up the DagBag from /usr/local/lib/python3.10/dist-packages/airflow/example_dags/example_latest_only_with_trigger.py
[2023-11-07T19:46:32.879+0000] {processor.py:839} INFO - DAG(s) dict_keys(['latest_only_with_trigger']) retrieved from /usr/local/lib/python3.10/dist-packages/airflow/example_dags/example_latest_only_with_trigger.py
[2023-11-07T19:46:32.895+0000] {logging_mixin.py:154} INFO - [2023-11-07T19:46:32.895+0000] {dag.py:2941} INFO - Sync 1 DAGs
[2023-11-07T19:46:32.951+0000] {logging_mixin.py:154} INFO - [2023-11-07T19:46:32.951+0000] {dag.py:3722} INFO - Setting next_dagrun for latest_only_with_trigger to 2023-11-07T15:46:32.951374+00:00, run_after=2023-11-07T19:46:32.951374+00:00
[2023-11-07T19:46:32.983+0000] {processor.py:179} INFO - Processing /usr/local/lib/python3.10/dist-packages/airflow/example_dags/example_latest_only_with_trigger.py took 0.116 seconds
[2023-11-07T19:47:26.800+0000] {processor.py:157} INFO - Started process (PID=4521) to work on /usr/local/lib/python3.10/dist-packages/airflow/example_dags/example_latest_only_with_trigger.py
[2023-11-07T19:47:26.802+0000] {processor.py:829} INFO - Processing file /usr/local/lib/python3.10/dist-packages/airflow/example_dags/example_latest_only_with_trigger.py for tasks to queue
[2023-11-07T19:47:26.802+0000] {logging_mixin.py:154} INFO - [2023-11-07T19:47:26.802+0000] {dagbag.py:536} INFO - Filling up the DagBag from /usr/local/lib/python3.10/dist-packages/airflow/example_dags/example_latest_only_with_trigger.py
[2023-11-07T19:47:26.810+0000] {processor.py:839} INFO - DAG(s) dict_keys(['latest_only_with_trigger']) retrieved from /usr/local/lib/python3.10/dist-packages/airflow/example_dags/example_latest_only_with_trigger.py
[2023-11-07T19:47:26.830+0000] {logging_mixin.py:154} INFO - [2023-11-07T19:47:26.830+0000] {dag.py:2941} INFO - Sync 1 DAGs
[2023-11-07T19:47:26.852+0000] {logging_mixin.py:154} INFO - [2023-11-07T19:47:26.852+0000] {dag.py:3722} INFO - Setting next_dagrun for latest_only_with_trigger to 2023-11-07T15:47:26.852001+00:00, run_after=2023-11-07T19:47:26.852001+00:00
[2023-11-07T19:47:26.886+0000] {processor.py:179} INFO - Processing /usr/local/lib/python3.10/dist-packages/airflow/example_dags/example_latest_only_with_trigger.py took 0.089 seconds
[2023-11-07T19:48:15.439+0000] {processor.py:157} INFO - Started process (PID=4571) to work on /usr/local/lib/python3.10/dist-packages/airflow/example_dags/example_latest_only_with_trigger.py
[2023-11-07T19:48:15.440+0000] {processor.py:829} INFO - Processing file /usr/local/lib/python3.10/dist-packages/airflow/example_dags/example_latest_only_with_trigger.py for tasks to queue
[2023-11-07T19:48:15.441+0000] {logging_mixin.py:154} INFO - [2023-11-07T19:48:15.441+0000] {dagbag.py:536} INFO - Filling up the DagBag from /usr/local/lib/python3.10/dist-packages/airflow/example_dags/example_latest_only_with_trigger.py
[2023-11-07T19:48:15.449+0000] {processor.py:839} INFO - DAG(s) dict_keys(['latest_only_with_trigger']) retrieved from /usr/local/lib/python3.10/dist-packages/airflow/example_dags/example_latest_only_with_trigger.py
[2023-11-07T19:48:15.467+0000] {logging_mixin.py:154} INFO - [2023-11-07T19:48:15.467+0000] {dag.py:2941} INFO - Sync 1 DAGs
[2023-11-07T19:48:15.490+0000] {logging_mixin.py:154} INFO - [2023-11-07T19:48:15.489+0000] {dag.py:3722} INFO - Setting next_dagrun for latest_only_with_trigger to 2023-11-07T15:48:15.489242+00:00, run_after=2023-11-07T19:48:15.489242+00:00
[2023-11-07T19:48:15.515+0000] {processor.py:179} INFO - Processing /usr/local/lib/python3.10/dist-packages/airflow/example_dags/example_latest_only_with_trigger.py took 0.078 seconds
[2023-11-07T19:49:05.507+0000] {processor.py:157} INFO - Started process (PID=4623) to work on /usr/local/lib/python3.10/dist-packages/airflow/example_dags/example_latest_only_with_trigger.py
[2023-11-07T19:49:05.508+0000] {processor.py:829} INFO - Processing file /usr/local/lib/python3.10/dist-packages/airflow/example_dags/example_latest_only_with_trigger.py for tasks to queue
[2023-11-07T19:49:05.509+0000] {logging_mixin.py:154} INFO - [2023-11-07T19:49:05.508+0000] {dagbag.py:536} INFO - Filling up the DagBag from /usr/local/lib/python3.10/dist-packages/airflow/example_dags/example_latest_only_with_trigger.py
[2023-11-07T19:49:05.516+0000] {processor.py:839} INFO - DAG(s) dict_keys(['latest_only_with_trigger']) retrieved from /usr/local/lib/python3.10/dist-packages/airflow/example_dags/example_latest_only_with_trigger.py
[2023-11-07T19:49:05.535+0000] {logging_mixin.py:154} INFO - [2023-11-07T19:49:05.534+0000] {dag.py:2941} INFO - Sync 1 DAGs
[2023-11-07T19:49:05.553+0000] {logging_mixin.py:154} INFO - [2023-11-07T19:49:05.553+0000] {dag.py:3722} INFO - Setting next_dagrun for latest_only_with_trigger to 2023-11-07T15:49:05.553436+00:00, run_after=2023-11-07T19:49:05.553436+00:00
[2023-11-07T19:49:05.581+0000] {processor.py:179} INFO - Processing /usr/local/lib/python3.10/dist-packages/airflow/example_dags/example_latest_only_with_trigger.py took 0.077 seconds
[2023-11-07T19:49:51.146+0000] {processor.py:157} INFO - Started process (PID=4671) to work on /usr/local/lib/python3.10/dist-packages/airflow/example_dags/example_latest_only_with_trigger.py
[2023-11-07T19:49:51.148+0000] {processor.py:829} INFO - Processing file /usr/local/lib/python3.10/dist-packages/airflow/example_dags/example_latest_only_with_trigger.py for tasks to queue
[2023-11-07T19:49:51.149+0000] {logging_mixin.py:154} INFO - [2023-11-07T19:49:51.148+0000] {dagbag.py:536} INFO - Filling up the DagBag from /usr/local/lib/python3.10/dist-packages/airflow/example_dags/example_latest_only_with_trigger.py
[2023-11-07T19:49:51.159+0000] {processor.py:839} INFO - DAG(s) dict_keys(['latest_only_with_trigger']) retrieved from /usr/local/lib/python3.10/dist-packages/airflow/example_dags/example_latest_only_with_trigger.py
[2023-11-07T19:49:51.183+0000] {logging_mixin.py:154} INFO - [2023-11-07T19:49:51.183+0000] {dag.py:2941} INFO - Sync 1 DAGs
[2023-11-07T19:49:51.202+0000] {logging_mixin.py:154} INFO - [2023-11-07T19:49:51.202+0000] {dag.py:3722} INFO - Setting next_dagrun for latest_only_with_trigger to 2023-11-07T15:49:51.201903+00:00, run_after=2023-11-07T19:49:51.201903+00:00
[2023-11-07T19:49:51.225+0000] {processor.py:179} INFO - Processing /usr/local/lib/python3.10/dist-packages/airflow/example_dags/example_latest_only_with_trigger.py took 0.083 seconds
[2023-11-07T19:50:40.376+0000] {processor.py:157} INFO - Started process (PID=4722) to work on /usr/local/lib/python3.10/dist-packages/airflow/example_dags/example_latest_only_with_trigger.py
[2023-11-07T19:50:40.377+0000] {processor.py:829} INFO - Processing file /usr/local/lib/python3.10/dist-packages/airflow/example_dags/example_latest_only_with_trigger.py for tasks to queue
[2023-11-07T19:50:40.378+0000] {logging_mixin.py:154} INFO - [2023-11-07T19:50:40.378+0000] {dagbag.py:536} INFO - Filling up the DagBag from /usr/local/lib/python3.10/dist-packages/airflow/example_dags/example_latest_only_with_trigger.py
[2023-11-07T19:50:40.387+0000] {processor.py:839} INFO - DAG(s) dict_keys(['latest_only_with_trigger']) retrieved from /usr/local/lib/python3.10/dist-packages/airflow/example_dags/example_latest_only_with_trigger.py
[2023-11-07T19:50:40.408+0000] {logging_mixin.py:154} INFO - [2023-11-07T19:50:40.408+0000] {dag.py:2941} INFO - Sync 1 DAGs
[2023-11-07T19:50:40.434+0000] {logging_mixin.py:154} INFO - [2023-11-07T19:50:40.434+0000] {dag.py:3722} INFO - Setting next_dagrun for latest_only_with_trigger to 2023-11-07T15:50:40.434336+00:00, run_after=2023-11-07T19:50:40.434336+00:00
[2023-11-07T19:50:40.482+0000] {processor.py:179} INFO - Processing /usr/local/lib/python3.10/dist-packages/airflow/example_dags/example_latest_only_with_trigger.py took 0.110 seconds
[2023-11-07T19:51:31.305+0000] {processor.py:157} INFO - Started process (PID=4774) to work on /usr/local/lib/python3.10/dist-packages/airflow/example_dags/example_latest_only_with_trigger.py
[2023-11-07T19:51:31.306+0000] {processor.py:829} INFO - Processing file /usr/local/lib/python3.10/dist-packages/airflow/example_dags/example_latest_only_with_trigger.py for tasks to queue
[2023-11-07T19:51:31.307+0000] {logging_mixin.py:154} INFO - [2023-11-07T19:51:31.307+0000] {dagbag.py:536} INFO - Filling up the DagBag from /usr/local/lib/python3.10/dist-packages/airflow/example_dags/example_latest_only_with_trigger.py
[2023-11-07T19:51:31.314+0000] {processor.py:839} INFO - DAG(s) dict_keys(['latest_only_with_trigger']) retrieved from /usr/local/lib/python3.10/dist-packages/airflow/example_dags/example_latest_only_with_trigger.py
[2023-11-07T19:51:31.332+0000] {logging_mixin.py:154} INFO - [2023-11-07T19:51:31.331+0000] {dag.py:2941} INFO - Sync 1 DAGs
[2023-11-07T19:51:31.354+0000] {logging_mixin.py:154} INFO - [2023-11-07T19:51:31.353+0000] {dag.py:3722} INFO - Setting next_dagrun for latest_only_with_trigger to 2023-11-07T15:51:31.353703+00:00, run_after=2023-11-07T19:51:31.353703+00:00
[2023-11-07T19:51:31.376+0000] {processor.py:179} INFO - Processing /usr/local/lib/python3.10/dist-packages/airflow/example_dags/example_latest_only_with_trigger.py took 0.074 seconds
[2023-11-07T19:52:24.086+0000] {processor.py:157} INFO - Started process (PID=4827) to work on /usr/local/lib/python3.10/dist-packages/airflow/example_dags/example_latest_only_with_trigger.py
[2023-11-07T19:52:24.087+0000] {processor.py:829} INFO - Processing file /usr/local/lib/python3.10/dist-packages/airflow/example_dags/example_latest_only_with_trigger.py for tasks to queue
[2023-11-07T19:52:24.088+0000] {logging_mixin.py:154} INFO - [2023-11-07T19:52:24.088+0000] {dagbag.py:536} INFO - Filling up the DagBag from /usr/local/lib/python3.10/dist-packages/airflow/example_dags/example_latest_only_with_trigger.py
[2023-11-07T19:52:24.095+0000] {processor.py:839} INFO - DAG(s) dict_keys(['latest_only_with_trigger']) retrieved from /usr/local/lib/python3.10/dist-packages/airflow/example_dags/example_latest_only_with_trigger.py
[2023-11-07T19:52:24.114+0000] {logging_mixin.py:154} INFO - [2023-11-07T19:52:24.113+0000] {dag.py:2941} INFO - Sync 1 DAGs
[2023-11-07T19:52:24.136+0000] {logging_mixin.py:154} INFO - [2023-11-07T19:52:24.136+0000] {dag.py:3722} INFO - Setting next_dagrun for latest_only_with_trigger to 2023-11-07T15:52:24.136413+00:00, run_after=2023-11-07T19:52:24.136413+00:00
[2023-11-07T19:52:24.158+0000] {processor.py:179} INFO - Processing /usr/local/lib/python3.10/dist-packages/airflow/example_dags/example_latest_only_with_trigger.py took 0.076 seconds
[2023-11-07T19:53:16.390+0000] {processor.py:157} INFO - Started process (PID=4880) to work on /usr/local/lib/python3.10/dist-packages/airflow/example_dags/example_latest_only_with_trigger.py
[2023-11-07T19:53:16.392+0000] {processor.py:829} INFO - Processing file /usr/local/lib/python3.10/dist-packages/airflow/example_dags/example_latest_only_with_trigger.py for tasks to queue
[2023-11-07T19:53:16.394+0000] {logging_mixin.py:154} INFO - [2023-11-07T19:53:16.394+0000] {dagbag.py:536} INFO - Filling up the DagBag from /usr/local/lib/python3.10/dist-packages/airflow/example_dags/example_latest_only_with_trigger.py
[2023-11-07T19:53:16.402+0000] {processor.py:839} INFO - DAG(s) dict_keys(['latest_only_with_trigger']) retrieved from /usr/local/lib/python3.10/dist-packages/airflow/example_dags/example_latest_only_with_trigger.py
[2023-11-07T19:53:16.419+0000] {logging_mixin.py:154} INFO - [2023-11-07T19:53:16.418+0000] {dag.py:2941} INFO - Sync 1 DAGs
[2023-11-07T19:53:16.438+0000] {logging_mixin.py:154} INFO - [2023-11-07T19:53:16.438+0000] {dag.py:3722} INFO - Setting next_dagrun for latest_only_with_trigger to 2023-11-07T15:53:16.438227+00:00, run_after=2023-11-07T19:53:16.438227+00:00
[2023-11-07T19:53:16.462+0000] {processor.py:179} INFO - Processing /usr/local/lib/python3.10/dist-packages/airflow/example_dags/example_latest_only_with_trigger.py took 0.075 seconds
[2023-11-07T19:54:09.095+0000] {processor.py:157} INFO - Started process (PID=4933) to work on /usr/local/lib/python3.10/dist-packages/airflow/example_dags/example_latest_only_with_trigger.py
[2023-11-07T19:54:09.096+0000] {processor.py:829} INFO - Processing file /usr/local/lib/python3.10/dist-packages/airflow/example_dags/example_latest_only_with_trigger.py for tasks to queue
[2023-11-07T19:54:09.097+0000] {logging_mixin.py:154} INFO - [2023-11-07T19:54:09.097+0000] {dagbag.py:536} INFO - Filling up the DagBag from /usr/local/lib/python3.10/dist-packages/airflow/example_dags/example_latest_only_with_trigger.py
[2023-11-07T19:54:09.106+0000] {processor.py:839} INFO - DAG(s) dict_keys(['latest_only_with_trigger']) retrieved from /usr/local/lib/python3.10/dist-packages/airflow/example_dags/example_latest_only_with_trigger.py
[2023-11-07T19:54:09.153+0000] {logging_mixin.py:154} INFO - [2023-11-07T19:54:09.149+0000] {dag.py:2941} INFO - Sync 1 DAGs
[2023-11-07T19:54:09.189+0000] {logging_mixin.py:154} INFO - [2023-11-07T19:54:09.189+0000] {dag.py:3722} INFO - Setting next_dagrun for latest_only_with_trigger to 2023-11-07T15:54:09.189514+00:00, run_after=2023-11-07T19:54:09.189514+00:00
[2023-11-07T19:54:09.242+0000] {processor.py:179} INFO - Processing /usr/local/lib/python3.10/dist-packages/airflow/example_dags/example_latest_only_with_trigger.py took 0.151 seconds
[2023-11-07T19:55:01.554+0000] {processor.py:157} INFO - Started process (PID=4985) to work on /usr/local/lib/python3.10/dist-packages/airflow/example_dags/example_latest_only_with_trigger.py
[2023-11-07T19:55:01.557+0000] {processor.py:829} INFO - Processing file /usr/local/lib/python3.10/dist-packages/airflow/example_dags/example_latest_only_with_trigger.py for tasks to queue
[2023-11-07T19:55:01.558+0000] {logging_mixin.py:154} INFO - [2023-11-07T19:55:01.557+0000] {dagbag.py:536} INFO - Filling up the DagBag from /usr/local/lib/python3.10/dist-packages/airflow/example_dags/example_latest_only_with_trigger.py
[2023-11-07T19:55:01.566+0000] {processor.py:839} INFO - DAG(s) dict_keys(['latest_only_with_trigger']) retrieved from /usr/local/lib/python3.10/dist-packages/airflow/example_dags/example_latest_only_with_trigger.py
[2023-11-07T19:55:01.595+0000] {logging_mixin.py:154} INFO - [2023-11-07T19:55:01.595+0000] {dag.py:2941} INFO - Sync 1 DAGs
[2023-11-07T19:55:01.621+0000] {logging_mixin.py:154} INFO - [2023-11-07T19:55:01.621+0000] {dag.py:3722} INFO - Setting next_dagrun for latest_only_with_trigger to 2023-11-07T15:55:01.620479+00:00, run_after=2023-11-07T19:55:01.620479+00:00
[2023-11-07T19:55:01.667+0000] {processor.py:179} INFO - Processing /usr/local/lib/python3.10/dist-packages/airflow/example_dags/example_latest_only_with_trigger.py took 0.123 seconds
[2023-11-07T19:55:54.732+0000] {processor.py:157} INFO - Started process (PID=5038) to work on /usr/local/lib/python3.10/dist-packages/airflow/example_dags/example_latest_only_with_trigger.py
[2023-11-07T19:55:54.737+0000] {processor.py:829} INFO - Processing file /usr/local/lib/python3.10/dist-packages/airflow/example_dags/example_latest_only_with_trigger.py for tasks to queue
[2023-11-07T19:55:54.738+0000] {logging_mixin.py:154} INFO - [2023-11-07T19:55:54.737+0000] {dagbag.py:536} INFO - Filling up the DagBag from /usr/local/lib/python3.10/dist-packages/airflow/example_dags/example_latest_only_with_trigger.py
[2023-11-07T19:55:54.747+0000] {processor.py:839} INFO - DAG(s) dict_keys(['latest_only_with_trigger']) retrieved from /usr/local/lib/python3.10/dist-packages/airflow/example_dags/example_latest_only_with_trigger.py
[2023-11-07T19:55:54.766+0000] {logging_mixin.py:154} INFO - [2023-11-07T19:55:54.766+0000] {dag.py:2941} INFO - Sync 1 DAGs
[2023-11-07T19:55:54.786+0000] {logging_mixin.py:154} INFO - [2023-11-07T19:55:54.786+0000] {dag.py:3722} INFO - Setting next_dagrun for latest_only_with_trigger to 2023-11-07T15:55:54.785859+00:00, run_after=2023-11-07T19:55:54.785859+00:00
[2023-11-07T19:55:54.817+0000] {processor.py:179} INFO - Processing /usr/local/lib/python3.10/dist-packages/airflow/example_dags/example_latest_only_with_trigger.py took 0.089 seconds
[2023-11-07T19:56:48.686+0000] {processor.py:157} INFO - Started process (PID=5091) to work on /usr/local/lib/python3.10/dist-packages/airflow/example_dags/example_latest_only_with_trigger.py
[2023-11-07T19:56:48.687+0000] {processor.py:829} INFO - Processing file /usr/local/lib/python3.10/dist-packages/airflow/example_dags/example_latest_only_with_trigger.py for tasks to queue
[2023-11-07T19:56:48.688+0000] {logging_mixin.py:154} INFO - [2023-11-07T19:56:48.688+0000] {dagbag.py:536} INFO - Filling up the DagBag from /usr/local/lib/python3.10/dist-packages/airflow/example_dags/example_latest_only_with_trigger.py
[2023-11-07T19:56:48.695+0000] {processor.py:839} INFO - DAG(s) dict_keys(['latest_only_with_trigger']) retrieved from /usr/local/lib/python3.10/dist-packages/airflow/example_dags/example_latest_only_with_trigger.py
[2023-11-07T19:56:48.714+0000] {logging_mixin.py:154} INFO - [2023-11-07T19:56:48.714+0000] {dag.py:2941} INFO - Sync 1 DAGs
[2023-11-07T19:56:48.745+0000] {logging_mixin.py:154} INFO - [2023-11-07T19:56:48.745+0000] {dag.py:3722} INFO - Setting next_dagrun for latest_only_with_trigger to 2023-11-07T15:56:48.744823+00:00, run_after=2023-11-07T19:56:48.744823+00:00
[2023-11-07T19:56:48.773+0000] {processor.py:179} INFO - Processing /usr/local/lib/python3.10/dist-packages/airflow/example_dags/example_latest_only_with_trigger.py took 0.090 seconds
[2023-11-07T19:57:41.277+0000] {processor.py:157} INFO - Started process (PID=5144) to work on /usr/local/lib/python3.10/dist-packages/airflow/example_dags/example_latest_only_with_trigger.py
[2023-11-07T19:57:41.279+0000] {processor.py:829} INFO - Processing file /usr/local/lib/python3.10/dist-packages/airflow/example_dags/example_latest_only_with_trigger.py for tasks to queue
[2023-11-07T19:57:41.280+0000] {logging_mixin.py:154} INFO - [2023-11-07T19:57:41.280+0000] {dagbag.py:536} INFO - Filling up the DagBag from /usr/local/lib/python3.10/dist-packages/airflow/example_dags/example_latest_only_with_trigger.py
[2023-11-07T19:57:41.287+0000] {processor.py:839} INFO - DAG(s) dict_keys(['latest_only_with_trigger']) retrieved from /usr/local/lib/python3.10/dist-packages/airflow/example_dags/example_latest_only_with_trigger.py
[2023-11-07T19:57:41.306+0000] {logging_mixin.py:154} INFO - [2023-11-07T19:57:41.305+0000] {dag.py:2941} INFO - Sync 1 DAGs
[2023-11-07T19:57:41.324+0000] {logging_mixin.py:154} INFO - [2023-11-07T19:57:41.324+0000] {dag.py:3722} INFO - Setting next_dagrun for latest_only_with_trigger to 2023-11-07T15:57:41.324367+00:00, run_after=2023-11-07T19:57:41.324367+00:00
[2023-11-07T19:57:41.349+0000] {processor.py:179} INFO - Processing /usr/local/lib/python3.10/dist-packages/airflow/example_dags/example_latest_only_with_trigger.py took 0.076 seconds
[2023-11-07T19:58:27.777+0000] {processor.py:157} INFO - Started process (PID=5192) to work on /usr/local/lib/python3.10/dist-packages/airflow/example_dags/example_latest_only_with_trigger.py
[2023-11-07T19:58:27.779+0000] {processor.py:829} INFO - Processing file /usr/local/lib/python3.10/dist-packages/airflow/example_dags/example_latest_only_with_trigger.py for tasks to queue
[2023-11-07T19:58:27.780+0000] {logging_mixin.py:154} INFO - [2023-11-07T19:58:27.779+0000] {dagbag.py:536} INFO - Filling up the DagBag from /usr/local/lib/python3.10/dist-packages/airflow/example_dags/example_latest_only_with_trigger.py
[2023-11-07T19:58:27.787+0000] {processor.py:839} INFO - DAG(s) dict_keys(['latest_only_with_trigger']) retrieved from /usr/local/lib/python3.10/dist-packages/airflow/example_dags/example_latest_only_with_trigger.py
[2023-11-07T19:58:27.806+0000] {logging_mixin.py:154} INFO - [2023-11-07T19:58:27.806+0000] {dag.py:2941} INFO - Sync 1 DAGs
[2023-11-07T19:58:27.828+0000] {logging_mixin.py:154} INFO - [2023-11-07T19:58:27.828+0000] {dag.py:3722} INFO - Setting next_dagrun for latest_only_with_trigger to 2023-11-07T15:58:27.827931+00:00, run_after=2023-11-07T19:58:27.827931+00:00
[2023-11-07T19:58:27.853+0000] {processor.py:179} INFO - Processing /usr/local/lib/python3.10/dist-packages/airflow/example_dags/example_latest_only_with_trigger.py took 0.078 seconds
[2023-11-07T19:59:19.545+0000] {processor.py:157} INFO - Started process (PID=5244) to work on /usr/local/lib/python3.10/dist-packages/airflow/example_dags/example_latest_only_with_trigger.py
[2023-11-07T19:59:19.547+0000] {processor.py:829} INFO - Processing file /usr/local/lib/python3.10/dist-packages/airflow/example_dags/example_latest_only_with_trigger.py for tasks to queue
[2023-11-07T19:59:19.548+0000] {logging_mixin.py:154} INFO - [2023-11-07T19:59:19.547+0000] {dagbag.py:536} INFO - Filling up the DagBag from /usr/local/lib/python3.10/dist-packages/airflow/example_dags/example_latest_only_with_trigger.py
[2023-11-07T19:59:19.555+0000] {processor.py:839} INFO - DAG(s) dict_keys(['latest_only_with_trigger']) retrieved from /usr/local/lib/python3.10/dist-packages/airflow/example_dags/example_latest_only_with_trigger.py
[2023-11-07T19:59:19.583+0000] {logging_mixin.py:154} INFO - [2023-11-07T19:59:19.582+0000] {dag.py:2941} INFO - Sync 1 DAGs
[2023-11-07T19:59:19.602+0000] {logging_mixin.py:154} INFO - [2023-11-07T19:59:19.601+0000] {dag.py:3722} INFO - Setting next_dagrun for latest_only_with_trigger to 2023-11-07T15:59:19.601522+00:00, run_after=2023-11-07T19:59:19.601522+00:00
[2023-11-07T19:59:19.626+0000] {processor.py:179} INFO - Processing /usr/local/lib/python3.10/dist-packages/airflow/example_dags/example_latest_only_with_trigger.py took 0.084 seconds
[2023-11-07T20:00:11.445+0000] {processor.py:157} INFO - Started process (PID=5296) to work on /usr/local/lib/python3.10/dist-packages/airflow/example_dags/example_latest_only_with_trigger.py
[2023-11-07T20:00:11.447+0000] {processor.py:829} INFO - Processing file /usr/local/lib/python3.10/dist-packages/airflow/example_dags/example_latest_only_with_trigger.py for tasks to queue
[2023-11-07T20:00:11.449+0000] {logging_mixin.py:154} INFO - [2023-11-07T20:00:11.448+0000] {dagbag.py:536} INFO - Filling up the DagBag from /usr/local/lib/python3.10/dist-packages/airflow/example_dags/example_latest_only_with_trigger.py
[2023-11-07T20:00:11.464+0000] {processor.py:839} INFO - DAG(s) dict_keys(['latest_only_with_trigger']) retrieved from /usr/local/lib/python3.10/dist-packages/airflow/example_dags/example_latest_only_with_trigger.py
[2023-11-07T20:00:11.498+0000] {logging_mixin.py:154} INFO - [2023-11-07T20:00:11.498+0000] {dag.py:2941} INFO - Sync 1 DAGs
[2023-11-07T20:00:11.526+0000] {logging_mixin.py:154} INFO - [2023-11-07T20:00:11.526+0000] {dag.py:3722} INFO - Setting next_dagrun for latest_only_with_trigger to 2023-11-07T16:00:11.526479+00:00, run_after=2023-11-07T20:00:11.526479+00:00
[2023-11-07T20:00:11.557+0000] {processor.py:179} INFO - Processing /usr/local/lib/python3.10/dist-packages/airflow/example_dags/example_latest_only_with_trigger.py took 0.120 seconds
[2023-11-07T20:01:05.947+0000] {processor.py:157} INFO - Started process (PID=5350) to work on /usr/local/lib/python3.10/dist-packages/airflow/example_dags/example_latest_only_with_trigger.py
[2023-11-07T20:01:05.949+0000] {processor.py:829} INFO - Processing file /usr/local/lib/python3.10/dist-packages/airflow/example_dags/example_latest_only_with_trigger.py for tasks to queue
[2023-11-07T20:01:05.950+0000] {logging_mixin.py:154} INFO - [2023-11-07T20:01:05.949+0000] {dagbag.py:536} INFO - Filling up the DagBag from /usr/local/lib/python3.10/dist-packages/airflow/example_dags/example_latest_only_with_trigger.py
[2023-11-07T20:01:05.958+0000] {processor.py:839} INFO - DAG(s) dict_keys(['latest_only_with_trigger']) retrieved from /usr/local/lib/python3.10/dist-packages/airflow/example_dags/example_latest_only_with_trigger.py
[2023-11-07T20:01:05.985+0000] {logging_mixin.py:154} INFO - [2023-11-07T20:01:05.985+0000] {dag.py:2941} INFO - Sync 1 DAGs
[2023-11-07T20:01:06.008+0000] {logging_mixin.py:154} INFO - [2023-11-07T20:01:06.007+0000] {dag.py:3722} INFO - Setting next_dagrun for latest_only_with_trigger to 2023-11-07T16:01:06.007743+00:00, run_after=2023-11-07T20:01:06.007743+00:00
[2023-11-07T20:01:06.041+0000] {processor.py:179} INFO - Processing /usr/local/lib/python3.10/dist-packages/airflow/example_dags/example_latest_only_with_trigger.py took 0.097 seconds
[2023-11-07T20:01:49.960+0000] {processor.py:157} INFO - Started process (PID=5397) to work on /usr/local/lib/python3.10/dist-packages/airflow/example_dags/example_latest_only_with_trigger.py
[2023-11-07T20:01:49.961+0000] {processor.py:829} INFO - Processing file /usr/local/lib/python3.10/dist-packages/airflow/example_dags/example_latest_only_with_trigger.py for tasks to queue
[2023-11-07T20:01:49.962+0000] {logging_mixin.py:154} INFO - [2023-11-07T20:01:49.961+0000] {dagbag.py:536} INFO - Filling up the DagBag from /usr/local/lib/python3.10/dist-packages/airflow/example_dags/example_latest_only_with_trigger.py
[2023-11-07T20:01:49.969+0000] {processor.py:839} INFO - DAG(s) dict_keys(['latest_only_with_trigger']) retrieved from /usr/local/lib/python3.10/dist-packages/airflow/example_dags/example_latest_only_with_trigger.py
[2023-11-07T20:01:49.986+0000] {logging_mixin.py:154} INFO - [2023-11-07T20:01:49.986+0000] {dag.py:2941} INFO - Sync 1 DAGs
[2023-11-07T20:01:50.007+0000] {logging_mixin.py:154} INFO - [2023-11-07T20:01:50.007+0000] {dag.py:3722} INFO - Setting next_dagrun for latest_only_with_trigger to 2023-11-07T16:01:50.006843+00:00, run_after=2023-11-07T20:01:50.006843+00:00
[2023-11-07T20:01:50.028+0000] {processor.py:179} INFO - Processing /usr/local/lib/python3.10/dist-packages/airflow/example_dags/example_latest_only_with_trigger.py took 0.072 seconds
[2023-11-07T20:02:38.821+0000] {processor.py:157} INFO - Started process (PID=5447) to work on /usr/local/lib/python3.10/dist-packages/airflow/example_dags/example_latest_only_with_trigger.py
[2023-11-07T20:02:38.826+0000] {processor.py:829} INFO - Processing file /usr/local/lib/python3.10/dist-packages/airflow/example_dags/example_latest_only_with_trigger.py for tasks to queue
[2023-11-07T20:02:38.826+0000] {logging_mixin.py:154} INFO - [2023-11-07T20:02:38.826+0000] {dagbag.py:536} INFO - Filling up the DagBag from /usr/local/lib/python3.10/dist-packages/airflow/example_dags/example_latest_only_with_trigger.py
[2023-11-07T20:02:38.836+0000] {processor.py:839} INFO - DAG(s) dict_keys(['latest_only_with_trigger']) retrieved from /usr/local/lib/python3.10/dist-packages/airflow/example_dags/example_latest_only_with_trigger.py
[2023-11-07T20:02:38.855+0000] {logging_mixin.py:154} INFO - [2023-11-07T20:02:38.855+0000] {dag.py:2941} INFO - Sync 1 DAGs
[2023-11-07T20:02:38.879+0000] {logging_mixin.py:154} INFO - [2023-11-07T20:02:38.879+0000] {dag.py:3722} INFO - Setting next_dagrun for latest_only_with_trigger to 2023-11-07T16:02:38.879570+00:00, run_after=2023-11-07T20:02:38.879570+00:00
[2023-11-07T20:02:38.914+0000] {processor.py:179} INFO - Processing /usr/local/lib/python3.10/dist-packages/airflow/example_dags/example_latest_only_with_trigger.py took 0.098 seconds
[2023-11-07T20:03:28.125+0000] {processor.py:157} INFO - Started process (PID=5498) to work on /usr/local/lib/python3.10/dist-packages/airflow/example_dags/example_latest_only_with_trigger.py
[2023-11-07T20:03:28.126+0000] {processor.py:829} INFO - Processing file /usr/local/lib/python3.10/dist-packages/airflow/example_dags/example_latest_only_with_trigger.py for tasks to queue
[2023-11-07T20:03:28.127+0000] {logging_mixin.py:154} INFO - [2023-11-07T20:03:28.127+0000] {dagbag.py:536} INFO - Filling up the DagBag from /usr/local/lib/python3.10/dist-packages/airflow/example_dags/example_latest_only_with_trigger.py
[2023-11-07T20:03:28.142+0000] {processor.py:839} INFO - DAG(s) dict_keys(['latest_only_with_trigger']) retrieved from /usr/local/lib/python3.10/dist-packages/airflow/example_dags/example_latest_only_with_trigger.py
[2023-11-07T20:03:28.158+0000] {logging_mixin.py:154} INFO - [2023-11-07T20:03:28.158+0000] {dag.py:2941} INFO - Sync 1 DAGs
[2023-11-07T20:03:28.177+0000] {logging_mixin.py:154} INFO - [2023-11-07T20:03:28.176+0000] {dag.py:3722} INFO - Setting next_dagrun for latest_only_with_trigger to 2023-11-07T16:03:28.176792+00:00, run_after=2023-11-07T20:03:28.176792+00:00
[2023-11-07T20:03:28.196+0000] {processor.py:179} INFO - Processing /usr/local/lib/python3.10/dist-packages/airflow/example_dags/example_latest_only_with_trigger.py took 0.074 seconds
[2023-11-07T20:04:16.188+0000] {processor.py:157} INFO - Started process (PID=5549) to work on /usr/local/lib/python3.10/dist-packages/airflow/example_dags/example_latest_only_with_trigger.py
[2023-11-07T20:04:16.189+0000] {processor.py:829} INFO - Processing file /usr/local/lib/python3.10/dist-packages/airflow/example_dags/example_latest_only_with_trigger.py for tasks to queue
[2023-11-07T20:04:16.190+0000] {logging_mixin.py:154} INFO - [2023-11-07T20:04:16.190+0000] {dagbag.py:536} INFO - Filling up the DagBag from /usr/local/lib/python3.10/dist-packages/airflow/example_dags/example_latest_only_with_trigger.py
[2023-11-07T20:04:16.196+0000] {processor.py:839} INFO - DAG(s) dict_keys(['latest_only_with_trigger']) retrieved from /usr/local/lib/python3.10/dist-packages/airflow/example_dags/example_latest_only_with_trigger.py
[2023-11-07T20:04:16.214+0000] {logging_mixin.py:154} INFO - [2023-11-07T20:04:16.213+0000] {dag.py:2941} INFO - Sync 1 DAGs
[2023-11-07T20:04:16.238+0000] {logging_mixin.py:154} INFO - [2023-11-07T20:04:16.238+0000] {dag.py:3722} INFO - Setting next_dagrun for latest_only_with_trigger to 2023-11-07T16:04:16.238344+00:00, run_after=2023-11-07T20:04:16.238344+00:00
[2023-11-07T20:04:16.296+0000] {processor.py:179} INFO - Processing /usr/local/lib/python3.10/dist-packages/airflow/example_dags/example_latest_only_with_trigger.py took 0.112 seconds
[2023-11-07T20:05:04.345+0000] {processor.py:157} INFO - Started process (PID=5598) to work on /usr/local/lib/python3.10/dist-packages/airflow/example_dags/example_latest_only_with_trigger.py
[2023-11-07T20:05:04.346+0000] {processor.py:829} INFO - Processing file /usr/local/lib/python3.10/dist-packages/airflow/example_dags/example_latest_only_with_trigger.py for tasks to queue
[2023-11-07T20:05:04.346+0000] {logging_mixin.py:154} INFO - [2023-11-07T20:05:04.346+0000] {dagbag.py:536} INFO - Filling up the DagBag from /usr/local/lib/python3.10/dist-packages/airflow/example_dags/example_latest_only_with_trigger.py
[2023-11-07T20:05:04.355+0000] {processor.py:839} INFO - DAG(s) dict_keys(['latest_only_with_trigger']) retrieved from /usr/local/lib/python3.10/dist-packages/airflow/example_dags/example_latest_only_with_trigger.py
[2023-11-07T20:05:04.375+0000] {logging_mixin.py:154} INFO - [2023-11-07T20:05:04.374+0000] {dag.py:2941} INFO - Sync 1 DAGs
[2023-11-07T20:05:04.400+0000] {logging_mixin.py:154} INFO - [2023-11-07T20:05:04.400+0000] {dag.py:3722} INFO - Setting next_dagrun for latest_only_with_trigger to 2023-11-07T16:05:04.399945+00:00, run_after=2023-11-07T20:05:04.399945+00:00
[2023-11-07T20:05:04.426+0000] {processor.py:179} INFO - Processing /usr/local/lib/python3.10/dist-packages/airflow/example_dags/example_latest_only_with_trigger.py took 0.085 seconds
[2023-11-07T20:05:55.255+0000] {processor.py:157} INFO - Started process (PID=5650) to work on /usr/local/lib/python3.10/dist-packages/airflow/example_dags/example_latest_only_with_trigger.py
[2023-11-07T20:05:55.256+0000] {processor.py:829} INFO - Processing file /usr/local/lib/python3.10/dist-packages/airflow/example_dags/example_latest_only_with_trigger.py for tasks to queue
[2023-11-07T20:05:55.257+0000] {logging_mixin.py:154} INFO - [2023-11-07T20:05:55.257+0000] {dagbag.py:536} INFO - Filling up the DagBag from /usr/local/lib/python3.10/dist-packages/airflow/example_dags/example_latest_only_with_trigger.py
[2023-11-07T20:05:55.270+0000] {processor.py:839} INFO - DAG(s) dict_keys(['latest_only_with_trigger']) retrieved from /usr/local/lib/python3.10/dist-packages/airflow/example_dags/example_latest_only_with_trigger.py
[2023-11-07T20:05:55.288+0000] {logging_mixin.py:154} INFO - [2023-11-07T20:05:55.288+0000] {dag.py:2941} INFO - Sync 1 DAGs
[2023-11-07T20:05:55.309+0000] {logging_mixin.py:154} INFO - [2023-11-07T20:05:55.309+0000] {dag.py:3722} INFO - Setting next_dagrun for latest_only_with_trigger to 2023-11-07T16:05:55.309030+00:00, run_after=2023-11-07T20:05:55.309030+00:00
[2023-11-07T20:05:55.331+0000] {processor.py:179} INFO - Processing /usr/local/lib/python3.10/dist-packages/airflow/example_dags/example_latest_only_with_trigger.py took 0.081 seconds
[2023-11-07T20:06:44.097+0000] {processor.py:157} INFO - Started process (PID=5700) to work on /usr/local/lib/python3.10/dist-packages/airflow/example_dags/example_latest_only_with_trigger.py
[2023-11-07T20:06:44.098+0000] {processor.py:829} INFO - Processing file /usr/local/lib/python3.10/dist-packages/airflow/example_dags/example_latest_only_with_trigger.py for tasks to queue
[2023-11-07T20:06:44.099+0000] {logging_mixin.py:154} INFO - [2023-11-07T20:06:44.099+0000] {dagbag.py:536} INFO - Filling up the DagBag from /usr/local/lib/python3.10/dist-packages/airflow/example_dags/example_latest_only_with_trigger.py
[2023-11-07T20:06:44.106+0000] {processor.py:839} INFO - DAG(s) dict_keys(['latest_only_with_trigger']) retrieved from /usr/local/lib/python3.10/dist-packages/airflow/example_dags/example_latest_only_with_trigger.py
[2023-11-07T20:06:44.122+0000] {logging_mixin.py:154} INFO - [2023-11-07T20:06:44.122+0000] {dag.py:2941} INFO - Sync 1 DAGs
[2023-11-07T20:06:44.141+0000] {logging_mixin.py:154} INFO - [2023-11-07T20:06:44.141+0000] {dag.py:3722} INFO - Setting next_dagrun for latest_only_with_trigger to 2023-11-07T16:06:44.141040+00:00, run_after=2023-11-07T20:06:44.141040+00:00
[2023-11-07T20:06:44.164+0000] {processor.py:179} INFO - Processing /usr/local/lib/python3.10/dist-packages/airflow/example_dags/example_latest_only_with_trigger.py took 0.070 seconds
[2023-11-07T20:07:35.266+0000] {processor.py:157} INFO - Started process (PID=5755) to work on /usr/local/lib/python3.10/dist-packages/airflow/example_dags/example_latest_only_with_trigger.py
[2023-11-07T20:07:35.267+0000] {processor.py:829} INFO - Processing file /usr/local/lib/python3.10/dist-packages/airflow/example_dags/example_latest_only_with_trigger.py for tasks to queue
[2023-11-07T20:07:35.268+0000] {logging_mixin.py:154} INFO - [2023-11-07T20:07:35.268+0000] {dagbag.py:536} INFO - Filling up the DagBag from /usr/local/lib/python3.10/dist-packages/airflow/example_dags/example_latest_only_with_trigger.py
[2023-11-07T20:07:35.276+0000] {processor.py:839} INFO - DAG(s) dict_keys(['latest_only_with_trigger']) retrieved from /usr/local/lib/python3.10/dist-packages/airflow/example_dags/example_latest_only_with_trigger.py
[2023-11-07T20:07:35.297+0000] {logging_mixin.py:154} INFO - [2023-11-07T20:07:35.297+0000] {dag.py:2941} INFO - Sync 1 DAGs
[2023-11-07T20:07:35.323+0000] {logging_mixin.py:154} INFO - [2023-11-07T20:07:35.323+0000] {dag.py:3722} INFO - Setting next_dagrun for latest_only_with_trigger to 2023-11-07T16:07:35.323544+00:00, run_after=2023-11-07T20:07:35.323544+00:00
[2023-11-07T20:07:35.347+0000] {processor.py:179} INFO - Processing /usr/local/lib/python3.10/dist-packages/airflow/example_dags/example_latest_only_with_trigger.py took 0.085 seconds
