[2023-11-07T19:31:36.498+0000] {processor.py:157} INFO - Started process (PID=3556) to work on /usr/local/lib/python3.10/dist-packages/airflow/example_dags/example_task_group_decorator.py
[2023-11-07T19:31:36.498+0000] {processor.py:829} INFO - Processing file /usr/local/lib/python3.10/dist-packages/airflow/example_dags/example_task_group_decorator.py for tasks to queue
[2023-11-07T19:31:36.502+0000] {logging_mixin.py:154} INFO - [2023-11-07T19:31:36.501+0000] {dagbag.py:536} INFO - Filling up the DagBag from /usr/local/lib/python3.10/dist-packages/airflow/example_dags/example_task_group_decorator.py
[2023-11-07T19:31:36.527+0000] {processor.py:839} INFO - DAG(s) dict_keys(['example_task_group_decorator']) retrieved from /usr/local/lib/python3.10/dist-packages/airflow/example_dags/example_task_group_decorator.py
[2023-11-07T19:31:36.626+0000] {logging_mixin.py:154} INFO - [2023-11-07T19:31:36.625+0000] {manager.py:499} INFO - Created Permission View: %s
[2023-11-07T19:31:36.637+0000] {logging_mixin.py:154} INFO - [2023-11-07T19:31:36.637+0000] {manager.py:499} INFO - Created Permission View: %s
[2023-11-07T19:31:36.646+0000] {logging_mixin.py:154} INFO - [2023-11-07T19:31:36.645+0000] {manager.py:499} INFO - Created Permission View: %s
[2023-11-07T19:31:36.646+0000] {logging_mixin.py:154} INFO - [2023-11-07T19:31:36.646+0000] {dag.py:2941} INFO - Sync 1 DAGs
[2023-11-07T19:31:36.656+0000] {logging_mixin.py:154} INFO - [2023-11-07T19:31:36.656+0000] {dag.py:2963} INFO - Creating ORM DAG for example_task_group_decorator
[2023-11-07T19:31:36.665+0000] {logging_mixin.py:154} INFO - [2023-11-07T19:31:36.665+0000] {dag.py:3722} INFO - Setting next_dagrun for example_task_group_decorator to 2023-11-06T19:31:36.665178+00:00, run_after=2023-11-07T19:31:36.665178+00:00
[2023-11-07T19:31:36.692+0000] {processor.py:179} INFO - Processing /usr/local/lib/python3.10/dist-packages/airflow/example_dags/example_task_group_decorator.py took 0.201 seconds
[2023-11-07T19:32:30.384+0000] {processor.py:157} INFO - Started process (PID=3603) to work on /usr/local/lib/python3.10/dist-packages/airflow/example_dags/example_task_group_decorator.py
[2023-11-07T19:32:30.386+0000] {processor.py:829} INFO - Processing file /usr/local/lib/python3.10/dist-packages/airflow/example_dags/example_task_group_decorator.py for tasks to queue
[2023-11-07T19:32:30.387+0000] {logging_mixin.py:154} INFO - [2023-11-07T19:32:30.386+0000] {dagbag.py:536} INFO - Filling up the DagBag from /usr/local/lib/python3.10/dist-packages/airflow/example_dags/example_task_group_decorator.py
[2023-11-07T19:32:30.419+0000] {processor.py:839} INFO - DAG(s) dict_keys(['example_task_group_decorator']) retrieved from /usr/local/lib/python3.10/dist-packages/airflow/example_dags/example_task_group_decorator.py
[2023-11-07T19:32:30.448+0000] {logging_mixin.py:154} INFO - [2023-11-07T19:32:30.448+0000] {dag.py:2941} INFO - Sync 1 DAGs
[2023-11-07T19:32:30.475+0000] {logging_mixin.py:154} INFO - [2023-11-07T19:32:30.475+0000] {dag.py:3722} INFO - Setting next_dagrun for example_task_group_decorator to 2023-11-06T19:32:30.473388+00:00, run_after=2023-11-07T19:32:30.473388+00:00
[2023-11-07T19:32:30.508+0000] {processor.py:179} INFO - Processing /usr/local/lib/python3.10/dist-packages/airflow/example_dags/example_task_group_decorator.py took 0.129 seconds
[2023-11-07T19:33:16.806+0000] {processor.py:157} INFO - Started process (PID=3650) to work on /usr/local/lib/python3.10/dist-packages/airflow/example_dags/example_task_group_decorator.py
[2023-11-07T19:33:16.807+0000] {processor.py:829} INFO - Processing file /usr/local/lib/python3.10/dist-packages/airflow/example_dags/example_task_group_decorator.py for tasks to queue
[2023-11-07T19:33:16.808+0000] {logging_mixin.py:154} INFO - [2023-11-07T19:33:16.808+0000] {dagbag.py:536} INFO - Filling up the DagBag from /usr/local/lib/python3.10/dist-packages/airflow/example_dags/example_task_group_decorator.py
[2023-11-07T19:33:16.824+0000] {processor.py:839} INFO - DAG(s) dict_keys(['example_task_group_decorator']) retrieved from /usr/local/lib/python3.10/dist-packages/airflow/example_dags/example_task_group_decorator.py
[2023-11-07T19:33:16.843+0000] {logging_mixin.py:154} INFO - [2023-11-07T19:33:16.843+0000] {dag.py:2941} INFO - Sync 1 DAGs
[2023-11-07T19:33:16.862+0000] {logging_mixin.py:154} INFO - [2023-11-07T19:33:16.862+0000] {dag.py:3722} INFO - Setting next_dagrun for example_task_group_decorator to 2023-11-06T19:33:16.862031+00:00, run_after=2023-11-07T19:33:16.862031+00:00
[2023-11-07T19:33:16.905+0000] {processor.py:179} INFO - Processing /usr/local/lib/python3.10/dist-packages/airflow/example_dags/example_task_group_decorator.py took 0.103 seconds
[2023-11-07T19:33:56.053+0000] {processor.py:157} INFO - Started process (PID=3691) to work on /usr/local/lib/python3.10/dist-packages/airflow/example_dags/example_task_group_decorator.py
[2023-11-07T19:33:56.054+0000] {processor.py:829} INFO - Processing file /usr/local/lib/python3.10/dist-packages/airflow/example_dags/example_task_group_decorator.py for tasks to queue
[2023-11-07T19:33:56.055+0000] {logging_mixin.py:154} INFO - [2023-11-07T19:33:56.055+0000] {dagbag.py:536} INFO - Filling up the DagBag from /usr/local/lib/python3.10/dist-packages/airflow/example_dags/example_task_group_decorator.py
[2023-11-07T19:33:56.071+0000] {processor.py:839} INFO - DAG(s) dict_keys(['example_task_group_decorator']) retrieved from /usr/local/lib/python3.10/dist-packages/airflow/example_dags/example_task_group_decorator.py
[2023-11-07T19:33:56.106+0000] {logging_mixin.py:154} INFO - [2023-11-07T19:33:56.106+0000] {dag.py:2941} INFO - Sync 1 DAGs
[2023-11-07T19:33:56.126+0000] {logging_mixin.py:154} INFO - [2023-11-07T19:33:56.126+0000] {dag.py:3722} INFO - Setting next_dagrun for example_task_group_decorator to 2023-11-06T19:33:56.125816+00:00, run_after=2023-11-07T19:33:56.125816+00:00
[2023-11-07T19:33:56.148+0000] {processor.py:179} INFO - Processing /usr/local/lib/python3.10/dist-packages/airflow/example_dags/example_task_group_decorator.py took 0.099 seconds
[2023-11-07T19:34:42.281+0000] {processor.py:157} INFO - Started process (PID=3739) to work on /usr/local/lib/python3.10/dist-packages/airflow/example_dags/example_task_group_decorator.py
[2023-11-07T19:34:42.283+0000] {processor.py:829} INFO - Processing file /usr/local/lib/python3.10/dist-packages/airflow/example_dags/example_task_group_decorator.py for tasks to queue
[2023-11-07T19:34:42.283+0000] {logging_mixin.py:154} INFO - [2023-11-07T19:34:42.283+0000] {dagbag.py:536} INFO - Filling up the DagBag from /usr/local/lib/python3.10/dist-packages/airflow/example_dags/example_task_group_decorator.py
[2023-11-07T19:34:42.304+0000] {processor.py:839} INFO - DAG(s) dict_keys(['example_task_group_decorator']) retrieved from /usr/local/lib/python3.10/dist-packages/airflow/example_dags/example_task_group_decorator.py
[2023-11-07T19:34:42.325+0000] {logging_mixin.py:154} INFO - [2023-11-07T19:34:42.324+0000] {dag.py:2941} INFO - Sync 1 DAGs
[2023-11-07T19:34:42.352+0000] {logging_mixin.py:154} INFO - [2023-11-07T19:34:42.352+0000] {dag.py:3722} INFO - Setting next_dagrun for example_task_group_decorator to 2023-11-06T19:34:42.352238+00:00, run_after=2023-11-07T19:34:42.352238+00:00
[2023-11-07T19:34:42.388+0000] {processor.py:179} INFO - Processing /usr/local/lib/python3.10/dist-packages/airflow/example_dags/example_task_group_decorator.py took 0.110 seconds
[2023-11-07T19:35:26.624+0000] {processor.py:157} INFO - Started process (PID=3788) to work on /usr/local/lib/python3.10/dist-packages/airflow/example_dags/example_task_group_decorator.py
[2023-11-07T19:35:26.625+0000] {processor.py:829} INFO - Processing file /usr/local/lib/python3.10/dist-packages/airflow/example_dags/example_task_group_decorator.py for tasks to queue
[2023-11-07T19:35:26.626+0000] {logging_mixin.py:154} INFO - [2023-11-07T19:35:26.626+0000] {dagbag.py:536} INFO - Filling up the DagBag from /usr/local/lib/python3.10/dist-packages/airflow/example_dags/example_task_group_decorator.py
[2023-11-07T19:35:26.652+0000] {processor.py:839} INFO - DAG(s) dict_keys(['example_task_group_decorator']) retrieved from /usr/local/lib/python3.10/dist-packages/airflow/example_dags/example_task_group_decorator.py
[2023-11-07T19:35:26.674+0000] {logging_mixin.py:154} INFO - [2023-11-07T19:35:26.674+0000] {dag.py:2941} INFO - Sync 1 DAGs
[2023-11-07T19:35:26.694+0000] {logging_mixin.py:154} INFO - [2023-11-07T19:35:26.694+0000] {dag.py:3722} INFO - Setting next_dagrun for example_task_group_decorator to 2023-11-06T19:35:26.694276+00:00, run_after=2023-11-07T19:35:26.694276+00:00
[2023-11-07T19:35:26.734+0000] {processor.py:179} INFO - Processing /usr/local/lib/python3.10/dist-packages/airflow/example_dags/example_task_group_decorator.py took 0.113 seconds
[2023-11-07T19:36:13.413+0000] {processor.py:157} INFO - Started process (PID=3835) to work on /usr/local/lib/python3.10/dist-packages/airflow/example_dags/example_task_group_decorator.py
[2023-11-07T19:36:13.414+0000] {processor.py:829} INFO - Processing file /usr/local/lib/python3.10/dist-packages/airflow/example_dags/example_task_group_decorator.py for tasks to queue
[2023-11-07T19:36:13.415+0000] {logging_mixin.py:154} INFO - [2023-11-07T19:36:13.415+0000] {dagbag.py:536} INFO - Filling up the DagBag from /usr/local/lib/python3.10/dist-packages/airflow/example_dags/example_task_group_decorator.py
[2023-11-07T19:36:13.431+0000] {processor.py:839} INFO - DAG(s) dict_keys(['example_task_group_decorator']) retrieved from /usr/local/lib/python3.10/dist-packages/airflow/example_dags/example_task_group_decorator.py
[2023-11-07T19:36:13.454+0000] {logging_mixin.py:154} INFO - [2023-11-07T19:36:13.454+0000] {dag.py:2941} INFO - Sync 1 DAGs
[2023-11-07T19:36:13.475+0000] {logging_mixin.py:154} INFO - [2023-11-07T19:36:13.475+0000] {dag.py:3722} INFO - Setting next_dagrun for example_task_group_decorator to 2023-11-06T19:36:13.475258+00:00, run_after=2023-11-07T19:36:13.475258+00:00
[2023-11-07T19:36:13.500+0000] {processor.py:179} INFO - Processing /usr/local/lib/python3.10/dist-packages/airflow/example_dags/example_task_group_decorator.py took 0.089 seconds
[2023-11-07T19:37:03.799+0000] {processor.py:157} INFO - Started process (PID=3886) to work on /usr/local/lib/python3.10/dist-packages/airflow/example_dags/example_task_group_decorator.py
[2023-11-07T19:37:03.801+0000] {processor.py:829} INFO - Processing file /usr/local/lib/python3.10/dist-packages/airflow/example_dags/example_task_group_decorator.py for tasks to queue
[2023-11-07T19:37:03.802+0000] {logging_mixin.py:154} INFO - [2023-11-07T19:37:03.801+0000] {dagbag.py:536} INFO - Filling up the DagBag from /usr/local/lib/python3.10/dist-packages/airflow/example_dags/example_task_group_decorator.py
[2023-11-07T19:37:03.818+0000] {processor.py:839} INFO - DAG(s) dict_keys(['example_task_group_decorator']) retrieved from /usr/local/lib/python3.10/dist-packages/airflow/example_dags/example_task_group_decorator.py
[2023-11-07T19:37:03.838+0000] {logging_mixin.py:154} INFO - [2023-11-07T19:37:03.838+0000] {dag.py:2941} INFO - Sync 1 DAGs
[2023-11-07T19:37:03.858+0000] {logging_mixin.py:154} INFO - [2023-11-07T19:37:03.857+0000] {dag.py:3722} INFO - Setting next_dagrun for example_task_group_decorator to 2023-11-06T19:37:03.857590+00:00, run_after=2023-11-07T19:37:03.857590+00:00
[2023-11-07T19:37:03.881+0000] {processor.py:179} INFO - Processing /usr/local/lib/python3.10/dist-packages/airflow/example_dags/example_task_group_decorator.py took 0.086 seconds
[2023-11-07T19:37:51.351+0000] {processor.py:157} INFO - Started process (PID=3936) to work on /usr/local/lib/python3.10/dist-packages/airflow/example_dags/example_task_group_decorator.py
[2023-11-07T19:37:51.352+0000] {processor.py:829} INFO - Processing file /usr/local/lib/python3.10/dist-packages/airflow/example_dags/example_task_group_decorator.py for tasks to queue
[2023-11-07T19:37:51.353+0000] {logging_mixin.py:154} INFO - [2023-11-07T19:37:51.353+0000] {dagbag.py:536} INFO - Filling up the DagBag from /usr/local/lib/python3.10/dist-packages/airflow/example_dags/example_task_group_decorator.py
[2023-11-07T19:37:51.370+0000] {processor.py:839} INFO - DAG(s) dict_keys(['example_task_group_decorator']) retrieved from /usr/local/lib/python3.10/dist-packages/airflow/example_dags/example_task_group_decorator.py
[2023-11-07T19:37:51.390+0000] {logging_mixin.py:154} INFO - [2023-11-07T19:37:51.389+0000] {dag.py:2941} INFO - Sync 1 DAGs
[2023-11-07T19:37:51.408+0000] {logging_mixin.py:154} INFO - [2023-11-07T19:37:51.408+0000] {dag.py:3722} INFO - Setting next_dagrun for example_task_group_decorator to 2023-11-06T19:37:51.407898+00:00, run_after=2023-11-07T19:37:51.407898+00:00
[2023-11-07T19:37:51.430+0000] {processor.py:179} INFO - Processing /usr/local/lib/python3.10/dist-packages/airflow/example_dags/example_task_group_decorator.py took 0.082 seconds
[2023-11-07T19:38:41.595+0000] {processor.py:157} INFO - Started process (PID=3987) to work on /usr/local/lib/python3.10/dist-packages/airflow/example_dags/example_task_group_decorator.py
[2023-11-07T19:38:41.596+0000] {processor.py:829} INFO - Processing file /usr/local/lib/python3.10/dist-packages/airflow/example_dags/example_task_group_decorator.py for tasks to queue
[2023-11-07T19:38:41.597+0000] {logging_mixin.py:154} INFO - [2023-11-07T19:38:41.596+0000] {dagbag.py:536} INFO - Filling up the DagBag from /usr/local/lib/python3.10/dist-packages/airflow/example_dags/example_task_group_decorator.py
[2023-11-07T19:38:41.612+0000] {processor.py:839} INFO - DAG(s) dict_keys(['example_task_group_decorator']) retrieved from /usr/local/lib/python3.10/dist-packages/airflow/example_dags/example_task_group_decorator.py
[2023-11-07T19:38:41.632+0000] {logging_mixin.py:154} INFO - [2023-11-07T19:38:41.631+0000] {dag.py:2941} INFO - Sync 1 DAGs
[2023-11-07T19:38:41.659+0000] {logging_mixin.py:154} INFO - [2023-11-07T19:38:41.658+0000] {dag.py:3722} INFO - Setting next_dagrun for example_task_group_decorator to 2023-11-06T19:38:41.658691+00:00, run_after=2023-11-07T19:38:41.658691+00:00
[2023-11-07T19:38:41.683+0000] {processor.py:179} INFO - Processing /usr/local/lib/python3.10/dist-packages/airflow/example_dags/example_task_group_decorator.py took 0.093 seconds
[2023-11-07T19:39:25.555+0000] {processor.py:157} INFO - Started process (PID=4034) to work on /usr/local/lib/python3.10/dist-packages/airflow/example_dags/example_task_group_decorator.py
[2023-11-07T19:39:25.556+0000] {processor.py:829} INFO - Processing file /usr/local/lib/python3.10/dist-packages/airflow/example_dags/example_task_group_decorator.py for tasks to queue
[2023-11-07T19:39:25.557+0000] {logging_mixin.py:154} INFO - [2023-11-07T19:39:25.556+0000] {dagbag.py:536} INFO - Filling up the DagBag from /usr/local/lib/python3.10/dist-packages/airflow/example_dags/example_task_group_decorator.py
[2023-11-07T19:39:25.575+0000] {processor.py:839} INFO - DAG(s) dict_keys(['example_task_group_decorator']) retrieved from /usr/local/lib/python3.10/dist-packages/airflow/example_dags/example_task_group_decorator.py
[2023-11-07T19:39:25.601+0000] {logging_mixin.py:154} INFO - [2023-11-07T19:39:25.601+0000] {dag.py:2941} INFO - Sync 1 DAGs
[2023-11-07T19:39:25.624+0000] {logging_mixin.py:154} INFO - [2023-11-07T19:39:25.624+0000] {dag.py:3722} INFO - Setting next_dagrun for example_task_group_decorator to 2023-11-06T19:39:25.624429+00:00, run_after=2023-11-07T19:39:25.624429+00:00
[2023-11-07T19:39:25.651+0000] {processor.py:179} INFO - Processing /usr/local/lib/python3.10/dist-packages/airflow/example_dags/example_task_group_decorator.py took 0.099 seconds
[2023-11-07T19:40:15.099+0000] {processor.py:157} INFO - Started process (PID=4084) to work on /usr/local/lib/python3.10/dist-packages/airflow/example_dags/example_task_group_decorator.py
[2023-11-07T19:40:15.100+0000] {processor.py:829} INFO - Processing file /usr/local/lib/python3.10/dist-packages/airflow/example_dags/example_task_group_decorator.py for tasks to queue
[2023-11-07T19:40:15.101+0000] {logging_mixin.py:154} INFO - [2023-11-07T19:40:15.101+0000] {dagbag.py:536} INFO - Filling up the DagBag from /usr/local/lib/python3.10/dist-packages/airflow/example_dags/example_task_group_decorator.py
[2023-11-07T19:40:15.120+0000] {processor.py:839} INFO - DAG(s) dict_keys(['example_task_group_decorator']) retrieved from /usr/local/lib/python3.10/dist-packages/airflow/example_dags/example_task_group_decorator.py
[2023-11-07T19:40:15.142+0000] {logging_mixin.py:154} INFO - [2023-11-07T19:40:15.142+0000] {dag.py:2941} INFO - Sync 1 DAGs
[2023-11-07T19:40:15.164+0000] {logging_mixin.py:154} INFO - [2023-11-07T19:40:15.164+0000] {dag.py:3722} INFO - Setting next_dagrun for example_task_group_decorator to 2023-11-06T19:40:15.164282+00:00, run_after=2023-11-07T19:40:15.164282+00:00
[2023-11-07T19:40:15.191+0000] {processor.py:179} INFO - Processing /usr/local/lib/python3.10/dist-packages/airflow/example_dags/example_task_group_decorator.py took 0.095 seconds
[2023-11-07T19:40:51.066+0000] {processor.py:157} INFO - Started process (PID=4121) to work on /usr/local/lib/python3.10/dist-packages/airflow/example_dags/example_task_group_decorator.py
[2023-11-07T19:40:51.067+0000] {processor.py:829} INFO - Processing file /usr/local/lib/python3.10/dist-packages/airflow/example_dags/example_task_group_decorator.py for tasks to queue
[2023-11-07T19:40:51.068+0000] {logging_mixin.py:154} INFO - [2023-11-07T19:40:51.068+0000] {dagbag.py:536} INFO - Filling up the DagBag from /usr/local/lib/python3.10/dist-packages/airflow/example_dags/example_task_group_decorator.py
[2023-11-07T19:40:51.083+0000] {processor.py:839} INFO - DAG(s) dict_keys(['example_task_group_decorator']) retrieved from /usr/local/lib/python3.10/dist-packages/airflow/example_dags/example_task_group_decorator.py
[2023-11-07T19:40:51.107+0000] {logging_mixin.py:154} INFO - [2023-11-07T19:40:51.107+0000] {dag.py:2941} INFO - Sync 1 DAGs
[2023-11-07T19:40:51.145+0000] {logging_mixin.py:154} INFO - [2023-11-07T19:40:51.145+0000] {dag.py:3722} INFO - Setting next_dagrun for example_task_group_decorator to 2023-11-06T19:40:51.144507+00:00, run_after=2023-11-07T19:40:51.144507+00:00
[2023-11-07T19:40:51.175+0000] {processor.py:179} INFO - Processing /usr/local/lib/python3.10/dist-packages/airflow/example_dags/example_task_group_decorator.py took 0.112 seconds
[2023-11-07T19:41:40.538+0000] {processor.py:157} INFO - Started process (PID=4172) to work on /usr/local/lib/python3.10/dist-packages/airflow/example_dags/example_task_group_decorator.py
[2023-11-07T19:41:40.539+0000] {processor.py:829} INFO - Processing file /usr/local/lib/python3.10/dist-packages/airflow/example_dags/example_task_group_decorator.py for tasks to queue
[2023-11-07T19:41:40.539+0000] {logging_mixin.py:154} INFO - [2023-11-07T19:41:40.539+0000] {dagbag.py:536} INFO - Filling up the DagBag from /usr/local/lib/python3.10/dist-packages/airflow/example_dags/example_task_group_decorator.py
[2023-11-07T19:41:40.555+0000] {processor.py:839} INFO - DAG(s) dict_keys(['example_task_group_decorator']) retrieved from /usr/local/lib/python3.10/dist-packages/airflow/example_dags/example_task_group_decorator.py
[2023-11-07T19:41:40.575+0000] {logging_mixin.py:154} INFO - [2023-11-07T19:41:40.575+0000] {dag.py:2941} INFO - Sync 1 DAGs
[2023-11-07T19:41:40.596+0000] {logging_mixin.py:154} INFO - [2023-11-07T19:41:40.596+0000] {dag.py:3722} INFO - Setting next_dagrun for example_task_group_decorator to 2023-11-06T19:41:40.596229+00:00, run_after=2023-11-07T19:41:40.596229+00:00
[2023-11-07T19:41:40.629+0000] {processor.py:179} INFO - Processing /usr/local/lib/python3.10/dist-packages/airflow/example_dags/example_task_group_decorator.py took 0.095 seconds
[2023-11-07T19:42:28.753+0000] {processor.py:157} INFO - Started process (PID=4222) to work on /usr/local/lib/python3.10/dist-packages/airflow/example_dags/example_task_group_decorator.py
[2023-11-07T19:42:28.755+0000] {processor.py:829} INFO - Processing file /usr/local/lib/python3.10/dist-packages/airflow/example_dags/example_task_group_decorator.py for tasks to queue
[2023-11-07T19:42:28.755+0000] {logging_mixin.py:154} INFO - [2023-11-07T19:42:28.755+0000] {dagbag.py:536} INFO - Filling up the DagBag from /usr/local/lib/python3.10/dist-packages/airflow/example_dags/example_task_group_decorator.py
[2023-11-07T19:42:28.775+0000] {processor.py:839} INFO - DAG(s) dict_keys(['example_task_group_decorator']) retrieved from /usr/local/lib/python3.10/dist-packages/airflow/example_dags/example_task_group_decorator.py
[2023-11-07T19:42:28.804+0000] {logging_mixin.py:154} INFO - [2023-11-07T19:42:28.803+0000] {dag.py:2941} INFO - Sync 1 DAGs
[2023-11-07T19:42:28.827+0000] {logging_mixin.py:154} INFO - [2023-11-07T19:42:28.827+0000] {dag.py:3722} INFO - Setting next_dagrun for example_task_group_decorator to 2023-11-06T19:42:28.827292+00:00, run_after=2023-11-07T19:42:28.827292+00:00
[2023-11-07T19:42:28.861+0000] {processor.py:179} INFO - Processing /usr/local/lib/python3.10/dist-packages/airflow/example_dags/example_task_group_decorator.py took 0.111 seconds
[2023-11-07T19:43:18.291+0000] {processor.py:157} INFO - Started process (PID=4273) to work on /usr/local/lib/python3.10/dist-packages/airflow/example_dags/example_task_group_decorator.py
[2023-11-07T19:43:18.292+0000] {processor.py:829} INFO - Processing file /usr/local/lib/python3.10/dist-packages/airflow/example_dags/example_task_group_decorator.py for tasks to queue
[2023-11-07T19:43:18.294+0000] {logging_mixin.py:154} INFO - [2023-11-07T19:43:18.294+0000] {dagbag.py:536} INFO - Filling up the DagBag from /usr/local/lib/python3.10/dist-packages/airflow/example_dags/example_task_group_decorator.py
[2023-11-07T19:43:18.322+0000] {processor.py:839} INFO - DAG(s) dict_keys(['example_task_group_decorator']) retrieved from /usr/local/lib/python3.10/dist-packages/airflow/example_dags/example_task_group_decorator.py
[2023-11-07T19:43:18.347+0000] {logging_mixin.py:154} INFO - [2023-11-07T19:43:18.347+0000] {dag.py:2941} INFO - Sync 1 DAGs
[2023-11-07T19:43:18.371+0000] {logging_mixin.py:154} INFO - [2023-11-07T19:43:18.370+0000] {dag.py:3722} INFO - Setting next_dagrun for example_task_group_decorator to 2023-11-06T19:43:18.370702+00:00, run_after=2023-11-07T19:43:18.370702+00:00
[2023-11-07T19:43:18.394+0000] {processor.py:179} INFO - Processing /usr/local/lib/python3.10/dist-packages/airflow/example_dags/example_task_group_decorator.py took 0.112 seconds
[2023-11-07T19:44:07.478+0000] {processor.py:157} INFO - Started process (PID=4323) to work on /usr/local/lib/python3.10/dist-packages/airflow/example_dags/example_task_group_decorator.py
[2023-11-07T19:44:07.479+0000] {processor.py:829} INFO - Processing file /usr/local/lib/python3.10/dist-packages/airflow/example_dags/example_task_group_decorator.py for tasks to queue
[2023-11-07T19:44:07.480+0000] {logging_mixin.py:154} INFO - [2023-11-07T19:44:07.480+0000] {dagbag.py:536} INFO - Filling up the DagBag from /usr/local/lib/python3.10/dist-packages/airflow/example_dags/example_task_group_decorator.py
[2023-11-07T19:44:07.497+0000] {processor.py:839} INFO - DAG(s) dict_keys(['example_task_group_decorator']) retrieved from /usr/local/lib/python3.10/dist-packages/airflow/example_dags/example_task_group_decorator.py
[2023-11-07T19:44:07.519+0000] {logging_mixin.py:154} INFO - [2023-11-07T19:44:07.519+0000] {dag.py:2941} INFO - Sync 1 DAGs
[2023-11-07T19:44:07.542+0000] {logging_mixin.py:154} INFO - [2023-11-07T19:44:07.542+0000] {dag.py:3722} INFO - Setting next_dagrun for example_task_group_decorator to 2023-11-06T19:44:07.541983+00:00, run_after=2023-11-07T19:44:07.541983+00:00
[2023-11-07T19:44:07.565+0000] {processor.py:179} INFO - Processing /usr/local/lib/python3.10/dist-packages/airflow/example_dags/example_task_group_decorator.py took 0.091 seconds
[2023-11-07T19:45:00.684+0000] {processor.py:157} INFO - Started process (PID=4375) to work on /usr/local/lib/python3.10/dist-packages/airflow/example_dags/example_task_group_decorator.py
[2023-11-07T19:45:00.686+0000] {processor.py:829} INFO - Processing file /usr/local/lib/python3.10/dist-packages/airflow/example_dags/example_task_group_decorator.py for tasks to queue
[2023-11-07T19:45:00.688+0000] {logging_mixin.py:154} INFO - [2023-11-07T19:45:00.686+0000] {dagbag.py:536} INFO - Filling up the DagBag from /usr/local/lib/python3.10/dist-packages/airflow/example_dags/example_task_group_decorator.py
[2023-11-07T19:45:00.727+0000] {processor.py:839} INFO - DAG(s) dict_keys(['example_task_group_decorator']) retrieved from /usr/local/lib/python3.10/dist-packages/airflow/example_dags/example_task_group_decorator.py
[2023-11-07T19:45:00.768+0000] {logging_mixin.py:154} INFO - [2023-11-07T19:45:00.768+0000] {dag.py:2941} INFO - Sync 1 DAGs
[2023-11-07T19:45:00.805+0000] {logging_mixin.py:154} INFO - [2023-11-07T19:45:00.805+0000] {dag.py:3722} INFO - Setting next_dagrun for example_task_group_decorator to 2023-11-06T19:45:00.805416+00:00, run_after=2023-11-07T19:45:00.805416+00:00
[2023-11-07T19:45:00.831+0000] {processor.py:179} INFO - Processing /usr/local/lib/python3.10/dist-packages/airflow/example_dags/example_task_group_decorator.py took 0.154 seconds
[2023-11-07T19:45:38.135+0000] {processor.py:157} INFO - Started process (PID=4412) to work on /usr/local/lib/python3.10/dist-packages/airflow/example_dags/example_task_group_decorator.py
[2023-11-07T19:45:38.136+0000] {processor.py:829} INFO - Processing file /usr/local/lib/python3.10/dist-packages/airflow/example_dags/example_task_group_decorator.py for tasks to queue
[2023-11-07T19:45:38.137+0000] {logging_mixin.py:154} INFO - [2023-11-07T19:45:38.136+0000] {dagbag.py:536} INFO - Filling up the DagBag from /usr/local/lib/python3.10/dist-packages/airflow/example_dags/example_task_group_decorator.py
[2023-11-07T19:45:38.152+0000] {processor.py:839} INFO - DAG(s) dict_keys(['example_task_group_decorator']) retrieved from /usr/local/lib/python3.10/dist-packages/airflow/example_dags/example_task_group_decorator.py
[2023-11-07T19:45:38.170+0000] {logging_mixin.py:154} INFO - [2023-11-07T19:45:38.170+0000] {dag.py:2941} INFO - Sync 1 DAGs
[2023-11-07T19:45:38.191+0000] {logging_mixin.py:154} INFO - [2023-11-07T19:45:38.190+0000] {dag.py:3722} INFO - Setting next_dagrun for example_task_group_decorator to 2023-11-06T19:45:38.190587+00:00, run_after=2023-11-07T19:45:38.190587+00:00
[2023-11-07T19:45:38.219+0000] {processor.py:179} INFO - Processing /usr/local/lib/python3.10/dist-packages/airflow/example_dags/example_task_group_decorator.py took 0.087 seconds
[2023-11-07T19:46:13.413+0000] {processor.py:157} INFO - Started process (PID=4447) to work on /usr/local/lib/python3.10/dist-packages/airflow/example_dags/example_task_group_decorator.py
[2023-11-07T19:46:13.414+0000] {processor.py:829} INFO - Processing file /usr/local/lib/python3.10/dist-packages/airflow/example_dags/example_task_group_decorator.py for tasks to queue
[2023-11-07T19:46:13.415+0000] {logging_mixin.py:154} INFO - [2023-11-07T19:46:13.415+0000] {dagbag.py:536} INFO - Filling up the DagBag from /usr/local/lib/python3.10/dist-packages/airflow/example_dags/example_task_group_decorator.py
[2023-11-07T19:46:13.435+0000] {processor.py:839} INFO - DAG(s) dict_keys(['example_task_group_decorator']) retrieved from /usr/local/lib/python3.10/dist-packages/airflow/example_dags/example_task_group_decorator.py
[2023-11-07T19:46:13.458+0000] {logging_mixin.py:154} INFO - [2023-11-07T19:46:13.458+0000] {dag.py:2941} INFO - Sync 1 DAGs
[2023-11-07T19:46:13.477+0000] {logging_mixin.py:154} INFO - [2023-11-07T19:46:13.477+0000] {dag.py:3722} INFO - Setting next_dagrun for example_task_group_decorator to 2023-11-06T19:46:13.477495+00:00, run_after=2023-11-07T19:46:13.477495+00:00
[2023-11-07T19:46:13.512+0000] {processor.py:179} INFO - Processing /usr/local/lib/python3.10/dist-packages/airflow/example_dags/example_task_group_decorator.py took 0.101 seconds
[2023-11-07T19:47:03.764+0000] {processor.py:157} INFO - Started process (PID=4498) to work on /usr/local/lib/python3.10/dist-packages/airflow/example_dags/example_task_group_decorator.py
[2023-11-07T19:47:03.765+0000] {processor.py:829} INFO - Processing file /usr/local/lib/python3.10/dist-packages/airflow/example_dags/example_task_group_decorator.py for tasks to queue
[2023-11-07T19:47:03.766+0000] {logging_mixin.py:154} INFO - [2023-11-07T19:47:03.766+0000] {dagbag.py:536} INFO - Filling up the DagBag from /usr/local/lib/python3.10/dist-packages/airflow/example_dags/example_task_group_decorator.py
[2023-11-07T19:47:03.787+0000] {processor.py:839} INFO - DAG(s) dict_keys(['example_task_group_decorator']) retrieved from /usr/local/lib/python3.10/dist-packages/airflow/example_dags/example_task_group_decorator.py
[2023-11-07T19:47:03.811+0000] {logging_mixin.py:154} INFO - [2023-11-07T19:47:03.811+0000] {dag.py:2941} INFO - Sync 1 DAGs
[2023-11-07T19:47:03.847+0000] {logging_mixin.py:154} INFO - [2023-11-07T19:47:03.847+0000] {dag.py:3722} INFO - Setting next_dagrun for example_task_group_decorator to 2023-11-06T19:47:03.846905+00:00, run_after=2023-11-07T19:47:03.846905+00:00
[2023-11-07T19:47:03.896+0000] {processor.py:179} INFO - Processing /usr/local/lib/python3.10/dist-packages/airflow/example_dags/example_task_group_decorator.py took 0.135 seconds
[2023-11-07T19:47:39.989+0000] {processor.py:157} INFO - Started process (PID=4535) to work on /usr/local/lib/python3.10/dist-packages/airflow/example_dags/example_task_group_decorator.py
[2023-11-07T19:47:39.990+0000] {processor.py:829} INFO - Processing file /usr/local/lib/python3.10/dist-packages/airflow/example_dags/example_task_group_decorator.py for tasks to queue
[2023-11-07T19:47:39.991+0000] {logging_mixin.py:154} INFO - [2023-11-07T19:47:39.990+0000] {dagbag.py:536} INFO - Filling up the DagBag from /usr/local/lib/python3.10/dist-packages/airflow/example_dags/example_task_group_decorator.py
[2023-11-07T19:47:40.008+0000] {processor.py:839} INFO - DAG(s) dict_keys(['example_task_group_decorator']) retrieved from /usr/local/lib/python3.10/dist-packages/airflow/example_dags/example_task_group_decorator.py
[2023-11-07T19:47:40.029+0000] {logging_mixin.py:154} INFO - [2023-11-07T19:47:40.029+0000] {dag.py:2941} INFO - Sync 1 DAGs
[2023-11-07T19:47:40.054+0000] {logging_mixin.py:154} INFO - [2023-11-07T19:47:40.054+0000] {dag.py:3722} INFO - Setting next_dagrun for example_task_group_decorator to 2023-11-06T19:47:40.053771+00:00, run_after=2023-11-07T19:47:40.053771+00:00
[2023-11-07T19:47:40.094+0000] {processor.py:179} INFO - Processing /usr/local/lib/python3.10/dist-packages/airflow/example_dags/example_task_group_decorator.py took 0.108 seconds
[2023-11-07T19:48:29.398+0000] {processor.py:157} INFO - Started process (PID=4586) to work on /usr/local/lib/python3.10/dist-packages/airflow/example_dags/example_task_group_decorator.py
[2023-11-07T19:48:29.399+0000] {processor.py:829} INFO - Processing file /usr/local/lib/python3.10/dist-packages/airflow/example_dags/example_task_group_decorator.py for tasks to queue
[2023-11-07T19:48:29.400+0000] {logging_mixin.py:154} INFO - [2023-11-07T19:48:29.399+0000] {dagbag.py:536} INFO - Filling up the DagBag from /usr/local/lib/python3.10/dist-packages/airflow/example_dags/example_task_group_decorator.py
[2023-11-07T19:48:29.416+0000] {processor.py:839} INFO - DAG(s) dict_keys(['example_task_group_decorator']) retrieved from /usr/local/lib/python3.10/dist-packages/airflow/example_dags/example_task_group_decorator.py
[2023-11-07T19:48:29.450+0000] {logging_mixin.py:154} INFO - [2023-11-07T19:48:29.450+0000] {dag.py:2941} INFO - Sync 1 DAGs
[2023-11-07T19:48:29.487+0000] {logging_mixin.py:154} INFO - [2023-11-07T19:48:29.487+0000] {dag.py:3722} INFO - Setting next_dagrun for example_task_group_decorator to 2023-11-06T19:48:29.487347+00:00, run_after=2023-11-07T19:48:29.487347+00:00
[2023-11-07T19:48:29.510+0000] {processor.py:179} INFO - Processing /usr/local/lib/python3.10/dist-packages/airflow/example_dags/example_task_group_decorator.py took 0.119 seconds
[2023-11-07T19:49:18.015+0000] {processor.py:157} INFO - Started process (PID=4636) to work on /usr/local/lib/python3.10/dist-packages/airflow/example_dags/example_task_group_decorator.py
[2023-11-07T19:49:18.017+0000] {processor.py:829} INFO - Processing file /usr/local/lib/python3.10/dist-packages/airflow/example_dags/example_task_group_decorator.py for tasks to queue
[2023-11-07T19:49:18.017+0000] {logging_mixin.py:154} INFO - [2023-11-07T19:49:18.017+0000] {dagbag.py:536} INFO - Filling up the DagBag from /usr/local/lib/python3.10/dist-packages/airflow/example_dags/example_task_group_decorator.py
[2023-11-07T19:49:18.032+0000] {processor.py:839} INFO - DAG(s) dict_keys(['example_task_group_decorator']) retrieved from /usr/local/lib/python3.10/dist-packages/airflow/example_dags/example_task_group_decorator.py
[2023-11-07T19:49:18.051+0000] {logging_mixin.py:154} INFO - [2023-11-07T19:49:18.051+0000] {dag.py:2941} INFO - Sync 1 DAGs
[2023-11-07T19:49:18.070+0000] {logging_mixin.py:154} INFO - [2023-11-07T19:49:18.069+0000] {dag.py:3722} INFO - Setting next_dagrun for example_task_group_decorator to 2023-11-06T19:49:18.069634+00:00, run_after=2023-11-07T19:49:18.069634+00:00
[2023-11-07T19:49:18.091+0000] {processor.py:179} INFO - Processing /usr/local/lib/python3.10/dist-packages/airflow/example_dags/example_task_group_decorator.py took 0.078 seconds
[2023-11-07T19:50:04.997+0000] {processor.py:157} INFO - Started process (PID=4685) to work on /usr/local/lib/python3.10/dist-packages/airflow/example_dags/example_task_group_decorator.py
[2023-11-07T19:50:04.998+0000] {processor.py:829} INFO - Processing file /usr/local/lib/python3.10/dist-packages/airflow/example_dags/example_task_group_decorator.py for tasks to queue
[2023-11-07T19:50:04.999+0000] {logging_mixin.py:154} INFO - [2023-11-07T19:50:04.999+0000] {dagbag.py:536} INFO - Filling up the DagBag from /usr/local/lib/python3.10/dist-packages/airflow/example_dags/example_task_group_decorator.py
[2023-11-07T19:50:05.019+0000] {processor.py:839} INFO - DAG(s) dict_keys(['example_task_group_decorator']) retrieved from /usr/local/lib/python3.10/dist-packages/airflow/example_dags/example_task_group_decorator.py
[2023-11-07T19:50:05.082+0000] {logging_mixin.py:154} INFO - [2023-11-07T19:50:05.082+0000] {dag.py:2941} INFO - Sync 1 DAGs
[2023-11-07T19:50:05.113+0000] {logging_mixin.py:154} INFO - [2023-11-07T19:50:05.113+0000] {dag.py:3722} INFO - Setting next_dagrun for example_task_group_decorator to 2023-11-06T19:50:05.112982+00:00, run_after=2023-11-07T19:50:05.112982+00:00
[2023-11-07T19:50:05.135+0000] {processor.py:179} INFO - Processing /usr/local/lib/python3.10/dist-packages/airflow/example_dags/example_task_group_decorator.py took 0.142 seconds
[2023-11-07T19:50:54.600+0000] {processor.py:157} INFO - Started process (PID=4736) to work on /usr/local/lib/python3.10/dist-packages/airflow/example_dags/example_task_group_decorator.py
[2023-11-07T19:50:54.601+0000] {processor.py:829} INFO - Processing file /usr/local/lib/python3.10/dist-packages/airflow/example_dags/example_task_group_decorator.py for tasks to queue
[2023-11-07T19:50:54.602+0000] {logging_mixin.py:154} INFO - [2023-11-07T19:50:54.602+0000] {dagbag.py:536} INFO - Filling up the DagBag from /usr/local/lib/python3.10/dist-packages/airflow/example_dags/example_task_group_decorator.py
[2023-11-07T19:50:54.617+0000] {processor.py:839} INFO - DAG(s) dict_keys(['example_task_group_decorator']) retrieved from /usr/local/lib/python3.10/dist-packages/airflow/example_dags/example_task_group_decorator.py
[2023-11-07T19:50:54.639+0000] {logging_mixin.py:154} INFO - [2023-11-07T19:50:54.639+0000] {dag.py:2941} INFO - Sync 1 DAGs
[2023-11-07T19:50:54.659+0000] {logging_mixin.py:154} INFO - [2023-11-07T19:50:54.659+0000] {dag.py:3722} INFO - Setting next_dagrun for example_task_group_decorator to 2023-11-06T19:50:54.659223+00:00, run_after=2023-11-07T19:50:54.659223+00:00
[2023-11-07T19:50:54.690+0000] {processor.py:179} INFO - Processing /usr/local/lib/python3.10/dist-packages/airflow/example_dags/example_task_group_decorator.py took 0.092 seconds
[2023-11-07T19:51:27.772+0000] {processor.py:157} INFO - Started process (PID=4771) to work on /usr/local/lib/python3.10/dist-packages/airflow/example_dags/example_task_group_decorator.py
[2023-11-07T19:51:27.773+0000] {processor.py:829} INFO - Processing file /usr/local/lib/python3.10/dist-packages/airflow/example_dags/example_task_group_decorator.py for tasks to queue
[2023-11-07T19:51:27.775+0000] {logging_mixin.py:154} INFO - [2023-11-07T19:51:27.774+0000] {dagbag.py:536} INFO - Filling up the DagBag from /usr/local/lib/python3.10/dist-packages/airflow/example_dags/example_task_group_decorator.py
[2023-11-07T19:51:27.796+0000] {processor.py:839} INFO - DAG(s) dict_keys(['example_task_group_decorator']) retrieved from /usr/local/lib/python3.10/dist-packages/airflow/example_dags/example_task_group_decorator.py
[2023-11-07T19:51:27.816+0000] {logging_mixin.py:154} INFO - [2023-11-07T19:51:27.816+0000] {dag.py:2941} INFO - Sync 1 DAGs
[2023-11-07T19:51:27.835+0000] {logging_mixin.py:154} INFO - [2023-11-07T19:51:27.835+0000] {dag.py:3722} INFO - Setting next_dagrun for example_task_group_decorator to 2023-11-06T19:51:27.835203+00:00, run_after=2023-11-07T19:51:27.835203+00:00
[2023-11-07T19:51:27.859+0000] {processor.py:179} INFO - Processing /usr/local/lib/python3.10/dist-packages/airflow/example_dags/example_task_group_decorator.py took 0.093 seconds
[2023-11-07T19:52:19.476+0000] {processor.py:157} INFO - Started process (PID=4823) to work on /usr/local/lib/python3.10/dist-packages/airflow/example_dags/example_task_group_decorator.py
[2023-11-07T19:52:19.478+0000] {processor.py:829} INFO - Processing file /usr/local/lib/python3.10/dist-packages/airflow/example_dags/example_task_group_decorator.py for tasks to queue
[2023-11-07T19:52:19.478+0000] {logging_mixin.py:154} INFO - [2023-11-07T19:52:19.478+0000] {dagbag.py:536} INFO - Filling up the DagBag from /usr/local/lib/python3.10/dist-packages/airflow/example_dags/example_task_group_decorator.py
[2023-11-07T19:52:19.500+0000] {processor.py:839} INFO - DAG(s) dict_keys(['example_task_group_decorator']) retrieved from /usr/local/lib/python3.10/dist-packages/airflow/example_dags/example_task_group_decorator.py
[2023-11-07T19:52:19.525+0000] {logging_mixin.py:154} INFO - [2023-11-07T19:52:19.525+0000] {dag.py:2941} INFO - Sync 1 DAGs
[2023-11-07T19:52:19.545+0000] {logging_mixin.py:154} INFO - [2023-11-07T19:52:19.545+0000] {dag.py:3722} INFO - Setting next_dagrun for example_task_group_decorator to 2023-11-06T19:52:19.545310+00:00, run_after=2023-11-07T19:52:19.545310+00:00
[2023-11-07T19:52:19.577+0000] {processor.py:179} INFO - Processing /usr/local/lib/python3.10/dist-packages/airflow/example_dags/example_task_group_decorator.py took 0.105 seconds
[2023-11-07T19:52:55.825+0000] {processor.py:157} INFO - Started process (PID=4860) to work on /usr/local/lib/python3.10/dist-packages/airflow/example_dags/example_task_group_decorator.py
[2023-11-07T19:52:55.826+0000] {processor.py:829} INFO - Processing file /usr/local/lib/python3.10/dist-packages/airflow/example_dags/example_task_group_decorator.py for tasks to queue
[2023-11-07T19:52:55.827+0000] {logging_mixin.py:154} INFO - [2023-11-07T19:52:55.827+0000] {dagbag.py:536} INFO - Filling up the DagBag from /usr/local/lib/python3.10/dist-packages/airflow/example_dags/example_task_group_decorator.py
[2023-11-07T19:52:55.841+0000] {processor.py:839} INFO - DAG(s) dict_keys(['example_task_group_decorator']) retrieved from /usr/local/lib/python3.10/dist-packages/airflow/example_dags/example_task_group_decorator.py
[2023-11-07T19:52:55.862+0000] {logging_mixin.py:154} INFO - [2023-11-07T19:52:55.862+0000] {dag.py:2941} INFO - Sync 1 DAGs
[2023-11-07T19:52:55.887+0000] {logging_mixin.py:154} INFO - [2023-11-07T19:52:55.887+0000] {dag.py:3722} INFO - Setting next_dagrun for example_task_group_decorator to 2023-11-06T19:52:55.887223+00:00, run_after=2023-11-07T19:52:55.887223+00:00
[2023-11-07T19:52:55.912+0000] {processor.py:179} INFO - Processing /usr/local/lib/python3.10/dist-packages/airflow/example_dags/example_task_group_decorator.py took 0.090 seconds
[2023-11-07T19:53:31.533+0000] {processor.py:157} INFO - Started process (PID=4895) to work on /usr/local/lib/python3.10/dist-packages/airflow/example_dags/example_task_group_decorator.py
[2023-11-07T19:53:31.535+0000] {processor.py:829} INFO - Processing file /usr/local/lib/python3.10/dist-packages/airflow/example_dags/example_task_group_decorator.py for tasks to queue
[2023-11-07T19:53:31.537+0000] {logging_mixin.py:154} INFO - [2023-11-07T19:53:31.536+0000] {dagbag.py:536} INFO - Filling up the DagBag from /usr/local/lib/python3.10/dist-packages/airflow/example_dags/example_task_group_decorator.py
[2023-11-07T19:53:31.564+0000] {processor.py:839} INFO - DAG(s) dict_keys(['example_task_group_decorator']) retrieved from /usr/local/lib/python3.10/dist-packages/airflow/example_dags/example_task_group_decorator.py
[2023-11-07T19:53:31.601+0000] {logging_mixin.py:154} INFO - [2023-11-07T19:53:31.600+0000] {dag.py:2941} INFO - Sync 1 DAGs
[2023-11-07T19:53:31.623+0000] {logging_mixin.py:154} INFO - [2023-11-07T19:53:31.623+0000] {dag.py:3722} INFO - Setting next_dagrun for example_task_group_decorator to 2023-11-06T19:53:31.622793+00:00, run_after=2023-11-07T19:53:31.622793+00:00
[2023-11-07T19:53:31.645+0000] {processor.py:179} INFO - Processing /usr/local/lib/python3.10/dist-packages/airflow/example_dags/example_task_group_decorator.py took 0.121 seconds
[2023-11-07T19:54:07.065+0000] {processor.py:157} INFO - Started process (PID=4930) to work on /usr/local/lib/python3.10/dist-packages/airflow/example_dags/example_task_group_decorator.py
[2023-11-07T19:54:07.066+0000] {processor.py:829} INFO - Processing file /usr/local/lib/python3.10/dist-packages/airflow/example_dags/example_task_group_decorator.py for tasks to queue
[2023-11-07T19:54:07.067+0000] {logging_mixin.py:154} INFO - [2023-11-07T19:54:07.066+0000] {dagbag.py:536} INFO - Filling up the DagBag from /usr/local/lib/python3.10/dist-packages/airflow/example_dags/example_task_group_decorator.py
[2023-11-07T19:54:07.083+0000] {processor.py:839} INFO - DAG(s) dict_keys(['example_task_group_decorator']) retrieved from /usr/local/lib/python3.10/dist-packages/airflow/example_dags/example_task_group_decorator.py
[2023-11-07T19:54:07.106+0000] {logging_mixin.py:154} INFO - [2023-11-07T19:54:07.105+0000] {dag.py:2941} INFO - Sync 1 DAGs
[2023-11-07T19:54:07.134+0000] {logging_mixin.py:154} INFO - [2023-11-07T19:54:07.134+0000] {dag.py:3722} INFO - Setting next_dagrun for example_task_group_decorator to 2023-11-06T19:54:07.133867+00:00, run_after=2023-11-07T19:54:07.133867+00:00
[2023-11-07T19:54:07.176+0000] {processor.py:179} INFO - Processing /usr/local/lib/python3.10/dist-packages/airflow/example_dags/example_task_group_decorator.py took 0.114 seconds
[2023-11-07T19:54:42.172+0000] {processor.py:157} INFO - Started process (PID=4966) to work on /usr/local/lib/python3.10/dist-packages/airflow/example_dags/example_task_group_decorator.py
[2023-11-07T19:54:42.173+0000] {processor.py:829} INFO - Processing file /usr/local/lib/python3.10/dist-packages/airflow/example_dags/example_task_group_decorator.py for tasks to queue
[2023-11-07T19:54:42.173+0000] {logging_mixin.py:154} INFO - [2023-11-07T19:54:42.173+0000] {dagbag.py:536} INFO - Filling up the DagBag from /usr/local/lib/python3.10/dist-packages/airflow/example_dags/example_task_group_decorator.py
[2023-11-07T19:54:42.194+0000] {processor.py:839} INFO - DAG(s) dict_keys(['example_task_group_decorator']) retrieved from /usr/local/lib/python3.10/dist-packages/airflow/example_dags/example_task_group_decorator.py
[2023-11-07T19:54:42.213+0000] {logging_mixin.py:154} INFO - [2023-11-07T19:54:42.213+0000] {dag.py:2941} INFO - Sync 1 DAGs
[2023-11-07T19:54:42.233+0000] {logging_mixin.py:154} INFO - [2023-11-07T19:54:42.233+0000] {dag.py:3722} INFO - Setting next_dagrun for example_task_group_decorator to 2023-11-06T19:54:42.233406+00:00, run_after=2023-11-07T19:54:42.233406+00:00
[2023-11-07T19:54:42.255+0000] {processor.py:179} INFO - Processing /usr/local/lib/python3.10/dist-packages/airflow/example_dags/example_task_group_decorator.py took 0.086 seconds
[2023-11-07T19:55:33.523+0000] {processor.py:157} INFO - Started process (PID=5017) to work on /usr/local/lib/python3.10/dist-packages/airflow/example_dags/example_task_group_decorator.py
[2023-11-07T19:55:33.524+0000] {processor.py:829} INFO - Processing file /usr/local/lib/python3.10/dist-packages/airflow/example_dags/example_task_group_decorator.py for tasks to queue
[2023-11-07T19:55:33.524+0000] {logging_mixin.py:154} INFO - [2023-11-07T19:55:33.524+0000] {dagbag.py:536} INFO - Filling up the DagBag from /usr/local/lib/python3.10/dist-packages/airflow/example_dags/example_task_group_decorator.py
[2023-11-07T19:55:33.540+0000] {processor.py:839} INFO - DAG(s) dict_keys(['example_task_group_decorator']) retrieved from /usr/local/lib/python3.10/dist-packages/airflow/example_dags/example_task_group_decorator.py
[2023-11-07T19:55:33.560+0000] {logging_mixin.py:154} INFO - [2023-11-07T19:55:33.559+0000] {dag.py:2941} INFO - Sync 1 DAGs
[2023-11-07T19:55:33.579+0000] {logging_mixin.py:154} INFO - [2023-11-07T19:55:33.578+0000] {dag.py:3722} INFO - Setting next_dagrun for example_task_group_decorator to 2023-11-06T19:55:33.578694+00:00, run_after=2023-11-07T19:55:33.578694+00:00
[2023-11-07T19:55:33.607+0000] {processor.py:179} INFO - Processing /usr/local/lib/python3.10/dist-packages/airflow/example_dags/example_task_group_decorator.py took 0.088 seconds
[2023-11-07T19:56:10.323+0000] {processor.py:157} INFO - Started process (PID=5053) to work on /usr/local/lib/python3.10/dist-packages/airflow/example_dags/example_task_group_decorator.py
[2023-11-07T19:56:10.325+0000] {processor.py:829} INFO - Processing file /usr/local/lib/python3.10/dist-packages/airflow/example_dags/example_task_group_decorator.py for tasks to queue
[2023-11-07T19:56:10.325+0000] {logging_mixin.py:154} INFO - [2023-11-07T19:56:10.325+0000] {dagbag.py:536} INFO - Filling up the DagBag from /usr/local/lib/python3.10/dist-packages/airflow/example_dags/example_task_group_decorator.py
[2023-11-07T19:56:10.342+0000] {processor.py:839} INFO - DAG(s) dict_keys(['example_task_group_decorator']) retrieved from /usr/local/lib/python3.10/dist-packages/airflow/example_dags/example_task_group_decorator.py
[2023-11-07T19:56:10.374+0000] {logging_mixin.py:154} INFO - [2023-11-07T19:56:10.374+0000] {dag.py:2941} INFO - Sync 1 DAGs
[2023-11-07T19:56:10.405+0000] {logging_mixin.py:154} INFO - [2023-11-07T19:56:10.405+0000] {dag.py:3722} INFO - Setting next_dagrun for example_task_group_decorator to 2023-11-06T19:56:10.404813+00:00, run_after=2023-11-07T19:56:10.404813+00:00
[2023-11-07T19:56:10.429+0000] {processor.py:179} INFO - Processing /usr/local/lib/python3.10/dist-packages/airflow/example_dags/example_task_group_decorator.py took 0.109 seconds
[2023-11-07T19:56:46.403+0000] {processor.py:157} INFO - Started process (PID=5089) to work on /usr/local/lib/python3.10/dist-packages/airflow/example_dags/example_task_group_decorator.py
[2023-11-07T19:56:46.404+0000] {processor.py:829} INFO - Processing file /usr/local/lib/python3.10/dist-packages/airflow/example_dags/example_task_group_decorator.py for tasks to queue
[2023-11-07T19:56:46.405+0000] {logging_mixin.py:154} INFO - [2023-11-07T19:56:46.404+0000] {dagbag.py:536} INFO - Filling up the DagBag from /usr/local/lib/python3.10/dist-packages/airflow/example_dags/example_task_group_decorator.py
[2023-11-07T19:56:46.422+0000] {processor.py:839} INFO - DAG(s) dict_keys(['example_task_group_decorator']) retrieved from /usr/local/lib/python3.10/dist-packages/airflow/example_dags/example_task_group_decorator.py
[2023-11-07T19:56:46.443+0000] {logging_mixin.py:154} INFO - [2023-11-07T19:56:46.443+0000] {dag.py:2941} INFO - Sync 1 DAGs
[2023-11-07T19:56:46.465+0000] {logging_mixin.py:154} INFO - [2023-11-07T19:56:46.465+0000] {dag.py:3722} INFO - Setting next_dagrun for example_task_group_decorator to 2023-11-06T19:56:46.465010+00:00, run_after=2023-11-07T19:56:46.465010+00:00
[2023-11-07T19:56:46.488+0000] {processor.py:179} INFO - Processing /usr/local/lib/python3.10/dist-packages/airflow/example_dags/example_task_group_decorator.py took 0.089 seconds
[2023-11-07T19:57:39.653+0000] {processor.py:157} INFO - Started process (PID=5142) to work on /usr/local/lib/python3.10/dist-packages/airflow/example_dags/example_task_group_decorator.py
[2023-11-07T19:57:39.655+0000] {processor.py:829} INFO - Processing file /usr/local/lib/python3.10/dist-packages/airflow/example_dags/example_task_group_decorator.py for tasks to queue
[2023-11-07T19:57:39.655+0000] {logging_mixin.py:154} INFO - [2023-11-07T19:57:39.655+0000] {dagbag.py:536} INFO - Filling up the DagBag from /usr/local/lib/python3.10/dist-packages/airflow/example_dags/example_task_group_decorator.py
[2023-11-07T19:57:39.670+0000] {processor.py:839} INFO - DAG(s) dict_keys(['example_task_group_decorator']) retrieved from /usr/local/lib/python3.10/dist-packages/airflow/example_dags/example_task_group_decorator.py
[2023-11-07T19:57:39.691+0000] {logging_mixin.py:154} INFO - [2023-11-07T19:57:39.691+0000] {dag.py:2941} INFO - Sync 1 DAGs
[2023-11-07T19:57:39.712+0000] {logging_mixin.py:154} INFO - [2023-11-07T19:57:39.711+0000] {dag.py:3722} INFO - Setting next_dagrun for example_task_group_decorator to 2023-11-06T19:57:39.711733+00:00, run_after=2023-11-07T19:57:39.711733+00:00
[2023-11-07T19:57:39.740+0000] {processor.py:179} INFO - Processing /usr/local/lib/python3.10/dist-packages/airflow/example_dags/example_task_group_decorator.py took 0.090 seconds
[2023-11-07T19:58:25.808+0000] {processor.py:157} INFO - Started process (PID=5190) to work on /usr/local/lib/python3.10/dist-packages/airflow/example_dags/example_task_group_decorator.py
[2023-11-07T19:58:25.809+0000] {processor.py:829} INFO - Processing file /usr/local/lib/python3.10/dist-packages/airflow/example_dags/example_task_group_decorator.py for tasks to queue
[2023-11-07T19:58:25.810+0000] {logging_mixin.py:154} INFO - [2023-11-07T19:58:25.810+0000] {dagbag.py:536} INFO - Filling up the DagBag from /usr/local/lib/python3.10/dist-packages/airflow/example_dags/example_task_group_decorator.py
[2023-11-07T19:58:25.826+0000] {processor.py:839} INFO - DAG(s) dict_keys(['example_task_group_decorator']) retrieved from /usr/local/lib/python3.10/dist-packages/airflow/example_dags/example_task_group_decorator.py
[2023-11-07T19:58:25.847+0000] {logging_mixin.py:154} INFO - [2023-11-07T19:58:25.847+0000] {dag.py:2941} INFO - Sync 1 DAGs
[2023-11-07T19:58:25.867+0000] {logging_mixin.py:154} INFO - [2023-11-07T19:58:25.867+0000] {dag.py:3722} INFO - Setting next_dagrun for example_task_group_decorator to 2023-11-06T19:58:25.867020+00:00, run_after=2023-11-07T19:58:25.867020+00:00
[2023-11-07T19:58:25.888+0000] {processor.py:179} INFO - Processing /usr/local/lib/python3.10/dist-packages/airflow/example_dags/example_task_group_decorator.py took 0.083 seconds
[2023-11-07T19:59:17.940+0000] {processor.py:157} INFO - Started process (PID=5242) to work on /usr/local/lib/python3.10/dist-packages/airflow/example_dags/example_task_group_decorator.py
[2023-11-07T19:59:17.941+0000] {processor.py:829} INFO - Processing file /usr/local/lib/python3.10/dist-packages/airflow/example_dags/example_task_group_decorator.py for tasks to queue
[2023-11-07T19:59:17.942+0000] {logging_mixin.py:154} INFO - [2023-11-07T19:59:17.942+0000] {dagbag.py:536} INFO - Filling up the DagBag from /usr/local/lib/python3.10/dist-packages/airflow/example_dags/example_task_group_decorator.py
[2023-11-07T19:59:17.960+0000] {processor.py:839} INFO - DAG(s) dict_keys(['example_task_group_decorator']) retrieved from /usr/local/lib/python3.10/dist-packages/airflow/example_dags/example_task_group_decorator.py
[2023-11-07T19:59:17.985+0000] {logging_mixin.py:154} INFO - [2023-11-07T19:59:17.984+0000] {dag.py:2941} INFO - Sync 1 DAGs
[2023-11-07T19:59:18.012+0000] {logging_mixin.py:154} INFO - [2023-11-07T19:59:18.012+0000] {dag.py:3722} INFO - Setting next_dagrun for example_task_group_decorator to 2023-11-06T19:59:18.011836+00:00, run_after=2023-11-07T19:59:18.011836+00:00
[2023-11-07T19:59:18.039+0000] {processor.py:179} INFO - Processing /usr/local/lib/python3.10/dist-packages/airflow/example_dags/example_task_group_decorator.py took 0.103 seconds
[2023-11-07T20:00:08.939+0000] {processor.py:157} INFO - Started process (PID=5294) to work on /usr/local/lib/python3.10/dist-packages/airflow/example_dags/example_task_group_decorator.py
[2023-11-07T20:00:08.941+0000] {processor.py:829} INFO - Processing file /usr/local/lib/python3.10/dist-packages/airflow/example_dags/example_task_group_decorator.py for tasks to queue
[2023-11-07T20:00:08.941+0000] {logging_mixin.py:154} INFO - [2023-11-07T20:00:08.941+0000] {dagbag.py:536} INFO - Filling up the DagBag from /usr/local/lib/python3.10/dist-packages/airflow/example_dags/example_task_group_decorator.py
[2023-11-07T20:00:08.962+0000] {processor.py:839} INFO - DAG(s) dict_keys(['example_task_group_decorator']) retrieved from /usr/local/lib/python3.10/dist-packages/airflow/example_dags/example_task_group_decorator.py
[2023-11-07T20:00:08.982+0000] {logging_mixin.py:154} INFO - [2023-11-07T20:00:08.982+0000] {dag.py:2941} INFO - Sync 1 DAGs
[2023-11-07T20:00:09.005+0000] {logging_mixin.py:154} INFO - [2023-11-07T20:00:09.005+0000] {dag.py:3722} INFO - Setting next_dagrun for example_task_group_decorator to 2023-11-06T20:00:09.005056+00:00, run_after=2023-11-07T20:00:09.005056+00:00
[2023-11-07T20:00:09.032+0000] {processor.py:179} INFO - Processing /usr/local/lib/python3.10/dist-packages/airflow/example_dags/example_task_group_decorator.py took 0.097 seconds
[2023-11-07T20:00:46.919+0000] {processor.py:157} INFO - Started process (PID=5331) to work on /usr/local/lib/python3.10/dist-packages/airflow/example_dags/example_task_group_decorator.py
[2023-11-07T20:00:46.920+0000] {processor.py:829} INFO - Processing file /usr/local/lib/python3.10/dist-packages/airflow/example_dags/example_task_group_decorator.py for tasks to queue
[2023-11-07T20:00:46.921+0000] {logging_mixin.py:154} INFO - [2023-11-07T20:00:46.921+0000] {dagbag.py:536} INFO - Filling up the DagBag from /usr/local/lib/python3.10/dist-packages/airflow/example_dags/example_task_group_decorator.py
[2023-11-07T20:00:46.936+0000] {processor.py:839} INFO - DAG(s) dict_keys(['example_task_group_decorator']) retrieved from /usr/local/lib/python3.10/dist-packages/airflow/example_dags/example_task_group_decorator.py
[2023-11-07T20:00:46.959+0000] {logging_mixin.py:154} INFO - [2023-11-07T20:00:46.959+0000] {dag.py:2941} INFO - Sync 1 DAGs
[2023-11-07T20:00:46.982+0000] {logging_mixin.py:154} INFO - [2023-11-07T20:00:46.981+0000] {dag.py:3722} INFO - Setting next_dagrun for example_task_group_decorator to 2023-11-06T20:00:46.981459+00:00, run_after=2023-11-07T20:00:46.981459+00:00
[2023-11-07T20:00:47.004+0000] {processor.py:179} INFO - Processing /usr/local/lib/python3.10/dist-packages/airflow/example_dags/example_task_group_decorator.py took 0.088 seconds
[2023-11-07T20:01:36.191+0000] {processor.py:157} INFO - Started process (PID=5382) to work on /usr/local/lib/python3.10/dist-packages/airflow/example_dags/example_task_group_decorator.py
[2023-11-07T20:01:36.192+0000] {processor.py:829} INFO - Processing file /usr/local/lib/python3.10/dist-packages/airflow/example_dags/example_task_group_decorator.py for tasks to queue
[2023-11-07T20:01:36.193+0000] {logging_mixin.py:154} INFO - [2023-11-07T20:01:36.193+0000] {dagbag.py:536} INFO - Filling up the DagBag from /usr/local/lib/python3.10/dist-packages/airflow/example_dags/example_task_group_decorator.py
[2023-11-07T20:01:36.208+0000] {processor.py:839} INFO - DAG(s) dict_keys(['example_task_group_decorator']) retrieved from /usr/local/lib/python3.10/dist-packages/airflow/example_dags/example_task_group_decorator.py
[2023-11-07T20:01:36.227+0000] {logging_mixin.py:154} INFO - [2023-11-07T20:01:36.227+0000] {dag.py:2941} INFO - Sync 1 DAGs
[2023-11-07T20:01:36.244+0000] {logging_mixin.py:154} INFO - [2023-11-07T20:01:36.244+0000] {dag.py:3722} INFO - Setting next_dagrun for example_task_group_decorator to 2023-11-06T20:01:36.244486+00:00, run_after=2023-11-07T20:01:36.244486+00:00
[2023-11-07T20:01:36.265+0000] {processor.py:179} INFO - Processing /usr/local/lib/python3.10/dist-packages/airflow/example_dags/example_task_group_decorator.py took 0.077 seconds
[2023-11-07T20:02:18.134+0000] {processor.py:157} INFO - Started process (PID=5426) to work on /usr/local/lib/python3.10/dist-packages/airflow/example_dags/example_task_group_decorator.py
[2023-11-07T20:02:18.137+0000] {processor.py:829} INFO - Processing file /usr/local/lib/python3.10/dist-packages/airflow/example_dags/example_task_group_decorator.py for tasks to queue
[2023-11-07T20:02:18.138+0000] {logging_mixin.py:154} INFO - [2023-11-07T20:02:18.138+0000] {dagbag.py:536} INFO - Filling up the DagBag from /usr/local/lib/python3.10/dist-packages/airflow/example_dags/example_task_group_decorator.py
[2023-11-07T20:02:18.157+0000] {processor.py:839} INFO - DAG(s) dict_keys(['example_task_group_decorator']) retrieved from /usr/local/lib/python3.10/dist-packages/airflow/example_dags/example_task_group_decorator.py
[2023-11-07T20:02:18.183+0000] {logging_mixin.py:154} INFO - [2023-11-07T20:02:18.183+0000] {dag.py:2941} INFO - Sync 1 DAGs
[2023-11-07T20:02:18.204+0000] {logging_mixin.py:154} INFO - [2023-11-07T20:02:18.204+0000] {dag.py:3722} INFO - Setting next_dagrun for example_task_group_decorator to 2023-11-06T20:02:18.203920+00:00, run_after=2023-11-07T20:02:18.203920+00:00
[2023-11-07T20:02:18.229+0000] {processor.py:179} INFO - Processing /usr/local/lib/python3.10/dist-packages/airflow/example_dags/example_task_group_decorator.py took 0.098 seconds
[2023-11-07T20:03:07.726+0000] {processor.py:157} INFO - Started process (PID=5478) to work on /usr/local/lib/python3.10/dist-packages/airflow/example_dags/example_task_group_decorator.py
[2023-11-07T20:03:07.728+0000] {processor.py:829} INFO - Processing file /usr/local/lib/python3.10/dist-packages/airflow/example_dags/example_task_group_decorator.py for tasks to queue
[2023-11-07T20:03:07.728+0000] {logging_mixin.py:154} INFO - [2023-11-07T20:03:07.728+0000] {dagbag.py:536} INFO - Filling up the DagBag from /usr/local/lib/python3.10/dist-packages/airflow/example_dags/example_task_group_decorator.py
[2023-11-07T20:03:07.745+0000] {processor.py:839} INFO - DAG(s) dict_keys(['example_task_group_decorator']) retrieved from /usr/local/lib/python3.10/dist-packages/airflow/example_dags/example_task_group_decorator.py
[2023-11-07T20:03:07.767+0000] {logging_mixin.py:154} INFO - [2023-11-07T20:03:07.767+0000] {dag.py:2941} INFO - Sync 1 DAGs
[2023-11-07T20:03:07.787+0000] {logging_mixin.py:154} INFO - [2023-11-07T20:03:07.787+0000] {dag.py:3722} INFO - Setting next_dagrun for example_task_group_decorator to 2023-11-06T20:03:07.787037+00:00, run_after=2023-11-07T20:03:07.787037+00:00
[2023-11-07T20:03:07.820+0000] {processor.py:179} INFO - Processing /usr/local/lib/python3.10/dist-packages/airflow/example_dags/example_task_group_decorator.py took 0.097 seconds
[2023-11-07T20:03:44.833+0000] {processor.py:157} INFO - Started process (PID=5516) to work on /usr/local/lib/python3.10/dist-packages/airflow/example_dags/example_task_group_decorator.py
[2023-11-07T20:03:44.834+0000] {processor.py:829} INFO - Processing file /usr/local/lib/python3.10/dist-packages/airflow/example_dags/example_task_group_decorator.py for tasks to queue
[2023-11-07T20:03:44.835+0000] {logging_mixin.py:154} INFO - [2023-11-07T20:03:44.835+0000] {dagbag.py:536} INFO - Filling up the DagBag from /usr/local/lib/python3.10/dist-packages/airflow/example_dags/example_task_group_decorator.py
[2023-11-07T20:03:44.851+0000] {processor.py:839} INFO - DAG(s) dict_keys(['example_task_group_decorator']) retrieved from /usr/local/lib/python3.10/dist-packages/airflow/example_dags/example_task_group_decorator.py
[2023-11-07T20:03:44.871+0000] {logging_mixin.py:154} INFO - [2023-11-07T20:03:44.871+0000] {dag.py:2941} INFO - Sync 1 DAGs
[2023-11-07T20:03:44.891+0000] {logging_mixin.py:154} INFO - [2023-11-07T20:03:44.891+0000] {dag.py:3722} INFO - Setting next_dagrun for example_task_group_decorator to 2023-11-06T20:03:44.891450+00:00, run_after=2023-11-07T20:03:44.891450+00:00
[2023-11-07T20:03:44.914+0000] {processor.py:179} INFO - Processing /usr/local/lib/python3.10/dist-packages/airflow/example_dags/example_task_group_decorator.py took 0.084 seconds
[2023-11-07T20:04:31.753+0000] {processor.py:157} INFO - Started process (PID=5565) to work on /usr/local/lib/python3.10/dist-packages/airflow/example_dags/example_task_group_decorator.py
[2023-11-07T20:04:31.755+0000] {processor.py:829} INFO - Processing file /usr/local/lib/python3.10/dist-packages/airflow/example_dags/example_task_group_decorator.py for tasks to queue
[2023-11-07T20:04:31.756+0000] {logging_mixin.py:154} INFO - [2023-11-07T20:04:31.755+0000] {dagbag.py:536} INFO - Filling up the DagBag from /usr/local/lib/python3.10/dist-packages/airflow/example_dags/example_task_group_decorator.py
[2023-11-07T20:04:31.773+0000] {processor.py:839} INFO - DAG(s) dict_keys(['example_task_group_decorator']) retrieved from /usr/local/lib/python3.10/dist-packages/airflow/example_dags/example_task_group_decorator.py
[2023-11-07T20:04:31.796+0000] {logging_mixin.py:154} INFO - [2023-11-07T20:04:31.795+0000] {dag.py:2941} INFO - Sync 1 DAGs
[2023-11-07T20:04:31.819+0000] {logging_mixin.py:154} INFO - [2023-11-07T20:04:31.819+0000] {dag.py:3722} INFO - Setting next_dagrun for example_task_group_decorator to 2023-11-06T20:04:31.818986+00:00, run_after=2023-11-07T20:04:31.818986+00:00
[2023-11-07T20:04:31.845+0000] {processor.py:179} INFO - Processing /usr/local/lib/python3.10/dist-packages/airflow/example_dags/example_task_group_decorator.py took 0.096 seconds
[2023-11-07T20:05:22.472+0000] {processor.py:157} INFO - Started process (PID=5616) to work on /usr/local/lib/python3.10/dist-packages/airflow/example_dags/example_task_group_decorator.py
[2023-11-07T20:05:22.474+0000] {processor.py:829} INFO - Processing file /usr/local/lib/python3.10/dist-packages/airflow/example_dags/example_task_group_decorator.py for tasks to queue
[2023-11-07T20:05:22.474+0000] {logging_mixin.py:154} INFO - [2023-11-07T20:05:22.474+0000] {dagbag.py:536} INFO - Filling up the DagBag from /usr/local/lib/python3.10/dist-packages/airflow/example_dags/example_task_group_decorator.py
[2023-11-07T20:05:22.495+0000] {processor.py:839} INFO - DAG(s) dict_keys(['example_task_group_decorator']) retrieved from /usr/local/lib/python3.10/dist-packages/airflow/example_dags/example_task_group_decorator.py
[2023-11-07T20:05:22.521+0000] {logging_mixin.py:154} INFO - [2023-11-07T20:05:22.521+0000] {dag.py:2941} INFO - Sync 1 DAGs
[2023-11-07T20:05:22.548+0000] {logging_mixin.py:154} INFO - [2023-11-07T20:05:22.548+0000] {dag.py:3722} INFO - Setting next_dagrun for example_task_group_decorator to 2023-11-06T20:05:22.548018+00:00, run_after=2023-11-07T20:05:22.548018+00:00
[2023-11-07T20:05:22.572+0000] {processor.py:179} INFO - Processing /usr/local/lib/python3.10/dist-packages/airflow/example_dags/example_task_group_decorator.py took 0.108 seconds
[2023-11-07T20:06:10.716+0000] {processor.py:157} INFO - Started process (PID=5666) to work on /usr/local/lib/python3.10/dist-packages/airflow/example_dags/example_task_group_decorator.py
[2023-11-07T20:06:10.717+0000] {processor.py:829} INFO - Processing file /usr/local/lib/python3.10/dist-packages/airflow/example_dags/example_task_group_decorator.py for tasks to queue
[2023-11-07T20:06:10.717+0000] {logging_mixin.py:154} INFO - [2023-11-07T20:06:10.717+0000] {dagbag.py:536} INFO - Filling up the DagBag from /usr/local/lib/python3.10/dist-packages/airflow/example_dags/example_task_group_decorator.py
[2023-11-07T20:06:10.733+0000] {processor.py:839} INFO - DAG(s) dict_keys(['example_task_group_decorator']) retrieved from /usr/local/lib/python3.10/dist-packages/airflow/example_dags/example_task_group_decorator.py
[2023-11-07T20:06:10.754+0000] {logging_mixin.py:154} INFO - [2023-11-07T20:06:10.754+0000] {dag.py:2941} INFO - Sync 1 DAGs
[2023-11-07T20:06:10.777+0000] {logging_mixin.py:154} INFO - [2023-11-07T20:06:10.776+0000] {dag.py:3722} INFO - Setting next_dagrun for example_task_group_decorator to 2023-11-06T20:06:10.776734+00:00, run_after=2023-11-07T20:06:10.776734+00:00
[2023-11-07T20:06:10.798+0000] {processor.py:179} INFO - Processing /usr/local/lib/python3.10/dist-packages/airflow/example_dags/example_task_group_decorator.py took 0.086 seconds
[2023-11-07T20:07:01.616+0000] {processor.py:157} INFO - Started process (PID=5717) to work on /usr/local/lib/python3.10/dist-packages/airflow/example_dags/example_task_group_decorator.py
[2023-11-07T20:07:01.618+0000] {processor.py:829} INFO - Processing file /usr/local/lib/python3.10/dist-packages/airflow/example_dags/example_task_group_decorator.py for tasks to queue
[2023-11-07T20:07:01.619+0000] {logging_mixin.py:154} INFO - [2023-11-07T20:07:01.618+0000] {dagbag.py:536} INFO - Filling up the DagBag from /usr/local/lib/python3.10/dist-packages/airflow/example_dags/example_task_group_decorator.py
[2023-11-07T20:07:01.644+0000] {processor.py:839} INFO - DAG(s) dict_keys(['example_task_group_decorator']) retrieved from /usr/local/lib/python3.10/dist-packages/airflow/example_dags/example_task_group_decorator.py
[2023-11-07T20:07:01.666+0000] {logging_mixin.py:154} INFO - [2023-11-07T20:07:01.666+0000] {dag.py:2941} INFO - Sync 1 DAGs
[2023-11-07T20:07:01.692+0000] {logging_mixin.py:154} INFO - [2023-11-07T20:07:01.692+0000] {dag.py:3722} INFO - Setting next_dagrun for example_task_group_decorator to 2023-11-06T20:07:01.691819+00:00, run_after=2023-11-07T20:07:01.691819+00:00
[2023-11-07T20:07:01.734+0000] {processor.py:179} INFO - Processing /usr/local/lib/python3.10/dist-packages/airflow/example_dags/example_task_group_decorator.py took 0.121 seconds
[2023-11-07T20:07:50.627+0000] {processor.py:157} INFO - Started process (PID=5770) to work on /usr/local/lib/python3.10/dist-packages/airflow/example_dags/example_task_group_decorator.py
[2023-11-07T20:07:50.628+0000] {processor.py:829} INFO - Processing file /usr/local/lib/python3.10/dist-packages/airflow/example_dags/example_task_group_decorator.py for tasks to queue
[2023-11-07T20:07:50.629+0000] {logging_mixin.py:154} INFO - [2023-11-07T20:07:50.629+0000] {dagbag.py:536} INFO - Filling up the DagBag from /usr/local/lib/python3.10/dist-packages/airflow/example_dags/example_task_group_decorator.py
[2023-11-07T20:07:50.645+0000] {processor.py:839} INFO - DAG(s) dict_keys(['example_task_group_decorator']) retrieved from /usr/local/lib/python3.10/dist-packages/airflow/example_dags/example_task_group_decorator.py
[2023-11-07T20:07:50.666+0000] {logging_mixin.py:154} INFO - [2023-11-07T20:07:50.666+0000] {dag.py:2941} INFO - Sync 1 DAGs
[2023-11-07T20:07:50.685+0000] {logging_mixin.py:154} INFO - [2023-11-07T20:07:50.685+0000] {dag.py:3722} INFO - Setting next_dagrun for example_task_group_decorator to 2023-11-06T20:07:50.685403+00:00, run_after=2023-11-07T20:07:50.685403+00:00
[2023-11-07T20:07:50.712+0000] {processor.py:179} INFO - Processing /usr/local/lib/python3.10/dist-packages/airflow/example_dags/example_task_group_decorator.py took 0.088 seconds
