[2023-11-07T19:32:14.710+0000] {processor.py:157} INFO - Started process (PID=3587) to work on /usr/local/lib/python3.10/dist-packages/airflow/example_dags/example_branch_day_of_week_operator.py
[2023-11-07T19:32:14.712+0000] {processor.py:829} INFO - Processing file /usr/local/lib/python3.10/dist-packages/airflow/example_dags/example_branch_day_of_week_operator.py for tasks to queue
[2023-11-07T19:32:14.712+0000] {logging_mixin.py:154} INFO - [2023-11-07T19:32:14.712+0000] {dagbag.py:536} INFO - Filling up the DagBag from /usr/local/lib/python3.10/dist-packages/airflow/example_dags/example_branch_day_of_week_operator.py
[2023-11-07T19:32:14.721+0000] {processor.py:839} INFO - DAG(s) dict_keys(['example_weekday_branch_operator']) retrieved from /usr/local/lib/python3.10/dist-packages/airflow/example_dags/example_branch_day_of_week_operator.py
[2023-11-07T19:32:14.824+0000] {logging_mixin.py:154} INFO - [2023-11-07T19:32:14.823+0000] {manager.py:499} INFO - Created Permission View: %s
[2023-11-07T19:32:14.835+0000] {logging_mixin.py:154} INFO - [2023-11-07T19:32:14.834+0000] {manager.py:499} INFO - Created Permission View: %s
[2023-11-07T19:32:14.843+0000] {logging_mixin.py:154} INFO - [2023-11-07T19:32:14.843+0000] {manager.py:499} INFO - Created Permission View: %s
[2023-11-07T19:32:14.843+0000] {logging_mixin.py:154} INFO - [2023-11-07T19:32:14.843+0000] {dag.py:2941} INFO - Sync 1 DAGs
[2023-11-07T19:32:14.854+0000] {logging_mixin.py:154} INFO - [2023-11-07T19:32:14.853+0000] {dag.py:2963} INFO - Creating ORM DAG for example_weekday_branch_operator
[2023-11-07T19:32:14.863+0000] {logging_mixin.py:154} INFO - [2023-11-07T19:32:14.863+0000] {dag.py:3722} INFO - Setting next_dagrun for example_weekday_branch_operator to 2023-11-06T00:00:00+00:00, run_after=2023-11-07T00:00:00+00:00
[2023-11-07T19:32:14.883+0000] {processor.py:179} INFO - Processing /usr/local/lib/python3.10/dist-packages/airflow/example_dags/example_branch_day_of_week_operator.py took 0.176 seconds
[2023-11-07T19:33:11.435+0000] {processor.py:157} INFO - Started process (PID=3645) to work on /usr/local/lib/python3.10/dist-packages/airflow/example_dags/example_branch_day_of_week_operator.py
[2023-11-07T19:33:11.438+0000] {processor.py:829} INFO - Processing file /usr/local/lib/python3.10/dist-packages/airflow/example_dags/example_branch_day_of_week_operator.py for tasks to queue
[2023-11-07T19:33:11.438+0000] {logging_mixin.py:154} INFO - [2023-11-07T19:33:11.438+0000] {dagbag.py:536} INFO - Filling up the DagBag from /usr/local/lib/python3.10/dist-packages/airflow/example_dags/example_branch_day_of_week_operator.py
[2023-11-07T19:33:11.447+0000] {processor.py:839} INFO - DAG(s) dict_keys(['example_weekday_branch_operator']) retrieved from /usr/local/lib/python3.10/dist-packages/airflow/example_dags/example_branch_day_of_week_operator.py
[2023-11-07T19:33:11.465+0000] {logging_mixin.py:154} INFO - [2023-11-07T19:33:11.464+0000] {dag.py:2941} INFO - Sync 1 DAGs
[2023-11-07T19:33:11.484+0000] {logging_mixin.py:154} INFO - [2023-11-07T19:33:11.484+0000] {dag.py:3722} INFO - Setting next_dagrun for example_weekday_branch_operator to 2023-11-06T00:00:00+00:00, run_after=2023-11-07T00:00:00+00:00
[2023-11-07T19:33:11.517+0000] {processor.py:179} INFO - Processing /usr/local/lib/python3.10/dist-packages/airflow/example_dags/example_branch_day_of_week_operator.py took 0.084 seconds
[2023-11-07T19:33:57.889+0000] {processor.py:157} INFO - Started process (PID=3693) to work on /usr/local/lib/python3.10/dist-packages/airflow/example_dags/example_branch_day_of_week_operator.py
[2023-11-07T19:33:57.890+0000] {processor.py:829} INFO - Processing file /usr/local/lib/python3.10/dist-packages/airflow/example_dags/example_branch_day_of_week_operator.py for tasks to queue
[2023-11-07T19:33:57.891+0000] {logging_mixin.py:154} INFO - [2023-11-07T19:33:57.890+0000] {dagbag.py:536} INFO - Filling up the DagBag from /usr/local/lib/python3.10/dist-packages/airflow/example_dags/example_branch_day_of_week_operator.py
[2023-11-07T19:33:57.900+0000] {processor.py:839} INFO - DAG(s) dict_keys(['example_weekday_branch_operator']) retrieved from /usr/local/lib/python3.10/dist-packages/airflow/example_dags/example_branch_day_of_week_operator.py
[2023-11-07T19:33:57.916+0000] {logging_mixin.py:154} INFO - [2023-11-07T19:33:57.916+0000] {dag.py:2941} INFO - Sync 1 DAGs
[2023-11-07T19:33:57.935+0000] {logging_mixin.py:154} INFO - [2023-11-07T19:33:57.935+0000] {dag.py:3722} INFO - Setting next_dagrun for example_weekday_branch_operator to 2023-11-06T00:00:00+00:00, run_after=2023-11-07T00:00:00+00:00
[2023-11-07T19:33:57.956+0000] {processor.py:179} INFO - Processing /usr/local/lib/python3.10/dist-packages/airflow/example_dags/example_branch_day_of_week_operator.py took 0.071 seconds
[2023-11-07T19:34:47.780+0000] {processor.py:157} INFO - Started process (PID=3744) to work on /usr/local/lib/python3.10/dist-packages/airflow/example_dags/example_branch_day_of_week_operator.py
[2023-11-07T19:34:47.781+0000] {processor.py:829} INFO - Processing file /usr/local/lib/python3.10/dist-packages/airflow/example_dags/example_branch_day_of_week_operator.py for tasks to queue
[2023-11-07T19:34:47.782+0000] {logging_mixin.py:154} INFO - [2023-11-07T19:34:47.781+0000] {dagbag.py:536} INFO - Filling up the DagBag from /usr/local/lib/python3.10/dist-packages/airflow/example_dags/example_branch_day_of_week_operator.py
[2023-11-07T19:34:47.791+0000] {processor.py:839} INFO - DAG(s) dict_keys(['example_weekday_branch_operator']) retrieved from /usr/local/lib/python3.10/dist-packages/airflow/example_dags/example_branch_day_of_week_operator.py
[2023-11-07T19:34:47.809+0000] {logging_mixin.py:154} INFO - [2023-11-07T19:34:47.809+0000] {dag.py:2941} INFO - Sync 1 DAGs
[2023-11-07T19:34:47.829+0000] {logging_mixin.py:154} INFO - [2023-11-07T19:34:47.829+0000] {dag.py:3722} INFO - Setting next_dagrun for example_weekday_branch_operator to 2023-11-06T00:00:00+00:00, run_after=2023-11-07T00:00:00+00:00
[2023-11-07T19:34:47.849+0000] {processor.py:179} INFO - Processing /usr/local/lib/python3.10/dist-packages/airflow/example_dags/example_branch_day_of_week_operator.py took 0.073 seconds
[2023-11-07T19:35:30.851+0000] {processor.py:157} INFO - Started process (PID=3793) to work on /usr/local/lib/python3.10/dist-packages/airflow/example_dags/example_branch_day_of_week_operator.py
[2023-11-07T19:35:30.853+0000] {processor.py:829} INFO - Processing file /usr/local/lib/python3.10/dist-packages/airflow/example_dags/example_branch_day_of_week_operator.py for tasks to queue
[2023-11-07T19:35:30.853+0000] {logging_mixin.py:154} INFO - [2023-11-07T19:35:30.853+0000] {dagbag.py:536} INFO - Filling up the DagBag from /usr/local/lib/python3.10/dist-packages/airflow/example_dags/example_branch_day_of_week_operator.py
[2023-11-07T19:35:30.865+0000] {processor.py:839} INFO - DAG(s) dict_keys(['example_weekday_branch_operator']) retrieved from /usr/local/lib/python3.10/dist-packages/airflow/example_dags/example_branch_day_of_week_operator.py
[2023-11-07T19:35:30.893+0000] {logging_mixin.py:154} INFO - [2023-11-07T19:35:30.893+0000] {dag.py:2941} INFO - Sync 1 DAGs
[2023-11-07T19:35:30.927+0000] {logging_mixin.py:154} INFO - [2023-11-07T19:35:30.927+0000] {dag.py:3722} INFO - Setting next_dagrun for example_weekday_branch_operator to 2023-11-06T00:00:00+00:00, run_after=2023-11-07T00:00:00+00:00
[2023-11-07T19:35:30.965+0000] {processor.py:179} INFO - Processing /usr/local/lib/python3.10/dist-packages/airflow/example_dags/example_branch_day_of_week_operator.py took 0.118 seconds
[2023-11-07T19:36:19.688+0000] {processor.py:157} INFO - Started process (PID=3841) to work on /usr/local/lib/python3.10/dist-packages/airflow/example_dags/example_branch_day_of_week_operator.py
[2023-11-07T19:36:19.690+0000] {processor.py:829} INFO - Processing file /usr/local/lib/python3.10/dist-packages/airflow/example_dags/example_branch_day_of_week_operator.py for tasks to queue
[2023-11-07T19:36:19.690+0000] {logging_mixin.py:154} INFO - [2023-11-07T19:36:19.690+0000] {dagbag.py:536} INFO - Filling up the DagBag from /usr/local/lib/python3.10/dist-packages/airflow/example_dags/example_branch_day_of_week_operator.py
[2023-11-07T19:36:19.700+0000] {processor.py:839} INFO - DAG(s) dict_keys(['example_weekday_branch_operator']) retrieved from /usr/local/lib/python3.10/dist-packages/airflow/example_dags/example_branch_day_of_week_operator.py
[2023-11-07T19:36:19.719+0000] {logging_mixin.py:154} INFO - [2023-11-07T19:36:19.719+0000] {dag.py:2941} INFO - Sync 1 DAGs
[2023-11-07T19:36:19.739+0000] {logging_mixin.py:154} INFO - [2023-11-07T19:36:19.738+0000] {dag.py:3722} INFO - Setting next_dagrun for example_weekday_branch_operator to 2023-11-06T00:00:00+00:00, run_after=2023-11-07T00:00:00+00:00
[2023-11-07T19:36:19.760+0000] {processor.py:179} INFO - Processing /usr/local/lib/python3.10/dist-packages/airflow/example_dags/example_branch_day_of_week_operator.py took 0.078 seconds
[2023-11-07T19:37:10.589+0000] {processor.py:157} INFO - Started process (PID=3893) to work on /usr/local/lib/python3.10/dist-packages/airflow/example_dags/example_branch_day_of_week_operator.py
[2023-11-07T19:37:10.591+0000] {processor.py:829} INFO - Processing file /usr/local/lib/python3.10/dist-packages/airflow/example_dags/example_branch_day_of_week_operator.py for tasks to queue
[2023-11-07T19:37:10.592+0000] {logging_mixin.py:154} INFO - [2023-11-07T19:37:10.591+0000] {dagbag.py:536} INFO - Filling up the DagBag from /usr/local/lib/python3.10/dist-packages/airflow/example_dags/example_branch_day_of_week_operator.py
[2023-11-07T19:37:10.599+0000] {processor.py:839} INFO - DAG(s) dict_keys(['example_weekday_branch_operator']) retrieved from /usr/local/lib/python3.10/dist-packages/airflow/example_dags/example_branch_day_of_week_operator.py
[2023-11-07T19:37:10.617+0000] {logging_mixin.py:154} INFO - [2023-11-07T19:37:10.616+0000] {dag.py:2941} INFO - Sync 1 DAGs
[2023-11-07T19:37:10.636+0000] {logging_mixin.py:154} INFO - [2023-11-07T19:37:10.636+0000] {dag.py:3722} INFO - Setting next_dagrun for example_weekday_branch_operator to 2023-11-06T00:00:00+00:00, run_after=2023-11-07T00:00:00+00:00
[2023-11-07T19:37:10.656+0000] {processor.py:179} INFO - Processing /usr/local/lib/python3.10/dist-packages/airflow/example_dags/example_branch_day_of_week_operator.py took 0.070 seconds
[2023-11-07T19:37:58.726+0000] {processor.py:157} INFO - Started process (PID=3943) to work on /usr/local/lib/python3.10/dist-packages/airflow/example_dags/example_branch_day_of_week_operator.py
[2023-11-07T19:37:58.728+0000] {processor.py:829} INFO - Processing file /usr/local/lib/python3.10/dist-packages/airflow/example_dags/example_branch_day_of_week_operator.py for tasks to queue
[2023-11-07T19:37:58.729+0000] {logging_mixin.py:154} INFO - [2023-11-07T19:37:58.729+0000] {dagbag.py:536} INFO - Filling up the DagBag from /usr/local/lib/python3.10/dist-packages/airflow/example_dags/example_branch_day_of_week_operator.py
[2023-11-07T19:37:58.737+0000] {processor.py:839} INFO - DAG(s) dict_keys(['example_weekday_branch_operator']) retrieved from /usr/local/lib/python3.10/dist-packages/airflow/example_dags/example_branch_day_of_week_operator.py
[2023-11-07T19:37:58.780+0000] {logging_mixin.py:154} INFO - [2023-11-07T19:37:58.778+0000] {dag.py:2941} INFO - Sync 1 DAGs
[2023-11-07T19:37:58.807+0000] {logging_mixin.py:154} INFO - [2023-11-07T19:37:58.807+0000] {dag.py:3722} INFO - Setting next_dagrun for example_weekday_branch_operator to 2023-11-06T00:00:00+00:00, run_after=2023-11-07T00:00:00+00:00
[2023-11-07T19:37:58.831+0000] {processor.py:179} INFO - Processing /usr/local/lib/python3.10/dist-packages/airflow/example_dags/example_branch_day_of_week_operator.py took 0.108 seconds
[2023-11-07T19:38:48.004+0000] {processor.py:157} INFO - Started process (PID=3994) to work on /usr/local/lib/python3.10/dist-packages/airflow/example_dags/example_branch_day_of_week_operator.py
[2023-11-07T19:38:48.006+0000] {processor.py:829} INFO - Processing file /usr/local/lib/python3.10/dist-packages/airflow/example_dags/example_branch_day_of_week_operator.py for tasks to queue
[2023-11-07T19:38:48.006+0000] {logging_mixin.py:154} INFO - [2023-11-07T19:38:48.006+0000] {dagbag.py:536} INFO - Filling up the DagBag from /usr/local/lib/python3.10/dist-packages/airflow/example_dags/example_branch_day_of_week_operator.py
[2023-11-07T19:38:48.020+0000] {processor.py:839} INFO - DAG(s) dict_keys(['example_weekday_branch_operator']) retrieved from /usr/local/lib/python3.10/dist-packages/airflow/example_dags/example_branch_day_of_week_operator.py
[2023-11-07T19:38:48.039+0000] {logging_mixin.py:154} INFO - [2023-11-07T19:38:48.039+0000] {dag.py:2941} INFO - Sync 1 DAGs
[2023-11-07T19:38:48.061+0000] {logging_mixin.py:154} INFO - [2023-11-07T19:38:48.060+0000] {dag.py:3722} INFO - Setting next_dagrun for example_weekday_branch_operator to 2023-11-06T00:00:00+00:00, run_after=2023-11-07T00:00:00+00:00
[2023-11-07T19:38:48.083+0000] {processor.py:179} INFO - Processing /usr/local/lib/python3.10/dist-packages/airflow/example_dags/example_branch_day_of_week_operator.py took 0.087 seconds
[2023-11-07T19:39:32.909+0000] {processor.py:157} INFO - Started process (PID=4041) to work on /usr/local/lib/python3.10/dist-packages/airflow/example_dags/example_branch_day_of_week_operator.py
[2023-11-07T19:39:32.910+0000] {processor.py:829} INFO - Processing file /usr/local/lib/python3.10/dist-packages/airflow/example_dags/example_branch_day_of_week_operator.py for tasks to queue
[2023-11-07T19:39:32.911+0000] {logging_mixin.py:154} INFO - [2023-11-07T19:39:32.911+0000] {dagbag.py:536} INFO - Filling up the DagBag from /usr/local/lib/python3.10/dist-packages/airflow/example_dags/example_branch_day_of_week_operator.py
[2023-11-07T19:39:32.920+0000] {processor.py:839} INFO - DAG(s) dict_keys(['example_weekday_branch_operator']) retrieved from /usr/local/lib/python3.10/dist-packages/airflow/example_dags/example_branch_day_of_week_operator.py
[2023-11-07T19:39:32.942+0000] {logging_mixin.py:154} INFO - [2023-11-07T19:39:32.942+0000] {dag.py:2941} INFO - Sync 1 DAGs
[2023-11-07T19:39:32.966+0000] {logging_mixin.py:154} INFO - [2023-11-07T19:39:32.966+0000] {dag.py:3722} INFO - Setting next_dagrun for example_weekday_branch_operator to 2023-11-06T00:00:00+00:00, run_after=2023-11-07T00:00:00+00:00
[2023-11-07T19:39:33.004+0000] {processor.py:179} INFO - Processing /usr/local/lib/python3.10/dist-packages/airflow/example_dags/example_branch_day_of_week_operator.py took 0.098 seconds
[2023-11-07T19:40:23.980+0000] {processor.py:157} INFO - Started process (PID=4093) to work on /usr/local/lib/python3.10/dist-packages/airflow/example_dags/example_branch_day_of_week_operator.py
[2023-11-07T19:40:23.983+0000] {processor.py:829} INFO - Processing file /usr/local/lib/python3.10/dist-packages/airflow/example_dags/example_branch_day_of_week_operator.py for tasks to queue
[2023-11-07T19:40:23.985+0000] {logging_mixin.py:154} INFO - [2023-11-07T19:40:23.985+0000] {dagbag.py:536} INFO - Filling up the DagBag from /usr/local/lib/python3.10/dist-packages/airflow/example_dags/example_branch_day_of_week_operator.py
[2023-11-07T19:40:23.996+0000] {processor.py:839} INFO - DAG(s) dict_keys(['example_weekday_branch_operator']) retrieved from /usr/local/lib/python3.10/dist-packages/airflow/example_dags/example_branch_day_of_week_operator.py
[2023-11-07T19:40:24.021+0000] {logging_mixin.py:154} INFO - [2023-11-07T19:40:24.021+0000] {dag.py:2941} INFO - Sync 1 DAGs
[2023-11-07T19:40:24.040+0000] {logging_mixin.py:154} INFO - [2023-11-07T19:40:24.040+0000] {dag.py:3722} INFO - Setting next_dagrun for example_weekday_branch_operator to 2023-11-06T00:00:00+00:00, run_after=2023-11-07T00:00:00+00:00
[2023-11-07T19:40:24.063+0000] {processor.py:179} INFO - Processing /usr/local/lib/python3.10/dist-packages/airflow/example_dags/example_branch_day_of_week_operator.py took 0.087 seconds
[2023-11-07T19:41:15.932+0000] {processor.py:157} INFO - Started process (PID=4147) to work on /usr/local/lib/python3.10/dist-packages/airflow/example_dags/example_branch_day_of_week_operator.py
[2023-11-07T19:41:15.933+0000] {processor.py:829} INFO - Processing file /usr/local/lib/python3.10/dist-packages/airflow/example_dags/example_branch_day_of_week_operator.py for tasks to queue
[2023-11-07T19:41:15.933+0000] {logging_mixin.py:154} INFO - [2023-11-07T19:41:15.933+0000] {dagbag.py:536} INFO - Filling up the DagBag from /usr/local/lib/python3.10/dist-packages/airflow/example_dags/example_branch_day_of_week_operator.py
[2023-11-07T19:41:15.941+0000] {processor.py:839} INFO - DAG(s) dict_keys(['example_weekday_branch_operator']) retrieved from /usr/local/lib/python3.10/dist-packages/airflow/example_dags/example_branch_day_of_week_operator.py
[2023-11-07T19:41:15.958+0000] {logging_mixin.py:154} INFO - [2023-11-07T19:41:15.958+0000] {dag.py:2941} INFO - Sync 1 DAGs
[2023-11-07T19:41:15.979+0000] {logging_mixin.py:154} INFO - [2023-11-07T19:41:15.978+0000] {dag.py:3722} INFO - Setting next_dagrun for example_weekday_branch_operator to 2023-11-06T00:00:00+00:00, run_after=2023-11-07T00:00:00+00:00
[2023-11-07T19:41:16.000+0000] {processor.py:179} INFO - Processing /usr/local/lib/python3.10/dist-packages/airflow/example_dags/example_branch_day_of_week_operator.py took 0.071 seconds
[2023-11-07T19:42:04.148+0000] {processor.py:157} INFO - Started process (PID=4196) to work on /usr/local/lib/python3.10/dist-packages/airflow/example_dags/example_branch_day_of_week_operator.py
[2023-11-07T19:42:04.149+0000] {processor.py:829} INFO - Processing file /usr/local/lib/python3.10/dist-packages/airflow/example_dags/example_branch_day_of_week_operator.py for tasks to queue
[2023-11-07T19:42:04.150+0000] {logging_mixin.py:154} INFO - [2023-11-07T19:42:04.150+0000] {dagbag.py:536} INFO - Filling up the DagBag from /usr/local/lib/python3.10/dist-packages/airflow/example_dags/example_branch_day_of_week_operator.py
[2023-11-07T19:42:04.159+0000] {processor.py:839} INFO - DAG(s) dict_keys(['example_weekday_branch_operator']) retrieved from /usr/local/lib/python3.10/dist-packages/airflow/example_dags/example_branch_day_of_week_operator.py
[2023-11-07T19:42:04.197+0000] {logging_mixin.py:154} INFO - [2023-11-07T19:42:04.197+0000] {dag.py:2941} INFO - Sync 1 DAGs
[2023-11-07T19:42:04.227+0000] {logging_mixin.py:154} INFO - [2023-11-07T19:42:04.227+0000] {dag.py:3722} INFO - Setting next_dagrun for example_weekday_branch_operator to 2023-11-06T00:00:00+00:00, run_after=2023-11-07T00:00:00+00:00
[2023-11-07T19:42:04.276+0000] {processor.py:179} INFO - Processing /usr/local/lib/python3.10/dist-packages/airflow/example_dags/example_branch_day_of_week_operator.py took 0.133 seconds
[2023-11-07T19:42:52.349+0000] {processor.py:157} INFO - Started process (PID=4246) to work on /usr/local/lib/python3.10/dist-packages/airflow/example_dags/example_branch_day_of_week_operator.py
[2023-11-07T19:42:52.351+0000] {processor.py:829} INFO - Processing file /usr/local/lib/python3.10/dist-packages/airflow/example_dags/example_branch_day_of_week_operator.py for tasks to queue
[2023-11-07T19:42:52.351+0000] {logging_mixin.py:154} INFO - [2023-11-07T19:42:52.351+0000] {dagbag.py:536} INFO - Filling up the DagBag from /usr/local/lib/python3.10/dist-packages/airflow/example_dags/example_branch_day_of_week_operator.py
[2023-11-07T19:42:52.360+0000] {processor.py:839} INFO - DAG(s) dict_keys(['example_weekday_branch_operator']) retrieved from /usr/local/lib/python3.10/dist-packages/airflow/example_dags/example_branch_day_of_week_operator.py
[2023-11-07T19:42:52.378+0000] {logging_mixin.py:154} INFO - [2023-11-07T19:42:52.378+0000] {dag.py:2941} INFO - Sync 1 DAGs
[2023-11-07T19:42:52.400+0000] {logging_mixin.py:154} INFO - [2023-11-07T19:42:52.400+0000] {dag.py:3722} INFO - Setting next_dagrun for example_weekday_branch_operator to 2023-11-06T00:00:00+00:00, run_after=2023-11-07T00:00:00+00:00
[2023-11-07T19:42:52.425+0000] {processor.py:179} INFO - Processing /usr/local/lib/python3.10/dist-packages/airflow/example_dags/example_branch_day_of_week_operator.py took 0.079 seconds
[2023-11-07T19:43:41.898+0000] {processor.py:157} INFO - Started process (PID=4297) to work on /usr/local/lib/python3.10/dist-packages/airflow/example_dags/example_branch_day_of_week_operator.py
[2023-11-07T19:43:41.899+0000] {processor.py:829} INFO - Processing file /usr/local/lib/python3.10/dist-packages/airflow/example_dags/example_branch_day_of_week_operator.py for tasks to queue
[2023-11-07T19:43:41.900+0000] {logging_mixin.py:154} INFO - [2023-11-07T19:43:41.900+0000] {dagbag.py:536} INFO - Filling up the DagBag from /usr/local/lib/python3.10/dist-packages/airflow/example_dags/example_branch_day_of_week_operator.py
[2023-11-07T19:43:41.907+0000] {processor.py:839} INFO - DAG(s) dict_keys(['example_weekday_branch_operator']) retrieved from /usr/local/lib/python3.10/dist-packages/airflow/example_dags/example_branch_day_of_week_operator.py
[2023-11-07T19:43:41.926+0000] {logging_mixin.py:154} INFO - [2023-11-07T19:43:41.926+0000] {dag.py:2941} INFO - Sync 1 DAGs
[2023-11-07T19:43:41.948+0000] {logging_mixin.py:154} INFO - [2023-11-07T19:43:41.948+0000] {dag.py:3722} INFO - Setting next_dagrun for example_weekday_branch_operator to 2023-11-06T00:00:00+00:00, run_after=2023-11-07T00:00:00+00:00
[2023-11-07T19:43:41.972+0000] {processor.py:179} INFO - Processing /usr/local/lib/python3.10/dist-packages/airflow/example_dags/example_branch_day_of_week_operator.py took 0.077 seconds
[2023-11-07T19:44:32.876+0000] {processor.py:157} INFO - Started process (PID=4348) to work on /usr/local/lib/python3.10/dist-packages/airflow/example_dags/example_branch_day_of_week_operator.py
[2023-11-07T19:44:32.878+0000] {processor.py:829} INFO - Processing file /usr/local/lib/python3.10/dist-packages/airflow/example_dags/example_branch_day_of_week_operator.py for tasks to queue
[2023-11-07T19:44:32.879+0000] {logging_mixin.py:154} INFO - [2023-11-07T19:44:32.879+0000] {dagbag.py:536} INFO - Filling up the DagBag from /usr/local/lib/python3.10/dist-packages/airflow/example_dags/example_branch_day_of_week_operator.py
[2023-11-07T19:44:32.887+0000] {processor.py:839} INFO - DAG(s) dict_keys(['example_weekday_branch_operator']) retrieved from /usr/local/lib/python3.10/dist-packages/airflow/example_dags/example_branch_day_of_week_operator.py
[2023-11-07T19:44:32.907+0000] {logging_mixin.py:154} INFO - [2023-11-07T19:44:32.906+0000] {dag.py:2941} INFO - Sync 1 DAGs
[2023-11-07T19:44:32.941+0000] {logging_mixin.py:154} INFO - [2023-11-07T19:44:32.941+0000] {dag.py:3722} INFO - Setting next_dagrun for example_weekday_branch_operator to 2023-11-06T00:00:00+00:00, run_after=2023-11-07T00:00:00+00:00
[2023-11-07T19:44:32.965+0000] {processor.py:179} INFO - Processing /usr/local/lib/python3.10/dist-packages/airflow/example_dags/example_branch_day_of_week_operator.py took 0.093 seconds
[2023-11-07T19:45:28.769+0000] {processor.py:157} INFO - Started process (PID=4403) to work on /usr/local/lib/python3.10/dist-packages/airflow/example_dags/example_branch_day_of_week_operator.py
[2023-11-07T19:45:28.771+0000] {processor.py:829} INFO - Processing file /usr/local/lib/python3.10/dist-packages/airflow/example_dags/example_branch_day_of_week_operator.py for tasks to queue
[2023-11-07T19:45:28.773+0000] {logging_mixin.py:154} INFO - [2023-11-07T19:45:28.772+0000] {dagbag.py:536} INFO - Filling up the DagBag from /usr/local/lib/python3.10/dist-packages/airflow/example_dags/example_branch_day_of_week_operator.py
[2023-11-07T19:45:28.783+0000] {processor.py:839} INFO - DAG(s) dict_keys(['example_weekday_branch_operator']) retrieved from /usr/local/lib/python3.10/dist-packages/airflow/example_dags/example_branch_day_of_week_operator.py
[2023-11-07T19:45:28.804+0000] {logging_mixin.py:154} INFO - [2023-11-07T19:45:28.804+0000] {dag.py:2941} INFO - Sync 1 DAGs
[2023-11-07T19:45:28.830+0000] {logging_mixin.py:154} INFO - [2023-11-07T19:45:28.830+0000] {dag.py:3722} INFO - Setting next_dagrun for example_weekday_branch_operator to 2023-11-06T00:00:00+00:00, run_after=2023-11-07T00:00:00+00:00
[2023-11-07T19:45:28.858+0000] {processor.py:179} INFO - Processing /usr/local/lib/python3.10/dist-packages/airflow/example_dags/example_branch_day_of_week_operator.py took 0.104 seconds
[2023-11-07T19:46:22.563+0000] {processor.py:157} INFO - Started process (PID=4457) to work on /usr/local/lib/python3.10/dist-packages/airflow/example_dags/example_branch_day_of_week_operator.py
[2023-11-07T19:46:22.564+0000] {processor.py:829} INFO - Processing file /usr/local/lib/python3.10/dist-packages/airflow/example_dags/example_branch_day_of_week_operator.py for tasks to queue
[2023-11-07T19:46:22.565+0000] {logging_mixin.py:154} INFO - [2023-11-07T19:46:22.565+0000] {dagbag.py:536} INFO - Filling up the DagBag from /usr/local/lib/python3.10/dist-packages/airflow/example_dags/example_branch_day_of_week_operator.py
[2023-11-07T19:46:22.576+0000] {processor.py:839} INFO - DAG(s) dict_keys(['example_weekday_branch_operator']) retrieved from /usr/local/lib/python3.10/dist-packages/airflow/example_dags/example_branch_day_of_week_operator.py
[2023-11-07T19:46:22.599+0000] {logging_mixin.py:154} INFO - [2023-11-07T19:46:22.599+0000] {dag.py:2941} INFO - Sync 1 DAGs
[2023-11-07T19:46:22.621+0000] {logging_mixin.py:154} INFO - [2023-11-07T19:46:22.621+0000] {dag.py:3722} INFO - Setting next_dagrun for example_weekday_branch_operator to 2023-11-06T00:00:00+00:00, run_after=2023-11-07T00:00:00+00:00
[2023-11-07T19:46:22.645+0000] {processor.py:179} INFO - Processing /usr/local/lib/python3.10/dist-packages/airflow/example_dags/example_branch_day_of_week_operator.py took 0.088 seconds
[2023-11-07T19:47:14.176+0000] {processor.py:157} INFO - Started process (PID=4508) to work on /usr/local/lib/python3.10/dist-packages/airflow/example_dags/example_branch_day_of_week_operator.py
[2023-11-07T19:47:14.177+0000] {processor.py:829} INFO - Processing file /usr/local/lib/python3.10/dist-packages/airflow/example_dags/example_branch_day_of_week_operator.py for tasks to queue
[2023-11-07T19:47:14.178+0000] {logging_mixin.py:154} INFO - [2023-11-07T19:47:14.177+0000] {dagbag.py:536} INFO - Filling up the DagBag from /usr/local/lib/python3.10/dist-packages/airflow/example_dags/example_branch_day_of_week_operator.py
[2023-11-07T19:47:14.185+0000] {processor.py:839} INFO - DAG(s) dict_keys(['example_weekday_branch_operator']) retrieved from /usr/local/lib/python3.10/dist-packages/airflow/example_dags/example_branch_day_of_week_operator.py
[2023-11-07T19:47:14.203+0000] {logging_mixin.py:154} INFO - [2023-11-07T19:47:14.203+0000] {dag.py:2941} INFO - Sync 1 DAGs
[2023-11-07T19:47:14.224+0000] {logging_mixin.py:154} INFO - [2023-11-07T19:47:14.224+0000] {dag.py:3722} INFO - Setting next_dagrun for example_weekday_branch_operator to 2023-11-06T00:00:00+00:00, run_after=2023-11-07T00:00:00+00:00
[2023-11-07T19:47:14.246+0000] {processor.py:179} INFO - Processing /usr/local/lib/python3.10/dist-packages/airflow/example_dags/example_branch_day_of_week_operator.py took 0.073 seconds
[2023-11-07T19:48:05.096+0000] {processor.py:157} INFO - Started process (PID=4561) to work on /usr/local/lib/python3.10/dist-packages/airflow/example_dags/example_branch_day_of_week_operator.py
[2023-11-07T19:48:05.097+0000] {processor.py:829} INFO - Processing file /usr/local/lib/python3.10/dist-packages/airflow/example_dags/example_branch_day_of_week_operator.py for tasks to queue
[2023-11-07T19:48:05.098+0000] {logging_mixin.py:154} INFO - [2023-11-07T19:48:05.098+0000] {dagbag.py:536} INFO - Filling up the DagBag from /usr/local/lib/python3.10/dist-packages/airflow/example_dags/example_branch_day_of_week_operator.py
[2023-11-07T19:48:05.107+0000] {processor.py:839} INFO - DAG(s) dict_keys(['example_weekday_branch_operator']) retrieved from /usr/local/lib/python3.10/dist-packages/airflow/example_dags/example_branch_day_of_week_operator.py
[2023-11-07T19:48:05.134+0000] {logging_mixin.py:154} INFO - [2023-11-07T19:48:05.134+0000] {dag.py:2941} INFO - Sync 1 DAGs
[2023-11-07T19:48:05.154+0000] {logging_mixin.py:154} INFO - [2023-11-07T19:48:05.154+0000] {dag.py:3722} INFO - Setting next_dagrun for example_weekday_branch_operator to 2023-11-06T00:00:00+00:00, run_after=2023-11-07T00:00:00+00:00
[2023-11-07T19:48:05.176+0000] {processor.py:179} INFO - Processing /usr/local/lib/python3.10/dist-packages/airflow/example_dags/example_branch_day_of_week_operator.py took 0.083 seconds
[2023-11-07T19:48:55.106+0000] {processor.py:157} INFO - Started process (PID=4612) to work on /usr/local/lib/python3.10/dist-packages/airflow/example_dags/example_branch_day_of_week_operator.py
[2023-11-07T19:48:55.107+0000] {processor.py:829} INFO - Processing file /usr/local/lib/python3.10/dist-packages/airflow/example_dags/example_branch_day_of_week_operator.py for tasks to queue
[2023-11-07T19:48:55.108+0000] {logging_mixin.py:154} INFO - [2023-11-07T19:48:55.108+0000] {dagbag.py:536} INFO - Filling up the DagBag from /usr/local/lib/python3.10/dist-packages/airflow/example_dags/example_branch_day_of_week_operator.py
[2023-11-07T19:48:55.116+0000] {processor.py:839} INFO - DAG(s) dict_keys(['example_weekday_branch_operator']) retrieved from /usr/local/lib/python3.10/dist-packages/airflow/example_dags/example_branch_day_of_week_operator.py
[2023-11-07T19:48:55.139+0000] {logging_mixin.py:154} INFO - [2023-11-07T19:48:55.138+0000] {dag.py:2941} INFO - Sync 1 DAGs
[2023-11-07T19:48:55.167+0000] {logging_mixin.py:154} INFO - [2023-11-07T19:48:55.167+0000] {dag.py:3722} INFO - Setting next_dagrun for example_weekday_branch_operator to 2023-11-06T00:00:00+00:00, run_after=2023-11-07T00:00:00+00:00
[2023-11-07T19:48:55.192+0000] {processor.py:179} INFO - Processing /usr/local/lib/python3.10/dist-packages/airflow/example_dags/example_branch_day_of_week_operator.py took 0.089 seconds
[2023-11-07T19:49:41.698+0000] {processor.py:157} INFO - Started process (PID=4661) to work on /usr/local/lib/python3.10/dist-packages/airflow/example_dags/example_branch_day_of_week_operator.py
[2023-11-07T19:49:41.699+0000] {processor.py:829} INFO - Processing file /usr/local/lib/python3.10/dist-packages/airflow/example_dags/example_branch_day_of_week_operator.py for tasks to queue
[2023-11-07T19:49:41.700+0000] {logging_mixin.py:154} INFO - [2023-11-07T19:49:41.700+0000] {dagbag.py:536} INFO - Filling up the DagBag from /usr/local/lib/python3.10/dist-packages/airflow/example_dags/example_branch_day_of_week_operator.py
[2023-11-07T19:49:41.708+0000] {processor.py:839} INFO - DAG(s) dict_keys(['example_weekday_branch_operator']) retrieved from /usr/local/lib/python3.10/dist-packages/airflow/example_dags/example_branch_day_of_week_operator.py
[2023-11-07T19:49:41.732+0000] {logging_mixin.py:154} INFO - [2023-11-07T19:49:41.732+0000] {dag.py:2941} INFO - Sync 1 DAGs
[2023-11-07T19:49:41.755+0000] {logging_mixin.py:154} INFO - [2023-11-07T19:49:41.755+0000] {dag.py:3722} INFO - Setting next_dagrun for example_weekday_branch_operator to 2023-11-06T00:00:00+00:00, run_after=2023-11-07T00:00:00+00:00
[2023-11-07T19:49:41.778+0000] {processor.py:179} INFO - Processing /usr/local/lib/python3.10/dist-packages/airflow/example_dags/example_branch_day_of_week_operator.py took 0.084 seconds
[2023-11-07T19:50:30.801+0000] {processor.py:157} INFO - Started process (PID=4711) to work on /usr/local/lib/python3.10/dist-packages/airflow/example_dags/example_branch_day_of_week_operator.py
[2023-11-07T19:50:30.802+0000] {processor.py:829} INFO - Processing file /usr/local/lib/python3.10/dist-packages/airflow/example_dags/example_branch_day_of_week_operator.py for tasks to queue
[2023-11-07T19:50:30.803+0000] {logging_mixin.py:154} INFO - [2023-11-07T19:50:30.803+0000] {dagbag.py:536} INFO - Filling up the DagBag from /usr/local/lib/python3.10/dist-packages/airflow/example_dags/example_branch_day_of_week_operator.py
[2023-11-07T19:50:30.811+0000] {processor.py:839} INFO - DAG(s) dict_keys(['example_weekday_branch_operator']) retrieved from /usr/local/lib/python3.10/dist-packages/airflow/example_dags/example_branch_day_of_week_operator.py
[2023-11-07T19:50:30.829+0000] {logging_mixin.py:154} INFO - [2023-11-07T19:50:30.828+0000] {dag.py:2941} INFO - Sync 1 DAGs
[2023-11-07T19:50:30.850+0000] {logging_mixin.py:154} INFO - [2023-11-07T19:50:30.849+0000] {dag.py:3722} INFO - Setting next_dagrun for example_weekday_branch_operator to 2023-11-06T00:00:00+00:00, run_after=2023-11-07T00:00:00+00:00
[2023-11-07T19:50:30.871+0000] {processor.py:179} INFO - Processing /usr/local/lib/python3.10/dist-packages/airflow/example_dags/example_branch_day_of_week_operator.py took 0.074 seconds
[2023-11-07T19:51:22.167+0000] {processor.py:157} INFO - Started process (PID=4763) to work on /usr/local/lib/python3.10/dist-packages/airflow/example_dags/example_branch_day_of_week_operator.py
[2023-11-07T19:51:22.169+0000] {processor.py:829} INFO - Processing file /usr/local/lib/python3.10/dist-packages/airflow/example_dags/example_branch_day_of_week_operator.py for tasks to queue
[2023-11-07T19:51:22.170+0000] {logging_mixin.py:154} INFO - [2023-11-07T19:51:22.169+0000] {dagbag.py:536} INFO - Filling up the DagBag from /usr/local/lib/python3.10/dist-packages/airflow/example_dags/example_branch_day_of_week_operator.py
[2023-11-07T19:51:22.185+0000] {processor.py:839} INFO - DAG(s) dict_keys(['example_weekday_branch_operator']) retrieved from /usr/local/lib/python3.10/dist-packages/airflow/example_dags/example_branch_day_of_week_operator.py
[2023-11-07T19:51:22.227+0000] {logging_mixin.py:154} INFO - [2023-11-07T19:51:22.227+0000] {dag.py:2941} INFO - Sync 1 DAGs
[2023-11-07T19:51:22.263+0000] {logging_mixin.py:154} INFO - [2023-11-07T19:51:22.263+0000] {dag.py:3722} INFO - Setting next_dagrun for example_weekday_branch_operator to 2023-11-06T00:00:00+00:00, run_after=2023-11-07T00:00:00+00:00
[2023-11-07T19:51:22.289+0000] {processor.py:179} INFO - Processing /usr/local/lib/python3.10/dist-packages/airflow/example_dags/example_branch_day_of_week_operator.py took 0.129 seconds
[2023-11-07T19:52:11.428+0000] {processor.py:157} INFO - Started process (PID=4814) to work on /usr/local/lib/python3.10/dist-packages/airflow/example_dags/example_branch_day_of_week_operator.py
[2023-11-07T19:52:11.429+0000] {processor.py:829} INFO - Processing file /usr/local/lib/python3.10/dist-packages/airflow/example_dags/example_branch_day_of_week_operator.py for tasks to queue
[2023-11-07T19:52:11.430+0000] {logging_mixin.py:154} INFO - [2023-11-07T19:52:11.430+0000] {dagbag.py:536} INFO - Filling up the DagBag from /usr/local/lib/python3.10/dist-packages/airflow/example_dags/example_branch_day_of_week_operator.py
[2023-11-07T19:52:11.437+0000] {processor.py:839} INFO - DAG(s) dict_keys(['example_weekday_branch_operator']) retrieved from /usr/local/lib/python3.10/dist-packages/airflow/example_dags/example_branch_day_of_week_operator.py
[2023-11-07T19:52:11.464+0000] {logging_mixin.py:154} INFO - [2023-11-07T19:52:11.464+0000] {dag.py:2941} INFO - Sync 1 DAGs
[2023-11-07T19:52:11.495+0000] {logging_mixin.py:154} INFO - [2023-11-07T19:52:11.495+0000] {dag.py:3722} INFO - Setting next_dagrun for example_weekday_branch_operator to 2023-11-06T00:00:00+00:00, run_after=2023-11-07T00:00:00+00:00
[2023-11-07T19:52:11.517+0000] {processor.py:179} INFO - Processing /usr/local/lib/python3.10/dist-packages/airflow/example_dags/example_branch_day_of_week_operator.py took 0.092 seconds
[2023-11-07T19:53:04.619+0000] {processor.py:157} INFO - Started process (PID=4868) to work on /usr/local/lib/python3.10/dist-packages/airflow/example_dags/example_branch_day_of_week_operator.py
[2023-11-07T19:53:04.622+0000] {processor.py:829} INFO - Processing file /usr/local/lib/python3.10/dist-packages/airflow/example_dags/example_branch_day_of_week_operator.py for tasks to queue
[2023-11-07T19:53:04.623+0000] {logging_mixin.py:154} INFO - [2023-11-07T19:53:04.622+0000] {dagbag.py:536} INFO - Filling up the DagBag from /usr/local/lib/python3.10/dist-packages/airflow/example_dags/example_branch_day_of_week_operator.py
[2023-11-07T19:53:04.637+0000] {processor.py:839} INFO - DAG(s) dict_keys(['example_weekday_branch_operator']) retrieved from /usr/local/lib/python3.10/dist-packages/airflow/example_dags/example_branch_day_of_week_operator.py
[2023-11-07T19:53:04.662+0000] {logging_mixin.py:154} INFO - [2023-11-07T19:53:04.661+0000] {dag.py:2941} INFO - Sync 1 DAGs
[2023-11-07T19:53:04.691+0000] {logging_mixin.py:154} INFO - [2023-11-07T19:53:04.691+0000] {dag.py:3722} INFO - Setting next_dagrun for example_weekday_branch_operator to 2023-11-06T00:00:00+00:00, run_after=2023-11-07T00:00:00+00:00
[2023-11-07T19:53:04.728+0000] {processor.py:179} INFO - Processing /usr/local/lib/python3.10/dist-packages/airflow/example_dags/example_branch_day_of_week_operator.py took 0.115 seconds
[2023-11-07T19:53:57.954+0000] {processor.py:157} INFO - Started process (PID=4921) to work on /usr/local/lib/python3.10/dist-packages/airflow/example_dags/example_branch_day_of_week_operator.py
[2023-11-07T19:53:57.955+0000] {processor.py:829} INFO - Processing file /usr/local/lib/python3.10/dist-packages/airflow/example_dags/example_branch_day_of_week_operator.py for tasks to queue
[2023-11-07T19:53:57.956+0000] {logging_mixin.py:154} INFO - [2023-11-07T19:53:57.955+0000] {dagbag.py:536} INFO - Filling up the DagBag from /usr/local/lib/python3.10/dist-packages/airflow/example_dags/example_branch_day_of_week_operator.py
[2023-11-07T19:53:57.968+0000] {processor.py:839} INFO - DAG(s) dict_keys(['example_weekday_branch_operator']) retrieved from /usr/local/lib/python3.10/dist-packages/airflow/example_dags/example_branch_day_of_week_operator.py
[2023-11-07T19:53:57.988+0000] {logging_mixin.py:154} INFO - [2023-11-07T19:53:57.987+0000] {dag.py:2941} INFO - Sync 1 DAGs
[2023-11-07T19:53:58.010+0000] {logging_mixin.py:154} INFO - [2023-11-07T19:53:58.010+0000] {dag.py:3722} INFO - Setting next_dagrun for example_weekday_branch_operator to 2023-11-06T00:00:00+00:00, run_after=2023-11-07T00:00:00+00:00
[2023-11-07T19:53:58.044+0000] {processor.py:179} INFO - Processing /usr/local/lib/python3.10/dist-packages/airflow/example_dags/example_branch_day_of_week_operator.py took 0.094 seconds
[2023-11-07T19:54:50.075+0000] {processor.py:157} INFO - Started process (PID=4974) to work on /usr/local/lib/python3.10/dist-packages/airflow/example_dags/example_branch_day_of_week_operator.py
[2023-11-07T19:54:50.076+0000] {processor.py:829} INFO - Processing file /usr/local/lib/python3.10/dist-packages/airflow/example_dags/example_branch_day_of_week_operator.py for tasks to queue
[2023-11-07T19:54:50.078+0000] {logging_mixin.py:154} INFO - [2023-11-07T19:54:50.077+0000] {dagbag.py:536} INFO - Filling up the DagBag from /usr/local/lib/python3.10/dist-packages/airflow/example_dags/example_branch_day_of_week_operator.py
[2023-11-07T19:54:50.086+0000] {processor.py:839} INFO - DAG(s) dict_keys(['example_weekday_branch_operator']) retrieved from /usr/local/lib/python3.10/dist-packages/airflow/example_dags/example_branch_day_of_week_operator.py
[2023-11-07T19:54:50.106+0000] {logging_mixin.py:154} INFO - [2023-11-07T19:54:50.105+0000] {dag.py:2941} INFO - Sync 1 DAGs
[2023-11-07T19:54:50.128+0000] {logging_mixin.py:154} INFO - [2023-11-07T19:54:50.128+0000] {dag.py:3722} INFO - Setting next_dagrun for example_weekday_branch_operator to 2023-11-06T00:00:00+00:00, run_after=2023-11-07T00:00:00+00:00
[2023-11-07T19:54:50.151+0000] {processor.py:179} INFO - Processing /usr/local/lib/python3.10/dist-packages/airflow/example_dags/example_branch_day_of_week_operator.py took 0.079 seconds
[2023-11-07T19:55:41.538+0000] {processor.py:157} INFO - Started process (PID=5025) to work on /usr/local/lib/python3.10/dist-packages/airflow/example_dags/example_branch_day_of_week_operator.py
[2023-11-07T19:55:41.539+0000] {processor.py:829} INFO - Processing file /usr/local/lib/python3.10/dist-packages/airflow/example_dags/example_branch_day_of_week_operator.py for tasks to queue
[2023-11-07T19:55:41.540+0000] {logging_mixin.py:154} INFO - [2023-11-07T19:55:41.540+0000] {dagbag.py:536} INFO - Filling up the DagBag from /usr/local/lib/python3.10/dist-packages/airflow/example_dags/example_branch_day_of_week_operator.py
[2023-11-07T19:55:41.549+0000] {processor.py:839} INFO - DAG(s) dict_keys(['example_weekday_branch_operator']) retrieved from /usr/local/lib/python3.10/dist-packages/airflow/example_dags/example_branch_day_of_week_operator.py
[2023-11-07T19:55:41.569+0000] {logging_mixin.py:154} INFO - [2023-11-07T19:55:41.569+0000] {dag.py:2941} INFO - Sync 1 DAGs
[2023-11-07T19:55:41.591+0000] {logging_mixin.py:154} INFO - [2023-11-07T19:55:41.591+0000] {dag.py:3722} INFO - Setting next_dagrun for example_weekday_branch_operator to 2023-11-06T00:00:00+00:00, run_after=2023-11-07T00:00:00+00:00
[2023-11-07T19:55:41.616+0000] {processor.py:179} INFO - Processing /usr/local/lib/python3.10/dist-packages/airflow/example_dags/example_branch_day_of_week_operator.py took 0.081 seconds
[2023-11-07T19:56:37.136+0000] {processor.py:157} INFO - Started process (PID=5080) to work on /usr/local/lib/python3.10/dist-packages/airflow/example_dags/example_branch_day_of_week_operator.py
[2023-11-07T19:56:37.137+0000] {processor.py:829} INFO - Processing file /usr/local/lib/python3.10/dist-packages/airflow/example_dags/example_branch_day_of_week_operator.py for tasks to queue
[2023-11-07T19:56:37.138+0000] {logging_mixin.py:154} INFO - [2023-11-07T19:56:37.137+0000] {dagbag.py:536} INFO - Filling up the DagBag from /usr/local/lib/python3.10/dist-packages/airflow/example_dags/example_branch_day_of_week_operator.py
[2023-11-07T19:56:37.146+0000] {processor.py:839} INFO - DAG(s) dict_keys(['example_weekday_branch_operator']) retrieved from /usr/local/lib/python3.10/dist-packages/airflow/example_dags/example_branch_day_of_week_operator.py
[2023-11-07T19:56:37.163+0000] {logging_mixin.py:154} INFO - [2023-11-07T19:56:37.163+0000] {dag.py:2941} INFO - Sync 1 DAGs
[2023-11-07T19:56:37.185+0000] {logging_mixin.py:154} INFO - [2023-11-07T19:56:37.184+0000] {dag.py:3722} INFO - Setting next_dagrun for example_weekday_branch_operator to 2023-11-06T00:00:00+00:00, run_after=2023-11-07T00:00:00+00:00
[2023-11-07T19:56:37.207+0000] {processor.py:179} INFO - Processing /usr/local/lib/python3.10/dist-packages/airflow/example_dags/example_branch_day_of_week_operator.py took 0.074 seconds
[2023-11-07T19:57:29.747+0000] {processor.py:157} INFO - Started process (PID=5132) to work on /usr/local/lib/python3.10/dist-packages/airflow/example_dags/example_branch_day_of_week_operator.py
[2023-11-07T19:57:29.748+0000] {processor.py:829} INFO - Processing file /usr/local/lib/python3.10/dist-packages/airflow/example_dags/example_branch_day_of_week_operator.py for tasks to queue
[2023-11-07T19:57:29.749+0000] {logging_mixin.py:154} INFO - [2023-11-07T19:57:29.748+0000] {dagbag.py:536} INFO - Filling up the DagBag from /usr/local/lib/python3.10/dist-packages/airflow/example_dags/example_branch_day_of_week_operator.py
[2023-11-07T19:57:29.761+0000] {processor.py:839} INFO - DAG(s) dict_keys(['example_weekday_branch_operator']) retrieved from /usr/local/lib/python3.10/dist-packages/airflow/example_dags/example_branch_day_of_week_operator.py
[2023-11-07T19:57:29.782+0000] {logging_mixin.py:154} INFO - [2023-11-07T19:57:29.781+0000] {dag.py:2941} INFO - Sync 1 DAGs
[2023-11-07T19:57:29.803+0000] {logging_mixin.py:154} INFO - [2023-11-07T19:57:29.803+0000] {dag.py:3722} INFO - Setting next_dagrun for example_weekday_branch_operator to 2023-11-06T00:00:00+00:00, run_after=2023-11-07T00:00:00+00:00
[2023-11-07T19:57:29.826+0000] {processor.py:179} INFO - Processing /usr/local/lib/python3.10/dist-packages/airflow/example_dags/example_branch_day_of_week_operator.py took 0.083 seconds
[2023-11-07T19:58:18.626+0000] {processor.py:157} INFO - Started process (PID=5183) to work on /usr/local/lib/python3.10/dist-packages/airflow/example_dags/example_branch_day_of_week_operator.py
[2023-11-07T19:58:18.628+0000] {processor.py:829} INFO - Processing file /usr/local/lib/python3.10/dist-packages/airflow/example_dags/example_branch_day_of_week_operator.py for tasks to queue
[2023-11-07T19:58:18.629+0000] {logging_mixin.py:154} INFO - [2023-11-07T19:58:18.629+0000] {dagbag.py:536} INFO - Filling up the DagBag from /usr/local/lib/python3.10/dist-packages/airflow/example_dags/example_branch_day_of_week_operator.py
[2023-11-07T19:58:18.639+0000] {processor.py:839} INFO - DAG(s) dict_keys(['example_weekday_branch_operator']) retrieved from /usr/local/lib/python3.10/dist-packages/airflow/example_dags/example_branch_day_of_week_operator.py
[2023-11-07T19:58:18.663+0000] {logging_mixin.py:154} INFO - [2023-11-07T19:58:18.663+0000] {dag.py:2941} INFO - Sync 1 DAGs
[2023-11-07T19:58:18.692+0000] {logging_mixin.py:154} INFO - [2023-11-07T19:58:18.692+0000] {dag.py:3722} INFO - Setting next_dagrun for example_weekday_branch_operator to 2023-11-06T00:00:00+00:00, run_after=2023-11-07T00:00:00+00:00
[2023-11-07T19:58:18.725+0000] {processor.py:179} INFO - Processing /usr/local/lib/python3.10/dist-packages/airflow/example_dags/example_branch_day_of_week_operator.py took 0.103 seconds
[2023-11-07T19:59:07.729+0000] {processor.py:157} INFO - Started process (PID=5233) to work on /usr/local/lib/python3.10/dist-packages/airflow/example_dags/example_branch_day_of_week_operator.py
[2023-11-07T19:59:07.732+0000] {processor.py:829} INFO - Processing file /usr/local/lib/python3.10/dist-packages/airflow/example_dags/example_branch_day_of_week_operator.py for tasks to queue
[2023-11-07T19:59:07.732+0000] {logging_mixin.py:154} INFO - [2023-11-07T19:59:07.732+0000] {dagbag.py:536} INFO - Filling up the DagBag from /usr/local/lib/python3.10/dist-packages/airflow/example_dags/example_branch_day_of_week_operator.py
[2023-11-07T19:59:07.740+0000] {processor.py:839} INFO - DAG(s) dict_keys(['example_weekday_branch_operator']) retrieved from /usr/local/lib/python3.10/dist-packages/airflow/example_dags/example_branch_day_of_week_operator.py
[2023-11-07T19:59:07.783+0000] {logging_mixin.py:154} INFO - [2023-11-07T19:59:07.783+0000] {dag.py:2941} INFO - Sync 1 DAGs
[2023-11-07T19:59:07.819+0000] {logging_mixin.py:154} INFO - [2023-11-07T19:59:07.818+0000] {dag.py:3722} INFO - Setting next_dagrun for example_weekday_branch_operator to 2023-11-06T00:00:00+00:00, run_after=2023-11-07T00:00:00+00:00
[2023-11-07T19:59:07.852+0000] {processor.py:179} INFO - Processing /usr/local/lib/python3.10/dist-packages/airflow/example_dags/example_branch_day_of_week_operator.py took 0.126 seconds
[2023-11-07T19:59:57.804+0000] {processor.py:157} INFO - Started process (PID=5283) to work on /usr/local/lib/python3.10/dist-packages/airflow/example_dags/example_branch_day_of_week_operator.py
[2023-11-07T19:59:57.809+0000] {processor.py:829} INFO - Processing file /usr/local/lib/python3.10/dist-packages/airflow/example_dags/example_branch_day_of_week_operator.py for tasks to queue
[2023-11-07T19:59:57.810+0000] {logging_mixin.py:154} INFO - [2023-11-07T19:59:57.810+0000] {dagbag.py:536} INFO - Filling up the DagBag from /usr/local/lib/python3.10/dist-packages/airflow/example_dags/example_branch_day_of_week_operator.py
[2023-11-07T19:59:57.830+0000] {processor.py:839} INFO - DAG(s) dict_keys(['example_weekday_branch_operator']) retrieved from /usr/local/lib/python3.10/dist-packages/airflow/example_dags/example_branch_day_of_week_operator.py
[2023-11-07T19:59:57.914+0000] {logging_mixin.py:154} INFO - [2023-11-07T19:59:57.914+0000] {dag.py:2941} INFO - Sync 1 DAGs
[2023-11-07T19:59:57.949+0000] {logging_mixin.py:154} INFO - [2023-11-07T19:59:57.949+0000] {dag.py:3722} INFO - Setting next_dagrun for example_weekday_branch_operator to 2023-11-06T00:00:00+00:00, run_after=2023-11-07T00:00:00+00:00
[2023-11-07T19:59:57.979+0000] {processor.py:179} INFO - Processing /usr/local/lib/python3.10/dist-packages/airflow/example_dags/example_branch_day_of_week_operator.py took 0.189 seconds
[2023-11-07T20:00:53.387+0000] {processor.py:157} INFO - Started process (PID=5338) to work on /usr/local/lib/python3.10/dist-packages/airflow/example_dags/example_branch_day_of_week_operator.py
[2023-11-07T20:00:53.388+0000] {processor.py:829} INFO - Processing file /usr/local/lib/python3.10/dist-packages/airflow/example_dags/example_branch_day_of_week_operator.py for tasks to queue
[2023-11-07T20:00:53.389+0000] {logging_mixin.py:154} INFO - [2023-11-07T20:00:53.389+0000] {dagbag.py:536} INFO - Filling up the DagBag from /usr/local/lib/python3.10/dist-packages/airflow/example_dags/example_branch_day_of_week_operator.py
[2023-11-07T20:00:53.397+0000] {processor.py:839} INFO - DAG(s) dict_keys(['example_weekday_branch_operator']) retrieved from /usr/local/lib/python3.10/dist-packages/airflow/example_dags/example_branch_day_of_week_operator.py
[2023-11-07T20:00:53.414+0000] {logging_mixin.py:154} INFO - [2023-11-07T20:00:53.414+0000] {dag.py:2941} INFO - Sync 1 DAGs
[2023-11-07T20:00:53.434+0000] {logging_mixin.py:154} INFO - [2023-11-07T20:00:53.434+0000] {dag.py:3722} INFO - Setting next_dagrun for example_weekday_branch_operator to 2023-11-06T00:00:00+00:00, run_after=2023-11-07T00:00:00+00:00
[2023-11-07T20:00:53.457+0000] {processor.py:179} INFO - Processing /usr/local/lib/python3.10/dist-packages/airflow/example_dags/example_branch_day_of_week_operator.py took 0.073 seconds
[2023-11-07T20:01:42.592+0000] {processor.py:157} INFO - Started process (PID=5389) to work on /usr/local/lib/python3.10/dist-packages/airflow/example_dags/example_branch_day_of_week_operator.py
[2023-11-07T20:01:42.593+0000] {processor.py:829} INFO - Processing file /usr/local/lib/python3.10/dist-packages/airflow/example_dags/example_branch_day_of_week_operator.py for tasks to queue
[2023-11-07T20:01:42.594+0000] {logging_mixin.py:154} INFO - [2023-11-07T20:01:42.594+0000] {dagbag.py:536} INFO - Filling up the DagBag from /usr/local/lib/python3.10/dist-packages/airflow/example_dags/example_branch_day_of_week_operator.py
[2023-11-07T20:01:42.601+0000] {processor.py:839} INFO - DAG(s) dict_keys(['example_weekday_branch_operator']) retrieved from /usr/local/lib/python3.10/dist-packages/airflow/example_dags/example_branch_day_of_week_operator.py
[2023-11-07T20:01:42.618+0000] {logging_mixin.py:154} INFO - [2023-11-07T20:01:42.618+0000] {dag.py:2941} INFO - Sync 1 DAGs
[2023-11-07T20:01:42.637+0000] {logging_mixin.py:154} INFO - [2023-11-07T20:01:42.637+0000] {dag.py:3722} INFO - Setting next_dagrun for example_weekday_branch_operator to 2023-11-06T00:00:00+00:00, run_after=2023-11-07T00:00:00+00:00
[2023-11-07T20:01:42.657+0000] {processor.py:179} INFO - Processing /usr/local/lib/python3.10/dist-packages/airflow/example_dags/example_branch_day_of_week_operator.py took 0.068 seconds
[2023-11-07T20:02:28.274+0000] {processor.py:157} INFO - Started process (PID=5436) to work on /usr/local/lib/python3.10/dist-packages/airflow/example_dags/example_branch_day_of_week_operator.py
[2023-11-07T20:02:28.276+0000] {processor.py:829} INFO - Processing file /usr/local/lib/python3.10/dist-packages/airflow/example_dags/example_branch_day_of_week_operator.py for tasks to queue
[2023-11-07T20:02:28.277+0000] {logging_mixin.py:154} INFO - [2023-11-07T20:02:28.276+0000] {dagbag.py:536} INFO - Filling up the DagBag from /usr/local/lib/python3.10/dist-packages/airflow/example_dags/example_branch_day_of_week_operator.py
[2023-11-07T20:02:28.289+0000] {processor.py:839} INFO - DAG(s) dict_keys(['example_weekday_branch_operator']) retrieved from /usr/local/lib/python3.10/dist-packages/airflow/example_dags/example_branch_day_of_week_operator.py
[2023-11-07T20:02:28.314+0000] {logging_mixin.py:154} INFO - [2023-11-07T20:02:28.314+0000] {dag.py:2941} INFO - Sync 1 DAGs
[2023-11-07T20:02:28.349+0000] {logging_mixin.py:154} INFO - [2023-11-07T20:02:28.349+0000] {dag.py:3722} INFO - Setting next_dagrun for example_weekday_branch_operator to 2023-11-06T00:00:00+00:00, run_after=2023-11-07T00:00:00+00:00
[2023-11-07T20:02:28.372+0000] {processor.py:179} INFO - Processing /usr/local/lib/python3.10/dist-packages/airflow/example_dags/example_branch_day_of_week_operator.py took 0.101 seconds
[2023-11-07T20:03:17.876+0000] {processor.py:157} INFO - Started process (PID=5488) to work on /usr/local/lib/python3.10/dist-packages/airflow/example_dags/example_branch_day_of_week_operator.py
[2023-11-07T20:03:17.877+0000] {processor.py:829} INFO - Processing file /usr/local/lib/python3.10/dist-packages/airflow/example_dags/example_branch_day_of_week_operator.py for tasks to queue
[2023-11-07T20:03:17.883+0000] {logging_mixin.py:154} INFO - [2023-11-07T20:03:17.877+0000] {dagbag.py:536} INFO - Filling up the DagBag from /usr/local/lib/python3.10/dist-packages/airflow/example_dags/example_branch_day_of_week_operator.py
[2023-11-07T20:03:17.894+0000] {processor.py:839} INFO - DAG(s) dict_keys(['example_weekday_branch_operator']) retrieved from /usr/local/lib/python3.10/dist-packages/airflow/example_dags/example_branch_day_of_week_operator.py
[2023-11-07T20:03:17.919+0000] {logging_mixin.py:154} INFO - [2023-11-07T20:03:17.918+0000] {dag.py:2941} INFO - Sync 1 DAGs
[2023-11-07T20:03:17.951+0000] {logging_mixin.py:154} INFO - [2023-11-07T20:03:17.951+0000] {dag.py:3722} INFO - Setting next_dagrun for example_weekday_branch_operator to 2023-11-06T00:00:00+00:00, run_after=2023-11-07T00:00:00+00:00
[2023-11-07T20:03:17.973+0000] {processor.py:179} INFO - Processing /usr/local/lib/python3.10/dist-packages/airflow/example_dags/example_branch_day_of_week_operator.py took 0.100 seconds
[2023-11-07T20:04:06.528+0000] {processor.py:157} INFO - Started process (PID=5539) to work on /usr/local/lib/python3.10/dist-packages/airflow/example_dags/example_branch_day_of_week_operator.py
[2023-11-07T20:04:06.529+0000] {processor.py:829} INFO - Processing file /usr/local/lib/python3.10/dist-packages/airflow/example_dags/example_branch_day_of_week_operator.py for tasks to queue
[2023-11-07T20:04:06.530+0000] {logging_mixin.py:154} INFO - [2023-11-07T20:04:06.529+0000] {dagbag.py:536} INFO - Filling up the DagBag from /usr/local/lib/python3.10/dist-packages/airflow/example_dags/example_branch_day_of_week_operator.py
[2023-11-07T20:04:06.538+0000] {processor.py:839} INFO - DAG(s) dict_keys(['example_weekday_branch_operator']) retrieved from /usr/local/lib/python3.10/dist-packages/airflow/example_dags/example_branch_day_of_week_operator.py
[2023-11-07T20:04:06.557+0000] {logging_mixin.py:154} INFO - [2023-11-07T20:04:06.557+0000] {dag.py:2941} INFO - Sync 1 DAGs
[2023-11-07T20:04:06.581+0000] {logging_mixin.py:154} INFO - [2023-11-07T20:04:06.580+0000] {dag.py:3722} INFO - Setting next_dagrun for example_weekday_branch_operator to 2023-11-06T00:00:00+00:00, run_after=2023-11-07T00:00:00+00:00
[2023-11-07T20:04:06.607+0000] {processor.py:179} INFO - Processing /usr/local/lib/python3.10/dist-packages/airflow/example_dags/example_branch_day_of_week_operator.py took 0.082 seconds
[2023-11-07T20:04:55.160+0000] {processor.py:157} INFO - Started process (PID=5589) to work on /usr/local/lib/python3.10/dist-packages/airflow/example_dags/example_branch_day_of_week_operator.py
[2023-11-07T20:04:55.162+0000] {processor.py:829} INFO - Processing file /usr/local/lib/python3.10/dist-packages/airflow/example_dags/example_branch_day_of_week_operator.py for tasks to queue
[2023-11-07T20:04:55.162+0000] {logging_mixin.py:154} INFO - [2023-11-07T20:04:55.162+0000] {dagbag.py:536} INFO - Filling up the DagBag from /usr/local/lib/python3.10/dist-packages/airflow/example_dags/example_branch_day_of_week_operator.py
[2023-11-07T20:04:55.171+0000] {processor.py:839} INFO - DAG(s) dict_keys(['example_weekday_branch_operator']) retrieved from /usr/local/lib/python3.10/dist-packages/airflow/example_dags/example_branch_day_of_week_operator.py
[2023-11-07T20:04:55.190+0000] {logging_mixin.py:154} INFO - [2023-11-07T20:04:55.190+0000] {dag.py:2941} INFO - Sync 1 DAGs
[2023-11-07T20:04:55.213+0000] {logging_mixin.py:154} INFO - [2023-11-07T20:04:55.213+0000] {dag.py:3722} INFO - Setting next_dagrun for example_weekday_branch_operator to 2023-11-06T00:00:00+00:00, run_after=2023-11-07T00:00:00+00:00
[2023-11-07T20:04:55.236+0000] {processor.py:179} INFO - Processing /usr/local/lib/python3.10/dist-packages/airflow/example_dags/example_branch_day_of_week_operator.py took 0.080 seconds
[2023-11-07T20:05:45.689+0000] {processor.py:157} INFO - Started process (PID=5640) to work on /usr/local/lib/python3.10/dist-packages/airflow/example_dags/example_branch_day_of_week_operator.py
[2023-11-07T20:05:45.690+0000] {processor.py:829} INFO - Processing file /usr/local/lib/python3.10/dist-packages/airflow/example_dags/example_branch_day_of_week_operator.py for tasks to queue
[2023-11-07T20:05:45.691+0000] {logging_mixin.py:154} INFO - [2023-11-07T20:05:45.690+0000] {dagbag.py:536} INFO - Filling up the DagBag from /usr/local/lib/python3.10/dist-packages/airflow/example_dags/example_branch_day_of_week_operator.py
[2023-11-07T20:05:45.698+0000] {processor.py:839} INFO - DAG(s) dict_keys(['example_weekday_branch_operator']) retrieved from /usr/local/lib/python3.10/dist-packages/airflow/example_dags/example_branch_day_of_week_operator.py
[2023-11-07T20:05:45.716+0000] {logging_mixin.py:154} INFO - [2023-11-07T20:05:45.716+0000] {dag.py:2941} INFO - Sync 1 DAGs
[2023-11-07T20:05:45.747+0000] {logging_mixin.py:154} INFO - [2023-11-07T20:05:45.747+0000] {dag.py:3722} INFO - Setting next_dagrun for example_weekday_branch_operator to 2023-11-06T00:00:00+00:00, run_after=2023-11-07T00:00:00+00:00
[2023-11-07T20:05:45.776+0000] {processor.py:179} INFO - Processing /usr/local/lib/python3.10/dist-packages/airflow/example_dags/example_branch_day_of_week_operator.py took 0.090 seconds
[2023-11-07T20:06:34.353+0000] {processor.py:157} INFO - Started process (PID=5691) to work on /usr/local/lib/python3.10/dist-packages/airflow/example_dags/example_branch_day_of_week_operator.py
[2023-11-07T20:06:34.354+0000] {processor.py:829} INFO - Processing file /usr/local/lib/python3.10/dist-packages/airflow/example_dags/example_branch_day_of_week_operator.py for tasks to queue
[2023-11-07T20:06:34.355+0000] {logging_mixin.py:154} INFO - [2023-11-07T20:06:34.354+0000] {dagbag.py:536} INFO - Filling up the DagBag from /usr/local/lib/python3.10/dist-packages/airflow/example_dags/example_branch_day_of_week_operator.py
[2023-11-07T20:06:34.363+0000] {processor.py:839} INFO - DAG(s) dict_keys(['example_weekday_branch_operator']) retrieved from /usr/local/lib/python3.10/dist-packages/airflow/example_dags/example_branch_day_of_week_operator.py
[2023-11-07T20:06:34.383+0000] {logging_mixin.py:154} INFO - [2023-11-07T20:06:34.383+0000] {dag.py:2941} INFO - Sync 1 DAGs
[2023-11-07T20:06:34.412+0000] {logging_mixin.py:154} INFO - [2023-11-07T20:06:34.412+0000] {dag.py:3722} INFO - Setting next_dagrun for example_weekday_branch_operator to 2023-11-06T00:00:00+00:00, run_after=2023-11-07T00:00:00+00:00
[2023-11-07T20:06:34.437+0000] {processor.py:179} INFO - Processing /usr/local/lib/python3.10/dist-packages/airflow/example_dags/example_branch_day_of_week_operator.py took 0.087 seconds
[2023-11-07T20:07:26.947+0000] {processor.py:157} INFO - Started process (PID=5743) to work on /usr/local/lib/python3.10/dist-packages/airflow/example_dags/example_branch_day_of_week_operator.py
[2023-11-07T20:07:26.948+0000] {processor.py:829} INFO - Processing file /usr/local/lib/python3.10/dist-packages/airflow/example_dags/example_branch_day_of_week_operator.py for tasks to queue
[2023-11-07T20:07:26.949+0000] {logging_mixin.py:154} INFO - [2023-11-07T20:07:26.948+0000] {dagbag.py:536} INFO - Filling up the DagBag from /usr/local/lib/python3.10/dist-packages/airflow/example_dags/example_branch_day_of_week_operator.py
[2023-11-07T20:07:26.956+0000] {processor.py:839} INFO - DAG(s) dict_keys(['example_weekday_branch_operator']) retrieved from /usr/local/lib/python3.10/dist-packages/airflow/example_dags/example_branch_day_of_week_operator.py
[2023-11-07T20:07:26.976+0000] {logging_mixin.py:154} INFO - [2023-11-07T20:07:26.976+0000] {dag.py:2941} INFO - Sync 1 DAGs
[2023-11-07T20:07:26.996+0000] {logging_mixin.py:154} INFO - [2023-11-07T20:07:26.996+0000] {dag.py:3722} INFO - Setting next_dagrun for example_weekday_branch_operator to 2023-11-06T00:00:00+00:00, run_after=2023-11-07T00:00:00+00:00
[2023-11-07T20:07:27.018+0000] {processor.py:179} INFO - Processing /usr/local/lib/python3.10/dist-packages/airflow/example_dags/example_branch_day_of_week_operator.py took 0.074 seconds
