[2023-11-07T19:31:31.019+0000] {processor.py:157} INFO - Started process (PID=3551) to work on /usr/local/lib/python3.10/dist-packages/airflow/example_dags/example_xcom.py
[2023-11-07T19:31:31.021+0000] {processor.py:829} INFO - Processing file /usr/local/lib/python3.10/dist-packages/airflow/example_dags/example_xcom.py for tasks to queue
[2023-11-07T19:31:31.022+0000] {logging_mixin.py:154} INFO - [2023-11-07T19:31:31.022+0000] {dagbag.py:536} INFO - Filling up the DagBag from /usr/local/lib/python3.10/dist-packages/airflow/example_dags/example_xcom.py
[2023-11-07T19:31:31.041+0000] {processor.py:839} INFO - DAG(s) dict_keys(['example_xcom']) retrieved from /usr/local/lib/python3.10/dist-packages/airflow/example_dags/example_xcom.py
[2023-11-07T19:31:31.186+0000] {logging_mixin.py:154} INFO - [2023-11-07T19:31:31.186+0000] {manager.py:499} INFO - Created Permission View: %s
[2023-11-07T19:31:31.217+0000] {logging_mixin.py:154} INFO - [2023-11-07T19:31:31.217+0000] {manager.py:499} INFO - Created Permission View: %s
[2023-11-07T19:31:31.240+0000] {logging_mixin.py:154} INFO - [2023-11-07T19:31:31.239+0000] {manager.py:499} INFO - Created Permission View: %s
[2023-11-07T19:31:31.240+0000] {logging_mixin.py:154} INFO - [2023-11-07T19:31:31.240+0000] {dag.py:2941} INFO - Sync 1 DAGs
[2023-11-07T19:31:31.251+0000] {logging_mixin.py:154} INFO - [2023-11-07T19:31:31.251+0000] {dag.py:2963} INFO - Creating ORM DAG for example_xcom
[2023-11-07T19:31:31.260+0000] {logging_mixin.py:154} INFO - [2023-11-07T19:31:31.260+0000] {dag.py:3722} INFO - Setting next_dagrun for example_xcom to 2021-01-01T00:00:00+00:00, run_after=2021-01-01T00:00:00+00:00
[2023-11-07T19:31:31.284+0000] {processor.py:179} INFO - Processing /usr/local/lib/python3.10/dist-packages/airflow/example_dags/example_xcom.py took 0.268 seconds
[2023-11-07T19:32:24.767+0000] {processor.py:157} INFO - Started process (PID=3598) to work on /usr/local/lib/python3.10/dist-packages/airflow/example_dags/example_xcom.py
[2023-11-07T19:32:24.768+0000] {processor.py:829} INFO - Processing file /usr/local/lib/python3.10/dist-packages/airflow/example_dags/example_xcom.py for tasks to queue
[2023-11-07T19:32:24.769+0000] {logging_mixin.py:154} INFO - [2023-11-07T19:32:24.769+0000] {dagbag.py:536} INFO - Filling up the DagBag from /usr/local/lib/python3.10/dist-packages/airflow/example_dags/example_xcom.py
[2023-11-07T19:32:24.778+0000] {processor.py:839} INFO - DAG(s) dict_keys(['example_xcom']) retrieved from /usr/local/lib/python3.10/dist-packages/airflow/example_dags/example_xcom.py
[2023-11-07T19:32:24.797+0000] {logging_mixin.py:154} INFO - [2023-11-07T19:32:24.797+0000] {dag.py:2941} INFO - Sync 1 DAGs
[2023-11-07T19:32:24.823+0000] {logging_mixin.py:154} INFO - [2023-11-07T19:32:24.823+0000] {dag.py:3722} INFO - Setting next_dagrun for example_xcom to 2021-01-01T00:00:00+00:00, run_after=2021-01-01T00:00:00+00:00
[2023-11-07T19:32:24.860+0000] {processor.py:179} INFO - Processing /usr/local/lib/python3.10/dist-packages/airflow/example_dags/example_xcom.py took 0.101 seconds
[2023-11-07T19:33:05.415+0000] {processor.py:157} INFO - Started process (PID=3639) to work on /usr/local/lib/python3.10/dist-packages/airflow/example_dags/example_xcom.py
[2023-11-07T19:33:05.416+0000] {processor.py:829} INFO - Processing file /usr/local/lib/python3.10/dist-packages/airflow/example_dags/example_xcom.py for tasks to queue
[2023-11-07T19:33:05.417+0000] {logging_mixin.py:154} INFO - [2023-11-07T19:33:05.417+0000] {dagbag.py:536} INFO - Filling up the DagBag from /usr/local/lib/python3.10/dist-packages/airflow/example_dags/example_xcom.py
[2023-11-07T19:33:05.426+0000] {processor.py:839} INFO - DAG(s) dict_keys(['example_xcom']) retrieved from /usr/local/lib/python3.10/dist-packages/airflow/example_dags/example_xcom.py
[2023-11-07T19:33:05.445+0000] {logging_mixin.py:154} INFO - [2023-11-07T19:33:05.445+0000] {dag.py:2941} INFO - Sync 1 DAGs
[2023-11-07T19:33:05.466+0000] {logging_mixin.py:154} INFO - [2023-11-07T19:33:05.465+0000] {dag.py:3722} INFO - Setting next_dagrun for example_xcom to 2021-01-01T00:00:00+00:00, run_after=2021-01-01T00:00:00+00:00
[2023-11-07T19:33:05.488+0000] {processor.py:179} INFO - Processing /usr/local/lib/python3.10/dist-packages/airflow/example_dags/example_xcom.py took 0.076 seconds
[2023-11-07T19:33:50.892+0000] {processor.py:157} INFO - Started process (PID=3686) to work on /usr/local/lib/python3.10/dist-packages/airflow/example_dags/example_xcom.py
[2023-11-07T19:33:50.893+0000] {processor.py:829} INFO - Processing file /usr/local/lib/python3.10/dist-packages/airflow/example_dags/example_xcom.py for tasks to queue
[2023-11-07T19:33:50.895+0000] {logging_mixin.py:154} INFO - [2023-11-07T19:33:50.894+0000] {dagbag.py:536} INFO - Filling up the DagBag from /usr/local/lib/python3.10/dist-packages/airflow/example_dags/example_xcom.py
[2023-11-07T19:33:50.902+0000] {processor.py:839} INFO - DAG(s) dict_keys(['example_xcom']) retrieved from /usr/local/lib/python3.10/dist-packages/airflow/example_dags/example_xcom.py
[2023-11-07T19:33:50.920+0000] {logging_mixin.py:154} INFO - [2023-11-07T19:33:50.919+0000] {dag.py:2941} INFO - Sync 1 DAGs
[2023-11-07T19:33:50.938+0000] {logging_mixin.py:154} INFO - [2023-11-07T19:33:50.937+0000] {dag.py:3722} INFO - Setting next_dagrun for example_xcom to 2021-01-01T00:00:00+00:00, run_after=2021-01-01T00:00:00+00:00
[2023-11-07T19:33:50.960+0000] {processor.py:179} INFO - Processing /usr/local/lib/python3.10/dist-packages/airflow/example_dags/example_xcom.py took 0.071 seconds
[2023-11-07T19:34:37.850+0000] {processor.py:157} INFO - Started process (PID=3734) to work on /usr/local/lib/python3.10/dist-packages/airflow/example_dags/example_xcom.py
[2023-11-07T19:34:37.852+0000] {processor.py:829} INFO - Processing file /usr/local/lib/python3.10/dist-packages/airflow/example_dags/example_xcom.py for tasks to queue
[2023-11-07T19:34:37.853+0000] {logging_mixin.py:154} INFO - [2023-11-07T19:34:37.852+0000] {dagbag.py:536} INFO - Filling up the DagBag from /usr/local/lib/python3.10/dist-packages/airflow/example_dags/example_xcom.py
[2023-11-07T19:34:37.861+0000] {processor.py:839} INFO - DAG(s) dict_keys(['example_xcom']) retrieved from /usr/local/lib/python3.10/dist-packages/airflow/example_dags/example_xcom.py
[2023-11-07T19:34:37.879+0000] {logging_mixin.py:154} INFO - [2023-11-07T19:34:37.879+0000] {dag.py:2941} INFO - Sync 1 DAGs
[2023-11-07T19:34:37.901+0000] {logging_mixin.py:154} INFO - [2023-11-07T19:34:37.901+0000] {dag.py:3722} INFO - Setting next_dagrun for example_xcom to 2021-01-01T00:00:00+00:00, run_after=2021-01-01T00:00:00+00:00
[2023-11-07T19:34:37.925+0000] {processor.py:179} INFO - Processing /usr/local/lib/python3.10/dist-packages/airflow/example_dags/example_xcom.py took 0.078 seconds
[2023-11-07T19:35:22.940+0000] {processor.py:157} INFO - Started process (PID=3781) to work on /usr/local/lib/python3.10/dist-packages/airflow/example_dags/example_xcom.py
[2023-11-07T19:35:22.941+0000] {processor.py:829} INFO - Processing file /usr/local/lib/python3.10/dist-packages/airflow/example_dags/example_xcom.py for tasks to queue
[2023-11-07T19:35:22.942+0000] {logging_mixin.py:154} INFO - [2023-11-07T19:35:22.942+0000] {dagbag.py:536} INFO - Filling up the DagBag from /usr/local/lib/python3.10/dist-packages/airflow/example_dags/example_xcom.py
[2023-11-07T19:35:22.951+0000] {processor.py:839} INFO - DAG(s) dict_keys(['example_xcom']) retrieved from /usr/local/lib/python3.10/dist-packages/airflow/example_dags/example_xcom.py
[2023-11-07T19:35:22.968+0000] {logging_mixin.py:154} INFO - [2023-11-07T19:35:22.968+0000] {dag.py:2941} INFO - Sync 1 DAGs
[2023-11-07T19:35:22.993+0000] {logging_mixin.py:154} INFO - [2023-11-07T19:35:22.993+0000] {dag.py:3722} INFO - Setting next_dagrun for example_xcom to 2021-01-01T00:00:00+00:00, run_after=2021-01-01T00:00:00+00:00
[2023-11-07T19:35:23.019+0000] {processor.py:179} INFO - Processing /usr/local/lib/python3.10/dist-packages/airflow/example_dags/example_xcom.py took 0.082 seconds
[2023-11-07T19:36:09.102+0000] {processor.py:157} INFO - Started process (PID=3830) to work on /usr/local/lib/python3.10/dist-packages/airflow/example_dags/example_xcom.py
[2023-11-07T19:36:09.103+0000] {processor.py:829} INFO - Processing file /usr/local/lib/python3.10/dist-packages/airflow/example_dags/example_xcom.py for tasks to queue
[2023-11-07T19:36:09.104+0000] {logging_mixin.py:154} INFO - [2023-11-07T19:36:09.103+0000] {dagbag.py:536} INFO - Filling up the DagBag from /usr/local/lib/python3.10/dist-packages/airflow/example_dags/example_xcom.py
[2023-11-07T19:36:09.112+0000] {processor.py:839} INFO - DAG(s) dict_keys(['example_xcom']) retrieved from /usr/local/lib/python3.10/dist-packages/airflow/example_dags/example_xcom.py
[2023-11-07T19:36:09.129+0000] {logging_mixin.py:154} INFO - [2023-11-07T19:36:09.129+0000] {dag.py:2941} INFO - Sync 1 DAGs
[2023-11-07T19:36:09.147+0000] {logging_mixin.py:154} INFO - [2023-11-07T19:36:09.147+0000] {dag.py:3722} INFO - Setting next_dagrun for example_xcom to 2021-01-01T00:00:00+00:00, run_after=2021-01-01T00:00:00+00:00
[2023-11-07T19:36:09.170+0000] {processor.py:179} INFO - Processing /usr/local/lib/python3.10/dist-packages/airflow/example_dags/example_xcom.py took 0.072 seconds
[2023-11-07T19:36:43.840+0000] {processor.py:157} INFO - Started process (PID=3866) to work on /usr/local/lib/python3.10/dist-packages/airflow/example_dags/example_xcom.py
[2023-11-07T19:36:43.841+0000] {processor.py:829} INFO - Processing file /usr/local/lib/python3.10/dist-packages/airflow/example_dags/example_xcom.py for tasks to queue
[2023-11-07T19:36:43.842+0000] {logging_mixin.py:154} INFO - [2023-11-07T19:36:43.841+0000] {dagbag.py:536} INFO - Filling up the DagBag from /usr/local/lib/python3.10/dist-packages/airflow/example_dags/example_xcom.py
[2023-11-07T19:36:43.849+0000] {processor.py:839} INFO - DAG(s) dict_keys(['example_xcom']) retrieved from /usr/local/lib/python3.10/dist-packages/airflow/example_dags/example_xcom.py
[2023-11-07T19:36:43.869+0000] {logging_mixin.py:154} INFO - [2023-11-07T19:36:43.869+0000] {dag.py:2941} INFO - Sync 1 DAGs
[2023-11-07T19:36:43.891+0000] {logging_mixin.py:154} INFO - [2023-11-07T19:36:43.890+0000] {dag.py:3722} INFO - Setting next_dagrun for example_xcom to 2021-01-01T00:00:00+00:00, run_after=2021-01-01T00:00:00+00:00
[2023-11-07T19:36:43.926+0000] {processor.py:179} INFO - Processing /usr/local/lib/python3.10/dist-packages/airflow/example_dags/example_xcom.py took 0.093 seconds
[2023-11-07T19:37:17.980+0000] {processor.py:157} INFO - Started process (PID=3900) to work on /usr/local/lib/python3.10/dist-packages/airflow/example_dags/example_xcom.py
[2023-11-07T19:37:17.982+0000] {processor.py:829} INFO - Processing file /usr/local/lib/python3.10/dist-packages/airflow/example_dags/example_xcom.py for tasks to queue
[2023-11-07T19:37:17.982+0000] {logging_mixin.py:154} INFO - [2023-11-07T19:37:17.982+0000] {dagbag.py:536} INFO - Filling up the DagBag from /usr/local/lib/python3.10/dist-packages/airflow/example_dags/example_xcom.py
[2023-11-07T19:37:17.991+0000] {processor.py:839} INFO - DAG(s) dict_keys(['example_xcom']) retrieved from /usr/local/lib/python3.10/dist-packages/airflow/example_dags/example_xcom.py
[2023-11-07T19:37:18.010+0000] {logging_mixin.py:154} INFO - [2023-11-07T19:37:18.009+0000] {dag.py:2941} INFO - Sync 1 DAGs
[2023-11-07T19:37:18.037+0000] {logging_mixin.py:154} INFO - [2023-11-07T19:37:18.037+0000] {dag.py:3722} INFO - Setting next_dagrun for example_xcom to 2021-01-01T00:00:00+00:00, run_after=2021-01-01T00:00:00+00:00
[2023-11-07T19:37:18.059+0000] {processor.py:179} INFO - Processing /usr/local/lib/python3.10/dist-packages/airflow/example_dags/example_xcom.py took 0.082 seconds
[2023-11-07T19:37:49.960+0000] {processor.py:157} INFO - Started process (PID=3934) to work on /usr/local/lib/python3.10/dist-packages/airflow/example_dags/example_xcom.py
[2023-11-07T19:37:49.961+0000] {processor.py:829} INFO - Processing file /usr/local/lib/python3.10/dist-packages/airflow/example_dags/example_xcom.py for tasks to queue
[2023-11-07T19:37:49.962+0000] {logging_mixin.py:154} INFO - [2023-11-07T19:37:49.962+0000] {dagbag.py:536} INFO - Filling up the DagBag from /usr/local/lib/python3.10/dist-packages/airflow/example_dags/example_xcom.py
[2023-11-07T19:37:49.970+0000] {processor.py:839} INFO - DAG(s) dict_keys(['example_xcom']) retrieved from /usr/local/lib/python3.10/dist-packages/airflow/example_dags/example_xcom.py
[2023-11-07T19:37:49.988+0000] {logging_mixin.py:154} INFO - [2023-11-07T19:37:49.988+0000] {dag.py:2941} INFO - Sync 1 DAGs
[2023-11-07T19:37:50.012+0000] {logging_mixin.py:154} INFO - [2023-11-07T19:37:50.012+0000] {dag.py:3722} INFO - Setting next_dagrun for example_xcom to 2021-01-01T00:00:00+00:00, run_after=2021-01-01T00:00:00+00:00
[2023-11-07T19:37:50.039+0000] {processor.py:179} INFO - Processing /usr/local/lib/python3.10/dist-packages/airflow/example_dags/example_xcom.py took 0.083 seconds
[2023-11-07T19:38:39.040+0000] {processor.py:157} INFO - Started process (PID=3984) to work on /usr/local/lib/python3.10/dist-packages/airflow/example_dags/example_xcom.py
[2023-11-07T19:38:39.041+0000] {processor.py:829} INFO - Processing file /usr/local/lib/python3.10/dist-packages/airflow/example_dags/example_xcom.py for tasks to queue
[2023-11-07T19:38:39.042+0000] {logging_mixin.py:154} INFO - [2023-11-07T19:38:39.041+0000] {dagbag.py:536} INFO - Filling up the DagBag from /usr/local/lib/python3.10/dist-packages/airflow/example_dags/example_xcom.py
[2023-11-07T19:38:39.050+0000] {processor.py:839} INFO - DAG(s) dict_keys(['example_xcom']) retrieved from /usr/local/lib/python3.10/dist-packages/airflow/example_dags/example_xcom.py
[2023-11-07T19:38:39.075+0000] {logging_mixin.py:154} INFO - [2023-11-07T19:38:39.074+0000] {dag.py:2941} INFO - Sync 1 DAGs
[2023-11-07T19:38:39.096+0000] {logging_mixin.py:154} INFO - [2023-11-07T19:38:39.096+0000] {dag.py:3722} INFO - Setting next_dagrun for example_xcom to 2021-01-01T00:00:00+00:00, run_after=2021-01-01T00:00:00+00:00
[2023-11-07T19:38:39.120+0000] {processor.py:179} INFO - Processing /usr/local/lib/python3.10/dist-packages/airflow/example_dags/example_xcom.py took 0.084 seconds
[2023-11-07T19:39:22.765+0000] {processor.py:157} INFO - Started process (PID=4031) to work on /usr/local/lib/python3.10/dist-packages/airflow/example_dags/example_xcom.py
[2023-11-07T19:39:22.766+0000] {processor.py:829} INFO - Processing file /usr/local/lib/python3.10/dist-packages/airflow/example_dags/example_xcom.py for tasks to queue
[2023-11-07T19:39:22.767+0000] {logging_mixin.py:154} INFO - [2023-11-07T19:39:22.766+0000] {dagbag.py:536} INFO - Filling up the DagBag from /usr/local/lib/python3.10/dist-packages/airflow/example_dags/example_xcom.py
[2023-11-07T19:39:22.775+0000] {processor.py:839} INFO - DAG(s) dict_keys(['example_xcom']) retrieved from /usr/local/lib/python3.10/dist-packages/airflow/example_dags/example_xcom.py
[2023-11-07T19:39:22.797+0000] {logging_mixin.py:154} INFO - [2023-11-07T19:39:22.797+0000] {dag.py:2941} INFO - Sync 1 DAGs
[2023-11-07T19:39:22.820+0000] {logging_mixin.py:154} INFO - [2023-11-07T19:39:22.820+0000] {dag.py:3722} INFO - Setting next_dagrun for example_xcom to 2021-01-01T00:00:00+00:00, run_after=2021-01-01T00:00:00+00:00
[2023-11-07T19:39:22.842+0000] {processor.py:179} INFO - Processing /usr/local/lib/python3.10/dist-packages/airflow/example_dags/example_xcom.py took 0.081 seconds
[2023-11-07T19:39:55.937+0000] {processor.py:157} INFO - Started process (PID=4065) to work on /usr/local/lib/python3.10/dist-packages/airflow/example_dags/example_xcom.py
[2023-11-07T19:39:55.939+0000] {processor.py:829} INFO - Processing file /usr/local/lib/python3.10/dist-packages/airflow/example_dags/example_xcom.py for tasks to queue
[2023-11-07T19:39:55.940+0000] {logging_mixin.py:154} INFO - [2023-11-07T19:39:55.939+0000] {dagbag.py:536} INFO - Filling up the DagBag from /usr/local/lib/python3.10/dist-packages/airflow/example_dags/example_xcom.py
[2023-11-07T19:39:55.948+0000] {processor.py:839} INFO - DAG(s) dict_keys(['example_xcom']) retrieved from /usr/local/lib/python3.10/dist-packages/airflow/example_dags/example_xcom.py
[2023-11-07T19:39:55.967+0000] {logging_mixin.py:154} INFO - [2023-11-07T19:39:55.967+0000] {dag.py:2941} INFO - Sync 1 DAGs
[2023-11-07T19:39:55.992+0000] {logging_mixin.py:154} INFO - [2023-11-07T19:39:55.992+0000] {dag.py:3722} INFO - Setting next_dagrun for example_xcom to 2021-01-01T00:00:00+00:00, run_after=2021-01-01T00:00:00+00:00
[2023-11-07T19:39:56.016+0000] {processor.py:179} INFO - Processing /usr/local/lib/python3.10/dist-packages/airflow/example_dags/example_xcom.py took 0.082 seconds
[2023-11-07T19:40:30.279+0000] {processor.py:157} INFO - Started process (PID=4100) to work on /usr/local/lib/python3.10/dist-packages/airflow/example_dags/example_xcom.py
[2023-11-07T19:40:30.282+0000] {processor.py:829} INFO - Processing file /usr/local/lib/python3.10/dist-packages/airflow/example_dags/example_xcom.py for tasks to queue
[2023-11-07T19:40:30.282+0000] {logging_mixin.py:154} INFO - [2023-11-07T19:40:30.282+0000] {dagbag.py:536} INFO - Filling up the DagBag from /usr/local/lib/python3.10/dist-packages/airflow/example_dags/example_xcom.py
[2023-11-07T19:40:30.290+0000] {processor.py:839} INFO - DAG(s) dict_keys(['example_xcom']) retrieved from /usr/local/lib/python3.10/dist-packages/airflow/example_dags/example_xcom.py
[2023-11-07T19:40:30.307+0000] {logging_mixin.py:154} INFO - [2023-11-07T19:40:30.306+0000] {dag.py:2941} INFO - Sync 1 DAGs
[2023-11-07T19:40:30.324+0000] {logging_mixin.py:154} INFO - [2023-11-07T19:40:30.324+0000] {dag.py:3722} INFO - Setting next_dagrun for example_xcom to 2021-01-01T00:00:00+00:00, run_after=2021-01-01T00:00:00+00:00
[2023-11-07T19:40:30.352+0000] {processor.py:179} INFO - Processing /usr/local/lib/python3.10/dist-packages/airflow/example_dags/example_xcom.py took 0.076 seconds
[2023-11-07T19:41:05.617+0000] {processor.py:157} INFO - Started process (PID=4136) to work on /usr/local/lib/python3.10/dist-packages/airflow/example_dags/example_xcom.py
[2023-11-07T19:41:05.618+0000] {processor.py:829} INFO - Processing file /usr/local/lib/python3.10/dist-packages/airflow/example_dags/example_xcom.py for tasks to queue
[2023-11-07T19:41:05.619+0000] {logging_mixin.py:154} INFO - [2023-11-07T19:41:05.618+0000] {dagbag.py:536} INFO - Filling up the DagBag from /usr/local/lib/python3.10/dist-packages/airflow/example_dags/example_xcom.py
[2023-11-07T19:41:05.628+0000] {processor.py:839} INFO - DAG(s) dict_keys(['example_xcom']) retrieved from /usr/local/lib/python3.10/dist-packages/airflow/example_dags/example_xcom.py
[2023-11-07T19:41:05.653+0000] {logging_mixin.py:154} INFO - [2023-11-07T19:41:05.653+0000] {dag.py:2941} INFO - Sync 1 DAGs
[2023-11-07T19:41:05.683+0000] {logging_mixin.py:154} INFO - [2023-11-07T19:41:05.683+0000] {dag.py:3722} INFO - Setting next_dagrun for example_xcom to 2021-01-01T00:00:00+00:00, run_after=2021-01-01T00:00:00+00:00
[2023-11-07T19:41:05.708+0000] {processor.py:179} INFO - Processing /usr/local/lib/python3.10/dist-packages/airflow/example_dags/example_xcom.py took 0.095 seconds
[2023-11-07T19:41:39.306+0000] {processor.py:157} INFO - Started process (PID=4171) to work on /usr/local/lib/python3.10/dist-packages/airflow/example_dags/example_xcom.py
[2023-11-07T19:41:39.308+0000] {processor.py:829} INFO - Processing file /usr/local/lib/python3.10/dist-packages/airflow/example_dags/example_xcom.py for tasks to queue
[2023-11-07T19:41:39.308+0000] {logging_mixin.py:154} INFO - [2023-11-07T19:41:39.308+0000] {dagbag.py:536} INFO - Filling up the DagBag from /usr/local/lib/python3.10/dist-packages/airflow/example_dags/example_xcom.py
[2023-11-07T19:41:39.316+0000] {processor.py:839} INFO - DAG(s) dict_keys(['example_xcom']) retrieved from /usr/local/lib/python3.10/dist-packages/airflow/example_dags/example_xcom.py
[2023-11-07T19:41:39.346+0000] {logging_mixin.py:154} INFO - [2023-11-07T19:41:39.345+0000] {dag.py:2941} INFO - Sync 1 DAGs
[2023-11-07T19:41:39.379+0000] {logging_mixin.py:154} INFO - [2023-11-07T19:41:39.379+0000] {dag.py:3722} INFO - Setting next_dagrun for example_xcom to 2021-01-01T00:00:00+00:00, run_after=2021-01-01T00:00:00+00:00
[2023-11-07T19:41:39.417+0000] {processor.py:179} INFO - Processing /usr/local/lib/python3.10/dist-packages/airflow/example_dags/example_xcom.py took 0.118 seconds
[2023-11-07T19:42:26.194+0000] {processor.py:157} INFO - Started process (PID=4220) to work on /usr/local/lib/python3.10/dist-packages/airflow/example_dags/example_xcom.py
[2023-11-07T19:42:26.196+0000] {processor.py:829} INFO - Processing file /usr/local/lib/python3.10/dist-packages/airflow/example_dags/example_xcom.py for tasks to queue
[2023-11-07T19:42:26.197+0000] {logging_mixin.py:154} INFO - [2023-11-07T19:42:26.197+0000] {dagbag.py:536} INFO - Filling up the DagBag from /usr/local/lib/python3.10/dist-packages/airflow/example_dags/example_xcom.py
[2023-11-07T19:42:26.213+0000] {processor.py:839} INFO - DAG(s) dict_keys(['example_xcom']) retrieved from /usr/local/lib/python3.10/dist-packages/airflow/example_dags/example_xcom.py
[2023-11-07T19:42:26.240+0000] {logging_mixin.py:154} INFO - [2023-11-07T19:42:26.239+0000] {dag.py:2941} INFO - Sync 1 DAGs
[2023-11-07T19:42:26.279+0000] {logging_mixin.py:154} INFO - [2023-11-07T19:42:26.278+0000] {dag.py:3722} INFO - Setting next_dagrun for example_xcom to 2021-01-01T00:00:00+00:00, run_after=2021-01-01T00:00:00+00:00
[2023-11-07T19:42:26.310+0000] {processor.py:179} INFO - Processing /usr/local/lib/python3.10/dist-packages/airflow/example_dags/example_xcom.py took 0.123 seconds
[2023-11-07T19:43:15.925+0000] {processor.py:157} INFO - Started process (PID=4270) to work on /usr/local/lib/python3.10/dist-packages/airflow/example_dags/example_xcom.py
[2023-11-07T19:43:15.926+0000] {processor.py:829} INFO - Processing file /usr/local/lib/python3.10/dist-packages/airflow/example_dags/example_xcom.py for tasks to queue
[2023-11-07T19:43:15.927+0000] {logging_mixin.py:154} INFO - [2023-11-07T19:43:15.926+0000] {dagbag.py:536} INFO - Filling up the DagBag from /usr/local/lib/python3.10/dist-packages/airflow/example_dags/example_xcom.py
[2023-11-07T19:43:15.934+0000] {processor.py:839} INFO - DAG(s) dict_keys(['example_xcom']) retrieved from /usr/local/lib/python3.10/dist-packages/airflow/example_dags/example_xcom.py
[2023-11-07T19:43:15.953+0000] {logging_mixin.py:154} INFO - [2023-11-07T19:43:15.953+0000] {dag.py:2941} INFO - Sync 1 DAGs
[2023-11-07T19:43:15.972+0000] {logging_mixin.py:154} INFO - [2023-11-07T19:43:15.972+0000] {dag.py:3722} INFO - Setting next_dagrun for example_xcom to 2021-01-01T00:00:00+00:00, run_after=2021-01-01T00:00:00+00:00
[2023-11-07T19:43:16.003+0000] {processor.py:179} INFO - Processing /usr/local/lib/python3.10/dist-packages/airflow/example_dags/example_xcom.py took 0.082 seconds
[2023-11-07T19:43:48.577+0000] {processor.py:157} INFO - Started process (PID=4304) to work on /usr/local/lib/python3.10/dist-packages/airflow/example_dags/example_xcom.py
[2023-11-07T19:43:48.578+0000] {processor.py:829} INFO - Processing file /usr/local/lib/python3.10/dist-packages/airflow/example_dags/example_xcom.py for tasks to queue
[2023-11-07T19:43:48.579+0000] {logging_mixin.py:154} INFO - [2023-11-07T19:43:48.578+0000] {dagbag.py:536} INFO - Filling up the DagBag from /usr/local/lib/python3.10/dist-packages/airflow/example_dags/example_xcom.py
[2023-11-07T19:43:48.587+0000] {processor.py:839} INFO - DAG(s) dict_keys(['example_xcom']) retrieved from /usr/local/lib/python3.10/dist-packages/airflow/example_dags/example_xcom.py
[2023-11-07T19:43:48.610+0000] {logging_mixin.py:154} INFO - [2023-11-07T19:43:48.610+0000] {dag.py:2941} INFO - Sync 1 DAGs
[2023-11-07T19:43:48.640+0000] {logging_mixin.py:154} INFO - [2023-11-07T19:43:48.640+0000] {dag.py:3722} INFO - Setting next_dagrun for example_xcom to 2021-01-01T00:00:00+00:00, run_after=2021-01-01T00:00:00+00:00
[2023-11-07T19:43:48.668+0000] {processor.py:179} INFO - Processing /usr/local/lib/python3.10/dist-packages/airflow/example_dags/example_xcom.py took 0.095 seconds
[2023-11-07T19:44:22.307+0000] {processor.py:157} INFO - Started process (PID=4338) to work on /usr/local/lib/python3.10/dist-packages/airflow/example_dags/example_xcom.py
[2023-11-07T19:44:22.308+0000] {processor.py:829} INFO - Processing file /usr/local/lib/python3.10/dist-packages/airflow/example_dags/example_xcom.py for tasks to queue
[2023-11-07T19:44:22.309+0000] {logging_mixin.py:154} INFO - [2023-11-07T19:44:22.309+0000] {dagbag.py:536} INFO - Filling up the DagBag from /usr/local/lib/python3.10/dist-packages/airflow/example_dags/example_xcom.py
[2023-11-07T19:44:22.317+0000] {processor.py:839} INFO - DAG(s) dict_keys(['example_xcom']) retrieved from /usr/local/lib/python3.10/dist-packages/airflow/example_dags/example_xcom.py
[2023-11-07T19:44:22.336+0000] {logging_mixin.py:154} INFO - [2023-11-07T19:44:22.335+0000] {dag.py:2941} INFO - Sync 1 DAGs
[2023-11-07T19:44:22.355+0000] {logging_mixin.py:154} INFO - [2023-11-07T19:44:22.355+0000] {dag.py:3722} INFO - Setting next_dagrun for example_xcom to 2021-01-01T00:00:00+00:00, run_after=2021-01-01T00:00:00+00:00
[2023-11-07T19:44:22.383+0000] {processor.py:179} INFO - Processing /usr/local/lib/python3.10/dist-packages/airflow/example_dags/example_xcom.py took 0.079 seconds
[2023-11-07T19:44:58.168+0000] {processor.py:157} INFO - Started process (PID=4373) to work on /usr/local/lib/python3.10/dist-packages/airflow/example_dags/example_xcom.py
[2023-11-07T19:44:58.169+0000] {processor.py:829} INFO - Processing file /usr/local/lib/python3.10/dist-packages/airflow/example_dags/example_xcom.py for tasks to queue
[2023-11-07T19:44:58.170+0000] {logging_mixin.py:154} INFO - [2023-11-07T19:44:58.170+0000] {dagbag.py:536} INFO - Filling up the DagBag from /usr/local/lib/python3.10/dist-packages/airflow/example_dags/example_xcom.py
[2023-11-07T19:44:58.183+0000] {processor.py:839} INFO - DAG(s) dict_keys(['example_xcom']) retrieved from /usr/local/lib/python3.10/dist-packages/airflow/example_dags/example_xcom.py
[2023-11-07T19:44:58.208+0000] {logging_mixin.py:154} INFO - [2023-11-07T19:44:58.208+0000] {dag.py:2941} INFO - Sync 1 DAGs
[2023-11-07T19:44:58.251+0000] {logging_mixin.py:154} INFO - [2023-11-07T19:44:58.250+0000] {dag.py:3722} INFO - Setting next_dagrun for example_xcom to 2021-01-01T00:00:00+00:00, run_after=2021-01-01T00:00:00+00:00
[2023-11-07T19:44:58.283+0000] {processor.py:179} INFO - Processing /usr/local/lib/python3.10/dist-packages/airflow/example_dags/example_xcom.py took 0.118 seconds
[2023-11-07T19:45:35.831+0000] {processor.py:157} INFO - Started process (PID=4410) to work on /usr/local/lib/python3.10/dist-packages/airflow/example_dags/example_xcom.py
[2023-11-07T19:45:35.832+0000] {processor.py:829} INFO - Processing file /usr/local/lib/python3.10/dist-packages/airflow/example_dags/example_xcom.py for tasks to queue
[2023-11-07T19:45:35.833+0000] {logging_mixin.py:154} INFO - [2023-11-07T19:45:35.832+0000] {dagbag.py:536} INFO - Filling up the DagBag from /usr/local/lib/python3.10/dist-packages/airflow/example_dags/example_xcom.py
[2023-11-07T19:45:35.840+0000] {processor.py:839} INFO - DAG(s) dict_keys(['example_xcom']) retrieved from /usr/local/lib/python3.10/dist-packages/airflow/example_dags/example_xcom.py
[2023-11-07T19:45:35.858+0000] {logging_mixin.py:154} INFO - [2023-11-07T19:45:35.858+0000] {dag.py:2941} INFO - Sync 1 DAGs
[2023-11-07T19:45:35.878+0000] {logging_mixin.py:154} INFO - [2023-11-07T19:45:35.878+0000] {dag.py:3722} INFO - Setting next_dagrun for example_xcom to 2021-01-01T00:00:00+00:00, run_after=2021-01-01T00:00:00+00:00
[2023-11-07T19:45:35.903+0000] {processor.py:179} INFO - Processing /usr/local/lib/python3.10/dist-packages/airflow/example_dags/example_xcom.py took 0.076 seconds
[2023-11-07T19:46:12.015+0000] {processor.py:157} INFO - Started process (PID=4445) to work on /usr/local/lib/python3.10/dist-packages/airflow/example_dags/example_xcom.py
[2023-11-07T19:46:12.017+0000] {processor.py:829} INFO - Processing file /usr/local/lib/python3.10/dist-packages/airflow/example_dags/example_xcom.py for tasks to queue
[2023-11-07T19:46:12.019+0000] {logging_mixin.py:154} INFO - [2023-11-07T19:46:12.018+0000] {dagbag.py:536} INFO - Filling up the DagBag from /usr/local/lib/python3.10/dist-packages/airflow/example_dags/example_xcom.py
[2023-11-07T19:46:12.033+0000] {processor.py:839} INFO - DAG(s) dict_keys(['example_xcom']) retrieved from /usr/local/lib/python3.10/dist-packages/airflow/example_dags/example_xcom.py
[2023-11-07T19:46:12.058+0000] {logging_mixin.py:154} INFO - [2023-11-07T19:46:12.058+0000] {dag.py:2941} INFO - Sync 1 DAGs
[2023-11-07T19:46:12.086+0000] {logging_mixin.py:154} INFO - [2023-11-07T19:46:12.085+0000] {dag.py:3722} INFO - Setting next_dagrun for example_xcom to 2021-01-01T00:00:00+00:00, run_after=2021-01-01T00:00:00+00:00
[2023-11-07T19:46:12.109+0000] {processor.py:179} INFO - Processing /usr/local/lib/python3.10/dist-packages/airflow/example_dags/example_xcom.py took 0.104 seconds
[2023-11-07T19:46:45.560+0000] {processor.py:157} INFO - Started process (PID=4480) to work on /usr/local/lib/python3.10/dist-packages/airflow/example_dags/example_xcom.py
[2023-11-07T19:46:45.562+0000] {processor.py:829} INFO - Processing file /usr/local/lib/python3.10/dist-packages/airflow/example_dags/example_xcom.py for tasks to queue
[2023-11-07T19:46:45.562+0000] {logging_mixin.py:154} INFO - [2023-11-07T19:46:45.562+0000] {dagbag.py:536} INFO - Filling up the DagBag from /usr/local/lib/python3.10/dist-packages/airflow/example_dags/example_xcom.py
[2023-11-07T19:46:45.570+0000] {processor.py:839} INFO - DAG(s) dict_keys(['example_xcom']) retrieved from /usr/local/lib/python3.10/dist-packages/airflow/example_dags/example_xcom.py
[2023-11-07T19:46:45.591+0000] {logging_mixin.py:154} INFO - [2023-11-07T19:46:45.591+0000] {dag.py:2941} INFO - Sync 1 DAGs
[2023-11-07T19:46:45.612+0000] {logging_mixin.py:154} INFO - [2023-11-07T19:46:45.612+0000] {dag.py:3722} INFO - Setting next_dagrun for example_xcom to 2021-01-01T00:00:00+00:00, run_after=2021-01-01T00:00:00+00:00
[2023-11-07T19:46:45.634+0000] {processor.py:179} INFO - Processing /usr/local/lib/python3.10/dist-packages/airflow/example_dags/example_xcom.py took 0.077 seconds
[2023-11-07T19:47:20.837+0000] {processor.py:157} INFO - Started process (PID=4515) to work on /usr/local/lib/python3.10/dist-packages/airflow/example_dags/example_xcom.py
[2023-11-07T19:47:20.840+0000] {processor.py:829} INFO - Processing file /usr/local/lib/python3.10/dist-packages/airflow/example_dags/example_xcom.py for tasks to queue
[2023-11-07T19:47:20.841+0000] {logging_mixin.py:154} INFO - [2023-11-07T19:47:20.840+0000] {dagbag.py:536} INFO - Filling up the DagBag from /usr/local/lib/python3.10/dist-packages/airflow/example_dags/example_xcom.py
[2023-11-07T19:47:20.853+0000] {processor.py:839} INFO - DAG(s) dict_keys(['example_xcom']) retrieved from /usr/local/lib/python3.10/dist-packages/airflow/example_dags/example_xcom.py
[2023-11-07T19:47:20.870+0000] {logging_mixin.py:154} INFO - [2023-11-07T19:47:20.870+0000] {dag.py:2941} INFO - Sync 1 DAGs
[2023-11-07T19:47:20.888+0000] {logging_mixin.py:154} INFO - [2023-11-07T19:47:20.888+0000] {dag.py:3722} INFO - Setting next_dagrun for example_xcom to 2021-01-01T00:00:00+00:00, run_after=2021-01-01T00:00:00+00:00
[2023-11-07T19:47:20.910+0000] {processor.py:179} INFO - Processing /usr/local/lib/python3.10/dist-packages/airflow/example_dags/example_xcom.py took 0.075 seconds
[2023-11-07T19:47:55.402+0000] {processor.py:157} INFO - Started process (PID=4551) to work on /usr/local/lib/python3.10/dist-packages/airflow/example_dags/example_xcom.py
[2023-11-07T19:47:55.403+0000] {processor.py:829} INFO - Processing file /usr/local/lib/python3.10/dist-packages/airflow/example_dags/example_xcom.py for tasks to queue
[2023-11-07T19:47:55.404+0000] {logging_mixin.py:154} INFO - [2023-11-07T19:47:55.403+0000] {dagbag.py:536} INFO - Filling up the DagBag from /usr/local/lib/python3.10/dist-packages/airflow/example_dags/example_xcom.py
[2023-11-07T19:47:55.413+0000] {processor.py:839} INFO - DAG(s) dict_keys(['example_xcom']) retrieved from /usr/local/lib/python3.10/dist-packages/airflow/example_dags/example_xcom.py
[2023-11-07T19:47:55.432+0000] {logging_mixin.py:154} INFO - [2023-11-07T19:47:55.432+0000] {dag.py:2941} INFO - Sync 1 DAGs
[2023-11-07T19:47:55.452+0000] {logging_mixin.py:154} INFO - [2023-11-07T19:47:55.452+0000] {dag.py:3722} INFO - Setting next_dagrun for example_xcom to 2021-01-01T00:00:00+00:00, run_after=2021-01-01T00:00:00+00:00
[2023-11-07T19:47:55.474+0000] {processor.py:179} INFO - Processing /usr/local/lib/python3.10/dist-packages/airflow/example_dags/example_xcom.py took 0.077 seconds
[2023-11-07T19:48:27.092+0000] {processor.py:157} INFO - Started process (PID=4584) to work on /usr/local/lib/python3.10/dist-packages/airflow/example_dags/example_xcom.py
[2023-11-07T19:48:27.093+0000] {processor.py:829} INFO - Processing file /usr/local/lib/python3.10/dist-packages/airflow/example_dags/example_xcom.py for tasks to queue
[2023-11-07T19:48:27.094+0000] {logging_mixin.py:154} INFO - [2023-11-07T19:48:27.093+0000] {dagbag.py:536} INFO - Filling up the DagBag from /usr/local/lib/python3.10/dist-packages/airflow/example_dags/example_xcom.py
[2023-11-07T19:48:27.101+0000] {processor.py:839} INFO - DAG(s) dict_keys(['example_xcom']) retrieved from /usr/local/lib/python3.10/dist-packages/airflow/example_dags/example_xcom.py
[2023-11-07T19:48:27.118+0000] {logging_mixin.py:154} INFO - [2023-11-07T19:48:27.118+0000] {dag.py:2941} INFO - Sync 1 DAGs
[2023-11-07T19:48:27.140+0000] {logging_mixin.py:154} INFO - [2023-11-07T19:48:27.140+0000] {dag.py:3722} INFO - Setting next_dagrun for example_xcom to 2021-01-01T00:00:00+00:00, run_after=2021-01-01T00:00:00+00:00
[2023-11-07T19:48:27.177+0000] {processor.py:179} INFO - Processing /usr/local/lib/python3.10/dist-packages/airflow/example_dags/example_xcom.py took 0.089 seconds
[2023-11-07T19:49:01.930+0000] {processor.py:157} INFO - Started process (PID=4619) to work on /usr/local/lib/python3.10/dist-packages/airflow/example_dags/example_xcom.py
[2023-11-07T19:49:01.931+0000] {processor.py:829} INFO - Processing file /usr/local/lib/python3.10/dist-packages/airflow/example_dags/example_xcom.py for tasks to queue
[2023-11-07T19:49:01.932+0000] {logging_mixin.py:154} INFO - [2023-11-07T19:49:01.932+0000] {dagbag.py:536} INFO - Filling up the DagBag from /usr/local/lib/python3.10/dist-packages/airflow/example_dags/example_xcom.py
[2023-11-07T19:49:01.945+0000] {processor.py:839} INFO - DAG(s) dict_keys(['example_xcom']) retrieved from /usr/local/lib/python3.10/dist-packages/airflow/example_dags/example_xcom.py
[2023-11-07T19:49:01.993+0000] {logging_mixin.py:154} INFO - [2023-11-07T19:49:01.993+0000] {dag.py:2941} INFO - Sync 1 DAGs
[2023-11-07T19:49:02.038+0000] {logging_mixin.py:154} INFO - [2023-11-07T19:49:02.038+0000] {dag.py:3722} INFO - Setting next_dagrun for example_xcom to 2021-01-01T00:00:00+00:00, run_after=2021-01-01T00:00:00+00:00
[2023-11-07T19:49:02.061+0000] {processor.py:179} INFO - Processing /usr/local/lib/python3.10/dist-packages/airflow/example_dags/example_xcom.py took 0.142 seconds
[2023-11-07T19:49:47.917+0000] {processor.py:157} INFO - Started process (PID=4667) to work on /usr/local/lib/python3.10/dist-packages/airflow/example_dags/example_xcom.py
[2023-11-07T19:49:47.918+0000] {processor.py:829} INFO - Processing file /usr/local/lib/python3.10/dist-packages/airflow/example_dags/example_xcom.py for tasks to queue
[2023-11-07T19:49:47.919+0000] {logging_mixin.py:154} INFO - [2023-11-07T19:49:47.919+0000] {dagbag.py:536} INFO - Filling up the DagBag from /usr/local/lib/python3.10/dist-packages/airflow/example_dags/example_xcom.py
[2023-11-07T19:49:47.927+0000] {processor.py:839} INFO - DAG(s) dict_keys(['example_xcom']) retrieved from /usr/local/lib/python3.10/dist-packages/airflow/example_dags/example_xcom.py
[2023-11-07T19:49:47.955+0000] {logging_mixin.py:154} INFO - [2023-11-07T19:49:47.955+0000] {dag.py:2941} INFO - Sync 1 DAGs
[2023-11-07T19:49:47.977+0000] {logging_mixin.py:154} INFO - [2023-11-07T19:49:47.977+0000] {dag.py:3722} INFO - Setting next_dagrun for example_xcom to 2021-01-01T00:00:00+00:00, run_after=2021-01-01T00:00:00+00:00
[2023-11-07T19:49:48.003+0000] {processor.py:179} INFO - Processing /usr/local/lib/python3.10/dist-packages/airflow/example_dags/example_xcom.py took 0.089 seconds
[2023-11-07T19:50:20.398+0000] {processor.py:157} INFO - Started process (PID=4700) to work on /usr/local/lib/python3.10/dist-packages/airflow/example_dags/example_xcom.py
[2023-11-07T19:50:20.401+0000] {processor.py:829} INFO - Processing file /usr/local/lib/python3.10/dist-packages/airflow/example_dags/example_xcom.py for tasks to queue
[2023-11-07T19:50:20.402+0000] {logging_mixin.py:154} INFO - [2023-11-07T19:50:20.402+0000] {dagbag.py:536} INFO - Filling up the DagBag from /usr/local/lib/python3.10/dist-packages/airflow/example_dags/example_xcom.py
[2023-11-07T19:50:20.418+0000] {processor.py:839} INFO - DAG(s) dict_keys(['example_xcom']) retrieved from /usr/local/lib/python3.10/dist-packages/airflow/example_dags/example_xcom.py
[2023-11-07T19:50:20.462+0000] {logging_mixin.py:154} INFO - [2023-11-07T19:50:20.461+0000] {dag.py:2941} INFO - Sync 1 DAGs
[2023-11-07T19:50:20.488+0000] {logging_mixin.py:154} INFO - [2023-11-07T19:50:20.488+0000] {dag.py:3722} INFO - Setting next_dagrun for example_xcom to 2021-01-01T00:00:00+00:00, run_after=2021-01-01T00:00:00+00:00
[2023-11-07T19:50:20.546+0000] {processor.py:179} INFO - Processing /usr/local/lib/python3.10/dist-packages/airflow/example_dags/example_xcom.py took 0.155 seconds
[2023-11-07T19:50:53.028+0000] {processor.py:157} INFO - Started process (PID=4734) to work on /usr/local/lib/python3.10/dist-packages/airflow/example_dags/example_xcom.py
[2023-11-07T19:50:53.029+0000] {processor.py:829} INFO - Processing file /usr/local/lib/python3.10/dist-packages/airflow/example_dags/example_xcom.py for tasks to queue
[2023-11-07T19:50:53.029+0000] {logging_mixin.py:154} INFO - [2023-11-07T19:50:53.029+0000] {dagbag.py:536} INFO - Filling up the DagBag from /usr/local/lib/python3.10/dist-packages/airflow/example_dags/example_xcom.py
[2023-11-07T19:50:53.037+0000] {processor.py:839} INFO - DAG(s) dict_keys(['example_xcom']) retrieved from /usr/local/lib/python3.10/dist-packages/airflow/example_dags/example_xcom.py
[2023-11-07T19:50:53.054+0000] {logging_mixin.py:154} INFO - [2023-11-07T19:50:53.054+0000] {dag.py:2941} INFO - Sync 1 DAGs
[2023-11-07T19:50:53.074+0000] {logging_mixin.py:154} INFO - [2023-11-07T19:50:53.074+0000] {dag.py:3722} INFO - Setting next_dagrun for example_xcom to 2021-01-01T00:00:00+00:00, run_after=2021-01-01T00:00:00+00:00
[2023-11-07T19:50:53.096+0000] {processor.py:179} INFO - Processing /usr/local/lib/python3.10/dist-packages/airflow/example_dags/example_xcom.py took 0.072 seconds
[2023-11-07T19:51:27.102+0000] {processor.py:157} INFO - Started process (PID=4769) to work on /usr/local/lib/python3.10/dist-packages/airflow/example_dags/example_xcom.py
[2023-11-07T19:51:27.104+0000] {processor.py:829} INFO - Processing file /usr/local/lib/python3.10/dist-packages/airflow/example_dags/example_xcom.py for tasks to queue
[2023-11-07T19:51:27.105+0000] {logging_mixin.py:154} INFO - [2023-11-07T19:51:27.104+0000] {dagbag.py:536} INFO - Filling up the DagBag from /usr/local/lib/python3.10/dist-packages/airflow/example_dags/example_xcom.py
[2023-11-07T19:51:27.113+0000] {processor.py:839} INFO - DAG(s) dict_keys(['example_xcom']) retrieved from /usr/local/lib/python3.10/dist-packages/airflow/example_dags/example_xcom.py
[2023-11-07T19:51:27.138+0000] {logging_mixin.py:154} INFO - [2023-11-07T19:51:27.138+0000] {dag.py:2941} INFO - Sync 1 DAGs
[2023-11-07T19:51:27.163+0000] {logging_mixin.py:154} INFO - [2023-11-07T19:51:27.163+0000] {dag.py:3722} INFO - Setting next_dagrun for example_xcom to 2021-01-01T00:00:00+00:00, run_after=2021-01-01T00:00:00+00:00
[2023-11-07T19:51:27.201+0000] {processor.py:179} INFO - Processing /usr/local/lib/python3.10/dist-packages/airflow/example_dags/example_xcom.py took 0.104 seconds
[2023-11-07T19:51:59.914+0000] {processor.py:157} INFO - Started process (PID=4803) to work on /usr/local/lib/python3.10/dist-packages/airflow/example_dags/example_xcom.py
[2023-11-07T19:51:59.914+0000] {processor.py:829} INFO - Processing file /usr/local/lib/python3.10/dist-packages/airflow/example_dags/example_xcom.py for tasks to queue
[2023-11-07T19:51:59.915+0000] {logging_mixin.py:154} INFO - [2023-11-07T19:51:59.915+0000] {dagbag.py:536} INFO - Filling up the DagBag from /usr/local/lib/python3.10/dist-packages/airflow/example_dags/example_xcom.py
[2023-11-07T19:51:59.923+0000] {processor.py:839} INFO - DAG(s) dict_keys(['example_xcom']) retrieved from /usr/local/lib/python3.10/dist-packages/airflow/example_dags/example_xcom.py
[2023-11-07T19:51:59.945+0000] {logging_mixin.py:154} INFO - [2023-11-07T19:51:59.945+0000] {dag.py:2941} INFO - Sync 1 DAGs
[2023-11-07T19:51:59.971+0000] {logging_mixin.py:154} INFO - [2023-11-07T19:51:59.970+0000] {dag.py:3722} INFO - Setting next_dagrun for example_xcom to 2021-01-01T00:00:00+00:00, run_after=2021-01-01T00:00:00+00:00
[2023-11-07T19:51:59.996+0000] {processor.py:179} INFO - Processing /usr/local/lib/python3.10/dist-packages/airflow/example_dags/example_xcom.py took 0.086 seconds
[2023-11-07T19:52:36.250+0000] {processor.py:157} INFO - Started process (PID=4839) to work on /usr/local/lib/python3.10/dist-packages/airflow/example_dags/example_xcom.py
[2023-11-07T19:52:36.251+0000] {processor.py:829} INFO - Processing file /usr/local/lib/python3.10/dist-packages/airflow/example_dags/example_xcom.py for tasks to queue
[2023-11-07T19:52:36.252+0000] {logging_mixin.py:154} INFO - [2023-11-07T19:52:36.252+0000] {dagbag.py:536} INFO - Filling up the DagBag from /usr/local/lib/python3.10/dist-packages/airflow/example_dags/example_xcom.py
[2023-11-07T19:52:36.260+0000] {processor.py:839} INFO - DAG(s) dict_keys(['example_xcom']) retrieved from /usr/local/lib/python3.10/dist-packages/airflow/example_dags/example_xcom.py
[2023-11-07T19:52:36.276+0000] {logging_mixin.py:154} INFO - [2023-11-07T19:52:36.276+0000] {dag.py:2941} INFO - Sync 1 DAGs
[2023-11-07T19:52:36.294+0000] {logging_mixin.py:154} INFO - [2023-11-07T19:52:36.294+0000] {dag.py:3722} INFO - Setting next_dagrun for example_xcom to 2021-01-01T00:00:00+00:00, run_after=2021-01-01T00:00:00+00:00
[2023-11-07T19:52:36.313+0000] {processor.py:179} INFO - Processing /usr/local/lib/python3.10/dist-packages/airflow/example_dags/example_xcom.py took 0.066 seconds
[2023-11-07T19:53:10.814+0000] {processor.py:157} INFO - Started process (PID=4874) to work on /usr/local/lib/python3.10/dist-packages/airflow/example_dags/example_xcom.py
[2023-11-07T19:53:10.816+0000] {processor.py:829} INFO - Processing file /usr/local/lib/python3.10/dist-packages/airflow/example_dags/example_xcom.py for tasks to queue
[2023-11-07T19:53:10.817+0000] {logging_mixin.py:154} INFO - [2023-11-07T19:53:10.816+0000] {dagbag.py:536} INFO - Filling up the DagBag from /usr/local/lib/python3.10/dist-packages/airflow/example_dags/example_xcom.py
[2023-11-07T19:53:10.825+0000] {processor.py:839} INFO - DAG(s) dict_keys(['example_xcom']) retrieved from /usr/local/lib/python3.10/dist-packages/airflow/example_dags/example_xcom.py
[2023-11-07T19:53:10.844+0000] {logging_mixin.py:154} INFO - [2023-11-07T19:53:10.844+0000] {dag.py:2941} INFO - Sync 1 DAGs
[2023-11-07T19:53:10.864+0000] {logging_mixin.py:154} INFO - [2023-11-07T19:53:10.864+0000] {dag.py:3722} INFO - Setting next_dagrun for example_xcom to 2021-01-01T00:00:00+00:00, run_after=2021-01-01T00:00:00+00:00
[2023-11-07T19:53:10.890+0000] {processor.py:179} INFO - Processing /usr/local/lib/python3.10/dist-packages/airflow/example_dags/example_xcom.py took 0.079 seconds
[2023-11-07T19:53:47.063+0000] {processor.py:157} INFO - Started process (PID=4910) to work on /usr/local/lib/python3.10/dist-packages/airflow/example_dags/example_xcom.py
[2023-11-07T19:53:47.064+0000] {processor.py:829} INFO - Processing file /usr/local/lib/python3.10/dist-packages/airflow/example_dags/example_xcom.py for tasks to queue
[2023-11-07T19:53:47.065+0000] {logging_mixin.py:154} INFO - [2023-11-07T19:53:47.065+0000] {dagbag.py:536} INFO - Filling up the DagBag from /usr/local/lib/python3.10/dist-packages/airflow/example_dags/example_xcom.py
[2023-11-07T19:53:47.074+0000] {processor.py:839} INFO - DAG(s) dict_keys(['example_xcom']) retrieved from /usr/local/lib/python3.10/dist-packages/airflow/example_dags/example_xcom.py
[2023-11-07T19:53:47.092+0000] {logging_mixin.py:154} INFO - [2023-11-07T19:53:47.092+0000] {dag.py:2941} INFO - Sync 1 DAGs
[2023-11-07T19:53:47.111+0000] {logging_mixin.py:154} INFO - [2023-11-07T19:53:47.111+0000] {dag.py:3722} INFO - Setting next_dagrun for example_xcom to 2021-01-01T00:00:00+00:00, run_after=2021-01-01T00:00:00+00:00
[2023-11-07T19:53:47.138+0000] {processor.py:179} INFO - Processing /usr/local/lib/python3.10/dist-packages/airflow/example_dags/example_xcom.py took 0.078 seconds
[2023-11-07T19:54:22.482+0000] {processor.py:157} INFO - Started process (PID=4945) to work on /usr/local/lib/python3.10/dist-packages/airflow/example_dags/example_xcom.py
[2023-11-07T19:54:22.483+0000] {processor.py:829} INFO - Processing file /usr/local/lib/python3.10/dist-packages/airflow/example_dags/example_xcom.py for tasks to queue
[2023-11-07T19:54:22.484+0000] {logging_mixin.py:154} INFO - [2023-11-07T19:54:22.484+0000] {dagbag.py:536} INFO - Filling up the DagBag from /usr/local/lib/python3.10/dist-packages/airflow/example_dags/example_xcom.py
[2023-11-07T19:54:22.492+0000] {processor.py:839} INFO - DAG(s) dict_keys(['example_xcom']) retrieved from /usr/local/lib/python3.10/dist-packages/airflow/example_dags/example_xcom.py
[2023-11-07T19:54:22.509+0000] {logging_mixin.py:154} INFO - [2023-11-07T19:54:22.509+0000] {dag.py:2941} INFO - Sync 1 DAGs
[2023-11-07T19:54:22.529+0000] {logging_mixin.py:154} INFO - [2023-11-07T19:54:22.528+0000] {dag.py:3722} INFO - Setting next_dagrun for example_xcom to 2021-01-01T00:00:00+00:00, run_after=2021-01-01T00:00:00+00:00
[2023-11-07T19:54:22.553+0000] {processor.py:179} INFO - Processing /usr/local/lib/python3.10/dist-packages/airflow/example_dags/example_xcom.py took 0.073 seconds
[2023-11-07T19:54:56.394+0000] {processor.py:157} INFO - Started process (PID=4980) to work on /usr/local/lib/python3.10/dist-packages/airflow/example_dags/example_xcom.py
[2023-11-07T19:54:56.395+0000] {processor.py:829} INFO - Processing file /usr/local/lib/python3.10/dist-packages/airflow/example_dags/example_xcom.py for tasks to queue
[2023-11-07T19:54:56.396+0000] {logging_mixin.py:154} INFO - [2023-11-07T19:54:56.395+0000] {dagbag.py:536} INFO - Filling up the DagBag from /usr/local/lib/python3.10/dist-packages/airflow/example_dags/example_xcom.py
[2023-11-07T19:54:56.404+0000] {processor.py:839} INFO - DAG(s) dict_keys(['example_xcom']) retrieved from /usr/local/lib/python3.10/dist-packages/airflow/example_dags/example_xcom.py
[2023-11-07T19:54:56.423+0000] {logging_mixin.py:154} INFO - [2023-11-07T19:54:56.423+0000] {dag.py:2941} INFO - Sync 1 DAGs
[2023-11-07T19:54:56.446+0000] {logging_mixin.py:154} INFO - [2023-11-07T19:54:56.446+0000] {dag.py:3722} INFO - Setting next_dagrun for example_xcom to 2021-01-01T00:00:00+00:00, run_after=2021-01-01T00:00:00+00:00
[2023-11-07T19:54:56.472+0000] {processor.py:179} INFO - Processing /usr/local/lib/python3.10/dist-packages/airflow/example_dags/example_xcom.py took 0.081 seconds
[2023-11-07T19:55:30.492+0000] {processor.py:157} INFO - Started process (PID=5014) to work on /usr/local/lib/python3.10/dist-packages/airflow/example_dags/example_xcom.py
[2023-11-07T19:55:30.494+0000] {processor.py:829} INFO - Processing file /usr/local/lib/python3.10/dist-packages/airflow/example_dags/example_xcom.py for tasks to queue
[2023-11-07T19:55:30.495+0000] {logging_mixin.py:154} INFO - [2023-11-07T19:55:30.494+0000] {dagbag.py:536} INFO - Filling up the DagBag from /usr/local/lib/python3.10/dist-packages/airflow/example_dags/example_xcom.py
[2023-11-07T19:55:30.503+0000] {processor.py:839} INFO - DAG(s) dict_keys(['example_xcom']) retrieved from /usr/local/lib/python3.10/dist-packages/airflow/example_dags/example_xcom.py
[2023-11-07T19:55:30.522+0000] {logging_mixin.py:154} INFO - [2023-11-07T19:55:30.522+0000] {dag.py:2941} INFO - Sync 1 DAGs
[2023-11-07T19:55:30.543+0000] {logging_mixin.py:154} INFO - [2023-11-07T19:55:30.542+0000] {dag.py:3722} INFO - Setting next_dagrun for example_xcom to 2021-01-01T00:00:00+00:00, run_after=2021-01-01T00:00:00+00:00
[2023-11-07T19:55:30.566+0000] {processor.py:179} INFO - Processing /usr/local/lib/python3.10/dist-packages/airflow/example_dags/example_xcom.py took 0.078 seconds
[2023-11-07T19:56:07.424+0000] {processor.py:157} INFO - Started process (PID=5050) to work on /usr/local/lib/python3.10/dist-packages/airflow/example_dags/example_xcom.py
[2023-11-07T19:56:07.429+0000] {processor.py:829} INFO - Processing file /usr/local/lib/python3.10/dist-packages/airflow/example_dags/example_xcom.py for tasks to queue
[2023-11-07T19:56:07.430+0000] {logging_mixin.py:154} INFO - [2023-11-07T19:56:07.430+0000] {dagbag.py:536} INFO - Filling up the DagBag from /usr/local/lib/python3.10/dist-packages/airflow/example_dags/example_xcom.py
[2023-11-07T19:56:07.442+0000] {processor.py:839} INFO - DAG(s) dict_keys(['example_xcom']) retrieved from /usr/local/lib/python3.10/dist-packages/airflow/example_dags/example_xcom.py
[2023-11-07T19:56:07.486+0000] {logging_mixin.py:154} INFO - [2023-11-07T19:56:07.485+0000] {dag.py:2941} INFO - Sync 1 DAGs
[2023-11-07T19:56:07.524+0000] {logging_mixin.py:154} INFO - [2023-11-07T19:56:07.524+0000] {dag.py:3722} INFO - Setting next_dagrun for example_xcom to 2021-01-01T00:00:00+00:00, run_after=2021-01-01T00:00:00+00:00
[2023-11-07T19:56:07.548+0000] {processor.py:179} INFO - Processing /usr/local/lib/python3.10/dist-packages/airflow/example_dags/example_xcom.py took 0.132 seconds
[2023-11-07T19:56:42.928+0000] {processor.py:157} INFO - Started process (PID=5086) to work on /usr/local/lib/python3.10/dist-packages/airflow/example_dags/example_xcom.py
[2023-11-07T19:56:42.930+0000] {processor.py:829} INFO - Processing file /usr/local/lib/python3.10/dist-packages/airflow/example_dags/example_xcom.py for tasks to queue
[2023-11-07T19:56:42.931+0000] {logging_mixin.py:154} INFO - [2023-11-07T19:56:42.931+0000] {dagbag.py:536} INFO - Filling up the DagBag from /usr/local/lib/python3.10/dist-packages/airflow/example_dags/example_xcom.py
[2023-11-07T19:56:42.939+0000] {processor.py:839} INFO - DAG(s) dict_keys(['example_xcom']) retrieved from /usr/local/lib/python3.10/dist-packages/airflow/example_dags/example_xcom.py
[2023-11-07T19:56:42.958+0000] {logging_mixin.py:154} INFO - [2023-11-07T19:56:42.957+0000] {dag.py:2941} INFO - Sync 1 DAGs
[2023-11-07T19:56:42.976+0000] {logging_mixin.py:154} INFO - [2023-11-07T19:56:42.976+0000] {dag.py:3722} INFO - Setting next_dagrun for example_xcom to 2021-01-01T00:00:00+00:00, run_after=2021-01-01T00:00:00+00:00
[2023-11-07T19:56:42.996+0000] {processor.py:179} INFO - Processing /usr/local/lib/python3.10/dist-packages/airflow/example_dags/example_xcom.py took 0.072 seconds
[2023-11-07T19:57:18.733+0000] {processor.py:157} INFO - Started process (PID=5121) to work on /usr/local/lib/python3.10/dist-packages/airflow/example_dags/example_xcom.py
[2023-11-07T19:57:18.735+0000] {processor.py:829} INFO - Processing file /usr/local/lib/python3.10/dist-packages/airflow/example_dags/example_xcom.py for tasks to queue
[2023-11-07T19:57:18.735+0000] {logging_mixin.py:154} INFO - [2023-11-07T19:57:18.735+0000] {dagbag.py:536} INFO - Filling up the DagBag from /usr/local/lib/python3.10/dist-packages/airflow/example_dags/example_xcom.py
[2023-11-07T19:57:18.743+0000] {processor.py:839} INFO - DAG(s) dict_keys(['example_xcom']) retrieved from /usr/local/lib/python3.10/dist-packages/airflow/example_dags/example_xcom.py
[2023-11-07T19:57:18.762+0000] {logging_mixin.py:154} INFO - [2023-11-07T19:57:18.762+0000] {dag.py:2941} INFO - Sync 1 DAGs
[2023-11-07T19:57:18.783+0000] {logging_mixin.py:154} INFO - [2023-11-07T19:57:18.783+0000] {dag.py:3722} INFO - Setting next_dagrun for example_xcom to 2021-01-01T00:00:00+00:00, run_after=2021-01-01T00:00:00+00:00
[2023-11-07T19:57:18.808+0000] {processor.py:179} INFO - Processing /usr/local/lib/python3.10/dist-packages/airflow/example_dags/example_xcom.py took 0.078 seconds
[2023-11-07T19:57:53.085+0000] {processor.py:157} INFO - Started process (PID=5156) to work on /usr/local/lib/python3.10/dist-packages/airflow/example_dags/example_xcom.py
[2023-11-07T19:57:53.086+0000] {processor.py:829} INFO - Processing file /usr/local/lib/python3.10/dist-packages/airflow/example_dags/example_xcom.py for tasks to queue
[2023-11-07T19:57:53.087+0000] {logging_mixin.py:154} INFO - [2023-11-07T19:57:53.086+0000] {dagbag.py:536} INFO - Filling up the DagBag from /usr/local/lib/python3.10/dist-packages/airflow/example_dags/example_xcom.py
[2023-11-07T19:57:53.098+0000] {processor.py:839} INFO - DAG(s) dict_keys(['example_xcom']) retrieved from /usr/local/lib/python3.10/dist-packages/airflow/example_dags/example_xcom.py
[2023-11-07T19:57:53.117+0000] {logging_mixin.py:154} INFO - [2023-11-07T19:57:53.116+0000] {dag.py:2941} INFO - Sync 1 DAGs
[2023-11-07T19:57:53.138+0000] {logging_mixin.py:154} INFO - [2023-11-07T19:57:53.138+0000] {dag.py:3722} INFO - Setting next_dagrun for example_xcom to 2021-01-01T00:00:00+00:00, run_after=2021-01-01T00:00:00+00:00
[2023-11-07T19:57:53.163+0000] {processor.py:179} INFO - Processing /usr/local/lib/python3.10/dist-packages/airflow/example_dags/example_xcom.py took 0.081 seconds
[2023-11-07T19:58:40.363+0000] {processor.py:157} INFO - Started process (PID=5204) to work on /usr/local/lib/python3.10/dist-packages/airflow/example_dags/example_xcom.py
[2023-11-07T19:58:40.364+0000] {processor.py:829} INFO - Processing file /usr/local/lib/python3.10/dist-packages/airflow/example_dags/example_xcom.py for tasks to queue
[2023-11-07T19:58:40.365+0000] {logging_mixin.py:154} INFO - [2023-11-07T19:58:40.364+0000] {dagbag.py:536} INFO - Filling up the DagBag from /usr/local/lib/python3.10/dist-packages/airflow/example_dags/example_xcom.py
[2023-11-07T19:58:40.372+0000] {processor.py:839} INFO - DAG(s) dict_keys(['example_xcom']) retrieved from /usr/local/lib/python3.10/dist-packages/airflow/example_dags/example_xcom.py
[2023-11-07T19:58:40.390+0000] {logging_mixin.py:154} INFO - [2023-11-07T19:58:40.389+0000] {dag.py:2941} INFO - Sync 1 DAGs
[2023-11-07T19:58:40.415+0000] {logging_mixin.py:154} INFO - [2023-11-07T19:58:40.415+0000] {dag.py:3722} INFO - Setting next_dagrun for example_xcom to 2021-01-01T00:00:00+00:00, run_after=2021-01-01T00:00:00+00:00
[2023-11-07T19:58:40.437+0000] {processor.py:179} INFO - Processing /usr/local/lib/python3.10/dist-packages/airflow/example_dags/example_xcom.py took 0.078 seconds
[2023-11-07T19:59:14.249+0000] {processor.py:157} INFO - Started process (PID=5239) to work on /usr/local/lib/python3.10/dist-packages/airflow/example_dags/example_xcom.py
[2023-11-07T19:59:14.250+0000] {processor.py:829} INFO - Processing file /usr/local/lib/python3.10/dist-packages/airflow/example_dags/example_xcom.py for tasks to queue
[2023-11-07T19:59:14.251+0000] {logging_mixin.py:154} INFO - [2023-11-07T19:59:14.251+0000] {dagbag.py:536} INFO - Filling up the DagBag from /usr/local/lib/python3.10/dist-packages/airflow/example_dags/example_xcom.py
[2023-11-07T19:59:14.266+0000] {processor.py:839} INFO - DAG(s) dict_keys(['example_xcom']) retrieved from /usr/local/lib/python3.10/dist-packages/airflow/example_dags/example_xcom.py
[2023-11-07T19:59:14.302+0000] {logging_mixin.py:154} INFO - [2023-11-07T19:59:14.302+0000] {dag.py:2941} INFO - Sync 1 DAGs
[2023-11-07T19:59:14.331+0000] {logging_mixin.py:154} INFO - [2023-11-07T19:59:14.331+0000] {dag.py:3722} INFO - Setting next_dagrun for example_xcom to 2021-01-01T00:00:00+00:00, run_after=2021-01-01T00:00:00+00:00
[2023-11-07T19:59:14.360+0000] {processor.py:179} INFO - Processing /usr/local/lib/python3.10/dist-packages/airflow/example_dags/example_xcom.py took 0.115 seconds
[2023-11-07T19:59:47.966+0000] {processor.py:157} INFO - Started process (PID=5273) to work on /usr/local/lib/python3.10/dist-packages/airflow/example_dags/example_xcom.py
[2023-11-07T19:59:47.967+0000] {processor.py:829} INFO - Processing file /usr/local/lib/python3.10/dist-packages/airflow/example_dags/example_xcom.py for tasks to queue
[2023-11-07T19:59:47.968+0000] {logging_mixin.py:154} INFO - [2023-11-07T19:59:47.967+0000] {dagbag.py:536} INFO - Filling up the DagBag from /usr/local/lib/python3.10/dist-packages/airflow/example_dags/example_xcom.py
[2023-11-07T19:59:47.976+0000] {processor.py:839} INFO - DAG(s) dict_keys(['example_xcom']) retrieved from /usr/local/lib/python3.10/dist-packages/airflow/example_dags/example_xcom.py
[2023-11-07T19:59:47.993+0000] {logging_mixin.py:154} INFO - [2023-11-07T19:59:47.993+0000] {dag.py:2941} INFO - Sync 1 DAGs
[2023-11-07T19:59:48.014+0000] {logging_mixin.py:154} INFO - [2023-11-07T19:59:48.014+0000] {dag.py:3722} INFO - Setting next_dagrun for example_xcom to 2021-01-01T00:00:00+00:00, run_after=2021-01-01T00:00:00+00:00
[2023-11-07T19:59:48.048+0000] {processor.py:179} INFO - Processing /usr/local/lib/python3.10/dist-packages/airflow/example_dags/example_xcom.py took 0.085 seconds
[2023-11-07T20:00:23.379+0000] {processor.py:157} INFO - Started process (PID=5308) to work on /usr/local/lib/python3.10/dist-packages/airflow/example_dags/example_xcom.py
[2023-11-07T20:00:23.380+0000] {processor.py:829} INFO - Processing file /usr/local/lib/python3.10/dist-packages/airflow/example_dags/example_xcom.py for tasks to queue
[2023-11-07T20:00:23.381+0000] {logging_mixin.py:154} INFO - [2023-11-07T20:00:23.380+0000] {dagbag.py:536} INFO - Filling up the DagBag from /usr/local/lib/python3.10/dist-packages/airflow/example_dags/example_xcom.py
[2023-11-07T20:00:23.392+0000] {processor.py:839} INFO - DAG(s) dict_keys(['example_xcom']) retrieved from /usr/local/lib/python3.10/dist-packages/airflow/example_dags/example_xcom.py
[2023-11-07T20:00:23.417+0000] {logging_mixin.py:154} INFO - [2023-11-07T20:00:23.416+0000] {dag.py:2941} INFO - Sync 1 DAGs
[2023-11-07T20:00:23.437+0000] {logging_mixin.py:154} INFO - [2023-11-07T20:00:23.437+0000] {dag.py:3722} INFO - Setting next_dagrun for example_xcom to 2021-01-01T00:00:00+00:00, run_after=2021-01-01T00:00:00+00:00
[2023-11-07T20:00:23.460+0000] {processor.py:179} INFO - Processing /usr/local/lib/python3.10/dist-packages/airflow/example_dags/example_xcom.py took 0.085 seconds
[2023-11-07T20:00:59.658+0000] {processor.py:157} INFO - Started process (PID=5344) to work on /usr/local/lib/python3.10/dist-packages/airflow/example_dags/example_xcom.py
[2023-11-07T20:00:59.659+0000] {processor.py:829} INFO - Processing file /usr/local/lib/python3.10/dist-packages/airflow/example_dags/example_xcom.py for tasks to queue
[2023-11-07T20:00:59.659+0000] {logging_mixin.py:154} INFO - [2023-11-07T20:00:59.659+0000] {dagbag.py:536} INFO - Filling up the DagBag from /usr/local/lib/python3.10/dist-packages/airflow/example_dags/example_xcom.py
[2023-11-07T20:00:59.668+0000] {processor.py:839} INFO - DAG(s) dict_keys(['example_xcom']) retrieved from /usr/local/lib/python3.10/dist-packages/airflow/example_dags/example_xcom.py
[2023-11-07T20:00:59.685+0000] {logging_mixin.py:154} INFO - [2023-11-07T20:00:59.685+0000] {dag.py:2941} INFO - Sync 1 DAGs
[2023-11-07T20:00:59.705+0000] {logging_mixin.py:154} INFO - [2023-11-07T20:00:59.705+0000] {dag.py:3722} INFO - Setting next_dagrun for example_xcom to 2021-01-01T00:00:00+00:00, run_after=2021-01-01T00:00:00+00:00
[2023-11-07T20:00:59.726+0000] {processor.py:179} INFO - Processing /usr/local/lib/python3.10/dist-packages/airflow/example_dags/example_xcom.py took 0.072 seconds
[2023-11-07T20:01:34.464+0000] {processor.py:157} INFO - Started process (PID=5380) to work on /usr/local/lib/python3.10/dist-packages/airflow/example_dags/example_xcom.py
[2023-11-07T20:01:34.466+0000] {processor.py:829} INFO - Processing file /usr/local/lib/python3.10/dist-packages/airflow/example_dags/example_xcom.py for tasks to queue
[2023-11-07T20:01:34.466+0000] {logging_mixin.py:154} INFO - [2023-11-07T20:01:34.466+0000] {dagbag.py:536} INFO - Filling up the DagBag from /usr/local/lib/python3.10/dist-packages/airflow/example_dags/example_xcom.py
[2023-11-07T20:01:34.475+0000] {processor.py:839} INFO - DAG(s) dict_keys(['example_xcom']) retrieved from /usr/local/lib/python3.10/dist-packages/airflow/example_dags/example_xcom.py
[2023-11-07T20:01:34.492+0000] {logging_mixin.py:154} INFO - [2023-11-07T20:01:34.492+0000] {dag.py:2941} INFO - Sync 1 DAGs
[2023-11-07T20:01:34.514+0000] {logging_mixin.py:154} INFO - [2023-11-07T20:01:34.514+0000] {dag.py:3722} INFO - Setting next_dagrun for example_xcom to 2021-01-01T00:00:00+00:00, run_after=2021-01-01T00:00:00+00:00
[2023-11-07T20:01:34.536+0000] {processor.py:179} INFO - Processing /usr/local/lib/python3.10/dist-packages/airflow/example_dags/example_xcom.py took 0.077 seconds
[2023-11-07T20:02:16.431+0000] {processor.py:157} INFO - Started process (PID=5424) to work on /usr/local/lib/python3.10/dist-packages/airflow/example_dags/example_xcom.py
[2023-11-07T20:02:16.432+0000] {processor.py:829} INFO - Processing file /usr/local/lib/python3.10/dist-packages/airflow/example_dags/example_xcom.py for tasks to queue
[2023-11-07T20:02:16.433+0000] {logging_mixin.py:154} INFO - [2023-11-07T20:02:16.432+0000] {dagbag.py:536} INFO - Filling up the DagBag from /usr/local/lib/python3.10/dist-packages/airflow/example_dags/example_xcom.py
[2023-11-07T20:02:16.441+0000] {processor.py:839} INFO - DAG(s) dict_keys(['example_xcom']) retrieved from /usr/local/lib/python3.10/dist-packages/airflow/example_dags/example_xcom.py
[2023-11-07T20:02:16.459+0000] {logging_mixin.py:154} INFO - [2023-11-07T20:02:16.458+0000] {dag.py:2941} INFO - Sync 1 DAGs
[2023-11-07T20:02:16.476+0000] {logging_mixin.py:154} INFO - [2023-11-07T20:02:16.476+0000] {dag.py:3722} INFO - Setting next_dagrun for example_xcom to 2021-01-01T00:00:00+00:00, run_after=2021-01-01T00:00:00+00:00
[2023-11-07T20:02:16.499+0000] {processor.py:179} INFO - Processing /usr/local/lib/python3.10/dist-packages/airflow/example_dags/example_xcom.py took 0.071 seconds
[2023-11-07T20:02:50.268+0000] {processor.py:157} INFO - Started process (PID=5459) to work on /usr/local/lib/python3.10/dist-packages/airflow/example_dags/example_xcom.py
[2023-11-07T20:02:50.269+0000] {processor.py:829} INFO - Processing file /usr/local/lib/python3.10/dist-packages/airflow/example_dags/example_xcom.py for tasks to queue
[2023-11-07T20:02:50.270+0000] {logging_mixin.py:154} INFO - [2023-11-07T20:02:50.269+0000] {dagbag.py:536} INFO - Filling up the DagBag from /usr/local/lib/python3.10/dist-packages/airflow/example_dags/example_xcom.py
[2023-11-07T20:02:50.278+0000] {processor.py:839} INFO - DAG(s) dict_keys(['example_xcom']) retrieved from /usr/local/lib/python3.10/dist-packages/airflow/example_dags/example_xcom.py
[2023-11-07T20:02:50.300+0000] {logging_mixin.py:154} INFO - [2023-11-07T20:02:50.300+0000] {dag.py:2941} INFO - Sync 1 DAGs
[2023-11-07T20:02:50.320+0000] {logging_mixin.py:154} INFO - [2023-11-07T20:02:50.320+0000] {dag.py:3722} INFO - Setting next_dagrun for example_xcom to 2021-01-01T00:00:00+00:00, run_after=2021-01-01T00:00:00+00:00
[2023-11-07T20:02:50.343+0000] {processor.py:179} INFO - Processing /usr/local/lib/python3.10/dist-packages/airflow/example_dags/example_xcom.py took 0.079 seconds
[2023-11-07T20:03:23.607+0000] {processor.py:157} INFO - Started process (PID=5493) to work on /usr/local/lib/python3.10/dist-packages/airflow/example_dags/example_xcom.py
[2023-11-07T20:03:23.608+0000] {processor.py:829} INFO - Processing file /usr/local/lib/python3.10/dist-packages/airflow/example_dags/example_xcom.py for tasks to queue
[2023-11-07T20:03:23.609+0000] {logging_mixin.py:154} INFO - [2023-11-07T20:03:23.609+0000] {dagbag.py:536} INFO - Filling up the DagBag from /usr/local/lib/python3.10/dist-packages/airflow/example_dags/example_xcom.py
[2023-11-07T20:03:23.617+0000] {processor.py:839} INFO - DAG(s) dict_keys(['example_xcom']) retrieved from /usr/local/lib/python3.10/dist-packages/airflow/example_dags/example_xcom.py
[2023-11-07T20:03:23.634+0000] {logging_mixin.py:154} INFO - [2023-11-07T20:03:23.634+0000] {dag.py:2941} INFO - Sync 1 DAGs
[2023-11-07T20:03:23.652+0000] {logging_mixin.py:154} INFO - [2023-11-07T20:03:23.651+0000] {dag.py:3722} INFO - Setting next_dagrun for example_xcom to 2021-01-01T00:00:00+00:00, run_after=2021-01-01T00:00:00+00:00
[2023-11-07T20:03:23.676+0000] {processor.py:179} INFO - Processing /usr/local/lib/python3.10/dist-packages/airflow/example_dags/example_xcom.py took 0.072 seconds
[2023-11-07T20:03:57.361+0000] {processor.py:157} INFO - Started process (PID=5528) to work on /usr/local/lib/python3.10/dist-packages/airflow/example_dags/example_xcom.py
[2023-11-07T20:03:57.363+0000] {processor.py:829} INFO - Processing file /usr/local/lib/python3.10/dist-packages/airflow/example_dags/example_xcom.py for tasks to queue
[2023-11-07T20:03:57.364+0000] {logging_mixin.py:154} INFO - [2023-11-07T20:03:57.364+0000] {dagbag.py:536} INFO - Filling up the DagBag from /usr/local/lib/python3.10/dist-packages/airflow/example_dags/example_xcom.py
[2023-11-07T20:03:57.376+0000] {processor.py:839} INFO - DAG(s) dict_keys(['example_xcom']) retrieved from /usr/local/lib/python3.10/dist-packages/airflow/example_dags/example_xcom.py
[2023-11-07T20:03:57.399+0000] {logging_mixin.py:154} INFO - [2023-11-07T20:03:57.399+0000] {dag.py:2941} INFO - Sync 1 DAGs
[2023-11-07T20:03:57.418+0000] {logging_mixin.py:154} INFO - [2023-11-07T20:03:57.417+0000] {dag.py:3722} INFO - Setting next_dagrun for example_xcom to 2021-01-01T00:00:00+00:00, run_after=2021-01-01T00:00:00+00:00
[2023-11-07T20:03:57.443+0000] {processor.py:179} INFO - Processing /usr/local/lib/python3.10/dist-packages/airflow/example_dags/example_xcom.py took 0.086 seconds
[2023-11-07T20:04:43.630+0000] {processor.py:157} INFO - Started process (PID=5578) to work on /usr/local/lib/python3.10/dist-packages/airflow/example_dags/example_xcom.py
[2023-11-07T20:04:43.632+0000] {processor.py:829} INFO - Processing file /usr/local/lib/python3.10/dist-packages/airflow/example_dags/example_xcom.py for tasks to queue
[2023-11-07T20:04:43.633+0000] {logging_mixin.py:154} INFO - [2023-11-07T20:04:43.632+0000] {dagbag.py:536} INFO - Filling up the DagBag from /usr/local/lib/python3.10/dist-packages/airflow/example_dags/example_xcom.py
[2023-11-07T20:04:43.644+0000] {processor.py:839} INFO - DAG(s) dict_keys(['example_xcom']) retrieved from /usr/local/lib/python3.10/dist-packages/airflow/example_dags/example_xcom.py
[2023-11-07T20:04:43.682+0000] {logging_mixin.py:154} INFO - [2023-11-07T20:04:43.682+0000] {dag.py:2941} INFO - Sync 1 DAGs
[2023-11-07T20:04:43.702+0000] {logging_mixin.py:154} INFO - [2023-11-07T20:04:43.702+0000] {dag.py:3722} INFO - Setting next_dagrun for example_xcom to 2021-01-01T00:00:00+00:00, run_after=2021-01-01T00:00:00+00:00
[2023-11-07T20:04:43.734+0000] {processor.py:179} INFO - Processing /usr/local/lib/python3.10/dist-packages/airflow/example_dags/example_xcom.py took 0.108 seconds
[2023-11-07T20:05:17.562+0000] {processor.py:157} INFO - Started process (PID=5611) to work on /usr/local/lib/python3.10/dist-packages/airflow/example_dags/example_xcom.py
[2023-11-07T20:05:17.563+0000] {processor.py:829} INFO - Processing file /usr/local/lib/python3.10/dist-packages/airflow/example_dags/example_xcom.py for tasks to queue
[2023-11-07T20:05:17.565+0000] {logging_mixin.py:154} INFO - [2023-11-07T20:05:17.564+0000] {dagbag.py:536} INFO - Filling up the DagBag from /usr/local/lib/python3.10/dist-packages/airflow/example_dags/example_xcom.py
[2023-11-07T20:05:17.579+0000] {processor.py:839} INFO - DAG(s) dict_keys(['example_xcom']) retrieved from /usr/local/lib/python3.10/dist-packages/airflow/example_dags/example_xcom.py
[2023-11-07T20:05:17.629+0000] {logging_mixin.py:154} INFO - [2023-11-07T20:05:17.629+0000] {dag.py:2941} INFO - Sync 1 DAGs
[2023-11-07T20:05:17.669+0000] {logging_mixin.py:154} INFO - [2023-11-07T20:05:17.669+0000] {dag.py:3722} INFO - Setting next_dagrun for example_xcom to 2021-01-01T00:00:00+00:00, run_after=2021-01-01T00:00:00+00:00
[2023-11-07T20:05:17.696+0000] {processor.py:179} INFO - Processing /usr/local/lib/python3.10/dist-packages/airflow/example_dags/example_xcom.py took 0.138 seconds
[2023-11-07T20:05:50.722+0000] {processor.py:157} INFO - Started process (PID=5646) to work on /usr/local/lib/python3.10/dist-packages/airflow/example_dags/example_xcom.py
[2023-11-07T20:05:50.723+0000] {processor.py:829} INFO - Processing file /usr/local/lib/python3.10/dist-packages/airflow/example_dags/example_xcom.py for tasks to queue
[2023-11-07T20:05:50.723+0000] {logging_mixin.py:154} INFO - [2023-11-07T20:05:50.723+0000] {dagbag.py:536} INFO - Filling up the DagBag from /usr/local/lib/python3.10/dist-packages/airflow/example_dags/example_xcom.py
[2023-11-07T20:05:50.731+0000] {processor.py:839} INFO - DAG(s) dict_keys(['example_xcom']) retrieved from /usr/local/lib/python3.10/dist-packages/airflow/example_dags/example_xcom.py
[2023-11-07T20:05:50.747+0000] {logging_mixin.py:154} INFO - [2023-11-07T20:05:50.747+0000] {dag.py:2941} INFO - Sync 1 DAGs
[2023-11-07T20:05:50.768+0000] {logging_mixin.py:154} INFO - [2023-11-07T20:05:50.767+0000] {dag.py:3722} INFO - Setting next_dagrun for example_xcom to 2021-01-01T00:00:00+00:00, run_after=2021-01-01T00:00:00+00:00
[2023-11-07T20:05:50.790+0000] {processor.py:179} INFO - Processing /usr/local/lib/python3.10/dist-packages/airflow/example_dags/example_xcom.py took 0.072 seconds
[2023-11-07T20:06:24.085+0000] {processor.py:157} INFO - Started process (PID=5680) to work on /usr/local/lib/python3.10/dist-packages/airflow/example_dags/example_xcom.py
[2023-11-07T20:06:24.086+0000] {processor.py:829} INFO - Processing file /usr/local/lib/python3.10/dist-packages/airflow/example_dags/example_xcom.py for tasks to queue
[2023-11-07T20:06:24.087+0000] {logging_mixin.py:154} INFO - [2023-11-07T20:06:24.087+0000] {dagbag.py:536} INFO - Filling up the DagBag from /usr/local/lib/python3.10/dist-packages/airflow/example_dags/example_xcom.py
[2023-11-07T20:06:24.096+0000] {processor.py:839} INFO - DAG(s) dict_keys(['example_xcom']) retrieved from /usr/local/lib/python3.10/dist-packages/airflow/example_dags/example_xcom.py
[2023-11-07T20:06:24.114+0000] {logging_mixin.py:154} INFO - [2023-11-07T20:06:24.114+0000] {dag.py:2941} INFO - Sync 1 DAGs
[2023-11-07T20:06:24.138+0000] {logging_mixin.py:154} INFO - [2023-11-07T20:06:24.138+0000] {dag.py:3722} INFO - Setting next_dagrun for example_xcom to 2021-01-01T00:00:00+00:00, run_after=2021-01-01T00:00:00+00:00
[2023-11-07T20:06:24.163+0000] {processor.py:179} INFO - Processing /usr/local/lib/python3.10/dist-packages/airflow/example_dags/example_xcom.py took 0.083 seconds
[2023-11-07T20:06:57.021+0000] {processor.py:157} INFO - Started process (PID=5713) to work on /usr/local/lib/python3.10/dist-packages/airflow/example_dags/example_xcom.py
[2023-11-07T20:06:57.022+0000] {processor.py:829} INFO - Processing file /usr/local/lib/python3.10/dist-packages/airflow/example_dags/example_xcom.py for tasks to queue
[2023-11-07T20:06:57.023+0000] {logging_mixin.py:154} INFO - [2023-11-07T20:06:57.023+0000] {dagbag.py:536} INFO - Filling up the DagBag from /usr/local/lib/python3.10/dist-packages/airflow/example_dags/example_xcom.py
[2023-11-07T20:06:57.032+0000] {processor.py:839} INFO - DAG(s) dict_keys(['example_xcom']) retrieved from /usr/local/lib/python3.10/dist-packages/airflow/example_dags/example_xcom.py
[2023-11-07T20:06:57.051+0000] {logging_mixin.py:154} INFO - [2023-11-07T20:06:57.051+0000] {dag.py:2941} INFO - Sync 1 DAGs
[2023-11-07T20:06:57.072+0000] {logging_mixin.py:154} INFO - [2023-11-07T20:06:57.071+0000] {dag.py:3722} INFO - Setting next_dagrun for example_xcom to 2021-01-01T00:00:00+00:00, run_after=2021-01-01T00:00:00+00:00
[2023-11-07T20:06:57.094+0000] {processor.py:179} INFO - Processing /usr/local/lib/python3.10/dist-packages/airflow/example_dags/example_xcom.py took 0.076 seconds
[2023-11-07T20:07:31.804+0000] {processor.py:157} INFO - Started process (PID=5751) to work on /usr/local/lib/python3.10/dist-packages/airflow/example_dags/example_xcom.py
[2023-11-07T20:07:31.805+0000] {processor.py:829} INFO - Processing file /usr/local/lib/python3.10/dist-packages/airflow/example_dags/example_xcom.py for tasks to queue
[2023-11-07T20:07:31.806+0000] {logging_mixin.py:154} INFO - [2023-11-07T20:07:31.806+0000] {dagbag.py:536} INFO - Filling up the DagBag from /usr/local/lib/python3.10/dist-packages/airflow/example_dags/example_xcom.py
[2023-11-07T20:07:31.814+0000] {processor.py:839} INFO - DAG(s) dict_keys(['example_xcom']) retrieved from /usr/local/lib/python3.10/dist-packages/airflow/example_dags/example_xcom.py
[2023-11-07T20:07:31.831+0000] {logging_mixin.py:154} INFO - [2023-11-07T20:07:31.831+0000] {dag.py:2941} INFO - Sync 1 DAGs
[2023-11-07T20:07:31.850+0000] {logging_mixin.py:154} INFO - [2023-11-07T20:07:31.850+0000] {dag.py:3722} INFO - Setting next_dagrun for example_xcom to 2021-01-01T00:00:00+00:00, run_after=2021-01-01T00:00:00+00:00
[2023-11-07T20:07:31.871+0000] {processor.py:179} INFO - Processing /usr/local/lib/python3.10/dist-packages/airflow/example_dags/example_xcom.py took 0.070 seconds
[2023-11-07T20:08:03.800+0000] {processor.py:157} INFO - Started process (PID=5784) to work on /usr/local/lib/python3.10/dist-packages/airflow/example_dags/example_xcom.py
[2023-11-07T20:08:03.800+0000] {processor.py:829} INFO - Processing file /usr/local/lib/python3.10/dist-packages/airflow/example_dags/example_xcom.py for tasks to queue
[2023-11-07T20:08:03.801+0000] {logging_mixin.py:154} INFO - [2023-11-07T20:08:03.801+0000] {dagbag.py:536} INFO - Filling up the DagBag from /usr/local/lib/python3.10/dist-packages/airflow/example_dags/example_xcom.py
[2023-11-07T20:08:03.810+0000] {processor.py:839} INFO - DAG(s) dict_keys(['example_xcom']) retrieved from /usr/local/lib/python3.10/dist-packages/airflow/example_dags/example_xcom.py
[2023-11-07T20:08:03.828+0000] {logging_mixin.py:154} INFO - [2023-11-07T20:08:03.828+0000] {dag.py:2941} INFO - Sync 1 DAGs
[2023-11-07T20:08:03.847+0000] {logging_mixin.py:154} INFO - [2023-11-07T20:08:03.847+0000] {dag.py:3722} INFO - Setting next_dagrun for example_xcom to 2021-01-01T00:00:00+00:00, run_after=2021-01-01T00:00:00+00:00
[2023-11-07T20:08:03.870+0000] {processor.py:179} INFO - Processing /usr/local/lib/python3.10/dist-packages/airflow/example_dags/example_xcom.py took 0.075 seconds
