[2023-11-07T19:32:17.138+0000] {processor.py:157} INFO - Started process (PID=3589) to work on /usr/local/lib/python3.10/dist-packages/airflow/example_dags/example_branch_operator.py
[2023-11-07T19:32:17.139+0000] {processor.py:829} INFO - Processing file /usr/local/lib/python3.10/dist-packages/airflow/example_dags/example_branch_operator.py for tasks to queue
[2023-11-07T19:32:17.140+0000] {logging_mixin.py:154} INFO - [2023-11-07T19:32:17.140+0000] {dagbag.py:536} INFO - Filling up the DagBag from /usr/local/lib/python3.10/dist-packages/airflow/example_dags/example_branch_operator.py
[2023-11-07T19:32:17.151+0000] {processor.py:839} INFO - DAG(s) dict_keys(['example_branch_operator']) retrieved from /usr/local/lib/python3.10/dist-packages/airflow/example_dags/example_branch_operator.py
[2023-11-07T19:32:17.252+0000] {logging_mixin.py:154} INFO - [2023-11-07T19:32:17.252+0000] {manager.py:499} INFO - Created Permission View: %s
[2023-11-07T19:32:17.263+0000] {logging_mixin.py:154} INFO - [2023-11-07T19:32:17.263+0000] {manager.py:499} INFO - Created Permission View: %s
[2023-11-07T19:32:17.271+0000] {logging_mixin.py:154} INFO - [2023-11-07T19:32:17.271+0000] {manager.py:499} INFO - Created Permission View: %s
[2023-11-07T19:32:17.271+0000] {logging_mixin.py:154} INFO - [2023-11-07T19:32:17.271+0000] {dag.py:2941} INFO - Sync 1 DAGs
[2023-11-07T19:32:17.289+0000] {logging_mixin.py:154} INFO - [2023-11-07T19:32:17.289+0000] {dag.py:2963} INFO - Creating ORM DAG for example_branch_operator
[2023-11-07T19:32:17.302+0000] {logging_mixin.py:154} INFO - [2023-11-07T19:32:17.301+0000] {dag.py:3722} INFO - Setting next_dagrun for example_branch_operator to 2023-11-06T00:00:00+00:00, run_after=2023-11-07T00:00:00+00:00
[2023-11-07T19:32:17.325+0000] {processor.py:179} INFO - Processing /usr/local/lib/python3.10/dist-packages/airflow/example_dags/example_branch_operator.py took 0.190 seconds
[2023-11-07T19:33:13.819+0000] {processor.py:157} INFO - Started process (PID=3647) to work on /usr/local/lib/python3.10/dist-packages/airflow/example_dags/example_branch_operator.py
[2023-11-07T19:33:13.823+0000] {processor.py:829} INFO - Processing file /usr/local/lib/python3.10/dist-packages/airflow/example_dags/example_branch_operator.py for tasks to queue
[2023-11-07T19:33:13.824+0000] {logging_mixin.py:154} INFO - [2023-11-07T19:33:13.823+0000] {dagbag.py:536} INFO - Filling up the DagBag from /usr/local/lib/python3.10/dist-packages/airflow/example_dags/example_branch_operator.py
[2023-11-07T19:33:13.839+0000] {processor.py:839} INFO - DAG(s) dict_keys(['example_branch_operator']) retrieved from /usr/local/lib/python3.10/dist-packages/airflow/example_dags/example_branch_operator.py
[2023-11-07T19:33:13.866+0000] {logging_mixin.py:154} INFO - [2023-11-07T19:33:13.865+0000] {dag.py:2941} INFO - Sync 1 DAGs
[2023-11-07T19:33:13.895+0000] {logging_mixin.py:154} INFO - [2023-11-07T19:33:13.895+0000] {dag.py:3722} INFO - Setting next_dagrun for example_branch_operator to 2023-11-06T00:00:00+00:00, run_after=2023-11-07T00:00:00+00:00
[2023-11-07T19:33:13.921+0000] {processor.py:179} INFO - Processing /usr/local/lib/python3.10/dist-packages/airflow/example_dags/example_branch_operator.py took 0.105 seconds
[2023-11-07T19:34:00.168+0000] {processor.py:157} INFO - Started process (PID=3695) to work on /usr/local/lib/python3.10/dist-packages/airflow/example_dags/example_branch_operator.py
[2023-11-07T19:34:00.169+0000] {processor.py:829} INFO - Processing file /usr/local/lib/python3.10/dist-packages/airflow/example_dags/example_branch_operator.py for tasks to queue
[2023-11-07T19:34:00.170+0000] {logging_mixin.py:154} INFO - [2023-11-07T19:34:00.170+0000] {dagbag.py:536} INFO - Filling up the DagBag from /usr/local/lib/python3.10/dist-packages/airflow/example_dags/example_branch_operator.py
[2023-11-07T19:34:00.180+0000] {processor.py:839} INFO - DAG(s) dict_keys(['example_branch_operator']) retrieved from /usr/local/lib/python3.10/dist-packages/airflow/example_dags/example_branch_operator.py
[2023-11-07T19:34:00.199+0000] {logging_mixin.py:154} INFO - [2023-11-07T19:34:00.199+0000] {dag.py:2941} INFO - Sync 1 DAGs
[2023-11-07T19:34:00.225+0000] {logging_mixin.py:154} INFO - [2023-11-07T19:34:00.225+0000] {dag.py:3722} INFO - Setting next_dagrun for example_branch_operator to 2023-11-06T00:00:00+00:00, run_after=2023-11-07T00:00:00+00:00
[2023-11-07T19:34:00.250+0000] {processor.py:179} INFO - Processing /usr/local/lib/python3.10/dist-packages/airflow/example_dags/example_branch_operator.py took 0.086 seconds
[2023-11-07T19:34:48.653+0000] {processor.py:157} INFO - Started process (PID=3746) to work on /usr/local/lib/python3.10/dist-packages/airflow/example_dags/example_branch_operator.py
[2023-11-07T19:34:48.655+0000] {processor.py:829} INFO - Processing file /usr/local/lib/python3.10/dist-packages/airflow/example_dags/example_branch_operator.py for tasks to queue
[2023-11-07T19:34:48.655+0000] {logging_mixin.py:154} INFO - [2023-11-07T19:34:48.655+0000] {dagbag.py:536} INFO - Filling up the DagBag from /usr/local/lib/python3.10/dist-packages/airflow/example_dags/example_branch_operator.py
[2023-11-07T19:34:48.665+0000] {processor.py:839} INFO - DAG(s) dict_keys(['example_branch_operator']) retrieved from /usr/local/lib/python3.10/dist-packages/airflow/example_dags/example_branch_operator.py
[2023-11-07T19:34:48.684+0000] {logging_mixin.py:154} INFO - [2023-11-07T19:34:48.684+0000] {dag.py:2941} INFO - Sync 1 DAGs
[2023-11-07T19:34:48.705+0000] {logging_mixin.py:154} INFO - [2023-11-07T19:34:48.705+0000] {dag.py:3722} INFO - Setting next_dagrun for example_branch_operator to 2023-11-06T00:00:00+00:00, run_after=2023-11-07T00:00:00+00:00
[2023-11-07T19:34:48.727+0000] {processor.py:179} INFO - Processing /usr/local/lib/python3.10/dist-packages/airflow/example_dags/example_branch_operator.py took 0.077 seconds
[2023-11-07T19:35:33.240+0000] {processor.py:157} INFO - Started process (PID=3795) to work on /usr/local/lib/python3.10/dist-packages/airflow/example_dags/example_branch_operator.py
[2023-11-07T19:35:33.241+0000] {processor.py:829} INFO - Processing file /usr/local/lib/python3.10/dist-packages/airflow/example_dags/example_branch_operator.py for tasks to queue
[2023-11-07T19:35:33.242+0000] {logging_mixin.py:154} INFO - [2023-11-07T19:35:33.241+0000] {dagbag.py:536} INFO - Filling up the DagBag from /usr/local/lib/python3.10/dist-packages/airflow/example_dags/example_branch_operator.py
[2023-11-07T19:35:33.253+0000] {processor.py:839} INFO - DAG(s) dict_keys(['example_branch_operator']) retrieved from /usr/local/lib/python3.10/dist-packages/airflow/example_dags/example_branch_operator.py
[2023-11-07T19:35:33.279+0000] {logging_mixin.py:154} INFO - [2023-11-07T19:35:33.278+0000] {dag.py:2941} INFO - Sync 1 DAGs
[2023-11-07T19:35:33.305+0000] {logging_mixin.py:154} INFO - [2023-11-07T19:35:33.305+0000] {dag.py:3722} INFO - Setting next_dagrun for example_branch_operator to 2023-11-06T00:00:00+00:00, run_after=2023-11-07T00:00:00+00:00
[2023-11-07T19:35:33.329+0000] {processor.py:179} INFO - Processing /usr/local/lib/python3.10/dist-packages/airflow/example_dags/example_branch_operator.py took 0.092 seconds
[2023-11-07T19:36:21.198+0000] {processor.py:157} INFO - Started process (PID=3843) to work on /usr/local/lib/python3.10/dist-packages/airflow/example_dags/example_branch_operator.py
[2023-11-07T19:36:21.199+0000] {processor.py:829} INFO - Processing file /usr/local/lib/python3.10/dist-packages/airflow/example_dags/example_branch_operator.py for tasks to queue
[2023-11-07T19:36:21.200+0000] {logging_mixin.py:154} INFO - [2023-11-07T19:36:21.199+0000] {dagbag.py:536} INFO - Filling up the DagBag from /usr/local/lib/python3.10/dist-packages/airflow/example_dags/example_branch_operator.py
[2023-11-07T19:36:21.209+0000] {processor.py:839} INFO - DAG(s) dict_keys(['example_branch_operator']) retrieved from /usr/local/lib/python3.10/dist-packages/airflow/example_dags/example_branch_operator.py
[2023-11-07T19:36:21.226+0000] {logging_mixin.py:154} INFO - [2023-11-07T19:36:21.226+0000] {dag.py:2941} INFO - Sync 1 DAGs
[2023-11-07T19:36:21.245+0000] {logging_mixin.py:154} INFO - [2023-11-07T19:36:21.245+0000] {dag.py:3722} INFO - Setting next_dagrun for example_branch_operator to 2023-11-06T00:00:00+00:00, run_after=2023-11-07T00:00:00+00:00
[2023-11-07T19:36:21.276+0000] {processor.py:179} INFO - Processing /usr/local/lib/python3.10/dist-packages/airflow/example_dags/example_branch_operator.py took 0.081 seconds
[2023-11-07T19:37:12.952+0000] {processor.py:157} INFO - Started process (PID=3895) to work on /usr/local/lib/python3.10/dist-packages/airflow/example_dags/example_branch_operator.py
[2023-11-07T19:37:12.953+0000] {processor.py:829} INFO - Processing file /usr/local/lib/python3.10/dist-packages/airflow/example_dags/example_branch_operator.py for tasks to queue
[2023-11-07T19:37:12.954+0000] {logging_mixin.py:154} INFO - [2023-11-07T19:37:12.954+0000] {dagbag.py:536} INFO - Filling up the DagBag from /usr/local/lib/python3.10/dist-packages/airflow/example_dags/example_branch_operator.py
[2023-11-07T19:37:12.963+0000] {processor.py:839} INFO - DAG(s) dict_keys(['example_branch_operator']) retrieved from /usr/local/lib/python3.10/dist-packages/airflow/example_dags/example_branch_operator.py
[2023-11-07T19:37:12.983+0000] {logging_mixin.py:154} INFO - [2023-11-07T19:37:12.982+0000] {dag.py:2941} INFO - Sync 1 DAGs
[2023-11-07T19:37:13.006+0000] {logging_mixin.py:154} INFO - [2023-11-07T19:37:13.006+0000] {dag.py:3722} INFO - Setting next_dagrun for example_branch_operator to 2023-11-06T00:00:00+00:00, run_after=2023-11-07T00:00:00+00:00
[2023-11-07T19:37:13.029+0000] {processor.py:179} INFO - Processing /usr/local/lib/python3.10/dist-packages/airflow/example_dags/example_branch_operator.py took 0.079 seconds
[2023-11-07T19:38:00.357+0000] {processor.py:157} INFO - Started process (PID=3945) to work on /usr/local/lib/python3.10/dist-packages/airflow/example_dags/example_branch_operator.py
[2023-11-07T19:38:00.358+0000] {processor.py:829} INFO - Processing file /usr/local/lib/python3.10/dist-packages/airflow/example_dags/example_branch_operator.py for tasks to queue
[2023-11-07T19:38:00.359+0000] {logging_mixin.py:154} INFO - [2023-11-07T19:38:00.358+0000] {dagbag.py:536} INFO - Filling up the DagBag from /usr/local/lib/python3.10/dist-packages/airflow/example_dags/example_branch_operator.py
[2023-11-07T19:38:00.368+0000] {processor.py:839} INFO - DAG(s) dict_keys(['example_branch_operator']) retrieved from /usr/local/lib/python3.10/dist-packages/airflow/example_dags/example_branch_operator.py
[2023-11-07T19:38:00.386+0000] {logging_mixin.py:154} INFO - [2023-11-07T19:38:00.385+0000] {dag.py:2941} INFO - Sync 1 DAGs
[2023-11-07T19:38:00.415+0000] {logging_mixin.py:154} INFO - [2023-11-07T19:38:00.414+0000] {dag.py:3722} INFO - Setting next_dagrun for example_branch_operator to 2023-11-06T00:00:00+00:00, run_after=2023-11-07T00:00:00+00:00
[2023-11-07T19:38:00.451+0000] {processor.py:179} INFO - Processing /usr/local/lib/python3.10/dist-packages/airflow/example_dags/example_branch_operator.py took 0.098 seconds
[2023-11-07T19:38:50.391+0000] {processor.py:157} INFO - Started process (PID=3996) to work on /usr/local/lib/python3.10/dist-packages/airflow/example_dags/example_branch_operator.py
[2023-11-07T19:38:50.392+0000] {processor.py:829} INFO - Processing file /usr/local/lib/python3.10/dist-packages/airflow/example_dags/example_branch_operator.py for tasks to queue
[2023-11-07T19:38:50.393+0000] {logging_mixin.py:154} INFO - [2023-11-07T19:38:50.393+0000] {dagbag.py:536} INFO - Filling up the DagBag from /usr/local/lib/python3.10/dist-packages/airflow/example_dags/example_branch_operator.py
[2023-11-07T19:38:50.402+0000] {processor.py:839} INFO - DAG(s) dict_keys(['example_branch_operator']) retrieved from /usr/local/lib/python3.10/dist-packages/airflow/example_dags/example_branch_operator.py
[2023-11-07T19:38:50.435+0000] {logging_mixin.py:154} INFO - [2023-11-07T19:38:50.434+0000] {dag.py:2941} INFO - Sync 1 DAGs
[2023-11-07T19:38:50.458+0000] {logging_mixin.py:154} INFO - [2023-11-07T19:38:50.458+0000] {dag.py:3722} INFO - Setting next_dagrun for example_branch_operator to 2023-11-06T00:00:00+00:00, run_after=2023-11-07T00:00:00+00:00
[2023-11-07T19:38:50.486+0000] {processor.py:179} INFO - Processing /usr/local/lib/python3.10/dist-packages/airflow/example_dags/example_branch_operator.py took 0.098 seconds
[2023-11-07T19:39:35.431+0000] {processor.py:157} INFO - Started process (PID=4043) to work on /usr/local/lib/python3.10/dist-packages/airflow/example_dags/example_branch_operator.py
[2023-11-07T19:39:35.432+0000] {processor.py:829} INFO - Processing file /usr/local/lib/python3.10/dist-packages/airflow/example_dags/example_branch_operator.py for tasks to queue
[2023-11-07T19:39:35.432+0000] {logging_mixin.py:154} INFO - [2023-11-07T19:39:35.432+0000] {dagbag.py:536} INFO - Filling up the DagBag from /usr/local/lib/python3.10/dist-packages/airflow/example_dags/example_branch_operator.py
[2023-11-07T19:39:35.442+0000] {processor.py:839} INFO - DAG(s) dict_keys(['example_branch_operator']) retrieved from /usr/local/lib/python3.10/dist-packages/airflow/example_dags/example_branch_operator.py
[2023-11-07T19:39:35.462+0000] {logging_mixin.py:154} INFO - [2023-11-07T19:39:35.461+0000] {dag.py:2941} INFO - Sync 1 DAGs
[2023-11-07T19:39:35.482+0000] {logging_mixin.py:154} INFO - [2023-11-07T19:39:35.482+0000] {dag.py:3722} INFO - Setting next_dagrun for example_branch_operator to 2023-11-06T00:00:00+00:00, run_after=2023-11-07T00:00:00+00:00
[2023-11-07T19:39:35.515+0000] {processor.py:179} INFO - Processing /usr/local/lib/python3.10/dist-packages/airflow/example_dags/example_branch_operator.py took 0.092 seconds
[2023-11-07T19:40:25.798+0000] {processor.py:157} INFO - Started process (PID=4095) to work on /usr/local/lib/python3.10/dist-packages/airflow/example_dags/example_branch_operator.py
[2023-11-07T19:40:25.799+0000] {processor.py:829} INFO - Processing file /usr/local/lib/python3.10/dist-packages/airflow/example_dags/example_branch_operator.py for tasks to queue
[2023-11-07T19:40:25.800+0000] {logging_mixin.py:154} INFO - [2023-11-07T19:40:25.799+0000] {dagbag.py:536} INFO - Filling up the DagBag from /usr/local/lib/python3.10/dist-packages/airflow/example_dags/example_branch_operator.py
[2023-11-07T19:40:25.811+0000] {processor.py:839} INFO - DAG(s) dict_keys(['example_branch_operator']) retrieved from /usr/local/lib/python3.10/dist-packages/airflow/example_dags/example_branch_operator.py
[2023-11-07T19:40:25.831+0000] {logging_mixin.py:154} INFO - [2023-11-07T19:40:25.831+0000] {dag.py:2941} INFO - Sync 1 DAGs
[2023-11-07T19:40:25.853+0000] {logging_mixin.py:154} INFO - [2023-11-07T19:40:25.853+0000] {dag.py:3722} INFO - Setting next_dagrun for example_branch_operator to 2023-11-06T00:00:00+00:00, run_after=2023-11-07T00:00:00+00:00
[2023-11-07T19:40:25.876+0000] {processor.py:179} INFO - Processing /usr/local/lib/python3.10/dist-packages/airflow/example_dags/example_branch_operator.py took 0.081 seconds
[2023-11-07T19:41:18.342+0000] {processor.py:157} INFO - Started process (PID=4149) to work on /usr/local/lib/python3.10/dist-packages/airflow/example_dags/example_branch_operator.py
[2023-11-07T19:41:18.353+0000] {processor.py:829} INFO - Processing file /usr/local/lib/python3.10/dist-packages/airflow/example_dags/example_branch_operator.py for tasks to queue
[2023-11-07T19:41:18.357+0000] {logging_mixin.py:154} INFO - [2023-11-07T19:41:18.354+0000] {dagbag.py:536} INFO - Filling up the DagBag from /usr/local/lib/python3.10/dist-packages/airflow/example_dags/example_branch_operator.py
[2023-11-07T19:41:18.382+0000] {processor.py:839} INFO - DAG(s) dict_keys(['example_branch_operator']) retrieved from /usr/local/lib/python3.10/dist-packages/airflow/example_dags/example_branch_operator.py
[2023-11-07T19:41:18.420+0000] {logging_mixin.py:154} INFO - [2023-11-07T19:41:18.419+0000] {dag.py:2941} INFO - Sync 1 DAGs
[2023-11-07T19:41:18.483+0000] {logging_mixin.py:154} INFO - [2023-11-07T19:41:18.482+0000] {dag.py:3722} INFO - Setting next_dagrun for example_branch_operator to 2023-11-06T00:00:00+00:00, run_after=2023-11-07T00:00:00+00:00
[2023-11-07T19:41:18.512+0000] {processor.py:179} INFO - Processing /usr/local/lib/python3.10/dist-packages/airflow/example_dags/example_branch_operator.py took 0.180 seconds
[2023-11-07T19:42:06.658+0000] {processor.py:157} INFO - Started process (PID=4198) to work on /usr/local/lib/python3.10/dist-packages/airflow/example_dags/example_branch_operator.py
[2023-11-07T19:42:06.660+0000] {processor.py:829} INFO - Processing file /usr/local/lib/python3.10/dist-packages/airflow/example_dags/example_branch_operator.py for tasks to queue
[2023-11-07T19:42:06.661+0000] {logging_mixin.py:154} INFO - [2023-11-07T19:42:06.660+0000] {dagbag.py:536} INFO - Filling up the DagBag from /usr/local/lib/python3.10/dist-packages/airflow/example_dags/example_branch_operator.py
[2023-11-07T19:42:06.684+0000] {processor.py:839} INFO - DAG(s) dict_keys(['example_branch_operator']) retrieved from /usr/local/lib/python3.10/dist-packages/airflow/example_dags/example_branch_operator.py
[2023-11-07T19:42:06.703+0000] {logging_mixin.py:154} INFO - [2023-11-07T19:42:06.703+0000] {dag.py:2941} INFO - Sync 1 DAGs
[2023-11-07T19:42:06.724+0000] {logging_mixin.py:154} INFO - [2023-11-07T19:42:06.723+0000] {dag.py:3722} INFO - Setting next_dagrun for example_branch_operator to 2023-11-06T00:00:00+00:00, run_after=2023-11-07T00:00:00+00:00
[2023-11-07T19:42:06.746+0000] {processor.py:179} INFO - Processing /usr/local/lib/python3.10/dist-packages/airflow/example_dags/example_branch_operator.py took 0.092 seconds
[2023-11-07T19:42:54.747+0000] {processor.py:157} INFO - Started process (PID=4248) to work on /usr/local/lib/python3.10/dist-packages/airflow/example_dags/example_branch_operator.py
[2023-11-07T19:42:54.750+0000] {processor.py:829} INFO - Processing file /usr/local/lib/python3.10/dist-packages/airflow/example_dags/example_branch_operator.py for tasks to queue
[2023-11-07T19:42:54.751+0000] {logging_mixin.py:154} INFO - [2023-11-07T19:42:54.750+0000] {dagbag.py:536} INFO - Filling up the DagBag from /usr/local/lib/python3.10/dist-packages/airflow/example_dags/example_branch_operator.py
[2023-11-07T19:42:54.772+0000] {processor.py:839} INFO - DAG(s) dict_keys(['example_branch_operator']) retrieved from /usr/local/lib/python3.10/dist-packages/airflow/example_dags/example_branch_operator.py
[2023-11-07T19:42:54.815+0000] {logging_mixin.py:154} INFO - [2023-11-07T19:42:54.815+0000] {dag.py:2941} INFO - Sync 1 DAGs
[2023-11-07T19:42:54.867+0000] {logging_mixin.py:154} INFO - [2023-11-07T19:42:54.867+0000] {dag.py:3722} INFO - Setting next_dagrun for example_branch_operator to 2023-11-06T00:00:00+00:00, run_after=2023-11-07T00:00:00+00:00
[2023-11-07T19:42:54.924+0000] {processor.py:179} INFO - Processing /usr/local/lib/python3.10/dist-packages/airflow/example_dags/example_branch_operator.py took 0.184 seconds
[2023-11-07T19:43:44.289+0000] {processor.py:157} INFO - Started process (PID=4299) to work on /usr/local/lib/python3.10/dist-packages/airflow/example_dags/example_branch_operator.py
[2023-11-07T19:43:44.290+0000] {processor.py:829} INFO - Processing file /usr/local/lib/python3.10/dist-packages/airflow/example_dags/example_branch_operator.py for tasks to queue
[2023-11-07T19:43:44.291+0000] {logging_mixin.py:154} INFO - [2023-11-07T19:43:44.290+0000] {dagbag.py:536} INFO - Filling up the DagBag from /usr/local/lib/python3.10/dist-packages/airflow/example_dags/example_branch_operator.py
[2023-11-07T19:43:44.306+0000] {processor.py:839} INFO - DAG(s) dict_keys(['example_branch_operator']) retrieved from /usr/local/lib/python3.10/dist-packages/airflow/example_dags/example_branch_operator.py
[2023-11-07T19:43:44.331+0000] {logging_mixin.py:154} INFO - [2023-11-07T19:43:44.331+0000] {dag.py:2941} INFO - Sync 1 DAGs
[2023-11-07T19:43:44.356+0000] {logging_mixin.py:154} INFO - [2023-11-07T19:43:44.355+0000] {dag.py:3722} INFO - Setting next_dagrun for example_branch_operator to 2023-11-06T00:00:00+00:00, run_after=2023-11-07T00:00:00+00:00
[2023-11-07T19:43:44.386+0000] {processor.py:179} INFO - Processing /usr/local/lib/python3.10/dist-packages/airflow/example_dags/example_branch_operator.py took 0.100 seconds
[2023-11-07T19:44:34.978+0000] {processor.py:157} INFO - Started process (PID=4350) to work on /usr/local/lib/python3.10/dist-packages/airflow/example_dags/example_branch_operator.py
[2023-11-07T19:44:34.980+0000] {processor.py:829} INFO - Processing file /usr/local/lib/python3.10/dist-packages/airflow/example_dags/example_branch_operator.py for tasks to queue
[2023-11-07T19:44:34.981+0000] {logging_mixin.py:154} INFO - [2023-11-07T19:44:34.981+0000] {dagbag.py:536} INFO - Filling up the DagBag from /usr/local/lib/python3.10/dist-packages/airflow/example_dags/example_branch_operator.py
[2023-11-07T19:44:34.992+0000] {processor.py:839} INFO - DAG(s) dict_keys(['example_branch_operator']) retrieved from /usr/local/lib/python3.10/dist-packages/airflow/example_dags/example_branch_operator.py
[2023-11-07T19:44:35.014+0000] {logging_mixin.py:154} INFO - [2023-11-07T19:44:35.013+0000] {dag.py:2941} INFO - Sync 1 DAGs
[2023-11-07T19:44:35.040+0000] {logging_mixin.py:154} INFO - [2023-11-07T19:44:35.039+0000] {dag.py:3722} INFO - Setting next_dagrun for example_branch_operator to 2023-11-06T00:00:00+00:00, run_after=2023-11-07T00:00:00+00:00
[2023-11-07T19:44:35.067+0000] {processor.py:179} INFO - Processing /usr/local/lib/python3.10/dist-packages/airflow/example_dags/example_branch_operator.py took 0.093 seconds
[2023-11-07T19:45:30.580+0000] {processor.py:157} INFO - Started process (PID=4405) to work on /usr/local/lib/python3.10/dist-packages/airflow/example_dags/example_branch_operator.py
[2023-11-07T19:45:30.582+0000] {processor.py:829} INFO - Processing file /usr/local/lib/python3.10/dist-packages/airflow/example_dags/example_branch_operator.py for tasks to queue
[2023-11-07T19:45:30.584+0000] {logging_mixin.py:154} INFO - [2023-11-07T19:45:30.583+0000] {dagbag.py:536} INFO - Filling up the DagBag from /usr/local/lib/python3.10/dist-packages/airflow/example_dags/example_branch_operator.py
[2023-11-07T19:45:30.602+0000] {processor.py:839} INFO - DAG(s) dict_keys(['example_branch_operator']) retrieved from /usr/local/lib/python3.10/dist-packages/airflow/example_dags/example_branch_operator.py
[2023-11-07T19:45:30.635+0000] {logging_mixin.py:154} INFO - [2023-11-07T19:45:30.635+0000] {dag.py:2941} INFO - Sync 1 DAGs
[2023-11-07T19:45:30.661+0000] {logging_mixin.py:154} INFO - [2023-11-07T19:45:30.661+0000] {dag.py:3722} INFO - Setting next_dagrun for example_branch_operator to 2023-11-06T00:00:00+00:00, run_after=2023-11-07T00:00:00+00:00
[2023-11-07T19:45:30.705+0000] {processor.py:179} INFO - Processing /usr/local/lib/python3.10/dist-packages/airflow/example_dags/example_branch_operator.py took 0.140 seconds
[2023-11-07T19:46:24.980+0000] {processor.py:157} INFO - Started process (PID=4459) to work on /usr/local/lib/python3.10/dist-packages/airflow/example_dags/example_branch_operator.py
[2023-11-07T19:46:24.981+0000] {processor.py:829} INFO - Processing file /usr/local/lib/python3.10/dist-packages/airflow/example_dags/example_branch_operator.py for tasks to queue
[2023-11-07T19:46:24.982+0000] {logging_mixin.py:154} INFO - [2023-11-07T19:46:24.982+0000] {dagbag.py:536} INFO - Filling up the DagBag from /usr/local/lib/python3.10/dist-packages/airflow/example_dags/example_branch_operator.py
[2023-11-07T19:46:24.991+0000] {processor.py:839} INFO - DAG(s) dict_keys(['example_branch_operator']) retrieved from /usr/local/lib/python3.10/dist-packages/airflow/example_dags/example_branch_operator.py
[2023-11-07T19:46:25.009+0000] {logging_mixin.py:154} INFO - [2023-11-07T19:46:25.009+0000] {dag.py:2941} INFO - Sync 1 DAGs
[2023-11-07T19:46:25.030+0000] {logging_mixin.py:154} INFO - [2023-11-07T19:46:25.030+0000] {dag.py:3722} INFO - Setting next_dagrun for example_branch_operator to 2023-11-06T00:00:00+00:00, run_after=2023-11-07T00:00:00+00:00
[2023-11-07T19:46:25.051+0000] {processor.py:179} INFO - Processing /usr/local/lib/python3.10/dist-packages/airflow/example_dags/example_branch_operator.py took 0.074 seconds
[2023-11-07T19:47:16.573+0000] {processor.py:157} INFO - Started process (PID=4510) to work on /usr/local/lib/python3.10/dist-packages/airflow/example_dags/example_branch_operator.py
[2023-11-07T19:47:16.574+0000] {processor.py:829} INFO - Processing file /usr/local/lib/python3.10/dist-packages/airflow/example_dags/example_branch_operator.py for tasks to queue
[2023-11-07T19:47:16.576+0000] {logging_mixin.py:154} INFO - [2023-11-07T19:47:16.575+0000] {dagbag.py:536} INFO - Filling up the DagBag from /usr/local/lib/python3.10/dist-packages/airflow/example_dags/example_branch_operator.py
[2023-11-07T19:47:16.587+0000] {processor.py:839} INFO - DAG(s) dict_keys(['example_branch_operator']) retrieved from /usr/local/lib/python3.10/dist-packages/airflow/example_dags/example_branch_operator.py
[2023-11-07T19:47:16.608+0000] {logging_mixin.py:154} INFO - [2023-11-07T19:47:16.607+0000] {dag.py:2941} INFO - Sync 1 DAGs
[2023-11-07T19:47:16.633+0000] {logging_mixin.py:154} INFO - [2023-11-07T19:47:16.632+0000] {dag.py:3722} INFO - Setting next_dagrun for example_branch_operator to 2023-11-06T00:00:00+00:00, run_after=2023-11-07T00:00:00+00:00
[2023-11-07T19:47:16.657+0000] {processor.py:179} INFO - Processing /usr/local/lib/python3.10/dist-packages/airflow/example_dags/example_branch_operator.py took 0.087 seconds
[2023-11-07T19:48:07.116+0000] {processor.py:157} INFO - Started process (PID=4563) to work on /usr/local/lib/python3.10/dist-packages/airflow/example_dags/example_branch_operator.py
[2023-11-07T19:48:07.117+0000] {processor.py:829} INFO - Processing file /usr/local/lib/python3.10/dist-packages/airflow/example_dags/example_branch_operator.py for tasks to queue
[2023-11-07T19:48:07.118+0000] {logging_mixin.py:154} INFO - [2023-11-07T19:48:07.118+0000] {dagbag.py:536} INFO - Filling up the DagBag from /usr/local/lib/python3.10/dist-packages/airflow/example_dags/example_branch_operator.py
[2023-11-07T19:48:07.127+0000] {processor.py:839} INFO - DAG(s) dict_keys(['example_branch_operator']) retrieved from /usr/local/lib/python3.10/dist-packages/airflow/example_dags/example_branch_operator.py
[2023-11-07T19:48:07.145+0000] {logging_mixin.py:154} INFO - [2023-11-07T19:48:07.145+0000] {dag.py:2941} INFO - Sync 1 DAGs
[2023-11-07T19:48:07.166+0000] {logging_mixin.py:154} INFO - [2023-11-07T19:48:07.165+0000] {dag.py:3722} INFO - Setting next_dagrun for example_branch_operator to 2023-11-06T00:00:00+00:00, run_after=2023-11-07T00:00:00+00:00
[2023-11-07T19:48:07.189+0000] {processor.py:179} INFO - Processing /usr/local/lib/python3.10/dist-packages/airflow/example_dags/example_branch_operator.py took 0.076 seconds
[2023-11-07T19:48:57.516+0000] {processor.py:157} INFO - Started process (PID=4614) to work on /usr/local/lib/python3.10/dist-packages/airflow/example_dags/example_branch_operator.py
[2023-11-07T19:48:57.517+0000] {processor.py:829} INFO - Processing file /usr/local/lib/python3.10/dist-packages/airflow/example_dags/example_branch_operator.py for tasks to queue
[2023-11-07T19:48:57.518+0000] {logging_mixin.py:154} INFO - [2023-11-07T19:48:57.518+0000] {dagbag.py:536} INFO - Filling up the DagBag from /usr/local/lib/python3.10/dist-packages/airflow/example_dags/example_branch_operator.py
[2023-11-07T19:48:57.535+0000] {processor.py:839} INFO - DAG(s) dict_keys(['example_branch_operator']) retrieved from /usr/local/lib/python3.10/dist-packages/airflow/example_dags/example_branch_operator.py
[2023-11-07T19:48:57.559+0000] {logging_mixin.py:154} INFO - [2023-11-07T19:48:57.559+0000] {dag.py:2941} INFO - Sync 1 DAGs
[2023-11-07T19:48:57.587+0000] {logging_mixin.py:154} INFO - [2023-11-07T19:48:57.587+0000] {dag.py:3722} INFO - Setting next_dagrun for example_branch_operator to 2023-11-06T00:00:00+00:00, run_after=2023-11-07T00:00:00+00:00
[2023-11-07T19:48:57.611+0000] {processor.py:179} INFO - Processing /usr/local/lib/python3.10/dist-packages/airflow/example_dags/example_branch_operator.py took 0.098 seconds
[2023-11-07T19:49:43.522+0000] {processor.py:157} INFO - Started process (PID=4663) to work on /usr/local/lib/python3.10/dist-packages/airflow/example_dags/example_branch_operator.py
[2023-11-07T19:49:43.523+0000] {processor.py:829} INFO - Processing file /usr/local/lib/python3.10/dist-packages/airflow/example_dags/example_branch_operator.py for tasks to queue
[2023-11-07T19:49:43.524+0000] {logging_mixin.py:154} INFO - [2023-11-07T19:49:43.524+0000] {dagbag.py:536} INFO - Filling up the DagBag from /usr/local/lib/python3.10/dist-packages/airflow/example_dags/example_branch_operator.py
[2023-11-07T19:49:43.534+0000] {processor.py:839} INFO - DAG(s) dict_keys(['example_branch_operator']) retrieved from /usr/local/lib/python3.10/dist-packages/airflow/example_dags/example_branch_operator.py
[2023-11-07T19:49:43.552+0000] {logging_mixin.py:154} INFO - [2023-11-07T19:49:43.552+0000] {dag.py:2941} INFO - Sync 1 DAGs
[2023-11-07T19:49:43.575+0000] {logging_mixin.py:154} INFO - [2023-11-07T19:49:43.575+0000] {dag.py:3722} INFO - Setting next_dagrun for example_branch_operator to 2023-11-06T00:00:00+00:00, run_after=2023-11-07T00:00:00+00:00
[2023-11-07T19:49:43.601+0000] {processor.py:179} INFO - Processing /usr/local/lib/python3.10/dist-packages/airflow/example_dags/example_branch_operator.py took 0.082 seconds
[2023-11-07T19:50:32.418+0000] {processor.py:157} INFO - Started process (PID=4713) to work on /usr/local/lib/python3.10/dist-packages/airflow/example_dags/example_branch_operator.py
[2023-11-07T19:50:32.419+0000] {processor.py:829} INFO - Processing file /usr/local/lib/python3.10/dist-packages/airflow/example_dags/example_branch_operator.py for tasks to queue
[2023-11-07T19:50:32.420+0000] {logging_mixin.py:154} INFO - [2023-11-07T19:50:32.419+0000] {dagbag.py:536} INFO - Filling up the DagBag from /usr/local/lib/python3.10/dist-packages/airflow/example_dags/example_branch_operator.py
[2023-11-07T19:50:32.429+0000] {processor.py:839} INFO - DAG(s) dict_keys(['example_branch_operator']) retrieved from /usr/local/lib/python3.10/dist-packages/airflow/example_dags/example_branch_operator.py
[2023-11-07T19:50:32.447+0000] {logging_mixin.py:154} INFO - [2023-11-07T19:50:32.447+0000] {dag.py:2941} INFO - Sync 1 DAGs
[2023-11-07T19:50:32.475+0000] {logging_mixin.py:154} INFO - [2023-11-07T19:50:32.475+0000] {dag.py:3722} INFO - Setting next_dagrun for example_branch_operator to 2023-11-06T00:00:00+00:00, run_after=2023-11-07T00:00:00+00:00
[2023-11-07T19:50:32.499+0000] {processor.py:179} INFO - Processing /usr/local/lib/python3.10/dist-packages/airflow/example_dags/example_branch_operator.py took 0.084 seconds
[2023-11-07T19:51:23.755+0000] {processor.py:157} INFO - Started process (PID=4765) to work on /usr/local/lib/python3.10/dist-packages/airflow/example_dags/example_branch_operator.py
[2023-11-07T19:51:23.756+0000] {processor.py:829} INFO - Processing file /usr/local/lib/python3.10/dist-packages/airflow/example_dags/example_branch_operator.py for tasks to queue
[2023-11-07T19:51:23.757+0000] {logging_mixin.py:154} INFO - [2023-11-07T19:51:23.756+0000] {dagbag.py:536} INFO - Filling up the DagBag from /usr/local/lib/python3.10/dist-packages/airflow/example_dags/example_branch_operator.py
[2023-11-07T19:51:23.766+0000] {processor.py:839} INFO - DAG(s) dict_keys(['example_branch_operator']) retrieved from /usr/local/lib/python3.10/dist-packages/airflow/example_dags/example_branch_operator.py
[2023-11-07T19:51:23.785+0000] {logging_mixin.py:154} INFO - [2023-11-07T19:51:23.785+0000] {dag.py:2941} INFO - Sync 1 DAGs
[2023-11-07T19:51:23.804+0000] {logging_mixin.py:154} INFO - [2023-11-07T19:51:23.804+0000] {dag.py:3722} INFO - Setting next_dagrun for example_branch_operator to 2023-11-06T00:00:00+00:00, run_after=2023-11-07T00:00:00+00:00
[2023-11-07T19:51:23.826+0000] {processor.py:179} INFO - Processing /usr/local/lib/python3.10/dist-packages/airflow/example_dags/example_branch_operator.py took 0.075 seconds
[2023-11-07T19:52:13.729+0000] {processor.py:157} INFO - Started process (PID=4816) to work on /usr/local/lib/python3.10/dist-packages/airflow/example_dags/example_branch_operator.py
[2023-11-07T19:52:13.730+0000] {processor.py:829} INFO - Processing file /usr/local/lib/python3.10/dist-packages/airflow/example_dags/example_branch_operator.py for tasks to queue
[2023-11-07T19:52:13.732+0000] {logging_mixin.py:154} INFO - [2023-11-07T19:52:13.731+0000] {dagbag.py:536} INFO - Filling up the DagBag from /usr/local/lib/python3.10/dist-packages/airflow/example_dags/example_branch_operator.py
[2023-11-07T19:52:13.741+0000] {processor.py:839} INFO - DAG(s) dict_keys(['example_branch_operator']) retrieved from /usr/local/lib/python3.10/dist-packages/airflow/example_dags/example_branch_operator.py
[2023-11-07T19:52:13.763+0000] {logging_mixin.py:154} INFO - [2023-11-07T19:52:13.763+0000] {dag.py:2941} INFO - Sync 1 DAGs
[2023-11-07T19:52:13.787+0000] {logging_mixin.py:154} INFO - [2023-11-07T19:52:13.786+0000] {dag.py:3722} INFO - Setting next_dagrun for example_branch_operator to 2023-11-06T00:00:00+00:00, run_after=2023-11-07T00:00:00+00:00
[2023-11-07T19:52:13.810+0000] {processor.py:179} INFO - Processing /usr/local/lib/python3.10/dist-packages/airflow/example_dags/example_branch_operator.py took 0.084 seconds
[2023-11-07T19:53:06.961+0000] {processor.py:157} INFO - Started process (PID=4870) to work on /usr/local/lib/python3.10/dist-packages/airflow/example_dags/example_branch_operator.py
[2023-11-07T19:53:06.963+0000] {processor.py:829} INFO - Processing file /usr/local/lib/python3.10/dist-packages/airflow/example_dags/example_branch_operator.py for tasks to queue
[2023-11-07T19:53:06.963+0000] {logging_mixin.py:154} INFO - [2023-11-07T19:53:06.963+0000] {dagbag.py:536} INFO - Filling up the DagBag from /usr/local/lib/python3.10/dist-packages/airflow/example_dags/example_branch_operator.py
[2023-11-07T19:53:06.978+0000] {processor.py:839} INFO - DAG(s) dict_keys(['example_branch_operator']) retrieved from /usr/local/lib/python3.10/dist-packages/airflow/example_dags/example_branch_operator.py
[2023-11-07T19:53:07.000+0000] {logging_mixin.py:154} INFO - [2023-11-07T19:53:06.999+0000] {dag.py:2941} INFO - Sync 1 DAGs
[2023-11-07T19:53:07.023+0000] {logging_mixin.py:154} INFO - [2023-11-07T19:53:07.023+0000] {dag.py:3722} INFO - Setting next_dagrun for example_branch_operator to 2023-11-06T00:00:00+00:00, run_after=2023-11-07T00:00:00+00:00
[2023-11-07T19:53:07.048+0000] {processor.py:179} INFO - Processing /usr/local/lib/python3.10/dist-packages/airflow/example_dags/example_branch_operator.py took 0.101 seconds
[2023-11-07T19:53:59.578+0000] {processor.py:157} INFO - Started process (PID=4923) to work on /usr/local/lib/python3.10/dist-packages/airflow/example_dags/example_branch_operator.py
[2023-11-07T19:53:59.579+0000] {processor.py:829} INFO - Processing file /usr/local/lib/python3.10/dist-packages/airflow/example_dags/example_branch_operator.py for tasks to queue
[2023-11-07T19:53:59.580+0000] {logging_mixin.py:154} INFO - [2023-11-07T19:53:59.579+0000] {dagbag.py:536} INFO - Filling up the DagBag from /usr/local/lib/python3.10/dist-packages/airflow/example_dags/example_branch_operator.py
[2023-11-07T19:53:59.589+0000] {processor.py:839} INFO - DAG(s) dict_keys(['example_branch_operator']) retrieved from /usr/local/lib/python3.10/dist-packages/airflow/example_dags/example_branch_operator.py
[2023-11-07T19:53:59.611+0000] {logging_mixin.py:154} INFO - [2023-11-07T19:53:59.611+0000] {dag.py:2941} INFO - Sync 1 DAGs
[2023-11-07T19:53:59.634+0000] {logging_mixin.py:154} INFO - [2023-11-07T19:53:59.633+0000] {dag.py:3722} INFO - Setting next_dagrun for example_branch_operator to 2023-11-06T00:00:00+00:00, run_after=2023-11-07T00:00:00+00:00
[2023-11-07T19:53:59.657+0000] {processor.py:179} INFO - Processing /usr/local/lib/python3.10/dist-packages/airflow/example_dags/example_branch_operator.py took 0.082 seconds
[2023-11-07T19:54:52.397+0000] {processor.py:157} INFO - Started process (PID=4976) to work on /usr/local/lib/python3.10/dist-packages/airflow/example_dags/example_branch_operator.py
[2023-11-07T19:54:52.398+0000] {processor.py:829} INFO - Processing file /usr/local/lib/python3.10/dist-packages/airflow/example_dags/example_branch_operator.py for tasks to queue
[2023-11-07T19:54:52.399+0000] {logging_mixin.py:154} INFO - [2023-11-07T19:54:52.399+0000] {dagbag.py:536} INFO - Filling up the DagBag from /usr/local/lib/python3.10/dist-packages/airflow/example_dags/example_branch_operator.py
[2023-11-07T19:54:52.411+0000] {processor.py:839} INFO - DAG(s) dict_keys(['example_branch_operator']) retrieved from /usr/local/lib/python3.10/dist-packages/airflow/example_dags/example_branch_operator.py
[2023-11-07T19:54:52.432+0000] {logging_mixin.py:154} INFO - [2023-11-07T19:54:52.432+0000] {dag.py:2941} INFO - Sync 1 DAGs
[2023-11-07T19:54:52.454+0000] {logging_mixin.py:154} INFO - [2023-11-07T19:54:52.454+0000] {dag.py:3722} INFO - Setting next_dagrun for example_branch_operator to 2023-11-06T00:00:00+00:00, run_after=2023-11-07T00:00:00+00:00
[2023-11-07T19:54:52.481+0000] {processor.py:179} INFO - Processing /usr/local/lib/python3.10/dist-packages/airflow/example_dags/example_branch_operator.py took 0.087 seconds
[2023-11-07T19:55:43.830+0000] {processor.py:157} INFO - Started process (PID=5027) to work on /usr/local/lib/python3.10/dist-packages/airflow/example_dags/example_branch_operator.py
[2023-11-07T19:55:43.831+0000] {processor.py:829} INFO - Processing file /usr/local/lib/python3.10/dist-packages/airflow/example_dags/example_branch_operator.py for tasks to queue
[2023-11-07T19:55:43.831+0000] {logging_mixin.py:154} INFO - [2023-11-07T19:55:43.831+0000] {dagbag.py:536} INFO - Filling up the DagBag from /usr/local/lib/python3.10/dist-packages/airflow/example_dags/example_branch_operator.py
[2023-11-07T19:55:43.841+0000] {processor.py:839} INFO - DAG(s) dict_keys(['example_branch_operator']) retrieved from /usr/local/lib/python3.10/dist-packages/airflow/example_dags/example_branch_operator.py
[2023-11-07T19:55:43.860+0000] {logging_mixin.py:154} INFO - [2023-11-07T19:55:43.860+0000] {dag.py:2941} INFO - Sync 1 DAGs
[2023-11-07T19:55:43.879+0000] {logging_mixin.py:154} INFO - [2023-11-07T19:55:43.879+0000] {dag.py:3722} INFO - Setting next_dagrun for example_branch_operator to 2023-11-06T00:00:00+00:00, run_after=2023-11-07T00:00:00+00:00
[2023-11-07T19:55:43.900+0000] {processor.py:179} INFO - Processing /usr/local/lib/python3.10/dist-packages/airflow/example_dags/example_branch_operator.py took 0.074 seconds
[2023-11-07T19:56:38.746+0000] {processor.py:157} INFO - Started process (PID=5082) to work on /usr/local/lib/python3.10/dist-packages/airflow/example_dags/example_branch_operator.py
[2023-11-07T19:56:38.747+0000] {processor.py:829} INFO - Processing file /usr/local/lib/python3.10/dist-packages/airflow/example_dags/example_branch_operator.py for tasks to queue
[2023-11-07T19:56:38.748+0000] {logging_mixin.py:154} INFO - [2023-11-07T19:56:38.748+0000] {dagbag.py:536} INFO - Filling up the DagBag from /usr/local/lib/python3.10/dist-packages/airflow/example_dags/example_branch_operator.py
[2023-11-07T19:56:38.759+0000] {processor.py:839} INFO - DAG(s) dict_keys(['example_branch_operator']) retrieved from /usr/local/lib/python3.10/dist-packages/airflow/example_dags/example_branch_operator.py
[2023-11-07T19:56:38.780+0000] {logging_mixin.py:154} INFO - [2023-11-07T19:56:38.780+0000] {dag.py:2941} INFO - Sync 1 DAGs
[2023-11-07T19:56:38.802+0000] {logging_mixin.py:154} INFO - [2023-11-07T19:56:38.802+0000] {dag.py:3722} INFO - Setting next_dagrun for example_branch_operator to 2023-11-06T00:00:00+00:00, run_after=2023-11-07T00:00:00+00:00
[2023-11-07T19:56:38.828+0000] {processor.py:179} INFO - Processing /usr/local/lib/python3.10/dist-packages/airflow/example_dags/example_branch_operator.py took 0.086 seconds
[2023-11-07T19:57:32.121+0000] {processor.py:157} INFO - Started process (PID=5134) to work on /usr/local/lib/python3.10/dist-packages/airflow/example_dags/example_branch_operator.py
[2023-11-07T19:57:32.123+0000] {processor.py:829} INFO - Processing file /usr/local/lib/python3.10/dist-packages/airflow/example_dags/example_branch_operator.py for tasks to queue
[2023-11-07T19:57:32.124+0000] {logging_mixin.py:154} INFO - [2023-11-07T19:57:32.123+0000] {dagbag.py:536} INFO - Filling up the DagBag from /usr/local/lib/python3.10/dist-packages/airflow/example_dags/example_branch_operator.py
[2023-11-07T19:57:32.136+0000] {processor.py:839} INFO - DAG(s) dict_keys(['example_branch_operator']) retrieved from /usr/local/lib/python3.10/dist-packages/airflow/example_dags/example_branch_operator.py
[2023-11-07T19:57:32.154+0000] {logging_mixin.py:154} INFO - [2023-11-07T19:57:32.154+0000] {dag.py:2941} INFO - Sync 1 DAGs
[2023-11-07T19:57:32.176+0000] {logging_mixin.py:154} INFO - [2023-11-07T19:57:32.176+0000] {dag.py:3722} INFO - Setting next_dagrun for example_branch_operator to 2023-11-06T00:00:00+00:00, run_after=2023-11-07T00:00:00+00:00
[2023-11-07T19:57:32.199+0000] {processor.py:179} INFO - Processing /usr/local/lib/python3.10/dist-packages/airflow/example_dags/example_branch_operator.py took 0.081 seconds
[2023-11-07T19:58:21.115+0000] {processor.py:157} INFO - Started process (PID=5185) to work on /usr/local/lib/python3.10/dist-packages/airflow/example_dags/example_branch_operator.py
[2023-11-07T19:58:21.116+0000] {processor.py:829} INFO - Processing file /usr/local/lib/python3.10/dist-packages/airflow/example_dags/example_branch_operator.py for tasks to queue
[2023-11-07T19:58:21.117+0000] {logging_mixin.py:154} INFO - [2023-11-07T19:58:21.116+0000] {dagbag.py:536} INFO - Filling up the DagBag from /usr/local/lib/python3.10/dist-packages/airflow/example_dags/example_branch_operator.py
[2023-11-07T19:58:21.127+0000] {processor.py:839} INFO - DAG(s) dict_keys(['example_branch_operator']) retrieved from /usr/local/lib/python3.10/dist-packages/airflow/example_dags/example_branch_operator.py
[2023-11-07T19:58:21.147+0000] {logging_mixin.py:154} INFO - [2023-11-07T19:58:21.147+0000] {dag.py:2941} INFO - Sync 1 DAGs
[2023-11-07T19:58:21.170+0000] {logging_mixin.py:154} INFO - [2023-11-07T19:58:21.170+0000] {dag.py:3722} INFO - Setting next_dagrun for example_branch_operator to 2023-11-06T00:00:00+00:00, run_after=2023-11-07T00:00:00+00:00
[2023-11-07T19:58:21.215+0000] {processor.py:179} INFO - Processing /usr/local/lib/python3.10/dist-packages/airflow/example_dags/example_branch_operator.py took 0.103 seconds
[2023-11-07T19:59:10.253+0000] {processor.py:157} INFO - Started process (PID=5235) to work on /usr/local/lib/python3.10/dist-packages/airflow/example_dags/example_branch_operator.py
[2023-11-07T19:59:10.255+0000] {processor.py:829} INFO - Processing file /usr/local/lib/python3.10/dist-packages/airflow/example_dags/example_branch_operator.py for tasks to queue
[2023-11-07T19:59:10.256+0000] {logging_mixin.py:154} INFO - [2023-11-07T19:59:10.256+0000] {dagbag.py:536} INFO - Filling up the DagBag from /usr/local/lib/python3.10/dist-packages/airflow/example_dags/example_branch_operator.py
[2023-11-07T19:59:10.270+0000] {processor.py:839} INFO - DAG(s) dict_keys(['example_branch_operator']) retrieved from /usr/local/lib/python3.10/dist-packages/airflow/example_dags/example_branch_operator.py
[2023-11-07T19:59:10.295+0000] {logging_mixin.py:154} INFO - [2023-11-07T19:59:10.295+0000] {dag.py:2941} INFO - Sync 1 DAGs
[2023-11-07T19:59:10.324+0000] {logging_mixin.py:154} INFO - [2023-11-07T19:59:10.323+0000] {dag.py:3722} INFO - Setting next_dagrun for example_branch_operator to 2023-11-06T00:00:00+00:00, run_after=2023-11-07T00:00:00+00:00
[2023-11-07T19:59:10.383+0000] {processor.py:179} INFO - Processing /usr/local/lib/python3.10/dist-packages/airflow/example_dags/example_branch_operator.py took 0.134 seconds
[2023-11-07T20:00:00.205+0000] {processor.py:157} INFO - Started process (PID=5285) to work on /usr/local/lib/python3.10/dist-packages/airflow/example_dags/example_branch_operator.py
[2023-11-07T20:00:00.207+0000] {processor.py:829} INFO - Processing file /usr/local/lib/python3.10/dist-packages/airflow/example_dags/example_branch_operator.py for tasks to queue
[2023-11-07T20:00:00.208+0000] {logging_mixin.py:154} INFO - [2023-11-07T20:00:00.208+0000] {dagbag.py:536} INFO - Filling up the DagBag from /usr/local/lib/python3.10/dist-packages/airflow/example_dags/example_branch_operator.py
[2023-11-07T20:00:00.220+0000] {processor.py:839} INFO - DAG(s) dict_keys(['example_branch_operator']) retrieved from /usr/local/lib/python3.10/dist-packages/airflow/example_dags/example_branch_operator.py
[2023-11-07T20:00:00.245+0000] {logging_mixin.py:154} INFO - [2023-11-07T20:00:00.245+0000] {dag.py:2941} INFO - Sync 1 DAGs
[2023-11-07T20:00:00.269+0000] {logging_mixin.py:154} INFO - [2023-11-07T20:00:00.269+0000] {dag.py:3722} INFO - Setting next_dagrun for example_branch_operator to 2023-11-06T00:00:00+00:00, run_after=2023-11-07T00:00:00+00:00
[2023-11-07T20:00:00.292+0000] {processor.py:179} INFO - Processing /usr/local/lib/python3.10/dist-packages/airflow/example_dags/example_branch_operator.py took 0.091 seconds
[2023-11-07T20:00:55.801+0000] {processor.py:157} INFO - Started process (PID=5340) to work on /usr/local/lib/python3.10/dist-packages/airflow/example_dags/example_branch_operator.py
[2023-11-07T20:00:55.802+0000] {processor.py:829} INFO - Processing file /usr/local/lib/python3.10/dist-packages/airflow/example_dags/example_branch_operator.py for tasks to queue
[2023-11-07T20:00:55.803+0000] {logging_mixin.py:154} INFO - [2023-11-07T20:00:55.802+0000] {dagbag.py:536} INFO - Filling up the DagBag from /usr/local/lib/python3.10/dist-packages/airflow/example_dags/example_branch_operator.py
[2023-11-07T20:00:55.812+0000] {processor.py:839} INFO - DAG(s) dict_keys(['example_branch_operator']) retrieved from /usr/local/lib/python3.10/dist-packages/airflow/example_dags/example_branch_operator.py
[2023-11-07T20:00:55.832+0000] {logging_mixin.py:154} INFO - [2023-11-07T20:00:55.832+0000] {dag.py:2941} INFO - Sync 1 DAGs
[2023-11-07T20:00:55.855+0000] {logging_mixin.py:154} INFO - [2023-11-07T20:00:55.854+0000] {dag.py:3722} INFO - Setting next_dagrun for example_branch_operator to 2023-11-06T00:00:00+00:00, run_after=2023-11-07T00:00:00+00:00
[2023-11-07T20:00:55.878+0000] {processor.py:179} INFO - Processing /usr/local/lib/python3.10/dist-packages/airflow/example_dags/example_branch_operator.py took 0.080 seconds
[2023-11-07T20:01:43.920+0000] {processor.py:157} INFO - Started process (PID=5391) to work on /usr/local/lib/python3.10/dist-packages/airflow/example_dags/example_branch_operator.py
[2023-11-07T20:01:43.921+0000] {processor.py:829} INFO - Processing file /usr/local/lib/python3.10/dist-packages/airflow/example_dags/example_branch_operator.py for tasks to queue
[2023-11-07T20:01:43.922+0000] {logging_mixin.py:154} INFO - [2023-11-07T20:01:43.921+0000] {dagbag.py:536} INFO - Filling up the DagBag from /usr/local/lib/python3.10/dist-packages/airflow/example_dags/example_branch_operator.py
[2023-11-07T20:01:43.933+0000] {processor.py:839} INFO - DAG(s) dict_keys(['example_branch_operator']) retrieved from /usr/local/lib/python3.10/dist-packages/airflow/example_dags/example_branch_operator.py
[2023-11-07T20:01:43.951+0000] {logging_mixin.py:154} INFO - [2023-11-07T20:01:43.951+0000] {dag.py:2941} INFO - Sync 1 DAGs
[2023-11-07T20:01:43.974+0000] {logging_mixin.py:154} INFO - [2023-11-07T20:01:43.974+0000] {dag.py:3722} INFO - Setting next_dagrun for example_branch_operator to 2023-11-06T00:00:00+00:00, run_after=2023-11-07T00:00:00+00:00
[2023-11-07T20:01:44.004+0000] {processor.py:179} INFO - Processing /usr/local/lib/python3.10/dist-packages/airflow/example_dags/example_branch_operator.py took 0.088 seconds
[2023-11-07T20:02:30.546+0000] {processor.py:157} INFO - Started process (PID=5438) to work on /usr/local/lib/python3.10/dist-packages/airflow/example_dags/example_branch_operator.py
[2023-11-07T20:02:30.548+0000] {processor.py:829} INFO - Processing file /usr/local/lib/python3.10/dist-packages/airflow/example_dags/example_branch_operator.py for tasks to queue
[2023-11-07T20:02:30.549+0000] {logging_mixin.py:154} INFO - [2023-11-07T20:02:30.548+0000] {dagbag.py:536} INFO - Filling up the DagBag from /usr/local/lib/python3.10/dist-packages/airflow/example_dags/example_branch_operator.py
[2023-11-07T20:02:30.558+0000] {processor.py:839} INFO - DAG(s) dict_keys(['example_branch_operator']) retrieved from /usr/local/lib/python3.10/dist-packages/airflow/example_dags/example_branch_operator.py
[2023-11-07T20:02:30.578+0000] {logging_mixin.py:154} INFO - [2023-11-07T20:02:30.578+0000] {dag.py:2941} INFO - Sync 1 DAGs
[2023-11-07T20:02:30.603+0000] {logging_mixin.py:154} INFO - [2023-11-07T20:02:30.602+0000] {dag.py:3722} INFO - Setting next_dagrun for example_branch_operator to 2023-11-06T00:00:00+00:00, run_after=2023-11-07T00:00:00+00:00
[2023-11-07T20:02:30.626+0000] {processor.py:179} INFO - Processing /usr/local/lib/python3.10/dist-packages/airflow/example_dags/example_branch_operator.py took 0.083 seconds
[2023-11-07T20:03:20.178+0000] {processor.py:157} INFO - Started process (PID=5490) to work on /usr/local/lib/python3.10/dist-packages/airflow/example_dags/example_branch_operator.py
[2023-11-07T20:03:20.182+0000] {processor.py:829} INFO - Processing file /usr/local/lib/python3.10/dist-packages/airflow/example_dags/example_branch_operator.py for tasks to queue
[2023-11-07T20:03:20.183+0000] {logging_mixin.py:154} INFO - [2023-11-07T20:03:20.182+0000] {dagbag.py:536} INFO - Filling up the DagBag from /usr/local/lib/python3.10/dist-packages/airflow/example_dags/example_branch_operator.py
[2023-11-07T20:03:20.193+0000] {processor.py:839} INFO - DAG(s) dict_keys(['example_branch_operator']) retrieved from /usr/local/lib/python3.10/dist-packages/airflow/example_dags/example_branch_operator.py
[2023-11-07T20:03:20.212+0000] {logging_mixin.py:154} INFO - [2023-11-07T20:03:20.211+0000] {dag.py:2941} INFO - Sync 1 DAGs
[2023-11-07T20:03:20.232+0000] {logging_mixin.py:154} INFO - [2023-11-07T20:03:20.231+0000] {dag.py:3722} INFO - Setting next_dagrun for example_branch_operator to 2023-11-06T00:00:00+00:00, run_after=2023-11-07T00:00:00+00:00
[2023-11-07T20:03:20.253+0000] {processor.py:179} INFO - Processing /usr/local/lib/python3.10/dist-packages/airflow/example_dags/example_branch_operator.py took 0.079 seconds
[2023-11-07T20:04:08.915+0000] {processor.py:157} INFO - Started process (PID=5541) to work on /usr/local/lib/python3.10/dist-packages/airflow/example_dags/example_branch_operator.py
[2023-11-07T20:04:08.916+0000] {processor.py:829} INFO - Processing file /usr/local/lib/python3.10/dist-packages/airflow/example_dags/example_branch_operator.py for tasks to queue
[2023-11-07T20:04:08.917+0000] {logging_mixin.py:154} INFO - [2023-11-07T20:04:08.917+0000] {dagbag.py:536} INFO - Filling up the DagBag from /usr/local/lib/python3.10/dist-packages/airflow/example_dags/example_branch_operator.py
[2023-11-07T20:04:08.931+0000] {processor.py:839} INFO - DAG(s) dict_keys(['example_branch_operator']) retrieved from /usr/local/lib/python3.10/dist-packages/airflow/example_dags/example_branch_operator.py
[2023-11-07T20:04:08.957+0000] {logging_mixin.py:154} INFO - [2023-11-07T20:04:08.957+0000] {dag.py:2941} INFO - Sync 1 DAGs
[2023-11-07T20:04:08.994+0000] {logging_mixin.py:154} INFO - [2023-11-07T20:04:08.994+0000] {dag.py:3722} INFO - Setting next_dagrun for example_branch_operator to 2023-11-06T00:00:00+00:00, run_after=2023-11-07T00:00:00+00:00
[2023-11-07T20:04:09.019+0000] {processor.py:179} INFO - Processing /usr/local/lib/python3.10/dist-packages/airflow/example_dags/example_branch_operator.py took 0.107 seconds
[2023-11-07T20:04:57.560+0000] {processor.py:157} INFO - Started process (PID=5591) to work on /usr/local/lib/python3.10/dist-packages/airflow/example_dags/example_branch_operator.py
[2023-11-07T20:04:57.566+0000] {processor.py:829} INFO - Processing file /usr/local/lib/python3.10/dist-packages/airflow/example_dags/example_branch_operator.py for tasks to queue
[2023-11-07T20:04:57.567+0000] {logging_mixin.py:154} INFO - [2023-11-07T20:04:57.567+0000] {dagbag.py:536} INFO - Filling up the DagBag from /usr/local/lib/python3.10/dist-packages/airflow/example_dags/example_branch_operator.py
[2023-11-07T20:04:57.577+0000] {processor.py:839} INFO - DAG(s) dict_keys(['example_branch_operator']) retrieved from /usr/local/lib/python3.10/dist-packages/airflow/example_dags/example_branch_operator.py
[2023-11-07T20:04:57.597+0000] {logging_mixin.py:154} INFO - [2023-11-07T20:04:57.597+0000] {dag.py:2941} INFO - Sync 1 DAGs
[2023-11-07T20:04:57.619+0000] {logging_mixin.py:154} INFO - [2023-11-07T20:04:57.619+0000] {dag.py:3722} INFO - Setting next_dagrun for example_branch_operator to 2023-11-06T00:00:00+00:00, run_after=2023-11-07T00:00:00+00:00
[2023-11-07T20:04:57.642+0000] {processor.py:179} INFO - Processing /usr/local/lib/python3.10/dist-packages/airflow/example_dags/example_branch_operator.py took 0.087 seconds
[2023-11-07T20:05:47.778+0000] {processor.py:157} INFO - Started process (PID=5642) to work on /usr/local/lib/python3.10/dist-packages/airflow/example_dags/example_branch_operator.py
[2023-11-07T20:05:47.779+0000] {processor.py:829} INFO - Processing file /usr/local/lib/python3.10/dist-packages/airflow/example_dags/example_branch_operator.py for tasks to queue
[2023-11-07T20:05:47.780+0000] {logging_mixin.py:154} INFO - [2023-11-07T20:05:47.779+0000] {dagbag.py:536} INFO - Filling up the DagBag from /usr/local/lib/python3.10/dist-packages/airflow/example_dags/example_branch_operator.py
[2023-11-07T20:05:47.797+0000] {processor.py:839} INFO - DAG(s) dict_keys(['example_branch_operator']) retrieved from /usr/local/lib/python3.10/dist-packages/airflow/example_dags/example_branch_operator.py
[2023-11-07T20:05:47.815+0000] {logging_mixin.py:154} INFO - [2023-11-07T20:05:47.815+0000] {dag.py:2941} INFO - Sync 1 DAGs
[2023-11-07T20:05:47.837+0000] {logging_mixin.py:154} INFO - [2023-11-07T20:05:47.836+0000] {dag.py:3722} INFO - Setting next_dagrun for example_branch_operator to 2023-11-06T00:00:00+00:00, run_after=2023-11-07T00:00:00+00:00
[2023-11-07T20:05:47.859+0000] {processor.py:179} INFO - Processing /usr/local/lib/python3.10/dist-packages/airflow/example_dags/example_branch_operator.py took 0.089 seconds
[2023-11-07T20:06:36.376+0000] {processor.py:157} INFO - Started process (PID=5693) to work on /usr/local/lib/python3.10/dist-packages/airflow/example_dags/example_branch_operator.py
[2023-11-07T20:06:36.377+0000] {processor.py:829} INFO - Processing file /usr/local/lib/python3.10/dist-packages/airflow/example_dags/example_branch_operator.py for tasks to queue
[2023-11-07T20:06:36.378+0000] {logging_mixin.py:154} INFO - [2023-11-07T20:06:36.378+0000] {dagbag.py:536} INFO - Filling up the DagBag from /usr/local/lib/python3.10/dist-packages/airflow/example_dags/example_branch_operator.py
[2023-11-07T20:06:36.389+0000] {processor.py:839} INFO - DAG(s) dict_keys(['example_branch_operator']) retrieved from /usr/local/lib/python3.10/dist-packages/airflow/example_dags/example_branch_operator.py
[2023-11-07T20:06:36.409+0000] {logging_mixin.py:154} INFO - [2023-11-07T20:06:36.408+0000] {dag.py:2941} INFO - Sync 1 DAGs
[2023-11-07T20:06:36.436+0000] {logging_mixin.py:154} INFO - [2023-11-07T20:06:36.436+0000] {dag.py:3722} INFO - Setting next_dagrun for example_branch_operator to 2023-11-06T00:00:00+00:00, run_after=2023-11-07T00:00:00+00:00
[2023-11-07T20:06:36.471+0000] {processor.py:179} INFO - Processing /usr/local/lib/python3.10/dist-packages/airflow/example_dags/example_branch_operator.py took 0.105 seconds
[2023-11-07T20:07:28.865+0000] {processor.py:157} INFO - Started process (PID=5745) to work on /usr/local/lib/python3.10/dist-packages/airflow/example_dags/example_branch_operator.py
[2023-11-07T20:07:28.866+0000] {processor.py:829} INFO - Processing file /usr/local/lib/python3.10/dist-packages/airflow/example_dags/example_branch_operator.py for tasks to queue
[2023-11-07T20:07:28.866+0000] {logging_mixin.py:154} INFO - [2023-11-07T20:07:28.866+0000] {dagbag.py:536} INFO - Filling up the DagBag from /usr/local/lib/python3.10/dist-packages/airflow/example_dags/example_branch_operator.py
[2023-11-07T20:07:28.876+0000] {processor.py:839} INFO - DAG(s) dict_keys(['example_branch_operator']) retrieved from /usr/local/lib/python3.10/dist-packages/airflow/example_dags/example_branch_operator.py
[2023-11-07T20:07:28.897+0000] {logging_mixin.py:154} INFO - [2023-11-07T20:07:28.896+0000] {dag.py:2941} INFO - Sync 1 DAGs
[2023-11-07T20:07:28.917+0000] {logging_mixin.py:154} INFO - [2023-11-07T20:07:28.917+0000] {dag.py:3722} INFO - Setting next_dagrun for example_branch_operator to 2023-11-06T00:00:00+00:00, run_after=2023-11-07T00:00:00+00:00
[2023-11-07T20:07:28.938+0000] {processor.py:179} INFO - Processing /usr/local/lib/python3.10/dist-packages/airflow/example_dags/example_branch_operator.py took 0.077 seconds
