[2023-11-07T19:31:53.670+0000] {processor.py:157} INFO - Started process (PID=3570) to work on /usr/local/lib/python3.10/dist-packages/airflow/example_dags/example_dynamic_task_mapping.py
[2023-11-07T19:31:53.671+0000] {processor.py:829} INFO - Processing file /usr/local/lib/python3.10/dist-packages/airflow/example_dags/example_dynamic_task_mapping.py for tasks to queue
[2023-11-07T19:31:53.672+0000] {logging_mixin.py:154} INFO - [2023-11-07T19:31:53.672+0000] {dagbag.py:536} INFO - Filling up the DagBag from /usr/local/lib/python3.10/dist-packages/airflow/example_dags/example_dynamic_task_mapping.py
[2023-11-07T19:31:53.680+0000] {processor.py:839} INFO - DAG(s) dict_keys(['example_dynamic_task_mapping']) retrieved from /usr/local/lib/python3.10/dist-packages/airflow/example_dags/example_dynamic_task_mapping.py
[2023-11-07T19:31:53.804+0000] {logging_mixin.py:154} INFO - [2023-11-07T19:31:53.804+0000] {manager.py:499} INFO - Created Permission View: %s
[2023-11-07T19:31:53.816+0000] {logging_mixin.py:154} INFO - [2023-11-07T19:31:53.816+0000] {manager.py:499} INFO - Created Permission View: %s
[2023-11-07T19:31:53.825+0000] {logging_mixin.py:154} INFO - [2023-11-07T19:31:53.824+0000] {manager.py:499} INFO - Created Permission View: %s
[2023-11-07T19:31:53.825+0000] {logging_mixin.py:154} INFO - [2023-11-07T19:31:53.825+0000] {dag.py:2941} INFO - Sync 1 DAGs
[2023-11-07T19:31:53.837+0000] {logging_mixin.py:154} INFO - [2023-11-07T19:31:53.836+0000] {dag.py:2963} INFO - Creating ORM DAG for example_dynamic_task_mapping
[2023-11-07T19:31:53.845+0000] {logging_mixin.py:154} INFO - [2023-11-07T19:31:53.845+0000] {dag.py:3722} INFO - Setting next_dagrun for example_dynamic_task_mapping to 2022-03-04T00:00:00+00:00, run_after=2022-03-05T00:00:00+00:00
[2023-11-07T19:31:53.864+0000] {processor.py:179} INFO - Processing /usr/local/lib/python3.10/dist-packages/airflow/example_dags/example_dynamic_task_mapping.py took 0.197 seconds
[2023-11-07T19:32:44.786+0000] {processor.py:157} INFO - Started process (PID=3617) to work on /usr/local/lib/python3.10/dist-packages/airflow/example_dags/example_dynamic_task_mapping.py
[2023-11-07T19:32:44.787+0000] {processor.py:829} INFO - Processing file /usr/local/lib/python3.10/dist-packages/airflow/example_dags/example_dynamic_task_mapping.py for tasks to queue
[2023-11-07T19:32:44.788+0000] {logging_mixin.py:154} INFO - [2023-11-07T19:32:44.787+0000] {dagbag.py:536} INFO - Filling up the DagBag from /usr/local/lib/python3.10/dist-packages/airflow/example_dags/example_dynamic_task_mapping.py
[2023-11-07T19:32:44.798+0000] {processor.py:839} INFO - DAG(s) dict_keys(['example_dynamic_task_mapping']) retrieved from /usr/local/lib/python3.10/dist-packages/airflow/example_dags/example_dynamic_task_mapping.py
[2023-11-07T19:32:44.815+0000] {logging_mixin.py:154} INFO - [2023-11-07T19:32:44.815+0000] {dag.py:2941} INFO - Sync 1 DAGs
[2023-11-07T19:32:44.834+0000] {logging_mixin.py:154} INFO - [2023-11-07T19:32:44.834+0000] {dag.py:3722} INFO - Setting next_dagrun for example_dynamic_task_mapping to 2022-03-04T00:00:00+00:00, run_after=2022-03-05T00:00:00+00:00
[2023-11-07T19:32:44.855+0000] {processor.py:179} INFO - Processing /usr/local/lib/python3.10/dist-packages/airflow/example_dags/example_dynamic_task_mapping.py took 0.073 seconds
[2023-11-07T19:33:29.447+0000] {processor.py:157} INFO - Started process (PID=3664) to work on /usr/local/lib/python3.10/dist-packages/airflow/example_dags/example_dynamic_task_mapping.py
[2023-11-07T19:33:29.448+0000] {processor.py:829} INFO - Processing file /usr/local/lib/python3.10/dist-packages/airflow/example_dags/example_dynamic_task_mapping.py for tasks to queue
[2023-11-07T19:33:29.449+0000] {logging_mixin.py:154} INFO - [2023-11-07T19:33:29.449+0000] {dagbag.py:536} INFO - Filling up the DagBag from /usr/local/lib/python3.10/dist-packages/airflow/example_dags/example_dynamic_task_mapping.py
[2023-11-07T19:33:29.458+0000] {processor.py:839} INFO - DAG(s) dict_keys(['example_dynamic_task_mapping']) retrieved from /usr/local/lib/python3.10/dist-packages/airflow/example_dags/example_dynamic_task_mapping.py
[2023-11-07T19:33:29.474+0000] {logging_mixin.py:154} INFO - [2023-11-07T19:33:29.473+0000] {dag.py:2941} INFO - Sync 1 DAGs
[2023-11-07T19:33:29.493+0000] {logging_mixin.py:154} INFO - [2023-11-07T19:33:29.493+0000] {dag.py:3722} INFO - Setting next_dagrun for example_dynamic_task_mapping to 2022-03-04T00:00:00+00:00, run_after=2022-03-05T00:00:00+00:00
[2023-11-07T19:33:29.518+0000] {processor.py:179} INFO - Processing /usr/local/lib/python3.10/dist-packages/airflow/example_dags/example_dynamic_task_mapping.py took 0.075 seconds
[2023-11-07T19:34:17.102+0000] {processor.py:157} INFO - Started process (PID=3712) to work on /usr/local/lib/python3.10/dist-packages/airflow/example_dags/example_dynamic_task_mapping.py
[2023-11-07T19:34:17.104+0000] {processor.py:829} INFO - Processing file /usr/local/lib/python3.10/dist-packages/airflow/example_dags/example_dynamic_task_mapping.py for tasks to queue
[2023-11-07T19:34:17.106+0000] {logging_mixin.py:154} INFO - [2023-11-07T19:34:17.105+0000] {dagbag.py:536} INFO - Filling up the DagBag from /usr/local/lib/python3.10/dist-packages/airflow/example_dags/example_dynamic_task_mapping.py
[2023-11-07T19:34:17.115+0000] {processor.py:839} INFO - DAG(s) dict_keys(['example_dynamic_task_mapping']) retrieved from /usr/local/lib/python3.10/dist-packages/airflow/example_dags/example_dynamic_task_mapping.py
[2023-11-07T19:34:17.138+0000] {logging_mixin.py:154} INFO - [2023-11-07T19:34:17.138+0000] {dag.py:2941} INFO - Sync 1 DAGs
[2023-11-07T19:34:17.165+0000] {logging_mixin.py:154} INFO - [2023-11-07T19:34:17.165+0000] {dag.py:3722} INFO - Setting next_dagrun for example_dynamic_task_mapping to 2022-03-04T00:00:00+00:00, run_after=2022-03-05T00:00:00+00:00
[2023-11-07T19:34:17.186+0000] {processor.py:179} INFO - Processing /usr/local/lib/python3.10/dist-packages/airflow/example_dags/example_dynamic_task_mapping.py took 0.088 seconds
[2023-11-07T19:35:03.932+0000] {processor.py:157} INFO - Started process (PID=3762) to work on /usr/local/lib/python3.10/dist-packages/airflow/example_dags/example_dynamic_task_mapping.py
[2023-11-07T19:35:03.933+0000] {processor.py:829} INFO - Processing file /usr/local/lib/python3.10/dist-packages/airflow/example_dags/example_dynamic_task_mapping.py for tasks to queue
[2023-11-07T19:35:03.934+0000] {logging_mixin.py:154} INFO - [2023-11-07T19:35:03.934+0000] {dagbag.py:536} INFO - Filling up the DagBag from /usr/local/lib/python3.10/dist-packages/airflow/example_dags/example_dynamic_task_mapping.py
[2023-11-07T19:35:03.944+0000] {processor.py:839} INFO - DAG(s) dict_keys(['example_dynamic_task_mapping']) retrieved from /usr/local/lib/python3.10/dist-packages/airflow/example_dags/example_dynamic_task_mapping.py
[2023-11-07T19:35:03.963+0000] {logging_mixin.py:154} INFO - [2023-11-07T19:35:03.963+0000] {dag.py:2941} INFO - Sync 1 DAGs
[2023-11-07T19:35:03.986+0000] {logging_mixin.py:154} INFO - [2023-11-07T19:35:03.986+0000] {dag.py:3722} INFO - Setting next_dagrun for example_dynamic_task_mapping to 2022-03-04T00:00:00+00:00, run_after=2022-03-05T00:00:00+00:00
[2023-11-07T19:35:04.010+0000] {processor.py:179} INFO - Processing /usr/local/lib/python3.10/dist-packages/airflow/example_dags/example_dynamic_task_mapping.py took 0.083 seconds
[2023-11-07T19:35:48.607+0000] {processor.py:157} INFO - Started process (PID=3811) to work on /usr/local/lib/python3.10/dist-packages/airflow/example_dags/example_dynamic_task_mapping.py
[2023-11-07T19:35:48.612+0000] {processor.py:829} INFO - Processing file /usr/local/lib/python3.10/dist-packages/airflow/example_dags/example_dynamic_task_mapping.py for tasks to queue
[2023-11-07T19:35:48.613+0000] {logging_mixin.py:154} INFO - [2023-11-07T19:35:48.612+0000] {dagbag.py:536} INFO - Filling up the DagBag from /usr/local/lib/python3.10/dist-packages/airflow/example_dags/example_dynamic_task_mapping.py
[2023-11-07T19:35:48.627+0000] {processor.py:839} INFO - DAG(s) dict_keys(['example_dynamic_task_mapping']) retrieved from /usr/local/lib/python3.10/dist-packages/airflow/example_dags/example_dynamic_task_mapping.py
[2023-11-07T19:35:48.643+0000] {logging_mixin.py:154} INFO - [2023-11-07T19:35:48.643+0000] {dag.py:2941} INFO - Sync 1 DAGs
[2023-11-07T19:35:48.663+0000] {logging_mixin.py:154} INFO - [2023-11-07T19:35:48.663+0000] {dag.py:3722} INFO - Setting next_dagrun for example_dynamic_task_mapping to 2022-03-04T00:00:00+00:00, run_after=2022-03-05T00:00:00+00:00
[2023-11-07T19:35:48.684+0000] {processor.py:179} INFO - Processing /usr/local/lib/python3.10/dist-packages/airflow/example_dags/example_dynamic_task_mapping.py took 0.086 seconds
[2023-11-07T19:36:37.942+0000] {processor.py:157} INFO - Started process (PID=3860) to work on /usr/local/lib/python3.10/dist-packages/airflow/example_dags/example_dynamic_task_mapping.py
[2023-11-07T19:36:37.943+0000] {processor.py:829} INFO - Processing file /usr/local/lib/python3.10/dist-packages/airflow/example_dags/example_dynamic_task_mapping.py for tasks to queue
[2023-11-07T19:36:37.944+0000] {logging_mixin.py:154} INFO - [2023-11-07T19:36:37.943+0000] {dagbag.py:536} INFO - Filling up the DagBag from /usr/local/lib/python3.10/dist-packages/airflow/example_dags/example_dynamic_task_mapping.py
[2023-11-07T19:36:37.964+0000] {processor.py:839} INFO - DAG(s) dict_keys(['example_dynamic_task_mapping']) retrieved from /usr/local/lib/python3.10/dist-packages/airflow/example_dags/example_dynamic_task_mapping.py
[2023-11-07T19:36:37.990+0000] {logging_mixin.py:154} INFO - [2023-11-07T19:36:37.990+0000] {dag.py:2941} INFO - Sync 1 DAGs
[2023-11-07T19:36:38.022+0000] {logging_mixin.py:154} INFO - [2023-11-07T19:36:38.022+0000] {dag.py:3722} INFO - Setting next_dagrun for example_dynamic_task_mapping to 2022-03-04T00:00:00+00:00, run_after=2022-03-05T00:00:00+00:00
[2023-11-07T19:36:38.064+0000] {processor.py:179} INFO - Processing /usr/local/lib/python3.10/dist-packages/airflow/example_dags/example_dynamic_task_mapping.py took 0.127 seconds
[2023-11-07T19:37:28.195+0000] {processor.py:157} INFO - Started process (PID=3911) to work on /usr/local/lib/python3.10/dist-packages/airflow/example_dags/example_dynamic_task_mapping.py
[2023-11-07T19:37:28.197+0000] {processor.py:829} INFO - Processing file /usr/local/lib/python3.10/dist-packages/airflow/example_dags/example_dynamic_task_mapping.py for tasks to queue
[2023-11-07T19:37:28.198+0000] {logging_mixin.py:154} INFO - [2023-11-07T19:37:28.197+0000] {dagbag.py:536} INFO - Filling up the DagBag from /usr/local/lib/python3.10/dist-packages/airflow/example_dags/example_dynamic_task_mapping.py
[2023-11-07T19:37:28.205+0000] {processor.py:839} INFO - DAG(s) dict_keys(['example_dynamic_task_mapping']) retrieved from /usr/local/lib/python3.10/dist-packages/airflow/example_dags/example_dynamic_task_mapping.py
[2023-11-07T19:37:28.220+0000] {logging_mixin.py:154} INFO - [2023-11-07T19:37:28.220+0000] {dag.py:2941} INFO - Sync 1 DAGs
[2023-11-07T19:37:28.241+0000] {logging_mixin.py:154} INFO - [2023-11-07T19:37:28.240+0000] {dag.py:3722} INFO - Setting next_dagrun for example_dynamic_task_mapping to 2022-03-04T00:00:00+00:00, run_after=2022-03-05T00:00:00+00:00
[2023-11-07T19:37:28.268+0000] {processor.py:179} INFO - Processing /usr/local/lib/python3.10/dist-packages/airflow/example_dags/example_dynamic_task_mapping.py took 0.076 seconds
[2023-11-07T19:38:15.826+0000] {processor.py:157} INFO - Started process (PID=3961) to work on /usr/local/lib/python3.10/dist-packages/airflow/example_dags/example_dynamic_task_mapping.py
[2023-11-07T19:38:15.827+0000] {processor.py:829} INFO - Processing file /usr/local/lib/python3.10/dist-packages/airflow/example_dags/example_dynamic_task_mapping.py for tasks to queue
[2023-11-07T19:38:15.827+0000] {logging_mixin.py:154} INFO - [2023-11-07T19:38:15.827+0000] {dagbag.py:536} INFO - Filling up the DagBag from /usr/local/lib/python3.10/dist-packages/airflow/example_dags/example_dynamic_task_mapping.py
[2023-11-07T19:38:15.835+0000] {processor.py:839} INFO - DAG(s) dict_keys(['example_dynamic_task_mapping']) retrieved from /usr/local/lib/python3.10/dist-packages/airflow/example_dags/example_dynamic_task_mapping.py
[2023-11-07T19:38:15.849+0000] {logging_mixin.py:154} INFO - [2023-11-07T19:38:15.849+0000] {dag.py:2941} INFO - Sync 1 DAGs
[2023-11-07T19:38:15.867+0000] {logging_mixin.py:154} INFO - [2023-11-07T19:38:15.867+0000] {dag.py:3722} INFO - Setting next_dagrun for example_dynamic_task_mapping to 2022-03-04T00:00:00+00:00, run_after=2022-03-05T00:00:00+00:00
[2023-11-07T19:38:15.887+0000] {processor.py:179} INFO - Processing /usr/local/lib/python3.10/dist-packages/airflow/example_dags/example_dynamic_task_mapping.py took 0.065 seconds
[2023-11-07T19:39:03.641+0000] {processor.py:157} INFO - Started process (PID=4011) to work on /usr/local/lib/python3.10/dist-packages/airflow/example_dags/example_dynamic_task_mapping.py
[2023-11-07T19:39:03.642+0000] {processor.py:829} INFO - Processing file /usr/local/lib/python3.10/dist-packages/airflow/example_dags/example_dynamic_task_mapping.py for tasks to queue
[2023-11-07T19:39:03.643+0000] {logging_mixin.py:154} INFO - [2023-11-07T19:39:03.643+0000] {dagbag.py:536} INFO - Filling up the DagBag from /usr/local/lib/python3.10/dist-packages/airflow/example_dags/example_dynamic_task_mapping.py
[2023-11-07T19:39:03.652+0000] {processor.py:839} INFO - DAG(s) dict_keys(['example_dynamic_task_mapping']) retrieved from /usr/local/lib/python3.10/dist-packages/airflow/example_dags/example_dynamic_task_mapping.py
[2023-11-07T19:39:03.671+0000] {logging_mixin.py:154} INFO - [2023-11-07T19:39:03.670+0000] {dag.py:2941} INFO - Sync 1 DAGs
[2023-11-07T19:39:03.691+0000] {logging_mixin.py:154} INFO - [2023-11-07T19:39:03.691+0000] {dag.py:3722} INFO - Setting next_dagrun for example_dynamic_task_mapping to 2022-03-04T00:00:00+00:00, run_after=2022-03-05T00:00:00+00:00
[2023-11-07T19:39:03.719+0000] {processor.py:179} INFO - Processing /usr/local/lib/python3.10/dist-packages/airflow/example_dags/example_dynamic_task_mapping.py took 0.082 seconds
[2023-11-07T19:39:48.596+0000] {processor.py:157} INFO - Started process (PID=4057) to work on /usr/local/lib/python3.10/dist-packages/airflow/example_dags/example_dynamic_task_mapping.py
[2023-11-07T19:39:48.597+0000] {processor.py:829} INFO - Processing file /usr/local/lib/python3.10/dist-packages/airflow/example_dags/example_dynamic_task_mapping.py for tasks to queue
[2023-11-07T19:39:48.598+0000] {logging_mixin.py:154} INFO - [2023-11-07T19:39:48.598+0000] {dagbag.py:536} INFO - Filling up the DagBag from /usr/local/lib/python3.10/dist-packages/airflow/example_dags/example_dynamic_task_mapping.py
[2023-11-07T19:39:48.606+0000] {processor.py:839} INFO - DAG(s) dict_keys(['example_dynamic_task_mapping']) retrieved from /usr/local/lib/python3.10/dist-packages/airflow/example_dags/example_dynamic_task_mapping.py
[2023-11-07T19:39:48.621+0000] {logging_mixin.py:154} INFO - [2023-11-07T19:39:48.621+0000] {dag.py:2941} INFO - Sync 1 DAGs
[2023-11-07T19:39:48.639+0000] {logging_mixin.py:154} INFO - [2023-11-07T19:39:48.639+0000] {dag.py:3722} INFO - Setting next_dagrun for example_dynamic_task_mapping to 2022-03-04T00:00:00+00:00, run_after=2022-03-05T00:00:00+00:00
[2023-11-07T19:39:48.662+0000] {processor.py:179} INFO - Processing /usr/local/lib/python3.10/dist-packages/airflow/example_dags/example_dynamic_task_mapping.py took 0.069 seconds
[2023-11-07T19:40:41.807+0000] {processor.py:157} INFO - Started process (PID=4111) to work on /usr/local/lib/python3.10/dist-packages/airflow/example_dags/example_dynamic_task_mapping.py
[2023-11-07T19:40:41.809+0000] {processor.py:829} INFO - Processing file /usr/local/lib/python3.10/dist-packages/airflow/example_dags/example_dynamic_task_mapping.py for tasks to queue
[2023-11-07T19:40:41.810+0000] {logging_mixin.py:154} INFO - [2023-11-07T19:40:41.810+0000] {dagbag.py:536} INFO - Filling up the DagBag from /usr/local/lib/python3.10/dist-packages/airflow/example_dags/example_dynamic_task_mapping.py
[2023-11-07T19:40:41.820+0000] {processor.py:839} INFO - DAG(s) dict_keys(['example_dynamic_task_mapping']) retrieved from /usr/local/lib/python3.10/dist-packages/airflow/example_dags/example_dynamic_task_mapping.py
[2023-11-07T19:40:41.841+0000] {logging_mixin.py:154} INFO - [2023-11-07T19:40:41.840+0000] {dag.py:2941} INFO - Sync 1 DAGs
[2023-11-07T19:40:41.862+0000] {logging_mixin.py:154} INFO - [2023-11-07T19:40:41.862+0000] {dag.py:3722} INFO - Setting next_dagrun for example_dynamic_task_mapping to 2022-03-04T00:00:00+00:00, run_after=2022-03-05T00:00:00+00:00
[2023-11-07T19:40:41.884+0000] {processor.py:179} INFO - Processing /usr/local/lib/python3.10/dist-packages/airflow/example_dags/example_dynamic_task_mapping.py took 0.080 seconds
[2023-11-07T19:41:31.424+0000] {processor.py:157} INFO - Started process (PID=4163) to work on /usr/local/lib/python3.10/dist-packages/airflow/example_dags/example_dynamic_task_mapping.py
[2023-11-07T19:41:31.425+0000] {processor.py:829} INFO - Processing file /usr/local/lib/python3.10/dist-packages/airflow/example_dags/example_dynamic_task_mapping.py for tasks to queue
[2023-11-07T19:41:31.426+0000] {logging_mixin.py:154} INFO - [2023-11-07T19:41:31.426+0000] {dagbag.py:536} INFO - Filling up the DagBag from /usr/local/lib/python3.10/dist-packages/airflow/example_dags/example_dynamic_task_mapping.py
[2023-11-07T19:41:31.436+0000] {processor.py:839} INFO - DAG(s) dict_keys(['example_dynamic_task_mapping']) retrieved from /usr/local/lib/python3.10/dist-packages/airflow/example_dags/example_dynamic_task_mapping.py
[2023-11-07T19:41:31.459+0000] {logging_mixin.py:154} INFO - [2023-11-07T19:41:31.459+0000] {dag.py:2941} INFO - Sync 1 DAGs
[2023-11-07T19:41:31.489+0000] {logging_mixin.py:154} INFO - [2023-11-07T19:41:31.489+0000] {dag.py:3722} INFO - Setting next_dagrun for example_dynamic_task_mapping to 2022-03-04T00:00:00+00:00, run_after=2022-03-05T00:00:00+00:00
[2023-11-07T19:41:31.511+0000] {processor.py:179} INFO - Processing /usr/local/lib/python3.10/dist-packages/airflow/example_dags/example_dynamic_task_mapping.py took 0.095 seconds
[2023-11-07T19:42:18.959+0000] {processor.py:157} INFO - Started process (PID=4212) to work on /usr/local/lib/python3.10/dist-packages/airflow/example_dags/example_dynamic_task_mapping.py
[2023-11-07T19:42:18.962+0000] {processor.py:829} INFO - Processing file /usr/local/lib/python3.10/dist-packages/airflow/example_dags/example_dynamic_task_mapping.py for tasks to queue
[2023-11-07T19:42:18.965+0000] {logging_mixin.py:154} INFO - [2023-11-07T19:42:18.963+0000] {dagbag.py:536} INFO - Filling up the DagBag from /usr/local/lib/python3.10/dist-packages/airflow/example_dags/example_dynamic_task_mapping.py
[2023-11-07T19:42:18.981+0000] {processor.py:839} INFO - DAG(s) dict_keys(['example_dynamic_task_mapping']) retrieved from /usr/local/lib/python3.10/dist-packages/airflow/example_dags/example_dynamic_task_mapping.py
[2023-11-07T19:42:18.997+0000] {logging_mixin.py:154} INFO - [2023-11-07T19:42:18.997+0000] {dag.py:2941} INFO - Sync 1 DAGs
[2023-11-07T19:42:19.016+0000] {logging_mixin.py:154} INFO - [2023-11-07T19:42:19.016+0000] {dag.py:3722} INFO - Setting next_dagrun for example_dynamic_task_mapping to 2022-03-04T00:00:00+00:00, run_after=2022-03-05T00:00:00+00:00
[2023-11-07T19:42:19.037+0000] {processor.py:179} INFO - Processing /usr/local/lib/python3.10/dist-packages/airflow/example_dags/example_dynamic_task_mapping.py took 0.086 seconds
[2023-11-07T19:43:08.917+0000] {processor.py:157} INFO - Started process (PID=4262) to work on /usr/local/lib/python3.10/dist-packages/airflow/example_dags/example_dynamic_task_mapping.py
[2023-11-07T19:43:08.918+0000] {processor.py:829} INFO - Processing file /usr/local/lib/python3.10/dist-packages/airflow/example_dags/example_dynamic_task_mapping.py for tasks to queue
[2023-11-07T19:43:08.919+0000] {logging_mixin.py:154} INFO - [2023-11-07T19:43:08.919+0000] {dagbag.py:536} INFO - Filling up the DagBag from /usr/local/lib/python3.10/dist-packages/airflow/example_dags/example_dynamic_task_mapping.py
[2023-11-07T19:43:08.927+0000] {processor.py:839} INFO - DAG(s) dict_keys(['example_dynamic_task_mapping']) retrieved from /usr/local/lib/python3.10/dist-packages/airflow/example_dags/example_dynamic_task_mapping.py
[2023-11-07T19:43:08.944+0000] {logging_mixin.py:154} INFO - [2023-11-07T19:43:08.944+0000] {dag.py:2941} INFO - Sync 1 DAGs
[2023-11-07T19:43:08.966+0000] {logging_mixin.py:154} INFO - [2023-11-07T19:43:08.966+0000] {dag.py:3722} INFO - Setting next_dagrun for example_dynamic_task_mapping to 2022-03-04T00:00:00+00:00, run_after=2022-03-05T00:00:00+00:00
[2023-11-07T19:43:09.002+0000] {processor.py:179} INFO - Processing /usr/local/lib/python3.10/dist-packages/airflow/example_dags/example_dynamic_task_mapping.py took 0.088 seconds
[2023-11-07T19:43:57.629+0000] {processor.py:157} INFO - Started process (PID=4314) to work on /usr/local/lib/python3.10/dist-packages/airflow/example_dags/example_dynamic_task_mapping.py
[2023-11-07T19:43:57.630+0000] {processor.py:829} INFO - Processing file /usr/local/lib/python3.10/dist-packages/airflow/example_dags/example_dynamic_task_mapping.py for tasks to queue
[2023-11-07T19:43:57.631+0000] {logging_mixin.py:154} INFO - [2023-11-07T19:43:57.630+0000] {dagbag.py:536} INFO - Filling up the DagBag from /usr/local/lib/python3.10/dist-packages/airflow/example_dags/example_dynamic_task_mapping.py
[2023-11-07T19:43:57.639+0000] {processor.py:839} INFO - DAG(s) dict_keys(['example_dynamic_task_mapping']) retrieved from /usr/local/lib/python3.10/dist-packages/airflow/example_dags/example_dynamic_task_mapping.py
[2023-11-07T19:43:57.659+0000] {logging_mixin.py:154} INFO - [2023-11-07T19:43:57.657+0000] {dag.py:2941} INFO - Sync 1 DAGs
[2023-11-07T19:43:57.679+0000] {logging_mixin.py:154} INFO - [2023-11-07T19:43:57.679+0000] {dag.py:3722} INFO - Setting next_dagrun for example_dynamic_task_mapping to 2022-03-04T00:00:00+00:00, run_after=2022-03-05T00:00:00+00:00
[2023-11-07T19:43:57.707+0000] {processor.py:179} INFO - Processing /usr/local/lib/python3.10/dist-packages/airflow/example_dags/example_dynamic_task_mapping.py took 0.082 seconds
[2023-11-07T19:44:50.438+0000] {processor.py:157} INFO - Started process (PID=4365) to work on /usr/local/lib/python3.10/dist-packages/airflow/example_dags/example_dynamic_task_mapping.py
[2023-11-07T19:44:50.439+0000] {processor.py:829} INFO - Processing file /usr/local/lib/python3.10/dist-packages/airflow/example_dags/example_dynamic_task_mapping.py for tasks to queue
[2023-11-07T19:44:50.440+0000] {logging_mixin.py:154} INFO - [2023-11-07T19:44:50.440+0000] {dagbag.py:536} INFO - Filling up the DagBag from /usr/local/lib/python3.10/dist-packages/airflow/example_dags/example_dynamic_task_mapping.py
[2023-11-07T19:44:50.451+0000] {processor.py:839} INFO - DAG(s) dict_keys(['example_dynamic_task_mapping']) retrieved from /usr/local/lib/python3.10/dist-packages/airflow/example_dags/example_dynamic_task_mapping.py
[2023-11-07T19:44:50.467+0000] {logging_mixin.py:154} INFO - [2023-11-07T19:44:50.466+0000] {dag.py:2941} INFO - Sync 1 DAGs
[2023-11-07T19:44:50.490+0000] {logging_mixin.py:154} INFO - [2023-11-07T19:44:50.490+0000] {dag.py:3722} INFO - Setting next_dagrun for example_dynamic_task_mapping to 2022-03-04T00:00:00+00:00, run_after=2022-03-05T00:00:00+00:00
[2023-11-07T19:44:50.516+0000] {processor.py:179} INFO - Processing /usr/local/lib/python3.10/dist-packages/airflow/example_dags/example_dynamic_task_mapping.py took 0.080 seconds
[2023-11-07T19:45:45.771+0000] {processor.py:157} INFO - Started process (PID=4419) to work on /usr/local/lib/python3.10/dist-packages/airflow/example_dags/example_dynamic_task_mapping.py
[2023-11-07T19:45:45.773+0000] {processor.py:829} INFO - Processing file /usr/local/lib/python3.10/dist-packages/airflow/example_dags/example_dynamic_task_mapping.py for tasks to queue
[2023-11-07T19:45:45.774+0000] {logging_mixin.py:154} INFO - [2023-11-07T19:45:45.774+0000] {dagbag.py:536} INFO - Filling up the DagBag from /usr/local/lib/python3.10/dist-packages/airflow/example_dags/example_dynamic_task_mapping.py
[2023-11-07T19:45:45.785+0000] {processor.py:839} INFO - DAG(s) dict_keys(['example_dynamic_task_mapping']) retrieved from /usr/local/lib/python3.10/dist-packages/airflow/example_dags/example_dynamic_task_mapping.py
[2023-11-07T19:45:45.803+0000] {logging_mixin.py:154} INFO - [2023-11-07T19:45:45.802+0000] {dag.py:2941} INFO - Sync 1 DAGs
[2023-11-07T19:45:45.821+0000] {logging_mixin.py:154} INFO - [2023-11-07T19:45:45.821+0000] {dag.py:3722} INFO - Setting next_dagrun for example_dynamic_task_mapping to 2022-03-04T00:00:00+00:00, run_after=2022-03-05T00:00:00+00:00
[2023-11-07T19:45:45.848+0000] {processor.py:179} INFO - Processing /usr/local/lib/python3.10/dist-packages/airflow/example_dags/example_dynamic_task_mapping.py took 0.080 seconds
[2023-11-07T19:46:37.678+0000] {processor.py:157} INFO - Started process (PID=4472) to work on /usr/local/lib/python3.10/dist-packages/airflow/example_dags/example_dynamic_task_mapping.py
[2023-11-07T19:46:37.679+0000] {processor.py:829} INFO - Processing file /usr/local/lib/python3.10/dist-packages/airflow/example_dags/example_dynamic_task_mapping.py for tasks to queue
[2023-11-07T19:46:37.680+0000] {logging_mixin.py:154} INFO - [2023-11-07T19:46:37.680+0000] {dagbag.py:536} INFO - Filling up the DagBag from /usr/local/lib/python3.10/dist-packages/airflow/example_dags/example_dynamic_task_mapping.py
[2023-11-07T19:46:37.688+0000] {processor.py:839} INFO - DAG(s) dict_keys(['example_dynamic_task_mapping']) retrieved from /usr/local/lib/python3.10/dist-packages/airflow/example_dags/example_dynamic_task_mapping.py
[2023-11-07T19:46:37.705+0000] {logging_mixin.py:154} INFO - [2023-11-07T19:46:37.705+0000] {dag.py:2941} INFO - Sync 1 DAGs
[2023-11-07T19:46:37.726+0000] {logging_mixin.py:154} INFO - [2023-11-07T19:46:37.725+0000] {dag.py:3722} INFO - Setting next_dagrun for example_dynamic_task_mapping to 2022-03-04T00:00:00+00:00, run_after=2022-03-05T00:00:00+00:00
[2023-11-07T19:46:37.763+0000] {processor.py:179} INFO - Processing /usr/local/lib/python3.10/dist-packages/airflow/example_dags/example_dynamic_task_mapping.py took 0.089 seconds
[2023-11-07T19:47:29.625+0000] {processor.py:157} INFO - Started process (PID=4525) to work on /usr/local/lib/python3.10/dist-packages/airflow/example_dags/example_dynamic_task_mapping.py
[2023-11-07T19:47:29.626+0000] {processor.py:829} INFO - Processing file /usr/local/lib/python3.10/dist-packages/airflow/example_dags/example_dynamic_task_mapping.py for tasks to queue
[2023-11-07T19:47:29.627+0000] {logging_mixin.py:154} INFO - [2023-11-07T19:47:29.627+0000] {dagbag.py:536} INFO - Filling up the DagBag from /usr/local/lib/python3.10/dist-packages/airflow/example_dags/example_dynamic_task_mapping.py
[2023-11-07T19:47:29.638+0000] {processor.py:839} INFO - DAG(s) dict_keys(['example_dynamic_task_mapping']) retrieved from /usr/local/lib/python3.10/dist-packages/airflow/example_dags/example_dynamic_task_mapping.py
[2023-11-07T19:47:29.656+0000] {logging_mixin.py:154} INFO - [2023-11-07T19:47:29.655+0000] {dag.py:2941} INFO - Sync 1 DAGs
[2023-11-07T19:47:29.677+0000] {logging_mixin.py:154} INFO - [2023-11-07T19:47:29.677+0000] {dag.py:3722} INFO - Setting next_dagrun for example_dynamic_task_mapping to 2022-03-04T00:00:00+00:00, run_after=2022-03-05T00:00:00+00:00
[2023-11-07T19:47:29.700+0000] {processor.py:179} INFO - Processing /usr/local/lib/python3.10/dist-packages/airflow/example_dags/example_dynamic_task_mapping.py took 0.078 seconds
[2023-11-07T19:48:19.839+0000] {processor.py:157} INFO - Started process (PID=4575) to work on /usr/local/lib/python3.10/dist-packages/airflow/example_dags/example_dynamic_task_mapping.py
[2023-11-07T19:48:19.840+0000] {processor.py:829} INFO - Processing file /usr/local/lib/python3.10/dist-packages/airflow/example_dags/example_dynamic_task_mapping.py for tasks to queue
[2023-11-07T19:48:19.841+0000] {logging_mixin.py:154} INFO - [2023-11-07T19:48:19.841+0000] {dagbag.py:536} INFO - Filling up the DagBag from /usr/local/lib/python3.10/dist-packages/airflow/example_dags/example_dynamic_task_mapping.py
[2023-11-07T19:48:19.850+0000] {processor.py:839} INFO - DAG(s) dict_keys(['example_dynamic_task_mapping']) retrieved from /usr/local/lib/python3.10/dist-packages/airflow/example_dags/example_dynamic_task_mapping.py
[2023-11-07T19:48:19.867+0000] {logging_mixin.py:154} INFO - [2023-11-07T19:48:19.867+0000] {dag.py:2941} INFO - Sync 1 DAGs
[2023-11-07T19:48:19.892+0000] {logging_mixin.py:154} INFO - [2023-11-07T19:48:19.892+0000] {dag.py:3722} INFO - Setting next_dagrun for example_dynamic_task_mapping to 2022-03-04T00:00:00+00:00, run_after=2022-03-05T00:00:00+00:00
[2023-11-07T19:48:19.915+0000] {processor.py:179} INFO - Processing /usr/local/lib/python3.10/dist-packages/airflow/example_dags/example_dynamic_task_mapping.py took 0.080 seconds
[2023-11-07T19:49:08.268+0000] {processor.py:157} INFO - Started process (PID=4627) to work on /usr/local/lib/python3.10/dist-packages/airflow/example_dags/example_dynamic_task_mapping.py
[2023-11-07T19:49:08.269+0000] {processor.py:829} INFO - Processing file /usr/local/lib/python3.10/dist-packages/airflow/example_dags/example_dynamic_task_mapping.py for tasks to queue
[2023-11-07T19:49:08.270+0000] {logging_mixin.py:154} INFO - [2023-11-07T19:49:08.270+0000] {dagbag.py:536} INFO - Filling up the DagBag from /usr/local/lib/python3.10/dist-packages/airflow/example_dags/example_dynamic_task_mapping.py
[2023-11-07T19:49:08.279+0000] {processor.py:839} INFO - DAG(s) dict_keys(['example_dynamic_task_mapping']) retrieved from /usr/local/lib/python3.10/dist-packages/airflow/example_dags/example_dynamic_task_mapping.py
[2023-11-07T19:49:08.296+0000] {logging_mixin.py:154} INFO - [2023-11-07T19:49:08.296+0000] {dag.py:2941} INFO - Sync 1 DAGs
[2023-11-07T19:49:08.317+0000] {logging_mixin.py:154} INFO - [2023-11-07T19:49:08.317+0000] {dag.py:3722} INFO - Setting next_dagrun for example_dynamic_task_mapping to 2022-03-04T00:00:00+00:00, run_after=2022-03-05T00:00:00+00:00
[2023-11-07T19:49:08.358+0000] {processor.py:179} INFO - Processing /usr/local/lib/python3.10/dist-packages/airflow/example_dags/example_dynamic_task_mapping.py took 0.093 seconds
[2023-11-07T19:49:54.864+0000] {processor.py:157} INFO - Started process (PID=4675) to work on /usr/local/lib/python3.10/dist-packages/airflow/example_dags/example_dynamic_task_mapping.py
[2023-11-07T19:49:54.866+0000] {processor.py:829} INFO - Processing file /usr/local/lib/python3.10/dist-packages/airflow/example_dags/example_dynamic_task_mapping.py for tasks to queue
[2023-11-07T19:49:54.867+0000] {logging_mixin.py:154} INFO - [2023-11-07T19:49:54.866+0000] {dagbag.py:536} INFO - Filling up the DagBag from /usr/local/lib/python3.10/dist-packages/airflow/example_dags/example_dynamic_task_mapping.py
[2023-11-07T19:49:54.875+0000] {processor.py:839} INFO - DAG(s) dict_keys(['example_dynamic_task_mapping']) retrieved from /usr/local/lib/python3.10/dist-packages/airflow/example_dags/example_dynamic_task_mapping.py
[2023-11-07T19:49:54.896+0000] {logging_mixin.py:154} INFO - [2023-11-07T19:49:54.896+0000] {dag.py:2941} INFO - Sync 1 DAGs
[2023-11-07T19:49:54.915+0000] {logging_mixin.py:154} INFO - [2023-11-07T19:49:54.915+0000] {dag.py:3722} INFO - Setting next_dagrun for example_dynamic_task_mapping to 2022-03-04T00:00:00+00:00, run_after=2022-03-05T00:00:00+00:00
[2023-11-07T19:49:54.937+0000] {processor.py:179} INFO - Processing /usr/local/lib/python3.10/dist-packages/airflow/example_dags/example_dynamic_task_mapping.py took 0.081 seconds
[2023-11-07T19:50:44.454+0000] {processor.py:157} INFO - Started process (PID=4726) to work on /usr/local/lib/python3.10/dist-packages/airflow/example_dags/example_dynamic_task_mapping.py
[2023-11-07T19:50:44.455+0000] {processor.py:829} INFO - Processing file /usr/local/lib/python3.10/dist-packages/airflow/example_dags/example_dynamic_task_mapping.py for tasks to queue
[2023-11-07T19:50:44.456+0000] {logging_mixin.py:154} INFO - [2023-11-07T19:50:44.455+0000] {dagbag.py:536} INFO - Filling up the DagBag from /usr/local/lib/python3.10/dist-packages/airflow/example_dags/example_dynamic_task_mapping.py
[2023-11-07T19:50:44.464+0000] {processor.py:839} INFO - DAG(s) dict_keys(['example_dynamic_task_mapping']) retrieved from /usr/local/lib/python3.10/dist-packages/airflow/example_dags/example_dynamic_task_mapping.py
[2023-11-07T19:50:44.482+0000] {logging_mixin.py:154} INFO - [2023-11-07T19:50:44.482+0000] {dag.py:2941} INFO - Sync 1 DAGs
[2023-11-07T19:50:44.503+0000] {logging_mixin.py:154} INFO - [2023-11-07T19:50:44.502+0000] {dag.py:3722} INFO - Setting next_dagrun for example_dynamic_task_mapping to 2022-03-04T00:00:00+00:00, run_after=2022-03-05T00:00:00+00:00
[2023-11-07T19:50:44.526+0000] {processor.py:179} INFO - Processing /usr/local/lib/python3.10/dist-packages/airflow/example_dags/example_dynamic_task_mapping.py took 0.076 seconds
[2023-11-07T19:51:35.039+0000] {processor.py:157} INFO - Started process (PID=4778) to work on /usr/local/lib/python3.10/dist-packages/airflow/example_dags/example_dynamic_task_mapping.py
[2023-11-07T19:51:35.041+0000] {processor.py:829} INFO - Processing file /usr/local/lib/python3.10/dist-packages/airflow/example_dags/example_dynamic_task_mapping.py for tasks to queue
[2023-11-07T19:51:35.042+0000] {logging_mixin.py:154} INFO - [2023-11-07T19:51:35.041+0000] {dagbag.py:536} INFO - Filling up the DagBag from /usr/local/lib/python3.10/dist-packages/airflow/example_dags/example_dynamic_task_mapping.py
[2023-11-07T19:51:35.051+0000] {processor.py:839} INFO - DAG(s) dict_keys(['example_dynamic_task_mapping']) retrieved from /usr/local/lib/python3.10/dist-packages/airflow/example_dags/example_dynamic_task_mapping.py
[2023-11-07T19:51:35.078+0000] {logging_mixin.py:154} INFO - [2023-11-07T19:51:35.076+0000] {dag.py:2941} INFO - Sync 1 DAGs
[2023-11-07T19:51:35.116+0000] {logging_mixin.py:154} INFO - [2023-11-07T19:51:35.116+0000] {dag.py:3722} INFO - Setting next_dagrun for example_dynamic_task_mapping to 2022-03-04T00:00:00+00:00, run_after=2022-03-05T00:00:00+00:00
[2023-11-07T19:51:35.145+0000] {processor.py:179} INFO - Processing /usr/local/lib/python3.10/dist-packages/airflow/example_dags/example_dynamic_task_mapping.py took 0.108 seconds
[2023-11-07T19:52:27.523+0000] {processor.py:157} INFO - Started process (PID=4831) to work on /usr/local/lib/python3.10/dist-packages/airflow/example_dags/example_dynamic_task_mapping.py
[2023-11-07T19:52:27.526+0000] {processor.py:829} INFO - Processing file /usr/local/lib/python3.10/dist-packages/airflow/example_dags/example_dynamic_task_mapping.py for tasks to queue
[2023-11-07T19:52:27.526+0000] {logging_mixin.py:154} INFO - [2023-11-07T19:52:27.526+0000] {dagbag.py:536} INFO - Filling up the DagBag from /usr/local/lib/python3.10/dist-packages/airflow/example_dags/example_dynamic_task_mapping.py
[2023-11-07T19:52:27.540+0000] {processor.py:839} INFO - DAG(s) dict_keys(['example_dynamic_task_mapping']) retrieved from /usr/local/lib/python3.10/dist-packages/airflow/example_dags/example_dynamic_task_mapping.py
[2023-11-07T19:52:27.561+0000] {logging_mixin.py:154} INFO - [2023-11-07T19:52:27.561+0000] {dag.py:2941} INFO - Sync 1 DAGs
[2023-11-07T19:52:27.583+0000] {logging_mixin.py:154} INFO - [2023-11-07T19:52:27.583+0000] {dag.py:3722} INFO - Setting next_dagrun for example_dynamic_task_mapping to 2022-03-04T00:00:00+00:00, run_after=2022-03-05T00:00:00+00:00
[2023-11-07T19:52:27.604+0000] {processor.py:179} INFO - Processing /usr/local/lib/python3.10/dist-packages/airflow/example_dags/example_dynamic_task_mapping.py took 0.087 seconds
[2023-11-07T19:53:20.853+0000] {processor.py:157} INFO - Started process (PID=4884) to work on /usr/local/lib/python3.10/dist-packages/airflow/example_dags/example_dynamic_task_mapping.py
[2023-11-07T19:53:20.855+0000] {processor.py:829} INFO - Processing file /usr/local/lib/python3.10/dist-packages/airflow/example_dags/example_dynamic_task_mapping.py for tasks to queue
[2023-11-07T19:53:20.855+0000] {logging_mixin.py:154} INFO - [2023-11-07T19:53:20.855+0000] {dagbag.py:536} INFO - Filling up the DagBag from /usr/local/lib/python3.10/dist-packages/airflow/example_dags/example_dynamic_task_mapping.py
[2023-11-07T19:53:20.863+0000] {processor.py:839} INFO - DAG(s) dict_keys(['example_dynamic_task_mapping']) retrieved from /usr/local/lib/python3.10/dist-packages/airflow/example_dags/example_dynamic_task_mapping.py
[2023-11-07T19:53:20.879+0000] {logging_mixin.py:154} INFO - [2023-11-07T19:53:20.879+0000] {dag.py:2941} INFO - Sync 1 DAGs
[2023-11-07T19:53:20.923+0000] {logging_mixin.py:154} INFO - [2023-11-07T19:53:20.923+0000] {dag.py:3722} INFO - Setting next_dagrun for example_dynamic_task_mapping to 2022-03-04T00:00:00+00:00, run_after=2022-03-05T00:00:00+00:00
[2023-11-07T19:53:20.954+0000] {processor.py:179} INFO - Processing /usr/local/lib/python3.10/dist-packages/airflow/example_dags/example_dynamic_task_mapping.py took 0.104 seconds
[2023-11-07T19:54:13.890+0000] {processor.py:157} INFO - Started process (PID=4937) to work on /usr/local/lib/python3.10/dist-packages/airflow/example_dags/example_dynamic_task_mapping.py
[2023-11-07T19:54:13.892+0000] {processor.py:829} INFO - Processing file /usr/local/lib/python3.10/dist-packages/airflow/example_dags/example_dynamic_task_mapping.py for tasks to queue
[2023-11-07T19:54:13.897+0000] {logging_mixin.py:154} INFO - [2023-11-07T19:54:13.893+0000] {dagbag.py:536} INFO - Filling up the DagBag from /usr/local/lib/python3.10/dist-packages/airflow/example_dags/example_dynamic_task_mapping.py
[2023-11-07T19:54:13.908+0000] {processor.py:839} INFO - DAG(s) dict_keys(['example_dynamic_task_mapping']) retrieved from /usr/local/lib/python3.10/dist-packages/airflow/example_dags/example_dynamic_task_mapping.py
[2023-11-07T19:54:13.924+0000] {logging_mixin.py:154} INFO - [2023-11-07T19:54:13.923+0000] {dag.py:2941} INFO - Sync 1 DAGs
[2023-11-07T19:54:13.944+0000] {logging_mixin.py:154} INFO - [2023-11-07T19:54:13.944+0000] {dag.py:3722} INFO - Setting next_dagrun for example_dynamic_task_mapping to 2022-03-04T00:00:00+00:00, run_after=2022-03-05T00:00:00+00:00
[2023-11-07T19:54:13.971+0000] {processor.py:179} INFO - Processing /usr/local/lib/python3.10/dist-packages/airflow/example_dags/example_dynamic_task_mapping.py took 0.091 seconds
[2023-11-07T19:55:05.541+0000] {processor.py:157} INFO - Started process (PID=4989) to work on /usr/local/lib/python3.10/dist-packages/airflow/example_dags/example_dynamic_task_mapping.py
[2023-11-07T19:55:05.542+0000] {processor.py:829} INFO - Processing file /usr/local/lib/python3.10/dist-packages/airflow/example_dags/example_dynamic_task_mapping.py for tasks to queue
[2023-11-07T19:55:05.543+0000] {logging_mixin.py:154} INFO - [2023-11-07T19:55:05.542+0000] {dagbag.py:536} INFO - Filling up the DagBag from /usr/local/lib/python3.10/dist-packages/airflow/example_dags/example_dynamic_task_mapping.py
[2023-11-07T19:55:05.551+0000] {processor.py:839} INFO - DAG(s) dict_keys(['example_dynamic_task_mapping']) retrieved from /usr/local/lib/python3.10/dist-packages/airflow/example_dags/example_dynamic_task_mapping.py
[2023-11-07T19:55:05.566+0000] {logging_mixin.py:154} INFO - [2023-11-07T19:55:05.566+0000] {dag.py:2941} INFO - Sync 1 DAGs
[2023-11-07T19:55:05.586+0000] {logging_mixin.py:154} INFO - [2023-11-07T19:55:05.585+0000] {dag.py:3722} INFO - Setting next_dagrun for example_dynamic_task_mapping to 2022-03-04T00:00:00+00:00, run_after=2022-03-05T00:00:00+00:00
[2023-11-07T19:55:05.610+0000] {processor.py:179} INFO - Processing /usr/local/lib/python3.10/dist-packages/airflow/example_dags/example_dynamic_task_mapping.py took 0.073 seconds
[2023-11-07T19:55:58.709+0000] {processor.py:157} INFO - Started process (PID=5042) to work on /usr/local/lib/python3.10/dist-packages/airflow/example_dags/example_dynamic_task_mapping.py
[2023-11-07T19:55:58.710+0000] {processor.py:829} INFO - Processing file /usr/local/lib/python3.10/dist-packages/airflow/example_dags/example_dynamic_task_mapping.py for tasks to queue
[2023-11-07T19:55:58.711+0000] {logging_mixin.py:154} INFO - [2023-11-07T19:55:58.711+0000] {dagbag.py:536} INFO - Filling up the DagBag from /usr/local/lib/python3.10/dist-packages/airflow/example_dags/example_dynamic_task_mapping.py
[2023-11-07T19:55:58.720+0000] {processor.py:839} INFO - DAG(s) dict_keys(['example_dynamic_task_mapping']) retrieved from /usr/local/lib/python3.10/dist-packages/airflow/example_dags/example_dynamic_task_mapping.py
[2023-11-07T19:55:58.735+0000] {logging_mixin.py:154} INFO - [2023-11-07T19:55:58.735+0000] {dag.py:2941} INFO - Sync 1 DAGs
[2023-11-07T19:55:58.753+0000] {logging_mixin.py:154} INFO - [2023-11-07T19:55:58.753+0000] {dag.py:3722} INFO - Setting next_dagrun for example_dynamic_task_mapping to 2022-03-04T00:00:00+00:00, run_after=2022-03-05T00:00:00+00:00
[2023-11-07T19:55:58.778+0000] {processor.py:179} INFO - Processing /usr/local/lib/python3.10/dist-packages/airflow/example_dags/example_dynamic_task_mapping.py took 0.072 seconds
[2023-11-07T19:56:51.919+0000] {processor.py:157} INFO - Started process (PID=5095) to work on /usr/local/lib/python3.10/dist-packages/airflow/example_dags/example_dynamic_task_mapping.py
[2023-11-07T19:56:51.920+0000] {processor.py:829} INFO - Processing file /usr/local/lib/python3.10/dist-packages/airflow/example_dags/example_dynamic_task_mapping.py for tasks to queue
[2023-11-07T19:56:51.921+0000] {logging_mixin.py:154} INFO - [2023-11-07T19:56:51.921+0000] {dagbag.py:536} INFO - Filling up the DagBag from /usr/local/lib/python3.10/dist-packages/airflow/example_dags/example_dynamic_task_mapping.py
[2023-11-07T19:56:51.930+0000] {processor.py:839} INFO - DAG(s) dict_keys(['example_dynamic_task_mapping']) retrieved from /usr/local/lib/python3.10/dist-packages/airflow/example_dags/example_dynamic_task_mapping.py
[2023-11-07T19:56:51.945+0000] {logging_mixin.py:154} INFO - [2023-11-07T19:56:51.945+0000] {dag.py:2941} INFO - Sync 1 DAGs
[2023-11-07T19:56:51.964+0000] {logging_mixin.py:154} INFO - [2023-11-07T19:56:51.964+0000] {dag.py:3722} INFO - Setting next_dagrun for example_dynamic_task_mapping to 2022-03-04T00:00:00+00:00, run_after=2022-03-05T00:00:00+00:00
[2023-11-07T19:56:51.989+0000] {processor.py:179} INFO - Processing /usr/local/lib/python3.10/dist-packages/airflow/example_dags/example_dynamic_task_mapping.py took 0.076 seconds
[2023-11-07T19:57:45.328+0000] {processor.py:157} INFO - Started process (PID=5148) to work on /usr/local/lib/python3.10/dist-packages/airflow/example_dags/example_dynamic_task_mapping.py
[2023-11-07T19:57:45.331+0000] {processor.py:829} INFO - Processing file /usr/local/lib/python3.10/dist-packages/airflow/example_dags/example_dynamic_task_mapping.py for tasks to queue
[2023-11-07T19:57:45.332+0000] {logging_mixin.py:154} INFO - [2023-11-07T19:57:45.332+0000] {dagbag.py:536} INFO - Filling up the DagBag from /usr/local/lib/python3.10/dist-packages/airflow/example_dags/example_dynamic_task_mapping.py
[2023-11-07T19:57:45.343+0000] {processor.py:839} INFO - DAG(s) dict_keys(['example_dynamic_task_mapping']) retrieved from /usr/local/lib/python3.10/dist-packages/airflow/example_dags/example_dynamic_task_mapping.py
[2023-11-07T19:57:45.362+0000] {logging_mixin.py:154} INFO - [2023-11-07T19:57:45.362+0000] {dag.py:2941} INFO - Sync 1 DAGs
[2023-11-07T19:57:45.381+0000] {logging_mixin.py:154} INFO - [2023-11-07T19:57:45.381+0000] {dag.py:3722} INFO - Setting next_dagrun for example_dynamic_task_mapping to 2022-03-04T00:00:00+00:00, run_after=2022-03-05T00:00:00+00:00
[2023-11-07T19:57:45.408+0000] {processor.py:179} INFO - Processing /usr/local/lib/python3.10/dist-packages/airflow/example_dags/example_dynamic_task_mapping.py took 0.083 seconds
[2023-11-07T19:58:32.277+0000] {processor.py:157} INFO - Started process (PID=5196) to work on /usr/local/lib/python3.10/dist-packages/airflow/example_dags/example_dynamic_task_mapping.py
[2023-11-07T19:58:32.278+0000] {processor.py:829} INFO - Processing file /usr/local/lib/python3.10/dist-packages/airflow/example_dags/example_dynamic_task_mapping.py for tasks to queue
[2023-11-07T19:58:32.279+0000] {logging_mixin.py:154} INFO - [2023-11-07T19:58:32.279+0000] {dagbag.py:536} INFO - Filling up the DagBag from /usr/local/lib/python3.10/dist-packages/airflow/example_dags/example_dynamic_task_mapping.py
[2023-11-07T19:58:32.292+0000] {processor.py:839} INFO - DAG(s) dict_keys(['example_dynamic_task_mapping']) retrieved from /usr/local/lib/python3.10/dist-packages/airflow/example_dags/example_dynamic_task_mapping.py
[2023-11-07T19:58:32.317+0000] {logging_mixin.py:154} INFO - [2023-11-07T19:58:32.317+0000] {dag.py:2941} INFO - Sync 1 DAGs
[2023-11-07T19:58:32.339+0000] {logging_mixin.py:154} INFO - [2023-11-07T19:58:32.339+0000] {dag.py:3722} INFO - Setting next_dagrun for example_dynamic_task_mapping to 2022-03-04T00:00:00+00:00, run_after=2022-03-05T00:00:00+00:00
[2023-11-07T19:58:32.360+0000] {processor.py:179} INFO - Processing /usr/local/lib/python3.10/dist-packages/airflow/example_dags/example_dynamic_task_mapping.py took 0.087 seconds
[2023-11-07T19:59:24.215+0000] {processor.py:157} INFO - Started process (PID=5248) to work on /usr/local/lib/python3.10/dist-packages/airflow/example_dags/example_dynamic_task_mapping.py
[2023-11-07T19:59:24.216+0000] {processor.py:829} INFO - Processing file /usr/local/lib/python3.10/dist-packages/airflow/example_dags/example_dynamic_task_mapping.py for tasks to queue
[2023-11-07T19:59:24.217+0000] {logging_mixin.py:154} INFO - [2023-11-07T19:59:24.216+0000] {dagbag.py:536} INFO - Filling up the DagBag from /usr/local/lib/python3.10/dist-packages/airflow/example_dags/example_dynamic_task_mapping.py
[2023-11-07T19:59:24.225+0000] {processor.py:839} INFO - DAG(s) dict_keys(['example_dynamic_task_mapping']) retrieved from /usr/local/lib/python3.10/dist-packages/airflow/example_dags/example_dynamic_task_mapping.py
[2023-11-07T19:59:24.242+0000] {logging_mixin.py:154} INFO - [2023-11-07T19:59:24.242+0000] {dag.py:2941} INFO - Sync 1 DAGs
[2023-11-07T19:59:24.261+0000] {logging_mixin.py:154} INFO - [2023-11-07T19:59:24.260+0000] {dag.py:3722} INFO - Setting next_dagrun for example_dynamic_task_mapping to 2022-03-04T00:00:00+00:00, run_after=2022-03-05T00:00:00+00:00
[2023-11-07T19:59:24.283+0000] {processor.py:179} INFO - Processing /usr/local/lib/python3.10/dist-packages/airflow/example_dags/example_dynamic_task_mapping.py took 0.072 seconds
[2023-11-07T20:00:15.264+0000] {processor.py:157} INFO - Started process (PID=5300) to work on /usr/local/lib/python3.10/dist-packages/airflow/example_dags/example_dynamic_task_mapping.py
[2023-11-07T20:00:15.265+0000] {processor.py:829} INFO - Processing file /usr/local/lib/python3.10/dist-packages/airflow/example_dags/example_dynamic_task_mapping.py for tasks to queue
[2023-11-07T20:00:15.266+0000] {logging_mixin.py:154} INFO - [2023-11-07T20:00:15.266+0000] {dagbag.py:536} INFO - Filling up the DagBag from /usr/local/lib/python3.10/dist-packages/airflow/example_dags/example_dynamic_task_mapping.py
[2023-11-07T20:00:15.285+0000] {processor.py:839} INFO - DAG(s) dict_keys(['example_dynamic_task_mapping']) retrieved from /usr/local/lib/python3.10/dist-packages/airflow/example_dags/example_dynamic_task_mapping.py
[2023-11-07T20:00:15.307+0000] {logging_mixin.py:154} INFO - [2023-11-07T20:00:15.306+0000] {dag.py:2941} INFO - Sync 1 DAGs
[2023-11-07T20:00:15.326+0000] {logging_mixin.py:154} INFO - [2023-11-07T20:00:15.326+0000] {dag.py:3722} INFO - Setting next_dagrun for example_dynamic_task_mapping to 2022-03-04T00:00:00+00:00, run_after=2022-03-05T00:00:00+00:00
[2023-11-07T20:00:15.351+0000] {processor.py:179} INFO - Processing /usr/local/lib/python3.10/dist-packages/airflow/example_dags/example_dynamic_task_mapping.py took 0.098 seconds
[2023-11-07T20:01:10.169+0000] {processor.py:157} INFO - Started process (PID=5354) to work on /usr/local/lib/python3.10/dist-packages/airflow/example_dags/example_dynamic_task_mapping.py
[2023-11-07T20:01:10.174+0000] {processor.py:829} INFO - Processing file /usr/local/lib/python3.10/dist-packages/airflow/example_dags/example_dynamic_task_mapping.py for tasks to queue
[2023-11-07T20:01:10.175+0000] {logging_mixin.py:154} INFO - [2023-11-07T20:01:10.174+0000] {dagbag.py:536} INFO - Filling up the DagBag from /usr/local/lib/python3.10/dist-packages/airflow/example_dags/example_dynamic_task_mapping.py
[2023-11-07T20:01:10.193+0000] {processor.py:839} INFO - DAG(s) dict_keys(['example_dynamic_task_mapping']) retrieved from /usr/local/lib/python3.10/dist-packages/airflow/example_dags/example_dynamic_task_mapping.py
[2023-11-07T20:01:10.232+0000] {logging_mixin.py:154} INFO - [2023-11-07T20:01:10.232+0000] {dag.py:2941} INFO - Sync 1 DAGs
[2023-11-07T20:01:10.263+0000] {logging_mixin.py:154} INFO - [2023-11-07T20:01:10.262+0000] {dag.py:3722} INFO - Setting next_dagrun for example_dynamic_task_mapping to 2022-03-04T00:00:00+00:00, run_after=2022-03-05T00:00:00+00:00
[2023-11-07T20:01:10.290+0000] {processor.py:179} INFO - Processing /usr/local/lib/python3.10/dist-packages/airflow/example_dags/example_dynamic_task_mapping.py took 0.125 seconds
[2023-11-07T20:01:54.036+0000] {processor.py:157} INFO - Started process (PID=5401) to work on /usr/local/lib/python3.10/dist-packages/airflow/example_dags/example_dynamic_task_mapping.py
[2023-11-07T20:01:54.037+0000] {processor.py:829} INFO - Processing file /usr/local/lib/python3.10/dist-packages/airflow/example_dags/example_dynamic_task_mapping.py for tasks to queue
[2023-11-07T20:01:54.039+0000] {logging_mixin.py:154} INFO - [2023-11-07T20:01:54.038+0000] {dagbag.py:536} INFO - Filling up the DagBag from /usr/local/lib/python3.10/dist-packages/airflow/example_dags/example_dynamic_task_mapping.py
[2023-11-07T20:01:54.048+0000] {processor.py:839} INFO - DAG(s) dict_keys(['example_dynamic_task_mapping']) retrieved from /usr/local/lib/python3.10/dist-packages/airflow/example_dags/example_dynamic_task_mapping.py
[2023-11-07T20:01:54.066+0000] {logging_mixin.py:154} INFO - [2023-11-07T20:01:54.066+0000] {dag.py:2941} INFO - Sync 1 DAGs
[2023-11-07T20:01:54.093+0000] {logging_mixin.py:154} INFO - [2023-11-07T20:01:54.092+0000] {dag.py:3722} INFO - Setting next_dagrun for example_dynamic_task_mapping to 2022-03-04T00:00:00+00:00, run_after=2022-03-05T00:00:00+00:00
[2023-11-07T20:01:54.114+0000] {processor.py:179} INFO - Processing /usr/local/lib/python3.10/dist-packages/airflow/example_dags/example_dynamic_task_mapping.py took 0.085 seconds
[2023-11-07T20:02:42.824+0000] {processor.py:157} INFO - Started process (PID=5451) to work on /usr/local/lib/python3.10/dist-packages/airflow/example_dags/example_dynamic_task_mapping.py
[2023-11-07T20:02:42.825+0000] {processor.py:829} INFO - Processing file /usr/local/lib/python3.10/dist-packages/airflow/example_dags/example_dynamic_task_mapping.py for tasks to queue
[2023-11-07T20:02:42.826+0000] {logging_mixin.py:154} INFO - [2023-11-07T20:02:42.826+0000] {dagbag.py:536} INFO - Filling up the DagBag from /usr/local/lib/python3.10/dist-packages/airflow/example_dags/example_dynamic_task_mapping.py
[2023-11-07T20:02:42.833+0000] {processor.py:839} INFO - DAG(s) dict_keys(['example_dynamic_task_mapping']) retrieved from /usr/local/lib/python3.10/dist-packages/airflow/example_dags/example_dynamic_task_mapping.py
[2023-11-07T20:02:42.848+0000] {logging_mixin.py:154} INFO - [2023-11-07T20:02:42.847+0000] {dag.py:2941} INFO - Sync 1 DAGs
[2023-11-07T20:02:42.865+0000] {logging_mixin.py:154} INFO - [2023-11-07T20:02:42.865+0000] {dag.py:3722} INFO - Setting next_dagrun for example_dynamic_task_mapping to 2022-03-04T00:00:00+00:00, run_after=2022-03-05T00:00:00+00:00
[2023-11-07T20:02:42.884+0000] {processor.py:179} INFO - Processing /usr/local/lib/python3.10/dist-packages/airflow/example_dags/example_dynamic_task_mapping.py took 0.065 seconds
[2023-11-07T20:03:31.240+0000] {processor.py:157} INFO - Started process (PID=5502) to work on /usr/local/lib/python3.10/dist-packages/airflow/example_dags/example_dynamic_task_mapping.py
[2023-11-07T20:03:31.241+0000] {processor.py:829} INFO - Processing file /usr/local/lib/python3.10/dist-packages/airflow/example_dags/example_dynamic_task_mapping.py for tasks to queue
[2023-11-07T20:03:31.242+0000] {logging_mixin.py:154} INFO - [2023-11-07T20:03:31.242+0000] {dagbag.py:536} INFO - Filling up the DagBag from /usr/local/lib/python3.10/dist-packages/airflow/example_dags/example_dynamic_task_mapping.py
[2023-11-07T20:03:31.251+0000] {processor.py:839} INFO - DAG(s) dict_keys(['example_dynamic_task_mapping']) retrieved from /usr/local/lib/python3.10/dist-packages/airflow/example_dags/example_dynamic_task_mapping.py
[2023-11-07T20:03:31.270+0000] {logging_mixin.py:154} INFO - [2023-11-07T20:03:31.269+0000] {dag.py:2941} INFO - Sync 1 DAGs
[2023-11-07T20:03:31.294+0000] {logging_mixin.py:154} INFO - [2023-11-07T20:03:31.294+0000] {dag.py:3722} INFO - Setting next_dagrun for example_dynamic_task_mapping to 2022-03-04T00:00:00+00:00, run_after=2022-03-05T00:00:00+00:00
[2023-11-07T20:03:31.320+0000] {processor.py:179} INFO - Processing /usr/local/lib/python3.10/dist-packages/airflow/example_dags/example_dynamic_task_mapping.py took 0.084 seconds
[2023-11-07T20:04:20.304+0000] {processor.py:157} INFO - Started process (PID=5553) to work on /usr/local/lib/python3.10/dist-packages/airflow/example_dags/example_dynamic_task_mapping.py
[2023-11-07T20:04:20.305+0000] {processor.py:829} INFO - Processing file /usr/local/lib/python3.10/dist-packages/airflow/example_dags/example_dynamic_task_mapping.py for tasks to queue
[2023-11-07T20:04:20.306+0000] {logging_mixin.py:154} INFO - [2023-11-07T20:04:20.306+0000] {dagbag.py:536} INFO - Filling up the DagBag from /usr/local/lib/python3.10/dist-packages/airflow/example_dags/example_dynamic_task_mapping.py
[2023-11-07T20:04:20.314+0000] {processor.py:839} INFO - DAG(s) dict_keys(['example_dynamic_task_mapping']) retrieved from /usr/local/lib/python3.10/dist-packages/airflow/example_dags/example_dynamic_task_mapping.py
[2023-11-07T20:04:20.329+0000] {logging_mixin.py:154} INFO - [2023-11-07T20:04:20.329+0000] {dag.py:2941} INFO - Sync 1 DAGs
[2023-11-07T20:04:20.349+0000] {logging_mixin.py:154} INFO - [2023-11-07T20:04:20.348+0000] {dag.py:3722} INFO - Setting next_dagrun for example_dynamic_task_mapping to 2022-03-04T00:00:00+00:00, run_after=2022-03-05T00:00:00+00:00
[2023-11-07T20:04:20.371+0000] {processor.py:179} INFO - Processing /usr/local/lib/python3.10/dist-packages/airflow/example_dags/example_dynamic_task_mapping.py took 0.070 seconds
[2023-11-07T20:05:08.348+0000] {processor.py:157} INFO - Started process (PID=5602) to work on /usr/local/lib/python3.10/dist-packages/airflow/example_dags/example_dynamic_task_mapping.py
[2023-11-07T20:05:08.349+0000] {processor.py:829} INFO - Processing file /usr/local/lib/python3.10/dist-packages/airflow/example_dags/example_dynamic_task_mapping.py for tasks to queue
[2023-11-07T20:05:08.350+0000] {logging_mixin.py:154} INFO - [2023-11-07T20:05:08.349+0000] {dagbag.py:536} INFO - Filling up the DagBag from /usr/local/lib/python3.10/dist-packages/airflow/example_dags/example_dynamic_task_mapping.py
[2023-11-07T20:05:08.360+0000] {processor.py:839} INFO - DAG(s) dict_keys(['example_dynamic_task_mapping']) retrieved from /usr/local/lib/python3.10/dist-packages/airflow/example_dags/example_dynamic_task_mapping.py
[2023-11-07T20:05:08.377+0000] {logging_mixin.py:154} INFO - [2023-11-07T20:05:08.377+0000] {dag.py:2941} INFO - Sync 1 DAGs
[2023-11-07T20:05:08.402+0000] {logging_mixin.py:154} INFO - [2023-11-07T20:05:08.402+0000] {dag.py:3722} INFO - Setting next_dagrun for example_dynamic_task_mapping to 2022-03-04T00:00:00+00:00, run_after=2022-03-05T00:00:00+00:00
[2023-11-07T20:05:08.443+0000] {processor.py:179} INFO - Processing /usr/local/lib/python3.10/dist-packages/airflow/example_dags/example_dynamic_task_mapping.py took 0.099 seconds
[2023-11-07T20:05:59.925+0000] {processor.py:157} INFO - Started process (PID=5654) to work on /usr/local/lib/python3.10/dist-packages/airflow/example_dags/example_dynamic_task_mapping.py
[2023-11-07T20:05:59.927+0000] {processor.py:829} INFO - Processing file /usr/local/lib/python3.10/dist-packages/airflow/example_dags/example_dynamic_task_mapping.py for tasks to queue
[2023-11-07T20:05:59.927+0000] {logging_mixin.py:154} INFO - [2023-11-07T20:05:59.927+0000] {dagbag.py:536} INFO - Filling up the DagBag from /usr/local/lib/python3.10/dist-packages/airflow/example_dags/example_dynamic_task_mapping.py
[2023-11-07T20:05:59.935+0000] {processor.py:839} INFO - DAG(s) dict_keys(['example_dynamic_task_mapping']) retrieved from /usr/local/lib/python3.10/dist-packages/airflow/example_dags/example_dynamic_task_mapping.py
[2023-11-07T20:05:59.955+0000] {logging_mixin.py:154} INFO - [2023-11-07T20:05:59.952+0000] {dag.py:2941} INFO - Sync 1 DAGs
[2023-11-07T20:05:59.987+0000] {logging_mixin.py:154} INFO - [2023-11-07T20:05:59.986+0000] {dag.py:3722} INFO - Setting next_dagrun for example_dynamic_task_mapping to 2022-03-04T00:00:00+00:00, run_after=2022-03-05T00:00:00+00:00
[2023-11-07T20:06:00.050+0000] {processor.py:179} INFO - Processing /usr/local/lib/python3.10/dist-packages/airflow/example_dags/example_dynamic_task_mapping.py took 0.127 seconds
[2023-11-07T20:06:47.216+0000] {processor.py:157} INFO - Started process (PID=5704) to work on /usr/local/lib/python3.10/dist-packages/airflow/example_dags/example_dynamic_task_mapping.py
[2023-11-07T20:06:47.218+0000] {processor.py:829} INFO - Processing file /usr/local/lib/python3.10/dist-packages/airflow/example_dags/example_dynamic_task_mapping.py for tasks to queue
[2023-11-07T20:06:47.218+0000] {logging_mixin.py:154} INFO - [2023-11-07T20:06:47.218+0000] {dagbag.py:536} INFO - Filling up the DagBag from /usr/local/lib/python3.10/dist-packages/airflow/example_dags/example_dynamic_task_mapping.py
[2023-11-07T20:06:47.227+0000] {processor.py:839} INFO - DAG(s) dict_keys(['example_dynamic_task_mapping']) retrieved from /usr/local/lib/python3.10/dist-packages/airflow/example_dags/example_dynamic_task_mapping.py
[2023-11-07T20:06:47.243+0000] {logging_mixin.py:154} INFO - [2023-11-07T20:06:47.242+0000] {dag.py:2941} INFO - Sync 1 DAGs
[2023-11-07T20:06:47.261+0000] {logging_mixin.py:154} INFO - [2023-11-07T20:06:47.261+0000] {dag.py:3722} INFO - Setting next_dagrun for example_dynamic_task_mapping to 2022-03-04T00:00:00+00:00, run_after=2022-03-05T00:00:00+00:00
[2023-11-07T20:06:47.286+0000] {processor.py:179} INFO - Processing /usr/local/lib/python3.10/dist-packages/airflow/example_dags/example_dynamic_task_mapping.py took 0.073 seconds
[2023-11-07T20:07:39.168+0000] {processor.py:157} INFO - Started process (PID=5759) to work on /usr/local/lib/python3.10/dist-packages/airflow/example_dags/example_dynamic_task_mapping.py
[2023-11-07T20:07:39.170+0000] {processor.py:829} INFO - Processing file /usr/local/lib/python3.10/dist-packages/airflow/example_dags/example_dynamic_task_mapping.py for tasks to queue
[2023-11-07T20:07:39.170+0000] {logging_mixin.py:154} INFO - [2023-11-07T20:07:39.170+0000] {dagbag.py:536} INFO - Filling up the DagBag from /usr/local/lib/python3.10/dist-packages/airflow/example_dags/example_dynamic_task_mapping.py
[2023-11-07T20:07:39.178+0000] {processor.py:839} INFO - DAG(s) dict_keys(['example_dynamic_task_mapping']) retrieved from /usr/local/lib/python3.10/dist-packages/airflow/example_dags/example_dynamic_task_mapping.py
[2023-11-07T20:07:39.194+0000] {logging_mixin.py:154} INFO - [2023-11-07T20:07:39.194+0000] {dag.py:2941} INFO - Sync 1 DAGs
[2023-11-07T20:07:39.212+0000] {logging_mixin.py:154} INFO - [2023-11-07T20:07:39.212+0000] {dag.py:3722} INFO - Setting next_dagrun for example_dynamic_task_mapping to 2022-03-04T00:00:00+00:00, run_after=2022-03-05T00:00:00+00:00
[2023-11-07T20:07:39.238+0000] {processor.py:179} INFO - Processing /usr/local/lib/python3.10/dist-packages/airflow/example_dags/example_dynamic_task_mapping.py took 0.074 seconds
