[2023-11-07T19:31:29.518+0000] {processor.py:157} INFO - Started process (PID=3546) to work on /usr/local/lib/python3.10/dist-packages/airflow/example_dags/example_trigger_target_dag.py
[2023-11-07T19:31:29.519+0000] {processor.py:829} INFO - Processing file /usr/local/lib/python3.10/dist-packages/airflow/example_dags/example_trigger_target_dag.py for tasks to queue
[2023-11-07T19:31:29.520+0000] {logging_mixin.py:154} INFO - [2023-11-07T19:31:29.519+0000] {dagbag.py:536} INFO - Filling up the DagBag from /usr/local/lib/python3.10/dist-packages/airflow/example_dags/example_trigger_target_dag.py
[2023-11-07T19:31:29.534+0000] {processor.py:839} INFO - DAG(s) dict_keys(['example_trigger_target_dag']) retrieved from /usr/local/lib/python3.10/dist-packages/airflow/example_dags/example_trigger_target_dag.py
[2023-11-07T19:31:29.704+0000] {logging_mixin.py:154} INFO - [2023-11-07T19:31:29.704+0000] {manager.py:499} INFO - Created Permission View: %s
[2023-11-07T19:31:29.762+0000] {logging_mixin.py:154} INFO - [2023-11-07T19:31:29.762+0000] {manager.py:499} INFO - Created Permission View: %s
[2023-11-07T19:31:29.779+0000] {logging_mixin.py:154} INFO - [2023-11-07T19:31:29.779+0000] {manager.py:499} INFO - Created Permission View: %s
[2023-11-07T19:31:29.779+0000] {logging_mixin.py:154} INFO - [2023-11-07T19:31:29.779+0000] {dag.py:2941} INFO - Sync 1 DAGs
[2023-11-07T19:31:29.795+0000] {logging_mixin.py:154} INFO - [2023-11-07T19:31:29.794+0000] {dag.py:2963} INFO - Creating ORM DAG for example_trigger_target_dag
[2023-11-07T19:31:29.795+0000] {logging_mixin.py:154} INFO - [2023-11-07T19:31:29.795+0000] {dag.py:3722} INFO - Setting next_dagrun for example_trigger_target_dag to None, run_after=None
[2023-11-07T19:31:29.879+0000] {processor.py:179} INFO - Processing /usr/local/lib/python3.10/dist-packages/airflow/example_dags/example_trigger_target_dag.py took 0.365 seconds
[2023-11-07T19:32:24.494+0000] {processor.py:157} INFO - Started process (PID=3597) to work on /usr/local/lib/python3.10/dist-packages/airflow/example_dags/example_trigger_target_dag.py
[2023-11-07T19:32:24.495+0000] {processor.py:829} INFO - Processing file /usr/local/lib/python3.10/dist-packages/airflow/example_dags/example_trigger_target_dag.py for tasks to queue
[2023-11-07T19:32:24.496+0000] {logging_mixin.py:154} INFO - [2023-11-07T19:32:24.495+0000] {dagbag.py:536} INFO - Filling up the DagBag from /usr/local/lib/python3.10/dist-packages/airflow/example_dags/example_trigger_target_dag.py
[2023-11-07T19:32:24.504+0000] {processor.py:839} INFO - DAG(s) dict_keys(['example_trigger_target_dag']) retrieved from /usr/local/lib/python3.10/dist-packages/airflow/example_dags/example_trigger_target_dag.py
[2023-11-07T19:32:24.525+0000] {logging_mixin.py:154} INFO - [2023-11-07T19:32:24.525+0000] {dag.py:2941} INFO - Sync 1 DAGs
[2023-11-07T19:32:24.545+0000] {logging_mixin.py:154} INFO - [2023-11-07T19:32:24.544+0000] {dag.py:3722} INFO - Setting next_dagrun for example_trigger_target_dag to None, run_after=None
[2023-11-07T19:32:24.568+0000] {processor.py:179} INFO - Processing /usr/local/lib/python3.10/dist-packages/airflow/example_dags/example_trigger_target_dag.py took 0.077 seconds
[2023-11-07T19:33:04.267+0000] {processor.py:157} INFO - Started process (PID=3638) to work on /usr/local/lib/python3.10/dist-packages/airflow/example_dags/example_trigger_target_dag.py
[2023-11-07T19:33:04.268+0000] {processor.py:829} INFO - Processing file /usr/local/lib/python3.10/dist-packages/airflow/example_dags/example_trigger_target_dag.py for tasks to queue
[2023-11-07T19:33:04.269+0000] {logging_mixin.py:154} INFO - [2023-11-07T19:33:04.269+0000] {dagbag.py:536} INFO - Filling up the DagBag from /usr/local/lib/python3.10/dist-packages/airflow/example_dags/example_trigger_target_dag.py
[2023-11-07T19:33:04.276+0000] {processor.py:839} INFO - DAG(s) dict_keys(['example_trigger_target_dag']) retrieved from /usr/local/lib/python3.10/dist-packages/airflow/example_dags/example_trigger_target_dag.py
[2023-11-07T19:33:04.298+0000] {logging_mixin.py:154} INFO - [2023-11-07T19:33:04.298+0000] {dag.py:2941} INFO - Sync 1 DAGs
[2023-11-07T19:33:04.312+0000] {logging_mixin.py:154} INFO - [2023-11-07T19:33:04.311+0000] {dag.py:3722} INFO - Setting next_dagrun for example_trigger_target_dag to None, run_after=None
[2023-11-07T19:33:04.334+0000] {processor.py:179} INFO - Processing /usr/local/lib/python3.10/dist-packages/airflow/example_dags/example_trigger_target_dag.py took 0.070 seconds
[2023-11-07T19:33:50.034+0000] {processor.py:157} INFO - Started process (PID=3685) to work on /usr/local/lib/python3.10/dist-packages/airflow/example_dags/example_trigger_target_dag.py
[2023-11-07T19:33:50.035+0000] {processor.py:829} INFO - Processing file /usr/local/lib/python3.10/dist-packages/airflow/example_dags/example_trigger_target_dag.py for tasks to queue
[2023-11-07T19:33:50.036+0000] {logging_mixin.py:154} INFO - [2023-11-07T19:33:50.036+0000] {dagbag.py:536} INFO - Filling up the DagBag from /usr/local/lib/python3.10/dist-packages/airflow/example_dags/example_trigger_target_dag.py
[2023-11-07T19:33:50.044+0000] {processor.py:839} INFO - DAG(s) dict_keys(['example_trigger_target_dag']) retrieved from /usr/local/lib/python3.10/dist-packages/airflow/example_dags/example_trigger_target_dag.py
[2023-11-07T19:33:50.074+0000] {logging_mixin.py:154} INFO - [2023-11-07T19:33:50.073+0000] {dag.py:2941} INFO - Sync 1 DAGs
[2023-11-07T19:33:50.085+0000] {logging_mixin.py:154} INFO - [2023-11-07T19:33:50.085+0000] {dag.py:3722} INFO - Setting next_dagrun for example_trigger_target_dag to None, run_after=None
[2023-11-07T19:33:50.108+0000] {processor.py:179} INFO - Processing /usr/local/lib/python3.10/dist-packages/airflow/example_dags/example_trigger_target_dag.py took 0.077 seconds
[2023-11-07T19:34:23.437+0000] {processor.py:157} INFO - Started process (PID=3719) to work on /usr/local/lib/python3.10/dist-packages/airflow/example_dags/example_trigger_target_dag.py
[2023-11-07T19:34:23.442+0000] {processor.py:829} INFO - Processing file /usr/local/lib/python3.10/dist-packages/airflow/example_dags/example_trigger_target_dag.py for tasks to queue
[2023-11-07T19:34:23.442+0000] {logging_mixin.py:154} INFO - [2023-11-07T19:34:23.442+0000] {dagbag.py:536} INFO - Filling up the DagBag from /usr/local/lib/python3.10/dist-packages/airflow/example_dags/example_trigger_target_dag.py
[2023-11-07T19:34:23.457+0000] {processor.py:839} INFO - DAG(s) dict_keys(['example_trigger_target_dag']) retrieved from /usr/local/lib/python3.10/dist-packages/airflow/example_dags/example_trigger_target_dag.py
[2023-11-07T19:34:23.507+0000] {logging_mixin.py:154} INFO - [2023-11-07T19:34:23.507+0000] {dag.py:2941} INFO - Sync 1 DAGs
[2023-11-07T19:34:23.532+0000] {logging_mixin.py:154} INFO - [2023-11-07T19:34:23.532+0000] {dag.py:3722} INFO - Setting next_dagrun for example_trigger_target_dag to None, run_after=None
[2023-11-07T19:34:23.564+0000] {processor.py:179} INFO - Processing /usr/local/lib/python3.10/dist-packages/airflow/example_dags/example_trigger_target_dag.py took 0.137 seconds
[2023-11-07T19:35:08.631+0000] {processor.py:157} INFO - Started process (PID=3766) to work on /usr/local/lib/python3.10/dist-packages/airflow/example_dags/example_trigger_target_dag.py
[2023-11-07T19:35:08.632+0000] {processor.py:829} INFO - Processing file /usr/local/lib/python3.10/dist-packages/airflow/example_dags/example_trigger_target_dag.py for tasks to queue
[2023-11-07T19:35:08.633+0000] {logging_mixin.py:154} INFO - [2023-11-07T19:35:08.633+0000] {dagbag.py:536} INFO - Filling up the DagBag from /usr/local/lib/python3.10/dist-packages/airflow/example_dags/example_trigger_target_dag.py
[2023-11-07T19:35:08.640+0000] {processor.py:839} INFO - DAG(s) dict_keys(['example_trigger_target_dag']) retrieved from /usr/local/lib/python3.10/dist-packages/airflow/example_dags/example_trigger_target_dag.py
[2023-11-07T19:35:08.657+0000] {logging_mixin.py:154} INFO - [2023-11-07T19:35:08.657+0000] {dag.py:2941} INFO - Sync 1 DAGs
[2023-11-07T19:35:08.668+0000] {logging_mixin.py:154} INFO - [2023-11-07T19:35:08.668+0000] {dag.py:3722} INFO - Setting next_dagrun for example_trigger_target_dag to None, run_after=None
[2023-11-07T19:35:08.700+0000] {processor.py:179} INFO - Processing /usr/local/lib/python3.10/dist-packages/airflow/example_dags/example_trigger_target_dag.py took 0.072 seconds
[2023-11-07T19:35:51.459+0000] {processor.py:157} INFO - Started process (PID=3814) to work on /usr/local/lib/python3.10/dist-packages/airflow/example_dags/example_trigger_target_dag.py
[2023-11-07T19:35:51.460+0000] {processor.py:829} INFO - Processing file /usr/local/lib/python3.10/dist-packages/airflow/example_dags/example_trigger_target_dag.py for tasks to queue
[2023-11-07T19:35:51.461+0000] {logging_mixin.py:154} INFO - [2023-11-07T19:35:51.461+0000] {dagbag.py:536} INFO - Filling up the DagBag from /usr/local/lib/python3.10/dist-packages/airflow/example_dags/example_trigger_target_dag.py
[2023-11-07T19:35:51.467+0000] {processor.py:839} INFO - DAG(s) dict_keys(['example_trigger_target_dag']) retrieved from /usr/local/lib/python3.10/dist-packages/airflow/example_dags/example_trigger_target_dag.py
[2023-11-07T19:35:51.487+0000] {logging_mixin.py:154} INFO - [2023-11-07T19:35:51.487+0000] {dag.py:2941} INFO - Sync 1 DAGs
[2023-11-07T19:35:51.498+0000] {logging_mixin.py:154} INFO - [2023-11-07T19:35:51.498+0000] {dag.py:3722} INFO - Setting next_dagrun for example_trigger_target_dag to None, run_after=None
[2023-11-07T19:35:51.522+0000] {processor.py:179} INFO - Processing /usr/local/lib/python3.10/dist-packages/airflow/example_dags/example_trigger_target_dag.py took 0.067 seconds
[2023-11-07T19:36:26.367+0000] {processor.py:157} INFO - Started process (PID=3849) to work on /usr/local/lib/python3.10/dist-packages/airflow/example_dags/example_trigger_target_dag.py
[2023-11-07T19:36:26.370+0000] {processor.py:829} INFO - Processing file /usr/local/lib/python3.10/dist-packages/airflow/example_dags/example_trigger_target_dag.py for tasks to queue
[2023-11-07T19:36:26.370+0000] {logging_mixin.py:154} INFO - [2023-11-07T19:36:26.370+0000] {dagbag.py:536} INFO - Filling up the DagBag from /usr/local/lib/python3.10/dist-packages/airflow/example_dags/example_trigger_target_dag.py
[2023-11-07T19:36:26.380+0000] {processor.py:839} INFO - DAG(s) dict_keys(['example_trigger_target_dag']) retrieved from /usr/local/lib/python3.10/dist-packages/airflow/example_dags/example_trigger_target_dag.py
[2023-11-07T19:36:26.420+0000] {logging_mixin.py:154} INFO - [2023-11-07T19:36:26.419+0000] {dag.py:2941} INFO - Sync 1 DAGs
[2023-11-07T19:36:26.445+0000] {logging_mixin.py:154} INFO - [2023-11-07T19:36:26.445+0000] {dag.py:3722} INFO - Setting next_dagrun for example_trigger_target_dag to None, run_after=None
[2023-11-07T19:36:26.484+0000] {processor.py:179} INFO - Processing /usr/local/lib/python3.10/dist-packages/airflow/example_dags/example_trigger_target_dag.py took 0.125 seconds
[2023-11-07T19:37:00.463+0000] {processor.py:157} INFO - Started process (PID=3883) to work on /usr/local/lib/python3.10/dist-packages/airflow/example_dags/example_trigger_target_dag.py
[2023-11-07T19:37:00.464+0000] {processor.py:829} INFO - Processing file /usr/local/lib/python3.10/dist-packages/airflow/example_dags/example_trigger_target_dag.py for tasks to queue
[2023-11-07T19:37:00.464+0000] {logging_mixin.py:154} INFO - [2023-11-07T19:37:00.464+0000] {dagbag.py:536} INFO - Filling up the DagBag from /usr/local/lib/python3.10/dist-packages/airflow/example_dags/example_trigger_target_dag.py
[2023-11-07T19:37:00.472+0000] {processor.py:839} INFO - DAG(s) dict_keys(['example_trigger_target_dag']) retrieved from /usr/local/lib/python3.10/dist-packages/airflow/example_dags/example_trigger_target_dag.py
[2023-11-07T19:37:00.490+0000] {logging_mixin.py:154} INFO - [2023-11-07T19:37:00.490+0000] {dag.py:2941} INFO - Sync 1 DAGs
[2023-11-07T19:37:00.508+0000] {logging_mixin.py:154} INFO - [2023-11-07T19:37:00.508+0000] {dag.py:3722} INFO - Setting next_dagrun for example_trigger_target_dag to None, run_after=None
[2023-11-07T19:37:00.528+0000] {processor.py:179} INFO - Processing /usr/local/lib/python3.10/dist-packages/airflow/example_dags/example_trigger_target_dag.py took 0.084 seconds
[2023-11-07T19:37:34.504+0000] {processor.py:157} INFO - Started process (PID=3918) to work on /usr/local/lib/python3.10/dist-packages/airflow/example_dags/example_trigger_target_dag.py
[2023-11-07T19:37:34.505+0000] {processor.py:829} INFO - Processing file /usr/local/lib/python3.10/dist-packages/airflow/example_dags/example_trigger_target_dag.py for tasks to queue
[2023-11-07T19:37:34.506+0000] {logging_mixin.py:154} INFO - [2023-11-07T19:37:34.506+0000] {dagbag.py:536} INFO - Filling up the DagBag from /usr/local/lib/python3.10/dist-packages/airflow/example_dags/example_trigger_target_dag.py
[2023-11-07T19:37:34.512+0000] {processor.py:839} INFO - DAG(s) dict_keys(['example_trigger_target_dag']) retrieved from /usr/local/lib/python3.10/dist-packages/airflow/example_dags/example_trigger_target_dag.py
[2023-11-07T19:37:34.540+0000] {logging_mixin.py:154} INFO - [2023-11-07T19:37:34.540+0000] {dag.py:2941} INFO - Sync 1 DAGs
[2023-11-07T19:37:34.553+0000] {logging_mixin.py:154} INFO - [2023-11-07T19:37:34.553+0000] {dag.py:3722} INFO - Setting next_dagrun for example_trigger_target_dag to None, run_after=None
[2023-11-07T19:37:34.616+0000] {processor.py:179} INFO - Processing /usr/local/lib/python3.10/dist-packages/airflow/example_dags/example_trigger_target_dag.py took 0.114 seconds
[2023-11-07T19:38:21.799+0000] {processor.py:157} INFO - Started process (PID=3967) to work on /usr/local/lib/python3.10/dist-packages/airflow/example_dags/example_trigger_target_dag.py
[2023-11-07T19:38:21.800+0000] {processor.py:829} INFO - Processing file /usr/local/lib/python3.10/dist-packages/airflow/example_dags/example_trigger_target_dag.py for tasks to queue
[2023-11-07T19:38:21.801+0000] {logging_mixin.py:154} INFO - [2023-11-07T19:38:21.800+0000] {dagbag.py:536} INFO - Filling up the DagBag from /usr/local/lib/python3.10/dist-packages/airflow/example_dags/example_trigger_target_dag.py
[2023-11-07T19:38:21.807+0000] {processor.py:839} INFO - DAG(s) dict_keys(['example_trigger_target_dag']) retrieved from /usr/local/lib/python3.10/dist-packages/airflow/example_dags/example_trigger_target_dag.py
[2023-11-07T19:38:21.831+0000] {logging_mixin.py:154} INFO - [2023-11-07T19:38:21.830+0000] {dag.py:2941} INFO - Sync 1 DAGs
[2023-11-07T19:38:21.843+0000] {logging_mixin.py:154} INFO - [2023-11-07T19:38:21.843+0000] {dag.py:3722} INFO - Setting next_dagrun for example_trigger_target_dag to None, run_after=None
[2023-11-07T19:38:21.872+0000] {processor.py:179} INFO - Processing /usr/local/lib/python3.10/dist-packages/airflow/example_dags/example_trigger_target_dag.py took 0.077 seconds
[2023-11-07T19:38:54.648+0000] {processor.py:157} INFO - Started process (PID=4001) to work on /usr/local/lib/python3.10/dist-packages/airflow/example_dags/example_trigger_target_dag.py
[2023-11-07T19:38:54.649+0000] {processor.py:829} INFO - Processing file /usr/local/lib/python3.10/dist-packages/airflow/example_dags/example_trigger_target_dag.py for tasks to queue
[2023-11-07T19:38:54.651+0000] {logging_mixin.py:154} INFO - [2023-11-07T19:38:54.650+0000] {dagbag.py:536} INFO - Filling up the DagBag from /usr/local/lib/python3.10/dist-packages/airflow/example_dags/example_trigger_target_dag.py
[2023-11-07T19:38:54.658+0000] {processor.py:839} INFO - DAG(s) dict_keys(['example_trigger_target_dag']) retrieved from /usr/local/lib/python3.10/dist-packages/airflow/example_dags/example_trigger_target_dag.py
[2023-11-07T19:38:54.674+0000] {logging_mixin.py:154} INFO - [2023-11-07T19:38:54.674+0000] {dag.py:2941} INFO - Sync 1 DAGs
[2023-11-07T19:38:54.690+0000] {logging_mixin.py:154} INFO - [2023-11-07T19:38:54.690+0000] {dag.py:3722} INFO - Setting next_dagrun for example_trigger_target_dag to None, run_after=None
[2023-11-07T19:38:54.720+0000] {processor.py:179} INFO - Processing /usr/local/lib/python3.10/dist-packages/airflow/example_dags/example_trigger_target_dag.py took 0.079 seconds
[2023-11-07T19:39:39.414+0000] {processor.py:157} INFO - Started process (PID=4047) to work on /usr/local/lib/python3.10/dist-packages/airflow/example_dags/example_trigger_target_dag.py
[2023-11-07T19:39:39.417+0000] {processor.py:829} INFO - Processing file /usr/local/lib/python3.10/dist-packages/airflow/example_dags/example_trigger_target_dag.py for tasks to queue
[2023-11-07T19:39:39.417+0000] {logging_mixin.py:154} INFO - [2023-11-07T19:39:39.417+0000] {dagbag.py:536} INFO - Filling up the DagBag from /usr/local/lib/python3.10/dist-packages/airflow/example_dags/example_trigger_target_dag.py
[2023-11-07T19:39:39.425+0000] {processor.py:839} INFO - DAG(s) dict_keys(['example_trigger_target_dag']) retrieved from /usr/local/lib/python3.10/dist-packages/airflow/example_dags/example_trigger_target_dag.py
[2023-11-07T19:39:39.443+0000] {logging_mixin.py:154} INFO - [2023-11-07T19:39:39.442+0000] {dag.py:2941} INFO - Sync 1 DAGs
[2023-11-07T19:39:39.454+0000] {logging_mixin.py:154} INFO - [2023-11-07T19:39:39.454+0000] {dag.py:3722} INFO - Setting next_dagrun for example_trigger_target_dag to None, run_after=None
[2023-11-07T19:39:39.475+0000] {processor.py:179} INFO - Processing /usr/local/lib/python3.10/dist-packages/airflow/example_dags/example_trigger_target_dag.py took 0.072 seconds
[2023-11-07T19:40:13.016+0000] {processor.py:157} INFO - Started process (PID=4081) to work on /usr/local/lib/python3.10/dist-packages/airflow/example_dags/example_trigger_target_dag.py
[2023-11-07T19:40:13.017+0000] {processor.py:829} INFO - Processing file /usr/local/lib/python3.10/dist-packages/airflow/example_dags/example_trigger_target_dag.py for tasks to queue
[2023-11-07T19:40:13.017+0000] {logging_mixin.py:154} INFO - [2023-11-07T19:40:13.017+0000] {dagbag.py:536} INFO - Filling up the DagBag from /usr/local/lib/python3.10/dist-packages/airflow/example_dags/example_trigger_target_dag.py
[2023-11-07T19:40:13.024+0000] {processor.py:839} INFO - DAG(s) dict_keys(['example_trigger_target_dag']) retrieved from /usr/local/lib/python3.10/dist-packages/airflow/example_dags/example_trigger_target_dag.py
[2023-11-07T19:40:13.039+0000] {logging_mixin.py:154} INFO - [2023-11-07T19:40:13.039+0000] {dag.py:2941} INFO - Sync 1 DAGs
[2023-11-07T19:40:13.050+0000] {logging_mixin.py:154} INFO - [2023-11-07T19:40:13.050+0000] {dag.py:3722} INFO - Setting next_dagrun for example_trigger_target_dag to None, run_after=None
[2023-11-07T19:40:13.071+0000] {processor.py:179} INFO - Processing /usr/local/lib/python3.10/dist-packages/airflow/example_dags/example_trigger_target_dag.py took 0.058 seconds
[2023-11-07T19:40:47.724+0000] {processor.py:157} INFO - Started process (PID=4118) to work on /usr/local/lib/python3.10/dist-packages/airflow/example_dags/example_trigger_target_dag.py
[2023-11-07T19:40:47.725+0000] {processor.py:829} INFO - Processing file /usr/local/lib/python3.10/dist-packages/airflow/example_dags/example_trigger_target_dag.py for tasks to queue
[2023-11-07T19:40:47.726+0000] {logging_mixin.py:154} INFO - [2023-11-07T19:40:47.726+0000] {dagbag.py:536} INFO - Filling up the DagBag from /usr/local/lib/python3.10/dist-packages/airflow/example_dags/example_trigger_target_dag.py
[2023-11-07T19:40:47.736+0000] {processor.py:839} INFO - DAG(s) dict_keys(['example_trigger_target_dag']) retrieved from /usr/local/lib/python3.10/dist-packages/airflow/example_dags/example_trigger_target_dag.py
[2023-11-07T19:40:47.765+0000] {logging_mixin.py:154} INFO - [2023-11-07T19:40:47.765+0000] {dag.py:2941} INFO - Sync 1 DAGs
[2023-11-07T19:40:47.776+0000] {logging_mixin.py:154} INFO - [2023-11-07T19:40:47.776+0000] {dag.py:3722} INFO - Setting next_dagrun for example_trigger_target_dag to None, run_after=None
[2023-11-07T19:40:47.798+0000] {processor.py:179} INFO - Processing /usr/local/lib/python3.10/dist-packages/airflow/example_dags/example_trigger_target_dag.py took 0.077 seconds
[2023-11-07T19:41:22.239+0000] {processor.py:157} INFO - Started process (PID=4153) to work on /usr/local/lib/python3.10/dist-packages/airflow/example_dags/example_trigger_target_dag.py
[2023-11-07T19:41:22.241+0000] {processor.py:829} INFO - Processing file /usr/local/lib/python3.10/dist-packages/airflow/example_dags/example_trigger_target_dag.py for tasks to queue
[2023-11-07T19:41:22.242+0000] {logging_mixin.py:154} INFO - [2023-11-07T19:41:22.241+0000] {dagbag.py:536} INFO - Filling up the DagBag from /usr/local/lib/python3.10/dist-packages/airflow/example_dags/example_trigger_target_dag.py
[2023-11-07T19:41:22.252+0000] {processor.py:839} INFO - DAG(s) dict_keys(['example_trigger_target_dag']) retrieved from /usr/local/lib/python3.10/dist-packages/airflow/example_dags/example_trigger_target_dag.py
[2023-11-07T19:41:22.271+0000] {logging_mixin.py:154} INFO - [2023-11-07T19:41:22.271+0000] {dag.py:2941} INFO - Sync 1 DAGs
[2023-11-07T19:41:22.283+0000] {logging_mixin.py:154} INFO - [2023-11-07T19:41:22.283+0000] {dag.py:3722} INFO - Setting next_dagrun for example_trigger_target_dag to None, run_after=None
[2023-11-07T19:41:22.307+0000] {processor.py:179} INFO - Processing /usr/local/lib/python3.10/dist-packages/airflow/example_dags/example_trigger_target_dag.py took 0.072 seconds
[2023-11-07T19:42:09.798+0000] {processor.py:157} INFO - Started process (PID=4202) to work on /usr/local/lib/python3.10/dist-packages/airflow/example_dags/example_trigger_target_dag.py
[2023-11-07T19:42:09.799+0000] {processor.py:829} INFO - Processing file /usr/local/lib/python3.10/dist-packages/airflow/example_dags/example_trigger_target_dag.py for tasks to queue
[2023-11-07T19:42:09.800+0000] {logging_mixin.py:154} INFO - [2023-11-07T19:42:09.800+0000] {dagbag.py:536} INFO - Filling up the DagBag from /usr/local/lib/python3.10/dist-packages/airflow/example_dags/example_trigger_target_dag.py
[2023-11-07T19:42:09.807+0000] {processor.py:839} INFO - DAG(s) dict_keys(['example_trigger_target_dag']) retrieved from /usr/local/lib/python3.10/dist-packages/airflow/example_dags/example_trigger_target_dag.py
[2023-11-07T19:42:09.825+0000] {logging_mixin.py:154} INFO - [2023-11-07T19:42:09.825+0000] {dag.py:2941} INFO - Sync 1 DAGs
[2023-11-07T19:42:09.837+0000] {logging_mixin.py:154} INFO - [2023-11-07T19:42:09.837+0000] {dag.py:3722} INFO - Setting next_dagrun for example_trigger_target_dag to None, run_after=None
[2023-11-07T19:42:09.863+0000] {processor.py:179} INFO - Processing /usr/local/lib/python3.10/dist-packages/airflow/example_dags/example_trigger_target_dag.py took 0.068 seconds
[2023-11-07T19:42:42.216+0000] {processor.py:157} INFO - Started process (PID=4236) to work on /usr/local/lib/python3.10/dist-packages/airflow/example_dags/example_trigger_target_dag.py
[2023-11-07T19:42:42.217+0000] {processor.py:829} INFO - Processing file /usr/local/lib/python3.10/dist-packages/airflow/example_dags/example_trigger_target_dag.py for tasks to queue
[2023-11-07T19:42:42.219+0000] {logging_mixin.py:154} INFO - [2023-11-07T19:42:42.219+0000] {dagbag.py:536} INFO - Filling up the DagBag from /usr/local/lib/python3.10/dist-packages/airflow/example_dags/example_trigger_target_dag.py
[2023-11-07T19:42:42.235+0000] {processor.py:839} INFO - DAG(s) dict_keys(['example_trigger_target_dag']) retrieved from /usr/local/lib/python3.10/dist-packages/airflow/example_dags/example_trigger_target_dag.py
[2023-11-07T19:42:42.273+0000] {logging_mixin.py:154} INFO - [2023-11-07T19:42:42.272+0000] {dag.py:2941} INFO - Sync 1 DAGs
[2023-11-07T19:42:42.288+0000] {logging_mixin.py:154} INFO - [2023-11-07T19:42:42.288+0000] {dag.py:3722} INFO - Setting next_dagrun for example_trigger_target_dag to None, run_after=None
[2023-11-07T19:42:42.316+0000] {processor.py:179} INFO - Processing /usr/local/lib/python3.10/dist-packages/airflow/example_dags/example_trigger_target_dag.py took 0.109 seconds
[2023-11-07T19:43:15.740+0000] {processor.py:157} INFO - Started process (PID=4269) to work on /usr/local/lib/python3.10/dist-packages/airflow/example_dags/example_trigger_target_dag.py
[2023-11-07T19:43:15.742+0000] {processor.py:829} INFO - Processing file /usr/local/lib/python3.10/dist-packages/airflow/example_dags/example_trigger_target_dag.py for tasks to queue
[2023-11-07T19:43:15.743+0000] {logging_mixin.py:154} INFO - [2023-11-07T19:43:15.743+0000] {dagbag.py:536} INFO - Filling up the DagBag from /usr/local/lib/python3.10/dist-packages/airflow/example_dags/example_trigger_target_dag.py
[2023-11-07T19:43:15.757+0000] {processor.py:839} INFO - DAG(s) dict_keys(['example_trigger_target_dag']) retrieved from /usr/local/lib/python3.10/dist-packages/airflow/example_dags/example_trigger_target_dag.py
[2023-11-07T19:43:15.777+0000] {logging_mixin.py:154} INFO - [2023-11-07T19:43:15.776+0000] {dag.py:2941} INFO - Sync 1 DAGs
[2023-11-07T19:43:15.796+0000] {logging_mixin.py:154} INFO - [2023-11-07T19:43:15.796+0000] {dag.py:3722} INFO - Setting next_dagrun for example_trigger_target_dag to None, run_after=None
[2023-11-07T19:43:15.818+0000] {processor.py:179} INFO - Processing /usr/local/lib/python3.10/dist-packages/airflow/example_dags/example_trigger_target_dag.py took 0.086 seconds
[2023-11-07T19:43:47.412+0000] {processor.py:157} INFO - Started process (PID=4303) to work on /usr/local/lib/python3.10/dist-packages/airflow/example_dags/example_trigger_target_dag.py
[2023-11-07T19:43:47.413+0000] {processor.py:829} INFO - Processing file /usr/local/lib/python3.10/dist-packages/airflow/example_dags/example_trigger_target_dag.py for tasks to queue
[2023-11-07T19:43:47.414+0000] {logging_mixin.py:154} INFO - [2023-11-07T19:43:47.413+0000] {dagbag.py:536} INFO - Filling up the DagBag from /usr/local/lib/python3.10/dist-packages/airflow/example_dags/example_trigger_target_dag.py
[2023-11-07T19:43:47.420+0000] {processor.py:839} INFO - DAG(s) dict_keys(['example_trigger_target_dag']) retrieved from /usr/local/lib/python3.10/dist-packages/airflow/example_dags/example_trigger_target_dag.py
[2023-11-07T19:43:47.438+0000] {logging_mixin.py:154} INFO - [2023-11-07T19:43:47.438+0000] {dag.py:2941} INFO - Sync 1 DAGs
[2023-11-07T19:43:47.453+0000] {logging_mixin.py:154} INFO - [2023-11-07T19:43:47.453+0000] {dag.py:3722} INFO - Setting next_dagrun for example_trigger_target_dag to None, run_after=None
[2023-11-07T19:43:47.482+0000] {processor.py:179} INFO - Processing /usr/local/lib/python3.10/dist-packages/airflow/example_dags/example_trigger_target_dag.py took 0.074 seconds
[2023-11-07T19:44:21.074+0000] {processor.py:157} INFO - Started process (PID=4337) to work on /usr/local/lib/python3.10/dist-packages/airflow/example_dags/example_trigger_target_dag.py
[2023-11-07T19:44:21.075+0000] {processor.py:829} INFO - Processing file /usr/local/lib/python3.10/dist-packages/airflow/example_dags/example_trigger_target_dag.py for tasks to queue
[2023-11-07T19:44:21.076+0000] {logging_mixin.py:154} INFO - [2023-11-07T19:44:21.075+0000] {dagbag.py:536} INFO - Filling up the DagBag from /usr/local/lib/python3.10/dist-packages/airflow/example_dags/example_trigger_target_dag.py
[2023-11-07T19:44:21.083+0000] {processor.py:839} INFO - DAG(s) dict_keys(['example_trigger_target_dag']) retrieved from /usr/local/lib/python3.10/dist-packages/airflow/example_dags/example_trigger_target_dag.py
[2023-11-07T19:44:21.121+0000] {logging_mixin.py:154} INFO - [2023-11-07T19:44:21.120+0000] {dag.py:2941} INFO - Sync 1 DAGs
[2023-11-07T19:44:21.145+0000] {logging_mixin.py:154} INFO - [2023-11-07T19:44:21.145+0000] {dag.py:3722} INFO - Setting next_dagrun for example_trigger_target_dag to None, run_after=None
[2023-11-07T19:44:21.171+0000] {processor.py:179} INFO - Processing /usr/local/lib/python3.10/dist-packages/airflow/example_dags/example_trigger_target_dag.py took 0.102 seconds
[2023-11-07T19:44:57.363+0000] {processor.py:157} INFO - Started process (PID=4372) to work on /usr/local/lib/python3.10/dist-packages/airflow/example_dags/example_trigger_target_dag.py
[2023-11-07T19:44:57.364+0000] {processor.py:829} INFO - Processing file /usr/local/lib/python3.10/dist-packages/airflow/example_dags/example_trigger_target_dag.py for tasks to queue
[2023-11-07T19:44:57.365+0000] {logging_mixin.py:154} INFO - [2023-11-07T19:44:57.365+0000] {dagbag.py:536} INFO - Filling up the DagBag from /usr/local/lib/python3.10/dist-packages/airflow/example_dags/example_trigger_target_dag.py
[2023-11-07T19:44:57.376+0000] {processor.py:839} INFO - DAG(s) dict_keys(['example_trigger_target_dag']) retrieved from /usr/local/lib/python3.10/dist-packages/airflow/example_dags/example_trigger_target_dag.py
[2023-11-07T19:44:57.392+0000] {logging_mixin.py:154} INFO - [2023-11-07T19:44:57.392+0000] {dag.py:2941} INFO - Sync 1 DAGs
[2023-11-07T19:44:57.403+0000] {logging_mixin.py:154} INFO - [2023-11-07T19:44:57.403+0000] {dag.py:3722} INFO - Setting next_dagrun for example_trigger_target_dag to None, run_after=None
[2023-11-07T19:44:57.426+0000] {processor.py:179} INFO - Processing /usr/local/lib/python3.10/dist-packages/airflow/example_dags/example_trigger_target_dag.py took 0.068 seconds
[2023-11-07T19:45:34.738+0000] {processor.py:157} INFO - Started process (PID=4409) to work on /usr/local/lib/python3.10/dist-packages/airflow/example_dags/example_trigger_target_dag.py
[2023-11-07T19:45:34.739+0000] {processor.py:829} INFO - Processing file /usr/local/lib/python3.10/dist-packages/airflow/example_dags/example_trigger_target_dag.py for tasks to queue
[2023-11-07T19:45:34.740+0000] {logging_mixin.py:154} INFO - [2023-11-07T19:45:34.739+0000] {dagbag.py:536} INFO - Filling up the DagBag from /usr/local/lib/python3.10/dist-packages/airflow/example_dags/example_trigger_target_dag.py
[2023-11-07T19:45:34.756+0000] {processor.py:839} INFO - DAG(s) dict_keys(['example_trigger_target_dag']) retrieved from /usr/local/lib/python3.10/dist-packages/airflow/example_dags/example_trigger_target_dag.py
[2023-11-07T19:45:34.795+0000] {logging_mixin.py:154} INFO - [2023-11-07T19:45:34.795+0000] {dag.py:2941} INFO - Sync 1 DAGs
[2023-11-07T19:45:34.810+0000] {logging_mixin.py:154} INFO - [2023-11-07T19:45:34.809+0000] {dag.py:3722} INFO - Setting next_dagrun for example_trigger_target_dag to None, run_after=None
[2023-11-07T19:45:34.863+0000] {processor.py:179} INFO - Processing /usr/local/lib/python3.10/dist-packages/airflow/example_dags/example_trigger_target_dag.py took 0.133 seconds
[2023-11-07T19:46:10.862+0000] {processor.py:157} INFO - Started process (PID=4444) to work on /usr/local/lib/python3.10/dist-packages/airflow/example_dags/example_trigger_target_dag.py
[2023-11-07T19:46:10.866+0000] {processor.py:829} INFO - Processing file /usr/local/lib/python3.10/dist-packages/airflow/example_dags/example_trigger_target_dag.py for tasks to queue
[2023-11-07T19:46:10.867+0000] {logging_mixin.py:154} INFO - [2023-11-07T19:46:10.866+0000] {dagbag.py:536} INFO - Filling up the DagBag from /usr/local/lib/python3.10/dist-packages/airflow/example_dags/example_trigger_target_dag.py
[2023-11-07T19:46:10.872+0000] {processor.py:839} INFO - DAG(s) dict_keys(['example_trigger_target_dag']) retrieved from /usr/local/lib/python3.10/dist-packages/airflow/example_dags/example_trigger_target_dag.py
[2023-11-07T19:46:10.888+0000] {logging_mixin.py:154} INFO - [2023-11-07T19:46:10.888+0000] {dag.py:2941} INFO - Sync 1 DAGs
[2023-11-07T19:46:10.899+0000] {logging_mixin.py:154} INFO - [2023-11-07T19:46:10.899+0000] {dag.py:3722} INFO - Setting next_dagrun for example_trigger_target_dag to None, run_after=None
[2023-11-07T19:46:10.929+0000] {processor.py:179} INFO - Processing /usr/local/lib/python3.10/dist-packages/airflow/example_dags/example_trigger_target_dag.py took 0.070 seconds
[2023-11-07T19:46:44.334+0000] {processor.py:157} INFO - Started process (PID=4479) to work on /usr/local/lib/python3.10/dist-packages/airflow/example_dags/example_trigger_target_dag.py
[2023-11-07T19:46:44.336+0000] {processor.py:829} INFO - Processing file /usr/local/lib/python3.10/dist-packages/airflow/example_dags/example_trigger_target_dag.py for tasks to queue
[2023-11-07T19:46:44.337+0000] {logging_mixin.py:154} INFO - [2023-11-07T19:46:44.336+0000] {dagbag.py:536} INFO - Filling up the DagBag from /usr/local/lib/python3.10/dist-packages/airflow/example_dags/example_trigger_target_dag.py
[2023-11-07T19:46:44.346+0000] {processor.py:839} INFO - DAG(s) dict_keys(['example_trigger_target_dag']) retrieved from /usr/local/lib/python3.10/dist-packages/airflow/example_dags/example_trigger_target_dag.py
[2023-11-07T19:46:44.385+0000] {logging_mixin.py:154} INFO - [2023-11-07T19:46:44.385+0000] {dag.py:2941} INFO - Sync 1 DAGs
[2023-11-07T19:46:44.403+0000] {logging_mixin.py:154} INFO - [2023-11-07T19:46:44.402+0000] {dag.py:3722} INFO - Setting next_dagrun for example_trigger_target_dag to None, run_after=None
[2023-11-07T19:46:44.438+0000] {processor.py:179} INFO - Processing /usr/local/lib/python3.10/dist-packages/airflow/example_dags/example_trigger_target_dag.py took 0.115 seconds
[2023-11-07T19:47:19.687+0000] {processor.py:157} INFO - Started process (PID=4514) to work on /usr/local/lib/python3.10/dist-packages/airflow/example_dags/example_trigger_target_dag.py
[2023-11-07T19:47:19.689+0000] {processor.py:829} INFO - Processing file /usr/local/lib/python3.10/dist-packages/airflow/example_dags/example_trigger_target_dag.py for tasks to queue
[2023-11-07T19:47:19.690+0000] {logging_mixin.py:154} INFO - [2023-11-07T19:47:19.689+0000] {dagbag.py:536} INFO - Filling up the DagBag from /usr/local/lib/python3.10/dist-packages/airflow/example_dags/example_trigger_target_dag.py
[2023-11-07T19:47:19.697+0000] {processor.py:839} INFO - DAG(s) dict_keys(['example_trigger_target_dag']) retrieved from /usr/local/lib/python3.10/dist-packages/airflow/example_dags/example_trigger_target_dag.py
[2023-11-07T19:47:19.715+0000] {logging_mixin.py:154} INFO - [2023-11-07T19:47:19.715+0000] {dag.py:2941} INFO - Sync 1 DAGs
[2023-11-07T19:47:19.730+0000] {logging_mixin.py:154} INFO - [2023-11-07T19:47:19.729+0000] {dag.py:3722} INFO - Setting next_dagrun for example_trigger_target_dag to None, run_after=None
[2023-11-07T19:47:19.757+0000] {processor.py:179} INFO - Processing /usr/local/lib/python3.10/dist-packages/airflow/example_dags/example_trigger_target_dag.py took 0.073 seconds
[2023-11-07T19:47:54.264+0000] {processor.py:157} INFO - Started process (PID=4550) to work on /usr/local/lib/python3.10/dist-packages/airflow/example_dags/example_trigger_target_dag.py
[2023-11-07T19:47:54.265+0000] {processor.py:829} INFO - Processing file /usr/local/lib/python3.10/dist-packages/airflow/example_dags/example_trigger_target_dag.py for tasks to queue
[2023-11-07T19:47:54.265+0000] {logging_mixin.py:154} INFO - [2023-11-07T19:47:54.265+0000] {dagbag.py:536} INFO - Filling up the DagBag from /usr/local/lib/python3.10/dist-packages/airflow/example_dags/example_trigger_target_dag.py
[2023-11-07T19:47:54.272+0000] {processor.py:839} INFO - DAG(s) dict_keys(['example_trigger_target_dag']) retrieved from /usr/local/lib/python3.10/dist-packages/airflow/example_dags/example_trigger_target_dag.py
[2023-11-07T19:47:54.287+0000] {logging_mixin.py:154} INFO - [2023-11-07T19:47:54.287+0000] {dag.py:2941} INFO - Sync 1 DAGs
[2023-11-07T19:47:54.298+0000] {logging_mixin.py:154} INFO - [2023-11-07T19:47:54.298+0000] {dag.py:3722} INFO - Setting next_dagrun for example_trigger_target_dag to None, run_after=None
[2023-11-07T19:47:54.320+0000] {processor.py:179} INFO - Processing /usr/local/lib/python3.10/dist-packages/airflow/example_dags/example_trigger_target_dag.py took 0.060 seconds
[2023-11-07T19:48:26.669+0000] {processor.py:157} INFO - Started process (PID=4583) to work on /usr/local/lib/python3.10/dist-packages/airflow/example_dags/example_trigger_target_dag.py
[2023-11-07T19:48:26.670+0000] {processor.py:829} INFO - Processing file /usr/local/lib/python3.10/dist-packages/airflow/example_dags/example_trigger_target_dag.py for tasks to queue
[2023-11-07T19:48:26.671+0000] {logging_mixin.py:154} INFO - [2023-11-07T19:48:26.671+0000] {dagbag.py:536} INFO - Filling up the DagBag from /usr/local/lib/python3.10/dist-packages/airflow/example_dags/example_trigger_target_dag.py
[2023-11-07T19:48:26.677+0000] {processor.py:839} INFO - DAG(s) dict_keys(['example_trigger_target_dag']) retrieved from /usr/local/lib/python3.10/dist-packages/airflow/example_dags/example_trigger_target_dag.py
[2023-11-07T19:48:26.695+0000] {logging_mixin.py:154} INFO - [2023-11-07T19:48:26.694+0000] {dag.py:2941} INFO - Sync 1 DAGs
[2023-11-07T19:48:26.707+0000] {logging_mixin.py:154} INFO - [2023-11-07T19:48:26.707+0000] {dag.py:3722} INFO - Setting next_dagrun for example_trigger_target_dag to None, run_after=None
[2023-11-07T19:48:26.735+0000] {processor.py:179} INFO - Processing /usr/local/lib/python3.10/dist-packages/airflow/example_dags/example_trigger_target_dag.py took 0.070 seconds
[2023-11-07T19:49:00.772+0000] {processor.py:157} INFO - Started process (PID=4618) to work on /usr/local/lib/python3.10/dist-packages/airflow/example_dags/example_trigger_target_dag.py
[2023-11-07T19:49:00.773+0000] {processor.py:829} INFO - Processing file /usr/local/lib/python3.10/dist-packages/airflow/example_dags/example_trigger_target_dag.py for tasks to queue
[2023-11-07T19:49:00.776+0000] {logging_mixin.py:154} INFO - [2023-11-07T19:49:00.773+0000] {dagbag.py:536} INFO - Filling up the DagBag from /usr/local/lib/python3.10/dist-packages/airflow/example_dags/example_trigger_target_dag.py
[2023-11-07T19:49:00.786+0000] {processor.py:839} INFO - DAG(s) dict_keys(['example_trigger_target_dag']) retrieved from /usr/local/lib/python3.10/dist-packages/airflow/example_dags/example_trigger_target_dag.py
[2023-11-07T19:49:00.813+0000] {logging_mixin.py:154} INFO - [2023-11-07T19:49:00.813+0000] {dag.py:2941} INFO - Sync 1 DAGs
[2023-11-07T19:49:00.827+0000] {logging_mixin.py:154} INFO - [2023-11-07T19:49:00.827+0000] {dag.py:3722} INFO - Setting next_dagrun for example_trigger_target_dag to None, run_after=None
[2023-11-07T19:49:00.851+0000] {processor.py:179} INFO - Processing /usr/local/lib/python3.10/dist-packages/airflow/example_dags/example_trigger_target_dag.py took 0.085 seconds
[2023-11-07T19:49:46.770+0000] {processor.py:157} INFO - Started process (PID=4666) to work on /usr/local/lib/python3.10/dist-packages/airflow/example_dags/example_trigger_target_dag.py
[2023-11-07T19:49:46.772+0000] {processor.py:829} INFO - Processing file /usr/local/lib/python3.10/dist-packages/airflow/example_dags/example_trigger_target_dag.py for tasks to queue
[2023-11-07T19:49:46.773+0000] {logging_mixin.py:154} INFO - [2023-11-07T19:49:46.773+0000] {dagbag.py:536} INFO - Filling up the DagBag from /usr/local/lib/python3.10/dist-packages/airflow/example_dags/example_trigger_target_dag.py
[2023-11-07T19:49:46.780+0000] {processor.py:839} INFO - DAG(s) dict_keys(['example_trigger_target_dag']) retrieved from /usr/local/lib/python3.10/dist-packages/airflow/example_dags/example_trigger_target_dag.py
[2023-11-07T19:49:46.798+0000] {logging_mixin.py:154} INFO - [2023-11-07T19:49:46.798+0000] {dag.py:2941} INFO - Sync 1 DAGs
[2023-11-07T19:49:46.822+0000] {logging_mixin.py:154} INFO - [2023-11-07T19:49:46.820+0000] {dag.py:3722} INFO - Setting next_dagrun for example_trigger_target_dag to None, run_after=None
[2023-11-07T19:49:46.859+0000] {processor.py:179} INFO - Processing /usr/local/lib/python3.10/dist-packages/airflow/example_dags/example_trigger_target_dag.py took 0.092 seconds
[2023-11-07T19:50:19.240+0000] {processor.py:157} INFO - Started process (PID=4699) to work on /usr/local/lib/python3.10/dist-packages/airflow/example_dags/example_trigger_target_dag.py
[2023-11-07T19:50:19.241+0000] {processor.py:829} INFO - Processing file /usr/local/lib/python3.10/dist-packages/airflow/example_dags/example_trigger_target_dag.py for tasks to queue
[2023-11-07T19:50:19.242+0000] {logging_mixin.py:154} INFO - [2023-11-07T19:50:19.242+0000] {dagbag.py:536} INFO - Filling up the DagBag from /usr/local/lib/python3.10/dist-packages/airflow/example_dags/example_trigger_target_dag.py
[2023-11-07T19:50:19.249+0000] {processor.py:839} INFO - DAG(s) dict_keys(['example_trigger_target_dag']) retrieved from /usr/local/lib/python3.10/dist-packages/airflow/example_dags/example_trigger_target_dag.py
[2023-11-07T19:50:19.266+0000] {logging_mixin.py:154} INFO - [2023-11-07T19:50:19.266+0000] {dag.py:2941} INFO - Sync 1 DAGs
[2023-11-07T19:50:19.280+0000] {logging_mixin.py:154} INFO - [2023-11-07T19:50:19.279+0000] {dag.py:3722} INFO - Setting next_dagrun for example_trigger_target_dag to None, run_after=None
[2023-11-07T19:50:19.308+0000] {processor.py:179} INFO - Processing /usr/local/lib/python3.10/dist-packages/airflow/example_dags/example_trigger_target_dag.py took 0.071 seconds
[2023-11-07T19:50:51.862+0000] {processor.py:157} INFO - Started process (PID=4733) to work on /usr/local/lib/python3.10/dist-packages/airflow/example_dags/example_trigger_target_dag.py
[2023-11-07T19:50:51.863+0000] {processor.py:829} INFO - Processing file /usr/local/lib/python3.10/dist-packages/airflow/example_dags/example_trigger_target_dag.py for tasks to queue
[2023-11-07T19:50:51.863+0000] {logging_mixin.py:154} INFO - [2023-11-07T19:50:51.863+0000] {dagbag.py:536} INFO - Filling up the DagBag from /usr/local/lib/python3.10/dist-packages/airflow/example_dags/example_trigger_target_dag.py
[2023-11-07T19:50:51.870+0000] {processor.py:839} INFO - DAG(s) dict_keys(['example_trigger_target_dag']) retrieved from /usr/local/lib/python3.10/dist-packages/airflow/example_dags/example_trigger_target_dag.py
[2023-11-07T19:50:51.886+0000] {logging_mixin.py:154} INFO - [2023-11-07T19:50:51.886+0000] {dag.py:2941} INFO - Sync 1 DAGs
[2023-11-07T19:50:51.897+0000] {logging_mixin.py:154} INFO - [2023-11-07T19:50:51.897+0000] {dag.py:3722} INFO - Setting next_dagrun for example_trigger_target_dag to None, run_after=None
[2023-11-07T19:50:51.924+0000] {processor.py:179} INFO - Processing /usr/local/lib/python3.10/dist-packages/airflow/example_dags/example_trigger_target_dag.py took 0.065 seconds
[2023-11-07T19:51:25.950+0000] {processor.py:157} INFO - Started process (PID=4768) to work on /usr/local/lib/python3.10/dist-packages/airflow/example_dags/example_trigger_target_dag.py
[2023-11-07T19:51:25.952+0000] {processor.py:829} INFO - Processing file /usr/local/lib/python3.10/dist-packages/airflow/example_dags/example_trigger_target_dag.py for tasks to queue
[2023-11-07T19:51:25.952+0000] {logging_mixin.py:154} INFO - [2023-11-07T19:51:25.952+0000] {dagbag.py:536} INFO - Filling up the DagBag from /usr/local/lib/python3.10/dist-packages/airflow/example_dags/example_trigger_target_dag.py
[2023-11-07T19:51:25.960+0000] {processor.py:839} INFO - DAG(s) dict_keys(['example_trigger_target_dag']) retrieved from /usr/local/lib/python3.10/dist-packages/airflow/example_dags/example_trigger_target_dag.py
[2023-11-07T19:51:25.976+0000] {logging_mixin.py:154} INFO - [2023-11-07T19:51:25.976+0000] {dag.py:2941} INFO - Sync 1 DAGs
[2023-11-07T19:51:25.988+0000] {logging_mixin.py:154} INFO - [2023-11-07T19:51:25.988+0000] {dag.py:3722} INFO - Setting next_dagrun for example_trigger_target_dag to None, run_after=None
[2023-11-07T19:51:26.012+0000] {processor.py:179} INFO - Processing /usr/local/lib/python3.10/dist-packages/airflow/example_dags/example_trigger_target_dag.py took 0.064 seconds
[2023-11-07T19:51:58.767+0000] {processor.py:157} INFO - Started process (PID=4802) to work on /usr/local/lib/python3.10/dist-packages/airflow/example_dags/example_trigger_target_dag.py
[2023-11-07T19:51:58.768+0000] {processor.py:829} INFO - Processing file /usr/local/lib/python3.10/dist-packages/airflow/example_dags/example_trigger_target_dag.py for tasks to queue
[2023-11-07T19:51:58.769+0000] {logging_mixin.py:154} INFO - [2023-11-07T19:51:58.768+0000] {dagbag.py:536} INFO - Filling up the DagBag from /usr/local/lib/python3.10/dist-packages/airflow/example_dags/example_trigger_target_dag.py
[2023-11-07T19:51:58.775+0000] {processor.py:839} INFO - DAG(s) dict_keys(['example_trigger_target_dag']) retrieved from /usr/local/lib/python3.10/dist-packages/airflow/example_dags/example_trigger_target_dag.py
[2023-11-07T19:51:58.791+0000] {logging_mixin.py:154} INFO - [2023-11-07T19:51:58.791+0000] {dag.py:2941} INFO - Sync 1 DAGs
[2023-11-07T19:51:58.804+0000] {logging_mixin.py:154} INFO - [2023-11-07T19:51:58.804+0000] {dag.py:3722} INFO - Setting next_dagrun for example_trigger_target_dag to None, run_after=None
[2023-11-07T19:51:58.828+0000] {processor.py:179} INFO - Processing /usr/local/lib/python3.10/dist-packages/airflow/example_dags/example_trigger_target_dag.py took 0.066 seconds
[2023-11-07T19:52:35.102+0000] {processor.py:157} INFO - Started process (PID=4838) to work on /usr/local/lib/python3.10/dist-packages/airflow/example_dags/example_trigger_target_dag.py
[2023-11-07T19:52:35.103+0000] {processor.py:829} INFO - Processing file /usr/local/lib/python3.10/dist-packages/airflow/example_dags/example_trigger_target_dag.py for tasks to queue
[2023-11-07T19:52:35.104+0000] {logging_mixin.py:154} INFO - [2023-11-07T19:52:35.104+0000] {dagbag.py:536} INFO - Filling up the DagBag from /usr/local/lib/python3.10/dist-packages/airflow/example_dags/example_trigger_target_dag.py
[2023-11-07T19:52:35.110+0000] {processor.py:839} INFO - DAG(s) dict_keys(['example_trigger_target_dag']) retrieved from /usr/local/lib/python3.10/dist-packages/airflow/example_dags/example_trigger_target_dag.py
[2023-11-07T19:52:35.126+0000] {logging_mixin.py:154} INFO - [2023-11-07T19:52:35.126+0000] {dag.py:2941} INFO - Sync 1 DAGs
[2023-11-07T19:52:35.137+0000] {logging_mixin.py:154} INFO - [2023-11-07T19:52:35.137+0000] {dag.py:3722} INFO - Setting next_dagrun for example_trigger_target_dag to None, run_after=None
[2023-11-07T19:52:35.177+0000] {processor.py:179} INFO - Processing /usr/local/lib/python3.10/dist-packages/airflow/example_dags/example_trigger_target_dag.py took 0.079 seconds
[2023-11-07T19:53:09.675+0000] {processor.py:157} INFO - Started process (PID=4873) to work on /usr/local/lib/python3.10/dist-packages/airflow/example_dags/example_trigger_target_dag.py
[2023-11-07T19:53:09.676+0000] {processor.py:829} INFO - Processing file /usr/local/lib/python3.10/dist-packages/airflow/example_dags/example_trigger_target_dag.py for tasks to queue
[2023-11-07T19:53:09.677+0000] {logging_mixin.py:154} INFO - [2023-11-07T19:53:09.677+0000] {dagbag.py:536} INFO - Filling up the DagBag from /usr/local/lib/python3.10/dist-packages/airflow/example_dags/example_trigger_target_dag.py
[2023-11-07T19:53:09.683+0000] {processor.py:839} INFO - DAG(s) dict_keys(['example_trigger_target_dag']) retrieved from /usr/local/lib/python3.10/dist-packages/airflow/example_dags/example_trigger_target_dag.py
[2023-11-07T19:53:09.699+0000] {logging_mixin.py:154} INFO - [2023-11-07T19:53:09.699+0000] {dag.py:2941} INFO - Sync 1 DAGs
[2023-11-07T19:53:09.712+0000] {logging_mixin.py:154} INFO - [2023-11-07T19:53:09.712+0000] {dag.py:3722} INFO - Setting next_dagrun for example_trigger_target_dag to None, run_after=None
[2023-11-07T19:53:09.747+0000] {processor.py:179} INFO - Processing /usr/local/lib/python3.10/dist-packages/airflow/example_dags/example_trigger_target_dag.py took 0.075 seconds
[2023-11-07T19:53:45.919+0000] {processor.py:157} INFO - Started process (PID=4909) to work on /usr/local/lib/python3.10/dist-packages/airflow/example_dags/example_trigger_target_dag.py
[2023-11-07T19:53:45.920+0000] {processor.py:829} INFO - Processing file /usr/local/lib/python3.10/dist-packages/airflow/example_dags/example_trigger_target_dag.py for tasks to queue
[2023-11-07T19:53:45.921+0000] {logging_mixin.py:154} INFO - [2023-11-07T19:53:45.920+0000] {dagbag.py:536} INFO - Filling up the DagBag from /usr/local/lib/python3.10/dist-packages/airflow/example_dags/example_trigger_target_dag.py
[2023-11-07T19:53:45.927+0000] {processor.py:839} INFO - DAG(s) dict_keys(['example_trigger_target_dag']) retrieved from /usr/local/lib/python3.10/dist-packages/airflow/example_dags/example_trigger_target_dag.py
[2023-11-07T19:53:45.943+0000] {logging_mixin.py:154} INFO - [2023-11-07T19:53:45.943+0000] {dag.py:2941} INFO - Sync 1 DAGs
[2023-11-07T19:53:45.954+0000] {logging_mixin.py:154} INFO - [2023-11-07T19:53:45.954+0000] {dag.py:3722} INFO - Setting next_dagrun for example_trigger_target_dag to None, run_after=None
[2023-11-07T19:53:45.980+0000] {processor.py:179} INFO - Processing /usr/local/lib/python3.10/dist-packages/airflow/example_dags/example_trigger_target_dag.py took 0.064 seconds
[2023-11-07T19:54:21.339+0000] {processor.py:157} INFO - Started process (PID=4944) to work on /usr/local/lib/python3.10/dist-packages/airflow/example_dags/example_trigger_target_dag.py
[2023-11-07T19:54:21.340+0000] {processor.py:829} INFO - Processing file /usr/local/lib/python3.10/dist-packages/airflow/example_dags/example_trigger_target_dag.py for tasks to queue
[2023-11-07T19:54:21.341+0000] {logging_mixin.py:154} INFO - [2023-11-07T19:54:21.340+0000] {dagbag.py:536} INFO - Filling up the DagBag from /usr/local/lib/python3.10/dist-packages/airflow/example_dags/example_trigger_target_dag.py
[2023-11-07T19:54:21.347+0000] {processor.py:839} INFO - DAG(s) dict_keys(['example_trigger_target_dag']) retrieved from /usr/local/lib/python3.10/dist-packages/airflow/example_dags/example_trigger_target_dag.py
[2023-11-07T19:54:21.380+0000] {logging_mixin.py:154} INFO - [2023-11-07T19:54:21.379+0000] {dag.py:2941} INFO - Sync 1 DAGs
[2023-11-07T19:54:21.396+0000] {logging_mixin.py:154} INFO - [2023-11-07T19:54:21.395+0000] {dag.py:3722} INFO - Setting next_dagrun for example_trigger_target_dag to None, run_after=None
[2023-11-07T19:54:21.421+0000] {processor.py:179} INFO - Processing /usr/local/lib/python3.10/dist-packages/airflow/example_dags/example_trigger_target_dag.py took 0.086 seconds
[2023-11-07T19:54:55.242+0000] {processor.py:157} INFO - Started process (PID=4979) to work on /usr/local/lib/python3.10/dist-packages/airflow/example_dags/example_trigger_target_dag.py
[2023-11-07T19:54:55.243+0000] {processor.py:829} INFO - Processing file /usr/local/lib/python3.10/dist-packages/airflow/example_dags/example_trigger_target_dag.py for tasks to queue
[2023-11-07T19:54:55.244+0000] {logging_mixin.py:154} INFO - [2023-11-07T19:54:55.244+0000] {dagbag.py:536} INFO - Filling up the DagBag from /usr/local/lib/python3.10/dist-packages/airflow/example_dags/example_trigger_target_dag.py
[2023-11-07T19:54:55.251+0000] {processor.py:839} INFO - DAG(s) dict_keys(['example_trigger_target_dag']) retrieved from /usr/local/lib/python3.10/dist-packages/airflow/example_dags/example_trigger_target_dag.py
[2023-11-07T19:54:55.267+0000] {logging_mixin.py:154} INFO - [2023-11-07T19:54:55.267+0000] {dag.py:2941} INFO - Sync 1 DAGs
[2023-11-07T19:54:55.282+0000] {logging_mixin.py:154} INFO - [2023-11-07T19:54:55.282+0000] {dag.py:3722} INFO - Setting next_dagrun for example_trigger_target_dag to None, run_after=None
[2023-11-07T19:54:55.308+0000] {processor.py:179} INFO - Processing /usr/local/lib/python3.10/dist-packages/airflow/example_dags/example_trigger_target_dag.py took 0.070 seconds
[2023-11-07T19:55:29.450+0000] {processor.py:157} INFO - Started process (PID=5013) to work on /usr/local/lib/python3.10/dist-packages/airflow/example_dags/example_trigger_target_dag.py
[2023-11-07T19:55:29.451+0000] {processor.py:829} INFO - Processing file /usr/local/lib/python3.10/dist-packages/airflow/example_dags/example_trigger_target_dag.py for tasks to queue
[2023-11-07T19:55:29.452+0000] {logging_mixin.py:154} INFO - [2023-11-07T19:55:29.452+0000] {dagbag.py:536} INFO - Filling up the DagBag from /usr/local/lib/python3.10/dist-packages/airflow/example_dags/example_trigger_target_dag.py
[2023-11-07T19:55:29.467+0000] {processor.py:839} INFO - DAG(s) dict_keys(['example_trigger_target_dag']) retrieved from /usr/local/lib/python3.10/dist-packages/airflow/example_dags/example_trigger_target_dag.py
[2023-11-07T19:55:29.513+0000] {logging_mixin.py:154} INFO - [2023-11-07T19:55:29.512+0000] {dag.py:2941} INFO - Sync 1 DAGs
[2023-11-07T19:55:29.525+0000] {logging_mixin.py:154} INFO - [2023-11-07T19:55:29.525+0000] {dag.py:3722} INFO - Setting next_dagrun for example_trigger_target_dag to None, run_after=None
[2023-11-07T19:55:29.550+0000] {processor.py:179} INFO - Processing /usr/local/lib/python3.10/dist-packages/airflow/example_dags/example_trigger_target_dag.py took 0.104 seconds
[2023-11-07T19:56:06.164+0000] {processor.py:157} INFO - Started process (PID=5049) to work on /usr/local/lib/python3.10/dist-packages/airflow/example_dags/example_trigger_target_dag.py
[2023-11-07T19:56:06.173+0000] {processor.py:829} INFO - Processing file /usr/local/lib/python3.10/dist-packages/airflow/example_dags/example_trigger_target_dag.py for tasks to queue
[2023-11-07T19:56:06.175+0000] {logging_mixin.py:154} INFO - [2023-11-07T19:56:06.175+0000] {dagbag.py:536} INFO - Filling up the DagBag from /usr/local/lib/python3.10/dist-packages/airflow/example_dags/example_trigger_target_dag.py
[2023-11-07T19:56:06.200+0000] {processor.py:839} INFO - DAG(s) dict_keys(['example_trigger_target_dag']) retrieved from /usr/local/lib/python3.10/dist-packages/airflow/example_dags/example_trigger_target_dag.py
[2023-11-07T19:56:06.227+0000] {logging_mixin.py:154} INFO - [2023-11-07T19:56:06.226+0000] {dag.py:2941} INFO - Sync 1 DAGs
[2023-11-07T19:56:06.246+0000] {logging_mixin.py:154} INFO - [2023-11-07T19:56:06.246+0000] {dag.py:3722} INFO - Setting next_dagrun for example_trigger_target_dag to None, run_after=None
[2023-11-07T19:56:06.309+0000] {processor.py:179} INFO - Processing /usr/local/lib/python3.10/dist-packages/airflow/example_dags/example_trigger_target_dag.py took 0.149 seconds
[2023-11-07T19:56:41.771+0000] {processor.py:157} INFO - Started process (PID=5085) to work on /usr/local/lib/python3.10/dist-packages/airflow/example_dags/example_trigger_target_dag.py
[2023-11-07T19:56:41.772+0000] {processor.py:829} INFO - Processing file /usr/local/lib/python3.10/dist-packages/airflow/example_dags/example_trigger_target_dag.py for tasks to queue
[2023-11-07T19:56:41.773+0000] {logging_mixin.py:154} INFO - [2023-11-07T19:56:41.773+0000] {dagbag.py:536} INFO - Filling up the DagBag from /usr/local/lib/python3.10/dist-packages/airflow/example_dags/example_trigger_target_dag.py
[2023-11-07T19:56:41.780+0000] {processor.py:839} INFO - DAG(s) dict_keys(['example_trigger_target_dag']) retrieved from /usr/local/lib/python3.10/dist-packages/airflow/example_dags/example_trigger_target_dag.py
[2023-11-07T19:56:41.798+0000] {logging_mixin.py:154} INFO - [2023-11-07T19:56:41.798+0000] {dag.py:2941} INFO - Sync 1 DAGs
[2023-11-07T19:56:41.811+0000] {logging_mixin.py:154} INFO - [2023-11-07T19:56:41.810+0000] {dag.py:3722} INFO - Setting next_dagrun for example_trigger_target_dag to None, run_after=None
[2023-11-07T19:56:41.862+0000] {processor.py:179} INFO - Processing /usr/local/lib/python3.10/dist-packages/airflow/example_dags/example_trigger_target_dag.py took 0.094 seconds
[2023-11-07T19:57:17.594+0000] {processor.py:157} INFO - Started process (PID=5120) to work on /usr/local/lib/python3.10/dist-packages/airflow/example_dags/example_trigger_target_dag.py
[2023-11-07T19:57:17.595+0000] {processor.py:829} INFO - Processing file /usr/local/lib/python3.10/dist-packages/airflow/example_dags/example_trigger_target_dag.py for tasks to queue
[2023-11-07T19:57:17.596+0000] {logging_mixin.py:154} INFO - [2023-11-07T19:57:17.595+0000] {dagbag.py:536} INFO - Filling up the DagBag from /usr/local/lib/python3.10/dist-packages/airflow/example_dags/example_trigger_target_dag.py
[2023-11-07T19:57:17.602+0000] {processor.py:839} INFO - DAG(s) dict_keys(['example_trigger_target_dag']) retrieved from /usr/local/lib/python3.10/dist-packages/airflow/example_dags/example_trigger_target_dag.py
[2023-11-07T19:57:17.619+0000] {logging_mixin.py:154} INFO - [2023-11-07T19:57:17.619+0000] {dag.py:2941} INFO - Sync 1 DAGs
[2023-11-07T19:57:17.637+0000] {logging_mixin.py:154} INFO - [2023-11-07T19:57:17.637+0000] {dag.py:3722} INFO - Setting next_dagrun for example_trigger_target_dag to None, run_after=None
[2023-11-07T19:57:17.661+0000] {processor.py:179} INFO - Processing /usr/local/lib/python3.10/dist-packages/airflow/example_dags/example_trigger_target_dag.py took 0.070 seconds
[2023-11-07T19:57:52.720+0000] {processor.py:157} INFO - Started process (PID=5155) to work on /usr/local/lib/python3.10/dist-packages/airflow/example_dags/example_trigger_target_dag.py
[2023-11-07T19:57:52.722+0000] {processor.py:829} INFO - Processing file /usr/local/lib/python3.10/dist-packages/airflow/example_dags/example_trigger_target_dag.py for tasks to queue
[2023-11-07T19:57:52.722+0000] {logging_mixin.py:154} INFO - [2023-11-07T19:57:52.722+0000] {dagbag.py:536} INFO - Filling up the DagBag from /usr/local/lib/python3.10/dist-packages/airflow/example_dags/example_trigger_target_dag.py
[2023-11-07T19:57:52.728+0000] {processor.py:839} INFO - DAG(s) dict_keys(['example_trigger_target_dag']) retrieved from /usr/local/lib/python3.10/dist-packages/airflow/example_dags/example_trigger_target_dag.py
[2023-11-07T19:57:52.744+0000] {logging_mixin.py:154} INFO - [2023-11-07T19:57:52.744+0000] {dag.py:2941} INFO - Sync 1 DAGs
[2023-11-07T19:57:52.755+0000] {logging_mixin.py:154} INFO - [2023-11-07T19:57:52.755+0000] {dag.py:3722} INFO - Setting next_dagrun for example_trigger_target_dag to None, run_after=None
[2023-11-07T19:57:52.780+0000] {processor.py:179} INFO - Processing /usr/local/lib/python3.10/dist-packages/airflow/example_dags/example_trigger_target_dag.py took 0.062 seconds
[2023-11-07T19:58:39.224+0000] {processor.py:157} INFO - Started process (PID=5203) to work on /usr/local/lib/python3.10/dist-packages/airflow/example_dags/example_trigger_target_dag.py
[2023-11-07T19:58:39.225+0000] {processor.py:829} INFO - Processing file /usr/local/lib/python3.10/dist-packages/airflow/example_dags/example_trigger_target_dag.py for tasks to queue
[2023-11-07T19:58:39.226+0000] {logging_mixin.py:154} INFO - [2023-11-07T19:58:39.225+0000] {dagbag.py:536} INFO - Filling up the DagBag from /usr/local/lib/python3.10/dist-packages/airflow/example_dags/example_trigger_target_dag.py
[2023-11-07T19:58:39.233+0000] {processor.py:839} INFO - DAG(s) dict_keys(['example_trigger_target_dag']) retrieved from /usr/local/lib/python3.10/dist-packages/airflow/example_dags/example_trigger_target_dag.py
[2023-11-07T19:58:39.250+0000] {logging_mixin.py:154} INFO - [2023-11-07T19:58:39.249+0000] {dag.py:2941} INFO - Sync 1 DAGs
[2023-11-07T19:58:39.260+0000] {logging_mixin.py:154} INFO - [2023-11-07T19:58:39.260+0000] {dag.py:3722} INFO - Setting next_dagrun for example_trigger_target_dag to None, run_after=None
[2023-11-07T19:58:39.286+0000] {processor.py:179} INFO - Processing /usr/local/lib/python3.10/dist-packages/airflow/example_dags/example_trigger_target_dag.py took 0.066 seconds
[2023-11-07T19:59:13.528+0000] {processor.py:157} INFO - Started process (PID=5238) to work on /usr/local/lib/python3.10/dist-packages/airflow/example_dags/example_trigger_target_dag.py
[2023-11-07T19:59:13.529+0000] {processor.py:829} INFO - Processing file /usr/local/lib/python3.10/dist-packages/airflow/example_dags/example_trigger_target_dag.py for tasks to queue
[2023-11-07T19:59:13.530+0000] {logging_mixin.py:154} INFO - [2023-11-07T19:59:13.530+0000] {dagbag.py:536} INFO - Filling up the DagBag from /usr/local/lib/python3.10/dist-packages/airflow/example_dags/example_trigger_target_dag.py
[2023-11-07T19:59:13.538+0000] {processor.py:839} INFO - DAG(s) dict_keys(['example_trigger_target_dag']) retrieved from /usr/local/lib/python3.10/dist-packages/airflow/example_dags/example_trigger_target_dag.py
[2023-11-07T19:59:13.557+0000] {logging_mixin.py:154} INFO - [2023-11-07T19:59:13.557+0000] {dag.py:2941} INFO - Sync 1 DAGs
[2023-11-07T19:59:13.581+0000] {logging_mixin.py:154} INFO - [2023-11-07T19:59:13.581+0000] {dag.py:3722} INFO - Setting next_dagrun for example_trigger_target_dag to None, run_after=None
[2023-11-07T19:59:13.607+0000] {processor.py:179} INFO - Processing /usr/local/lib/python3.10/dist-packages/airflow/example_dags/example_trigger_target_dag.py took 0.083 seconds
[2023-11-07T19:59:46.827+0000] {processor.py:157} INFO - Started process (PID=5272) to work on /usr/local/lib/python3.10/dist-packages/airflow/example_dags/example_trigger_target_dag.py
[2023-11-07T19:59:46.828+0000] {processor.py:829} INFO - Processing file /usr/local/lib/python3.10/dist-packages/airflow/example_dags/example_trigger_target_dag.py for tasks to queue
[2023-11-07T19:59:46.828+0000] {logging_mixin.py:154} INFO - [2023-11-07T19:59:46.828+0000] {dagbag.py:536} INFO - Filling up the DagBag from /usr/local/lib/python3.10/dist-packages/airflow/example_dags/example_trigger_target_dag.py
[2023-11-07T19:59:46.834+0000] {processor.py:839} INFO - DAG(s) dict_keys(['example_trigger_target_dag']) retrieved from /usr/local/lib/python3.10/dist-packages/airflow/example_dags/example_trigger_target_dag.py
[2023-11-07T19:59:46.850+0000] {logging_mixin.py:154} INFO - [2023-11-07T19:59:46.850+0000] {dag.py:2941} INFO - Sync 1 DAGs
[2023-11-07T19:59:46.862+0000] {logging_mixin.py:154} INFO - [2023-11-07T19:59:46.862+0000] {dag.py:3722} INFO - Setting next_dagrun for example_trigger_target_dag to None, run_after=None
[2023-11-07T19:59:46.884+0000] {processor.py:179} INFO - Processing /usr/local/lib/python3.10/dist-packages/airflow/example_dags/example_trigger_target_dag.py took 0.061 seconds
[2023-11-07T20:00:22.235+0000] {processor.py:157} INFO - Started process (PID=5307) to work on /usr/local/lib/python3.10/dist-packages/airflow/example_dags/example_trigger_target_dag.py
[2023-11-07T20:00:22.239+0000] {processor.py:829} INFO - Processing file /usr/local/lib/python3.10/dist-packages/airflow/example_dags/example_trigger_target_dag.py for tasks to queue
[2023-11-07T20:00:22.239+0000] {logging_mixin.py:154} INFO - [2023-11-07T20:00:22.239+0000] {dagbag.py:536} INFO - Filling up the DagBag from /usr/local/lib/python3.10/dist-packages/airflow/example_dags/example_trigger_target_dag.py
[2023-11-07T20:00:22.253+0000] {processor.py:839} INFO - DAG(s) dict_keys(['example_trigger_target_dag']) retrieved from /usr/local/lib/python3.10/dist-packages/airflow/example_dags/example_trigger_target_dag.py
[2023-11-07T20:00:22.278+0000] {logging_mixin.py:154} INFO - [2023-11-07T20:00:22.278+0000] {dag.py:2941} INFO - Sync 1 DAGs
[2023-11-07T20:00:22.290+0000] {logging_mixin.py:154} INFO - [2023-11-07T20:00:22.290+0000] {dag.py:3722} INFO - Setting next_dagrun for example_trigger_target_dag to None, run_after=None
[2023-11-07T20:00:22.314+0000] {processor.py:179} INFO - Processing /usr/local/lib/python3.10/dist-packages/airflow/example_dags/example_trigger_target_dag.py took 0.087 seconds
[2023-11-07T20:00:58.399+0000] {processor.py:157} INFO - Started process (PID=5343) to work on /usr/local/lib/python3.10/dist-packages/airflow/example_dags/example_trigger_target_dag.py
[2023-11-07T20:00:58.401+0000] {processor.py:829} INFO - Processing file /usr/local/lib/python3.10/dist-packages/airflow/example_dags/example_trigger_target_dag.py for tasks to queue
[2023-11-07T20:00:58.402+0000] {logging_mixin.py:154} INFO - [2023-11-07T20:00:58.402+0000] {dagbag.py:536} INFO - Filling up the DagBag from /usr/local/lib/python3.10/dist-packages/airflow/example_dags/example_trigger_target_dag.py
[2023-11-07T20:00:58.432+0000] {processor.py:839} INFO - DAG(s) dict_keys(['example_trigger_target_dag']) retrieved from /usr/local/lib/python3.10/dist-packages/airflow/example_dags/example_trigger_target_dag.py
[2023-11-07T20:00:58.465+0000] {logging_mixin.py:154} INFO - [2023-11-07T20:00:58.465+0000] {dag.py:2941} INFO - Sync 1 DAGs
[2023-11-07T20:00:58.479+0000] {logging_mixin.py:154} INFO - [2023-11-07T20:00:58.479+0000] {dag.py:3722} INFO - Setting next_dagrun for example_trigger_target_dag to None, run_after=None
[2023-11-07T20:00:58.504+0000] {processor.py:179} INFO - Processing /usr/local/lib/python3.10/dist-packages/airflow/example_dags/example_trigger_target_dag.py took 0.108 seconds
[2023-11-07T20:01:33.314+0000] {processor.py:157} INFO - Started process (PID=5379) to work on /usr/local/lib/python3.10/dist-packages/airflow/example_dags/example_trigger_target_dag.py
[2023-11-07T20:01:33.316+0000] {processor.py:829} INFO - Processing file /usr/local/lib/python3.10/dist-packages/airflow/example_dags/example_trigger_target_dag.py for tasks to queue
[2023-11-07T20:01:33.317+0000] {logging_mixin.py:154} INFO - [2023-11-07T20:01:33.316+0000] {dagbag.py:536} INFO - Filling up the DagBag from /usr/local/lib/python3.10/dist-packages/airflow/example_dags/example_trigger_target_dag.py
[2023-11-07T20:01:33.324+0000] {processor.py:839} INFO - DAG(s) dict_keys(['example_trigger_target_dag']) retrieved from /usr/local/lib/python3.10/dist-packages/airflow/example_dags/example_trigger_target_dag.py
[2023-11-07T20:01:33.342+0000] {logging_mixin.py:154} INFO - [2023-11-07T20:01:33.342+0000] {dag.py:2941} INFO - Sync 1 DAGs
[2023-11-07T20:01:33.355+0000] {logging_mixin.py:154} INFO - [2023-11-07T20:01:33.354+0000] {dag.py:3722} INFO - Setting next_dagrun for example_trigger_target_dag to None, run_after=None
[2023-11-07T20:01:33.379+0000] {processor.py:179} INFO - Processing /usr/local/lib/python3.10/dist-packages/airflow/example_dags/example_trigger_target_dag.py took 0.070 seconds
[2023-11-07T20:02:15.292+0000] {processor.py:157} INFO - Started process (PID=5423) to work on /usr/local/lib/python3.10/dist-packages/airflow/example_dags/example_trigger_target_dag.py
[2023-11-07T20:02:15.293+0000] {processor.py:829} INFO - Processing file /usr/local/lib/python3.10/dist-packages/airflow/example_dags/example_trigger_target_dag.py for tasks to queue
[2023-11-07T20:02:15.294+0000] {logging_mixin.py:154} INFO - [2023-11-07T20:02:15.293+0000] {dagbag.py:536} INFO - Filling up the DagBag from /usr/local/lib/python3.10/dist-packages/airflow/example_dags/example_trigger_target_dag.py
[2023-11-07T20:02:15.300+0000] {processor.py:839} INFO - DAG(s) dict_keys(['example_trigger_target_dag']) retrieved from /usr/local/lib/python3.10/dist-packages/airflow/example_dags/example_trigger_target_dag.py
[2023-11-07T20:02:15.318+0000] {logging_mixin.py:154} INFO - [2023-11-07T20:02:15.317+0000] {dag.py:2941} INFO - Sync 1 DAGs
[2023-11-07T20:02:15.328+0000] {logging_mixin.py:154} INFO - [2023-11-07T20:02:15.328+0000] {dag.py:3722} INFO - Setting next_dagrun for example_trigger_target_dag to None, run_after=None
[2023-11-07T20:02:15.351+0000] {processor.py:179} INFO - Processing /usr/local/lib/python3.10/dist-packages/airflow/example_dags/example_trigger_target_dag.py took 0.062 seconds
[2023-11-07T20:02:49.126+0000] {processor.py:157} INFO - Started process (PID=5458) to work on /usr/local/lib/python3.10/dist-packages/airflow/example_dags/example_trigger_target_dag.py
[2023-11-07T20:02:49.127+0000] {processor.py:829} INFO - Processing file /usr/local/lib/python3.10/dist-packages/airflow/example_dags/example_trigger_target_dag.py for tasks to queue
[2023-11-07T20:02:49.128+0000] {logging_mixin.py:154} INFO - [2023-11-07T20:02:49.128+0000] {dagbag.py:536} INFO - Filling up the DagBag from /usr/local/lib/python3.10/dist-packages/airflow/example_dags/example_trigger_target_dag.py
[2023-11-07T20:02:49.134+0000] {processor.py:839} INFO - DAG(s) dict_keys(['example_trigger_target_dag']) retrieved from /usr/local/lib/python3.10/dist-packages/airflow/example_dags/example_trigger_target_dag.py
[2023-11-07T20:02:49.150+0000] {logging_mixin.py:154} INFO - [2023-11-07T20:02:49.149+0000] {dag.py:2941} INFO - Sync 1 DAGs
[2023-11-07T20:02:49.161+0000] {logging_mixin.py:154} INFO - [2023-11-07T20:02:49.161+0000] {dag.py:3722} INFO - Setting next_dagrun for example_trigger_target_dag to None, run_after=None
[2023-11-07T20:02:49.207+0000] {processor.py:179} INFO - Processing /usr/local/lib/python3.10/dist-packages/airflow/example_dags/example_trigger_target_dag.py took 0.085 seconds
[2023-11-07T20:03:22.469+0000] {processor.py:157} INFO - Started process (PID=5492) to work on /usr/local/lib/python3.10/dist-packages/airflow/example_dags/example_trigger_target_dag.py
[2023-11-07T20:03:22.470+0000] {processor.py:829} INFO - Processing file /usr/local/lib/python3.10/dist-packages/airflow/example_dags/example_trigger_target_dag.py for tasks to queue
[2023-11-07T20:03:22.470+0000] {logging_mixin.py:154} INFO - [2023-11-07T20:03:22.470+0000] {dagbag.py:536} INFO - Filling up the DagBag from /usr/local/lib/python3.10/dist-packages/airflow/example_dags/example_trigger_target_dag.py
[2023-11-07T20:03:22.476+0000] {processor.py:839} INFO - DAG(s) dict_keys(['example_trigger_target_dag']) retrieved from /usr/local/lib/python3.10/dist-packages/airflow/example_dags/example_trigger_target_dag.py
[2023-11-07T20:03:22.492+0000] {logging_mixin.py:154} INFO - [2023-11-07T20:03:22.491+0000] {dag.py:2941} INFO - Sync 1 DAGs
[2023-11-07T20:03:22.502+0000] {logging_mixin.py:154} INFO - [2023-11-07T20:03:22.502+0000] {dag.py:3722} INFO - Setting next_dagrun for example_trigger_target_dag to None, run_after=None
[2023-11-07T20:03:22.524+0000] {processor.py:179} INFO - Processing /usr/local/lib/python3.10/dist-packages/airflow/example_dags/example_trigger_target_dag.py took 0.058 seconds
[2023-11-07T20:03:56.223+0000] {processor.py:157} INFO - Started process (PID=5527) to work on /usr/local/lib/python3.10/dist-packages/airflow/example_dags/example_trigger_target_dag.py
[2023-11-07T20:03:56.224+0000] {processor.py:829} INFO - Processing file /usr/local/lib/python3.10/dist-packages/airflow/example_dags/example_trigger_target_dag.py for tasks to queue
[2023-11-07T20:03:56.225+0000] {logging_mixin.py:154} INFO - [2023-11-07T20:03:56.224+0000] {dagbag.py:536} INFO - Filling up the DagBag from /usr/local/lib/python3.10/dist-packages/airflow/example_dags/example_trigger_target_dag.py
[2023-11-07T20:03:56.232+0000] {processor.py:839} INFO - DAG(s) dict_keys(['example_trigger_target_dag']) retrieved from /usr/local/lib/python3.10/dist-packages/airflow/example_dags/example_trigger_target_dag.py
[2023-11-07T20:03:56.252+0000] {logging_mixin.py:154} INFO - [2023-11-07T20:03:56.252+0000] {dag.py:2941} INFO - Sync 1 DAGs
[2023-11-07T20:03:56.263+0000] {logging_mixin.py:154} INFO - [2023-11-07T20:03:56.263+0000] {dag.py:3722} INFO - Setting next_dagrun for example_trigger_target_dag to None, run_after=None
[2023-11-07T20:03:56.286+0000] {processor.py:179} INFO - Processing /usr/local/lib/python3.10/dist-packages/airflow/example_dags/example_trigger_target_dag.py took 0.068 seconds
[2023-11-07T20:04:27.755+0000] {processor.py:157} INFO - Started process (PID=5560) to work on /usr/local/lib/python3.10/dist-packages/airflow/example_dags/example_trigger_target_dag.py
[2023-11-07T20:04:27.755+0000] {processor.py:829} INFO - Processing file /usr/local/lib/python3.10/dist-packages/airflow/example_dags/example_trigger_target_dag.py for tasks to queue
[2023-11-07T20:04:27.756+0000] {logging_mixin.py:154} INFO - [2023-11-07T20:04:27.756+0000] {dagbag.py:536} INFO - Filling up the DagBag from /usr/local/lib/python3.10/dist-packages/airflow/example_dags/example_trigger_target_dag.py
[2023-11-07T20:04:27.783+0000] {processor.py:839} INFO - DAG(s) dict_keys(['example_trigger_target_dag']) retrieved from /usr/local/lib/python3.10/dist-packages/airflow/example_dags/example_trigger_target_dag.py
[2023-11-07T20:04:27.820+0000] {logging_mixin.py:154} INFO - [2023-11-07T20:04:27.819+0000] {dag.py:2941} INFO - Sync 1 DAGs
[2023-11-07T20:04:27.842+0000] {logging_mixin.py:154} INFO - [2023-11-07T20:04:27.842+0000] {dag.py:3722} INFO - Setting next_dagrun for example_trigger_target_dag to None, run_after=None
[2023-11-07T20:04:27.866+0000] {processor.py:179} INFO - Processing /usr/local/lib/python3.10/dist-packages/airflow/example_dags/example_trigger_target_dag.py took 0.115 seconds
[2023-11-07T20:04:59.755+0000] {processor.py:157} INFO - Started process (PID=5594) to work on /usr/local/lib/python3.10/dist-packages/airflow/example_dags/example_trigger_target_dag.py
[2023-11-07T20:04:59.756+0000] {processor.py:829} INFO - Processing file /usr/local/lib/python3.10/dist-packages/airflow/example_dags/example_trigger_target_dag.py for tasks to queue
[2023-11-07T20:04:59.758+0000] {logging_mixin.py:154} INFO - [2023-11-07T20:04:59.757+0000] {dagbag.py:536} INFO - Filling up the DagBag from /usr/local/lib/python3.10/dist-packages/airflow/example_dags/example_trigger_target_dag.py
[2023-11-07T20:04:59.767+0000] {processor.py:839} INFO - DAG(s) dict_keys(['example_trigger_target_dag']) retrieved from /usr/local/lib/python3.10/dist-packages/airflow/example_dags/example_trigger_target_dag.py
[2023-11-07T20:04:59.787+0000] {logging_mixin.py:154} INFO - [2023-11-07T20:04:59.786+0000] {dag.py:2941} INFO - Sync 1 DAGs
[2023-11-07T20:04:59.801+0000] {logging_mixin.py:154} INFO - [2023-11-07T20:04:59.800+0000] {dag.py:3722} INFO - Setting next_dagrun for example_trigger_target_dag to None, run_after=None
[2023-11-07T20:04:59.828+0000] {processor.py:179} INFO - Processing /usr/local/lib/python3.10/dist-packages/airflow/example_dags/example_trigger_target_dag.py took 0.077 seconds
[2023-11-07T20:05:33.773+0000] {processor.py:157} INFO - Started process (PID=5628) to work on /usr/local/lib/python3.10/dist-packages/airflow/example_dags/example_trigger_target_dag.py
[2023-11-07T20:05:33.775+0000] {processor.py:829} INFO - Processing file /usr/local/lib/python3.10/dist-packages/airflow/example_dags/example_trigger_target_dag.py for tasks to queue
[2023-11-07T20:05:33.775+0000] {logging_mixin.py:154} INFO - [2023-11-07T20:05:33.775+0000] {dagbag.py:536} INFO - Filling up the DagBag from /usr/local/lib/python3.10/dist-packages/airflow/example_dags/example_trigger_target_dag.py
[2023-11-07T20:05:33.781+0000] {processor.py:839} INFO - DAG(s) dict_keys(['example_trigger_target_dag']) retrieved from /usr/local/lib/python3.10/dist-packages/airflow/example_dags/example_trigger_target_dag.py
[2023-11-07T20:05:33.797+0000] {logging_mixin.py:154} INFO - [2023-11-07T20:05:33.797+0000] {dag.py:2941} INFO - Sync 1 DAGs
[2023-11-07T20:05:33.807+0000] {logging_mixin.py:154} INFO - [2023-11-07T20:05:33.807+0000] {dag.py:3722} INFO - Setting next_dagrun for example_trigger_target_dag to None, run_after=None
[2023-11-07T20:05:33.829+0000] {processor.py:179} INFO - Processing /usr/local/lib/python3.10/dist-packages/airflow/example_dags/example_trigger_target_dag.py took 0.059 seconds
[2023-11-07T20:06:06.721+0000] {processor.py:157} INFO - Started process (PID=5662) to work on /usr/local/lib/python3.10/dist-packages/airflow/example_dags/example_trigger_target_dag.py
[2023-11-07T20:06:06.723+0000] {processor.py:829} INFO - Processing file /usr/local/lib/python3.10/dist-packages/airflow/example_dags/example_trigger_target_dag.py for tasks to queue
[2023-11-07T20:06:06.726+0000] {logging_mixin.py:154} INFO - [2023-11-07T20:06:06.723+0000] {dagbag.py:536} INFO - Filling up the DagBag from /usr/local/lib/python3.10/dist-packages/airflow/example_dags/example_trigger_target_dag.py
[2023-11-07T20:06:06.736+0000] {processor.py:839} INFO - DAG(s) dict_keys(['example_trigger_target_dag']) retrieved from /usr/local/lib/python3.10/dist-packages/airflow/example_dags/example_trigger_target_dag.py
[2023-11-07T20:06:06.757+0000] {logging_mixin.py:154} INFO - [2023-11-07T20:06:06.757+0000] {dag.py:2941} INFO - Sync 1 DAGs
[2023-11-07T20:06:06.769+0000] {logging_mixin.py:154} INFO - [2023-11-07T20:06:06.768+0000] {dag.py:3722} INFO - Setting next_dagrun for example_trigger_target_dag to None, run_after=None
[2023-11-07T20:06:06.790+0000] {processor.py:179} INFO - Processing /usr/local/lib/python3.10/dist-packages/airflow/example_dags/example_trigger_target_dag.py took 0.075 seconds
[2023-11-07T20:06:39.946+0000] {processor.py:157} INFO - Started process (PID=5696) to work on /usr/local/lib/python3.10/dist-packages/airflow/example_dags/example_trigger_target_dag.py
[2023-11-07T20:06:39.947+0000] {processor.py:829} INFO - Processing file /usr/local/lib/python3.10/dist-packages/airflow/example_dags/example_trigger_target_dag.py for tasks to queue
[2023-11-07T20:06:39.948+0000] {logging_mixin.py:154} INFO - [2023-11-07T20:06:39.947+0000] {dagbag.py:536} INFO - Filling up the DagBag from /usr/local/lib/python3.10/dist-packages/airflow/example_dags/example_trigger_target_dag.py
[2023-11-07T20:06:39.955+0000] {processor.py:839} INFO - DAG(s) dict_keys(['example_trigger_target_dag']) retrieved from /usr/local/lib/python3.10/dist-packages/airflow/example_dags/example_trigger_target_dag.py
[2023-11-07T20:06:39.974+0000] {logging_mixin.py:154} INFO - [2023-11-07T20:06:39.974+0000] {dag.py:2941} INFO - Sync 1 DAGs
[2023-11-07T20:06:39.986+0000] {logging_mixin.py:154} INFO - [2023-11-07T20:06:39.986+0000] {dag.py:3722} INFO - Setting next_dagrun for example_trigger_target_dag to None, run_after=None
[2023-11-07T20:06:40.013+0000] {processor.py:179} INFO - Processing /usr/local/lib/python3.10/dist-packages/airflow/example_dags/example_trigger_target_dag.py took 0.071 seconds
[2023-11-07T20:07:13.457+0000] {processor.py:157} INFO - Started process (PID=5730) to work on /usr/local/lib/python3.10/dist-packages/airflow/example_dags/example_trigger_target_dag.py
[2023-11-07T20:07:13.458+0000] {processor.py:829} INFO - Processing file /usr/local/lib/python3.10/dist-packages/airflow/example_dags/example_trigger_target_dag.py for tasks to queue
[2023-11-07T20:07:13.464+0000] {logging_mixin.py:154} INFO - [2023-11-07T20:07:13.459+0000] {dagbag.py:536} INFO - Filling up the DagBag from /usr/local/lib/python3.10/dist-packages/airflow/example_dags/example_trigger_target_dag.py
[2023-11-07T20:07:13.471+0000] {processor.py:839} INFO - DAG(s) dict_keys(['example_trigger_target_dag']) retrieved from /usr/local/lib/python3.10/dist-packages/airflow/example_dags/example_trigger_target_dag.py
[2023-11-07T20:07:13.498+0000] {logging_mixin.py:154} INFO - [2023-11-07T20:07:13.498+0000] {dag.py:2941} INFO - Sync 1 DAGs
[2023-11-07T20:07:13.521+0000] {logging_mixin.py:154} INFO - [2023-11-07T20:07:13.520+0000] {dag.py:3722} INFO - Setting next_dagrun for example_trigger_target_dag to None, run_after=None
[2023-11-07T20:07:13.558+0000] {processor.py:179} INFO - Processing /usr/local/lib/python3.10/dist-packages/airflow/example_dags/example_trigger_target_dag.py took 0.105 seconds
[2023-11-07T20:07:47.763+0000] {processor.py:157} INFO - Started process (PID=5767) to work on /usr/local/lib/python3.10/dist-packages/airflow/example_dags/example_trigger_target_dag.py
[2023-11-07T20:07:47.766+0000] {processor.py:829} INFO - Processing file /usr/local/lib/python3.10/dist-packages/airflow/example_dags/example_trigger_target_dag.py for tasks to queue
[2023-11-07T20:07:47.767+0000] {logging_mixin.py:154} INFO - [2023-11-07T20:07:47.766+0000] {dagbag.py:536} INFO - Filling up the DagBag from /usr/local/lib/python3.10/dist-packages/airflow/example_dags/example_trigger_target_dag.py
[2023-11-07T20:07:47.778+0000] {processor.py:839} INFO - DAG(s) dict_keys(['example_trigger_target_dag']) retrieved from /usr/local/lib/python3.10/dist-packages/airflow/example_dags/example_trigger_target_dag.py
[2023-11-07T20:07:47.808+0000] {logging_mixin.py:154} INFO - [2023-11-07T20:07:47.808+0000] {dag.py:2941} INFO - Sync 1 DAGs
[2023-11-07T20:07:47.819+0000] {logging_mixin.py:154} INFO - [2023-11-07T20:07:47.819+0000] {dag.py:3722} INFO - Setting next_dagrun for example_trigger_target_dag to None, run_after=None
[2023-11-07T20:07:47.840+0000] {processor.py:179} INFO - Processing /usr/local/lib/python3.10/dist-packages/airflow/example_dags/example_trigger_target_dag.py took 0.085 seconds
