[2023-11-07T19:32:15.791+0000] {processor.py:157} INFO - Started process (PID=3588) to work on /usr/local/lib/python3.10/dist-packages/airflow/example_dags/example_branch_datetime_operator.py
[2023-11-07T19:32:15.792+0000] {processor.py:829} INFO - Processing file /usr/local/lib/python3.10/dist-packages/airflow/example_dags/example_branch_datetime_operator.py for tasks to queue
[2023-11-07T19:32:15.793+0000] {logging_mixin.py:154} INFO - [2023-11-07T19:32:15.792+0000] {dagbag.py:536} INFO - Filling up the DagBag from /usr/local/lib/python3.10/dist-packages/airflow/example_dags/example_branch_datetime_operator.py
[2023-11-07T19:32:15.803+0000] {processor.py:839} INFO - DAG(s) dict_keys(['example_branch_datetime_operator', 'example_branch_datetime_operator_3', 'example_branch_datetime_operator_2']) retrieved from /usr/local/lib/python3.10/dist-packages/airflow/example_dags/example_branch_datetime_operator.py
[2023-11-07T19:32:15.907+0000] {logging_mixin.py:154} INFO - [2023-11-07T19:32:15.906+0000] {manager.py:499} INFO - Created Permission View: %s
[2023-11-07T19:32:15.919+0000] {logging_mixin.py:154} INFO - [2023-11-07T19:32:15.919+0000] {manager.py:499} INFO - Created Permission View: %s
[2023-11-07T19:32:15.927+0000] {logging_mixin.py:154} INFO - [2023-11-07T19:32:15.927+0000] {manager.py:499} INFO - Created Permission View: %s
[2023-11-07T19:32:15.945+0000] {logging_mixin.py:154} INFO - [2023-11-07T19:32:15.945+0000] {manager.py:499} INFO - Created Permission View: %s
[2023-11-07T19:32:15.954+0000] {logging_mixin.py:154} INFO - [2023-11-07T19:32:15.954+0000] {manager.py:499} INFO - Created Permission View: %s
[2023-11-07T19:32:15.962+0000] {logging_mixin.py:154} INFO - [2023-11-07T19:32:15.962+0000] {manager.py:499} INFO - Created Permission View: %s
[2023-11-07T19:32:15.982+0000] {logging_mixin.py:154} INFO - [2023-11-07T19:32:15.982+0000] {manager.py:499} INFO - Created Permission View: %s
[2023-11-07T19:32:15.991+0000] {logging_mixin.py:154} INFO - [2023-11-07T19:32:15.990+0000] {manager.py:499} INFO - Created Permission View: %s
[2023-11-07T19:32:15.998+0000] {logging_mixin.py:154} INFO - [2023-11-07T19:32:15.998+0000] {manager.py:499} INFO - Created Permission View: %s
[2023-11-07T19:32:15.999+0000] {logging_mixin.py:154} INFO - [2023-11-07T19:32:15.999+0000] {dag.py:2941} INFO - Sync 3 DAGs
[2023-11-07T19:32:16.009+0000] {logging_mixin.py:154} INFO - [2023-11-07T19:32:16.009+0000] {dag.py:2963} INFO - Creating ORM DAG for example_branch_datetime_operator_2
[2023-11-07T19:32:16.009+0000] {logging_mixin.py:154} INFO - [2023-11-07T19:32:16.009+0000] {dag.py:2963} INFO - Creating ORM DAG for example_branch_datetime_operator_3
[2023-11-07T19:32:16.010+0000] {logging_mixin.py:154} INFO - [2023-11-07T19:32:16.010+0000] {dag.py:2963} INFO - Creating ORM DAG for example_branch_datetime_operator
[2023-11-07T19:32:16.019+0000] {logging_mixin.py:154} INFO - [2023-11-07T19:32:16.019+0000] {dag.py:3722} INFO - Setting next_dagrun for example_branch_datetime_operator to 2023-11-06T00:00:00+00:00, run_after=2023-11-07T00:00:00+00:00
[2023-11-07T19:32:16.021+0000] {logging_mixin.py:154} INFO - [2023-11-07T19:32:16.020+0000] {dag.py:3722} INFO - Setting next_dagrun for example_branch_datetime_operator_2 to 2023-11-06T00:00:00+00:00, run_after=2023-11-07T00:00:00+00:00
[2023-11-07T19:32:16.022+0000] {logging_mixin.py:154} INFO - [2023-11-07T19:32:16.022+0000] {dag.py:3722} INFO - Setting next_dagrun for example_branch_datetime_operator_3 to 2023-11-06T00:00:00+00:00, run_after=2023-11-07T00:00:00+00:00
[2023-11-07T19:32:16.048+0000] {processor.py:179} INFO - Processing /usr/local/lib/python3.10/dist-packages/airflow/example_dags/example_branch_datetime_operator.py took 0.261 seconds
[2023-11-07T19:33:12.584+0000] {processor.py:157} INFO - Started process (PID=3646) to work on /usr/local/lib/python3.10/dist-packages/airflow/example_dags/example_branch_datetime_operator.py
[2023-11-07T19:33:12.585+0000] {processor.py:829} INFO - Processing file /usr/local/lib/python3.10/dist-packages/airflow/example_dags/example_branch_datetime_operator.py for tasks to queue
[2023-11-07T19:33:12.586+0000] {logging_mixin.py:154} INFO - [2023-11-07T19:33:12.586+0000] {dagbag.py:536} INFO - Filling up the DagBag from /usr/local/lib/python3.10/dist-packages/airflow/example_dags/example_branch_datetime_operator.py
[2023-11-07T19:33:12.608+0000] {processor.py:839} INFO - DAG(s) dict_keys(['example_branch_datetime_operator_3', 'example_branch_datetime_operator', 'example_branch_datetime_operator_2']) retrieved from /usr/local/lib/python3.10/dist-packages/airflow/example_dags/example_branch_datetime_operator.py
[2023-11-07T19:33:12.655+0000] {logging_mixin.py:154} INFO - [2023-11-07T19:33:12.654+0000] {dag.py:2941} INFO - Sync 3 DAGs
[2023-11-07T19:33:12.678+0000] {logging_mixin.py:154} INFO - [2023-11-07T19:33:12.677+0000] {dag.py:3722} INFO - Setting next_dagrun for example_branch_datetime_operator to 2023-11-06T00:00:00+00:00, run_after=2023-11-07T00:00:00+00:00
[2023-11-07T19:33:12.683+0000] {logging_mixin.py:154} INFO - [2023-11-07T19:33:12.683+0000] {dag.py:3722} INFO - Setting next_dagrun for example_branch_datetime_operator_2 to 2023-11-06T00:00:00+00:00, run_after=2023-11-07T00:00:00+00:00
[2023-11-07T19:33:12.685+0000] {logging_mixin.py:154} INFO - [2023-11-07T19:33:12.685+0000] {dag.py:3722} INFO - Setting next_dagrun for example_branch_datetime_operator_3 to 2023-11-06T00:00:00+00:00, run_after=2023-11-07T00:00:00+00:00
[2023-11-07T19:33:12.705+0000] {processor.py:179} INFO - Processing /usr/local/lib/python3.10/dist-packages/airflow/example_dags/example_branch_datetime_operator.py took 0.132 seconds
[2023-11-07T19:33:59.030+0000] {processor.py:157} INFO - Started process (PID=3694) to work on /usr/local/lib/python3.10/dist-packages/airflow/example_dags/example_branch_datetime_operator.py
[2023-11-07T19:33:59.031+0000] {processor.py:829} INFO - Processing file /usr/local/lib/python3.10/dist-packages/airflow/example_dags/example_branch_datetime_operator.py for tasks to queue
[2023-11-07T19:33:59.032+0000] {logging_mixin.py:154} INFO - [2023-11-07T19:33:59.031+0000] {dagbag.py:536} INFO - Filling up the DagBag from /usr/local/lib/python3.10/dist-packages/airflow/example_dags/example_branch_datetime_operator.py
[2023-11-07T19:33:59.041+0000] {processor.py:839} INFO - DAG(s) dict_keys(['example_branch_datetime_operator_3', 'example_branch_datetime_operator_2', 'example_branch_datetime_operator']) retrieved from /usr/local/lib/python3.10/dist-packages/airflow/example_dags/example_branch_datetime_operator.py
[2023-11-07T19:33:59.064+0000] {logging_mixin.py:154} INFO - [2023-11-07T19:33:59.063+0000] {dag.py:2941} INFO - Sync 3 DAGs
[2023-11-07T19:33:59.083+0000] {logging_mixin.py:154} INFO - [2023-11-07T19:33:59.082+0000] {dag.py:3722} INFO - Setting next_dagrun for example_branch_datetime_operator to 2023-11-06T00:00:00+00:00, run_after=2023-11-07T00:00:00+00:00
[2023-11-07T19:33:59.087+0000] {logging_mixin.py:154} INFO - [2023-11-07T19:33:59.087+0000] {dag.py:3722} INFO - Setting next_dagrun for example_branch_datetime_operator_2 to 2023-11-06T00:00:00+00:00, run_after=2023-11-07T00:00:00+00:00
[2023-11-07T19:33:59.089+0000] {logging_mixin.py:154} INFO - [2023-11-07T19:33:59.089+0000] {dag.py:3722} INFO - Setting next_dagrun for example_branch_datetime_operator_3 to 2023-11-06T00:00:00+00:00, run_after=2023-11-07T00:00:00+00:00
[2023-11-07T19:33:59.111+0000] {processor.py:179} INFO - Processing /usr/local/lib/python3.10/dist-packages/airflow/example_dags/example_branch_datetime_operator.py took 0.085 seconds
[2023-11-07T19:34:48.159+0000] {processor.py:157} INFO - Started process (PID=3745) to work on /usr/local/lib/python3.10/dist-packages/airflow/example_dags/example_branch_datetime_operator.py
[2023-11-07T19:34:48.161+0000] {processor.py:829} INFO - Processing file /usr/local/lib/python3.10/dist-packages/airflow/example_dags/example_branch_datetime_operator.py for tasks to queue
[2023-11-07T19:34:48.162+0000] {logging_mixin.py:154} INFO - [2023-11-07T19:34:48.161+0000] {dagbag.py:536} INFO - Filling up the DagBag from /usr/local/lib/python3.10/dist-packages/airflow/example_dags/example_branch_datetime_operator.py
[2023-11-07T19:34:48.171+0000] {processor.py:839} INFO - DAG(s) dict_keys(['example_branch_datetime_operator', 'example_branch_datetime_operator_2', 'example_branch_datetime_operator_3']) retrieved from /usr/local/lib/python3.10/dist-packages/airflow/example_dags/example_branch_datetime_operator.py
[2023-11-07T19:34:48.194+0000] {logging_mixin.py:154} INFO - [2023-11-07T19:34:48.194+0000] {dag.py:2941} INFO - Sync 3 DAGs
[2023-11-07T19:34:48.214+0000] {logging_mixin.py:154} INFO - [2023-11-07T19:34:48.214+0000] {dag.py:3722} INFO - Setting next_dagrun for example_branch_datetime_operator to 2023-11-06T00:00:00+00:00, run_after=2023-11-07T00:00:00+00:00
[2023-11-07T19:34:48.219+0000] {logging_mixin.py:154} INFO - [2023-11-07T19:34:48.219+0000] {dag.py:3722} INFO - Setting next_dagrun for example_branch_datetime_operator_2 to 2023-11-06T00:00:00+00:00, run_after=2023-11-07T00:00:00+00:00
[2023-11-07T19:34:48.221+0000] {logging_mixin.py:154} INFO - [2023-11-07T19:34:48.221+0000] {dag.py:3722} INFO - Setting next_dagrun for example_branch_datetime_operator_3 to 2023-11-06T00:00:00+00:00, run_after=2023-11-07T00:00:00+00:00
[2023-11-07T19:34:48.241+0000] {processor.py:179} INFO - Processing /usr/local/lib/python3.10/dist-packages/airflow/example_dags/example_branch_datetime_operator.py took 0.086 seconds
[2023-11-07T19:35:32.094+0000] {processor.py:157} INFO - Started process (PID=3794) to work on /usr/local/lib/python3.10/dist-packages/airflow/example_dags/example_branch_datetime_operator.py
[2023-11-07T19:35:32.095+0000] {processor.py:829} INFO - Processing file /usr/local/lib/python3.10/dist-packages/airflow/example_dags/example_branch_datetime_operator.py for tasks to queue
[2023-11-07T19:35:32.096+0000] {logging_mixin.py:154} INFO - [2023-11-07T19:35:32.096+0000] {dagbag.py:536} INFO - Filling up the DagBag from /usr/local/lib/python3.10/dist-packages/airflow/example_dags/example_branch_datetime_operator.py
[2023-11-07T19:35:32.106+0000] {processor.py:839} INFO - DAG(s) dict_keys(['example_branch_datetime_operator', 'example_branch_datetime_operator_2', 'example_branch_datetime_operator_3']) retrieved from /usr/local/lib/python3.10/dist-packages/airflow/example_dags/example_branch_datetime_operator.py
[2023-11-07T19:35:32.128+0000] {logging_mixin.py:154} INFO - [2023-11-07T19:35:32.128+0000] {dag.py:2941} INFO - Sync 3 DAGs
[2023-11-07T19:35:32.148+0000] {logging_mixin.py:154} INFO - [2023-11-07T19:35:32.148+0000] {dag.py:3722} INFO - Setting next_dagrun for example_branch_datetime_operator to 2023-11-06T00:00:00+00:00, run_after=2023-11-07T00:00:00+00:00
[2023-11-07T19:35:32.152+0000] {logging_mixin.py:154} INFO - [2023-11-07T19:35:32.152+0000] {dag.py:3722} INFO - Setting next_dagrun for example_branch_datetime_operator_2 to 2023-11-06T00:00:00+00:00, run_after=2023-11-07T00:00:00+00:00
[2023-11-07T19:35:32.155+0000] {logging_mixin.py:154} INFO - [2023-11-07T19:35:32.154+0000] {dag.py:3722} INFO - Setting next_dagrun for example_branch_datetime_operator_3 to 2023-11-06T00:00:00+00:00, run_after=2023-11-07T00:00:00+00:00
[2023-11-07T19:35:32.174+0000] {processor.py:179} INFO - Processing /usr/local/lib/python3.10/dist-packages/airflow/example_dags/example_branch_datetime_operator.py took 0.083 seconds
[2023-11-07T19:36:20.825+0000] {processor.py:157} INFO - Started process (PID=3842) to work on /usr/local/lib/python3.10/dist-packages/airflow/example_dags/example_branch_datetime_operator.py
[2023-11-07T19:36:20.826+0000] {processor.py:829} INFO - Processing file /usr/local/lib/python3.10/dist-packages/airflow/example_dags/example_branch_datetime_operator.py for tasks to queue
[2023-11-07T19:36:20.827+0000] {logging_mixin.py:154} INFO - [2023-11-07T19:36:20.827+0000] {dagbag.py:536} INFO - Filling up the DagBag from /usr/local/lib/python3.10/dist-packages/airflow/example_dags/example_branch_datetime_operator.py
[2023-11-07T19:36:20.836+0000] {processor.py:839} INFO - DAG(s) dict_keys(['example_branch_datetime_operator', 'example_branch_datetime_operator_2', 'example_branch_datetime_operator_3']) retrieved from /usr/local/lib/python3.10/dist-packages/airflow/example_dags/example_branch_datetime_operator.py
[2023-11-07T19:36:20.858+0000] {logging_mixin.py:154} INFO - [2023-11-07T19:36:20.858+0000] {dag.py:2941} INFO - Sync 3 DAGs
[2023-11-07T19:36:20.878+0000] {logging_mixin.py:154} INFO - [2023-11-07T19:36:20.878+0000] {dag.py:3722} INFO - Setting next_dagrun for example_branch_datetime_operator to 2023-11-06T00:00:00+00:00, run_after=2023-11-07T00:00:00+00:00
[2023-11-07T19:36:20.882+0000] {logging_mixin.py:154} INFO - [2023-11-07T19:36:20.882+0000] {dag.py:3722} INFO - Setting next_dagrun for example_branch_datetime_operator_2 to 2023-11-06T00:00:00+00:00, run_after=2023-11-07T00:00:00+00:00
[2023-11-07T19:36:20.885+0000] {logging_mixin.py:154} INFO - [2023-11-07T19:36:20.884+0000] {dag.py:3722} INFO - Setting next_dagrun for example_branch_datetime_operator_3 to 2023-11-06T00:00:00+00:00, run_after=2023-11-07T00:00:00+00:00
[2023-11-07T19:36:20.905+0000] {processor.py:179} INFO - Processing /usr/local/lib/python3.10/dist-packages/airflow/example_dags/example_branch_datetime_operator.py took 0.083 seconds
[2023-11-07T19:37:11.730+0000] {processor.py:157} INFO - Started process (PID=3894) to work on /usr/local/lib/python3.10/dist-packages/airflow/example_dags/example_branch_datetime_operator.py
[2023-11-07T19:37:11.732+0000] {processor.py:829} INFO - Processing file /usr/local/lib/python3.10/dist-packages/airflow/example_dags/example_branch_datetime_operator.py for tasks to queue
[2023-11-07T19:37:11.733+0000] {logging_mixin.py:154} INFO - [2023-11-07T19:37:11.732+0000] {dagbag.py:536} INFO - Filling up the DagBag from /usr/local/lib/python3.10/dist-packages/airflow/example_dags/example_branch_datetime_operator.py
[2023-11-07T19:37:11.745+0000] {processor.py:839} INFO - DAG(s) dict_keys(['example_branch_datetime_operator_3', 'example_branch_datetime_operator_2', 'example_branch_datetime_operator']) retrieved from /usr/local/lib/python3.10/dist-packages/airflow/example_dags/example_branch_datetime_operator.py
[2023-11-07T19:37:11.782+0000] {logging_mixin.py:154} INFO - [2023-11-07T19:37:11.781+0000] {dag.py:2941} INFO - Sync 3 DAGs
[2023-11-07T19:37:11.812+0000] {logging_mixin.py:154} INFO - [2023-11-07T19:37:11.812+0000] {dag.py:3722} INFO - Setting next_dagrun for example_branch_datetime_operator to 2023-11-06T00:00:00+00:00, run_after=2023-11-07T00:00:00+00:00
[2023-11-07T19:37:11.818+0000] {logging_mixin.py:154} INFO - [2023-11-07T19:37:11.818+0000] {dag.py:3722} INFO - Setting next_dagrun for example_branch_datetime_operator_2 to 2023-11-06T00:00:00+00:00, run_after=2023-11-07T00:00:00+00:00
[2023-11-07T19:37:11.822+0000] {logging_mixin.py:154} INFO - [2023-11-07T19:37:11.822+0000] {dag.py:3722} INFO - Setting next_dagrun for example_branch_datetime_operator_3 to 2023-11-06T00:00:00+00:00, run_after=2023-11-07T00:00:00+00:00
[2023-11-07T19:37:11.847+0000] {processor.py:179} INFO - Processing /usr/local/lib/python3.10/dist-packages/airflow/example_dags/example_branch_datetime_operator.py took 0.120 seconds
[2023-11-07T19:37:59.210+0000] {processor.py:157} INFO - Started process (PID=3944) to work on /usr/local/lib/python3.10/dist-packages/airflow/example_dags/example_branch_datetime_operator.py
[2023-11-07T19:37:59.211+0000] {processor.py:829} INFO - Processing file /usr/local/lib/python3.10/dist-packages/airflow/example_dags/example_branch_datetime_operator.py for tasks to queue
[2023-11-07T19:37:59.212+0000] {logging_mixin.py:154} INFO - [2023-11-07T19:37:59.211+0000] {dagbag.py:536} INFO - Filling up the DagBag from /usr/local/lib/python3.10/dist-packages/airflow/example_dags/example_branch_datetime_operator.py
[2023-11-07T19:37:59.223+0000] {processor.py:839} INFO - DAG(s) dict_keys(['example_branch_datetime_operator_2', 'example_branch_datetime_operator_3', 'example_branch_datetime_operator']) retrieved from /usr/local/lib/python3.10/dist-packages/airflow/example_dags/example_branch_datetime_operator.py
[2023-11-07T19:37:59.248+0000] {logging_mixin.py:154} INFO - [2023-11-07T19:37:59.248+0000] {dag.py:2941} INFO - Sync 3 DAGs
[2023-11-07T19:37:59.270+0000] {logging_mixin.py:154} INFO - [2023-11-07T19:37:59.270+0000] {dag.py:3722} INFO - Setting next_dagrun for example_branch_datetime_operator to 2023-11-06T00:00:00+00:00, run_after=2023-11-07T00:00:00+00:00
[2023-11-07T19:37:59.275+0000] {logging_mixin.py:154} INFO - [2023-11-07T19:37:59.274+0000] {dag.py:3722} INFO - Setting next_dagrun for example_branch_datetime_operator_2 to 2023-11-06T00:00:00+00:00, run_after=2023-11-07T00:00:00+00:00
[2023-11-07T19:37:59.277+0000] {logging_mixin.py:154} INFO - [2023-11-07T19:37:59.277+0000] {dag.py:3722} INFO - Setting next_dagrun for example_branch_datetime_operator_3 to 2023-11-06T00:00:00+00:00, run_after=2023-11-07T00:00:00+00:00
[2023-11-07T19:37:59.299+0000] {processor.py:179} INFO - Processing /usr/local/lib/python3.10/dist-packages/airflow/example_dags/example_branch_datetime_operator.py took 0.092 seconds
[2023-11-07T19:38:49.142+0000] {processor.py:157} INFO - Started process (PID=3995) to work on /usr/local/lib/python3.10/dist-packages/airflow/example_dags/example_branch_datetime_operator.py
[2023-11-07T19:38:49.144+0000] {processor.py:829} INFO - Processing file /usr/local/lib/python3.10/dist-packages/airflow/example_dags/example_branch_datetime_operator.py for tasks to queue
[2023-11-07T19:38:49.144+0000] {logging_mixin.py:154} INFO - [2023-11-07T19:38:49.144+0000] {dagbag.py:536} INFO - Filling up the DagBag from /usr/local/lib/python3.10/dist-packages/airflow/example_dags/example_branch_datetime_operator.py
[2023-11-07T19:38:49.184+0000] {processor.py:839} INFO - DAG(s) dict_keys(['example_branch_datetime_operator_3', 'example_branch_datetime_operator_2', 'example_branch_datetime_operator']) retrieved from /usr/local/lib/python3.10/dist-packages/airflow/example_dags/example_branch_datetime_operator.py
[2023-11-07T19:38:49.213+0000] {logging_mixin.py:154} INFO - [2023-11-07T19:38:49.212+0000] {dag.py:2941} INFO - Sync 3 DAGs
[2023-11-07T19:38:49.238+0000] {logging_mixin.py:154} INFO - [2023-11-07T19:38:49.238+0000] {dag.py:3722} INFO - Setting next_dagrun for example_branch_datetime_operator to 2023-11-06T00:00:00+00:00, run_after=2023-11-07T00:00:00+00:00
[2023-11-07T19:38:49.242+0000] {logging_mixin.py:154} INFO - [2023-11-07T19:38:49.242+0000] {dag.py:3722} INFO - Setting next_dagrun for example_branch_datetime_operator_2 to 2023-11-06T00:00:00+00:00, run_after=2023-11-07T00:00:00+00:00
[2023-11-07T19:38:49.244+0000] {logging_mixin.py:154} INFO - [2023-11-07T19:38:49.244+0000] {dag.py:3722} INFO - Setting next_dagrun for example_branch_datetime_operator_3 to 2023-11-06T00:00:00+00:00, run_after=2023-11-07T00:00:00+00:00
[2023-11-07T19:38:49.264+0000] {processor.py:179} INFO - Processing /usr/local/lib/python3.10/dist-packages/airflow/example_dags/example_branch_datetime_operator.py took 0.126 seconds
[2023-11-07T19:39:34.175+0000] {processor.py:157} INFO - Started process (PID=4042) to work on /usr/local/lib/python3.10/dist-packages/airflow/example_dags/example_branch_datetime_operator.py
[2023-11-07T19:39:34.179+0000] {processor.py:829} INFO - Processing file /usr/local/lib/python3.10/dist-packages/airflow/example_dags/example_branch_datetime_operator.py for tasks to queue
[2023-11-07T19:39:34.180+0000] {logging_mixin.py:154} INFO - [2023-11-07T19:39:34.179+0000] {dagbag.py:536} INFO - Filling up the DagBag from /usr/local/lib/python3.10/dist-packages/airflow/example_dags/example_branch_datetime_operator.py
[2023-11-07T19:39:34.201+0000] {processor.py:839} INFO - DAG(s) dict_keys(['example_branch_datetime_operator', 'example_branch_datetime_operator_3', 'example_branch_datetime_operator_2']) retrieved from /usr/local/lib/python3.10/dist-packages/airflow/example_dags/example_branch_datetime_operator.py
[2023-11-07T19:39:34.240+0000] {logging_mixin.py:154} INFO - [2023-11-07T19:39:34.240+0000] {dag.py:2941} INFO - Sync 3 DAGs
[2023-11-07T19:39:34.262+0000] {logging_mixin.py:154} INFO - [2023-11-07T19:39:34.262+0000] {dag.py:3722} INFO - Setting next_dagrun for example_branch_datetime_operator to 2023-11-06T00:00:00+00:00, run_after=2023-11-07T00:00:00+00:00
[2023-11-07T19:39:34.267+0000] {logging_mixin.py:154} INFO - [2023-11-07T19:39:34.266+0000] {dag.py:3722} INFO - Setting next_dagrun for example_branch_datetime_operator_2 to 2023-11-06T00:00:00+00:00, run_after=2023-11-07T00:00:00+00:00
[2023-11-07T19:39:34.269+0000] {logging_mixin.py:154} INFO - [2023-11-07T19:39:34.269+0000] {dag.py:3722} INFO - Setting next_dagrun for example_branch_datetime_operator_3 to 2023-11-06T00:00:00+00:00, run_after=2023-11-07T00:00:00+00:00
[2023-11-07T19:39:34.293+0000] {processor.py:179} INFO - Processing /usr/local/lib/python3.10/dist-packages/airflow/example_dags/example_branch_datetime_operator.py took 0.128 seconds
[2023-11-07T19:40:25.130+0000] {processor.py:157} INFO - Started process (PID=4094) to work on /usr/local/lib/python3.10/dist-packages/airflow/example_dags/example_branch_datetime_operator.py
[2023-11-07T19:40:25.131+0000] {processor.py:829} INFO - Processing file /usr/local/lib/python3.10/dist-packages/airflow/example_dags/example_branch_datetime_operator.py for tasks to queue
[2023-11-07T19:40:25.131+0000] {logging_mixin.py:154} INFO - [2023-11-07T19:40:25.131+0000] {dagbag.py:536} INFO - Filling up the DagBag from /usr/local/lib/python3.10/dist-packages/airflow/example_dags/example_branch_datetime_operator.py
[2023-11-07T19:40:25.141+0000] {processor.py:839} INFO - DAG(s) dict_keys(['example_branch_datetime_operator_3', 'example_branch_datetime_operator', 'example_branch_datetime_operator_2']) retrieved from /usr/local/lib/python3.10/dist-packages/airflow/example_dags/example_branch_datetime_operator.py
[2023-11-07T19:40:25.162+0000] {logging_mixin.py:154} INFO - [2023-11-07T19:40:25.162+0000] {dag.py:2941} INFO - Sync 3 DAGs
[2023-11-07T19:40:25.181+0000] {logging_mixin.py:154} INFO - [2023-11-07T19:40:25.181+0000] {dag.py:3722} INFO - Setting next_dagrun for example_branch_datetime_operator to 2023-11-06T00:00:00+00:00, run_after=2023-11-07T00:00:00+00:00
[2023-11-07T19:40:25.187+0000] {logging_mixin.py:154} INFO - [2023-11-07T19:40:25.187+0000] {dag.py:3722} INFO - Setting next_dagrun for example_branch_datetime_operator_2 to 2023-11-06T00:00:00+00:00, run_after=2023-11-07T00:00:00+00:00
[2023-11-07T19:40:25.189+0000] {logging_mixin.py:154} INFO - [2023-11-07T19:40:25.189+0000] {dag.py:3722} INFO - Setting next_dagrun for example_branch_datetime_operator_3 to 2023-11-06T00:00:00+00:00, run_after=2023-11-07T00:00:00+00:00
[2023-11-07T19:40:25.209+0000] {processor.py:179} INFO - Processing /usr/local/lib/python3.10/dist-packages/airflow/example_dags/example_branch_datetime_operator.py took 0.082 seconds
[2023-11-07T19:41:17.083+0000] {processor.py:157} INFO - Started process (PID=4148) to work on /usr/local/lib/python3.10/dist-packages/airflow/example_dags/example_branch_datetime_operator.py
[2023-11-07T19:41:17.084+0000] {processor.py:829} INFO - Processing file /usr/local/lib/python3.10/dist-packages/airflow/example_dags/example_branch_datetime_operator.py for tasks to queue
[2023-11-07T19:41:17.084+0000] {logging_mixin.py:154} INFO - [2023-11-07T19:41:17.084+0000] {dagbag.py:536} INFO - Filling up the DagBag from /usr/local/lib/python3.10/dist-packages/airflow/example_dags/example_branch_datetime_operator.py
[2023-11-07T19:41:17.097+0000] {processor.py:839} INFO - DAG(s) dict_keys(['example_branch_datetime_operator_2', 'example_branch_datetime_operator', 'example_branch_datetime_operator_3']) retrieved from /usr/local/lib/python3.10/dist-packages/airflow/example_dags/example_branch_datetime_operator.py
[2023-11-07T19:41:17.119+0000] {logging_mixin.py:154} INFO - [2023-11-07T19:41:17.119+0000] {dag.py:2941} INFO - Sync 3 DAGs
[2023-11-07T19:41:17.143+0000] {logging_mixin.py:154} INFO - [2023-11-07T19:41:17.143+0000] {dag.py:3722} INFO - Setting next_dagrun for example_branch_datetime_operator to 2023-11-06T00:00:00+00:00, run_after=2023-11-07T00:00:00+00:00
[2023-11-07T19:41:17.149+0000] {logging_mixin.py:154} INFO - [2023-11-07T19:41:17.149+0000] {dag.py:3722} INFO - Setting next_dagrun for example_branch_datetime_operator_2 to 2023-11-06T00:00:00+00:00, run_after=2023-11-07T00:00:00+00:00
[2023-11-07T19:41:17.156+0000] {logging_mixin.py:154} INFO - [2023-11-07T19:41:17.155+0000] {dag.py:3722} INFO - Setting next_dagrun for example_branch_datetime_operator_3 to 2023-11-06T00:00:00+00:00, run_after=2023-11-07T00:00:00+00:00
[2023-11-07T19:41:17.185+0000] {processor.py:179} INFO - Processing /usr/local/lib/python3.10/dist-packages/airflow/example_dags/example_branch_datetime_operator.py took 0.105 seconds
[2023-11-07T19:42:05.392+0000] {processor.py:157} INFO - Started process (PID=4197) to work on /usr/local/lib/python3.10/dist-packages/airflow/example_dags/example_branch_datetime_operator.py
[2023-11-07T19:42:05.393+0000] {processor.py:829} INFO - Processing file /usr/local/lib/python3.10/dist-packages/airflow/example_dags/example_branch_datetime_operator.py for tasks to queue
[2023-11-07T19:42:05.394+0000] {logging_mixin.py:154} INFO - [2023-11-07T19:42:05.394+0000] {dagbag.py:536} INFO - Filling up the DagBag from /usr/local/lib/python3.10/dist-packages/airflow/example_dags/example_branch_datetime_operator.py
[2023-11-07T19:42:05.405+0000] {processor.py:839} INFO - DAG(s) dict_keys(['example_branch_datetime_operator', 'example_branch_datetime_operator_2', 'example_branch_datetime_operator_3']) retrieved from /usr/local/lib/python3.10/dist-packages/airflow/example_dags/example_branch_datetime_operator.py
[2023-11-07T19:42:05.429+0000] {logging_mixin.py:154} INFO - [2023-11-07T19:42:05.429+0000] {dag.py:2941} INFO - Sync 3 DAGs
[2023-11-07T19:42:05.451+0000] {logging_mixin.py:154} INFO - [2023-11-07T19:42:05.450+0000] {dag.py:3722} INFO - Setting next_dagrun for example_branch_datetime_operator to 2023-11-06T00:00:00+00:00, run_after=2023-11-07T00:00:00+00:00
[2023-11-07T19:42:05.456+0000] {logging_mixin.py:154} INFO - [2023-11-07T19:42:05.455+0000] {dag.py:3722} INFO - Setting next_dagrun for example_branch_datetime_operator_2 to 2023-11-06T00:00:00+00:00, run_after=2023-11-07T00:00:00+00:00
[2023-11-07T19:42:05.458+0000] {logging_mixin.py:154} INFO - [2023-11-07T19:42:05.458+0000] {dag.py:3722} INFO - Setting next_dagrun for example_branch_datetime_operator_3 to 2023-11-06T00:00:00+00:00, run_after=2023-11-07T00:00:00+00:00
[2023-11-07T19:42:05.504+0000] {processor.py:179} INFO - Processing /usr/local/lib/python3.10/dist-packages/airflow/example_dags/example_branch_datetime_operator.py took 0.116 seconds
[2023-11-07T19:42:53.494+0000] {processor.py:157} INFO - Started process (PID=4247) to work on /usr/local/lib/python3.10/dist-packages/airflow/example_dags/example_branch_datetime_operator.py
[2023-11-07T19:42:53.497+0000] {processor.py:829} INFO - Processing file /usr/local/lib/python3.10/dist-packages/airflow/example_dags/example_branch_datetime_operator.py for tasks to queue
[2023-11-07T19:42:53.498+0000] {logging_mixin.py:154} INFO - [2023-11-07T19:42:53.498+0000] {dagbag.py:536} INFO - Filling up the DagBag from /usr/local/lib/python3.10/dist-packages/airflow/example_dags/example_branch_datetime_operator.py
[2023-11-07T19:42:53.508+0000] {processor.py:839} INFO - DAG(s) dict_keys(['example_branch_datetime_operator_3', 'example_branch_datetime_operator_2', 'example_branch_datetime_operator']) retrieved from /usr/local/lib/python3.10/dist-packages/airflow/example_dags/example_branch_datetime_operator.py
[2023-11-07T19:42:53.541+0000] {logging_mixin.py:154} INFO - [2023-11-07T19:42:53.540+0000] {dag.py:2941} INFO - Sync 3 DAGs
[2023-11-07T19:42:53.570+0000] {logging_mixin.py:154} INFO - [2023-11-07T19:42:53.570+0000] {dag.py:3722} INFO - Setting next_dagrun for example_branch_datetime_operator to 2023-11-06T00:00:00+00:00, run_after=2023-11-07T00:00:00+00:00
[2023-11-07T19:42:53.575+0000] {logging_mixin.py:154} INFO - [2023-11-07T19:42:53.575+0000] {dag.py:3722} INFO - Setting next_dagrun for example_branch_datetime_operator_2 to 2023-11-06T00:00:00+00:00, run_after=2023-11-07T00:00:00+00:00
[2023-11-07T19:42:53.577+0000] {logging_mixin.py:154} INFO - [2023-11-07T19:42:53.577+0000] {dag.py:3722} INFO - Setting next_dagrun for example_branch_datetime_operator_3 to 2023-11-06T00:00:00+00:00, run_after=2023-11-07T00:00:00+00:00
[2023-11-07T19:42:53.603+0000] {processor.py:179} INFO - Processing /usr/local/lib/python3.10/dist-packages/airflow/example_dags/example_branch_datetime_operator.py took 0.112 seconds
[2023-11-07T19:43:43.051+0000] {processor.py:157} INFO - Started process (PID=4298) to work on /usr/local/lib/python3.10/dist-packages/airflow/example_dags/example_branch_datetime_operator.py
[2023-11-07T19:43:43.052+0000] {processor.py:829} INFO - Processing file /usr/local/lib/python3.10/dist-packages/airflow/example_dags/example_branch_datetime_operator.py for tasks to queue
[2023-11-07T19:43:43.053+0000] {logging_mixin.py:154} INFO - [2023-11-07T19:43:43.052+0000] {dagbag.py:536} INFO - Filling up the DagBag from /usr/local/lib/python3.10/dist-packages/airflow/example_dags/example_branch_datetime_operator.py
[2023-11-07T19:43:43.068+0000] {processor.py:839} INFO - DAG(s) dict_keys(['example_branch_datetime_operator_2', 'example_branch_datetime_operator_3', 'example_branch_datetime_operator']) retrieved from /usr/local/lib/python3.10/dist-packages/airflow/example_dags/example_branch_datetime_operator.py
[2023-11-07T19:43:43.094+0000] {logging_mixin.py:154} INFO - [2023-11-07T19:43:43.094+0000] {dag.py:2941} INFO - Sync 3 DAGs
[2023-11-07T19:43:43.115+0000] {logging_mixin.py:154} INFO - [2023-11-07T19:43:43.115+0000] {dag.py:3722} INFO - Setting next_dagrun for example_branch_datetime_operator to 2023-11-06T00:00:00+00:00, run_after=2023-11-07T00:00:00+00:00
[2023-11-07T19:43:43.119+0000] {logging_mixin.py:154} INFO - [2023-11-07T19:43:43.119+0000] {dag.py:3722} INFO - Setting next_dagrun for example_branch_datetime_operator_2 to 2023-11-06T00:00:00+00:00, run_after=2023-11-07T00:00:00+00:00
[2023-11-07T19:43:43.121+0000] {logging_mixin.py:154} INFO - [2023-11-07T19:43:43.121+0000] {dag.py:3722} INFO - Setting next_dagrun for example_branch_datetime_operator_3 to 2023-11-06T00:00:00+00:00, run_after=2023-11-07T00:00:00+00:00
[2023-11-07T19:43:43.148+0000] {processor.py:179} INFO - Processing /usr/local/lib/python3.10/dist-packages/airflow/example_dags/example_branch_datetime_operator.py took 0.104 seconds
[2023-11-07T19:44:33.726+0000] {processor.py:157} INFO - Started process (PID=4349) to work on /usr/local/lib/python3.10/dist-packages/airflow/example_dags/example_branch_datetime_operator.py
[2023-11-07T19:44:33.728+0000] {processor.py:829} INFO - Processing file /usr/local/lib/python3.10/dist-packages/airflow/example_dags/example_branch_datetime_operator.py for tasks to queue
[2023-11-07T19:44:33.730+0000] {logging_mixin.py:154} INFO - [2023-11-07T19:44:33.728+0000] {dagbag.py:536} INFO - Filling up the DagBag from /usr/local/lib/python3.10/dist-packages/airflow/example_dags/example_branch_datetime_operator.py
[2023-11-07T19:44:33.741+0000] {processor.py:839} INFO - DAG(s) dict_keys(['example_branch_datetime_operator_3', 'example_branch_datetime_operator_2', 'example_branch_datetime_operator']) retrieved from /usr/local/lib/python3.10/dist-packages/airflow/example_dags/example_branch_datetime_operator.py
[2023-11-07T19:44:33.765+0000] {logging_mixin.py:154} INFO - [2023-11-07T19:44:33.765+0000] {dag.py:2941} INFO - Sync 3 DAGs
[2023-11-07T19:44:33.798+0000] {logging_mixin.py:154} INFO - [2023-11-07T19:44:33.797+0000] {dag.py:3722} INFO - Setting next_dagrun for example_branch_datetime_operator to 2023-11-06T00:00:00+00:00, run_after=2023-11-07T00:00:00+00:00
[2023-11-07T19:44:33.802+0000] {logging_mixin.py:154} INFO - [2023-11-07T19:44:33.802+0000] {dag.py:3722} INFO - Setting next_dagrun for example_branch_datetime_operator_2 to 2023-11-06T00:00:00+00:00, run_after=2023-11-07T00:00:00+00:00
[2023-11-07T19:44:33.805+0000] {logging_mixin.py:154} INFO - [2023-11-07T19:44:33.805+0000] {dag.py:3722} INFO - Setting next_dagrun for example_branch_datetime_operator_3 to 2023-11-06T00:00:00+00:00, run_after=2023-11-07T00:00:00+00:00
[2023-11-07T19:44:33.827+0000] {processor.py:179} INFO - Processing /usr/local/lib/python3.10/dist-packages/airflow/example_dags/example_branch_datetime_operator.py took 0.104 seconds
[2023-11-07T19:45:30.015+0000] {processor.py:157} INFO - Started process (PID=4404) to work on /usr/local/lib/python3.10/dist-packages/airflow/example_dags/example_branch_datetime_operator.py
[2023-11-07T19:45:30.016+0000] {processor.py:829} INFO - Processing file /usr/local/lib/python3.10/dist-packages/airflow/example_dags/example_branch_datetime_operator.py for tasks to queue
[2023-11-07T19:45:30.020+0000] {logging_mixin.py:154} INFO - [2023-11-07T19:45:30.018+0000] {dagbag.py:536} INFO - Filling up the DagBag from /usr/local/lib/python3.10/dist-packages/airflow/example_dags/example_branch_datetime_operator.py
[2023-11-07T19:45:30.042+0000] {processor.py:839} INFO - DAG(s) dict_keys(['example_branch_datetime_operator', 'example_branch_datetime_operator_3', 'example_branch_datetime_operator_2']) retrieved from /usr/local/lib/python3.10/dist-packages/airflow/example_dags/example_branch_datetime_operator.py
[2023-11-07T19:45:30.087+0000] {logging_mixin.py:154} INFO - [2023-11-07T19:45:30.087+0000] {dag.py:2941} INFO - Sync 3 DAGs
[2023-11-07T19:45:30.122+0000] {logging_mixin.py:154} INFO - [2023-11-07T19:45:30.122+0000] {dag.py:3722} INFO - Setting next_dagrun for example_branch_datetime_operator to 2023-11-06T00:00:00+00:00, run_after=2023-11-07T00:00:00+00:00
[2023-11-07T19:45:30.136+0000] {logging_mixin.py:154} INFO - [2023-11-07T19:45:30.136+0000] {dag.py:3722} INFO - Setting next_dagrun for example_branch_datetime_operator_2 to 2023-11-06T00:00:00+00:00, run_after=2023-11-07T00:00:00+00:00
[2023-11-07T19:45:30.139+0000] {logging_mixin.py:154} INFO - [2023-11-07T19:45:30.139+0000] {dag.py:3722} INFO - Setting next_dagrun for example_branch_datetime_operator_3 to 2023-11-06T00:00:00+00:00, run_after=2023-11-07T00:00:00+00:00
[2023-11-07T19:45:30.178+0000] {processor.py:179} INFO - Processing /usr/local/lib/python3.10/dist-packages/airflow/example_dags/example_branch_datetime_operator.py took 0.171 seconds
[2023-11-07T19:46:23.712+0000] {processor.py:157} INFO - Started process (PID=4458) to work on /usr/local/lib/python3.10/dist-packages/airflow/example_dags/example_branch_datetime_operator.py
[2023-11-07T19:46:23.714+0000] {processor.py:829} INFO - Processing file /usr/local/lib/python3.10/dist-packages/airflow/example_dags/example_branch_datetime_operator.py for tasks to queue
[2023-11-07T19:46:23.715+0000] {logging_mixin.py:154} INFO - [2023-11-07T19:46:23.714+0000] {dagbag.py:536} INFO - Filling up the DagBag from /usr/local/lib/python3.10/dist-packages/airflow/example_dags/example_branch_datetime_operator.py
[2023-11-07T19:46:23.742+0000] {processor.py:839} INFO - DAG(s) dict_keys(['example_branch_datetime_operator_2', 'example_branch_datetime_operator', 'example_branch_datetime_operator_3']) retrieved from /usr/local/lib/python3.10/dist-packages/airflow/example_dags/example_branch_datetime_operator.py
[2023-11-07T19:46:23.774+0000] {logging_mixin.py:154} INFO - [2023-11-07T19:46:23.774+0000] {dag.py:2941} INFO - Sync 3 DAGs
[2023-11-07T19:46:23.798+0000] {logging_mixin.py:154} INFO - [2023-11-07T19:46:23.797+0000] {dag.py:3722} INFO - Setting next_dagrun for example_branch_datetime_operator to 2023-11-06T00:00:00+00:00, run_after=2023-11-07T00:00:00+00:00
[2023-11-07T19:46:23.802+0000] {logging_mixin.py:154} INFO - [2023-11-07T19:46:23.802+0000] {dag.py:3722} INFO - Setting next_dagrun for example_branch_datetime_operator_2 to 2023-11-06T00:00:00+00:00, run_after=2023-11-07T00:00:00+00:00
[2023-11-07T19:46:23.805+0000] {logging_mixin.py:154} INFO - [2023-11-07T19:46:23.804+0000] {dag.py:3722} INFO - Setting next_dagrun for example_branch_datetime_operator_3 to 2023-11-06T00:00:00+00:00, run_after=2023-11-07T00:00:00+00:00
[2023-11-07T19:46:23.827+0000] {processor.py:179} INFO - Processing /usr/local/lib/python3.10/dist-packages/airflow/example_dags/example_branch_datetime_operator.py took 0.120 seconds
[2023-11-07T19:47:15.344+0000] {processor.py:157} INFO - Started process (PID=4509) to work on /usr/local/lib/python3.10/dist-packages/airflow/example_dags/example_branch_datetime_operator.py
[2023-11-07T19:47:15.346+0000] {processor.py:829} INFO - Processing file /usr/local/lib/python3.10/dist-packages/airflow/example_dags/example_branch_datetime_operator.py for tasks to queue
[2023-11-07T19:47:15.346+0000] {logging_mixin.py:154} INFO - [2023-11-07T19:47:15.346+0000] {dagbag.py:536} INFO - Filling up the DagBag from /usr/local/lib/python3.10/dist-packages/airflow/example_dags/example_branch_datetime_operator.py
[2023-11-07T19:47:15.358+0000] {processor.py:839} INFO - DAG(s) dict_keys(['example_branch_datetime_operator_3', 'example_branch_datetime_operator_2', 'example_branch_datetime_operator']) retrieved from /usr/local/lib/python3.10/dist-packages/airflow/example_dags/example_branch_datetime_operator.py
[2023-11-07T19:47:15.381+0000] {logging_mixin.py:154} INFO - [2023-11-07T19:47:15.381+0000] {dag.py:2941} INFO - Sync 3 DAGs
[2023-11-07T19:47:15.402+0000] {logging_mixin.py:154} INFO - [2023-11-07T19:47:15.402+0000] {dag.py:3722} INFO - Setting next_dagrun for example_branch_datetime_operator to 2023-11-06T00:00:00+00:00, run_after=2023-11-07T00:00:00+00:00
[2023-11-07T19:47:15.407+0000] {logging_mixin.py:154} INFO - [2023-11-07T19:47:15.406+0000] {dag.py:3722} INFO - Setting next_dagrun for example_branch_datetime_operator_2 to 2023-11-06T00:00:00+00:00, run_after=2023-11-07T00:00:00+00:00
[2023-11-07T19:47:15.409+0000] {logging_mixin.py:154} INFO - [2023-11-07T19:47:15.409+0000] {dag.py:3722} INFO - Setting next_dagrun for example_branch_datetime_operator_3 to 2023-11-06T00:00:00+00:00, run_after=2023-11-07T00:00:00+00:00
[2023-11-07T19:47:15.430+0000] {processor.py:179} INFO - Processing /usr/local/lib/python3.10/dist-packages/airflow/example_dags/example_branch_datetime_operator.py took 0.097 seconds
[2023-11-07T19:48:05.969+0000] {processor.py:157} INFO - Started process (PID=4562) to work on /usr/local/lib/python3.10/dist-packages/airflow/example_dags/example_branch_datetime_operator.py
[2023-11-07T19:48:05.970+0000] {processor.py:829} INFO - Processing file /usr/local/lib/python3.10/dist-packages/airflow/example_dags/example_branch_datetime_operator.py for tasks to queue
[2023-11-07T19:48:05.971+0000] {logging_mixin.py:154} INFO - [2023-11-07T19:48:05.970+0000] {dagbag.py:536} INFO - Filling up the DagBag from /usr/local/lib/python3.10/dist-packages/airflow/example_dags/example_branch_datetime_operator.py
[2023-11-07T19:48:05.980+0000] {processor.py:839} INFO - DAG(s) dict_keys(['example_branch_datetime_operator', 'example_branch_datetime_operator_2', 'example_branch_datetime_operator_3']) retrieved from /usr/local/lib/python3.10/dist-packages/airflow/example_dags/example_branch_datetime_operator.py
[2023-11-07T19:48:06.003+0000] {logging_mixin.py:154} INFO - [2023-11-07T19:48:06.003+0000] {dag.py:2941} INFO - Sync 3 DAGs
[2023-11-07T19:48:06.023+0000] {logging_mixin.py:154} INFO - [2023-11-07T19:48:06.023+0000] {dag.py:3722} INFO - Setting next_dagrun for example_branch_datetime_operator to 2023-11-06T00:00:00+00:00, run_after=2023-11-07T00:00:00+00:00
[2023-11-07T19:48:06.027+0000] {logging_mixin.py:154} INFO - [2023-11-07T19:48:06.027+0000] {dag.py:3722} INFO - Setting next_dagrun for example_branch_datetime_operator_2 to 2023-11-06T00:00:00+00:00, run_after=2023-11-07T00:00:00+00:00
[2023-11-07T19:48:06.029+0000] {logging_mixin.py:154} INFO - [2023-11-07T19:48:06.029+0000] {dag.py:3722} INFO - Setting next_dagrun for example_branch_datetime_operator_3 to 2023-11-06T00:00:00+00:00, run_after=2023-11-07T00:00:00+00:00
[2023-11-07T19:48:06.049+0000] {processor.py:179} INFO - Processing /usr/local/lib/python3.10/dist-packages/airflow/example_dags/example_branch_datetime_operator.py took 0.086 seconds
[2023-11-07T19:48:56.250+0000] {processor.py:157} INFO - Started process (PID=4613) to work on /usr/local/lib/python3.10/dist-packages/airflow/example_dags/example_branch_datetime_operator.py
[2023-11-07T19:48:56.252+0000] {processor.py:829} INFO - Processing file /usr/local/lib/python3.10/dist-packages/airflow/example_dags/example_branch_datetime_operator.py for tasks to queue
[2023-11-07T19:48:56.253+0000] {logging_mixin.py:154} INFO - [2023-11-07T19:48:56.252+0000] {dagbag.py:536} INFO - Filling up the DagBag from /usr/local/lib/python3.10/dist-packages/airflow/example_dags/example_branch_datetime_operator.py
[2023-11-07T19:48:56.263+0000] {processor.py:839} INFO - DAG(s) dict_keys(['example_branch_datetime_operator_3', 'example_branch_datetime_operator_2', 'example_branch_datetime_operator']) retrieved from /usr/local/lib/python3.10/dist-packages/airflow/example_dags/example_branch_datetime_operator.py
[2023-11-07T19:48:56.293+0000] {logging_mixin.py:154} INFO - [2023-11-07T19:48:56.292+0000] {dag.py:2941} INFO - Sync 3 DAGs
[2023-11-07T19:48:56.317+0000] {logging_mixin.py:154} INFO - [2023-11-07T19:48:56.317+0000] {dag.py:3722} INFO - Setting next_dagrun for example_branch_datetime_operator to 2023-11-06T00:00:00+00:00, run_after=2023-11-07T00:00:00+00:00
[2023-11-07T19:48:56.322+0000] {logging_mixin.py:154} INFO - [2023-11-07T19:48:56.322+0000] {dag.py:3722} INFO - Setting next_dagrun for example_branch_datetime_operator_2 to 2023-11-06T00:00:00+00:00, run_after=2023-11-07T00:00:00+00:00
[2023-11-07T19:48:56.325+0000] {logging_mixin.py:154} INFO - [2023-11-07T19:48:56.325+0000] {dag.py:3722} INFO - Setting next_dagrun for example_branch_datetime_operator_3 to 2023-11-06T00:00:00+00:00, run_after=2023-11-07T00:00:00+00:00
[2023-11-07T19:48:56.354+0000] {processor.py:179} INFO - Processing /usr/local/lib/python3.10/dist-packages/airflow/example_dags/example_branch_datetime_operator.py took 0.107 seconds
[2023-11-07T19:49:42.839+0000] {processor.py:157} INFO - Started process (PID=4662) to work on /usr/local/lib/python3.10/dist-packages/airflow/example_dags/example_branch_datetime_operator.py
[2023-11-07T19:49:42.840+0000] {processor.py:829} INFO - Processing file /usr/local/lib/python3.10/dist-packages/airflow/example_dags/example_branch_datetime_operator.py for tasks to queue
[2023-11-07T19:49:42.841+0000] {logging_mixin.py:154} INFO - [2023-11-07T19:49:42.841+0000] {dagbag.py:536} INFO - Filling up the DagBag from /usr/local/lib/python3.10/dist-packages/airflow/example_dags/example_branch_datetime_operator.py
[2023-11-07T19:49:42.857+0000] {processor.py:839} INFO - DAG(s) dict_keys(['example_branch_datetime_operator_2', 'example_branch_datetime_operator', 'example_branch_datetime_operator_3']) retrieved from /usr/local/lib/python3.10/dist-packages/airflow/example_dags/example_branch_datetime_operator.py
[2023-11-07T19:49:42.881+0000] {logging_mixin.py:154} INFO - [2023-11-07T19:49:42.881+0000] {dag.py:2941} INFO - Sync 3 DAGs
[2023-11-07T19:49:42.906+0000] {logging_mixin.py:154} INFO - [2023-11-07T19:49:42.906+0000] {dag.py:3722} INFO - Setting next_dagrun for example_branch_datetime_operator to 2023-11-06T00:00:00+00:00, run_after=2023-11-07T00:00:00+00:00
[2023-11-07T19:49:42.911+0000] {logging_mixin.py:154} INFO - [2023-11-07T19:49:42.911+0000] {dag.py:3722} INFO - Setting next_dagrun for example_branch_datetime_operator_2 to 2023-11-06T00:00:00+00:00, run_after=2023-11-07T00:00:00+00:00
[2023-11-07T19:49:42.914+0000] {logging_mixin.py:154} INFO - [2023-11-07T19:49:42.914+0000] {dag.py:3722} INFO - Setting next_dagrun for example_branch_datetime_operator_3 to 2023-11-06T00:00:00+00:00, run_after=2023-11-07T00:00:00+00:00
[2023-11-07T19:49:42.937+0000] {processor.py:179} INFO - Processing /usr/local/lib/python3.10/dist-packages/airflow/example_dags/example_branch_datetime_operator.py took 0.102 seconds
[2023-11-07T19:50:31.261+0000] {processor.py:157} INFO - Started process (PID=4712) to work on /usr/local/lib/python3.10/dist-packages/airflow/example_dags/example_branch_datetime_operator.py
[2023-11-07T19:50:31.262+0000] {processor.py:829} INFO - Processing file /usr/local/lib/python3.10/dist-packages/airflow/example_dags/example_branch_datetime_operator.py for tasks to queue
[2023-11-07T19:50:31.263+0000] {logging_mixin.py:154} INFO - [2023-11-07T19:50:31.263+0000] {dagbag.py:536} INFO - Filling up the DagBag from /usr/local/lib/python3.10/dist-packages/airflow/example_dags/example_branch_datetime_operator.py
[2023-11-07T19:50:31.274+0000] {processor.py:839} INFO - DAG(s) dict_keys(['example_branch_datetime_operator_3', 'example_branch_datetime_operator', 'example_branch_datetime_operator_2']) retrieved from /usr/local/lib/python3.10/dist-packages/airflow/example_dags/example_branch_datetime_operator.py
[2023-11-07T19:50:31.296+0000] {logging_mixin.py:154} INFO - [2023-11-07T19:50:31.296+0000] {dag.py:2941} INFO - Sync 3 DAGs
[2023-11-07T19:50:31.317+0000] {logging_mixin.py:154} INFO - [2023-11-07T19:50:31.317+0000] {dag.py:3722} INFO - Setting next_dagrun for example_branch_datetime_operator to 2023-11-06T00:00:00+00:00, run_after=2023-11-07T00:00:00+00:00
[2023-11-07T19:50:31.322+0000] {logging_mixin.py:154} INFO - [2023-11-07T19:50:31.321+0000] {dag.py:3722} INFO - Setting next_dagrun for example_branch_datetime_operator_2 to 2023-11-06T00:00:00+00:00, run_after=2023-11-07T00:00:00+00:00
[2023-11-07T19:50:31.324+0000] {logging_mixin.py:154} INFO - [2023-11-07T19:50:31.323+0000] {dag.py:3722} INFO - Setting next_dagrun for example_branch_datetime_operator_3 to 2023-11-06T00:00:00+00:00, run_after=2023-11-07T00:00:00+00:00
[2023-11-07T19:50:31.342+0000] {processor.py:179} INFO - Processing /usr/local/lib/python3.10/dist-packages/airflow/example_dags/example_branch_datetime_operator.py took 0.084 seconds
[2023-11-07T19:51:22.607+0000] {processor.py:157} INFO - Started process (PID=4764) to work on /usr/local/lib/python3.10/dist-packages/airflow/example_dags/example_branch_datetime_operator.py
[2023-11-07T19:51:22.608+0000] {processor.py:829} INFO - Processing file /usr/local/lib/python3.10/dist-packages/airflow/example_dags/example_branch_datetime_operator.py for tasks to queue
[2023-11-07T19:51:22.608+0000] {logging_mixin.py:154} INFO - [2023-11-07T19:51:22.608+0000] {dagbag.py:536} INFO - Filling up the DagBag from /usr/local/lib/python3.10/dist-packages/airflow/example_dags/example_branch_datetime_operator.py
[2023-11-07T19:51:22.618+0000] {processor.py:839} INFO - DAG(s) dict_keys(['example_branch_datetime_operator_2', 'example_branch_datetime_operator', 'example_branch_datetime_operator_3']) retrieved from /usr/local/lib/python3.10/dist-packages/airflow/example_dags/example_branch_datetime_operator.py
[2023-11-07T19:51:22.641+0000] {logging_mixin.py:154} INFO - [2023-11-07T19:51:22.641+0000] {dag.py:2941} INFO - Sync 3 DAGs
[2023-11-07T19:51:22.661+0000] {logging_mixin.py:154} INFO - [2023-11-07T19:51:22.661+0000] {dag.py:3722} INFO - Setting next_dagrun for example_branch_datetime_operator to 2023-11-06T00:00:00+00:00, run_after=2023-11-07T00:00:00+00:00
[2023-11-07T19:51:22.666+0000] {logging_mixin.py:154} INFO - [2023-11-07T19:51:22.665+0000] {dag.py:3722} INFO - Setting next_dagrun for example_branch_datetime_operator_2 to 2023-11-06T00:00:00+00:00, run_after=2023-11-07T00:00:00+00:00
[2023-11-07T19:51:22.668+0000] {logging_mixin.py:154} INFO - [2023-11-07T19:51:22.668+0000] {dag.py:3722} INFO - Setting next_dagrun for example_branch_datetime_operator_3 to 2023-11-06T00:00:00+00:00, run_after=2023-11-07T00:00:00+00:00
[2023-11-07T19:51:22.688+0000] {processor.py:179} INFO - Processing /usr/local/lib/python3.10/dist-packages/airflow/example_dags/example_branch_datetime_operator.py took 0.088 seconds
[2023-11-07T19:52:12.589+0000] {processor.py:157} INFO - Started process (PID=4815) to work on /usr/local/lib/python3.10/dist-packages/airflow/example_dags/example_branch_datetime_operator.py
[2023-11-07T19:52:12.590+0000] {processor.py:829} INFO - Processing file /usr/local/lib/python3.10/dist-packages/airflow/example_dags/example_branch_datetime_operator.py for tasks to queue
[2023-11-07T19:52:12.591+0000] {logging_mixin.py:154} INFO - [2023-11-07T19:52:12.590+0000] {dagbag.py:536} INFO - Filling up the DagBag from /usr/local/lib/python3.10/dist-packages/airflow/example_dags/example_branch_datetime_operator.py
[2023-11-07T19:52:12.600+0000] {processor.py:839} INFO - DAG(s) dict_keys(['example_branch_datetime_operator', 'example_branch_datetime_operator_3', 'example_branch_datetime_operator_2']) retrieved from /usr/local/lib/python3.10/dist-packages/airflow/example_dags/example_branch_datetime_operator.py
[2023-11-07T19:52:12.623+0000] {logging_mixin.py:154} INFO - [2023-11-07T19:52:12.623+0000] {dag.py:2941} INFO - Sync 3 DAGs
[2023-11-07T19:52:12.649+0000] {logging_mixin.py:154} INFO - [2023-11-07T19:52:12.649+0000] {dag.py:3722} INFO - Setting next_dagrun for example_branch_datetime_operator to 2023-11-06T00:00:00+00:00, run_after=2023-11-07T00:00:00+00:00
[2023-11-07T19:52:12.654+0000] {logging_mixin.py:154} INFO - [2023-11-07T19:52:12.654+0000] {dag.py:3722} INFO - Setting next_dagrun for example_branch_datetime_operator_2 to 2023-11-06T00:00:00+00:00, run_after=2023-11-07T00:00:00+00:00
[2023-11-07T19:52:12.656+0000] {logging_mixin.py:154} INFO - [2023-11-07T19:52:12.656+0000] {dag.py:3722} INFO - Setting next_dagrun for example_branch_datetime_operator_3 to 2023-11-06T00:00:00+00:00, run_after=2023-11-07T00:00:00+00:00
[2023-11-07T19:52:12.680+0000] {processor.py:179} INFO - Processing /usr/local/lib/python3.10/dist-packages/airflow/example_dags/example_branch_datetime_operator.py took 0.094 seconds
[2023-11-07T19:53:05.881+0000] {processor.py:157} INFO - Started process (PID=4869) to work on /usr/local/lib/python3.10/dist-packages/airflow/example_dags/example_branch_datetime_operator.py
[2023-11-07T19:53:05.883+0000] {processor.py:829} INFO - Processing file /usr/local/lib/python3.10/dist-packages/airflow/example_dags/example_branch_datetime_operator.py for tasks to queue
[2023-11-07T19:53:05.883+0000] {logging_mixin.py:154} INFO - [2023-11-07T19:53:05.883+0000] {dagbag.py:536} INFO - Filling up the DagBag from /usr/local/lib/python3.10/dist-packages/airflow/example_dags/example_branch_datetime_operator.py
[2023-11-07T19:53:05.893+0000] {processor.py:839} INFO - DAG(s) dict_keys(['example_branch_datetime_operator_2', 'example_branch_datetime_operator_3', 'example_branch_datetime_operator']) retrieved from /usr/local/lib/python3.10/dist-packages/airflow/example_dags/example_branch_datetime_operator.py
[2023-11-07T19:53:05.943+0000] {logging_mixin.py:154} INFO - [2023-11-07T19:53:05.943+0000] {dag.py:2941} INFO - Sync 3 DAGs
[2023-11-07T19:53:05.973+0000] {logging_mixin.py:154} INFO - [2023-11-07T19:53:05.973+0000] {dag.py:3722} INFO - Setting next_dagrun for example_branch_datetime_operator to 2023-11-06T00:00:00+00:00, run_after=2023-11-07T00:00:00+00:00
[2023-11-07T19:53:05.978+0000] {logging_mixin.py:154} INFO - [2023-11-07T19:53:05.977+0000] {dag.py:3722} INFO - Setting next_dagrun for example_branch_datetime_operator_2 to 2023-11-06T00:00:00+00:00, run_after=2023-11-07T00:00:00+00:00
[2023-11-07T19:53:05.987+0000] {logging_mixin.py:154} INFO - [2023-11-07T19:53:05.986+0000] {dag.py:3722} INFO - Setting next_dagrun for example_branch_datetime_operator_3 to 2023-11-06T00:00:00+00:00, run_after=2023-11-07T00:00:00+00:00
[2023-11-07T19:53:06.030+0000] {processor.py:179} INFO - Processing /usr/local/lib/python3.10/dist-packages/airflow/example_dags/example_branch_datetime_operator.py took 0.149 seconds
[2023-11-07T19:53:58.435+0000] {processor.py:157} INFO - Started process (PID=4922) to work on /usr/local/lib/python3.10/dist-packages/airflow/example_dags/example_branch_datetime_operator.py
[2023-11-07T19:53:58.436+0000] {processor.py:829} INFO - Processing file /usr/local/lib/python3.10/dist-packages/airflow/example_dags/example_branch_datetime_operator.py for tasks to queue
[2023-11-07T19:53:58.437+0000] {logging_mixin.py:154} INFO - [2023-11-07T19:53:58.436+0000] {dagbag.py:536} INFO - Filling up the DagBag from /usr/local/lib/python3.10/dist-packages/airflow/example_dags/example_branch_datetime_operator.py
[2023-11-07T19:53:58.448+0000] {processor.py:839} INFO - DAG(s) dict_keys(['example_branch_datetime_operator_2', 'example_branch_datetime_operator_3', 'example_branch_datetime_operator']) retrieved from /usr/local/lib/python3.10/dist-packages/airflow/example_dags/example_branch_datetime_operator.py
[2023-11-07T19:53:58.472+0000] {logging_mixin.py:154} INFO - [2023-11-07T19:53:58.472+0000] {dag.py:2941} INFO - Sync 3 DAGs
[2023-11-07T19:53:58.494+0000] {logging_mixin.py:154} INFO - [2023-11-07T19:53:58.494+0000] {dag.py:3722} INFO - Setting next_dagrun for example_branch_datetime_operator to 2023-11-06T00:00:00+00:00, run_after=2023-11-07T00:00:00+00:00
[2023-11-07T19:53:58.499+0000] {logging_mixin.py:154} INFO - [2023-11-07T19:53:58.499+0000] {dag.py:3722} INFO - Setting next_dagrun for example_branch_datetime_operator_2 to 2023-11-06T00:00:00+00:00, run_after=2023-11-07T00:00:00+00:00
[2023-11-07T19:53:58.501+0000] {logging_mixin.py:154} INFO - [2023-11-07T19:53:58.501+0000] {dag.py:3722} INFO - Setting next_dagrun for example_branch_datetime_operator_3 to 2023-11-06T00:00:00+00:00, run_after=2023-11-07T00:00:00+00:00
[2023-11-07T19:53:58.522+0000] {processor.py:179} INFO - Processing /usr/local/lib/python3.10/dist-packages/airflow/example_dags/example_branch_datetime_operator.py took 0.090 seconds
[2023-11-07T19:54:51.242+0000] {processor.py:157} INFO - Started process (PID=4975) to work on /usr/local/lib/python3.10/dist-packages/airflow/example_dags/example_branch_datetime_operator.py
[2023-11-07T19:54:51.243+0000] {processor.py:829} INFO - Processing file /usr/local/lib/python3.10/dist-packages/airflow/example_dags/example_branch_datetime_operator.py for tasks to queue
[2023-11-07T19:54:51.244+0000] {logging_mixin.py:154} INFO - [2023-11-07T19:54:51.244+0000] {dagbag.py:536} INFO - Filling up the DagBag from /usr/local/lib/python3.10/dist-packages/airflow/example_dags/example_branch_datetime_operator.py
[2023-11-07T19:54:51.254+0000] {processor.py:839} INFO - DAG(s) dict_keys(['example_branch_datetime_operator', 'example_branch_datetime_operator_3', 'example_branch_datetime_operator_2']) retrieved from /usr/local/lib/python3.10/dist-packages/airflow/example_dags/example_branch_datetime_operator.py
[2023-11-07T19:54:51.278+0000] {logging_mixin.py:154} INFO - [2023-11-07T19:54:51.278+0000] {dag.py:2941} INFO - Sync 3 DAGs
[2023-11-07T19:54:51.300+0000] {logging_mixin.py:154} INFO - [2023-11-07T19:54:51.299+0000] {dag.py:3722} INFO - Setting next_dagrun for example_branch_datetime_operator to 2023-11-06T00:00:00+00:00, run_after=2023-11-07T00:00:00+00:00
[2023-11-07T19:54:51.305+0000] {logging_mixin.py:154} INFO - [2023-11-07T19:54:51.304+0000] {dag.py:3722} INFO - Setting next_dagrun for example_branch_datetime_operator_2 to 2023-11-06T00:00:00+00:00, run_after=2023-11-07T00:00:00+00:00
[2023-11-07T19:54:51.307+0000] {logging_mixin.py:154} INFO - [2023-11-07T19:54:51.307+0000] {dag.py:3722} INFO - Setting next_dagrun for example_branch_datetime_operator_3 to 2023-11-06T00:00:00+00:00, run_after=2023-11-07T00:00:00+00:00
[2023-11-07T19:54:51.328+0000] {processor.py:179} INFO - Processing /usr/local/lib/python3.10/dist-packages/airflow/example_dags/example_branch_datetime_operator.py took 0.090 seconds
[2023-11-07T19:55:42.692+0000] {processor.py:157} INFO - Started process (PID=5026) to work on /usr/local/lib/python3.10/dist-packages/airflow/example_dags/example_branch_datetime_operator.py
[2023-11-07T19:55:42.693+0000] {processor.py:829} INFO - Processing file /usr/local/lib/python3.10/dist-packages/airflow/example_dags/example_branch_datetime_operator.py for tasks to queue
[2023-11-07T19:55:42.693+0000] {logging_mixin.py:154} INFO - [2023-11-07T19:55:42.693+0000] {dagbag.py:536} INFO - Filling up the DagBag from /usr/local/lib/python3.10/dist-packages/airflow/example_dags/example_branch_datetime_operator.py
[2023-11-07T19:55:42.704+0000] {processor.py:839} INFO - DAG(s) dict_keys(['example_branch_datetime_operator_3', 'example_branch_datetime_operator_2', 'example_branch_datetime_operator']) retrieved from /usr/local/lib/python3.10/dist-packages/airflow/example_dags/example_branch_datetime_operator.py
[2023-11-07T19:55:42.726+0000] {logging_mixin.py:154} INFO - [2023-11-07T19:55:42.726+0000] {dag.py:2941} INFO - Sync 3 DAGs
[2023-11-07T19:55:42.745+0000] {logging_mixin.py:154} INFO - [2023-11-07T19:55:42.745+0000] {dag.py:3722} INFO - Setting next_dagrun for example_branch_datetime_operator to 2023-11-06T00:00:00+00:00, run_after=2023-11-07T00:00:00+00:00
[2023-11-07T19:55:42.750+0000] {logging_mixin.py:154} INFO - [2023-11-07T19:55:42.749+0000] {dag.py:3722} INFO - Setting next_dagrun for example_branch_datetime_operator_2 to 2023-11-06T00:00:00+00:00, run_after=2023-11-07T00:00:00+00:00
[2023-11-07T19:55:42.753+0000] {logging_mixin.py:154} INFO - [2023-11-07T19:55:42.753+0000] {dag.py:3722} INFO - Setting next_dagrun for example_branch_datetime_operator_3 to 2023-11-06T00:00:00+00:00, run_after=2023-11-07T00:00:00+00:00
[2023-11-07T19:55:42.774+0000] {processor.py:179} INFO - Processing /usr/local/lib/python3.10/dist-packages/airflow/example_dags/example_branch_datetime_operator.py took 0.085 seconds
[2023-11-07T19:56:38.287+0000] {processor.py:157} INFO - Started process (PID=5081) to work on /usr/local/lib/python3.10/dist-packages/airflow/example_dags/example_branch_datetime_operator.py
[2023-11-07T19:56:38.288+0000] {processor.py:829} INFO - Processing file /usr/local/lib/python3.10/dist-packages/airflow/example_dags/example_branch_datetime_operator.py for tasks to queue
[2023-11-07T19:56:38.289+0000] {logging_mixin.py:154} INFO - [2023-11-07T19:56:38.288+0000] {dagbag.py:536} INFO - Filling up the DagBag from /usr/local/lib/python3.10/dist-packages/airflow/example_dags/example_branch_datetime_operator.py
[2023-11-07T19:56:38.300+0000] {processor.py:839} INFO - DAG(s) dict_keys(['example_branch_datetime_operator_3', 'example_branch_datetime_operator_2', 'example_branch_datetime_operator']) retrieved from /usr/local/lib/python3.10/dist-packages/airflow/example_dags/example_branch_datetime_operator.py
[2023-11-07T19:56:38.329+0000] {logging_mixin.py:154} INFO - [2023-11-07T19:56:38.328+0000] {dag.py:2941} INFO - Sync 3 DAGs
[2023-11-07T19:56:38.352+0000] {logging_mixin.py:154} INFO - [2023-11-07T19:56:38.352+0000] {dag.py:3722} INFO - Setting next_dagrun for example_branch_datetime_operator to 2023-11-06T00:00:00+00:00, run_after=2023-11-07T00:00:00+00:00
[2023-11-07T19:56:38.356+0000] {logging_mixin.py:154} INFO - [2023-11-07T19:56:38.356+0000] {dag.py:3722} INFO - Setting next_dagrun for example_branch_datetime_operator_2 to 2023-11-06T00:00:00+00:00, run_after=2023-11-07T00:00:00+00:00
[2023-11-07T19:56:38.359+0000] {logging_mixin.py:154} INFO - [2023-11-07T19:56:38.358+0000] {dag.py:3722} INFO - Setting next_dagrun for example_branch_datetime_operator_3 to 2023-11-06T00:00:00+00:00, run_after=2023-11-07T00:00:00+00:00
[2023-11-07T19:56:38.392+0000] {processor.py:179} INFO - Processing /usr/local/lib/python3.10/dist-packages/airflow/example_dags/example_branch_datetime_operator.py took 0.109 seconds
[2023-11-07T19:57:30.866+0000] {processor.py:157} INFO - Started process (PID=5133) to work on /usr/local/lib/python3.10/dist-packages/airflow/example_dags/example_branch_datetime_operator.py
[2023-11-07T19:57:30.867+0000] {processor.py:829} INFO - Processing file /usr/local/lib/python3.10/dist-packages/airflow/example_dags/example_branch_datetime_operator.py for tasks to queue
[2023-11-07T19:57:30.869+0000] {logging_mixin.py:154} INFO - [2023-11-07T19:57:30.868+0000] {dagbag.py:536} INFO - Filling up the DagBag from /usr/local/lib/python3.10/dist-packages/airflow/example_dags/example_branch_datetime_operator.py
[2023-11-07T19:57:30.888+0000] {processor.py:839} INFO - DAG(s) dict_keys(['example_branch_datetime_operator_3', 'example_branch_datetime_operator', 'example_branch_datetime_operator_2']) retrieved from /usr/local/lib/python3.10/dist-packages/airflow/example_dags/example_branch_datetime_operator.py
[2023-11-07T19:57:30.941+0000] {logging_mixin.py:154} INFO - [2023-11-07T19:57:30.941+0000] {dag.py:2941} INFO - Sync 3 DAGs
[2023-11-07T19:57:30.981+0000] {logging_mixin.py:154} INFO - [2023-11-07T19:57:30.980+0000] {dag.py:3722} INFO - Setting next_dagrun for example_branch_datetime_operator to 2023-11-06T00:00:00+00:00, run_after=2023-11-07T00:00:00+00:00
[2023-11-07T19:57:30.988+0000] {logging_mixin.py:154} INFO - [2023-11-07T19:57:30.988+0000] {dag.py:3722} INFO - Setting next_dagrun for example_branch_datetime_operator_2 to 2023-11-06T00:00:00+00:00, run_after=2023-11-07T00:00:00+00:00
[2023-11-07T19:57:30.993+0000] {logging_mixin.py:154} INFO - [2023-11-07T19:57:30.993+0000] {dag.py:3722} INFO - Setting next_dagrun for example_branch_datetime_operator_3 to 2023-11-06T00:00:00+00:00, run_after=2023-11-07T00:00:00+00:00
[2023-11-07T19:57:31.017+0000] {processor.py:179} INFO - Processing /usr/local/lib/python3.10/dist-packages/airflow/example_dags/example_branch_datetime_operator.py took 0.157 seconds
[2023-11-07T19:58:19.870+0000] {processor.py:157} INFO - Started process (PID=5184) to work on /usr/local/lib/python3.10/dist-packages/airflow/example_dags/example_branch_datetime_operator.py
[2023-11-07T19:58:19.871+0000] {processor.py:829} INFO - Processing file /usr/local/lib/python3.10/dist-packages/airflow/example_dags/example_branch_datetime_operator.py for tasks to queue
[2023-11-07T19:58:19.872+0000] {logging_mixin.py:154} INFO - [2023-11-07T19:58:19.872+0000] {dagbag.py:536} INFO - Filling up the DagBag from /usr/local/lib/python3.10/dist-packages/airflow/example_dags/example_branch_datetime_operator.py
[2023-11-07T19:58:19.883+0000] {processor.py:839} INFO - DAG(s) dict_keys(['example_branch_datetime_operator_2', 'example_branch_datetime_operator', 'example_branch_datetime_operator_3']) retrieved from /usr/local/lib/python3.10/dist-packages/airflow/example_dags/example_branch_datetime_operator.py
[2023-11-07T19:58:19.910+0000] {logging_mixin.py:154} INFO - [2023-11-07T19:58:19.910+0000] {dag.py:2941} INFO - Sync 3 DAGs
[2023-11-07T19:58:19.964+0000] {logging_mixin.py:154} INFO - [2023-11-07T19:58:19.963+0000] {dag.py:3722} INFO - Setting next_dagrun for example_branch_datetime_operator to 2023-11-06T00:00:00+00:00, run_after=2023-11-07T00:00:00+00:00
[2023-11-07T19:58:19.970+0000] {logging_mixin.py:154} INFO - [2023-11-07T19:58:19.970+0000] {dag.py:3722} INFO - Setting next_dagrun for example_branch_datetime_operator_2 to 2023-11-06T00:00:00+00:00, run_after=2023-11-07T00:00:00+00:00
[2023-11-07T19:58:19.973+0000] {logging_mixin.py:154} INFO - [2023-11-07T19:58:19.973+0000] {dag.py:3722} INFO - Setting next_dagrun for example_branch_datetime_operator_3 to 2023-11-06T00:00:00+00:00, run_after=2023-11-07T00:00:00+00:00
[2023-11-07T19:58:19.992+0000] {processor.py:179} INFO - Processing /usr/local/lib/python3.10/dist-packages/airflow/example_dags/example_branch_datetime_operator.py took 0.125 seconds
[2023-11-07T19:59:08.988+0000] {processor.py:157} INFO - Started process (PID=5234) to work on /usr/local/lib/python3.10/dist-packages/airflow/example_dags/example_branch_datetime_operator.py
[2023-11-07T19:59:08.990+0000] {processor.py:829} INFO - Processing file /usr/local/lib/python3.10/dist-packages/airflow/example_dags/example_branch_datetime_operator.py for tasks to queue
[2023-11-07T19:59:08.991+0000] {logging_mixin.py:154} INFO - [2023-11-07T19:59:08.990+0000] {dagbag.py:536} INFO - Filling up the DagBag from /usr/local/lib/python3.10/dist-packages/airflow/example_dags/example_branch_datetime_operator.py
[2023-11-07T19:59:09.006+0000] {processor.py:839} INFO - DAG(s) dict_keys(['example_branch_datetime_operator_3', 'example_branch_datetime_operator', 'example_branch_datetime_operator_2']) retrieved from /usr/local/lib/python3.10/dist-packages/airflow/example_dags/example_branch_datetime_operator.py
[2023-11-07T19:59:09.038+0000] {logging_mixin.py:154} INFO - [2023-11-07T19:59:09.038+0000] {dag.py:2941} INFO - Sync 3 DAGs
[2023-11-07T19:59:09.069+0000] {logging_mixin.py:154} INFO - [2023-11-07T19:59:09.069+0000] {dag.py:3722} INFO - Setting next_dagrun for example_branch_datetime_operator to 2023-11-06T00:00:00+00:00, run_after=2023-11-07T00:00:00+00:00
[2023-11-07T19:59:09.075+0000] {logging_mixin.py:154} INFO - [2023-11-07T19:59:09.075+0000] {dag.py:3722} INFO - Setting next_dagrun for example_branch_datetime_operator_2 to 2023-11-06T00:00:00+00:00, run_after=2023-11-07T00:00:00+00:00
[2023-11-07T19:59:09.079+0000] {logging_mixin.py:154} INFO - [2023-11-07T19:59:09.079+0000] {dag.py:3722} INFO - Setting next_dagrun for example_branch_datetime_operator_3 to 2023-11-06T00:00:00+00:00, run_after=2023-11-07T00:00:00+00:00
[2023-11-07T19:59:09.112+0000] {processor.py:179} INFO - Processing /usr/local/lib/python3.10/dist-packages/airflow/example_dags/example_branch_datetime_operator.py took 0.128 seconds
[2023-11-07T19:59:59.064+0000] {processor.py:157} INFO - Started process (PID=5284) to work on /usr/local/lib/python3.10/dist-packages/airflow/example_dags/example_branch_datetime_operator.py
[2023-11-07T19:59:59.065+0000] {processor.py:829} INFO - Processing file /usr/local/lib/python3.10/dist-packages/airflow/example_dags/example_branch_datetime_operator.py for tasks to queue
[2023-11-07T19:59:59.065+0000] {logging_mixin.py:154} INFO - [2023-11-07T19:59:59.065+0000] {dagbag.py:536} INFO - Filling up the DagBag from /usr/local/lib/python3.10/dist-packages/airflow/example_dags/example_branch_datetime_operator.py
[2023-11-07T19:59:59.075+0000] {processor.py:839} INFO - DAG(s) dict_keys(['example_branch_datetime_operator_3', 'example_branch_datetime_operator_2', 'example_branch_datetime_operator']) retrieved from /usr/local/lib/python3.10/dist-packages/airflow/example_dags/example_branch_datetime_operator.py
[2023-11-07T19:59:59.100+0000] {logging_mixin.py:154} INFO - [2023-11-07T19:59:59.100+0000] {dag.py:2941} INFO - Sync 3 DAGs
[2023-11-07T19:59:59.123+0000] {logging_mixin.py:154} INFO - [2023-11-07T19:59:59.122+0000] {dag.py:3722} INFO - Setting next_dagrun for example_branch_datetime_operator to 2023-11-06T00:00:00+00:00, run_after=2023-11-07T00:00:00+00:00
[2023-11-07T19:59:59.127+0000] {logging_mixin.py:154} INFO - [2023-11-07T19:59:59.127+0000] {dag.py:3722} INFO - Setting next_dagrun for example_branch_datetime_operator_2 to 2023-11-06T00:00:00+00:00, run_after=2023-11-07T00:00:00+00:00
[2023-11-07T19:59:59.129+0000] {logging_mixin.py:154} INFO - [2023-11-07T19:59:59.129+0000] {dag.py:3722} INFO - Setting next_dagrun for example_branch_datetime_operator_3 to 2023-11-06T00:00:00+00:00, run_after=2023-11-07T00:00:00+00:00
[2023-11-07T19:59:59.148+0000] {processor.py:179} INFO - Processing /usr/local/lib/python3.10/dist-packages/airflow/example_dags/example_branch_datetime_operator.py took 0.088 seconds
[2023-11-07T20:00:54.542+0000] {processor.py:157} INFO - Started process (PID=5339) to work on /usr/local/lib/python3.10/dist-packages/airflow/example_dags/example_branch_datetime_operator.py
[2023-11-07T20:00:54.543+0000] {processor.py:829} INFO - Processing file /usr/local/lib/python3.10/dist-packages/airflow/example_dags/example_branch_datetime_operator.py for tasks to queue
[2023-11-07T20:00:54.544+0000] {logging_mixin.py:154} INFO - [2023-11-07T20:00:54.544+0000] {dagbag.py:536} INFO - Filling up the DagBag from /usr/local/lib/python3.10/dist-packages/airflow/example_dags/example_branch_datetime_operator.py
[2023-11-07T20:00:54.558+0000] {processor.py:839} INFO - DAG(s) dict_keys(['example_branch_datetime_operator_2', 'example_branch_datetime_operator_3', 'example_branch_datetime_operator']) retrieved from /usr/local/lib/python3.10/dist-packages/airflow/example_dags/example_branch_datetime_operator.py
[2023-11-07T20:00:54.584+0000] {logging_mixin.py:154} INFO - [2023-11-07T20:00:54.584+0000] {dag.py:2941} INFO - Sync 3 DAGs
[2023-11-07T20:00:54.611+0000] {logging_mixin.py:154} INFO - [2023-11-07T20:00:54.611+0000] {dag.py:3722} INFO - Setting next_dagrun for example_branch_datetime_operator to 2023-11-06T00:00:00+00:00, run_after=2023-11-07T00:00:00+00:00
[2023-11-07T20:00:54.616+0000] {logging_mixin.py:154} INFO - [2023-11-07T20:00:54.615+0000] {dag.py:3722} INFO - Setting next_dagrun for example_branch_datetime_operator_2 to 2023-11-06T00:00:00+00:00, run_after=2023-11-07T00:00:00+00:00
[2023-11-07T20:00:54.620+0000] {logging_mixin.py:154} INFO - [2023-11-07T20:00:54.620+0000] {dag.py:3722} INFO - Setting next_dagrun for example_branch_datetime_operator_3 to 2023-11-06T00:00:00+00:00, run_after=2023-11-07T00:00:00+00:00
[2023-11-07T20:00:54.675+0000] {processor.py:179} INFO - Processing /usr/local/lib/python3.10/dist-packages/airflow/example_dags/example_branch_datetime_operator.py took 0.137 seconds
[2023-11-07T20:01:43.740+0000] {processor.py:157} INFO - Started process (PID=5390) to work on /usr/local/lib/python3.10/dist-packages/airflow/example_dags/example_branch_datetime_operator.py
[2023-11-07T20:01:43.743+0000] {processor.py:829} INFO - Processing file /usr/local/lib/python3.10/dist-packages/airflow/example_dags/example_branch_datetime_operator.py for tasks to queue
[2023-11-07T20:01:43.744+0000] {logging_mixin.py:154} INFO - [2023-11-07T20:01:43.744+0000] {dagbag.py:536} INFO - Filling up the DagBag from /usr/local/lib/python3.10/dist-packages/airflow/example_dags/example_branch_datetime_operator.py
[2023-11-07T20:01:43.754+0000] {processor.py:839} INFO - DAG(s) dict_keys(['example_branch_datetime_operator', 'example_branch_datetime_operator_3', 'example_branch_datetime_operator_2']) retrieved from /usr/local/lib/python3.10/dist-packages/airflow/example_dags/example_branch_datetime_operator.py
[2023-11-07T20:01:43.776+0000] {logging_mixin.py:154} INFO - [2023-11-07T20:01:43.775+0000] {dag.py:2941} INFO - Sync 3 DAGs
[2023-11-07T20:01:43.796+0000] {logging_mixin.py:154} INFO - [2023-11-07T20:01:43.796+0000] {dag.py:3722} INFO - Setting next_dagrun for example_branch_datetime_operator to 2023-11-06T00:00:00+00:00, run_after=2023-11-07T00:00:00+00:00
[2023-11-07T20:01:43.801+0000] {logging_mixin.py:154} INFO - [2023-11-07T20:01:43.800+0000] {dag.py:3722} INFO - Setting next_dagrun for example_branch_datetime_operator_2 to 2023-11-06T00:00:00+00:00, run_after=2023-11-07T00:00:00+00:00
[2023-11-07T20:01:43.803+0000] {logging_mixin.py:154} INFO - [2023-11-07T20:01:43.803+0000] {dag.py:3722} INFO - Setting next_dagrun for example_branch_datetime_operator_3 to 2023-11-06T00:00:00+00:00, run_after=2023-11-07T00:00:00+00:00
[2023-11-07T20:01:43.822+0000] {processor.py:179} INFO - Processing /usr/local/lib/python3.10/dist-packages/airflow/example_dags/example_branch_datetime_operator.py took 0.086 seconds
[2023-11-07T20:02:29.297+0000] {processor.py:157} INFO - Started process (PID=5437) to work on /usr/local/lib/python3.10/dist-packages/airflow/example_dags/example_branch_datetime_operator.py
[2023-11-07T20:02:29.298+0000] {processor.py:829} INFO - Processing file /usr/local/lib/python3.10/dist-packages/airflow/example_dags/example_branch_datetime_operator.py for tasks to queue
[2023-11-07T20:02:29.300+0000] {logging_mixin.py:154} INFO - [2023-11-07T20:02:29.299+0000] {dagbag.py:536} INFO - Filling up the DagBag from /usr/local/lib/python3.10/dist-packages/airflow/example_dags/example_branch_datetime_operator.py
[2023-11-07T20:02:29.313+0000] {processor.py:839} INFO - DAG(s) dict_keys(['example_branch_datetime_operator_3', 'example_branch_datetime_operator', 'example_branch_datetime_operator_2']) retrieved from /usr/local/lib/python3.10/dist-packages/airflow/example_dags/example_branch_datetime_operator.py
[2023-11-07T20:02:29.356+0000] {logging_mixin.py:154} INFO - [2023-11-07T20:02:29.356+0000] {dag.py:2941} INFO - Sync 3 DAGs
[2023-11-07T20:02:29.384+0000] {logging_mixin.py:154} INFO - [2023-11-07T20:02:29.384+0000] {dag.py:3722} INFO - Setting next_dagrun for example_branch_datetime_operator to 2023-11-06T00:00:00+00:00, run_after=2023-11-07T00:00:00+00:00
[2023-11-07T20:02:29.389+0000] {logging_mixin.py:154} INFO - [2023-11-07T20:02:29.388+0000] {dag.py:3722} INFO - Setting next_dagrun for example_branch_datetime_operator_2 to 2023-11-06T00:00:00+00:00, run_after=2023-11-07T00:00:00+00:00
[2023-11-07T20:02:29.391+0000] {logging_mixin.py:154} INFO - [2023-11-07T20:02:29.391+0000] {dag.py:3722} INFO - Setting next_dagrun for example_branch_datetime_operator_3 to 2023-11-06T00:00:00+00:00, run_after=2023-11-07T00:00:00+00:00
[2023-11-07T20:02:29.412+0000] {processor.py:179} INFO - Processing /usr/local/lib/python3.10/dist-packages/airflow/example_dags/example_branch_datetime_operator.py took 0.119 seconds
[2023-11-07T20:03:19.014+0000] {processor.py:157} INFO - Started process (PID=5489) to work on /usr/local/lib/python3.10/dist-packages/airflow/example_dags/example_branch_datetime_operator.py
[2023-11-07T20:03:19.015+0000] {processor.py:829} INFO - Processing file /usr/local/lib/python3.10/dist-packages/airflow/example_dags/example_branch_datetime_operator.py for tasks to queue
[2023-11-07T20:03:19.016+0000] {logging_mixin.py:154} INFO - [2023-11-07T20:03:19.016+0000] {dagbag.py:536} INFO - Filling up the DagBag from /usr/local/lib/python3.10/dist-packages/airflow/example_dags/example_branch_datetime_operator.py
[2023-11-07T20:03:19.026+0000] {processor.py:839} INFO - DAG(s) dict_keys(['example_branch_datetime_operator_2', 'example_branch_datetime_operator_3', 'example_branch_datetime_operator']) retrieved from /usr/local/lib/python3.10/dist-packages/airflow/example_dags/example_branch_datetime_operator.py
[2023-11-07T20:03:19.050+0000] {logging_mixin.py:154} INFO - [2023-11-07T20:03:19.050+0000] {dag.py:2941} INFO - Sync 3 DAGs
[2023-11-07T20:03:19.071+0000] {logging_mixin.py:154} INFO - [2023-11-07T20:03:19.071+0000] {dag.py:3722} INFO - Setting next_dagrun for example_branch_datetime_operator to 2023-11-06T00:00:00+00:00, run_after=2023-11-07T00:00:00+00:00
[2023-11-07T20:03:19.075+0000] {logging_mixin.py:154} INFO - [2023-11-07T20:03:19.075+0000] {dag.py:3722} INFO - Setting next_dagrun for example_branch_datetime_operator_2 to 2023-11-06T00:00:00+00:00, run_after=2023-11-07T00:00:00+00:00
[2023-11-07T20:03:19.078+0000] {logging_mixin.py:154} INFO - [2023-11-07T20:03:19.078+0000] {dag.py:3722} INFO - Setting next_dagrun for example_branch_datetime_operator_3 to 2023-11-06T00:00:00+00:00, run_after=2023-11-07T00:00:00+00:00
[2023-11-07T20:03:19.103+0000] {processor.py:179} INFO - Processing /usr/local/lib/python3.10/dist-packages/airflow/example_dags/example_branch_datetime_operator.py took 0.092 seconds
[2023-11-07T20:04:07.668+0000] {processor.py:157} INFO - Started process (PID=5540) to work on /usr/local/lib/python3.10/dist-packages/airflow/example_dags/example_branch_datetime_operator.py
[2023-11-07T20:04:07.669+0000] {processor.py:829} INFO - Processing file /usr/local/lib/python3.10/dist-packages/airflow/example_dags/example_branch_datetime_operator.py for tasks to queue
[2023-11-07T20:04:07.670+0000] {logging_mixin.py:154} INFO - [2023-11-07T20:04:07.669+0000] {dagbag.py:536} INFO - Filling up the DagBag from /usr/local/lib/python3.10/dist-packages/airflow/example_dags/example_branch_datetime_operator.py
[2023-11-07T20:04:07.681+0000] {processor.py:839} INFO - DAG(s) dict_keys(['example_branch_datetime_operator', 'example_branch_datetime_operator_3', 'example_branch_datetime_operator_2']) retrieved from /usr/local/lib/python3.10/dist-packages/airflow/example_dags/example_branch_datetime_operator.py
[2023-11-07T20:04:07.721+0000] {logging_mixin.py:154} INFO - [2023-11-07T20:04:07.720+0000] {dag.py:2941} INFO - Sync 3 DAGs
[2023-11-07T20:04:07.747+0000] {logging_mixin.py:154} INFO - [2023-11-07T20:04:07.747+0000] {dag.py:3722} INFO - Setting next_dagrun for example_branch_datetime_operator to 2023-11-06T00:00:00+00:00, run_after=2023-11-07T00:00:00+00:00
[2023-11-07T20:04:07.751+0000] {logging_mixin.py:154} INFO - [2023-11-07T20:04:07.751+0000] {dag.py:3722} INFO - Setting next_dagrun for example_branch_datetime_operator_2 to 2023-11-06T00:00:00+00:00, run_after=2023-11-07T00:00:00+00:00
[2023-11-07T20:04:07.753+0000] {logging_mixin.py:154} INFO - [2023-11-07T20:04:07.753+0000] {dag.py:3722} INFO - Setting next_dagrun for example_branch_datetime_operator_3 to 2023-11-06T00:00:00+00:00, run_after=2023-11-07T00:00:00+00:00
[2023-11-07T20:04:07.776+0000] {processor.py:179} INFO - Processing /usr/local/lib/python3.10/dist-packages/airflow/example_dags/example_branch_datetime_operator.py took 0.112 seconds
[2023-11-07T20:04:56.317+0000] {processor.py:157} INFO - Started process (PID=5590) to work on /usr/local/lib/python3.10/dist-packages/airflow/example_dags/example_branch_datetime_operator.py
[2023-11-07T20:04:56.319+0000] {processor.py:829} INFO - Processing file /usr/local/lib/python3.10/dist-packages/airflow/example_dags/example_branch_datetime_operator.py for tasks to queue
[2023-11-07T20:04:56.319+0000] {logging_mixin.py:154} INFO - [2023-11-07T20:04:56.319+0000] {dagbag.py:536} INFO - Filling up the DagBag from /usr/local/lib/python3.10/dist-packages/airflow/example_dags/example_branch_datetime_operator.py
[2023-11-07T20:04:56.340+0000] {processor.py:839} INFO - DAG(s) dict_keys(['example_branch_datetime_operator_2', 'example_branch_datetime_operator_3', 'example_branch_datetime_operator']) retrieved from /usr/local/lib/python3.10/dist-packages/airflow/example_dags/example_branch_datetime_operator.py
[2023-11-07T20:04:56.369+0000] {logging_mixin.py:154} INFO - [2023-11-07T20:04:56.369+0000] {dag.py:2941} INFO - Sync 3 DAGs
[2023-11-07T20:04:56.391+0000] {logging_mixin.py:154} INFO - [2023-11-07T20:04:56.391+0000] {dag.py:3722} INFO - Setting next_dagrun for example_branch_datetime_operator to 2023-11-06T00:00:00+00:00, run_after=2023-11-07T00:00:00+00:00
[2023-11-07T20:04:56.398+0000] {logging_mixin.py:154} INFO - [2023-11-07T20:04:56.398+0000] {dag.py:3722} INFO - Setting next_dagrun for example_branch_datetime_operator_2 to 2023-11-06T00:00:00+00:00, run_after=2023-11-07T00:00:00+00:00
[2023-11-07T20:04:56.400+0000] {logging_mixin.py:154} INFO - [2023-11-07T20:04:56.400+0000] {dag.py:3722} INFO - Setting next_dagrun for example_branch_datetime_operator_3 to 2023-11-06T00:00:00+00:00, run_after=2023-11-07T00:00:00+00:00
[2023-11-07T20:04:56.432+0000] {processor.py:179} INFO - Processing /usr/local/lib/python3.10/dist-packages/airflow/example_dags/example_branch_datetime_operator.py took 0.119 seconds
[2023-11-07T20:05:46.631+0000] {processor.py:157} INFO - Started process (PID=5641) to work on /usr/local/lib/python3.10/dist-packages/airflow/example_dags/example_branch_datetime_operator.py
[2023-11-07T20:05:46.632+0000] {processor.py:829} INFO - Processing file /usr/local/lib/python3.10/dist-packages/airflow/example_dags/example_branch_datetime_operator.py for tasks to queue
[2023-11-07T20:05:46.633+0000] {logging_mixin.py:154} INFO - [2023-11-07T20:05:46.633+0000] {dagbag.py:536} INFO - Filling up the DagBag from /usr/local/lib/python3.10/dist-packages/airflow/example_dags/example_branch_datetime_operator.py
[2023-11-07T20:05:46.644+0000] {processor.py:839} INFO - DAG(s) dict_keys(['example_branch_datetime_operator_3', 'example_branch_datetime_operator_2', 'example_branch_datetime_operator']) retrieved from /usr/local/lib/python3.10/dist-packages/airflow/example_dags/example_branch_datetime_operator.py
[2023-11-07T20:05:46.666+0000] {logging_mixin.py:154} INFO - [2023-11-07T20:05:46.666+0000] {dag.py:2941} INFO - Sync 3 DAGs
[2023-11-07T20:05:46.692+0000] {logging_mixin.py:154} INFO - [2023-11-07T20:05:46.692+0000] {dag.py:3722} INFO - Setting next_dagrun for example_branch_datetime_operator to 2023-11-06T00:00:00+00:00, run_after=2023-11-07T00:00:00+00:00
[2023-11-07T20:05:46.696+0000] {logging_mixin.py:154} INFO - [2023-11-07T20:05:46.696+0000] {dag.py:3722} INFO - Setting next_dagrun for example_branch_datetime_operator_2 to 2023-11-06T00:00:00+00:00, run_after=2023-11-07T00:00:00+00:00
[2023-11-07T20:05:46.699+0000] {logging_mixin.py:154} INFO - [2023-11-07T20:05:46.698+0000] {dag.py:3722} INFO - Setting next_dagrun for example_branch_datetime_operator_3 to 2023-11-06T00:00:00+00:00, run_after=2023-11-07T00:00:00+00:00
[2023-11-07T20:05:46.720+0000] {processor.py:179} INFO - Processing /usr/local/lib/python3.10/dist-packages/airflow/example_dags/example_branch_datetime_operator.py took 0.092 seconds
[2023-11-07T20:06:35.495+0000] {processor.py:157} INFO - Started process (PID=5692) to work on /usr/local/lib/python3.10/dist-packages/airflow/example_dags/example_branch_datetime_operator.py
[2023-11-07T20:06:35.496+0000] {processor.py:829} INFO - Processing file /usr/local/lib/python3.10/dist-packages/airflow/example_dags/example_branch_datetime_operator.py for tasks to queue
[2023-11-07T20:06:35.497+0000] {logging_mixin.py:154} INFO - [2023-11-07T20:06:35.497+0000] {dagbag.py:536} INFO - Filling up the DagBag from /usr/local/lib/python3.10/dist-packages/airflow/example_dags/example_branch_datetime_operator.py
[2023-11-07T20:06:35.507+0000] {processor.py:839} INFO - DAG(s) dict_keys(['example_branch_datetime_operator', 'example_branch_datetime_operator_2', 'example_branch_datetime_operator_3']) retrieved from /usr/local/lib/python3.10/dist-packages/airflow/example_dags/example_branch_datetime_operator.py
[2023-11-07T20:06:35.529+0000] {logging_mixin.py:154} INFO - [2023-11-07T20:06:35.529+0000] {dag.py:2941} INFO - Sync 3 DAGs
[2023-11-07T20:06:35.548+0000] {logging_mixin.py:154} INFO - [2023-11-07T20:06:35.547+0000] {dag.py:3722} INFO - Setting next_dagrun for example_branch_datetime_operator to 2023-11-06T00:00:00+00:00, run_after=2023-11-07T00:00:00+00:00
[2023-11-07T20:06:35.551+0000] {logging_mixin.py:154} INFO - [2023-11-07T20:06:35.551+0000] {dag.py:3722} INFO - Setting next_dagrun for example_branch_datetime_operator_2 to 2023-11-06T00:00:00+00:00, run_after=2023-11-07T00:00:00+00:00
[2023-11-07T20:06:35.554+0000] {logging_mixin.py:154} INFO - [2023-11-07T20:06:35.554+0000] {dag.py:3722} INFO - Setting next_dagrun for example_branch_datetime_operator_3 to 2023-11-06T00:00:00+00:00, run_after=2023-11-07T00:00:00+00:00
[2023-11-07T20:06:35.577+0000] {processor.py:179} INFO - Processing /usr/local/lib/python3.10/dist-packages/airflow/example_dags/example_branch_datetime_operator.py took 0.085 seconds
[2023-11-07T20:07:27.710+0000] {processor.py:157} INFO - Started process (PID=5744) to work on /usr/local/lib/python3.10/dist-packages/airflow/example_dags/example_branch_datetime_operator.py
[2023-11-07T20:07:27.711+0000] {processor.py:829} INFO - Processing file /usr/local/lib/python3.10/dist-packages/airflow/example_dags/example_branch_datetime_operator.py for tasks to queue
[2023-11-07T20:07:27.712+0000] {logging_mixin.py:154} INFO - [2023-11-07T20:07:27.712+0000] {dagbag.py:536} INFO - Filling up the DagBag from /usr/local/lib/python3.10/dist-packages/airflow/example_dags/example_branch_datetime_operator.py
[2023-11-07T20:07:27.722+0000] {processor.py:839} INFO - DAG(s) dict_keys(['example_branch_datetime_operator', 'example_branch_datetime_operator_3', 'example_branch_datetime_operator_2']) retrieved from /usr/local/lib/python3.10/dist-packages/airflow/example_dags/example_branch_datetime_operator.py
[2023-11-07T20:07:27.747+0000] {logging_mixin.py:154} INFO - [2023-11-07T20:07:27.747+0000] {dag.py:2941} INFO - Sync 3 DAGs
[2023-11-07T20:07:27.770+0000] {logging_mixin.py:154} INFO - [2023-11-07T20:07:27.770+0000] {dag.py:3722} INFO - Setting next_dagrun for example_branch_datetime_operator to 2023-11-06T00:00:00+00:00, run_after=2023-11-07T00:00:00+00:00
[2023-11-07T20:07:27.774+0000] {logging_mixin.py:154} INFO - [2023-11-07T20:07:27.774+0000] {dag.py:3722} INFO - Setting next_dagrun for example_branch_datetime_operator_2 to 2023-11-06T00:00:00+00:00, run_after=2023-11-07T00:00:00+00:00
[2023-11-07T20:07:27.776+0000] {logging_mixin.py:154} INFO - [2023-11-07T20:07:27.776+0000] {dag.py:3722} INFO - Setting next_dagrun for example_branch_datetime_operator_3 to 2023-11-06T00:00:00+00:00, run_after=2023-11-07T00:00:00+00:00
[2023-11-07T20:07:27.798+0000] {processor.py:179} INFO - Processing /usr/local/lib/python3.10/dist-packages/airflow/example_dags/example_branch_datetime_operator.py took 0.092 seconds
