[2023-11-07T19:31:39.176+0000] {processor.py:157} INFO - Started process (PID=3558) to work on /usr/local/lib/python3.10/dist-packages/airflow/example_dags/example_short_circuit_decorator.py
[2023-11-07T19:31:39.177+0000] {processor.py:829} INFO - Processing file /usr/local/lib/python3.10/dist-packages/airflow/example_dags/example_short_circuit_decorator.py for tasks to queue
[2023-11-07T19:31:39.178+0000] {logging_mixin.py:154} INFO - [2023-11-07T19:31:39.178+0000] {dagbag.py:536} INFO - Filling up the DagBag from /usr/local/lib/python3.10/dist-packages/airflow/example_dags/example_short_circuit_decorator.py
[2023-11-07T19:31:39.190+0000] {processor.py:839} INFO - DAG(s) dict_keys(['example_short_circuit_decorator']) retrieved from /usr/local/lib/python3.10/dist-packages/airflow/example_dags/example_short_circuit_decorator.py
[2023-11-07T19:31:39.298+0000] {logging_mixin.py:154} INFO - [2023-11-07T19:31:39.298+0000] {manager.py:499} INFO - Created Permission View: %s
[2023-11-07T19:31:39.311+0000] {logging_mixin.py:154} INFO - [2023-11-07T19:31:39.311+0000] {manager.py:499} INFO - Created Permission View: %s
[2023-11-07T19:31:39.328+0000] {logging_mixin.py:154} INFO - [2023-11-07T19:31:39.328+0000] {manager.py:499} INFO - Created Permission View: %s
[2023-11-07T19:31:39.330+0000] {logging_mixin.py:154} INFO - [2023-11-07T19:31:39.329+0000] {dag.py:2941} INFO - Sync 1 DAGs
[2023-11-07T19:31:39.349+0000] {logging_mixin.py:154} INFO - [2023-11-07T19:31:39.349+0000] {dag.py:2963} INFO - Creating ORM DAG for example_short_circuit_decorator
[2023-11-07T19:31:39.365+0000] {logging_mixin.py:154} INFO - [2023-11-07T19:31:39.364+0000] {dag.py:3722} INFO - Setting next_dagrun for example_short_circuit_decorator to 2023-11-06T19:31:39.364712+00:00, run_after=2023-11-07T19:31:39.364712+00:00
[2023-11-07T19:31:39.395+0000] {processor.py:179} INFO - Processing /usr/local/lib/python3.10/dist-packages/airflow/example_dags/example_short_circuit_decorator.py took 0.222 seconds
[2023-11-07T19:32:32.871+0000] {processor.py:157} INFO - Started process (PID=3605) to work on /usr/local/lib/python3.10/dist-packages/airflow/example_dags/example_short_circuit_decorator.py
[2023-11-07T19:32:32.872+0000] {processor.py:829} INFO - Processing file /usr/local/lib/python3.10/dist-packages/airflow/example_dags/example_short_circuit_decorator.py for tasks to queue
[2023-11-07T19:32:32.873+0000] {logging_mixin.py:154} INFO - [2023-11-07T19:32:32.873+0000] {dagbag.py:536} INFO - Filling up the DagBag from /usr/local/lib/python3.10/dist-packages/airflow/example_dags/example_short_circuit_decorator.py
[2023-11-07T19:32:32.894+0000] {processor.py:839} INFO - DAG(s) dict_keys(['example_short_circuit_decorator']) retrieved from /usr/local/lib/python3.10/dist-packages/airflow/example_dags/example_short_circuit_decorator.py
[2023-11-07T19:32:32.925+0000] {logging_mixin.py:154} INFO - [2023-11-07T19:32:32.925+0000] {dag.py:2941} INFO - Sync 1 DAGs
[2023-11-07T19:32:32.947+0000] {logging_mixin.py:154} INFO - [2023-11-07T19:32:32.947+0000] {dag.py:3722} INFO - Setting next_dagrun for example_short_circuit_decorator to 2023-11-06T19:32:32.947236+00:00, run_after=2023-11-07T19:32:32.947236+00:00
[2023-11-07T19:32:32.971+0000] {processor.py:179} INFO - Processing /usr/local/lib/python3.10/dist-packages/airflow/example_dags/example_short_circuit_decorator.py took 0.104 seconds
[2023-11-07T19:33:19.324+0000] {processor.py:157} INFO - Started process (PID=3652) to work on /usr/local/lib/python3.10/dist-packages/airflow/example_dags/example_short_circuit_decorator.py
[2023-11-07T19:33:19.325+0000] {processor.py:829} INFO - Processing file /usr/local/lib/python3.10/dist-packages/airflow/example_dags/example_short_circuit_decorator.py for tasks to queue
[2023-11-07T19:33:19.328+0000] {logging_mixin.py:154} INFO - [2023-11-07T19:33:19.326+0000] {dagbag.py:536} INFO - Filling up the DagBag from /usr/local/lib/python3.10/dist-packages/airflow/example_dags/example_short_circuit_decorator.py
[2023-11-07T19:33:19.339+0000] {processor.py:839} INFO - DAG(s) dict_keys(['example_short_circuit_decorator']) retrieved from /usr/local/lib/python3.10/dist-packages/airflow/example_dags/example_short_circuit_decorator.py
[2023-11-07T19:33:19.365+0000] {logging_mixin.py:154} INFO - [2023-11-07T19:33:19.364+0000] {dag.py:2941} INFO - Sync 1 DAGs
[2023-11-07T19:33:19.389+0000] {logging_mixin.py:154} INFO - [2023-11-07T19:33:19.389+0000] {dag.py:3722} INFO - Setting next_dagrun for example_short_circuit_decorator to 2023-11-06T19:33:19.389411+00:00, run_after=2023-11-07T19:33:19.389411+00:00
[2023-11-07T19:33:19.419+0000] {processor.py:179} INFO - Processing /usr/local/lib/python3.10/dist-packages/airflow/example_dags/example_short_circuit_decorator.py took 0.100 seconds
[2023-11-07T19:34:06.024+0000] {processor.py:157} INFO - Started process (PID=3700) to work on /usr/local/lib/python3.10/dist-packages/airflow/example_dags/example_short_circuit_decorator.py
[2023-11-07T19:34:06.029+0000] {processor.py:829} INFO - Processing file /usr/local/lib/python3.10/dist-packages/airflow/example_dags/example_short_circuit_decorator.py for tasks to queue
[2023-11-07T19:34:06.032+0000] {logging_mixin.py:154} INFO - [2023-11-07T19:34:06.032+0000] {dagbag.py:536} INFO - Filling up the DagBag from /usr/local/lib/python3.10/dist-packages/airflow/example_dags/example_short_circuit_decorator.py
[2023-11-07T19:34:06.049+0000] {processor.py:839} INFO - DAG(s) dict_keys(['example_short_circuit_decorator']) retrieved from /usr/local/lib/python3.10/dist-packages/airflow/example_dags/example_short_circuit_decorator.py
[2023-11-07T19:34:06.078+0000] {logging_mixin.py:154} INFO - [2023-11-07T19:34:06.078+0000] {dag.py:2941} INFO - Sync 1 DAGs
[2023-11-07T19:34:06.097+0000] {logging_mixin.py:154} INFO - [2023-11-07T19:34:06.097+0000] {dag.py:3722} INFO - Setting next_dagrun for example_short_circuit_decorator to 2023-11-06T19:34:06.097038+00:00, run_after=2023-11-07T19:34:06.097038+00:00
[2023-11-07T19:34:06.122+0000] {processor.py:179} INFO - Processing /usr/local/lib/python3.10/dist-packages/airflow/example_dags/example_short_circuit_decorator.py took 0.101 seconds
[2023-11-07T19:34:44.173+0000] {processor.py:157} INFO - Started process (PID=3741) to work on /usr/local/lib/python3.10/dist-packages/airflow/example_dags/example_short_circuit_decorator.py
[2023-11-07T19:34:44.174+0000] {processor.py:829} INFO - Processing file /usr/local/lib/python3.10/dist-packages/airflow/example_dags/example_short_circuit_decorator.py for tasks to queue
[2023-11-07T19:34:44.175+0000] {logging_mixin.py:154} INFO - [2023-11-07T19:34:44.175+0000] {dagbag.py:536} INFO - Filling up the DagBag from /usr/local/lib/python3.10/dist-packages/airflow/example_dags/example_short_circuit_decorator.py
[2023-11-07T19:34:44.191+0000] {processor.py:839} INFO - DAG(s) dict_keys(['example_short_circuit_decorator']) retrieved from /usr/local/lib/python3.10/dist-packages/airflow/example_dags/example_short_circuit_decorator.py
[2023-11-07T19:34:44.228+0000] {logging_mixin.py:154} INFO - [2023-11-07T19:34:44.227+0000] {dag.py:2941} INFO - Sync 1 DAGs
[2023-11-07T19:34:44.246+0000] {logging_mixin.py:154} INFO - [2023-11-07T19:34:44.246+0000] {dag.py:3722} INFO - Setting next_dagrun for example_short_circuit_decorator to 2023-11-06T19:34:44.246191+00:00, run_after=2023-11-07T19:34:44.246191+00:00
[2023-11-07T19:34:44.267+0000] {processor.py:179} INFO - Processing /usr/local/lib/python3.10/dist-packages/airflow/example_dags/example_short_circuit_decorator.py took 0.099 seconds
[2023-11-07T19:35:29.017+0000] {processor.py:157} INFO - Started process (PID=3790) to work on /usr/local/lib/python3.10/dist-packages/airflow/example_dags/example_short_circuit_decorator.py
[2023-11-07T19:35:29.018+0000] {processor.py:829} INFO - Processing file /usr/local/lib/python3.10/dist-packages/airflow/example_dags/example_short_circuit_decorator.py for tasks to queue
[2023-11-07T19:35:29.019+0000] {logging_mixin.py:154} INFO - [2023-11-07T19:35:29.019+0000] {dagbag.py:536} INFO - Filling up the DagBag from /usr/local/lib/python3.10/dist-packages/airflow/example_dags/example_short_circuit_decorator.py
[2023-11-07T19:35:29.030+0000] {processor.py:839} INFO - DAG(s) dict_keys(['example_short_circuit_decorator']) retrieved from /usr/local/lib/python3.10/dist-packages/airflow/example_dags/example_short_circuit_decorator.py
[2023-11-07T19:35:29.055+0000] {logging_mixin.py:154} INFO - [2023-11-07T19:35:29.055+0000] {dag.py:2941} INFO - Sync 1 DAGs
[2023-11-07T19:35:29.079+0000] {logging_mixin.py:154} INFO - [2023-11-07T19:35:29.078+0000] {dag.py:3722} INFO - Setting next_dagrun for example_short_circuit_decorator to 2023-11-06T19:35:29.078693+00:00, run_after=2023-11-07T19:35:29.078693+00:00
[2023-11-07T19:35:29.104+0000] {processor.py:179} INFO - Processing /usr/local/lib/python3.10/dist-packages/airflow/example_dags/example_short_circuit_decorator.py took 0.090 seconds
[2023-11-07T19:36:15.807+0000] {processor.py:157} INFO - Started process (PID=3837) to work on /usr/local/lib/python3.10/dist-packages/airflow/example_dags/example_short_circuit_decorator.py
[2023-11-07T19:36:15.808+0000] {processor.py:829} INFO - Processing file /usr/local/lib/python3.10/dist-packages/airflow/example_dags/example_short_circuit_decorator.py for tasks to queue
[2023-11-07T19:36:15.809+0000] {logging_mixin.py:154} INFO - [2023-11-07T19:36:15.808+0000] {dagbag.py:536} INFO - Filling up the DagBag from /usr/local/lib/python3.10/dist-packages/airflow/example_dags/example_short_circuit_decorator.py
[2023-11-07T19:36:15.819+0000] {processor.py:839} INFO - DAG(s) dict_keys(['example_short_circuit_decorator']) retrieved from /usr/local/lib/python3.10/dist-packages/airflow/example_dags/example_short_circuit_decorator.py
[2023-11-07T19:36:15.839+0000] {logging_mixin.py:154} INFO - [2023-11-07T19:36:15.839+0000] {dag.py:2941} INFO - Sync 1 DAGs
[2023-11-07T19:36:15.859+0000] {logging_mixin.py:154} INFO - [2023-11-07T19:36:15.859+0000] {dag.py:3722} INFO - Setting next_dagrun for example_short_circuit_decorator to 2023-11-06T19:36:15.859447+00:00, run_after=2023-11-07T19:36:15.859447+00:00
[2023-11-07T19:36:15.884+0000] {processor.py:179} INFO - Processing /usr/local/lib/python3.10/dist-packages/airflow/example_dags/example_short_circuit_decorator.py took 0.080 seconds
[2023-11-07T19:37:06.095+0000] {processor.py:157} INFO - Started process (PID=3888) to work on /usr/local/lib/python3.10/dist-packages/airflow/example_dags/example_short_circuit_decorator.py
[2023-11-07T19:37:06.096+0000] {processor.py:829} INFO - Processing file /usr/local/lib/python3.10/dist-packages/airflow/example_dags/example_short_circuit_decorator.py for tasks to queue
[2023-11-07T19:37:06.097+0000] {logging_mixin.py:154} INFO - [2023-11-07T19:37:06.096+0000] {dagbag.py:536} INFO - Filling up the DagBag from /usr/local/lib/python3.10/dist-packages/airflow/example_dags/example_short_circuit_decorator.py
[2023-11-07T19:37:06.107+0000] {processor.py:839} INFO - DAG(s) dict_keys(['example_short_circuit_decorator']) retrieved from /usr/local/lib/python3.10/dist-packages/airflow/example_dags/example_short_circuit_decorator.py
[2023-11-07T19:37:06.125+0000] {logging_mixin.py:154} INFO - [2023-11-07T19:37:06.125+0000] {dag.py:2941} INFO - Sync 1 DAGs
[2023-11-07T19:37:06.144+0000] {logging_mixin.py:154} INFO - [2023-11-07T19:37:06.144+0000] {dag.py:3722} INFO - Setting next_dagrun for example_short_circuit_decorator to 2023-11-06T19:37:06.144041+00:00, run_after=2023-11-07T19:37:06.144041+00:00
[2023-11-07T19:37:06.178+0000] {processor.py:179} INFO - Processing /usr/local/lib/python3.10/dist-packages/airflow/example_dags/example_short_circuit_decorator.py took 0.086 seconds
[2023-11-07T19:37:53.634+0000] {processor.py:157} INFO - Started process (PID=3938) to work on /usr/local/lib/python3.10/dist-packages/airflow/example_dags/example_short_circuit_decorator.py
[2023-11-07T19:37:53.635+0000] {processor.py:829} INFO - Processing file /usr/local/lib/python3.10/dist-packages/airflow/example_dags/example_short_circuit_decorator.py for tasks to queue
[2023-11-07T19:37:53.636+0000] {logging_mixin.py:154} INFO - [2023-11-07T19:37:53.636+0000] {dagbag.py:536} INFO - Filling up the DagBag from /usr/local/lib/python3.10/dist-packages/airflow/example_dags/example_short_circuit_decorator.py
[2023-11-07T19:37:53.647+0000] {processor.py:839} INFO - DAG(s) dict_keys(['example_short_circuit_decorator']) retrieved from /usr/local/lib/python3.10/dist-packages/airflow/example_dags/example_short_circuit_decorator.py
[2023-11-07T19:37:53.667+0000] {logging_mixin.py:154} INFO - [2023-11-07T19:37:53.667+0000] {dag.py:2941} INFO - Sync 1 DAGs
[2023-11-07T19:37:53.692+0000] {logging_mixin.py:154} INFO - [2023-11-07T19:37:53.691+0000] {dag.py:3722} INFO - Setting next_dagrun for example_short_circuit_decorator to 2023-11-06T19:37:53.691532+00:00, run_after=2023-11-07T19:37:53.691532+00:00
[2023-11-07T19:37:53.716+0000] {processor.py:179} INFO - Processing /usr/local/lib/python3.10/dist-packages/airflow/example_dags/example_short_circuit_decorator.py took 0.085 seconds
[2023-11-07T19:38:43.350+0000] {processor.py:157} INFO - Started process (PID=3989) to work on /usr/local/lib/python3.10/dist-packages/airflow/example_dags/example_short_circuit_decorator.py
[2023-11-07T19:38:43.351+0000] {processor.py:829} INFO - Processing file /usr/local/lib/python3.10/dist-packages/airflow/example_dags/example_short_circuit_decorator.py for tasks to queue
[2023-11-07T19:38:43.352+0000] {logging_mixin.py:154} INFO - [2023-11-07T19:38:43.352+0000] {dagbag.py:536} INFO - Filling up the DagBag from /usr/local/lib/python3.10/dist-packages/airflow/example_dags/example_short_circuit_decorator.py
[2023-11-07T19:38:43.362+0000] {processor.py:839} INFO - DAG(s) dict_keys(['example_short_circuit_decorator']) retrieved from /usr/local/lib/python3.10/dist-packages/airflow/example_dags/example_short_circuit_decorator.py
[2023-11-07T19:38:43.383+0000] {logging_mixin.py:154} INFO - [2023-11-07T19:38:43.383+0000] {dag.py:2941} INFO - Sync 1 DAGs
[2023-11-07T19:38:43.402+0000] {logging_mixin.py:154} INFO - [2023-11-07T19:38:43.402+0000] {dag.py:3722} INFO - Setting next_dagrun for example_short_circuit_decorator to 2023-11-06T19:38:43.402166+00:00, run_after=2023-11-07T19:38:43.402166+00:00
[2023-11-07T19:38:43.423+0000] {processor.py:179} INFO - Processing /usr/local/lib/python3.10/dist-packages/airflow/example_dags/example_short_circuit_decorator.py took 0.076 seconds
[2023-11-07T19:39:27.961+0000] {processor.py:157} INFO - Started process (PID=4036) to work on /usr/local/lib/python3.10/dist-packages/airflow/example_dags/example_short_circuit_decorator.py
[2023-11-07T19:39:27.963+0000] {processor.py:829} INFO - Processing file /usr/local/lib/python3.10/dist-packages/airflow/example_dags/example_short_circuit_decorator.py for tasks to queue
[2023-11-07T19:39:27.963+0000] {logging_mixin.py:154} INFO - [2023-11-07T19:39:27.963+0000] {dagbag.py:536} INFO - Filling up the DagBag from /usr/local/lib/python3.10/dist-packages/airflow/example_dags/example_short_circuit_decorator.py
[2023-11-07T19:39:27.975+0000] {processor.py:839} INFO - DAG(s) dict_keys(['example_short_circuit_decorator']) retrieved from /usr/local/lib/python3.10/dist-packages/airflow/example_dags/example_short_circuit_decorator.py
[2023-11-07T19:39:27.992+0000] {logging_mixin.py:154} INFO - [2023-11-07T19:39:27.992+0000] {dag.py:2941} INFO - Sync 1 DAGs
[2023-11-07T19:39:28.011+0000] {logging_mixin.py:154} INFO - [2023-11-07T19:39:28.011+0000] {dag.py:3722} INFO - Setting next_dagrun for example_short_circuit_decorator to 2023-11-06T19:39:28.010997+00:00, run_after=2023-11-07T19:39:28.010997+00:00
[2023-11-07T19:39:28.032+0000] {processor.py:179} INFO - Processing /usr/local/lib/python3.10/dist-packages/airflow/example_dags/example_short_circuit_decorator.py took 0.074 seconds
[2023-11-07T19:40:17.453+0000] {processor.py:157} INFO - Started process (PID=4086) to work on /usr/local/lib/python3.10/dist-packages/airflow/example_dags/example_short_circuit_decorator.py
[2023-11-07T19:40:17.455+0000] {processor.py:829} INFO - Processing file /usr/local/lib/python3.10/dist-packages/airflow/example_dags/example_short_circuit_decorator.py for tasks to queue
[2023-11-07T19:40:17.456+0000] {logging_mixin.py:154} INFO - [2023-11-07T19:40:17.455+0000] {dagbag.py:536} INFO - Filling up the DagBag from /usr/local/lib/python3.10/dist-packages/airflow/example_dags/example_short_circuit_decorator.py
[2023-11-07T19:40:17.475+0000] {processor.py:839} INFO - DAG(s) dict_keys(['example_short_circuit_decorator']) retrieved from /usr/local/lib/python3.10/dist-packages/airflow/example_dags/example_short_circuit_decorator.py
[2023-11-07T19:40:17.499+0000] {logging_mixin.py:154} INFO - [2023-11-07T19:40:17.499+0000] {dag.py:2941} INFO - Sync 1 DAGs
[2023-11-07T19:40:17.528+0000] {logging_mixin.py:154} INFO - [2023-11-07T19:40:17.527+0000] {dag.py:3722} INFO - Setting next_dagrun for example_short_circuit_decorator to 2023-11-06T19:40:17.527572+00:00, run_after=2023-11-07T19:40:17.527572+00:00
[2023-11-07T19:40:17.553+0000] {processor.py:179} INFO - Processing /usr/local/lib/python3.10/dist-packages/airflow/example_dags/example_short_circuit_decorator.py took 0.104 seconds
[2023-11-07T19:41:10.214+0000] {processor.py:157} INFO - Started process (PID=4140) to work on /usr/local/lib/python3.10/dist-packages/airflow/example_dags/example_short_circuit_decorator.py
[2023-11-07T19:41:10.215+0000] {processor.py:829} INFO - Processing file /usr/local/lib/python3.10/dist-packages/airflow/example_dags/example_short_circuit_decorator.py for tasks to queue
[2023-11-07T19:41:10.216+0000] {logging_mixin.py:154} INFO - [2023-11-07T19:41:10.216+0000] {dagbag.py:536} INFO - Filling up the DagBag from /usr/local/lib/python3.10/dist-packages/airflow/example_dags/example_short_circuit_decorator.py
[2023-11-07T19:41:10.232+0000] {processor.py:839} INFO - DAG(s) dict_keys(['example_short_circuit_decorator']) retrieved from /usr/local/lib/python3.10/dist-packages/airflow/example_dags/example_short_circuit_decorator.py
[2023-11-07T19:41:10.271+0000] {logging_mixin.py:154} INFO - [2023-11-07T19:41:10.271+0000] {dag.py:2941} INFO - Sync 1 DAGs
[2023-11-07T19:41:10.323+0000] {logging_mixin.py:154} INFO - [2023-11-07T19:41:10.322+0000] {dag.py:3722} INFO - Setting next_dagrun for example_short_circuit_decorator to 2023-11-06T19:41:10.322694+00:00, run_after=2023-11-07T19:41:10.322694+00:00
[2023-11-07T19:41:10.349+0000] {processor.py:179} INFO - Processing /usr/local/lib/python3.10/dist-packages/airflow/example_dags/example_short_circuit_decorator.py took 0.141 seconds
[2023-11-07T19:41:56.547+0000] {processor.py:157} INFO - Started process (PID=4189) to work on /usr/local/lib/python3.10/dist-packages/airflow/example_dags/example_short_circuit_decorator.py
[2023-11-07T19:41:56.549+0000] {processor.py:829} INFO - Processing file /usr/local/lib/python3.10/dist-packages/airflow/example_dags/example_short_circuit_decorator.py for tasks to queue
[2023-11-07T19:41:56.549+0000] {logging_mixin.py:154} INFO - [2023-11-07T19:41:56.549+0000] {dagbag.py:536} INFO - Filling up the DagBag from /usr/local/lib/python3.10/dist-packages/airflow/example_dags/example_short_circuit_decorator.py
[2023-11-07T19:41:56.559+0000] {processor.py:839} INFO - DAG(s) dict_keys(['example_short_circuit_decorator']) retrieved from /usr/local/lib/python3.10/dist-packages/airflow/example_dags/example_short_circuit_decorator.py
[2023-11-07T19:41:56.590+0000] {logging_mixin.py:154} INFO - [2023-11-07T19:41:56.590+0000] {dag.py:2941} INFO - Sync 1 DAGs
[2023-11-07T19:41:56.623+0000] {logging_mixin.py:154} INFO - [2023-11-07T19:41:56.623+0000] {dag.py:3722} INFO - Setting next_dagrun for example_short_circuit_decorator to 2023-11-06T19:41:56.622923+00:00, run_after=2023-11-07T19:41:56.622923+00:00
[2023-11-07T19:41:56.644+0000] {processor.py:179} INFO - Processing /usr/local/lib/python3.10/dist-packages/airflow/example_dags/example_short_circuit_decorator.py took 0.103 seconds
[2023-11-07T19:42:45.847+0000] {processor.py:157} INFO - Started process (PID=4239) to work on /usr/local/lib/python3.10/dist-packages/airflow/example_dags/example_short_circuit_decorator.py
[2023-11-07T19:42:45.849+0000] {processor.py:829} INFO - Processing file /usr/local/lib/python3.10/dist-packages/airflow/example_dags/example_short_circuit_decorator.py for tasks to queue
[2023-11-07T19:42:45.849+0000] {logging_mixin.py:154} INFO - [2023-11-07T19:42:45.849+0000] {dagbag.py:536} INFO - Filling up the DagBag from /usr/local/lib/python3.10/dist-packages/airflow/example_dags/example_short_circuit_decorator.py
[2023-11-07T19:42:45.862+0000] {processor.py:839} INFO - DAG(s) dict_keys(['example_short_circuit_decorator']) retrieved from /usr/local/lib/python3.10/dist-packages/airflow/example_dags/example_short_circuit_decorator.py
[2023-11-07T19:42:45.881+0000] {logging_mixin.py:154} INFO - [2023-11-07T19:42:45.881+0000] {dag.py:2941} INFO - Sync 1 DAGs
[2023-11-07T19:42:45.902+0000] {logging_mixin.py:154} INFO - [2023-11-07T19:42:45.902+0000] {dag.py:3722} INFO - Setting next_dagrun for example_short_circuit_decorator to 2023-11-06T19:42:45.902105+00:00, run_after=2023-11-07T19:42:45.902105+00:00
[2023-11-07T19:42:45.926+0000] {processor.py:179} INFO - Processing /usr/local/lib/python3.10/dist-packages/airflow/example_dags/example_short_circuit_decorator.py took 0.083 seconds
[2023-11-07T19:43:35.708+0000] {processor.py:157} INFO - Started process (PID=4290) to work on /usr/local/lib/python3.10/dist-packages/airflow/example_dags/example_short_circuit_decorator.py
[2023-11-07T19:43:35.709+0000] {processor.py:829} INFO - Processing file /usr/local/lib/python3.10/dist-packages/airflow/example_dags/example_short_circuit_decorator.py for tasks to queue
[2023-11-07T19:43:35.710+0000] {logging_mixin.py:154} INFO - [2023-11-07T19:43:35.710+0000] {dagbag.py:536} INFO - Filling up the DagBag from /usr/local/lib/python3.10/dist-packages/airflow/example_dags/example_short_circuit_decorator.py
[2023-11-07T19:43:35.720+0000] {processor.py:839} INFO - DAG(s) dict_keys(['example_short_circuit_decorator']) retrieved from /usr/local/lib/python3.10/dist-packages/airflow/example_dags/example_short_circuit_decorator.py
[2023-11-07T19:43:35.742+0000] {logging_mixin.py:154} INFO - [2023-11-07T19:43:35.742+0000] {dag.py:2941} INFO - Sync 1 DAGs
[2023-11-07T19:43:35.762+0000] {logging_mixin.py:154} INFO - [2023-11-07T19:43:35.762+0000] {dag.py:3722} INFO - Setting next_dagrun for example_short_circuit_decorator to 2023-11-06T19:43:35.762210+00:00, run_after=2023-11-07T19:43:35.762210+00:00
[2023-11-07T19:43:35.784+0000] {processor.py:179} INFO - Processing /usr/local/lib/python3.10/dist-packages/airflow/example_dags/example_short_circuit_decorator.py took 0.080 seconds
[2023-11-07T19:44:25.803+0000] {processor.py:157} INFO - Started process (PID=4341) to work on /usr/local/lib/python3.10/dist-packages/airflow/example_dags/example_short_circuit_decorator.py
[2023-11-07T19:44:25.804+0000] {processor.py:829} INFO - Processing file /usr/local/lib/python3.10/dist-packages/airflow/example_dags/example_short_circuit_decorator.py for tasks to queue
[2023-11-07T19:44:25.805+0000] {logging_mixin.py:154} INFO - [2023-11-07T19:44:25.804+0000] {dagbag.py:536} INFO - Filling up the DagBag from /usr/local/lib/python3.10/dist-packages/airflow/example_dags/example_short_circuit_decorator.py
[2023-11-07T19:44:25.825+0000] {processor.py:839} INFO - DAG(s) dict_keys(['example_short_circuit_decorator']) retrieved from /usr/local/lib/python3.10/dist-packages/airflow/example_dags/example_short_circuit_decorator.py
[2023-11-07T19:44:25.858+0000] {logging_mixin.py:154} INFO - [2023-11-07T19:44:25.858+0000] {dag.py:2941} INFO - Sync 1 DAGs
[2023-11-07T19:44:25.885+0000] {logging_mixin.py:154} INFO - [2023-11-07T19:44:25.885+0000] {dag.py:3722} INFO - Setting next_dagrun for example_short_circuit_decorator to 2023-11-06T19:44:25.885015+00:00, run_after=2023-11-07T19:44:25.885015+00:00
[2023-11-07T19:44:25.932+0000] {processor.py:179} INFO - Processing /usr/local/lib/python3.10/dist-packages/airflow/example_dags/example_short_circuit_decorator.py took 0.133 seconds
[2023-11-07T19:45:19.760+0000] {processor.py:157} INFO - Started process (PID=4394) to work on /usr/local/lib/python3.10/dist-packages/airflow/example_dags/example_short_circuit_decorator.py
[2023-11-07T19:45:19.762+0000] {processor.py:829} INFO - Processing file /usr/local/lib/python3.10/dist-packages/airflow/example_dags/example_short_circuit_decorator.py for tasks to queue
[2023-11-07T19:45:19.763+0000] {logging_mixin.py:154} INFO - [2023-11-07T19:45:19.763+0000] {dagbag.py:536} INFO - Filling up the DagBag from /usr/local/lib/python3.10/dist-packages/airflow/example_dags/example_short_circuit_decorator.py
[2023-11-07T19:45:19.781+0000] {processor.py:839} INFO - DAG(s) dict_keys(['example_short_circuit_decorator']) retrieved from /usr/local/lib/python3.10/dist-packages/airflow/example_dags/example_short_circuit_decorator.py
[2023-11-07T19:45:19.804+0000] {logging_mixin.py:154} INFO - [2023-11-07T19:45:19.804+0000] {dag.py:2941} INFO - Sync 1 DAGs
[2023-11-07T19:45:19.823+0000] {logging_mixin.py:154} INFO - [2023-11-07T19:45:19.823+0000] {dag.py:3722} INFO - Setting next_dagrun for example_short_circuit_decorator to 2023-11-06T19:45:19.823327+00:00, run_after=2023-11-07T19:45:19.823327+00:00
[2023-11-07T19:45:19.850+0000] {processor.py:179} INFO - Processing /usr/local/lib/python3.10/dist-packages/airflow/example_dags/example_short_circuit_decorator.py took 0.099 seconds
[2023-11-07T19:45:56.560+0000] {processor.py:157} INFO - Started process (PID=4430) to work on /usr/local/lib/python3.10/dist-packages/airflow/example_dags/example_short_circuit_decorator.py
[2023-11-07T19:45:56.561+0000] {processor.py:829} INFO - Processing file /usr/local/lib/python3.10/dist-packages/airflow/example_dags/example_short_circuit_decorator.py for tasks to queue
[2023-11-07T19:45:56.561+0000] {logging_mixin.py:154} INFO - [2023-11-07T19:45:56.561+0000] {dagbag.py:536} INFO - Filling up the DagBag from /usr/local/lib/python3.10/dist-packages/airflow/example_dags/example_short_circuit_decorator.py
[2023-11-07T19:45:56.571+0000] {processor.py:839} INFO - DAG(s) dict_keys(['example_short_circuit_decorator']) retrieved from /usr/local/lib/python3.10/dist-packages/airflow/example_dags/example_short_circuit_decorator.py
[2023-11-07T19:45:56.592+0000] {logging_mixin.py:154} INFO - [2023-11-07T19:45:56.592+0000] {dag.py:2941} INFO - Sync 1 DAGs
[2023-11-07T19:45:56.610+0000] {logging_mixin.py:154} INFO - [2023-11-07T19:45:56.610+0000] {dag.py:3722} INFO - Setting next_dagrun for example_short_circuit_decorator to 2023-11-06T19:45:56.610542+00:00, run_after=2023-11-07T19:45:56.610542+00:00
[2023-11-07T19:45:56.630+0000] {processor.py:179} INFO - Processing /usr/local/lib/python3.10/dist-packages/airflow/example_dags/example_short_circuit_decorator.py took 0.074 seconds
[2023-11-07T19:46:47.851+0000] {processor.py:157} INFO - Started process (PID=4482) to work on /usr/local/lib/python3.10/dist-packages/airflow/example_dags/example_short_circuit_decorator.py
[2023-11-07T19:46:47.853+0000] {processor.py:829} INFO - Processing file /usr/local/lib/python3.10/dist-packages/airflow/example_dags/example_short_circuit_decorator.py for tasks to queue
[2023-11-07T19:46:47.855+0000] {logging_mixin.py:154} INFO - [2023-11-07T19:46:47.855+0000] {dagbag.py:536} INFO - Filling up the DagBag from /usr/local/lib/python3.10/dist-packages/airflow/example_dags/example_short_circuit_decorator.py
[2023-11-07T19:46:47.874+0000] {processor.py:839} INFO - DAG(s) dict_keys(['example_short_circuit_decorator']) retrieved from /usr/local/lib/python3.10/dist-packages/airflow/example_dags/example_short_circuit_decorator.py
[2023-11-07T19:46:47.896+0000] {logging_mixin.py:154} INFO - [2023-11-07T19:46:47.896+0000] {dag.py:2941} INFO - Sync 1 DAGs
[2023-11-07T19:46:47.937+0000] {logging_mixin.py:154} INFO - [2023-11-07T19:46:47.937+0000] {dag.py:3722} INFO - Setting next_dagrun for example_short_circuit_decorator to 2023-11-06T19:46:47.937230+00:00, run_after=2023-11-07T19:46:47.937230+00:00
[2023-11-07T19:46:47.965+0000] {processor.py:179} INFO - Processing /usr/local/lib/python3.10/dist-packages/airflow/example_dags/example_short_circuit_decorator.py took 0.121 seconds
[2023-11-07T19:47:24.478+0000] {processor.py:157} INFO - Started process (PID=4519) to work on /usr/local/lib/python3.10/dist-packages/airflow/example_dags/example_short_circuit_decorator.py
[2023-11-07T19:47:24.479+0000] {processor.py:829} INFO - Processing file /usr/local/lib/python3.10/dist-packages/airflow/example_dags/example_short_circuit_decorator.py for tasks to queue
[2023-11-07T19:47:24.479+0000] {logging_mixin.py:154} INFO - [2023-11-07T19:47:24.479+0000] {dagbag.py:536} INFO - Filling up the DagBag from /usr/local/lib/python3.10/dist-packages/airflow/example_dags/example_short_circuit_decorator.py
[2023-11-07T19:47:24.490+0000] {processor.py:839} INFO - DAG(s) dict_keys(['example_short_circuit_decorator']) retrieved from /usr/local/lib/python3.10/dist-packages/airflow/example_dags/example_short_circuit_decorator.py
[2023-11-07T19:47:24.509+0000] {logging_mixin.py:154} INFO - [2023-11-07T19:47:24.509+0000] {dag.py:2941} INFO - Sync 1 DAGs
[2023-11-07T19:47:24.529+0000] {logging_mixin.py:154} INFO - [2023-11-07T19:47:24.529+0000] {dag.py:3722} INFO - Setting next_dagrun for example_short_circuit_decorator to 2023-11-06T19:47:24.529274+00:00, run_after=2023-11-07T19:47:24.529274+00:00
[2023-11-07T19:47:24.554+0000] {processor.py:179} INFO - Processing /usr/local/lib/python3.10/dist-packages/airflow/example_dags/example_short_circuit_decorator.py took 0.080 seconds
[2023-11-07T19:48:13.149+0000] {processor.py:157} INFO - Started process (PID=4569) to work on /usr/local/lib/python3.10/dist-packages/airflow/example_dags/example_short_circuit_decorator.py
[2023-11-07T19:48:13.150+0000] {processor.py:829} INFO - Processing file /usr/local/lib/python3.10/dist-packages/airflow/example_dags/example_short_circuit_decorator.py for tasks to queue
[2023-11-07T19:48:13.151+0000] {logging_mixin.py:154} INFO - [2023-11-07T19:48:13.151+0000] {dagbag.py:536} INFO - Filling up the DagBag from /usr/local/lib/python3.10/dist-packages/airflow/example_dags/example_short_circuit_decorator.py
[2023-11-07T19:48:13.161+0000] {processor.py:839} INFO - DAG(s) dict_keys(['example_short_circuit_decorator']) retrieved from /usr/local/lib/python3.10/dist-packages/airflow/example_dags/example_short_circuit_decorator.py
[2023-11-07T19:48:13.179+0000] {logging_mixin.py:154} INFO - [2023-11-07T19:48:13.179+0000] {dag.py:2941} INFO - Sync 1 DAGs
[2023-11-07T19:48:13.198+0000] {logging_mixin.py:154} INFO - [2023-11-07T19:48:13.198+0000] {dag.py:3722} INFO - Setting next_dagrun for example_short_circuit_decorator to 2023-11-06T19:48:13.198057+00:00, run_after=2023-11-07T19:48:13.198057+00:00
[2023-11-07T19:48:13.219+0000] {processor.py:179} INFO - Processing /usr/local/lib/python3.10/dist-packages/airflow/example_dags/example_short_circuit_decorator.py took 0.073 seconds
[2023-11-07T19:49:03.110+0000] {processor.py:157} INFO - Started process (PID=4621) to work on /usr/local/lib/python3.10/dist-packages/airflow/example_dags/example_short_circuit_decorator.py
[2023-11-07T19:49:03.111+0000] {processor.py:829} INFO - Processing file /usr/local/lib/python3.10/dist-packages/airflow/example_dags/example_short_circuit_decorator.py for tasks to queue
[2023-11-07T19:49:03.111+0000] {logging_mixin.py:154} INFO - [2023-11-07T19:49:03.111+0000] {dagbag.py:536} INFO - Filling up the DagBag from /usr/local/lib/python3.10/dist-packages/airflow/example_dags/example_short_circuit_decorator.py
[2023-11-07T19:49:03.121+0000] {processor.py:839} INFO - DAG(s) dict_keys(['example_short_circuit_decorator']) retrieved from /usr/local/lib/python3.10/dist-packages/airflow/example_dags/example_short_circuit_decorator.py
[2023-11-07T19:49:03.144+0000] {logging_mixin.py:154} INFO - [2023-11-07T19:49:03.144+0000] {dag.py:2941} INFO - Sync 1 DAGs
[2023-11-07T19:49:03.166+0000] {logging_mixin.py:154} INFO - [2023-11-07T19:49:03.165+0000] {dag.py:3722} INFO - Setting next_dagrun for example_short_circuit_decorator to 2023-11-06T19:49:03.165783+00:00, run_after=2023-11-07T19:49:03.165783+00:00
[2023-11-07T19:49:03.188+0000] {processor.py:179} INFO - Processing /usr/local/lib/python3.10/dist-packages/airflow/example_dags/example_short_circuit_decorator.py took 0.081 seconds
[2023-11-07T19:49:49.600+0000] {processor.py:157} INFO - Started process (PID=4669) to work on /usr/local/lib/python3.10/dist-packages/airflow/example_dags/example_short_circuit_decorator.py
[2023-11-07T19:49:49.601+0000] {processor.py:829} INFO - Processing file /usr/local/lib/python3.10/dist-packages/airflow/example_dags/example_short_circuit_decorator.py for tasks to queue
[2023-11-07T19:49:49.602+0000] {logging_mixin.py:154} INFO - [2023-11-07T19:49:49.602+0000] {dagbag.py:536} INFO - Filling up the DagBag from /usr/local/lib/python3.10/dist-packages/airflow/example_dags/example_short_circuit_decorator.py
[2023-11-07T19:49:49.614+0000] {processor.py:839} INFO - DAG(s) dict_keys(['example_short_circuit_decorator']) retrieved from /usr/local/lib/python3.10/dist-packages/airflow/example_dags/example_short_circuit_decorator.py
[2023-11-07T19:49:49.667+0000] {logging_mixin.py:154} INFO - [2023-11-07T19:49:49.667+0000] {dag.py:2941} INFO - Sync 1 DAGs
[2023-11-07T19:49:49.688+0000] {logging_mixin.py:154} INFO - [2023-11-07T19:49:49.688+0000] {dag.py:3722} INFO - Setting next_dagrun for example_short_circuit_decorator to 2023-11-06T19:49:49.688385+00:00, run_after=2023-11-07T19:49:49.688385+00:00
[2023-11-07T19:49:49.712+0000] {processor.py:179} INFO - Processing /usr/local/lib/python3.10/dist-packages/airflow/example_dags/example_short_circuit_decorator.py took 0.115 seconds
[2023-11-07T19:50:37.875+0000] {processor.py:157} INFO - Started process (PID=4720) to work on /usr/local/lib/python3.10/dist-packages/airflow/example_dags/example_short_circuit_decorator.py
[2023-11-07T19:50:37.878+0000] {processor.py:829} INFO - Processing file /usr/local/lib/python3.10/dist-packages/airflow/example_dags/example_short_circuit_decorator.py for tasks to queue
[2023-11-07T19:50:37.879+0000] {logging_mixin.py:154} INFO - [2023-11-07T19:50:37.878+0000] {dagbag.py:536} INFO - Filling up the DagBag from /usr/local/lib/python3.10/dist-packages/airflow/example_dags/example_short_circuit_decorator.py
[2023-11-07T19:50:37.892+0000] {processor.py:839} INFO - DAG(s) dict_keys(['example_short_circuit_decorator']) retrieved from /usr/local/lib/python3.10/dist-packages/airflow/example_dags/example_short_circuit_decorator.py
[2023-11-07T19:50:37.912+0000] {logging_mixin.py:154} INFO - [2023-11-07T19:50:37.912+0000] {dag.py:2941} INFO - Sync 1 DAGs
[2023-11-07T19:50:37.933+0000] {logging_mixin.py:154} INFO - [2023-11-07T19:50:37.933+0000] {dag.py:3722} INFO - Setting next_dagrun for example_short_circuit_decorator to 2023-11-06T19:50:37.933164+00:00, run_after=2023-11-07T19:50:37.933164+00:00
[2023-11-07T19:50:37.967+0000] {processor.py:179} INFO - Processing /usr/local/lib/python3.10/dist-packages/airflow/example_dags/example_short_circuit_decorator.py took 0.099 seconds
[2023-11-07T19:51:29.014+0000] {processor.py:157} INFO - Started process (PID=4772) to work on /usr/local/lib/python3.10/dist-packages/airflow/example_dags/example_short_circuit_decorator.py
[2023-11-07T19:51:29.015+0000] {processor.py:829} INFO - Processing file /usr/local/lib/python3.10/dist-packages/airflow/example_dags/example_short_circuit_decorator.py for tasks to queue
[2023-11-07T19:51:29.016+0000] {logging_mixin.py:154} INFO - [2023-11-07T19:51:29.016+0000] {dagbag.py:536} INFO - Filling up the DagBag from /usr/local/lib/python3.10/dist-packages/airflow/example_dags/example_short_circuit_decorator.py
[2023-11-07T19:51:29.027+0000] {processor.py:839} INFO - DAG(s) dict_keys(['example_short_circuit_decorator']) retrieved from /usr/local/lib/python3.10/dist-packages/airflow/example_dags/example_short_circuit_decorator.py
[2023-11-07T19:51:29.044+0000] {logging_mixin.py:154} INFO - [2023-11-07T19:51:29.044+0000] {dag.py:2941} INFO - Sync 1 DAGs
[2023-11-07T19:51:29.062+0000] {logging_mixin.py:154} INFO - [2023-11-07T19:51:29.062+0000] {dag.py:3722} INFO - Setting next_dagrun for example_short_circuit_decorator to 2023-11-06T19:51:29.062322+00:00, run_after=2023-11-07T19:51:29.062322+00:00
[2023-11-07T19:51:29.083+0000] {processor.py:179} INFO - Processing /usr/local/lib/python3.10/dist-packages/airflow/example_dags/example_short_circuit_decorator.py took 0.072 seconds
[2023-11-07T19:52:21.869+0000] {processor.py:157} INFO - Started process (PID=4825) to work on /usr/local/lib/python3.10/dist-packages/airflow/example_dags/example_short_circuit_decorator.py
[2023-11-07T19:52:21.870+0000] {processor.py:829} INFO - Processing file /usr/local/lib/python3.10/dist-packages/airflow/example_dags/example_short_circuit_decorator.py for tasks to queue
[2023-11-07T19:52:21.871+0000] {logging_mixin.py:154} INFO - [2023-11-07T19:52:21.870+0000] {dagbag.py:536} INFO - Filling up the DagBag from /usr/local/lib/python3.10/dist-packages/airflow/example_dags/example_short_circuit_decorator.py
[2023-11-07T19:52:21.881+0000] {processor.py:839} INFO - DAG(s) dict_keys(['example_short_circuit_decorator']) retrieved from /usr/local/lib/python3.10/dist-packages/airflow/example_dags/example_short_circuit_decorator.py
[2023-11-07T19:52:21.899+0000] {logging_mixin.py:154} INFO - [2023-11-07T19:52:21.898+0000] {dag.py:2941} INFO - Sync 1 DAGs
[2023-11-07T19:52:21.917+0000] {logging_mixin.py:154} INFO - [2023-11-07T19:52:21.917+0000] {dag.py:3722} INFO - Setting next_dagrun for example_short_circuit_decorator to 2023-11-06T19:52:21.917447+00:00, run_after=2023-11-07T19:52:21.917447+00:00
[2023-11-07T19:52:21.940+0000] {processor.py:179} INFO - Processing /usr/local/lib/python3.10/dist-packages/airflow/example_dags/example_short_circuit_decorator.py took 0.075 seconds
[2023-11-07T19:53:14.791+0000] {processor.py:157} INFO - Started process (PID=4878) to work on /usr/local/lib/python3.10/dist-packages/airflow/example_dags/example_short_circuit_decorator.py
[2023-11-07T19:53:14.792+0000] {processor.py:829} INFO - Processing file /usr/local/lib/python3.10/dist-packages/airflow/example_dags/example_short_circuit_decorator.py for tasks to queue
[2023-11-07T19:53:14.793+0000] {logging_mixin.py:154} INFO - [2023-11-07T19:53:14.793+0000] {dagbag.py:536} INFO - Filling up the DagBag from /usr/local/lib/python3.10/dist-packages/airflow/example_dags/example_short_circuit_decorator.py
[2023-11-07T19:53:14.804+0000] {processor.py:839} INFO - DAG(s) dict_keys(['example_short_circuit_decorator']) retrieved from /usr/local/lib/python3.10/dist-packages/airflow/example_dags/example_short_circuit_decorator.py
[2023-11-07T19:53:14.824+0000] {logging_mixin.py:154} INFO - [2023-11-07T19:53:14.823+0000] {dag.py:2941} INFO - Sync 1 DAGs
[2023-11-07T19:53:14.844+0000] {logging_mixin.py:154} INFO - [2023-11-07T19:53:14.844+0000] {dag.py:3722} INFO - Setting next_dagrun for example_short_circuit_decorator to 2023-11-06T19:53:14.844286+00:00, run_after=2023-11-07T19:53:14.844286+00:00
[2023-11-07T19:53:14.868+0000] {processor.py:179} INFO - Processing /usr/local/lib/python3.10/dist-packages/airflow/example_dags/example_short_circuit_decorator.py took 0.081 seconds
[2023-11-07T19:54:08.304+0000] {processor.py:157} INFO - Started process (PID=4931) to work on /usr/local/lib/python3.10/dist-packages/airflow/example_dags/example_short_circuit_decorator.py
[2023-11-07T19:54:08.306+0000] {processor.py:829} INFO - Processing file /usr/local/lib/python3.10/dist-packages/airflow/example_dags/example_short_circuit_decorator.py for tasks to queue
[2023-11-07T19:54:08.306+0000] {logging_mixin.py:154} INFO - [2023-11-07T19:54:08.306+0000] {dagbag.py:536} INFO - Filling up the DagBag from /usr/local/lib/python3.10/dist-packages/airflow/example_dags/example_short_circuit_decorator.py
[2023-11-07T19:54:08.317+0000] {processor.py:839} INFO - DAG(s) dict_keys(['example_short_circuit_decorator']) retrieved from /usr/local/lib/python3.10/dist-packages/airflow/example_dags/example_short_circuit_decorator.py
[2023-11-07T19:54:08.336+0000] {logging_mixin.py:154} INFO - [2023-11-07T19:54:08.336+0000] {dag.py:2941} INFO - Sync 1 DAGs
[2023-11-07T19:54:08.376+0000] {logging_mixin.py:154} INFO - [2023-11-07T19:54:08.369+0000] {dag.py:3722} INFO - Setting next_dagrun for example_short_circuit_decorator to 2023-11-06T19:54:08.369470+00:00, run_after=2023-11-07T19:54:08.369470+00:00
[2023-11-07T19:54:08.453+0000] {processor.py:179} INFO - Processing /usr/local/lib/python3.10/dist-packages/airflow/example_dags/example_short_circuit_decorator.py took 0.152 seconds
[2023-11-07T19:54:59.803+0000] {processor.py:157} INFO - Started process (PID=4983) to work on /usr/local/lib/python3.10/dist-packages/airflow/example_dags/example_short_circuit_decorator.py
[2023-11-07T19:54:59.805+0000] {processor.py:829} INFO - Processing file /usr/local/lib/python3.10/dist-packages/airflow/example_dags/example_short_circuit_decorator.py for tasks to queue
[2023-11-07T19:54:59.807+0000] {logging_mixin.py:154} INFO - [2023-11-07T19:54:59.805+0000] {dagbag.py:536} INFO - Filling up the DagBag from /usr/local/lib/python3.10/dist-packages/airflow/example_dags/example_short_circuit_decorator.py
[2023-11-07T19:54:59.820+0000] {processor.py:839} INFO - DAG(s) dict_keys(['example_short_circuit_decorator']) retrieved from /usr/local/lib/python3.10/dist-packages/airflow/example_dags/example_short_circuit_decorator.py
[2023-11-07T19:54:59.841+0000] {logging_mixin.py:154} INFO - [2023-11-07T19:54:59.841+0000] {dag.py:2941} INFO - Sync 1 DAGs
[2023-11-07T19:54:59.872+0000] {logging_mixin.py:154} INFO - [2023-11-07T19:54:59.871+0000] {dag.py:3722} INFO - Setting next_dagrun for example_short_circuit_decorator to 2023-11-06T19:54:59.871727+00:00, run_after=2023-11-07T19:54:59.871727+00:00
[2023-11-07T19:54:59.902+0000] {processor.py:179} INFO - Processing /usr/local/lib/python3.10/dist-packages/airflow/example_dags/example_short_circuit_decorator.py took 0.113 seconds
[2023-11-07T19:55:51.896+0000] {processor.py:157} INFO - Started process (PID=5035) to work on /usr/local/lib/python3.10/dist-packages/airflow/example_dags/example_short_circuit_decorator.py
[2023-11-07T19:55:51.898+0000] {processor.py:829} INFO - Processing file /usr/local/lib/python3.10/dist-packages/airflow/example_dags/example_short_circuit_decorator.py for tasks to queue
[2023-11-07T19:55:51.899+0000] {logging_mixin.py:154} INFO - [2023-11-07T19:55:51.899+0000] {dagbag.py:536} INFO - Filling up the DagBag from /usr/local/lib/python3.10/dist-packages/airflow/example_dags/example_short_circuit_decorator.py
[2023-11-07T19:55:51.910+0000] {processor.py:839} INFO - DAG(s) dict_keys(['example_short_circuit_decorator']) retrieved from /usr/local/lib/python3.10/dist-packages/airflow/example_dags/example_short_circuit_decorator.py
[2023-11-07T19:55:51.930+0000] {logging_mixin.py:154} INFO - [2023-11-07T19:55:51.930+0000] {dag.py:2941} INFO - Sync 1 DAGs
[2023-11-07T19:55:51.950+0000] {logging_mixin.py:154} INFO - [2023-11-07T19:55:51.950+0000] {dag.py:3722} INFO - Setting next_dagrun for example_short_circuit_decorator to 2023-11-06T19:55:51.950569+00:00, run_after=2023-11-07T19:55:51.950569+00:00
[2023-11-07T19:55:51.975+0000] {processor.py:179} INFO - Processing /usr/local/lib/python3.10/dist-packages/airflow/example_dags/example_short_circuit_decorator.py took 0.082 seconds
[2023-11-07T19:56:28.440+0000] {processor.py:157} INFO - Started process (PID=5072) to work on /usr/local/lib/python3.10/dist-packages/airflow/example_dags/example_short_circuit_decorator.py
[2023-11-07T19:56:28.441+0000] {processor.py:829} INFO - Processing file /usr/local/lib/python3.10/dist-packages/airflow/example_dags/example_short_circuit_decorator.py for tasks to queue
[2023-11-07T19:56:28.442+0000] {logging_mixin.py:154} INFO - [2023-11-07T19:56:28.442+0000] {dagbag.py:536} INFO - Filling up the DagBag from /usr/local/lib/python3.10/dist-packages/airflow/example_dags/example_short_circuit_decorator.py
[2023-11-07T19:56:28.453+0000] {processor.py:839} INFO - DAG(s) dict_keys(['example_short_circuit_decorator']) retrieved from /usr/local/lib/python3.10/dist-packages/airflow/example_dags/example_short_circuit_decorator.py
[2023-11-07T19:56:28.471+0000] {logging_mixin.py:154} INFO - [2023-11-07T19:56:28.470+0000] {dag.py:2941} INFO - Sync 1 DAGs
[2023-11-07T19:56:28.490+0000] {logging_mixin.py:154} INFO - [2023-11-07T19:56:28.489+0000] {dag.py:3722} INFO - Setting next_dagrun for example_short_circuit_decorator to 2023-11-06T19:56:28.489638+00:00, run_after=2023-11-07T19:56:28.489638+00:00
[2023-11-07T19:56:28.512+0000] {processor.py:179} INFO - Processing /usr/local/lib/python3.10/dist-packages/airflow/example_dags/example_short_circuit_decorator.py took 0.074 seconds
[2023-11-07T19:57:21.717+0000] {processor.py:157} INFO - Started process (PID=5124) to work on /usr/local/lib/python3.10/dist-packages/airflow/example_dags/example_short_circuit_decorator.py
[2023-11-07T19:57:21.721+0000] {processor.py:829} INFO - Processing file /usr/local/lib/python3.10/dist-packages/airflow/example_dags/example_short_circuit_decorator.py for tasks to queue
[2023-11-07T19:57:21.726+0000] {logging_mixin.py:154} INFO - [2023-11-07T19:57:21.726+0000] {dagbag.py:536} INFO - Filling up the DagBag from /usr/local/lib/python3.10/dist-packages/airflow/example_dags/example_short_circuit_decorator.py
[2023-11-07T19:57:21.743+0000] {processor.py:839} INFO - DAG(s) dict_keys(['example_short_circuit_decorator']) retrieved from /usr/local/lib/python3.10/dist-packages/airflow/example_dags/example_short_circuit_decorator.py
[2023-11-07T19:57:21.773+0000] {logging_mixin.py:154} INFO - [2023-11-07T19:57:21.773+0000] {dag.py:2941} INFO - Sync 1 DAGs
[2023-11-07T19:57:21.816+0000] {logging_mixin.py:154} INFO - [2023-11-07T19:57:21.815+0000] {dag.py:3722} INFO - Setting next_dagrun for example_short_circuit_decorator to 2023-11-06T19:57:21.815709+00:00, run_after=2023-11-07T19:57:21.815709+00:00
[2023-11-07T19:57:21.851+0000] {processor.py:179} INFO - Processing /usr/local/lib/python3.10/dist-packages/airflow/example_dags/example_short_circuit_decorator.py took 0.138 seconds
[2023-11-07T19:58:10.878+0000] {processor.py:157} INFO - Started process (PID=5175) to work on /usr/local/lib/python3.10/dist-packages/airflow/example_dags/example_short_circuit_decorator.py
[2023-11-07T19:58:10.879+0000] {processor.py:829} INFO - Processing file /usr/local/lib/python3.10/dist-packages/airflow/example_dags/example_short_circuit_decorator.py for tasks to queue
[2023-11-07T19:58:10.880+0000] {logging_mixin.py:154} INFO - [2023-11-07T19:58:10.879+0000] {dagbag.py:536} INFO - Filling up the DagBag from /usr/local/lib/python3.10/dist-packages/airflow/example_dags/example_short_circuit_decorator.py
[2023-11-07T19:58:10.890+0000] {processor.py:839} INFO - DAG(s) dict_keys(['example_short_circuit_decorator']) retrieved from /usr/local/lib/python3.10/dist-packages/airflow/example_dags/example_short_circuit_decorator.py
[2023-11-07T19:58:10.908+0000] {logging_mixin.py:154} INFO - [2023-11-07T19:58:10.908+0000] {dag.py:2941} INFO - Sync 1 DAGs
[2023-11-07T19:58:10.941+0000] {logging_mixin.py:154} INFO - [2023-11-07T19:58:10.941+0000] {dag.py:3722} INFO - Setting next_dagrun for example_short_circuit_decorator to 2023-11-06T19:58:10.941244+00:00, run_after=2023-11-07T19:58:10.941244+00:00
[2023-11-07T19:58:10.968+0000] {processor.py:179} INFO - Processing /usr/local/lib/python3.10/dist-packages/airflow/example_dags/example_short_circuit_decorator.py took 0.094 seconds
[2023-11-07T19:59:00.049+0000] {processor.py:157} INFO - Started process (PID=5225) to work on /usr/local/lib/python3.10/dist-packages/airflow/example_dags/example_short_circuit_decorator.py
[2023-11-07T19:59:00.050+0000] {processor.py:829} INFO - Processing file /usr/local/lib/python3.10/dist-packages/airflow/example_dags/example_short_circuit_decorator.py for tasks to queue
[2023-11-07T19:59:00.051+0000] {logging_mixin.py:154} INFO - [2023-11-07T19:59:00.050+0000] {dagbag.py:536} INFO - Filling up the DagBag from /usr/local/lib/python3.10/dist-packages/airflow/example_dags/example_short_circuit_decorator.py
[2023-11-07T19:59:00.077+0000] {processor.py:839} INFO - DAG(s) dict_keys(['example_short_circuit_decorator']) retrieved from /usr/local/lib/python3.10/dist-packages/airflow/example_dags/example_short_circuit_decorator.py
[2023-11-07T19:59:00.103+0000] {logging_mixin.py:154} INFO - [2023-11-07T19:59:00.103+0000] {dag.py:2941} INFO - Sync 1 DAGs
[2023-11-07T19:59:00.127+0000] {logging_mixin.py:154} INFO - [2023-11-07T19:59:00.127+0000] {dag.py:3722} INFO - Setting next_dagrun for example_short_circuit_decorator to 2023-11-06T19:59:00.126790+00:00, run_after=2023-11-07T19:59:00.126790+00:00
[2023-11-07T19:59:00.150+0000] {processor.py:179} INFO - Processing /usr/local/lib/python3.10/dist-packages/airflow/example_dags/example_short_circuit_decorator.py took 0.111 seconds
[2023-11-07T19:59:50.257+0000] {processor.py:157} INFO - Started process (PID=5275) to work on /usr/local/lib/python3.10/dist-packages/airflow/example_dags/example_short_circuit_decorator.py
[2023-11-07T19:59:50.258+0000] {processor.py:829} INFO - Processing file /usr/local/lib/python3.10/dist-packages/airflow/example_dags/example_short_circuit_decorator.py for tasks to queue
[2023-11-07T19:59:50.259+0000] {logging_mixin.py:154} INFO - [2023-11-07T19:59:50.259+0000] {dagbag.py:536} INFO - Filling up the DagBag from /usr/local/lib/python3.10/dist-packages/airflow/example_dags/example_short_circuit_decorator.py
[2023-11-07T19:59:50.283+0000] {processor.py:839} INFO - DAG(s) dict_keys(['example_short_circuit_decorator']) retrieved from /usr/local/lib/python3.10/dist-packages/airflow/example_dags/example_short_circuit_decorator.py
[2023-11-07T19:59:50.301+0000] {logging_mixin.py:154} INFO - [2023-11-07T19:59:50.301+0000] {dag.py:2941} INFO - Sync 1 DAGs
[2023-11-07T19:59:50.325+0000] {logging_mixin.py:154} INFO - [2023-11-07T19:59:50.324+0000] {dag.py:3722} INFO - Setting next_dagrun for example_short_circuit_decorator to 2023-11-06T19:59:50.324471+00:00, run_after=2023-11-07T19:59:50.324471+00:00
[2023-11-07T19:59:50.346+0000] {processor.py:179} INFO - Processing /usr/local/lib/python3.10/dist-packages/airflow/example_dags/example_short_circuit_decorator.py took 0.093 seconds
[2023-11-07T20:00:26.641+0000] {processor.py:157} INFO - Started process (PID=5311) to work on /usr/local/lib/python3.10/dist-packages/airflow/example_dags/example_short_circuit_decorator.py
[2023-11-07T20:00:26.642+0000] {processor.py:829} INFO - Processing file /usr/local/lib/python3.10/dist-packages/airflow/example_dags/example_short_circuit_decorator.py for tasks to queue
[2023-11-07T20:00:26.643+0000] {logging_mixin.py:154} INFO - [2023-11-07T20:00:26.643+0000] {dagbag.py:536} INFO - Filling up the DagBag from /usr/local/lib/python3.10/dist-packages/airflow/example_dags/example_short_circuit_decorator.py
[2023-11-07T20:00:26.654+0000] {processor.py:839} INFO - DAG(s) dict_keys(['example_short_circuit_decorator']) retrieved from /usr/local/lib/python3.10/dist-packages/airflow/example_dags/example_short_circuit_decorator.py
[2023-11-07T20:00:26.680+0000] {logging_mixin.py:154} INFO - [2023-11-07T20:00:26.680+0000] {dag.py:2941} INFO - Sync 1 DAGs
[2023-11-07T20:00:26.699+0000] {logging_mixin.py:154} INFO - [2023-11-07T20:00:26.699+0000] {dag.py:3722} INFO - Setting next_dagrun for example_short_circuit_decorator to 2023-11-06T20:00:26.699364+00:00, run_after=2023-11-07T20:00:26.699364+00:00
[2023-11-07T20:00:26.739+0000] {processor.py:179} INFO - Processing /usr/local/lib/python3.10/dist-packages/airflow/example_dags/example_short_circuit_decorator.py took 0.101 seconds
[2023-11-07T20:01:03.300+0000] {processor.py:157} INFO - Started process (PID=5347) to work on /usr/local/lib/python3.10/dist-packages/airflow/example_dags/example_short_circuit_decorator.py
[2023-11-07T20:01:03.301+0000] {processor.py:829} INFO - Processing file /usr/local/lib/python3.10/dist-packages/airflow/example_dags/example_short_circuit_decorator.py for tasks to queue
[2023-11-07T20:01:03.301+0000] {logging_mixin.py:154} INFO - [2023-11-07T20:01:03.301+0000] {dagbag.py:536} INFO - Filling up the DagBag from /usr/local/lib/python3.10/dist-packages/airflow/example_dags/example_short_circuit_decorator.py
[2023-11-07T20:01:03.312+0000] {processor.py:839} INFO - DAG(s) dict_keys(['example_short_circuit_decorator']) retrieved from /usr/local/lib/python3.10/dist-packages/airflow/example_dags/example_short_circuit_decorator.py
[2023-11-07T20:01:03.329+0000] {logging_mixin.py:154} INFO - [2023-11-07T20:01:03.329+0000] {dag.py:2941} INFO - Sync 1 DAGs
[2023-11-07T20:01:03.348+0000] {logging_mixin.py:154} INFO - [2023-11-07T20:01:03.348+0000] {dag.py:3722} INFO - Setting next_dagrun for example_short_circuit_decorator to 2023-11-06T20:01:03.348098+00:00, run_after=2023-11-07T20:01:03.348098+00:00
[2023-11-07T20:01:03.371+0000] {processor.py:179} INFO - Processing /usr/local/lib/python3.10/dist-packages/airflow/example_dags/example_short_circuit_decorator.py took 0.074 seconds
[2023-11-07T20:01:46.527+0000] {processor.py:157} INFO - Started process (PID=5394) to work on /usr/local/lib/python3.10/dist-packages/airflow/example_dags/example_short_circuit_decorator.py
[2023-11-07T20:01:46.529+0000] {processor.py:829} INFO - Processing file /usr/local/lib/python3.10/dist-packages/airflow/example_dags/example_short_circuit_decorator.py for tasks to queue
[2023-11-07T20:01:46.529+0000] {logging_mixin.py:154} INFO - [2023-11-07T20:01:46.529+0000] {dagbag.py:536} INFO - Filling up the DagBag from /usr/local/lib/python3.10/dist-packages/airflow/example_dags/example_short_circuit_decorator.py
[2023-11-07T20:01:46.540+0000] {processor.py:839} INFO - DAG(s) dict_keys(['example_short_circuit_decorator']) retrieved from /usr/local/lib/python3.10/dist-packages/airflow/example_dags/example_short_circuit_decorator.py
[2023-11-07T20:01:46.558+0000] {logging_mixin.py:154} INFO - [2023-11-07T20:01:46.558+0000] {dag.py:2941} INFO - Sync 1 DAGs
[2023-11-07T20:01:46.577+0000] {logging_mixin.py:154} INFO - [2023-11-07T20:01:46.576+0000] {dag.py:3722} INFO - Setting next_dagrun for example_short_circuit_decorator to 2023-11-06T20:01:46.576759+00:00, run_after=2023-11-07T20:01:46.576759+00:00
[2023-11-07T20:01:46.598+0000] {processor.py:179} INFO - Processing /usr/local/lib/python3.10/dist-packages/airflow/example_dags/example_short_circuit_decorator.py took 0.074 seconds
[2023-11-07T20:02:35.949+0000] {processor.py:157} INFO - Started process (PID=5444) to work on /usr/local/lib/python3.10/dist-packages/airflow/example_dags/example_short_circuit_decorator.py
[2023-11-07T20:02:35.950+0000] {processor.py:829} INFO - Processing file /usr/local/lib/python3.10/dist-packages/airflow/example_dags/example_short_circuit_decorator.py for tasks to queue
[2023-11-07T20:02:35.951+0000] {logging_mixin.py:154} INFO - [2023-11-07T20:02:35.951+0000] {dagbag.py:536} INFO - Filling up the DagBag from /usr/local/lib/python3.10/dist-packages/airflow/example_dags/example_short_circuit_decorator.py
[2023-11-07T20:02:35.962+0000] {processor.py:839} INFO - DAG(s) dict_keys(['example_short_circuit_decorator']) retrieved from /usr/local/lib/python3.10/dist-packages/airflow/example_dags/example_short_circuit_decorator.py
[2023-11-07T20:02:35.981+0000] {logging_mixin.py:154} INFO - [2023-11-07T20:02:35.980+0000] {dag.py:2941} INFO - Sync 1 DAGs
[2023-11-07T20:02:36.016+0000] {logging_mixin.py:154} INFO - [2023-11-07T20:02:36.016+0000] {dag.py:3722} INFO - Setting next_dagrun for example_short_circuit_decorator to 2023-11-06T20:02:36.015714+00:00, run_after=2023-11-07T20:02:36.015714+00:00
[2023-11-07T20:02:36.068+0000] {processor.py:179} INFO - Processing /usr/local/lib/python3.10/dist-packages/airflow/example_dags/example_short_circuit_decorator.py took 0.122 seconds
[2023-11-07T20:03:25.312+0000] {processor.py:157} INFO - Started process (PID=5495) to work on /usr/local/lib/python3.10/dist-packages/airflow/example_dags/example_short_circuit_decorator.py
[2023-11-07T20:03:25.314+0000] {processor.py:829} INFO - Processing file /usr/local/lib/python3.10/dist-packages/airflow/example_dags/example_short_circuit_decorator.py for tasks to queue
[2023-11-07T20:03:25.315+0000] {logging_mixin.py:154} INFO - [2023-11-07T20:03:25.314+0000] {dagbag.py:536} INFO - Filling up the DagBag from /usr/local/lib/python3.10/dist-packages/airflow/example_dags/example_short_circuit_decorator.py
[2023-11-07T20:03:25.336+0000] {processor.py:839} INFO - DAG(s) dict_keys(['example_short_circuit_decorator']) retrieved from /usr/local/lib/python3.10/dist-packages/airflow/example_dags/example_short_circuit_decorator.py
[2023-11-07T20:03:25.356+0000] {logging_mixin.py:154} INFO - [2023-11-07T20:03:25.356+0000] {dag.py:2941} INFO - Sync 1 DAGs
[2023-11-07T20:03:25.379+0000] {logging_mixin.py:154} INFO - [2023-11-07T20:03:25.379+0000] {dag.py:3722} INFO - Setting next_dagrun for example_short_circuit_decorator to 2023-11-06T20:03:25.379168+00:00, run_after=2023-11-07T20:03:25.379168+00:00
[2023-11-07T20:03:25.407+0000] {processor.py:179} INFO - Processing /usr/local/lib/python3.10/dist-packages/airflow/example_dags/example_short_circuit_decorator.py took 0.098 seconds
[2023-11-07T20:04:13.333+0000] {processor.py:157} INFO - Started process (PID=5546) to work on /usr/local/lib/python3.10/dist-packages/airflow/example_dags/example_short_circuit_decorator.py
[2023-11-07T20:04:13.335+0000] {processor.py:829} INFO - Processing file /usr/local/lib/python3.10/dist-packages/airflow/example_dags/example_short_circuit_decorator.py for tasks to queue
[2023-11-07T20:04:13.336+0000] {logging_mixin.py:154} INFO - [2023-11-07T20:04:13.335+0000] {dagbag.py:536} INFO - Filling up the DagBag from /usr/local/lib/python3.10/dist-packages/airflow/example_dags/example_short_circuit_decorator.py
[2023-11-07T20:04:13.346+0000] {processor.py:839} INFO - DAG(s) dict_keys(['example_short_circuit_decorator']) retrieved from /usr/local/lib/python3.10/dist-packages/airflow/example_dags/example_short_circuit_decorator.py
[2023-11-07T20:04:13.379+0000] {logging_mixin.py:154} INFO - [2023-11-07T20:04:13.379+0000] {dag.py:2941} INFO - Sync 1 DAGs
[2023-11-07T20:04:13.404+0000] {logging_mixin.py:154} INFO - [2023-11-07T20:04:13.404+0000] {dag.py:3722} INFO - Setting next_dagrun for example_short_circuit_decorator to 2023-11-06T20:04:13.404033+00:00, run_after=2023-11-07T20:04:13.404033+00:00
[2023-11-07T20:04:13.427+0000] {processor.py:179} INFO - Processing /usr/local/lib/python3.10/dist-packages/airflow/example_dags/example_short_circuit_decorator.py took 0.097 seconds
[2023-11-07T20:05:00.906+0000] {processor.py:157} INFO - Started process (PID=5595) to work on /usr/local/lib/python3.10/dist-packages/airflow/example_dags/example_short_circuit_decorator.py
[2023-11-07T20:05:00.907+0000] {processor.py:829} INFO - Processing file /usr/local/lib/python3.10/dist-packages/airflow/example_dags/example_short_circuit_decorator.py for tasks to queue
[2023-11-07T20:05:00.908+0000] {logging_mixin.py:154} INFO - [2023-11-07T20:05:00.908+0000] {dagbag.py:536} INFO - Filling up the DagBag from /usr/local/lib/python3.10/dist-packages/airflow/example_dags/example_short_circuit_decorator.py
[2023-11-07T20:05:00.920+0000] {processor.py:839} INFO - DAG(s) dict_keys(['example_short_circuit_decorator']) retrieved from /usr/local/lib/python3.10/dist-packages/airflow/example_dags/example_short_circuit_decorator.py
[2023-11-07T20:05:00.941+0000] {logging_mixin.py:154} INFO - [2023-11-07T20:05:00.941+0000] {dag.py:2941} INFO - Sync 1 DAGs
[2023-11-07T20:05:00.963+0000] {logging_mixin.py:154} INFO - [2023-11-07T20:05:00.963+0000] {dag.py:3722} INFO - Setting next_dagrun for example_short_circuit_decorator to 2023-11-06T20:05:00.962642+00:00, run_after=2023-11-07T20:05:00.962642+00:00
[2023-11-07T20:05:00.987+0000] {processor.py:179} INFO - Processing /usr/local/lib/python3.10/dist-packages/airflow/example_dags/example_short_circuit_decorator.py took 0.084 seconds
[2023-11-07T20:05:35.389+0000] {processor.py:157} INFO - Started process (PID=5630) to work on /usr/local/lib/python3.10/dist-packages/airflow/example_dags/example_short_circuit_decorator.py
[2023-11-07T20:05:35.390+0000] {processor.py:829} INFO - Processing file /usr/local/lib/python3.10/dist-packages/airflow/example_dags/example_short_circuit_decorator.py for tasks to queue
[2023-11-07T20:05:35.391+0000] {logging_mixin.py:154} INFO - [2023-11-07T20:05:35.391+0000] {dagbag.py:536} INFO - Filling up the DagBag from /usr/local/lib/python3.10/dist-packages/airflow/example_dags/example_short_circuit_decorator.py
[2023-11-07T20:05:35.406+0000] {processor.py:839} INFO - DAG(s) dict_keys(['example_short_circuit_decorator']) retrieved from /usr/local/lib/python3.10/dist-packages/airflow/example_dags/example_short_circuit_decorator.py
[2023-11-07T20:05:35.432+0000] {logging_mixin.py:154} INFO - [2023-11-07T20:05:35.432+0000] {dag.py:2941} INFO - Sync 1 DAGs
[2023-11-07T20:05:35.457+0000] {logging_mixin.py:154} INFO - [2023-11-07T20:05:35.457+0000] {dag.py:3722} INFO - Setting next_dagrun for example_short_circuit_decorator to 2023-11-06T20:05:35.456697+00:00, run_after=2023-11-07T20:05:35.456697+00:00
[2023-11-07T20:05:35.483+0000] {processor.py:179} INFO - Processing /usr/local/lib/python3.10/dist-packages/airflow/example_dags/example_short_circuit_decorator.py took 0.098 seconds
[2023-11-07T20:06:25.232+0000] {processor.py:157} INFO - Started process (PID=5681) to work on /usr/local/lib/python3.10/dist-packages/airflow/example_dags/example_short_circuit_decorator.py
[2023-11-07T20:06:25.236+0000] {processor.py:829} INFO - Processing file /usr/local/lib/python3.10/dist-packages/airflow/example_dags/example_short_circuit_decorator.py for tasks to queue
[2023-11-07T20:06:25.237+0000] {logging_mixin.py:154} INFO - [2023-11-07T20:06:25.237+0000] {dagbag.py:536} INFO - Filling up the DagBag from /usr/local/lib/python3.10/dist-packages/airflow/example_dags/example_short_circuit_decorator.py
[2023-11-07T20:06:25.248+0000] {processor.py:839} INFO - DAG(s) dict_keys(['example_short_circuit_decorator']) retrieved from /usr/local/lib/python3.10/dist-packages/airflow/example_dags/example_short_circuit_decorator.py
[2023-11-07T20:06:25.272+0000] {logging_mixin.py:154} INFO - [2023-11-07T20:06:25.272+0000] {dag.py:2941} INFO - Sync 1 DAGs
[2023-11-07T20:06:25.292+0000] {logging_mixin.py:154} INFO - [2023-11-07T20:06:25.292+0000] {dag.py:3722} INFO - Setting next_dagrun for example_short_circuit_decorator to 2023-11-06T20:06:25.291904+00:00, run_after=2023-11-07T20:06:25.291904+00:00
[2023-11-07T20:06:25.313+0000] {processor.py:179} INFO - Processing /usr/local/lib/python3.10/dist-packages/airflow/example_dags/example_short_circuit_decorator.py took 0.084 seconds
[2023-11-07T20:07:15.960+0000] {processor.py:157} INFO - Started process (PID=5732) to work on /usr/local/lib/python3.10/dist-packages/airflow/example_dags/example_short_circuit_decorator.py
[2023-11-07T20:07:15.963+0000] {processor.py:829} INFO - Processing file /usr/local/lib/python3.10/dist-packages/airflow/example_dags/example_short_circuit_decorator.py for tasks to queue
[2023-11-07T20:07:15.965+0000] {logging_mixin.py:154} INFO - [2023-11-07T20:07:15.964+0000] {dagbag.py:536} INFO - Filling up the DagBag from /usr/local/lib/python3.10/dist-packages/airflow/example_dags/example_short_circuit_decorator.py
[2023-11-07T20:07:15.988+0000] {processor.py:839} INFO - DAG(s) dict_keys(['example_short_circuit_decorator']) retrieved from /usr/local/lib/python3.10/dist-packages/airflow/example_dags/example_short_circuit_decorator.py
[2023-11-07T20:07:16.020+0000] {logging_mixin.py:154} INFO - [2023-11-07T20:07:16.019+0000] {dag.py:2941} INFO - Sync 1 DAGs
[2023-11-07T20:07:16.054+0000] {logging_mixin.py:154} INFO - [2023-11-07T20:07:16.054+0000] {dag.py:3722} INFO - Setting next_dagrun for example_short_circuit_decorator to 2023-11-06T20:07:16.053881+00:00, run_after=2023-11-07T20:07:16.053881+00:00
[2023-11-07T20:07:16.081+0000] {processor.py:179} INFO - Processing /usr/local/lib/python3.10/dist-packages/airflow/example_dags/example_short_circuit_decorator.py took 0.135 seconds
[2023-11-07T20:08:04.965+0000] {processor.py:157} INFO - Started process (PID=5785) to work on /usr/local/lib/python3.10/dist-packages/airflow/example_dags/example_short_circuit_decorator.py
[2023-11-07T20:08:04.966+0000] {processor.py:829} INFO - Processing file /usr/local/lib/python3.10/dist-packages/airflow/example_dags/example_short_circuit_decorator.py for tasks to queue
[2023-11-07T20:08:04.967+0000] {logging_mixin.py:154} INFO - [2023-11-07T20:08:04.966+0000] {dagbag.py:536} INFO - Filling up the DagBag from /usr/local/lib/python3.10/dist-packages/airflow/example_dags/example_short_circuit_decorator.py
[2023-11-07T20:08:04.976+0000] {processor.py:839} INFO - DAG(s) dict_keys(['example_short_circuit_decorator']) retrieved from /usr/local/lib/python3.10/dist-packages/airflow/example_dags/example_short_circuit_decorator.py
[2023-11-07T20:08:04.994+0000] {logging_mixin.py:154} INFO - [2023-11-07T20:08:04.994+0000] {dag.py:2941} INFO - Sync 1 DAGs
[2023-11-07T20:08:05.013+0000] {logging_mixin.py:154} INFO - [2023-11-07T20:08:05.012+0000] {dag.py:3722} INFO - Setting next_dagrun for example_short_circuit_decorator to 2023-11-06T20:08:05.012693+00:00, run_after=2023-11-07T20:08:05.012693+00:00
[2023-11-07T20:08:05.040+0000] {processor.py:179} INFO - Processing /usr/local/lib/python3.10/dist-packages/airflow/example_dags/example_short_circuit_decorator.py took 0.078 seconds
