[2023-11-07T19:31:49.730+0000] {processor.py:157} INFO - Started process (PID=3567) to work on /usr/local/lib/python3.10/dist-packages/airflow/example_dags/example_setup_teardown_taskflow.py
[2023-11-07T19:31:49.731+0000] {processor.py:829} INFO - Processing file /usr/local/lib/python3.10/dist-packages/airflow/example_dags/example_setup_teardown_taskflow.py for tasks to queue
[2023-11-07T19:31:49.733+0000] {logging_mixin.py:154} INFO - [2023-11-07T19:31:49.732+0000] {dagbag.py:536} INFO - Filling up the DagBag from /usr/local/lib/python3.10/dist-packages/airflow/example_dags/example_setup_teardown_taskflow.py
[2023-11-07T19:31:49.748+0000] {processor.py:839} INFO - DAG(s) dict_keys(['example_setup_teardown_taskflow']) retrieved from /usr/local/lib/python3.10/dist-packages/airflow/example_dags/example_setup_teardown_taskflow.py
[2023-11-07T19:31:49.865+0000] {logging_mixin.py:154} INFO - [2023-11-07T19:31:49.864+0000] {manager.py:499} INFO - Created Permission View: %s
[2023-11-07T19:31:49.877+0000] {logging_mixin.py:154} INFO - [2023-11-07T19:31:49.876+0000] {manager.py:499} INFO - Created Permission View: %s
[2023-11-07T19:31:49.886+0000] {logging_mixin.py:154} INFO - [2023-11-07T19:31:49.886+0000] {manager.py:499} INFO - Created Permission View: %s
[2023-11-07T19:31:49.887+0000] {logging_mixin.py:154} INFO - [2023-11-07T19:31:49.887+0000] {dag.py:2941} INFO - Sync 1 DAGs
[2023-11-07T19:31:49.897+0000] {logging_mixin.py:154} INFO - [2023-11-07T19:31:49.896+0000] {dag.py:2963} INFO - Creating ORM DAG for example_setup_teardown_taskflow
[2023-11-07T19:31:49.906+0000] {logging_mixin.py:154} INFO - [2023-11-07T19:31:49.906+0000] {dag.py:3722} INFO - Setting next_dagrun for example_setup_teardown_taskflow to 2023-11-06T19:31:49.906129+00:00, run_after=2023-11-07T19:31:49.906129+00:00
[2023-11-07T19:31:49.927+0000] {processor.py:179} INFO - Processing /usr/local/lib/python3.10/dist-packages/airflow/example_dags/example_setup_teardown_taskflow.py took 0.201 seconds
[2023-11-07T19:32:41.176+0000] {processor.py:157} INFO - Started process (PID=3614) to work on /usr/local/lib/python3.10/dist-packages/airflow/example_dags/example_setup_teardown_taskflow.py
[2023-11-07T19:32:41.178+0000] {processor.py:829} INFO - Processing file /usr/local/lib/python3.10/dist-packages/airflow/example_dags/example_setup_teardown_taskflow.py for tasks to queue
[2023-11-07T19:32:41.178+0000] {logging_mixin.py:154} INFO - [2023-11-07T19:32:41.178+0000] {dagbag.py:536} INFO - Filling up the DagBag from /usr/local/lib/python3.10/dist-packages/airflow/example_dags/example_setup_teardown_taskflow.py
[2023-11-07T19:32:41.201+0000] {processor.py:839} INFO - DAG(s) dict_keys(['example_setup_teardown_taskflow']) retrieved from /usr/local/lib/python3.10/dist-packages/airflow/example_dags/example_setup_teardown_taskflow.py
[2023-11-07T19:32:41.228+0000] {logging_mixin.py:154} INFO - [2023-11-07T19:32:41.228+0000] {dag.py:2941} INFO - Sync 1 DAGs
[2023-11-07T19:32:41.252+0000] {logging_mixin.py:154} INFO - [2023-11-07T19:32:41.251+0000] {dag.py:3722} INFO - Setting next_dagrun for example_setup_teardown_taskflow to 2023-11-06T19:32:41.251652+00:00, run_after=2023-11-07T19:32:41.251652+00:00
[2023-11-07T19:32:41.272+0000] {processor.py:179} INFO - Processing /usr/local/lib/python3.10/dist-packages/airflow/example_dags/example_setup_teardown_taskflow.py took 0.099 seconds
[2023-11-07T19:33:26.569+0000] {processor.py:157} INFO - Started process (PID=3661) to work on /usr/local/lib/python3.10/dist-packages/airflow/example_dags/example_setup_teardown_taskflow.py
[2023-11-07T19:33:26.571+0000] {processor.py:829} INFO - Processing file /usr/local/lib/python3.10/dist-packages/airflow/example_dags/example_setup_teardown_taskflow.py for tasks to queue
[2023-11-07T19:33:26.571+0000] {logging_mixin.py:154} INFO - [2023-11-07T19:33:26.571+0000] {dagbag.py:536} INFO - Filling up the DagBag from /usr/local/lib/python3.10/dist-packages/airflow/example_dags/example_setup_teardown_taskflow.py
[2023-11-07T19:33:26.582+0000] {processor.py:839} INFO - DAG(s) dict_keys(['example_setup_teardown_taskflow']) retrieved from /usr/local/lib/python3.10/dist-packages/airflow/example_dags/example_setup_teardown_taskflow.py
[2023-11-07T19:33:26.599+0000] {logging_mixin.py:154} INFO - [2023-11-07T19:33:26.599+0000] {dag.py:2941} INFO - Sync 1 DAGs
[2023-11-07T19:33:26.620+0000] {logging_mixin.py:154} INFO - [2023-11-07T19:33:26.620+0000] {dag.py:3722} INFO - Setting next_dagrun for example_setup_teardown_taskflow to 2023-11-06T19:33:26.620406+00:00, run_after=2023-11-07T19:33:26.620406+00:00
[2023-11-07T19:33:26.643+0000] {processor.py:179} INFO - Processing /usr/local/lib/python3.10/dist-packages/airflow/example_dags/example_setup_teardown_taskflow.py took 0.076 seconds
[2023-11-07T19:34:14.268+0000] {processor.py:157} INFO - Started process (PID=3709) to work on /usr/local/lib/python3.10/dist-packages/airflow/example_dags/example_setup_teardown_taskflow.py
[2023-11-07T19:34:14.269+0000] {processor.py:829} INFO - Processing file /usr/local/lib/python3.10/dist-packages/airflow/example_dags/example_setup_teardown_taskflow.py for tasks to queue
[2023-11-07T19:34:14.270+0000] {logging_mixin.py:154} INFO - [2023-11-07T19:34:14.270+0000] {dagbag.py:536} INFO - Filling up the DagBag from /usr/local/lib/python3.10/dist-packages/airflow/example_dags/example_setup_teardown_taskflow.py
[2023-11-07T19:34:14.280+0000] {processor.py:839} INFO - DAG(s) dict_keys(['example_setup_teardown_taskflow']) retrieved from /usr/local/lib/python3.10/dist-packages/airflow/example_dags/example_setup_teardown_taskflow.py
[2023-11-07T19:34:14.296+0000] {logging_mixin.py:154} INFO - [2023-11-07T19:34:14.296+0000] {dag.py:2941} INFO - Sync 1 DAGs
[2023-11-07T19:34:14.314+0000] {logging_mixin.py:154} INFO - [2023-11-07T19:34:14.314+0000] {dag.py:3722} INFO - Setting next_dagrun for example_setup_teardown_taskflow to 2023-11-06T19:34:14.314433+00:00, run_after=2023-11-07T19:34:14.314433+00:00
[2023-11-07T19:34:14.366+0000] {processor.py:179} INFO - Processing /usr/local/lib/python3.10/dist-packages/airflow/example_dags/example_setup_teardown_taskflow.py took 0.109 seconds
[2023-11-07T19:35:01.157+0000] {processor.py:157} INFO - Started process (PID=3759) to work on /usr/local/lib/python3.10/dist-packages/airflow/example_dags/example_setup_teardown_taskflow.py
[2023-11-07T19:35:01.158+0000] {processor.py:829} INFO - Processing file /usr/local/lib/python3.10/dist-packages/airflow/example_dags/example_setup_teardown_taskflow.py for tasks to queue
[2023-11-07T19:35:01.158+0000] {logging_mixin.py:154} INFO - [2023-11-07T19:35:01.158+0000] {dagbag.py:536} INFO - Filling up the DagBag from /usr/local/lib/python3.10/dist-packages/airflow/example_dags/example_setup_teardown_taskflow.py
[2023-11-07T19:35:01.170+0000] {processor.py:839} INFO - DAG(s) dict_keys(['example_setup_teardown_taskflow']) retrieved from /usr/local/lib/python3.10/dist-packages/airflow/example_dags/example_setup_teardown_taskflow.py
[2023-11-07T19:35:01.187+0000] {logging_mixin.py:154} INFO - [2023-11-07T19:35:01.187+0000] {dag.py:2941} INFO - Sync 1 DAGs
[2023-11-07T19:35:01.209+0000] {logging_mixin.py:154} INFO - [2023-11-07T19:35:01.209+0000] {dag.py:3722} INFO - Setting next_dagrun for example_setup_teardown_taskflow to 2023-11-06T19:35:01.208958+00:00, run_after=2023-11-07T19:35:01.208958+00:00
[2023-11-07T19:35:01.234+0000] {processor.py:179} INFO - Processing /usr/local/lib/python3.10/dist-packages/airflow/example_dags/example_setup_teardown_taskflow.py took 0.081 seconds
[2023-11-07T19:35:45.150+0000] {processor.py:157} INFO - Started process (PID=3808) to work on /usr/local/lib/python3.10/dist-packages/airflow/example_dags/example_setup_teardown_taskflow.py
[2023-11-07T19:35:45.151+0000] {processor.py:829} INFO - Processing file /usr/local/lib/python3.10/dist-packages/airflow/example_dags/example_setup_teardown_taskflow.py for tasks to queue
[2023-11-07T19:35:45.152+0000] {logging_mixin.py:154} INFO - [2023-11-07T19:35:45.151+0000] {dagbag.py:536} INFO - Filling up the DagBag from /usr/local/lib/python3.10/dist-packages/airflow/example_dags/example_setup_teardown_taskflow.py
[2023-11-07T19:35:45.163+0000] {processor.py:839} INFO - DAG(s) dict_keys(['example_setup_teardown_taskflow']) retrieved from /usr/local/lib/python3.10/dist-packages/airflow/example_dags/example_setup_teardown_taskflow.py
[2023-11-07T19:35:45.179+0000] {logging_mixin.py:154} INFO - [2023-11-07T19:35:45.178+0000] {dag.py:2941} INFO - Sync 1 DAGs
[2023-11-07T19:35:45.197+0000] {logging_mixin.py:154} INFO - [2023-11-07T19:35:45.197+0000] {dag.py:3722} INFO - Setting next_dagrun for example_setup_teardown_taskflow to 2023-11-06T19:35:45.196926+00:00, run_after=2023-11-07T19:35:45.196926+00:00
[2023-11-07T19:35:45.219+0000] {processor.py:179} INFO - Processing /usr/local/lib/python3.10/dist-packages/airflow/example_dags/example_setup_teardown_taskflow.py took 0.072 seconds
[2023-11-07T19:36:35.061+0000] {processor.py:157} INFO - Started process (PID=3857) to work on /usr/local/lib/python3.10/dist-packages/airflow/example_dags/example_setup_teardown_taskflow.py
[2023-11-07T19:36:35.062+0000] {processor.py:829} INFO - Processing file /usr/local/lib/python3.10/dist-packages/airflow/example_dags/example_setup_teardown_taskflow.py for tasks to queue
[2023-11-07T19:36:35.063+0000] {logging_mixin.py:154} INFO - [2023-11-07T19:36:35.062+0000] {dagbag.py:536} INFO - Filling up the DagBag from /usr/local/lib/python3.10/dist-packages/airflow/example_dags/example_setup_teardown_taskflow.py
[2023-11-07T19:36:35.074+0000] {processor.py:839} INFO - DAG(s) dict_keys(['example_setup_teardown_taskflow']) retrieved from /usr/local/lib/python3.10/dist-packages/airflow/example_dags/example_setup_teardown_taskflow.py
[2023-11-07T19:36:35.093+0000] {logging_mixin.py:154} INFO - [2023-11-07T19:36:35.093+0000] {dag.py:2941} INFO - Sync 1 DAGs
[2023-11-07T19:36:35.112+0000] {logging_mixin.py:154} INFO - [2023-11-07T19:36:35.112+0000] {dag.py:3722} INFO - Setting next_dagrun for example_setup_teardown_taskflow to 2023-11-06T19:36:35.111903+00:00, run_after=2023-11-07T19:36:35.111903+00:00
[2023-11-07T19:36:35.135+0000] {processor.py:179} INFO - Processing /usr/local/lib/python3.10/dist-packages/airflow/example_dags/example_setup_teardown_taskflow.py took 0.078 seconds
[2023-11-07T19:37:25.023+0000] {processor.py:157} INFO - Started process (PID=3908) to work on /usr/local/lib/python3.10/dist-packages/airflow/example_dags/example_setup_teardown_taskflow.py
[2023-11-07T19:37:25.024+0000] {processor.py:829} INFO - Processing file /usr/local/lib/python3.10/dist-packages/airflow/example_dags/example_setup_teardown_taskflow.py for tasks to queue
[2023-11-07T19:37:25.029+0000] {logging_mixin.py:154} INFO - [2023-11-07T19:37:25.028+0000] {dagbag.py:536} INFO - Filling up the DagBag from /usr/local/lib/python3.10/dist-packages/airflow/example_dags/example_setup_teardown_taskflow.py
[2023-11-07T19:37:25.053+0000] {processor.py:839} INFO - DAG(s) dict_keys(['example_setup_teardown_taskflow']) retrieved from /usr/local/lib/python3.10/dist-packages/airflow/example_dags/example_setup_teardown_taskflow.py
[2023-11-07T19:37:25.082+0000] {logging_mixin.py:154} INFO - [2023-11-07T19:37:25.082+0000] {dag.py:2941} INFO - Sync 1 DAGs
[2023-11-07T19:37:25.127+0000] {logging_mixin.py:154} INFO - [2023-11-07T19:37:25.127+0000] {dag.py:3722} INFO - Setting next_dagrun for example_setup_teardown_taskflow to 2023-11-06T19:37:25.127306+00:00, run_after=2023-11-07T19:37:25.127306+00:00
[2023-11-07T19:37:25.171+0000] {processor.py:179} INFO - Processing /usr/local/lib/python3.10/dist-packages/airflow/example_dags/example_setup_teardown_taskflow.py took 0.155 seconds
[2023-11-07T19:38:12.794+0000] {processor.py:157} INFO - Started process (PID=3958) to work on /usr/local/lib/python3.10/dist-packages/airflow/example_dags/example_setup_teardown_taskflow.py
[2023-11-07T19:38:12.795+0000] {processor.py:829} INFO - Processing file /usr/local/lib/python3.10/dist-packages/airflow/example_dags/example_setup_teardown_taskflow.py for tasks to queue
[2023-11-07T19:38:12.796+0000] {logging_mixin.py:154} INFO - [2023-11-07T19:38:12.795+0000] {dagbag.py:536} INFO - Filling up the DagBag from /usr/local/lib/python3.10/dist-packages/airflow/example_dags/example_setup_teardown_taskflow.py
[2023-11-07T19:38:12.814+0000] {processor.py:839} INFO - DAG(s) dict_keys(['example_setup_teardown_taskflow']) retrieved from /usr/local/lib/python3.10/dist-packages/airflow/example_dags/example_setup_teardown_taskflow.py
[2023-11-07T19:38:12.833+0000] {logging_mixin.py:154} INFO - [2023-11-07T19:38:12.832+0000] {dag.py:2941} INFO - Sync 1 DAGs
[2023-11-07T19:38:12.858+0000] {logging_mixin.py:154} INFO - [2023-11-07T19:38:12.858+0000] {dag.py:3722} INFO - Setting next_dagrun for example_setup_teardown_taskflow to 2023-11-06T19:38:12.858260+00:00, run_after=2023-11-07T19:38:12.858260+00:00
[2023-11-07T19:38:12.884+0000] {processor.py:179} INFO - Processing /usr/local/lib/python3.10/dist-packages/airflow/example_dags/example_setup_teardown_taskflow.py took 0.093 seconds
[2023-11-07T19:39:01.153+0000] {processor.py:157} INFO - Started process (PID=4008) to work on /usr/local/lib/python3.10/dist-packages/airflow/example_dags/example_setup_teardown_taskflow.py
[2023-11-07T19:39:01.155+0000] {processor.py:829} INFO - Processing file /usr/local/lib/python3.10/dist-packages/airflow/example_dags/example_setup_teardown_taskflow.py for tasks to queue
[2023-11-07T19:39:01.156+0000] {logging_mixin.py:154} INFO - [2023-11-07T19:39:01.155+0000] {dagbag.py:536} INFO - Filling up the DagBag from /usr/local/lib/python3.10/dist-packages/airflow/example_dags/example_setup_teardown_taskflow.py
[2023-11-07T19:39:01.166+0000] {processor.py:839} INFO - DAG(s) dict_keys(['example_setup_teardown_taskflow']) retrieved from /usr/local/lib/python3.10/dist-packages/airflow/example_dags/example_setup_teardown_taskflow.py
[2023-11-07T19:39:01.183+0000] {logging_mixin.py:154} INFO - [2023-11-07T19:39:01.182+0000] {dag.py:2941} INFO - Sync 1 DAGs
[2023-11-07T19:39:01.201+0000] {logging_mixin.py:154} INFO - [2023-11-07T19:39:01.201+0000] {dag.py:3722} INFO - Setting next_dagrun for example_setup_teardown_taskflow to 2023-11-06T19:39:01.201514+00:00, run_after=2023-11-07T19:39:01.201514+00:00
[2023-11-07T19:39:01.223+0000] {processor.py:179} INFO - Processing /usr/local/lib/python3.10/dist-packages/airflow/example_dags/example_setup_teardown_taskflow.py took 0.073 seconds
[2023-11-07T19:39:45.965+0000] {processor.py:157} INFO - Started process (PID=4054) to work on /usr/local/lib/python3.10/dist-packages/airflow/example_dags/example_setup_teardown_taskflow.py
[2023-11-07T19:39:45.966+0000] {processor.py:829} INFO - Processing file /usr/local/lib/python3.10/dist-packages/airflow/example_dags/example_setup_teardown_taskflow.py for tasks to queue
[2023-11-07T19:39:45.967+0000] {logging_mixin.py:154} INFO - [2023-11-07T19:39:45.966+0000] {dagbag.py:536} INFO - Filling up the DagBag from /usr/local/lib/python3.10/dist-packages/airflow/example_dags/example_setup_teardown_taskflow.py
[2023-11-07T19:39:45.979+0000] {processor.py:839} INFO - DAG(s) dict_keys(['example_setup_teardown_taskflow']) retrieved from /usr/local/lib/python3.10/dist-packages/airflow/example_dags/example_setup_teardown_taskflow.py
[2023-11-07T19:39:46.003+0000] {logging_mixin.py:154} INFO - [2023-11-07T19:39:46.003+0000] {dag.py:2941} INFO - Sync 1 DAGs
[2023-11-07T19:39:46.028+0000] {logging_mixin.py:154} INFO - [2023-11-07T19:39:46.028+0000] {dag.py:3722} INFO - Setting next_dagrun for example_setup_teardown_taskflow to 2023-11-06T19:39:46.028008+00:00, run_after=2023-11-07T19:39:46.028008+00:00
[2023-11-07T19:39:46.067+0000] {processor.py:179} INFO - Processing /usr/local/lib/python3.10/dist-packages/airflow/example_dags/example_setup_teardown_taskflow.py took 0.105 seconds
[2023-11-07T19:40:39.044+0000] {processor.py:157} INFO - Started process (PID=4108) to work on /usr/local/lib/python3.10/dist-packages/airflow/example_dags/example_setup_teardown_taskflow.py
[2023-11-07T19:40:39.045+0000] {processor.py:829} INFO - Processing file /usr/local/lib/python3.10/dist-packages/airflow/example_dags/example_setup_teardown_taskflow.py for tasks to queue
[2023-11-07T19:40:39.046+0000] {logging_mixin.py:154} INFO - [2023-11-07T19:40:39.045+0000] {dagbag.py:536} INFO - Filling up the DagBag from /usr/local/lib/python3.10/dist-packages/airflow/example_dags/example_setup_teardown_taskflow.py
[2023-11-07T19:40:39.056+0000] {processor.py:839} INFO - DAG(s) dict_keys(['example_setup_teardown_taskflow']) retrieved from /usr/local/lib/python3.10/dist-packages/airflow/example_dags/example_setup_teardown_taskflow.py
[2023-11-07T19:40:39.072+0000] {logging_mixin.py:154} INFO - [2023-11-07T19:40:39.072+0000] {dag.py:2941} INFO - Sync 1 DAGs
[2023-11-07T19:40:39.091+0000] {logging_mixin.py:154} INFO - [2023-11-07T19:40:39.090+0000] {dag.py:3722} INFO - Setting next_dagrun for example_setup_teardown_taskflow to 2023-11-06T19:40:39.090625+00:00, run_after=2023-11-07T19:40:39.090625+00:00
[2023-11-07T19:40:39.128+0000] {processor.py:179} INFO - Processing /usr/local/lib/python3.10/dist-packages/airflow/example_dags/example_setup_teardown_taskflow.py took 0.087 seconds
[2023-11-07T19:41:28.606+0000] {processor.py:157} INFO - Started process (PID=4160) to work on /usr/local/lib/python3.10/dist-packages/airflow/example_dags/example_setup_teardown_taskflow.py
[2023-11-07T19:41:28.607+0000] {processor.py:829} INFO - Processing file /usr/local/lib/python3.10/dist-packages/airflow/example_dags/example_setup_teardown_taskflow.py for tasks to queue
[2023-11-07T19:41:28.608+0000] {logging_mixin.py:154} INFO - [2023-11-07T19:41:28.607+0000] {dagbag.py:536} INFO - Filling up the DagBag from /usr/local/lib/python3.10/dist-packages/airflow/example_dags/example_setup_teardown_taskflow.py
[2023-11-07T19:41:28.620+0000] {processor.py:839} INFO - DAG(s) dict_keys(['example_setup_teardown_taskflow']) retrieved from /usr/local/lib/python3.10/dist-packages/airflow/example_dags/example_setup_teardown_taskflow.py
[2023-11-07T19:41:28.642+0000] {logging_mixin.py:154} INFO - [2023-11-07T19:41:28.641+0000] {dag.py:2941} INFO - Sync 1 DAGs
[2023-11-07T19:41:28.661+0000] {logging_mixin.py:154} INFO - [2023-11-07T19:41:28.661+0000] {dag.py:3722} INFO - Setting next_dagrun for example_setup_teardown_taskflow to 2023-11-06T19:41:28.661088+00:00, run_after=2023-11-07T19:41:28.661088+00:00
[2023-11-07T19:41:28.696+0000] {processor.py:179} INFO - Processing /usr/local/lib/python3.10/dist-packages/airflow/example_dags/example_setup_teardown_taskflow.py took 0.093 seconds
[2023-11-07T19:42:16.429+0000] {processor.py:157} INFO - Started process (PID=4209) to work on /usr/local/lib/python3.10/dist-packages/airflow/example_dags/example_setup_teardown_taskflow.py
[2023-11-07T19:42:16.430+0000] {processor.py:829} INFO - Processing file /usr/local/lib/python3.10/dist-packages/airflow/example_dags/example_setup_teardown_taskflow.py for tasks to queue
[2023-11-07T19:42:16.431+0000] {logging_mixin.py:154} INFO - [2023-11-07T19:42:16.430+0000] {dagbag.py:536} INFO - Filling up the DagBag from /usr/local/lib/python3.10/dist-packages/airflow/example_dags/example_setup_teardown_taskflow.py
[2023-11-07T19:42:16.441+0000] {processor.py:839} INFO - DAG(s) dict_keys(['example_setup_teardown_taskflow']) retrieved from /usr/local/lib/python3.10/dist-packages/airflow/example_dags/example_setup_teardown_taskflow.py
[2023-11-07T19:42:16.460+0000] {logging_mixin.py:154} INFO - [2023-11-07T19:42:16.460+0000] {dag.py:2941} INFO - Sync 1 DAGs
[2023-11-07T19:42:16.479+0000] {logging_mixin.py:154} INFO - [2023-11-07T19:42:16.479+0000] {dag.py:3722} INFO - Setting next_dagrun for example_setup_teardown_taskflow to 2023-11-06T19:42:16.478867+00:00, run_after=2023-11-07T19:42:16.478867+00:00
[2023-11-07T19:42:16.501+0000] {processor.py:179} INFO - Processing /usr/local/lib/python3.10/dist-packages/airflow/example_dags/example_setup_teardown_taskflow.py took 0.077 seconds
[2023-11-07T19:43:05.400+0000] {processor.py:157} INFO - Started process (PID=4259) to work on /usr/local/lib/python3.10/dist-packages/airflow/example_dags/example_setup_teardown_taskflow.py
[2023-11-07T19:43:05.402+0000] {processor.py:829} INFO - Processing file /usr/local/lib/python3.10/dist-packages/airflow/example_dags/example_setup_teardown_taskflow.py for tasks to queue
[2023-11-07T19:43:05.403+0000] {logging_mixin.py:154} INFO - [2023-11-07T19:43:05.402+0000] {dagbag.py:536} INFO - Filling up the DagBag from /usr/local/lib/python3.10/dist-packages/airflow/example_dags/example_setup_teardown_taskflow.py
[2023-11-07T19:43:05.420+0000] {processor.py:839} INFO - DAG(s) dict_keys(['example_setup_teardown_taskflow']) retrieved from /usr/local/lib/python3.10/dist-packages/airflow/example_dags/example_setup_teardown_taskflow.py
[2023-11-07T19:43:05.442+0000] {logging_mixin.py:154} INFO - [2023-11-07T19:43:05.442+0000] {dag.py:2941} INFO - Sync 1 DAGs
[2023-11-07T19:43:05.478+0000] {logging_mixin.py:154} INFO - [2023-11-07T19:43:05.478+0000] {dag.py:3722} INFO - Setting next_dagrun for example_setup_teardown_taskflow to 2023-11-06T19:43:05.478527+00:00, run_after=2023-11-07T19:43:05.478527+00:00
[2023-11-07T19:43:05.504+0000] {processor.py:179} INFO - Processing /usr/local/lib/python3.10/dist-packages/airflow/example_dags/example_setup_teardown_taskflow.py took 0.108 seconds
[2023-11-07T19:43:56.032+0000] {processor.py:157} INFO - Started process (PID=4311) to work on /usr/local/lib/python3.10/dist-packages/airflow/example_dags/example_setup_teardown_taskflow.py
[2023-11-07T19:43:56.033+0000] {processor.py:829} INFO - Processing file /usr/local/lib/python3.10/dist-packages/airflow/example_dags/example_setup_teardown_taskflow.py for tasks to queue
[2023-11-07T19:43:56.034+0000] {logging_mixin.py:154} INFO - [2023-11-07T19:43:56.034+0000] {dagbag.py:536} INFO - Filling up the DagBag from /usr/local/lib/python3.10/dist-packages/airflow/example_dags/example_setup_teardown_taskflow.py
[2023-11-07T19:43:56.045+0000] {processor.py:839} INFO - DAG(s) dict_keys(['example_setup_teardown_taskflow']) retrieved from /usr/local/lib/python3.10/dist-packages/airflow/example_dags/example_setup_teardown_taskflow.py
[2023-11-07T19:43:56.063+0000] {logging_mixin.py:154} INFO - [2023-11-07T19:43:56.062+0000] {dag.py:2941} INFO - Sync 1 DAGs
[2023-11-07T19:43:56.082+0000] {logging_mixin.py:154} INFO - [2023-11-07T19:43:56.082+0000] {dag.py:3722} INFO - Setting next_dagrun for example_setup_teardown_taskflow to 2023-11-06T19:43:56.082123+00:00, run_after=2023-11-07T19:43:56.082123+00:00
[2023-11-07T19:43:56.104+0000] {processor.py:179} INFO - Processing /usr/local/lib/python3.10/dist-packages/airflow/example_dags/example_setup_teardown_taskflow.py took 0.076 seconds
[2023-11-07T19:44:47.681+0000] {processor.py:157} INFO - Started process (PID=4362) to work on /usr/local/lib/python3.10/dist-packages/airflow/example_dags/example_setup_teardown_taskflow.py
[2023-11-07T19:44:47.682+0000] {processor.py:829} INFO - Processing file /usr/local/lib/python3.10/dist-packages/airflow/example_dags/example_setup_teardown_taskflow.py for tasks to queue
[2023-11-07T19:44:47.682+0000] {logging_mixin.py:154} INFO - [2023-11-07T19:44:47.682+0000] {dagbag.py:536} INFO - Filling up the DagBag from /usr/local/lib/python3.10/dist-packages/airflow/example_dags/example_setup_teardown_taskflow.py
[2023-11-07T19:44:47.692+0000] {processor.py:839} INFO - DAG(s) dict_keys(['example_setup_teardown_taskflow']) retrieved from /usr/local/lib/python3.10/dist-packages/airflow/example_dags/example_setup_teardown_taskflow.py
[2023-11-07T19:44:47.711+0000] {logging_mixin.py:154} INFO - [2023-11-07T19:44:47.710+0000] {dag.py:2941} INFO - Sync 1 DAGs
[2023-11-07T19:44:47.738+0000] {logging_mixin.py:154} INFO - [2023-11-07T19:44:47.737+0000] {dag.py:3722} INFO - Setting next_dagrun for example_setup_teardown_taskflow to 2023-11-06T19:44:47.737680+00:00, run_after=2023-11-07T19:44:47.737680+00:00
[2023-11-07T19:44:47.761+0000] {processor.py:179} INFO - Processing /usr/local/lib/python3.10/dist-packages/airflow/example_dags/example_setup_teardown_taskflow.py took 0.083 seconds
[2023-11-07T19:45:42.252+0000] {processor.py:157} INFO - Started process (PID=4416) to work on /usr/local/lib/python3.10/dist-packages/airflow/example_dags/example_setup_teardown_taskflow.py
[2023-11-07T19:45:42.253+0000] {processor.py:829} INFO - Processing file /usr/local/lib/python3.10/dist-packages/airflow/example_dags/example_setup_teardown_taskflow.py for tasks to queue
[2023-11-07T19:45:42.256+0000] {logging_mixin.py:154} INFO - [2023-11-07T19:45:42.256+0000] {dagbag.py:536} INFO - Filling up the DagBag from /usr/local/lib/python3.10/dist-packages/airflow/example_dags/example_setup_teardown_taskflow.py
[2023-11-07T19:45:42.272+0000] {processor.py:839} INFO - DAG(s) dict_keys(['example_setup_teardown_taskflow']) retrieved from /usr/local/lib/python3.10/dist-packages/airflow/example_dags/example_setup_teardown_taskflow.py
[2023-11-07T19:45:42.293+0000] {logging_mixin.py:154} INFO - [2023-11-07T19:45:42.292+0000] {dag.py:2941} INFO - Sync 1 DAGs
[2023-11-07T19:45:42.313+0000] {logging_mixin.py:154} INFO - [2023-11-07T19:45:42.313+0000] {dag.py:3722} INFO - Setting next_dagrun for example_setup_teardown_taskflow to 2023-11-06T19:45:42.312959+00:00, run_after=2023-11-07T19:45:42.312959+00:00
[2023-11-07T19:45:42.347+0000] {processor.py:179} INFO - Processing /usr/local/lib/python3.10/dist-packages/airflow/example_dags/example_setup_teardown_taskflow.py took 0.101 seconds
[2023-11-07T19:46:34.144+0000] {processor.py:157} INFO - Started process (PID=4469) to work on /usr/local/lib/python3.10/dist-packages/airflow/example_dags/example_setup_teardown_taskflow.py
[2023-11-07T19:46:34.146+0000] {processor.py:829} INFO - Processing file /usr/local/lib/python3.10/dist-packages/airflow/example_dags/example_setup_teardown_taskflow.py for tasks to queue
[2023-11-07T19:46:34.147+0000] {logging_mixin.py:154} INFO - [2023-11-07T19:46:34.146+0000] {dagbag.py:536} INFO - Filling up the DagBag from /usr/local/lib/python3.10/dist-packages/airflow/example_dags/example_setup_teardown_taskflow.py
[2023-11-07T19:46:34.159+0000] {processor.py:839} INFO - DAG(s) dict_keys(['example_setup_teardown_taskflow']) retrieved from /usr/local/lib/python3.10/dist-packages/airflow/example_dags/example_setup_teardown_taskflow.py
[2023-11-07T19:46:34.178+0000] {logging_mixin.py:154} INFO - [2023-11-07T19:46:34.177+0000] {dag.py:2941} INFO - Sync 1 DAGs
[2023-11-07T19:46:34.226+0000] {logging_mixin.py:154} INFO - [2023-11-07T19:46:34.225+0000] {dag.py:3722} INFO - Setting next_dagrun for example_setup_teardown_taskflow to 2023-11-06T19:46:34.225620+00:00, run_after=2023-11-07T19:46:34.225620+00:00
[2023-11-07T19:46:34.248+0000] {processor.py:179} INFO - Processing /usr/local/lib/python3.10/dist-packages/airflow/example_dags/example_setup_teardown_taskflow.py took 0.108 seconds
[2023-11-07T19:47:26.953+0000] {processor.py:157} INFO - Started process (PID=4522) to work on /usr/local/lib/python3.10/dist-packages/airflow/example_dags/example_setup_teardown_taskflow.py
[2023-11-07T19:47:26.955+0000] {processor.py:829} INFO - Processing file /usr/local/lib/python3.10/dist-packages/airflow/example_dags/example_setup_teardown_taskflow.py for tasks to queue
[2023-11-07T19:47:26.957+0000] {logging_mixin.py:154} INFO - [2023-11-07T19:47:26.956+0000] {dagbag.py:536} INFO - Filling up the DagBag from /usr/local/lib/python3.10/dist-packages/airflow/example_dags/example_setup_teardown_taskflow.py
[2023-11-07T19:47:26.968+0000] {processor.py:839} INFO - DAG(s) dict_keys(['example_setup_teardown_taskflow']) retrieved from /usr/local/lib/python3.10/dist-packages/airflow/example_dags/example_setup_teardown_taskflow.py
[2023-11-07T19:47:26.987+0000] {logging_mixin.py:154} INFO - [2023-11-07T19:47:26.986+0000] {dag.py:2941} INFO - Sync 1 DAGs
[2023-11-07T19:47:27.008+0000] {logging_mixin.py:154} INFO - [2023-11-07T19:47:27.008+0000] {dag.py:3722} INFO - Setting next_dagrun for example_setup_teardown_taskflow to 2023-11-06T19:47:27.008385+00:00, run_after=2023-11-07T19:47:27.008385+00:00
[2023-11-07T19:47:27.032+0000] {processor.py:179} INFO - Processing /usr/local/lib/python3.10/dist-packages/airflow/example_dags/example_setup_teardown_taskflow.py took 0.084 seconds
[2023-11-07T19:48:16.290+0000] {processor.py:157} INFO - Started process (PID=4572) to work on /usr/local/lib/python3.10/dist-packages/airflow/example_dags/example_setup_teardown_taskflow.py
[2023-11-07T19:48:16.292+0000] {processor.py:829} INFO - Processing file /usr/local/lib/python3.10/dist-packages/airflow/example_dags/example_setup_teardown_taskflow.py for tasks to queue
[2023-11-07T19:48:16.294+0000] {logging_mixin.py:154} INFO - [2023-11-07T19:48:16.293+0000] {dagbag.py:536} INFO - Filling up the DagBag from /usr/local/lib/python3.10/dist-packages/airflow/example_dags/example_setup_teardown_taskflow.py
[2023-11-07T19:48:16.316+0000] {processor.py:839} INFO - DAG(s) dict_keys(['example_setup_teardown_taskflow']) retrieved from /usr/local/lib/python3.10/dist-packages/airflow/example_dags/example_setup_teardown_taskflow.py
[2023-11-07T19:48:16.339+0000] {logging_mixin.py:154} INFO - [2023-11-07T19:48:16.339+0000] {dag.py:2941} INFO - Sync 1 DAGs
[2023-11-07T19:48:16.361+0000] {logging_mixin.py:154} INFO - [2023-11-07T19:48:16.361+0000] {dag.py:3722} INFO - Setting next_dagrun for example_setup_teardown_taskflow to 2023-11-06T19:48:16.361164+00:00, run_after=2023-11-07T19:48:16.361164+00:00
[2023-11-07T19:48:16.399+0000] {processor.py:179} INFO - Processing /usr/local/lib/python3.10/dist-packages/airflow/example_dags/example_setup_teardown_taskflow.py took 0.125 seconds
[2023-11-07T19:49:05.706+0000] {processor.py:157} INFO - Started process (PID=4624) to work on /usr/local/lib/python3.10/dist-packages/airflow/example_dags/example_setup_teardown_taskflow.py
[2023-11-07T19:49:05.708+0000] {processor.py:829} INFO - Processing file /usr/local/lib/python3.10/dist-packages/airflow/example_dags/example_setup_teardown_taskflow.py for tasks to queue
[2023-11-07T19:49:05.709+0000] {logging_mixin.py:154} INFO - [2023-11-07T19:49:05.708+0000] {dagbag.py:536} INFO - Filling up the DagBag from /usr/local/lib/python3.10/dist-packages/airflow/example_dags/example_setup_teardown_taskflow.py
[2023-11-07T19:49:05.719+0000] {processor.py:839} INFO - DAG(s) dict_keys(['example_setup_teardown_taskflow']) retrieved from /usr/local/lib/python3.10/dist-packages/airflow/example_dags/example_setup_teardown_taskflow.py
[2023-11-07T19:49:05.738+0000] {logging_mixin.py:154} INFO - [2023-11-07T19:49:05.738+0000] {dag.py:2941} INFO - Sync 1 DAGs
[2023-11-07T19:49:05.758+0000] {logging_mixin.py:154} INFO - [2023-11-07T19:49:05.758+0000] {dag.py:3722} INFO - Setting next_dagrun for example_setup_teardown_taskflow to 2023-11-06T19:49:05.758430+00:00, run_after=2023-11-07T19:49:05.758430+00:00
[2023-11-07T19:49:05.780+0000] {processor.py:179} INFO - Processing /usr/local/lib/python3.10/dist-packages/airflow/example_dags/example_setup_teardown_taskflow.py took 0.077 seconds
[2023-11-07T19:49:52.286+0000] {processor.py:157} INFO - Started process (PID=4672) to work on /usr/local/lib/python3.10/dist-packages/airflow/example_dags/example_setup_teardown_taskflow.py
[2023-11-07T19:49:52.287+0000] {processor.py:829} INFO - Processing file /usr/local/lib/python3.10/dist-packages/airflow/example_dags/example_setup_teardown_taskflow.py for tasks to queue
[2023-11-07T19:49:52.288+0000] {logging_mixin.py:154} INFO - [2023-11-07T19:49:52.288+0000] {dagbag.py:536} INFO - Filling up the DagBag from /usr/local/lib/python3.10/dist-packages/airflow/example_dags/example_setup_teardown_taskflow.py
[2023-11-07T19:49:52.299+0000] {processor.py:839} INFO - DAG(s) dict_keys(['example_setup_teardown_taskflow']) retrieved from /usr/local/lib/python3.10/dist-packages/airflow/example_dags/example_setup_teardown_taskflow.py
[2023-11-07T19:49:52.317+0000] {logging_mixin.py:154} INFO - [2023-11-07T19:49:52.317+0000] {dag.py:2941} INFO - Sync 1 DAGs
[2023-11-07T19:49:52.351+0000] {logging_mixin.py:154} INFO - [2023-11-07T19:49:52.350+0000] {dag.py:3722} INFO - Setting next_dagrun for example_setup_teardown_taskflow to 2023-11-06T19:49:52.350607+00:00, run_after=2023-11-07T19:49:52.350607+00:00
[2023-11-07T19:49:52.380+0000] {processor.py:179} INFO - Processing /usr/local/lib/python3.10/dist-packages/airflow/example_dags/example_setup_teardown_taskflow.py took 0.097 seconds
[2023-11-07T19:50:41.566+0000] {processor.py:157} INFO - Started process (PID=4723) to work on /usr/local/lib/python3.10/dist-packages/airflow/example_dags/example_setup_teardown_taskflow.py
[2023-11-07T19:50:41.568+0000] {processor.py:829} INFO - Processing file /usr/local/lib/python3.10/dist-packages/airflow/example_dags/example_setup_teardown_taskflow.py for tasks to queue
[2023-11-07T19:50:41.568+0000] {logging_mixin.py:154} INFO - [2023-11-07T19:50:41.568+0000] {dagbag.py:536} INFO - Filling up the DagBag from /usr/local/lib/python3.10/dist-packages/airflow/example_dags/example_setup_teardown_taskflow.py
[2023-11-07T19:50:41.579+0000] {processor.py:839} INFO - DAG(s) dict_keys(['example_setup_teardown_taskflow']) retrieved from /usr/local/lib/python3.10/dist-packages/airflow/example_dags/example_setup_teardown_taskflow.py
[2023-11-07T19:50:41.599+0000] {logging_mixin.py:154} INFO - [2023-11-07T19:50:41.599+0000] {dag.py:2941} INFO - Sync 1 DAGs
[2023-11-07T19:50:41.619+0000] {logging_mixin.py:154} INFO - [2023-11-07T19:50:41.619+0000] {dag.py:3722} INFO - Setting next_dagrun for example_setup_teardown_taskflow to 2023-11-06T19:50:41.619161+00:00, run_after=2023-11-07T19:50:41.619161+00:00
[2023-11-07T19:50:41.645+0000] {processor.py:179} INFO - Processing /usr/local/lib/python3.10/dist-packages/airflow/example_dags/example_setup_teardown_taskflow.py took 0.081 seconds
[2023-11-07T19:51:32.449+0000] {processor.py:157} INFO - Started process (PID=4775) to work on /usr/local/lib/python3.10/dist-packages/airflow/example_dags/example_setup_teardown_taskflow.py
[2023-11-07T19:51:32.450+0000] {processor.py:829} INFO - Processing file /usr/local/lib/python3.10/dist-packages/airflow/example_dags/example_setup_teardown_taskflow.py for tasks to queue
[2023-11-07T19:51:32.451+0000] {logging_mixin.py:154} INFO - [2023-11-07T19:51:32.451+0000] {dagbag.py:536} INFO - Filling up the DagBag from /usr/local/lib/python3.10/dist-packages/airflow/example_dags/example_setup_teardown_taskflow.py
[2023-11-07T19:51:32.464+0000] {processor.py:839} INFO - DAG(s) dict_keys(['example_setup_teardown_taskflow']) retrieved from /usr/local/lib/python3.10/dist-packages/airflow/example_dags/example_setup_teardown_taskflow.py
[2023-11-07T19:51:32.481+0000] {logging_mixin.py:154} INFO - [2023-11-07T19:51:32.481+0000] {dag.py:2941} INFO - Sync 1 DAGs
[2023-11-07T19:51:32.501+0000] {logging_mixin.py:154} INFO - [2023-11-07T19:51:32.501+0000] {dag.py:3722} INFO - Setting next_dagrun for example_setup_teardown_taskflow to 2023-11-06T19:51:32.501435+00:00, run_after=2023-11-07T19:51:32.501435+00:00
[2023-11-07T19:51:32.524+0000] {processor.py:179} INFO - Processing /usr/local/lib/python3.10/dist-packages/airflow/example_dags/example_setup_teardown_taskflow.py took 0.078 seconds
[2023-11-07T19:52:24.727+0000] {processor.py:157} INFO - Started process (PID=4828) to work on /usr/local/lib/python3.10/dist-packages/airflow/example_dags/example_setup_teardown_taskflow.py
[2023-11-07T19:52:24.728+0000] {processor.py:829} INFO - Processing file /usr/local/lib/python3.10/dist-packages/airflow/example_dags/example_setup_teardown_taskflow.py for tasks to queue
[2023-11-07T19:52:24.729+0000] {logging_mixin.py:154} INFO - [2023-11-07T19:52:24.729+0000] {dagbag.py:536} INFO - Filling up the DagBag from /usr/local/lib/python3.10/dist-packages/airflow/example_dags/example_setup_teardown_taskflow.py
[2023-11-07T19:52:24.747+0000] {processor.py:839} INFO - DAG(s) dict_keys(['example_setup_teardown_taskflow']) retrieved from /usr/local/lib/python3.10/dist-packages/airflow/example_dags/example_setup_teardown_taskflow.py
[2023-11-07T19:52:24.782+0000] {logging_mixin.py:154} INFO - [2023-11-07T19:52:24.781+0000] {dag.py:2941} INFO - Sync 1 DAGs
[2023-11-07T19:52:24.814+0000] {logging_mixin.py:154} INFO - [2023-11-07T19:52:24.814+0000] {dag.py:3722} INFO - Setting next_dagrun for example_setup_teardown_taskflow to 2023-11-06T19:52:24.814094+00:00, run_after=2023-11-07T19:52:24.814094+00:00
[2023-11-07T19:52:24.842+0000] {processor.py:179} INFO - Processing /usr/local/lib/python3.10/dist-packages/airflow/example_dags/example_setup_teardown_taskflow.py took 0.122 seconds
[2023-11-07T19:53:17.237+0000] {processor.py:157} INFO - Started process (PID=4881) to work on /usr/local/lib/python3.10/dist-packages/airflow/example_dags/example_setup_teardown_taskflow.py
[2023-11-07T19:53:17.241+0000] {processor.py:829} INFO - Processing file /usr/local/lib/python3.10/dist-packages/airflow/example_dags/example_setup_teardown_taskflow.py for tasks to queue
[2023-11-07T19:53:17.244+0000] {logging_mixin.py:154} INFO - [2023-11-07T19:53:17.243+0000] {dagbag.py:536} INFO - Filling up the DagBag from /usr/local/lib/python3.10/dist-packages/airflow/example_dags/example_setup_teardown_taskflow.py
[2023-11-07T19:53:17.262+0000] {processor.py:839} INFO - DAG(s) dict_keys(['example_setup_teardown_taskflow']) retrieved from /usr/local/lib/python3.10/dist-packages/airflow/example_dags/example_setup_teardown_taskflow.py
[2023-11-07T19:53:17.293+0000] {logging_mixin.py:154} INFO - [2023-11-07T19:53:17.293+0000] {dag.py:2941} INFO - Sync 1 DAGs
[2023-11-07T19:53:17.318+0000] {logging_mixin.py:154} INFO - [2023-11-07T19:53:17.318+0000] {dag.py:3722} INFO - Setting next_dagrun for example_setup_teardown_taskflow to 2023-11-06T19:53:17.317916+00:00, run_after=2023-11-07T19:53:17.317916+00:00
[2023-11-07T19:53:17.341+0000] {processor.py:179} INFO - Processing /usr/local/lib/python3.10/dist-packages/airflow/example_dags/example_setup_teardown_taskflow.py took 0.113 seconds
[2023-11-07T19:54:10.343+0000] {processor.py:157} INFO - Started process (PID=4934) to work on /usr/local/lib/python3.10/dist-packages/airflow/example_dags/example_setup_teardown_taskflow.py
[2023-11-07T19:54:10.344+0000] {processor.py:829} INFO - Processing file /usr/local/lib/python3.10/dist-packages/airflow/example_dags/example_setup_teardown_taskflow.py for tasks to queue
[2023-11-07T19:54:10.345+0000] {logging_mixin.py:154} INFO - [2023-11-07T19:54:10.345+0000] {dagbag.py:536} INFO - Filling up the DagBag from /usr/local/lib/python3.10/dist-packages/airflow/example_dags/example_setup_teardown_taskflow.py
[2023-11-07T19:54:10.356+0000] {processor.py:839} INFO - DAG(s) dict_keys(['example_setup_teardown_taskflow']) retrieved from /usr/local/lib/python3.10/dist-packages/airflow/example_dags/example_setup_teardown_taskflow.py
[2023-11-07T19:54:10.380+0000] {logging_mixin.py:154} INFO - [2023-11-07T19:54:10.379+0000] {dag.py:2941} INFO - Sync 1 DAGs
[2023-11-07T19:54:10.437+0000] {logging_mixin.py:154} INFO - [2023-11-07T19:54:10.437+0000] {dag.py:3722} INFO - Setting next_dagrun for example_setup_teardown_taskflow to 2023-11-06T19:54:10.436752+00:00, run_after=2023-11-07T19:54:10.436752+00:00
[2023-11-07T19:54:10.460+0000] {processor.py:179} INFO - Processing /usr/local/lib/python3.10/dist-packages/airflow/example_dags/example_setup_teardown_taskflow.py took 0.121 seconds
[2023-11-07T19:55:02.793+0000] {processor.py:157} INFO - Started process (PID=4986) to work on /usr/local/lib/python3.10/dist-packages/airflow/example_dags/example_setup_teardown_taskflow.py
[2023-11-07T19:55:02.794+0000] {processor.py:829} INFO - Processing file /usr/local/lib/python3.10/dist-packages/airflow/example_dags/example_setup_teardown_taskflow.py for tasks to queue
[2023-11-07T19:55:02.795+0000] {logging_mixin.py:154} INFO - [2023-11-07T19:55:02.795+0000] {dagbag.py:536} INFO - Filling up the DagBag from /usr/local/lib/python3.10/dist-packages/airflow/example_dags/example_setup_teardown_taskflow.py
[2023-11-07T19:55:02.806+0000] {processor.py:839} INFO - DAG(s) dict_keys(['example_setup_teardown_taskflow']) retrieved from /usr/local/lib/python3.10/dist-packages/airflow/example_dags/example_setup_teardown_taskflow.py
[2023-11-07T19:55:02.823+0000] {logging_mixin.py:154} INFO - [2023-11-07T19:55:02.823+0000] {dag.py:2941} INFO - Sync 1 DAGs
[2023-11-07T19:55:02.843+0000] {logging_mixin.py:154} INFO - [2023-11-07T19:55:02.843+0000] {dag.py:3722} INFO - Setting next_dagrun for example_setup_teardown_taskflow to 2023-11-06T19:55:02.843561+00:00, run_after=2023-11-07T19:55:02.843561+00:00
[2023-11-07T19:55:02.867+0000] {processor.py:179} INFO - Processing /usr/local/lib/python3.10/dist-packages/airflow/example_dags/example_setup_teardown_taskflow.py took 0.079 seconds
[2023-11-07T19:55:55.076+0000] {processor.py:157} INFO - Started process (PID=5039) to work on /usr/local/lib/python3.10/dist-packages/airflow/example_dags/example_setup_teardown_taskflow.py
[2023-11-07T19:55:55.077+0000] {processor.py:829} INFO - Processing file /usr/local/lib/python3.10/dist-packages/airflow/example_dags/example_setup_teardown_taskflow.py for tasks to queue
[2023-11-07T19:55:55.078+0000] {logging_mixin.py:154} INFO - [2023-11-07T19:55:55.078+0000] {dagbag.py:536} INFO - Filling up the DagBag from /usr/local/lib/python3.10/dist-packages/airflow/example_dags/example_setup_teardown_taskflow.py
[2023-11-07T19:55:55.089+0000] {processor.py:839} INFO - DAG(s) dict_keys(['example_setup_teardown_taskflow']) retrieved from /usr/local/lib/python3.10/dist-packages/airflow/example_dags/example_setup_teardown_taskflow.py
[2023-11-07T19:55:55.107+0000] {logging_mixin.py:154} INFO - [2023-11-07T19:55:55.107+0000] {dag.py:2941} INFO - Sync 1 DAGs
[2023-11-07T19:55:55.151+0000] {logging_mixin.py:154} INFO - [2023-11-07T19:55:55.151+0000] {dag.py:3722} INFO - Setting next_dagrun for example_setup_teardown_taskflow to 2023-11-06T19:55:55.151236+00:00, run_after=2023-11-07T19:55:55.151236+00:00
[2023-11-07T19:55:55.185+0000] {processor.py:179} INFO - Processing /usr/local/lib/python3.10/dist-packages/airflow/example_dags/example_setup_teardown_taskflow.py took 0.113 seconds
[2023-11-07T19:56:49.153+0000] {processor.py:157} INFO - Started process (PID=5092) to work on /usr/local/lib/python3.10/dist-packages/airflow/example_dags/example_setup_teardown_taskflow.py
[2023-11-07T19:56:49.154+0000] {processor.py:829} INFO - Processing file /usr/local/lib/python3.10/dist-packages/airflow/example_dags/example_setup_teardown_taskflow.py for tasks to queue
[2023-11-07T19:56:49.155+0000] {logging_mixin.py:154} INFO - [2023-11-07T19:56:49.155+0000] {dagbag.py:536} INFO - Filling up the DagBag from /usr/local/lib/python3.10/dist-packages/airflow/example_dags/example_setup_teardown_taskflow.py
[2023-11-07T19:56:49.165+0000] {processor.py:839} INFO - DAG(s) dict_keys(['example_setup_teardown_taskflow']) retrieved from /usr/local/lib/python3.10/dist-packages/airflow/example_dags/example_setup_teardown_taskflow.py
[2023-11-07T19:56:49.185+0000] {logging_mixin.py:154} INFO - [2023-11-07T19:56:49.184+0000] {dag.py:2941} INFO - Sync 1 DAGs
[2023-11-07T19:56:49.204+0000] {logging_mixin.py:154} INFO - [2023-11-07T19:56:49.204+0000] {dag.py:3722} INFO - Setting next_dagrun for example_setup_teardown_taskflow to 2023-11-06T19:56:49.203866+00:00, run_after=2023-11-07T19:56:49.203866+00:00
[2023-11-07T19:56:49.225+0000] {processor.py:179} INFO - Processing /usr/local/lib/python3.10/dist-packages/airflow/example_dags/example_setup_teardown_taskflow.py took 0.075 seconds
[2023-11-07T19:57:42.442+0000] {processor.py:157} INFO - Started process (PID=5145) to work on /usr/local/lib/python3.10/dist-packages/airflow/example_dags/example_setup_teardown_taskflow.py
[2023-11-07T19:57:42.443+0000] {processor.py:829} INFO - Processing file /usr/local/lib/python3.10/dist-packages/airflow/example_dags/example_setup_teardown_taskflow.py for tasks to queue
[2023-11-07T19:57:42.444+0000] {logging_mixin.py:154} INFO - [2023-11-07T19:57:42.444+0000] {dagbag.py:536} INFO - Filling up the DagBag from /usr/local/lib/python3.10/dist-packages/airflow/example_dags/example_setup_teardown_taskflow.py
[2023-11-07T19:57:42.457+0000] {processor.py:839} INFO - DAG(s) dict_keys(['example_setup_teardown_taskflow']) retrieved from /usr/local/lib/python3.10/dist-packages/airflow/example_dags/example_setup_teardown_taskflow.py
[2023-11-07T19:57:42.478+0000] {logging_mixin.py:154} INFO - [2023-11-07T19:57:42.478+0000] {dag.py:2941} INFO - Sync 1 DAGs
[2023-11-07T19:57:42.501+0000] {logging_mixin.py:154} INFO - [2023-11-07T19:57:42.500+0000] {dag.py:3722} INFO - Setting next_dagrun for example_setup_teardown_taskflow to 2023-11-06T19:57:42.500746+00:00, run_after=2023-11-07T19:57:42.500746+00:00
[2023-11-07T19:57:42.530+0000] {processor.py:179} INFO - Processing /usr/local/lib/python3.10/dist-packages/airflow/example_dags/example_setup_teardown_taskflow.py took 0.092 seconds
[2023-11-07T19:58:28.743+0000] {processor.py:157} INFO - Started process (PID=5193) to work on /usr/local/lib/python3.10/dist-packages/airflow/example_dags/example_setup_teardown_taskflow.py
[2023-11-07T19:58:28.744+0000] {processor.py:829} INFO - Processing file /usr/local/lib/python3.10/dist-packages/airflow/example_dags/example_setup_teardown_taskflow.py for tasks to queue
[2023-11-07T19:58:28.745+0000] {logging_mixin.py:154} INFO - [2023-11-07T19:58:28.745+0000] {dagbag.py:536} INFO - Filling up the DagBag from /usr/local/lib/python3.10/dist-packages/airflow/example_dags/example_setup_teardown_taskflow.py
[2023-11-07T19:58:28.757+0000] {processor.py:839} INFO - DAG(s) dict_keys(['example_setup_teardown_taskflow']) retrieved from /usr/local/lib/python3.10/dist-packages/airflow/example_dags/example_setup_teardown_taskflow.py
[2023-11-07T19:58:28.776+0000] {logging_mixin.py:154} INFO - [2023-11-07T19:58:28.775+0000] {dag.py:2941} INFO - Sync 1 DAGs
[2023-11-07T19:58:28.796+0000] {logging_mixin.py:154} INFO - [2023-11-07T19:58:28.796+0000] {dag.py:3722} INFO - Setting next_dagrun for example_setup_teardown_taskflow to 2023-11-06T19:58:28.796520+00:00, run_after=2023-11-07T19:58:28.796520+00:00
[2023-11-07T19:58:28.824+0000] {processor.py:179} INFO - Processing /usr/local/lib/python3.10/dist-packages/airflow/example_dags/example_setup_teardown_taskflow.py took 0.085 seconds
[2023-11-07T19:59:20.694+0000] {processor.py:157} INFO - Started process (PID=5245) to work on /usr/local/lib/python3.10/dist-packages/airflow/example_dags/example_setup_teardown_taskflow.py
[2023-11-07T19:59:20.695+0000] {processor.py:829} INFO - Processing file /usr/local/lib/python3.10/dist-packages/airflow/example_dags/example_setup_teardown_taskflow.py for tasks to queue
[2023-11-07T19:59:20.696+0000] {logging_mixin.py:154} INFO - [2023-11-07T19:59:20.696+0000] {dagbag.py:536} INFO - Filling up the DagBag from /usr/local/lib/python3.10/dist-packages/airflow/example_dags/example_setup_teardown_taskflow.py
[2023-11-07T19:59:20.706+0000] {processor.py:839} INFO - DAG(s) dict_keys(['example_setup_teardown_taskflow']) retrieved from /usr/local/lib/python3.10/dist-packages/airflow/example_dags/example_setup_teardown_taskflow.py
[2023-11-07T19:59:20.729+0000] {logging_mixin.py:154} INFO - [2023-11-07T19:59:20.729+0000] {dag.py:2941} INFO - Sync 1 DAGs
[2023-11-07T19:59:20.750+0000] {logging_mixin.py:154} INFO - [2023-11-07T19:59:20.750+0000] {dag.py:3722} INFO - Setting next_dagrun for example_setup_teardown_taskflow to 2023-11-06T19:59:20.749971+00:00, run_after=2023-11-07T19:59:20.749971+00:00
[2023-11-07T19:59:20.773+0000] {processor.py:179} INFO - Processing /usr/local/lib/python3.10/dist-packages/airflow/example_dags/example_setup_teardown_taskflow.py took 0.082 seconds
[2023-11-07T20:00:11.791+0000] {processor.py:157} INFO - Started process (PID=5297) to work on /usr/local/lib/python3.10/dist-packages/airflow/example_dags/example_setup_teardown_taskflow.py
[2023-11-07T20:00:11.792+0000] {processor.py:829} INFO - Processing file /usr/local/lib/python3.10/dist-packages/airflow/example_dags/example_setup_teardown_taskflow.py for tasks to queue
[2023-11-07T20:00:11.793+0000] {logging_mixin.py:154} INFO - [2023-11-07T20:00:11.793+0000] {dagbag.py:536} INFO - Filling up the DagBag from /usr/local/lib/python3.10/dist-packages/airflow/example_dags/example_setup_teardown_taskflow.py
[2023-11-07T20:00:11.811+0000] {processor.py:839} INFO - DAG(s) dict_keys(['example_setup_teardown_taskflow']) retrieved from /usr/local/lib/python3.10/dist-packages/airflow/example_dags/example_setup_teardown_taskflow.py
[2023-11-07T20:00:11.839+0000] {logging_mixin.py:154} INFO - [2023-11-07T20:00:11.839+0000] {dag.py:2941} INFO - Sync 1 DAGs
[2023-11-07T20:00:11.858+0000] {logging_mixin.py:154} INFO - [2023-11-07T20:00:11.857+0000] {dag.py:3722} INFO - Setting next_dagrun for example_setup_teardown_taskflow to 2023-11-06T20:00:11.857740+00:00, run_after=2023-11-07T20:00:11.857740+00:00
[2023-11-07T20:00:11.879+0000] {processor.py:179} INFO - Processing /usr/local/lib/python3.10/dist-packages/airflow/example_dags/example_setup_teardown_taskflow.py took 0.093 seconds
[2023-11-07T20:01:07.095+0000] {processor.py:157} INFO - Started process (PID=5351) to work on /usr/local/lib/python3.10/dist-packages/airflow/example_dags/example_setup_teardown_taskflow.py
[2023-11-07T20:01:07.098+0000] {processor.py:829} INFO - Processing file /usr/local/lib/python3.10/dist-packages/airflow/example_dags/example_setup_teardown_taskflow.py for tasks to queue
[2023-11-07T20:01:07.100+0000] {logging_mixin.py:154} INFO - [2023-11-07T20:01:07.099+0000] {dagbag.py:536} INFO - Filling up the DagBag from /usr/local/lib/python3.10/dist-packages/airflow/example_dags/example_setup_teardown_taskflow.py
[2023-11-07T20:01:07.117+0000] {processor.py:839} INFO - DAG(s) dict_keys(['example_setup_teardown_taskflow']) retrieved from /usr/local/lib/python3.10/dist-packages/airflow/example_dags/example_setup_teardown_taskflow.py
[2023-11-07T20:01:07.142+0000] {logging_mixin.py:154} INFO - [2023-11-07T20:01:07.142+0000] {dag.py:2941} INFO - Sync 1 DAGs
[2023-11-07T20:01:07.161+0000] {logging_mixin.py:154} INFO - [2023-11-07T20:01:07.161+0000] {dag.py:3722} INFO - Setting next_dagrun for example_setup_teardown_taskflow to 2023-11-06T20:01:07.160815+00:00, run_after=2023-11-07T20:01:07.160815+00:00
[2023-11-07T20:01:07.189+0000] {processor.py:179} INFO - Processing /usr/local/lib/python3.10/dist-packages/airflow/example_dags/example_setup_teardown_taskflow.py took 0.098 seconds
[2023-11-07T20:01:50.579+0000] {processor.py:157} INFO - Started process (PID=5398) to work on /usr/local/lib/python3.10/dist-packages/airflow/example_dags/example_setup_teardown_taskflow.py
[2023-11-07T20:01:50.580+0000] {processor.py:829} INFO - Processing file /usr/local/lib/python3.10/dist-packages/airflow/example_dags/example_setup_teardown_taskflow.py for tasks to queue
[2023-11-07T20:01:50.581+0000] {logging_mixin.py:154} INFO - [2023-11-07T20:01:50.581+0000] {dagbag.py:536} INFO - Filling up the DagBag from /usr/local/lib/python3.10/dist-packages/airflow/example_dags/example_setup_teardown_taskflow.py
[2023-11-07T20:01:50.591+0000] {processor.py:839} INFO - DAG(s) dict_keys(['example_setup_teardown_taskflow']) retrieved from /usr/local/lib/python3.10/dist-packages/airflow/example_dags/example_setup_teardown_taskflow.py
[2023-11-07T20:01:50.610+0000] {logging_mixin.py:154} INFO - [2023-11-07T20:01:50.609+0000] {dag.py:2941} INFO - Sync 1 DAGs
[2023-11-07T20:01:50.628+0000] {logging_mixin.py:154} INFO - [2023-11-07T20:01:50.628+0000] {dag.py:3722} INFO - Setting next_dagrun for example_setup_teardown_taskflow to 2023-11-06T20:01:50.628089+00:00, run_after=2023-11-07T20:01:50.628089+00:00
[2023-11-07T20:01:50.650+0000] {processor.py:179} INFO - Processing /usr/local/lib/python3.10/dist-packages/airflow/example_dags/example_setup_teardown_taskflow.py took 0.074 seconds
[2023-11-07T20:02:40.062+0000] {processor.py:157} INFO - Started process (PID=5448) to work on /usr/local/lib/python3.10/dist-packages/airflow/example_dags/example_setup_teardown_taskflow.py
[2023-11-07T20:02:40.064+0000] {processor.py:829} INFO - Processing file /usr/local/lib/python3.10/dist-packages/airflow/example_dags/example_setup_teardown_taskflow.py for tasks to queue
[2023-11-07T20:02:40.064+0000] {logging_mixin.py:154} INFO - [2023-11-07T20:02:40.064+0000] {dagbag.py:536} INFO - Filling up the DagBag from /usr/local/lib/python3.10/dist-packages/airflow/example_dags/example_setup_teardown_taskflow.py
[2023-11-07T20:02:40.075+0000] {processor.py:839} INFO - DAG(s) dict_keys(['example_setup_teardown_taskflow']) retrieved from /usr/local/lib/python3.10/dist-packages/airflow/example_dags/example_setup_teardown_taskflow.py
[2023-11-07T20:02:40.092+0000] {logging_mixin.py:154} INFO - [2023-11-07T20:02:40.091+0000] {dag.py:2941} INFO - Sync 1 DAGs
[2023-11-07T20:02:40.111+0000] {logging_mixin.py:154} INFO - [2023-11-07T20:02:40.110+0000] {dag.py:3722} INFO - Setting next_dagrun for example_setup_teardown_taskflow to 2023-11-06T20:02:40.110597+00:00, run_after=2023-11-07T20:02:40.110597+00:00
[2023-11-07T20:02:40.132+0000] {processor.py:179} INFO - Processing /usr/local/lib/python3.10/dist-packages/airflow/example_dags/example_setup_teardown_taskflow.py took 0.073 seconds
[2023-11-07T20:03:29.276+0000] {processor.py:157} INFO - Started process (PID=5499) to work on /usr/local/lib/python3.10/dist-packages/airflow/example_dags/example_setup_teardown_taskflow.py
[2023-11-07T20:03:29.278+0000] {processor.py:829} INFO - Processing file /usr/local/lib/python3.10/dist-packages/airflow/example_dags/example_setup_teardown_taskflow.py for tasks to queue
[2023-11-07T20:03:29.279+0000] {logging_mixin.py:154} INFO - [2023-11-07T20:03:29.278+0000] {dagbag.py:536} INFO - Filling up the DagBag from /usr/local/lib/python3.10/dist-packages/airflow/example_dags/example_setup_teardown_taskflow.py
[2023-11-07T20:03:29.289+0000] {processor.py:839} INFO - DAG(s) dict_keys(['example_setup_teardown_taskflow']) retrieved from /usr/local/lib/python3.10/dist-packages/airflow/example_dags/example_setup_teardown_taskflow.py
[2023-11-07T20:03:29.307+0000] {logging_mixin.py:154} INFO - [2023-11-07T20:03:29.306+0000] {dag.py:2941} INFO - Sync 1 DAGs
[2023-11-07T20:03:29.334+0000] {logging_mixin.py:154} INFO - [2023-11-07T20:03:29.333+0000] {dag.py:3722} INFO - Setting next_dagrun for example_setup_teardown_taskflow to 2023-11-06T20:03:29.333547+00:00, run_after=2023-11-07T20:03:29.333547+00:00
[2023-11-07T20:03:29.354+0000] {processor.py:179} INFO - Processing /usr/local/lib/python3.10/dist-packages/airflow/example_dags/example_setup_teardown_taskflow.py took 0.082 seconds
[2023-11-07T20:04:17.442+0000] {processor.py:157} INFO - Started process (PID=5550) to work on /usr/local/lib/python3.10/dist-packages/airflow/example_dags/example_setup_teardown_taskflow.py
[2023-11-07T20:04:17.444+0000] {processor.py:829} INFO - Processing file /usr/local/lib/python3.10/dist-packages/airflow/example_dags/example_setup_teardown_taskflow.py for tasks to queue
[2023-11-07T20:04:17.444+0000] {logging_mixin.py:154} INFO - [2023-11-07T20:04:17.444+0000] {dagbag.py:536} INFO - Filling up the DagBag from /usr/local/lib/python3.10/dist-packages/airflow/example_dags/example_setup_teardown_taskflow.py
[2023-11-07T20:04:17.455+0000] {processor.py:839} INFO - DAG(s) dict_keys(['example_setup_teardown_taskflow']) retrieved from /usr/local/lib/python3.10/dist-packages/airflow/example_dags/example_setup_teardown_taskflow.py
[2023-11-07T20:04:17.471+0000] {logging_mixin.py:154} INFO - [2023-11-07T20:04:17.471+0000] {dag.py:2941} INFO - Sync 1 DAGs
[2023-11-07T20:04:17.490+0000] {logging_mixin.py:154} INFO - [2023-11-07T20:04:17.490+0000] {dag.py:3722} INFO - Setting next_dagrun for example_setup_teardown_taskflow to 2023-11-06T20:04:17.490367+00:00, run_after=2023-11-07T20:04:17.490367+00:00
[2023-11-07T20:04:17.516+0000] {processor.py:179} INFO - Processing /usr/local/lib/python3.10/dist-packages/airflow/example_dags/example_setup_teardown_taskflow.py took 0.077 seconds
[2023-11-07T20:05:05.513+0000] {processor.py:157} INFO - Started process (PID=5599) to work on /usr/local/lib/python3.10/dist-packages/airflow/example_dags/example_setup_teardown_taskflow.py
[2023-11-07T20:05:05.516+0000] {processor.py:829} INFO - Processing file /usr/local/lib/python3.10/dist-packages/airflow/example_dags/example_setup_teardown_taskflow.py for tasks to queue
[2023-11-07T20:05:05.517+0000] {logging_mixin.py:154} INFO - [2023-11-07T20:05:05.517+0000] {dagbag.py:536} INFO - Filling up the DagBag from /usr/local/lib/python3.10/dist-packages/airflow/example_dags/example_setup_teardown_taskflow.py
[2023-11-07T20:05:05.535+0000] {processor.py:839} INFO - DAG(s) dict_keys(['example_setup_teardown_taskflow']) retrieved from /usr/local/lib/python3.10/dist-packages/airflow/example_dags/example_setup_teardown_taskflow.py
[2023-11-07T20:05:05.556+0000] {logging_mixin.py:154} INFO - [2023-11-07T20:05:05.556+0000] {dag.py:2941} INFO - Sync 1 DAGs
[2023-11-07T20:05:05.585+0000] {logging_mixin.py:154} INFO - [2023-11-07T20:05:05.584+0000] {dag.py:3722} INFO - Setting next_dagrun for example_setup_teardown_taskflow to 2023-11-06T20:05:05.584612+00:00, run_after=2023-11-07T20:05:05.584612+00:00
[2023-11-07T20:05:05.620+0000] {processor.py:179} INFO - Processing /usr/local/lib/python3.10/dist-packages/airflow/example_dags/example_setup_teardown_taskflow.py took 0.114 seconds
[2023-11-07T20:05:56.395+0000] {processor.py:157} INFO - Started process (PID=5651) to work on /usr/local/lib/python3.10/dist-packages/airflow/example_dags/example_setup_teardown_taskflow.py
[2023-11-07T20:05:56.396+0000] {processor.py:829} INFO - Processing file /usr/local/lib/python3.10/dist-packages/airflow/example_dags/example_setup_teardown_taskflow.py for tasks to queue
[2023-11-07T20:05:56.397+0000] {logging_mixin.py:154} INFO - [2023-11-07T20:05:56.396+0000] {dagbag.py:536} INFO - Filling up the DagBag from /usr/local/lib/python3.10/dist-packages/airflow/example_dags/example_setup_teardown_taskflow.py
[2023-11-07T20:05:56.408+0000] {processor.py:839} INFO - DAG(s) dict_keys(['example_setup_teardown_taskflow']) retrieved from /usr/local/lib/python3.10/dist-packages/airflow/example_dags/example_setup_teardown_taskflow.py
[2023-11-07T20:05:56.430+0000] {logging_mixin.py:154} INFO - [2023-11-07T20:05:56.429+0000] {dag.py:2941} INFO - Sync 1 DAGs
[2023-11-07T20:05:56.456+0000] {logging_mixin.py:154} INFO - [2023-11-07T20:05:56.456+0000] {dag.py:3722} INFO - Setting next_dagrun for example_setup_teardown_taskflow to 2023-11-06T20:05:56.455771+00:00, run_after=2023-11-07T20:05:56.455771+00:00
[2023-11-07T20:05:56.485+0000] {processor.py:179} INFO - Processing /usr/local/lib/python3.10/dist-packages/airflow/example_dags/example_setup_teardown_taskflow.py took 0.093 seconds
[2023-11-07T20:06:45.246+0000] {processor.py:157} INFO - Started process (PID=5701) to work on /usr/local/lib/python3.10/dist-packages/airflow/example_dags/example_setup_teardown_taskflow.py
[2023-11-07T20:06:45.247+0000] {processor.py:829} INFO - Processing file /usr/local/lib/python3.10/dist-packages/airflow/example_dags/example_setup_teardown_taskflow.py for tasks to queue
[2023-11-07T20:06:45.248+0000] {logging_mixin.py:154} INFO - [2023-11-07T20:06:45.248+0000] {dagbag.py:536} INFO - Filling up the DagBag from /usr/local/lib/python3.10/dist-packages/airflow/example_dags/example_setup_teardown_taskflow.py
[2023-11-07T20:06:45.260+0000] {processor.py:839} INFO - DAG(s) dict_keys(['example_setup_teardown_taskflow']) retrieved from /usr/local/lib/python3.10/dist-packages/airflow/example_dags/example_setup_teardown_taskflow.py
[2023-11-07T20:06:45.296+0000] {logging_mixin.py:154} INFO - [2023-11-07T20:06:45.296+0000] {dag.py:2941} INFO - Sync 1 DAGs
[2023-11-07T20:06:45.324+0000] {logging_mixin.py:154} INFO - [2023-11-07T20:06:45.324+0000] {dag.py:3722} INFO - Setting next_dagrun for example_setup_teardown_taskflow to 2023-11-06T20:06:45.324427+00:00, run_after=2023-11-07T20:06:45.324427+00:00
[2023-11-07T20:06:45.351+0000] {processor.py:179} INFO - Processing /usr/local/lib/python3.10/dist-packages/airflow/example_dags/example_setup_teardown_taskflow.py took 0.108 seconds
[2023-11-07T20:07:36.404+0000] {processor.py:157} INFO - Started process (PID=5756) to work on /usr/local/lib/python3.10/dist-packages/airflow/example_dags/example_setup_teardown_taskflow.py
[2023-11-07T20:07:36.405+0000] {processor.py:829} INFO - Processing file /usr/local/lib/python3.10/dist-packages/airflow/example_dags/example_setup_teardown_taskflow.py for tasks to queue
[2023-11-07T20:07:36.406+0000] {logging_mixin.py:154} INFO - [2023-11-07T20:07:36.406+0000] {dagbag.py:536} INFO - Filling up the DagBag from /usr/local/lib/python3.10/dist-packages/airflow/example_dags/example_setup_teardown_taskflow.py
[2023-11-07T20:07:36.416+0000] {processor.py:839} INFO - DAG(s) dict_keys(['example_setup_teardown_taskflow']) retrieved from /usr/local/lib/python3.10/dist-packages/airflow/example_dags/example_setup_teardown_taskflow.py
[2023-11-07T20:07:36.435+0000] {logging_mixin.py:154} INFO - [2023-11-07T20:07:36.434+0000] {dag.py:2941} INFO - Sync 1 DAGs
[2023-11-07T20:07:36.454+0000] {logging_mixin.py:154} INFO - [2023-11-07T20:07:36.453+0000] {dag.py:3722} INFO - Setting next_dagrun for example_setup_teardown_taskflow to 2023-11-06T20:07:36.453513+00:00, run_after=2023-11-07T20:07:36.453513+00:00
[2023-11-07T20:07:36.475+0000] {processor.py:179} INFO - Processing /usr/local/lib/python3.10/dist-packages/airflow/example_dags/example_setup_teardown_taskflow.py took 0.073 seconds
