[2023-11-07T19:32:05.452+0000] {processor.py:157} INFO - Started process (PID=3580) to work on /usr/local/lib/python3.10/dist-packages/airflow/example_dags/example_external_task_marker_dag.py
[2023-11-07T19:32:05.453+0000] {processor.py:829} INFO - Processing file /usr/local/lib/python3.10/dist-packages/airflow/example_dags/example_external_task_marker_dag.py for tasks to queue
[2023-11-07T19:32:05.454+0000] {logging_mixin.py:154} INFO - [2023-11-07T19:32:05.454+0000] {dagbag.py:536} INFO - Filling up the DagBag from /usr/local/lib/python3.10/dist-packages/airflow/example_dags/example_external_task_marker_dag.py
[2023-11-07T19:32:05.464+0000] {processor.py:839} INFO - DAG(s) dict_keys(['example_external_task_marker_parent', 'example_external_task_marker_child']) retrieved from /usr/local/lib/python3.10/dist-packages/airflow/example_dags/example_external_task_marker_dag.py
[2023-11-07T19:32:05.578+0000] {logging_mixin.py:154} INFO - [2023-11-07T19:32:05.578+0000] {manager.py:499} INFO - Created Permission View: %s
[2023-11-07T19:32:05.590+0000] {logging_mixin.py:154} INFO - [2023-11-07T19:32:05.590+0000] {manager.py:499} INFO - Created Permission View: %s
[2023-11-07T19:32:05.599+0000] {logging_mixin.py:154} INFO - [2023-11-07T19:32:05.598+0000] {manager.py:499} INFO - Created Permission View: %s
[2023-11-07T19:32:05.618+0000] {logging_mixin.py:154} INFO - [2023-11-07T19:32:05.617+0000] {manager.py:499} INFO - Created Permission View: %s
[2023-11-07T19:32:05.628+0000] {logging_mixin.py:154} INFO - [2023-11-07T19:32:05.627+0000] {manager.py:499} INFO - Created Permission View: %s
[2023-11-07T19:32:05.637+0000] {logging_mixin.py:154} INFO - [2023-11-07T19:32:05.636+0000] {manager.py:499} INFO - Created Permission View: %s
[2023-11-07T19:32:05.637+0000] {logging_mixin.py:154} INFO - [2023-11-07T19:32:05.637+0000] {dag.py:2941} INFO - Sync 2 DAGs
[2023-11-07T19:32:05.647+0000] {logging_mixin.py:154} INFO - [2023-11-07T19:32:05.647+0000] {dag.py:2963} INFO - Creating ORM DAG for example_external_task_marker_parent
[2023-11-07T19:32:05.648+0000] {logging_mixin.py:154} INFO - [2023-11-07T19:32:05.647+0000] {dag.py:2963} INFO - Creating ORM DAG for example_external_task_marker_child
[2023-11-07T19:32:05.648+0000] {logging_mixin.py:154} INFO - [2023-11-07T19:32:05.648+0000] {dag.py:3722} INFO - Setting next_dagrun for example_external_task_marker_child to None, run_after=None
[2023-11-07T19:32:05.648+0000] {logging_mixin.py:154} INFO - [2023-11-07T19:32:05.648+0000] {dag.py:3722} INFO - Setting next_dagrun for example_external_task_marker_parent to None, run_after=None
[2023-11-07T19:32:05.673+0000] {processor.py:179} INFO - Processing /usr/local/lib/python3.10/dist-packages/airflow/example_dags/example_external_task_marker_dag.py took 0.228 seconds
[2023-11-07T19:32:55.126+0000] {processor.py:157} INFO - Started process (PID=3627) to work on /usr/local/lib/python3.10/dist-packages/airflow/example_dags/example_external_task_marker_dag.py
[2023-11-07T19:32:55.130+0000] {processor.py:829} INFO - Processing file /usr/local/lib/python3.10/dist-packages/airflow/example_dags/example_external_task_marker_dag.py for tasks to queue
[2023-11-07T19:32:55.131+0000] {logging_mixin.py:154} INFO - [2023-11-07T19:32:55.130+0000] {dagbag.py:536} INFO - Filling up the DagBag from /usr/local/lib/python3.10/dist-packages/airflow/example_dags/example_external_task_marker_dag.py
[2023-11-07T19:32:55.139+0000] {processor.py:839} INFO - DAG(s) dict_keys(['example_external_task_marker_parent', 'example_external_task_marker_child']) retrieved from /usr/local/lib/python3.10/dist-packages/airflow/example_dags/example_external_task_marker_dag.py
[2023-11-07T19:32:55.167+0000] {logging_mixin.py:154} INFO - [2023-11-07T19:32:55.167+0000] {dag.py:2941} INFO - Sync 2 DAGs
[2023-11-07T19:32:55.180+0000] {logging_mixin.py:154} INFO - [2023-11-07T19:32:55.180+0000] {dag.py:3722} INFO - Setting next_dagrun for example_external_task_marker_child to None, run_after=None
[2023-11-07T19:32:55.183+0000] {logging_mixin.py:154} INFO - [2023-11-07T19:32:55.183+0000] {dag.py:3722} INFO - Setting next_dagrun for example_external_task_marker_parent to None, run_after=None
[2023-11-07T19:32:55.214+0000] {processor.py:179} INFO - Processing /usr/local/lib/python3.10/dist-packages/airflow/example_dags/example_external_task_marker_dag.py took 0.096 seconds
[2023-11-07T19:33:41.744+0000] {processor.py:157} INFO - Started process (PID=3676) to work on /usr/local/lib/python3.10/dist-packages/airflow/example_dags/example_external_task_marker_dag.py
[2023-11-07T19:33:41.746+0000] {processor.py:829} INFO - Processing file /usr/local/lib/python3.10/dist-packages/airflow/example_dags/example_external_task_marker_dag.py for tasks to queue
[2023-11-07T19:33:41.746+0000] {logging_mixin.py:154} INFO - [2023-11-07T19:33:41.746+0000] {dagbag.py:536} INFO - Filling up the DagBag from /usr/local/lib/python3.10/dist-packages/airflow/example_dags/example_external_task_marker_dag.py
[2023-11-07T19:33:41.754+0000] {processor.py:839} INFO - DAG(s) dict_keys(['example_external_task_marker_child', 'example_external_task_marker_parent']) retrieved from /usr/local/lib/python3.10/dist-packages/airflow/example_dags/example_external_task_marker_dag.py
[2023-11-07T19:33:41.773+0000] {logging_mixin.py:154} INFO - [2023-11-07T19:33:41.773+0000] {dag.py:2941} INFO - Sync 2 DAGs
[2023-11-07T19:33:41.785+0000] {logging_mixin.py:154} INFO - [2023-11-07T19:33:41.784+0000] {dag.py:3722} INFO - Setting next_dagrun for example_external_task_marker_child to None, run_after=None
[2023-11-07T19:33:41.787+0000] {logging_mixin.py:154} INFO - [2023-11-07T19:33:41.787+0000] {dag.py:3722} INFO - Setting next_dagrun for example_external_task_marker_parent to None, run_after=None
[2023-11-07T19:33:41.805+0000] {processor.py:179} INFO - Processing /usr/local/lib/python3.10/dist-packages/airflow/example_dags/example_external_task_marker_dag.py took 0.065 seconds
[2023-11-07T19:34:30.747+0000] {processor.py:157} INFO - Started process (PID=3727) to work on /usr/local/lib/python3.10/dist-packages/airflow/example_dags/example_external_task_marker_dag.py
[2023-11-07T19:34:30.748+0000] {processor.py:829} INFO - Processing file /usr/local/lib/python3.10/dist-packages/airflow/example_dags/example_external_task_marker_dag.py for tasks to queue
[2023-11-07T19:34:30.749+0000] {logging_mixin.py:154} INFO - [2023-11-07T19:34:30.749+0000] {dagbag.py:536} INFO - Filling up the DagBag from /usr/local/lib/python3.10/dist-packages/airflow/example_dags/example_external_task_marker_dag.py
[2023-11-07T19:34:30.755+0000] {processor.py:839} INFO - DAG(s) dict_keys(['example_external_task_marker_parent', 'example_external_task_marker_child']) retrieved from /usr/local/lib/python3.10/dist-packages/airflow/example_dags/example_external_task_marker_dag.py
[2023-11-07T19:34:30.775+0000] {logging_mixin.py:154} INFO - [2023-11-07T19:34:30.775+0000] {dag.py:2941} INFO - Sync 2 DAGs
[2023-11-07T19:34:30.786+0000] {logging_mixin.py:154} INFO - [2023-11-07T19:34:30.786+0000] {dag.py:3722} INFO - Setting next_dagrun for example_external_task_marker_child to None, run_after=None
[2023-11-07T19:34:30.790+0000] {logging_mixin.py:154} INFO - [2023-11-07T19:34:30.789+0000] {dag.py:3722} INFO - Setting next_dagrun for example_external_task_marker_parent to None, run_after=None
[2023-11-07T19:34:30.810+0000] {processor.py:179} INFO - Processing /usr/local/lib/python3.10/dist-packages/airflow/example_dags/example_external_task_marker_dag.py took 0.066 seconds
[2023-11-07T19:35:15.403+0000] {processor.py:157} INFO - Started process (PID=3774) to work on /usr/local/lib/python3.10/dist-packages/airflow/example_dags/example_external_task_marker_dag.py
[2023-11-07T19:35:15.405+0000] {processor.py:829} INFO - Processing file /usr/local/lib/python3.10/dist-packages/airflow/example_dags/example_external_task_marker_dag.py for tasks to queue
[2023-11-07T19:35:15.406+0000] {logging_mixin.py:154} INFO - [2023-11-07T19:35:15.406+0000] {dagbag.py:536} INFO - Filling up the DagBag from /usr/local/lib/python3.10/dist-packages/airflow/example_dags/example_external_task_marker_dag.py
[2023-11-07T19:35:15.415+0000] {processor.py:839} INFO - DAG(s) dict_keys(['example_external_task_marker_child', 'example_external_task_marker_parent']) retrieved from /usr/local/lib/python3.10/dist-packages/airflow/example_dags/example_external_task_marker_dag.py
[2023-11-07T19:35:15.443+0000] {logging_mixin.py:154} INFO - [2023-11-07T19:35:15.442+0000] {dag.py:2941} INFO - Sync 2 DAGs
[2023-11-07T19:35:15.461+0000] {logging_mixin.py:154} INFO - [2023-11-07T19:35:15.460+0000] {dag.py:3722} INFO - Setting next_dagrun for example_external_task_marker_child to None, run_after=None
[2023-11-07T19:35:15.468+0000] {logging_mixin.py:154} INFO - [2023-11-07T19:35:15.468+0000] {dag.py:3722} INFO - Setting next_dagrun for example_external_task_marker_parent to None, run_after=None
[2023-11-07T19:35:15.490+0000] {processor.py:179} INFO - Processing /usr/local/lib/python3.10/dist-packages/airflow/example_dags/example_external_task_marker_dag.py took 0.092 seconds
[2023-11-07T19:36:00.619+0000] {processor.py:157} INFO - Started process (PID=3823) to work on /usr/local/lib/python3.10/dist-packages/airflow/example_dags/example_external_task_marker_dag.py
[2023-11-07T19:36:00.620+0000] {processor.py:829} INFO - Processing file /usr/local/lib/python3.10/dist-packages/airflow/example_dags/example_external_task_marker_dag.py for tasks to queue
[2023-11-07T19:36:00.622+0000] {logging_mixin.py:154} INFO - [2023-11-07T19:36:00.620+0000] {dagbag.py:536} INFO - Filling up the DagBag from /usr/local/lib/python3.10/dist-packages/airflow/example_dags/example_external_task_marker_dag.py
[2023-11-07T19:36:00.632+0000] {processor.py:839} INFO - DAG(s) dict_keys(['example_external_task_marker_child', 'example_external_task_marker_parent']) retrieved from /usr/local/lib/python3.10/dist-packages/airflow/example_dags/example_external_task_marker_dag.py
[2023-11-07T19:36:00.668+0000] {logging_mixin.py:154} INFO - [2023-11-07T19:36:00.668+0000] {dag.py:2941} INFO - Sync 2 DAGs
[2023-11-07T19:36:00.681+0000] {logging_mixin.py:154} INFO - [2023-11-07T19:36:00.681+0000] {dag.py:3722} INFO - Setting next_dagrun for example_external_task_marker_child to None, run_after=None
[2023-11-07T19:36:00.684+0000] {logging_mixin.py:154} INFO - [2023-11-07T19:36:00.684+0000] {dag.py:3722} INFO - Setting next_dagrun for example_external_task_marker_parent to None, run_after=None
[2023-11-07T19:36:00.705+0000] {processor.py:179} INFO - Processing /usr/local/lib/python3.10/dist-packages/airflow/example_dags/example_external_task_marker_dag.py took 0.090 seconds
[2023-11-07T19:36:53.491+0000] {processor.py:157} INFO - Started process (PID=3875) to work on /usr/local/lib/python3.10/dist-packages/airflow/example_dags/example_external_task_marker_dag.py
[2023-11-07T19:36:53.492+0000] {processor.py:829} INFO - Processing file /usr/local/lib/python3.10/dist-packages/airflow/example_dags/example_external_task_marker_dag.py for tasks to queue
[2023-11-07T19:36:53.493+0000] {logging_mixin.py:154} INFO - [2023-11-07T19:36:53.493+0000] {dagbag.py:536} INFO - Filling up the DagBag from /usr/local/lib/python3.10/dist-packages/airflow/example_dags/example_external_task_marker_dag.py
[2023-11-07T19:36:53.499+0000] {processor.py:839} INFO - DAG(s) dict_keys(['example_external_task_marker_child', 'example_external_task_marker_parent']) retrieved from /usr/local/lib/python3.10/dist-packages/airflow/example_dags/example_external_task_marker_dag.py
[2023-11-07T19:36:53.521+0000] {logging_mixin.py:154} INFO - [2023-11-07T19:36:53.521+0000] {dag.py:2941} INFO - Sync 2 DAGs
[2023-11-07T19:36:53.534+0000] {logging_mixin.py:154} INFO - [2023-11-07T19:36:53.534+0000] {dag.py:3722} INFO - Setting next_dagrun for example_external_task_marker_child to None, run_after=None
[2023-11-07T19:36:53.537+0000] {logging_mixin.py:154} INFO - [2023-11-07T19:36:53.537+0000] {dag.py:3722} INFO - Setting next_dagrun for example_external_task_marker_parent to None, run_after=None
[2023-11-07T19:36:53.559+0000] {processor.py:179} INFO - Processing /usr/local/lib/python3.10/dist-packages/airflow/example_dags/example_external_task_marker_dag.py took 0.071 seconds
[2023-11-07T19:37:43.491+0000] {processor.py:157} INFO - Started process (PID=3927) to work on /usr/local/lib/python3.10/dist-packages/airflow/example_dags/example_external_task_marker_dag.py
[2023-11-07T19:37:43.492+0000] {processor.py:829} INFO - Processing file /usr/local/lib/python3.10/dist-packages/airflow/example_dags/example_external_task_marker_dag.py for tasks to queue
[2023-11-07T19:37:43.493+0000] {logging_mixin.py:154} INFO - [2023-11-07T19:37:43.492+0000] {dagbag.py:536} INFO - Filling up the DagBag from /usr/local/lib/python3.10/dist-packages/airflow/example_dags/example_external_task_marker_dag.py
[2023-11-07T19:37:43.499+0000] {processor.py:839} INFO - DAG(s) dict_keys(['example_external_task_marker_parent', 'example_external_task_marker_child']) retrieved from /usr/local/lib/python3.10/dist-packages/airflow/example_dags/example_external_task_marker_dag.py
[2023-11-07T19:37:43.519+0000] {logging_mixin.py:154} INFO - [2023-11-07T19:37:43.518+0000] {dag.py:2941} INFO - Sync 2 DAGs
[2023-11-07T19:37:43.536+0000] {logging_mixin.py:154} INFO - [2023-11-07T19:37:43.535+0000] {dag.py:3722} INFO - Setting next_dagrun for example_external_task_marker_child to None, run_after=None
[2023-11-07T19:37:43.540+0000] {logging_mixin.py:154} INFO - [2023-11-07T19:37:43.540+0000] {dag.py:3722} INFO - Setting next_dagrun for example_external_task_marker_parent to None, run_after=None
[2023-11-07T19:37:43.562+0000] {processor.py:179} INFO - Processing /usr/local/lib/python3.10/dist-packages/airflow/example_dags/example_external_task_marker_dag.py took 0.075 seconds
[2023-11-07T19:38:31.296+0000] {processor.py:157} INFO - Started process (PID=3976) to work on /usr/local/lib/python3.10/dist-packages/airflow/example_dags/example_external_task_marker_dag.py
[2023-11-07T19:38:31.297+0000] {processor.py:829} INFO - Processing file /usr/local/lib/python3.10/dist-packages/airflow/example_dags/example_external_task_marker_dag.py for tasks to queue
[2023-11-07T19:38:31.298+0000] {logging_mixin.py:154} INFO - [2023-11-07T19:38:31.298+0000] {dagbag.py:536} INFO - Filling up the DagBag from /usr/local/lib/python3.10/dist-packages/airflow/example_dags/example_external_task_marker_dag.py
[2023-11-07T19:38:31.306+0000] {processor.py:839} INFO - DAG(s) dict_keys(['example_external_task_marker_child', 'example_external_task_marker_parent']) retrieved from /usr/local/lib/python3.10/dist-packages/airflow/example_dags/example_external_task_marker_dag.py
[2023-11-07T19:38:31.328+0000] {logging_mixin.py:154} INFO - [2023-11-07T19:38:31.328+0000] {dag.py:2941} INFO - Sync 2 DAGs
[2023-11-07T19:38:31.344+0000] {logging_mixin.py:154} INFO - [2023-11-07T19:38:31.344+0000] {dag.py:3722} INFO - Setting next_dagrun for example_external_task_marker_child to None, run_after=None
[2023-11-07T19:38:31.348+0000] {logging_mixin.py:154} INFO - [2023-11-07T19:38:31.347+0000] {dag.py:3722} INFO - Setting next_dagrun for example_external_task_marker_parent to None, run_after=None
[2023-11-07T19:38:31.370+0000] {processor.py:179} INFO - Processing /usr/local/lib/python3.10/dist-packages/airflow/example_dags/example_external_task_marker_dag.py took 0.076 seconds
[2023-11-07T19:39:16.604+0000] {processor.py:157} INFO - Started process (PID=4025) to work on /usr/local/lib/python3.10/dist-packages/airflow/example_dags/example_external_task_marker_dag.py
[2023-11-07T19:39:16.605+0000] {processor.py:829} INFO - Processing file /usr/local/lib/python3.10/dist-packages/airflow/example_dags/example_external_task_marker_dag.py for tasks to queue
[2023-11-07T19:39:16.606+0000] {logging_mixin.py:154} INFO - [2023-11-07T19:39:16.606+0000] {dagbag.py:536} INFO - Filling up the DagBag from /usr/local/lib/python3.10/dist-packages/airflow/example_dags/example_external_task_marker_dag.py
[2023-11-07T19:39:16.613+0000] {processor.py:839} INFO - DAG(s) dict_keys(['example_external_task_marker_parent', 'example_external_task_marker_child']) retrieved from /usr/local/lib/python3.10/dist-packages/airflow/example_dags/example_external_task_marker_dag.py
[2023-11-07T19:39:16.643+0000] {logging_mixin.py:154} INFO - [2023-11-07T19:39:16.643+0000] {dag.py:2941} INFO - Sync 2 DAGs
[2023-11-07T19:39:16.655+0000] {logging_mixin.py:154} INFO - [2023-11-07T19:39:16.655+0000] {dag.py:3722} INFO - Setting next_dagrun for example_external_task_marker_child to None, run_after=None
[2023-11-07T19:39:16.660+0000] {logging_mixin.py:154} INFO - [2023-11-07T19:39:16.660+0000] {dag.py:3722} INFO - Setting next_dagrun for example_external_task_marker_parent to None, run_after=None
[2023-11-07T19:39:16.680+0000] {processor.py:179} INFO - Processing /usr/local/lib/python3.10/dist-packages/airflow/example_dags/example_external_task_marker_dag.py took 0.079 seconds
[2023-11-07T19:40:04.945+0000] {processor.py:157} INFO - Started process (PID=4074) to work on /usr/local/lib/python3.10/dist-packages/airflow/example_dags/example_external_task_marker_dag.py
[2023-11-07T19:40:04.946+0000] {processor.py:829} INFO - Processing file /usr/local/lib/python3.10/dist-packages/airflow/example_dags/example_external_task_marker_dag.py for tasks to queue
[2023-11-07T19:40:04.947+0000] {logging_mixin.py:154} INFO - [2023-11-07T19:40:04.946+0000] {dagbag.py:536} INFO - Filling up the DagBag from /usr/local/lib/python3.10/dist-packages/airflow/example_dags/example_external_task_marker_dag.py
[2023-11-07T19:40:04.953+0000] {processor.py:839} INFO - DAG(s) dict_keys(['example_external_task_marker_child', 'example_external_task_marker_parent']) retrieved from /usr/local/lib/python3.10/dist-packages/airflow/example_dags/example_external_task_marker_dag.py
[2023-11-07T19:40:04.975+0000] {logging_mixin.py:154} INFO - [2023-11-07T19:40:04.975+0000] {dag.py:2941} INFO - Sync 2 DAGs
[2023-11-07T19:40:04.987+0000] {logging_mixin.py:154} INFO - [2023-11-07T19:40:04.987+0000] {dag.py:3722} INFO - Setting next_dagrun for example_external_task_marker_child to None, run_after=None
[2023-11-07T19:40:04.990+0000] {logging_mixin.py:154} INFO - [2023-11-07T19:40:04.990+0000] {dag.py:3722} INFO - Setting next_dagrun for example_external_task_marker_parent to None, run_after=None
[2023-11-07T19:40:05.015+0000] {processor.py:179} INFO - Processing /usr/local/lib/python3.10/dist-packages/airflow/example_dags/example_external_task_marker_dag.py took 0.074 seconds
[2023-11-07T19:40:58.632+0000] {processor.py:157} INFO - Started process (PID=4128) to work on /usr/local/lib/python3.10/dist-packages/airflow/example_dags/example_external_task_marker_dag.py
[2023-11-07T19:40:58.633+0000] {processor.py:829} INFO - Processing file /usr/local/lib/python3.10/dist-packages/airflow/example_dags/example_external_task_marker_dag.py for tasks to queue
[2023-11-07T19:40:58.634+0000] {logging_mixin.py:154} INFO - [2023-11-07T19:40:58.634+0000] {dagbag.py:536} INFO - Filling up the DagBag from /usr/local/lib/python3.10/dist-packages/airflow/example_dags/example_external_task_marker_dag.py
[2023-11-07T19:40:58.640+0000] {processor.py:839} INFO - DAG(s) dict_keys(['example_external_task_marker_child', 'example_external_task_marker_parent']) retrieved from /usr/local/lib/python3.10/dist-packages/airflow/example_dags/example_external_task_marker_dag.py
[2023-11-07T19:40:58.660+0000] {logging_mixin.py:154} INFO - [2023-11-07T19:40:58.660+0000] {dag.py:2941} INFO - Sync 2 DAGs
[2023-11-07T19:40:58.672+0000] {logging_mixin.py:154} INFO - [2023-11-07T19:40:58.672+0000] {dag.py:3722} INFO - Setting next_dagrun for example_external_task_marker_child to None, run_after=None
[2023-11-07T19:40:58.675+0000] {logging_mixin.py:154} INFO - [2023-11-07T19:40:58.675+0000] {dag.py:3722} INFO - Setting next_dagrun for example_external_task_marker_parent to None, run_after=None
[2023-11-07T19:40:58.695+0000] {processor.py:179} INFO - Processing /usr/local/lib/python3.10/dist-packages/airflow/example_dags/example_external_task_marker_dag.py took 0.066 seconds
[2023-11-07T19:41:47.169+0000] {processor.py:157} INFO - Started process (PID=4179) to work on /usr/local/lib/python3.10/dist-packages/airflow/example_dags/example_external_task_marker_dag.py
[2023-11-07T19:41:47.170+0000] {processor.py:829} INFO - Processing file /usr/local/lib/python3.10/dist-packages/airflow/example_dags/example_external_task_marker_dag.py for tasks to queue
[2023-11-07T19:41:47.172+0000] {logging_mixin.py:154} INFO - [2023-11-07T19:41:47.171+0000] {dagbag.py:536} INFO - Filling up the DagBag from /usr/local/lib/python3.10/dist-packages/airflow/example_dags/example_external_task_marker_dag.py
[2023-11-07T19:41:47.182+0000] {processor.py:839} INFO - DAG(s) dict_keys(['example_external_task_marker_child', 'example_external_task_marker_parent']) retrieved from /usr/local/lib/python3.10/dist-packages/airflow/example_dags/example_external_task_marker_dag.py
[2023-11-07T19:41:47.206+0000] {logging_mixin.py:154} INFO - [2023-11-07T19:41:47.206+0000] {dag.py:2941} INFO - Sync 2 DAGs
[2023-11-07T19:41:47.220+0000] {logging_mixin.py:154} INFO - [2023-11-07T19:41:47.220+0000] {dag.py:3722} INFO - Setting next_dagrun for example_external_task_marker_child to None, run_after=None
[2023-11-07T19:41:47.226+0000] {logging_mixin.py:154} INFO - [2023-11-07T19:41:47.226+0000] {dag.py:3722} INFO - Setting next_dagrun for example_external_task_marker_parent to None, run_after=None
[2023-11-07T19:41:47.253+0000] {processor.py:179} INFO - Processing /usr/local/lib/python3.10/dist-packages/airflow/example_dags/example_external_task_marker_dag.py took 0.087 seconds
[2023-11-07T19:42:35.591+0000] {processor.py:157} INFO - Started process (PID=4229) to work on /usr/local/lib/python3.10/dist-packages/airflow/example_dags/example_external_task_marker_dag.py
[2023-11-07T19:42:35.605+0000] {processor.py:829} INFO - Processing file /usr/local/lib/python3.10/dist-packages/airflow/example_dags/example_external_task_marker_dag.py for tasks to queue
[2023-11-07T19:42:35.613+0000] {logging_mixin.py:154} INFO - [2023-11-07T19:42:35.612+0000] {dagbag.py:536} INFO - Filling up the DagBag from /usr/local/lib/python3.10/dist-packages/airflow/example_dags/example_external_task_marker_dag.py
[2023-11-07T19:42:35.619+0000] {processor.py:839} INFO - DAG(s) dict_keys(['example_external_task_marker_parent', 'example_external_task_marker_child']) retrieved from /usr/local/lib/python3.10/dist-packages/airflow/example_dags/example_external_task_marker_dag.py
[2023-11-07T19:42:35.660+0000] {logging_mixin.py:154} INFO - [2023-11-07T19:42:35.660+0000] {dag.py:2941} INFO - Sync 2 DAGs
[2023-11-07T19:42:35.675+0000] {logging_mixin.py:154} INFO - [2023-11-07T19:42:35.675+0000] {dag.py:3722} INFO - Setting next_dagrun for example_external_task_marker_child to None, run_after=None
[2023-11-07T19:42:35.680+0000] {logging_mixin.py:154} INFO - [2023-11-07T19:42:35.680+0000] {dag.py:3722} INFO - Setting next_dagrun for example_external_task_marker_parent to None, run_after=None
[2023-11-07T19:42:35.720+0000] {processor.py:179} INFO - Processing /usr/local/lib/python3.10/dist-packages/airflow/example_dags/example_external_task_marker_dag.py took 0.133 seconds
[2023-11-07T19:43:25.160+0000] {processor.py:157} INFO - Started process (PID=4280) to work on /usr/local/lib/python3.10/dist-packages/airflow/example_dags/example_external_task_marker_dag.py
[2023-11-07T19:43:25.161+0000] {processor.py:829} INFO - Processing file /usr/local/lib/python3.10/dist-packages/airflow/example_dags/example_external_task_marker_dag.py for tasks to queue
[2023-11-07T19:43:25.163+0000] {logging_mixin.py:154} INFO - [2023-11-07T19:43:25.162+0000] {dagbag.py:536} INFO - Filling up the DagBag from /usr/local/lib/python3.10/dist-packages/airflow/example_dags/example_external_task_marker_dag.py
[2023-11-07T19:43:25.173+0000] {processor.py:839} INFO - DAG(s) dict_keys(['example_external_task_marker_parent', 'example_external_task_marker_child']) retrieved from /usr/local/lib/python3.10/dist-packages/airflow/example_dags/example_external_task_marker_dag.py
[2023-11-07T19:43:25.199+0000] {logging_mixin.py:154} INFO - [2023-11-07T19:43:25.199+0000] {dag.py:2941} INFO - Sync 2 DAGs
[2023-11-07T19:43:25.217+0000] {logging_mixin.py:154} INFO - [2023-11-07T19:43:25.217+0000] {dag.py:3722} INFO - Setting next_dagrun for example_external_task_marker_child to None, run_after=None
[2023-11-07T19:43:25.221+0000] {logging_mixin.py:154} INFO - [2023-11-07T19:43:25.221+0000] {dag.py:3722} INFO - Setting next_dagrun for example_external_task_marker_parent to None, run_after=None
[2023-11-07T19:43:25.255+0000] {processor.py:179} INFO - Processing /usr/local/lib/python3.10/dist-packages/airflow/example_dags/example_external_task_marker_dag.py took 0.101 seconds
[2023-11-07T19:44:14.265+0000] {processor.py:157} INFO - Started process (PID=4330) to work on /usr/local/lib/python3.10/dist-packages/airflow/example_dags/example_external_task_marker_dag.py
[2023-11-07T19:44:14.267+0000] {processor.py:829} INFO - Processing file /usr/local/lib/python3.10/dist-packages/airflow/example_dags/example_external_task_marker_dag.py for tasks to queue
[2023-11-07T19:44:14.269+0000] {logging_mixin.py:154} INFO - [2023-11-07T19:44:14.268+0000] {dagbag.py:536} INFO - Filling up the DagBag from /usr/local/lib/python3.10/dist-packages/airflow/example_dags/example_external_task_marker_dag.py
[2023-11-07T19:44:14.289+0000] {processor.py:839} INFO - DAG(s) dict_keys(['example_external_task_marker_parent', 'example_external_task_marker_child']) retrieved from /usr/local/lib/python3.10/dist-packages/airflow/example_dags/example_external_task_marker_dag.py
[2023-11-07T19:44:14.324+0000] {logging_mixin.py:154} INFO - [2023-11-07T19:44:14.324+0000] {dag.py:2941} INFO - Sync 2 DAGs
[2023-11-07T19:44:14.340+0000] {logging_mixin.py:154} INFO - [2023-11-07T19:44:14.340+0000] {dag.py:3722} INFO - Setting next_dagrun for example_external_task_marker_child to None, run_after=None
[2023-11-07T19:44:14.343+0000] {logging_mixin.py:154} INFO - [2023-11-07T19:44:14.343+0000] {dag.py:3722} INFO - Setting next_dagrun for example_external_task_marker_parent to None, run_after=None
[2023-11-07T19:44:14.364+0000] {processor.py:179} INFO - Processing /usr/local/lib/python3.10/dist-packages/airflow/example_dags/example_external_task_marker_dag.py took 0.107 seconds
[2023-11-07T19:45:09.496+0000] {processor.py:157} INFO - Started process (PID=4383) to work on /usr/local/lib/python3.10/dist-packages/airflow/example_dags/example_external_task_marker_dag.py
[2023-11-07T19:45:09.497+0000] {processor.py:829} INFO - Processing file /usr/local/lib/python3.10/dist-packages/airflow/example_dags/example_external_task_marker_dag.py for tasks to queue
[2023-11-07T19:45:09.498+0000] {logging_mixin.py:154} INFO - [2023-11-07T19:45:09.498+0000] {dagbag.py:536} INFO - Filling up the DagBag from /usr/local/lib/python3.10/dist-packages/airflow/example_dags/example_external_task_marker_dag.py
[2023-11-07T19:45:09.504+0000] {processor.py:839} INFO - DAG(s) dict_keys(['example_external_task_marker_parent', 'example_external_task_marker_child']) retrieved from /usr/local/lib/python3.10/dist-packages/airflow/example_dags/example_external_task_marker_dag.py
[2023-11-07T19:45:09.529+0000] {logging_mixin.py:154} INFO - [2023-11-07T19:45:09.529+0000] {dag.py:2941} INFO - Sync 2 DAGs
[2023-11-07T19:45:09.548+0000] {logging_mixin.py:154} INFO - [2023-11-07T19:45:09.548+0000] {dag.py:3722} INFO - Setting next_dagrun for example_external_task_marker_child to None, run_after=None
[2023-11-07T19:45:09.553+0000] {logging_mixin.py:154} INFO - [2023-11-07T19:45:09.553+0000] {dag.py:3722} INFO - Setting next_dagrun for example_external_task_marker_parent to None, run_after=None
[2023-11-07T19:45:09.578+0000] {processor.py:179} INFO - Processing /usr/local/lib/python3.10/dist-packages/airflow/example_dags/example_external_task_marker_dag.py took 0.086 seconds
[2023-11-07T19:46:03.919+0000] {processor.py:157} INFO - Started process (PID=4437) to work on /usr/local/lib/python3.10/dist-packages/airflow/example_dags/example_external_task_marker_dag.py
[2023-11-07T19:46:03.920+0000] {processor.py:829} INFO - Processing file /usr/local/lib/python3.10/dist-packages/airflow/example_dags/example_external_task_marker_dag.py for tasks to queue
[2023-11-07T19:46:03.921+0000] {logging_mixin.py:154} INFO - [2023-11-07T19:46:03.920+0000] {dagbag.py:536} INFO - Filling up the DagBag from /usr/local/lib/python3.10/dist-packages/airflow/example_dags/example_external_task_marker_dag.py
[2023-11-07T19:46:03.928+0000] {processor.py:839} INFO - DAG(s) dict_keys(['example_external_task_marker_child', 'example_external_task_marker_parent']) retrieved from /usr/local/lib/python3.10/dist-packages/airflow/example_dags/example_external_task_marker_dag.py
[2023-11-07T19:46:03.949+0000] {logging_mixin.py:154} INFO - [2023-11-07T19:46:03.948+0000] {dag.py:2941} INFO - Sync 2 DAGs
[2023-11-07T19:46:03.962+0000] {logging_mixin.py:154} INFO - [2023-11-07T19:46:03.961+0000] {dag.py:3722} INFO - Setting next_dagrun for example_external_task_marker_child to None, run_after=None
[2023-11-07T19:46:03.965+0000] {logging_mixin.py:154} INFO - [2023-11-07T19:46:03.964+0000] {dag.py:3722} INFO - Setting next_dagrun for example_external_task_marker_parent to None, run_after=None
[2023-11-07T19:46:03.989+0000] {processor.py:179} INFO - Processing /usr/local/lib/python3.10/dist-packages/airflow/example_dags/example_external_task_marker_dag.py took 0.073 seconds
[2023-11-07T19:46:54.618+0000] {processor.py:157} INFO - Started process (PID=4489) to work on /usr/local/lib/python3.10/dist-packages/airflow/example_dags/example_external_task_marker_dag.py
[2023-11-07T19:46:54.619+0000] {processor.py:829} INFO - Processing file /usr/local/lib/python3.10/dist-packages/airflow/example_dags/example_external_task_marker_dag.py for tasks to queue
[2023-11-07T19:46:54.620+0000] {logging_mixin.py:154} INFO - [2023-11-07T19:46:54.620+0000] {dagbag.py:536} INFO - Filling up the DagBag from /usr/local/lib/python3.10/dist-packages/airflow/example_dags/example_external_task_marker_dag.py
[2023-11-07T19:46:54.627+0000] {processor.py:839} INFO - DAG(s) dict_keys(['example_external_task_marker_child', 'example_external_task_marker_parent']) retrieved from /usr/local/lib/python3.10/dist-packages/airflow/example_dags/example_external_task_marker_dag.py
[2023-11-07T19:46:54.659+0000] {logging_mixin.py:154} INFO - [2023-11-07T19:46:54.659+0000] {dag.py:2941} INFO - Sync 2 DAGs
[2023-11-07T19:46:54.672+0000] {logging_mixin.py:154} INFO - [2023-11-07T19:46:54.672+0000] {dag.py:3722} INFO - Setting next_dagrun for example_external_task_marker_child to None, run_after=None
[2023-11-07T19:46:54.675+0000] {logging_mixin.py:154} INFO - [2023-11-07T19:46:54.675+0000] {dag.py:3722} INFO - Setting next_dagrun for example_external_task_marker_parent to None, run_after=None
[2023-11-07T19:46:54.716+0000] {processor.py:179} INFO - Processing /usr/local/lib/python3.10/dist-packages/airflow/example_dags/example_external_task_marker_dag.py took 0.108 seconds
[2023-11-07T19:47:47.539+0000] {processor.py:157} INFO - Started process (PID=4543) to work on /usr/local/lib/python3.10/dist-packages/airflow/example_dags/example_external_task_marker_dag.py
[2023-11-07T19:47:47.546+0000] {processor.py:829} INFO - Processing file /usr/local/lib/python3.10/dist-packages/airflow/example_dags/example_external_task_marker_dag.py for tasks to queue
[2023-11-07T19:47:47.547+0000] {logging_mixin.py:154} INFO - [2023-11-07T19:47:47.547+0000] {dagbag.py:536} INFO - Filling up the DagBag from /usr/local/lib/python3.10/dist-packages/airflow/example_dags/example_external_task_marker_dag.py
[2023-11-07T19:47:47.556+0000] {processor.py:839} INFO - DAG(s) dict_keys(['example_external_task_marker_child', 'example_external_task_marker_parent']) retrieved from /usr/local/lib/python3.10/dist-packages/airflow/example_dags/example_external_task_marker_dag.py
[2023-11-07T19:47:47.583+0000] {logging_mixin.py:154} INFO - [2023-11-07T19:47:47.583+0000] {dag.py:2941} INFO - Sync 2 DAGs
[2023-11-07T19:47:47.594+0000] {logging_mixin.py:154} INFO - [2023-11-07T19:47:47.594+0000] {dag.py:3722} INFO - Setting next_dagrun for example_external_task_marker_child to None, run_after=None
[2023-11-07T19:47:47.597+0000] {logging_mixin.py:154} INFO - [2023-11-07T19:47:47.596+0000] {dag.py:3722} INFO - Setting next_dagrun for example_external_task_marker_parent to None, run_after=None
[2023-11-07T19:47:47.624+0000] {processor.py:179} INFO - Processing /usr/local/lib/python3.10/dist-packages/airflow/example_dags/example_external_task_marker_dag.py took 0.089 seconds
[2023-11-07T19:48:37.035+0000] {processor.py:157} INFO - Started process (PID=4594) to work on /usr/local/lib/python3.10/dist-packages/airflow/example_dags/example_external_task_marker_dag.py
[2023-11-07T19:48:37.037+0000] {processor.py:829} INFO - Processing file /usr/local/lib/python3.10/dist-packages/airflow/example_dags/example_external_task_marker_dag.py for tasks to queue
[2023-11-07T19:48:37.038+0000] {logging_mixin.py:154} INFO - [2023-11-07T19:48:37.038+0000] {dagbag.py:536} INFO - Filling up the DagBag from /usr/local/lib/python3.10/dist-packages/airflow/example_dags/example_external_task_marker_dag.py
[2023-11-07T19:48:37.054+0000] {processor.py:839} INFO - DAG(s) dict_keys(['example_external_task_marker_child', 'example_external_task_marker_parent']) retrieved from /usr/local/lib/python3.10/dist-packages/airflow/example_dags/example_external_task_marker_dag.py
[2023-11-07T19:48:37.080+0000] {logging_mixin.py:154} INFO - [2023-11-07T19:48:37.079+0000] {dag.py:2941} INFO - Sync 2 DAGs
[2023-11-07T19:48:37.092+0000] {logging_mixin.py:154} INFO - [2023-11-07T19:48:37.091+0000] {dag.py:3722} INFO - Setting next_dagrun for example_external_task_marker_child to None, run_after=None
[2023-11-07T19:48:37.098+0000] {logging_mixin.py:154} INFO - [2023-11-07T19:48:37.098+0000] {dag.py:3722} INFO - Setting next_dagrun for example_external_task_marker_parent to None, run_after=None
[2023-11-07T19:48:37.147+0000] {processor.py:179} INFO - Processing /usr/local/lib/python3.10/dist-packages/airflow/example_dags/example_external_task_marker_dag.py took 0.120 seconds
[2023-11-07T19:49:25.806+0000] {processor.py:157} INFO - Started process (PID=4644) to work on /usr/local/lib/python3.10/dist-packages/airflow/example_dags/example_external_task_marker_dag.py
[2023-11-07T19:49:25.808+0000] {processor.py:829} INFO - Processing file /usr/local/lib/python3.10/dist-packages/airflow/example_dags/example_external_task_marker_dag.py for tasks to queue
[2023-11-07T19:49:25.809+0000] {logging_mixin.py:154} INFO - [2023-11-07T19:49:25.808+0000] {dagbag.py:536} INFO - Filling up the DagBag from /usr/local/lib/python3.10/dist-packages/airflow/example_dags/example_external_task_marker_dag.py
[2023-11-07T19:49:25.814+0000] {processor.py:839} INFO - DAG(s) dict_keys(['example_external_task_marker_child', 'example_external_task_marker_parent']) retrieved from /usr/local/lib/python3.10/dist-packages/airflow/example_dags/example_external_task_marker_dag.py
[2023-11-07T19:49:25.834+0000] {logging_mixin.py:154} INFO - [2023-11-07T19:49:25.834+0000] {dag.py:2941} INFO - Sync 2 DAGs
[2023-11-07T19:49:25.845+0000] {logging_mixin.py:154} INFO - [2023-11-07T19:49:25.845+0000] {dag.py:3722} INFO - Setting next_dagrun for example_external_task_marker_child to None, run_after=None
[2023-11-07T19:49:25.848+0000] {logging_mixin.py:154} INFO - [2023-11-07T19:49:25.848+0000] {dag.py:3722} INFO - Setting next_dagrun for example_external_task_marker_parent to None, run_after=None
[2023-11-07T19:49:25.872+0000] {processor.py:179} INFO - Processing /usr/local/lib/python3.10/dist-packages/airflow/example_dags/example_external_task_marker_dag.py took 0.068 seconds
[2023-11-07T19:50:12.844+0000] {processor.py:157} INFO - Started process (PID=4693) to work on /usr/local/lib/python3.10/dist-packages/airflow/example_dags/example_external_task_marker_dag.py
[2023-11-07T19:50:12.846+0000] {processor.py:829} INFO - Processing file /usr/local/lib/python3.10/dist-packages/airflow/example_dags/example_external_task_marker_dag.py for tasks to queue
[2023-11-07T19:50:12.847+0000] {logging_mixin.py:154} INFO - [2023-11-07T19:50:12.846+0000] {dagbag.py:536} INFO - Filling up the DagBag from /usr/local/lib/python3.10/dist-packages/airflow/example_dags/example_external_task_marker_dag.py
[2023-11-07T19:50:12.855+0000] {processor.py:839} INFO - DAG(s) dict_keys(['example_external_task_marker_child', 'example_external_task_marker_parent']) retrieved from /usr/local/lib/python3.10/dist-packages/airflow/example_dags/example_external_task_marker_dag.py
[2023-11-07T19:50:12.876+0000] {logging_mixin.py:154} INFO - [2023-11-07T19:50:12.876+0000] {dag.py:2941} INFO - Sync 2 DAGs
[2023-11-07T19:50:12.890+0000] {logging_mixin.py:154} INFO - [2023-11-07T19:50:12.890+0000] {dag.py:3722} INFO - Setting next_dagrun for example_external_task_marker_child to None, run_after=None
[2023-11-07T19:50:12.893+0000] {logging_mixin.py:154} INFO - [2023-11-07T19:50:12.893+0000] {dag.py:3722} INFO - Setting next_dagrun for example_external_task_marker_parent to None, run_after=None
[2023-11-07T19:50:12.940+0000] {processor.py:179} INFO - Processing /usr/local/lib/python3.10/dist-packages/airflow/example_dags/example_external_task_marker_dag.py took 0.104 seconds
[2023-11-07T19:51:03.204+0000] {processor.py:157} INFO - Started process (PID=4744) to work on /usr/local/lib/python3.10/dist-packages/airflow/example_dags/example_external_task_marker_dag.py
[2023-11-07T19:51:03.205+0000] {processor.py:829} INFO - Processing file /usr/local/lib/python3.10/dist-packages/airflow/example_dags/example_external_task_marker_dag.py for tasks to queue
[2023-11-07T19:51:03.206+0000] {logging_mixin.py:154} INFO - [2023-11-07T19:51:03.205+0000] {dagbag.py:536} INFO - Filling up the DagBag from /usr/local/lib/python3.10/dist-packages/airflow/example_dags/example_external_task_marker_dag.py
[2023-11-07T19:51:03.212+0000] {processor.py:839} INFO - DAG(s) dict_keys(['example_external_task_marker_parent', 'example_external_task_marker_child']) retrieved from /usr/local/lib/python3.10/dist-packages/airflow/example_dags/example_external_task_marker_dag.py
[2023-11-07T19:51:03.233+0000] {logging_mixin.py:154} INFO - [2023-11-07T19:51:03.233+0000] {dag.py:2941} INFO - Sync 2 DAGs
[2023-11-07T19:51:03.244+0000] {logging_mixin.py:154} INFO - [2023-11-07T19:51:03.244+0000] {dag.py:3722} INFO - Setting next_dagrun for example_external_task_marker_child to None, run_after=None
[2023-11-07T19:51:03.247+0000] {logging_mixin.py:154} INFO - [2023-11-07T19:51:03.247+0000] {dag.py:3722} INFO - Setting next_dagrun for example_external_task_marker_parent to None, run_after=None
[2023-11-07T19:51:03.268+0000] {processor.py:179} INFO - Processing /usr/local/lib/python3.10/dist-packages/airflow/example_dags/example_external_task_marker_dag.py took 0.067 seconds
[2023-11-07T19:51:52.640+0000] {processor.py:157} INFO - Started process (PID=4796) to work on /usr/local/lib/python3.10/dist-packages/airflow/example_dags/example_external_task_marker_dag.py
[2023-11-07T19:51:52.642+0000] {processor.py:829} INFO - Processing file /usr/local/lib/python3.10/dist-packages/airflow/example_dags/example_external_task_marker_dag.py for tasks to queue
[2023-11-07T19:51:52.643+0000] {logging_mixin.py:154} INFO - [2023-11-07T19:51:52.643+0000] {dagbag.py:536} INFO - Filling up the DagBag from /usr/local/lib/python3.10/dist-packages/airflow/example_dags/example_external_task_marker_dag.py
[2023-11-07T19:51:52.649+0000] {processor.py:839} INFO - DAG(s) dict_keys(['example_external_task_marker_child', 'example_external_task_marker_parent']) retrieved from /usr/local/lib/python3.10/dist-packages/airflow/example_dags/example_external_task_marker_dag.py
[2023-11-07T19:51:52.676+0000] {logging_mixin.py:154} INFO - [2023-11-07T19:51:52.675+0000] {dag.py:2941} INFO - Sync 2 DAGs
[2023-11-07T19:51:52.691+0000] {logging_mixin.py:154} INFO - [2023-11-07T19:51:52.691+0000] {dag.py:3722} INFO - Setting next_dagrun for example_external_task_marker_child to None, run_after=None
[2023-11-07T19:51:52.694+0000] {logging_mixin.py:154} INFO - [2023-11-07T19:51:52.694+0000] {dag.py:3722} INFO - Setting next_dagrun for example_external_task_marker_parent to None, run_after=None
[2023-11-07T19:51:52.712+0000] {processor.py:179} INFO - Processing /usr/local/lib/python3.10/dist-packages/airflow/example_dags/example_external_task_marker_dag.py took 0.075 seconds
[2023-11-07T19:52:46.557+0000] {processor.py:157} INFO - Started process (PID=4850) to work on /usr/local/lib/python3.10/dist-packages/airflow/example_dags/example_external_task_marker_dag.py
[2023-11-07T19:52:46.558+0000] {processor.py:829} INFO - Processing file /usr/local/lib/python3.10/dist-packages/airflow/example_dags/example_external_task_marker_dag.py for tasks to queue
[2023-11-07T19:52:46.559+0000] {logging_mixin.py:154} INFO - [2023-11-07T19:52:46.558+0000] {dagbag.py:536} INFO - Filling up the DagBag from /usr/local/lib/python3.10/dist-packages/airflow/example_dags/example_external_task_marker_dag.py
[2023-11-07T19:52:46.567+0000] {processor.py:839} INFO - DAG(s) dict_keys(['example_external_task_marker_parent', 'example_external_task_marker_child']) retrieved from /usr/local/lib/python3.10/dist-packages/airflow/example_dags/example_external_task_marker_dag.py
[2023-11-07T19:52:46.587+0000] {logging_mixin.py:154} INFO - [2023-11-07T19:52:46.587+0000] {dag.py:2941} INFO - Sync 2 DAGs
[2023-11-07T19:52:46.599+0000] {logging_mixin.py:154} INFO - [2023-11-07T19:52:46.599+0000] {dag.py:3722} INFO - Setting next_dagrun for example_external_task_marker_child to None, run_after=None
[2023-11-07T19:52:46.602+0000] {logging_mixin.py:154} INFO - [2023-11-07T19:52:46.602+0000] {dag.py:3722} INFO - Setting next_dagrun for example_external_task_marker_parent to None, run_after=None
[2023-11-07T19:52:46.625+0000] {processor.py:179} INFO - Processing /usr/local/lib/python3.10/dist-packages/airflow/example_dags/example_external_task_marker_dag.py took 0.071 seconds
[2023-11-07T19:53:38.827+0000] {processor.py:157} INFO - Started process (PID=4903) to work on /usr/local/lib/python3.10/dist-packages/airflow/example_dags/example_external_task_marker_dag.py
[2023-11-07T19:53:38.828+0000] {processor.py:829} INFO - Processing file /usr/local/lib/python3.10/dist-packages/airflow/example_dags/example_external_task_marker_dag.py for tasks to queue
[2023-11-07T19:53:38.829+0000] {logging_mixin.py:154} INFO - [2023-11-07T19:53:38.828+0000] {dagbag.py:536} INFO - Filling up the DagBag from /usr/local/lib/python3.10/dist-packages/airflow/example_dags/example_external_task_marker_dag.py
[2023-11-07T19:53:38.841+0000] {processor.py:839} INFO - DAG(s) dict_keys(['example_external_task_marker_child', 'example_external_task_marker_parent']) retrieved from /usr/local/lib/python3.10/dist-packages/airflow/example_dags/example_external_task_marker_dag.py
[2023-11-07T19:53:38.865+0000] {logging_mixin.py:154} INFO - [2023-11-07T19:53:38.865+0000] {dag.py:2941} INFO - Sync 2 DAGs
[2023-11-07T19:53:38.878+0000] {logging_mixin.py:154} INFO - [2023-11-07T19:53:38.877+0000] {dag.py:3722} INFO - Setting next_dagrun for example_external_task_marker_child to None, run_after=None
[2023-11-07T19:53:38.883+0000] {logging_mixin.py:154} INFO - [2023-11-07T19:53:38.882+0000] {dag.py:3722} INFO - Setting next_dagrun for example_external_task_marker_parent to None, run_after=None
[2023-11-07T19:53:38.909+0000] {processor.py:179} INFO - Processing /usr/local/lib/python3.10/dist-packages/airflow/example_dags/example_external_task_marker_dag.py took 0.088 seconds
[2023-11-07T19:54:32.904+0000] {processor.py:157} INFO - Started process (PID=4956) to work on /usr/local/lib/python3.10/dist-packages/airflow/example_dags/example_external_task_marker_dag.py
[2023-11-07T19:54:32.905+0000] {processor.py:829} INFO - Processing file /usr/local/lib/python3.10/dist-packages/airflow/example_dags/example_external_task_marker_dag.py for tasks to queue
[2023-11-07T19:54:32.906+0000] {logging_mixin.py:154} INFO - [2023-11-07T19:54:32.905+0000] {dagbag.py:536} INFO - Filling up the DagBag from /usr/local/lib/python3.10/dist-packages/airflow/example_dags/example_external_task_marker_dag.py
[2023-11-07T19:54:32.912+0000] {processor.py:839} INFO - DAG(s) dict_keys(['example_external_task_marker_parent', 'example_external_task_marker_child']) retrieved from /usr/local/lib/python3.10/dist-packages/airflow/example_dags/example_external_task_marker_dag.py
[2023-11-07T19:54:32.932+0000] {logging_mixin.py:154} INFO - [2023-11-07T19:54:32.932+0000] {dag.py:2941} INFO - Sync 2 DAGs
[2023-11-07T19:54:32.945+0000] {logging_mixin.py:154} INFO - [2023-11-07T19:54:32.944+0000] {dag.py:3722} INFO - Setting next_dagrun for example_external_task_marker_child to None, run_after=None
[2023-11-07T19:54:32.948+0000] {logging_mixin.py:154} INFO - [2023-11-07T19:54:32.948+0000] {dag.py:3722} INFO - Setting next_dagrun for example_external_task_marker_parent to None, run_after=None
[2023-11-07T19:54:32.971+0000] {processor.py:179} INFO - Processing /usr/local/lib/python3.10/dist-packages/airflow/example_dags/example_external_task_marker_dag.py took 0.071 seconds
[2023-11-07T19:55:23.479+0000] {processor.py:157} INFO - Started process (PID=5007) to work on /usr/local/lib/python3.10/dist-packages/airflow/example_dags/example_external_task_marker_dag.py
[2023-11-07T19:55:23.480+0000] {processor.py:829} INFO - Processing file /usr/local/lib/python3.10/dist-packages/airflow/example_dags/example_external_task_marker_dag.py for tasks to queue
[2023-11-07T19:55:23.481+0000] {logging_mixin.py:154} INFO - [2023-11-07T19:55:23.480+0000] {dagbag.py:536} INFO - Filling up the DagBag from /usr/local/lib/python3.10/dist-packages/airflow/example_dags/example_external_task_marker_dag.py
[2023-11-07T19:55:23.487+0000] {processor.py:839} INFO - DAG(s) dict_keys(['example_external_task_marker_parent', 'example_external_task_marker_child']) retrieved from /usr/local/lib/python3.10/dist-packages/airflow/example_dags/example_external_task_marker_dag.py
[2023-11-07T19:55:23.508+0000] {logging_mixin.py:154} INFO - [2023-11-07T19:55:23.508+0000] {dag.py:2941} INFO - Sync 2 DAGs
[2023-11-07T19:55:23.520+0000] {logging_mixin.py:154} INFO - [2023-11-07T19:55:23.519+0000] {dag.py:3722} INFO - Setting next_dagrun for example_external_task_marker_child to None, run_after=None
[2023-11-07T19:55:23.522+0000] {logging_mixin.py:154} INFO - [2023-11-07T19:55:23.522+0000] {dag.py:3722} INFO - Setting next_dagrun for example_external_task_marker_parent to None, run_after=None
[2023-11-07T19:55:23.544+0000] {processor.py:179} INFO - Processing /usr/local/lib/python3.10/dist-packages/airflow/example_dags/example_external_task_marker_dag.py took 0.069 seconds
[2023-11-07T19:56:18.268+0000] {processor.py:157} INFO - Started process (PID=5061) to work on /usr/local/lib/python3.10/dist-packages/airflow/example_dags/example_external_task_marker_dag.py
[2023-11-07T19:56:18.269+0000] {processor.py:829} INFO - Processing file /usr/local/lib/python3.10/dist-packages/airflow/example_dags/example_external_task_marker_dag.py for tasks to queue
[2023-11-07T19:56:18.270+0000] {logging_mixin.py:154} INFO - [2023-11-07T19:56:18.270+0000] {dagbag.py:536} INFO - Filling up the DagBag from /usr/local/lib/python3.10/dist-packages/airflow/example_dags/example_external_task_marker_dag.py
[2023-11-07T19:56:18.277+0000] {processor.py:839} INFO - DAG(s) dict_keys(['example_external_task_marker_parent', 'example_external_task_marker_child']) retrieved from /usr/local/lib/python3.10/dist-packages/airflow/example_dags/example_external_task_marker_dag.py
[2023-11-07T19:56:18.299+0000] {logging_mixin.py:154} INFO - [2023-11-07T19:56:18.299+0000] {dag.py:2941} INFO - Sync 2 DAGs
[2023-11-07T19:56:18.313+0000] {logging_mixin.py:154} INFO - [2023-11-07T19:56:18.313+0000] {dag.py:3722} INFO - Setting next_dagrun for example_external_task_marker_child to None, run_after=None
[2023-11-07T19:56:18.316+0000] {logging_mixin.py:154} INFO - [2023-11-07T19:56:18.316+0000] {dag.py:3722} INFO - Setting next_dagrun for example_external_task_marker_parent to None, run_after=None
[2023-11-07T19:56:18.347+0000] {processor.py:179} INFO - Processing /usr/local/lib/python3.10/dist-packages/airflow/example_dags/example_external_task_marker_dag.py took 0.083 seconds
[2023-11-07T19:57:11.048+0000] {processor.py:157} INFO - Started process (PID=5114) to work on /usr/local/lib/python3.10/dist-packages/airflow/example_dags/example_external_task_marker_dag.py
[2023-11-07T19:57:11.049+0000] {processor.py:829} INFO - Processing file /usr/local/lib/python3.10/dist-packages/airflow/example_dags/example_external_task_marker_dag.py for tasks to queue
[2023-11-07T19:57:11.050+0000] {logging_mixin.py:154} INFO - [2023-11-07T19:57:11.050+0000] {dagbag.py:536} INFO - Filling up the DagBag from /usr/local/lib/python3.10/dist-packages/airflow/example_dags/example_external_task_marker_dag.py
[2023-11-07T19:57:11.056+0000] {processor.py:839} INFO - DAG(s) dict_keys(['example_external_task_marker_parent', 'example_external_task_marker_child']) retrieved from /usr/local/lib/python3.10/dist-packages/airflow/example_dags/example_external_task_marker_dag.py
[2023-11-07T19:57:11.081+0000] {logging_mixin.py:154} INFO - [2023-11-07T19:57:11.081+0000] {dag.py:2941} INFO - Sync 2 DAGs
[2023-11-07T19:57:11.093+0000] {logging_mixin.py:154} INFO - [2023-11-07T19:57:11.093+0000] {dag.py:3722} INFO - Setting next_dagrun for example_external_task_marker_child to None, run_after=None
[2023-11-07T19:57:11.096+0000] {logging_mixin.py:154} INFO - [2023-11-07T19:57:11.096+0000] {dag.py:3722} INFO - Setting next_dagrun for example_external_task_marker_parent to None, run_after=None
[2023-11-07T19:57:11.116+0000] {processor.py:179} INFO - Processing /usr/local/lib/python3.10/dist-packages/airflow/example_dags/example_external_task_marker_dag.py took 0.072 seconds
[2023-11-07T19:58:03.050+0000] {processor.py:157} INFO - Started process (PID=5166) to work on /usr/local/lib/python3.10/dist-packages/airflow/example_dags/example_external_task_marker_dag.py
[2023-11-07T19:58:03.051+0000] {processor.py:829} INFO - Processing file /usr/local/lib/python3.10/dist-packages/airflow/example_dags/example_external_task_marker_dag.py for tasks to queue
[2023-11-07T19:58:03.052+0000] {logging_mixin.py:154} INFO - [2023-11-07T19:58:03.052+0000] {dagbag.py:536} INFO - Filling up the DagBag from /usr/local/lib/python3.10/dist-packages/airflow/example_dags/example_external_task_marker_dag.py
[2023-11-07T19:58:03.058+0000] {processor.py:839} INFO - DAG(s) dict_keys(['example_external_task_marker_parent', 'example_external_task_marker_child']) retrieved from /usr/local/lib/python3.10/dist-packages/airflow/example_dags/example_external_task_marker_dag.py
[2023-11-07T19:58:03.078+0000] {logging_mixin.py:154} INFO - [2023-11-07T19:58:03.078+0000] {dag.py:2941} INFO - Sync 2 DAGs
[2023-11-07T19:58:03.091+0000] {logging_mixin.py:154} INFO - [2023-11-07T19:58:03.091+0000] {dag.py:3722} INFO - Setting next_dagrun for example_external_task_marker_child to None, run_after=None
[2023-11-07T19:58:03.102+0000] {logging_mixin.py:154} INFO - [2023-11-07T19:58:03.102+0000] {dag.py:3722} INFO - Setting next_dagrun for example_external_task_marker_parent to None, run_after=None
[2023-11-07T19:58:03.136+0000] {processor.py:179} INFO - Processing /usr/local/lib/python3.10/dist-packages/airflow/example_dags/example_external_task_marker_dag.py took 0.090 seconds
[2023-11-07T19:58:50.763+0000] {processor.py:157} INFO - Started process (PID=5214) to work on /usr/local/lib/python3.10/dist-packages/airflow/example_dags/example_external_task_marker_dag.py
[2023-11-07T19:58:50.764+0000] {processor.py:829} INFO - Processing file /usr/local/lib/python3.10/dist-packages/airflow/example_dags/example_external_task_marker_dag.py for tasks to queue
[2023-11-07T19:58:50.765+0000] {logging_mixin.py:154} INFO - [2023-11-07T19:58:50.764+0000] {dagbag.py:536} INFO - Filling up the DagBag from /usr/local/lib/python3.10/dist-packages/airflow/example_dags/example_external_task_marker_dag.py
[2023-11-07T19:58:50.771+0000] {processor.py:839} INFO - DAG(s) dict_keys(['example_external_task_marker_child', 'example_external_task_marker_parent']) retrieved from /usr/local/lib/python3.10/dist-packages/airflow/example_dags/example_external_task_marker_dag.py
[2023-11-07T19:58:50.790+0000] {logging_mixin.py:154} INFO - [2023-11-07T19:58:50.790+0000] {dag.py:2941} INFO - Sync 2 DAGs
[2023-11-07T19:58:50.801+0000] {logging_mixin.py:154} INFO - [2023-11-07T19:58:50.801+0000] {dag.py:3722} INFO - Setting next_dagrun for example_external_task_marker_child to None, run_after=None
[2023-11-07T19:58:50.804+0000] {logging_mixin.py:154} INFO - [2023-11-07T19:58:50.804+0000] {dag.py:3722} INFO - Setting next_dagrun for example_external_task_marker_parent to None, run_after=None
[2023-11-07T19:58:50.825+0000] {processor.py:179} INFO - Processing /usr/local/lib/python3.10/dist-packages/airflow/example_dags/example_external_task_marker_dag.py took 0.065 seconds
[2023-11-07T19:59:40.429+0000] {processor.py:157} INFO - Started process (PID=5266) to work on /usr/local/lib/python3.10/dist-packages/airflow/example_dags/example_external_task_marker_dag.py
[2023-11-07T19:59:40.430+0000] {processor.py:829} INFO - Processing file /usr/local/lib/python3.10/dist-packages/airflow/example_dags/example_external_task_marker_dag.py for tasks to queue
[2023-11-07T19:59:40.431+0000] {logging_mixin.py:154} INFO - [2023-11-07T19:59:40.431+0000] {dagbag.py:536} INFO - Filling up the DagBag from /usr/local/lib/python3.10/dist-packages/airflow/example_dags/example_external_task_marker_dag.py
[2023-11-07T19:59:40.440+0000] {processor.py:839} INFO - DAG(s) dict_keys(['example_external_task_marker_parent', 'example_external_task_marker_child']) retrieved from /usr/local/lib/python3.10/dist-packages/airflow/example_dags/example_external_task_marker_dag.py
[2023-11-07T19:59:40.463+0000] {logging_mixin.py:154} INFO - [2023-11-07T19:59:40.463+0000] {dag.py:2941} INFO - Sync 2 DAGs
[2023-11-07T19:59:40.476+0000] {logging_mixin.py:154} INFO - [2023-11-07T19:59:40.476+0000] {dag.py:3722} INFO - Setting next_dagrun for example_external_task_marker_child to None, run_after=None
[2023-11-07T19:59:40.479+0000] {logging_mixin.py:154} INFO - [2023-11-07T19:59:40.479+0000] {dag.py:3722} INFO - Setting next_dagrun for example_external_task_marker_parent to None, run_after=None
[2023-11-07T19:59:40.531+0000] {processor.py:179} INFO - Processing /usr/local/lib/python3.10/dist-packages/airflow/example_dags/example_external_task_marker_dag.py took 0.105 seconds
[2023-11-07T20:00:34.967+0000] {processor.py:157} INFO - Started process (PID=5319) to work on /usr/local/lib/python3.10/dist-packages/airflow/example_dags/example_external_task_marker_dag.py
[2023-11-07T20:00:34.970+0000] {processor.py:829} INFO - Processing file /usr/local/lib/python3.10/dist-packages/airflow/example_dags/example_external_task_marker_dag.py for tasks to queue
[2023-11-07T20:00:34.970+0000] {logging_mixin.py:154} INFO - [2023-11-07T20:00:34.970+0000] {dagbag.py:536} INFO - Filling up the DagBag from /usr/local/lib/python3.10/dist-packages/airflow/example_dags/example_external_task_marker_dag.py
[2023-11-07T20:00:34.977+0000] {processor.py:839} INFO - DAG(s) dict_keys(['example_external_task_marker_child', 'example_external_task_marker_parent']) retrieved from /usr/local/lib/python3.10/dist-packages/airflow/example_dags/example_external_task_marker_dag.py
[2023-11-07T20:00:34.998+0000] {logging_mixin.py:154} INFO - [2023-11-07T20:00:34.998+0000] {dag.py:2941} INFO - Sync 2 DAGs
[2023-11-07T20:00:35.010+0000] {logging_mixin.py:154} INFO - [2023-11-07T20:00:35.010+0000] {dag.py:3722} INFO - Setting next_dagrun for example_external_task_marker_child to None, run_after=None
[2023-11-07T20:00:35.013+0000] {logging_mixin.py:154} INFO - [2023-11-07T20:00:35.013+0000] {dag.py:3722} INFO - Setting next_dagrun for example_external_task_marker_parent to None, run_after=None
[2023-11-07T20:00:35.046+0000] {processor.py:179} INFO - Processing /usr/local/lib/python3.10/dist-packages/airflow/example_dags/example_external_task_marker_dag.py took 0.083 seconds
[2023-11-07T20:01:27.633+0000] {processor.py:157} INFO - Started process (PID=5373) to work on /usr/local/lib/python3.10/dist-packages/airflow/example_dags/example_external_task_marker_dag.py
[2023-11-07T20:01:27.634+0000] {processor.py:829} INFO - Processing file /usr/local/lib/python3.10/dist-packages/airflow/example_dags/example_external_task_marker_dag.py for tasks to queue
[2023-11-07T20:01:27.635+0000] {logging_mixin.py:154} INFO - [2023-11-07T20:01:27.634+0000] {dagbag.py:536} INFO - Filling up the DagBag from /usr/local/lib/python3.10/dist-packages/airflow/example_dags/example_external_task_marker_dag.py
[2023-11-07T20:01:27.643+0000] {processor.py:839} INFO - DAG(s) dict_keys(['example_external_task_marker_parent', 'example_external_task_marker_child']) retrieved from /usr/local/lib/python3.10/dist-packages/airflow/example_dags/example_external_task_marker_dag.py
[2023-11-07T20:01:27.665+0000] {logging_mixin.py:154} INFO - [2023-11-07T20:01:27.665+0000] {dag.py:2941} INFO - Sync 2 DAGs
[2023-11-07T20:01:27.677+0000] {logging_mixin.py:154} INFO - [2023-11-07T20:01:27.677+0000] {dag.py:3722} INFO - Setting next_dagrun for example_external_task_marker_child to None, run_after=None
[2023-11-07T20:01:27.680+0000] {logging_mixin.py:154} INFO - [2023-11-07T20:01:27.680+0000] {dag.py:3722} INFO - Setting next_dagrun for example_external_task_marker_parent to None, run_after=None
[2023-11-07T20:01:27.701+0000] {processor.py:179} INFO - Processing /usr/local/lib/python3.10/dist-packages/airflow/example_dags/example_external_task_marker_dag.py took 0.072 seconds
[2023-11-07T20:02:11.297+0000] {processor.py:157} INFO - Started process (PID=5419) to work on /usr/local/lib/python3.10/dist-packages/airflow/example_dags/example_external_task_marker_dag.py
[2023-11-07T20:02:11.299+0000] {processor.py:829} INFO - Processing file /usr/local/lib/python3.10/dist-packages/airflow/example_dags/example_external_task_marker_dag.py for tasks to queue
[2023-11-07T20:02:11.299+0000] {logging_mixin.py:154} INFO - [2023-11-07T20:02:11.299+0000] {dagbag.py:536} INFO - Filling up the DagBag from /usr/local/lib/python3.10/dist-packages/airflow/example_dags/example_external_task_marker_dag.py
[2023-11-07T20:02:11.306+0000] {processor.py:839} INFO - DAG(s) dict_keys(['example_external_task_marker_parent', 'example_external_task_marker_child']) retrieved from /usr/local/lib/python3.10/dist-packages/airflow/example_dags/example_external_task_marker_dag.py
[2023-11-07T20:02:11.325+0000] {logging_mixin.py:154} INFO - [2023-11-07T20:02:11.325+0000] {dag.py:2941} INFO - Sync 2 DAGs
[2023-11-07T20:02:11.336+0000] {logging_mixin.py:154} INFO - [2023-11-07T20:02:11.336+0000] {dag.py:3722} INFO - Setting next_dagrun for example_external_task_marker_child to None, run_after=None
[2023-11-07T20:02:11.339+0000] {logging_mixin.py:154} INFO - [2023-11-07T20:02:11.339+0000] {dag.py:3722} INFO - Setting next_dagrun for example_external_task_marker_parent to None, run_after=None
[2023-11-07T20:02:11.359+0000] {processor.py:179} INFO - Processing /usr/local/lib/python3.10/dist-packages/airflow/example_dags/example_external_task_marker_dag.py took 0.064 seconds
[2023-11-07T20:03:00.949+0000] {processor.py:157} INFO - Started process (PID=5471) to work on /usr/local/lib/python3.10/dist-packages/airflow/example_dags/example_external_task_marker_dag.py
[2023-11-07T20:03:00.950+0000] {processor.py:829} INFO - Processing file /usr/local/lib/python3.10/dist-packages/airflow/example_dags/example_external_task_marker_dag.py for tasks to queue
[2023-11-07T20:03:00.951+0000] {logging_mixin.py:154} INFO - [2023-11-07T20:03:00.951+0000] {dagbag.py:536} INFO - Filling up the DagBag from /usr/local/lib/python3.10/dist-packages/airflow/example_dags/example_external_task_marker_dag.py
[2023-11-07T20:03:00.958+0000] {processor.py:839} INFO - DAG(s) dict_keys(['example_external_task_marker_parent', 'example_external_task_marker_child']) retrieved from /usr/local/lib/python3.10/dist-packages/airflow/example_dags/example_external_task_marker_dag.py
[2023-11-07T20:03:00.982+0000] {logging_mixin.py:154} INFO - [2023-11-07T20:03:00.982+0000] {dag.py:2941} INFO - Sync 2 DAGs
[2023-11-07T20:03:00.999+0000] {logging_mixin.py:154} INFO - [2023-11-07T20:03:00.999+0000] {dag.py:3722} INFO - Setting next_dagrun for example_external_task_marker_child to None, run_after=None
[2023-11-07T20:03:01.002+0000] {logging_mixin.py:154} INFO - [2023-11-07T20:03:01.002+0000] {dag.py:3722} INFO - Setting next_dagrun for example_external_task_marker_parent to None, run_after=None
[2023-11-07T20:03:01.025+0000] {processor.py:179} INFO - Processing /usr/local/lib/python3.10/dist-packages/airflow/example_dags/example_external_task_marker_dag.py took 0.079 seconds
[2023-11-07T20:03:52.218+0000] {processor.py:157} INFO - Started process (PID=5523) to work on /usr/local/lib/python3.10/dist-packages/airflow/example_dags/example_external_task_marker_dag.py
[2023-11-07T20:03:52.219+0000] {processor.py:829} INFO - Processing file /usr/local/lib/python3.10/dist-packages/airflow/example_dags/example_external_task_marker_dag.py for tasks to queue
[2023-11-07T20:03:52.220+0000] {logging_mixin.py:154} INFO - [2023-11-07T20:03:52.219+0000] {dagbag.py:536} INFO - Filling up the DagBag from /usr/local/lib/python3.10/dist-packages/airflow/example_dags/example_external_task_marker_dag.py
[2023-11-07T20:03:52.226+0000] {processor.py:839} INFO - DAG(s) dict_keys(['example_external_task_marker_child', 'example_external_task_marker_parent']) retrieved from /usr/local/lib/python3.10/dist-packages/airflow/example_dags/example_external_task_marker_dag.py
[2023-11-07T20:03:52.245+0000] {logging_mixin.py:154} INFO - [2023-11-07T20:03:52.245+0000] {dag.py:2941} INFO - Sync 2 DAGs
[2023-11-07T20:03:52.256+0000] {logging_mixin.py:154} INFO - [2023-11-07T20:03:52.255+0000] {dag.py:3722} INFO - Setting next_dagrun for example_external_task_marker_child to None, run_after=None
[2023-11-07T20:03:52.258+0000] {logging_mixin.py:154} INFO - [2023-11-07T20:03:52.258+0000] {dag.py:3722} INFO - Setting next_dagrun for example_external_task_marker_parent to None, run_after=None
[2023-11-07T20:03:52.281+0000] {processor.py:179} INFO - Processing /usr/local/lib/python3.10/dist-packages/airflow/example_dags/example_external_task_marker_dag.py took 0.066 seconds
[2023-11-07T20:04:39.223+0000] {processor.py:157} INFO - Started process (PID=5572) to work on /usr/local/lib/python3.10/dist-packages/airflow/example_dags/example_external_task_marker_dag.py
[2023-11-07T20:04:39.224+0000] {processor.py:829} INFO - Processing file /usr/local/lib/python3.10/dist-packages/airflow/example_dags/example_external_task_marker_dag.py for tasks to queue
[2023-11-07T20:04:39.225+0000] {logging_mixin.py:154} INFO - [2023-11-07T20:04:39.224+0000] {dagbag.py:536} INFO - Filling up the DagBag from /usr/local/lib/python3.10/dist-packages/airflow/example_dags/example_external_task_marker_dag.py
[2023-11-07T20:04:39.231+0000] {processor.py:839} INFO - DAG(s) dict_keys(['example_external_task_marker_parent', 'example_external_task_marker_child']) retrieved from /usr/local/lib/python3.10/dist-packages/airflow/example_dags/example_external_task_marker_dag.py
[2023-11-07T20:04:39.253+0000] {logging_mixin.py:154} INFO - [2023-11-07T20:04:39.253+0000] {dag.py:2941} INFO - Sync 2 DAGs
[2023-11-07T20:04:39.264+0000] {logging_mixin.py:154} INFO - [2023-11-07T20:04:39.264+0000] {dag.py:3722} INFO - Setting next_dagrun for example_external_task_marker_child to None, run_after=None
[2023-11-07T20:04:39.267+0000] {logging_mixin.py:154} INFO - [2023-11-07T20:04:39.267+0000] {dag.py:3722} INFO - Setting next_dagrun for example_external_task_marker_parent to None, run_after=None
[2023-11-07T20:04:39.287+0000] {processor.py:179} INFO - Processing /usr/local/lib/python3.10/dist-packages/airflow/example_dags/example_external_task_marker_dag.py took 0.068 seconds
[2023-11-07T20:05:29.089+0000] {processor.py:157} INFO - Started process (PID=5623) to work on /usr/local/lib/python3.10/dist-packages/airflow/example_dags/example_external_task_marker_dag.py
[2023-11-07T20:05:29.091+0000] {processor.py:829} INFO - Processing file /usr/local/lib/python3.10/dist-packages/airflow/example_dags/example_external_task_marker_dag.py for tasks to queue
[2023-11-07T20:05:29.091+0000] {logging_mixin.py:154} INFO - [2023-11-07T20:05:29.091+0000] {dagbag.py:536} INFO - Filling up the DagBag from /usr/local/lib/python3.10/dist-packages/airflow/example_dags/example_external_task_marker_dag.py
[2023-11-07T20:05:29.100+0000] {processor.py:839} INFO - DAG(s) dict_keys(['example_external_task_marker_child', 'example_external_task_marker_parent']) retrieved from /usr/local/lib/python3.10/dist-packages/airflow/example_dags/example_external_task_marker_dag.py
[2023-11-07T20:05:29.122+0000] {logging_mixin.py:154} INFO - [2023-11-07T20:05:29.122+0000] {dag.py:2941} INFO - Sync 2 DAGs
[2023-11-07T20:05:29.134+0000] {logging_mixin.py:154} INFO - [2023-11-07T20:05:29.134+0000] {dag.py:3722} INFO - Setting next_dagrun for example_external_task_marker_child to None, run_after=None
[2023-11-07T20:05:29.137+0000] {logging_mixin.py:154} INFO - [2023-11-07T20:05:29.137+0000] {dag.py:3722} INFO - Setting next_dagrun for example_external_task_marker_parent to None, run_after=None
[2023-11-07T20:05:29.160+0000] {processor.py:179} INFO - Processing /usr/local/lib/python3.10/dist-packages/airflow/example_dags/example_external_task_marker_dag.py took 0.074 seconds
[2023-11-07T20:06:19.224+0000] {processor.py:157} INFO - Started process (PID=5674) to work on /usr/local/lib/python3.10/dist-packages/airflow/example_dags/example_external_task_marker_dag.py
[2023-11-07T20:06:19.227+0000] {processor.py:829} INFO - Processing file /usr/local/lib/python3.10/dist-packages/airflow/example_dags/example_external_task_marker_dag.py for tasks to queue
[2023-11-07T20:06:19.228+0000] {logging_mixin.py:154} INFO - [2023-11-07T20:06:19.228+0000] {dagbag.py:536} INFO - Filling up the DagBag from /usr/local/lib/python3.10/dist-packages/airflow/example_dags/example_external_task_marker_dag.py
[2023-11-07T20:06:19.237+0000] {processor.py:839} INFO - DAG(s) dict_keys(['example_external_task_marker_parent', 'example_external_task_marker_child']) retrieved from /usr/local/lib/python3.10/dist-packages/airflow/example_dags/example_external_task_marker_dag.py
[2023-11-07T20:06:19.266+0000] {logging_mixin.py:154} INFO - [2023-11-07T20:06:19.266+0000] {dag.py:2941} INFO - Sync 2 DAGs
[2023-11-07T20:06:19.284+0000] {logging_mixin.py:154} INFO - [2023-11-07T20:06:19.284+0000] {dag.py:3722} INFO - Setting next_dagrun for example_external_task_marker_child to None, run_after=None
[2023-11-07T20:06:19.289+0000] {logging_mixin.py:154} INFO - [2023-11-07T20:06:19.288+0000] {dag.py:3722} INFO - Setting next_dagrun for example_external_task_marker_parent to None, run_after=None
[2023-11-07T20:06:19.318+0000] {processor.py:179} INFO - Processing /usr/local/lib/python3.10/dist-packages/airflow/example_dags/example_external_task_marker_dag.py took 0.101 seconds
[2023-11-07T20:07:08.439+0000] {processor.py:157} INFO - Started process (PID=5725) to work on /usr/local/lib/python3.10/dist-packages/airflow/example_dags/example_external_task_marker_dag.py
[2023-11-07T20:07:08.440+0000] {processor.py:829} INFO - Processing file /usr/local/lib/python3.10/dist-packages/airflow/example_dags/example_external_task_marker_dag.py for tasks to queue
[2023-11-07T20:07:08.441+0000] {logging_mixin.py:154} INFO - [2023-11-07T20:07:08.441+0000] {dagbag.py:536} INFO - Filling up the DagBag from /usr/local/lib/python3.10/dist-packages/airflow/example_dags/example_external_task_marker_dag.py
[2023-11-07T20:07:08.449+0000] {processor.py:839} INFO - DAG(s) dict_keys(['example_external_task_marker_child', 'example_external_task_marker_parent']) retrieved from /usr/local/lib/python3.10/dist-packages/airflow/example_dags/example_external_task_marker_dag.py
[2023-11-07T20:07:08.472+0000] {logging_mixin.py:154} INFO - [2023-11-07T20:07:08.472+0000] {dag.py:2941} INFO - Sync 2 DAGs
[2023-11-07T20:07:08.488+0000] {logging_mixin.py:154} INFO - [2023-11-07T20:07:08.487+0000] {dag.py:3722} INFO - Setting next_dagrun for example_external_task_marker_child to None, run_after=None
[2023-11-07T20:07:08.491+0000] {logging_mixin.py:154} INFO - [2023-11-07T20:07:08.491+0000] {dag.py:3722} INFO - Setting next_dagrun for example_external_task_marker_parent to None, run_after=None
[2023-11-07T20:07:08.518+0000] {processor.py:179} INFO - Processing /usr/local/lib/python3.10/dist-packages/airflow/example_dags/example_external_task_marker_dag.py took 0.083 seconds
[2023-11-07T20:07:58.646+0000] {processor.py:157} INFO - Started process (PID=5778) to work on /usr/local/lib/python3.10/dist-packages/airflow/example_dags/example_external_task_marker_dag.py
[2023-11-07T20:07:58.648+0000] {processor.py:829} INFO - Processing file /usr/local/lib/python3.10/dist-packages/airflow/example_dags/example_external_task_marker_dag.py for tasks to queue
[2023-11-07T20:07:58.649+0000] {logging_mixin.py:154} INFO - [2023-11-07T20:07:58.648+0000] {dagbag.py:536} INFO - Filling up the DagBag from /usr/local/lib/python3.10/dist-packages/airflow/example_dags/example_external_task_marker_dag.py
[2023-11-07T20:07:58.655+0000] {processor.py:839} INFO - DAG(s) dict_keys(['example_external_task_marker_child', 'example_external_task_marker_parent']) retrieved from /usr/local/lib/python3.10/dist-packages/airflow/example_dags/example_external_task_marker_dag.py
[2023-11-07T20:07:58.674+0000] {logging_mixin.py:154} INFO - [2023-11-07T20:07:58.674+0000] {dag.py:2941} INFO - Sync 2 DAGs
[2023-11-07T20:07:58.692+0000] {logging_mixin.py:154} INFO - [2023-11-07T20:07:58.692+0000] {dag.py:3722} INFO - Setting next_dagrun for example_external_task_marker_child to None, run_after=None
[2023-11-07T20:07:58.697+0000] {logging_mixin.py:154} INFO - [2023-11-07T20:07:58.696+0000] {dag.py:3722} INFO - Setting next_dagrun for example_external_task_marker_parent to None, run_after=None
[2023-11-07T20:07:58.719+0000] {processor.py:179} INFO - Processing /usr/local/lib/python3.10/dist-packages/airflow/example_dags/example_external_task_marker_dag.py took 0.076 seconds
