[2023-11-07T19:32:04.201+0000] {processor.py:157} INFO - Started process (PID=3579) to work on /usr/local/lib/python3.10/dist-packages/airflow/example_dags/example_sensor_decorator.py
[2023-11-07T19:32:04.202+0000] {processor.py:829} INFO - Processing file /usr/local/lib/python3.10/dist-packages/airflow/example_dags/example_sensor_decorator.py for tasks to queue
[2023-11-07T19:32:04.203+0000] {logging_mixin.py:154} INFO - [2023-11-07T19:32:04.202+0000] {dagbag.py:536} INFO - Filling up the DagBag from /usr/local/lib/python3.10/dist-packages/airflow/example_dags/example_sensor_decorator.py
[2023-11-07T19:32:04.209+0000] {processor.py:839} INFO - DAG(s) dict_keys(['example_sensor_decorator']) retrieved from /usr/local/lib/python3.10/dist-packages/airflow/example_dags/example_sensor_decorator.py
[2023-11-07T19:32:04.313+0000] {logging_mixin.py:154} INFO - [2023-11-07T19:32:04.313+0000] {manager.py:499} INFO - Created Permission View: %s
[2023-11-07T19:32:04.325+0000] {logging_mixin.py:154} INFO - [2023-11-07T19:32:04.325+0000] {manager.py:499} INFO - Created Permission View: %s
[2023-11-07T19:32:04.334+0000] {logging_mixin.py:154} INFO - [2023-11-07T19:32:04.333+0000] {manager.py:499} INFO - Created Permission View: %s
[2023-11-07T19:32:04.334+0000] {logging_mixin.py:154} INFO - [2023-11-07T19:32:04.334+0000] {dag.py:2941} INFO - Sync 1 DAGs
[2023-11-07T19:32:04.346+0000] {logging_mixin.py:154} INFO - [2023-11-07T19:32:04.346+0000] {dag.py:2963} INFO - Creating ORM DAG for example_sensor_decorator
[2023-11-07T19:32:04.346+0000] {logging_mixin.py:154} INFO - [2023-11-07T19:32:04.346+0000] {dag.py:3722} INFO - Setting next_dagrun for example_sensor_decorator to None, run_after=None
[2023-11-07T19:32:04.367+0000] {processor.py:179} INFO - Processing /usr/local/lib/python3.10/dist-packages/airflow/example_dags/example_sensor_decorator.py took 0.169 seconds
[2023-11-07T19:32:53.947+0000] {processor.py:157} INFO - Started process (PID=3626) to work on /usr/local/lib/python3.10/dist-packages/airflow/example_dags/example_sensor_decorator.py
[2023-11-07T19:32:53.948+0000] {processor.py:829} INFO - Processing file /usr/local/lib/python3.10/dist-packages/airflow/example_dags/example_sensor_decorator.py for tasks to queue
[2023-11-07T19:32:53.949+0000] {logging_mixin.py:154} INFO - [2023-11-07T19:32:53.949+0000] {dagbag.py:536} INFO - Filling up the DagBag from /usr/local/lib/python3.10/dist-packages/airflow/example_dags/example_sensor_decorator.py
[2023-11-07T19:32:53.957+0000] {processor.py:839} INFO - DAG(s) dict_keys(['example_sensor_decorator']) retrieved from /usr/local/lib/python3.10/dist-packages/airflow/example_dags/example_sensor_decorator.py
[2023-11-07T19:32:53.974+0000] {logging_mixin.py:154} INFO - [2023-11-07T19:32:53.973+0000] {dag.py:2941} INFO - Sync 1 DAGs
[2023-11-07T19:32:53.987+0000] {logging_mixin.py:154} INFO - [2023-11-07T19:32:53.986+0000] {dag.py:3722} INFO - Setting next_dagrun for example_sensor_decorator to None, run_after=None
[2023-11-07T19:32:54.010+0000] {processor.py:179} INFO - Processing /usr/local/lib/python3.10/dist-packages/airflow/example_dags/example_sensor_decorator.py took 0.066 seconds
[2023-11-07T19:33:40.569+0000] {processor.py:157} INFO - Started process (PID=3675) to work on /usr/local/lib/python3.10/dist-packages/airflow/example_dags/example_sensor_decorator.py
[2023-11-07T19:33:40.571+0000] {processor.py:829} INFO - Processing file /usr/local/lib/python3.10/dist-packages/airflow/example_dags/example_sensor_decorator.py for tasks to queue
[2023-11-07T19:33:40.572+0000] {logging_mixin.py:154} INFO - [2023-11-07T19:33:40.571+0000] {dagbag.py:536} INFO - Filling up the DagBag from /usr/local/lib/python3.10/dist-packages/airflow/example_dags/example_sensor_decorator.py
[2023-11-07T19:33:40.578+0000] {processor.py:839} INFO - DAG(s) dict_keys(['example_sensor_decorator']) retrieved from /usr/local/lib/python3.10/dist-packages/airflow/example_dags/example_sensor_decorator.py
[2023-11-07T19:33:40.598+0000] {logging_mixin.py:154} INFO - [2023-11-07T19:33:40.598+0000] {dag.py:2941} INFO - Sync 1 DAGs
[2023-11-07T19:33:40.611+0000] {logging_mixin.py:154} INFO - [2023-11-07T19:33:40.611+0000] {dag.py:3722} INFO - Setting next_dagrun for example_sensor_decorator to None, run_after=None
[2023-11-07T19:33:40.636+0000] {processor.py:179} INFO - Processing /usr/local/lib/python3.10/dist-packages/airflow/example_dags/example_sensor_decorator.py took 0.070 seconds
[2023-11-07T19:34:29.512+0000] {processor.py:157} INFO - Started process (PID=3726) to work on /usr/local/lib/python3.10/dist-packages/airflow/example_dags/example_sensor_decorator.py
[2023-11-07T19:34:29.518+0000] {processor.py:829} INFO - Processing file /usr/local/lib/python3.10/dist-packages/airflow/example_dags/example_sensor_decorator.py for tasks to queue
[2023-11-07T19:34:29.522+0000] {logging_mixin.py:154} INFO - [2023-11-07T19:34:29.522+0000] {dagbag.py:536} INFO - Filling up the DagBag from /usr/local/lib/python3.10/dist-packages/airflow/example_dags/example_sensor_decorator.py
[2023-11-07T19:34:29.554+0000] {processor.py:839} INFO - DAG(s) dict_keys(['example_sensor_decorator']) retrieved from /usr/local/lib/python3.10/dist-packages/airflow/example_dags/example_sensor_decorator.py
[2023-11-07T19:34:29.574+0000] {logging_mixin.py:154} INFO - [2023-11-07T19:34:29.573+0000] {dag.py:2941} INFO - Sync 1 DAGs
[2023-11-07T19:34:29.590+0000] {logging_mixin.py:154} INFO - [2023-11-07T19:34:29.590+0000] {dag.py:3722} INFO - Setting next_dagrun for example_sensor_decorator to None, run_after=None
[2023-11-07T19:34:29.617+0000] {processor.py:179} INFO - Processing /usr/local/lib/python3.10/dist-packages/airflow/example_dags/example_sensor_decorator.py took 0.116 seconds
[2023-11-07T19:35:14.246+0000] {processor.py:157} INFO - Started process (PID=3773) to work on /usr/local/lib/python3.10/dist-packages/airflow/example_dags/example_sensor_decorator.py
[2023-11-07T19:35:14.247+0000] {processor.py:829} INFO - Processing file /usr/local/lib/python3.10/dist-packages/airflow/example_dags/example_sensor_decorator.py for tasks to queue
[2023-11-07T19:35:14.248+0000] {logging_mixin.py:154} INFO - [2023-11-07T19:35:14.248+0000] {dagbag.py:536} INFO - Filling up the DagBag from /usr/local/lib/python3.10/dist-packages/airflow/example_dags/example_sensor_decorator.py
[2023-11-07T19:35:14.255+0000] {processor.py:839} INFO - DAG(s) dict_keys(['example_sensor_decorator']) retrieved from /usr/local/lib/python3.10/dist-packages/airflow/example_dags/example_sensor_decorator.py
[2023-11-07T19:35:14.272+0000] {logging_mixin.py:154} INFO - [2023-11-07T19:35:14.271+0000] {dag.py:2941} INFO - Sync 1 DAGs
[2023-11-07T19:35:14.283+0000] {logging_mixin.py:154} INFO - [2023-11-07T19:35:14.283+0000] {dag.py:3722} INFO - Setting next_dagrun for example_sensor_decorator to None, run_after=None
[2023-11-07T19:35:14.306+0000] {processor.py:179} INFO - Processing /usr/local/lib/python3.10/dist-packages/airflow/example_dags/example_sensor_decorator.py took 0.065 seconds
[2023-11-07T19:35:59.531+0000] {processor.py:157} INFO - Started process (PID=3822) to work on /usr/local/lib/python3.10/dist-packages/airflow/example_dags/example_sensor_decorator.py
[2023-11-07T19:35:59.533+0000] {processor.py:829} INFO - Processing file /usr/local/lib/python3.10/dist-packages/airflow/example_dags/example_sensor_decorator.py for tasks to queue
[2023-11-07T19:35:59.535+0000] {logging_mixin.py:154} INFO - [2023-11-07T19:35:59.534+0000] {dagbag.py:536} INFO - Filling up the DagBag from /usr/local/lib/python3.10/dist-packages/airflow/example_dags/example_sensor_decorator.py
[2023-11-07T19:35:59.543+0000] {processor.py:839} INFO - DAG(s) dict_keys(['example_sensor_decorator']) retrieved from /usr/local/lib/python3.10/dist-packages/airflow/example_dags/example_sensor_decorator.py
[2023-11-07T19:35:59.560+0000] {logging_mixin.py:154} INFO - [2023-11-07T19:35:59.560+0000] {dag.py:2941} INFO - Sync 1 DAGs
[2023-11-07T19:35:59.572+0000] {logging_mixin.py:154} INFO - [2023-11-07T19:35:59.572+0000] {dag.py:3722} INFO - Setting next_dagrun for example_sensor_decorator to None, run_after=None
[2023-11-07T19:35:59.595+0000] {processor.py:179} INFO - Processing /usr/local/lib/python3.10/dist-packages/airflow/example_dags/example_sensor_decorator.py took 0.070 seconds
[2023-11-07T19:36:52.257+0000] {processor.py:157} INFO - Started process (PID=3874) to work on /usr/local/lib/python3.10/dist-packages/airflow/example_dags/example_sensor_decorator.py
[2023-11-07T19:36:52.259+0000] {processor.py:829} INFO - Processing file /usr/local/lib/python3.10/dist-packages/airflow/example_dags/example_sensor_decorator.py for tasks to queue
[2023-11-07T19:36:52.261+0000] {logging_mixin.py:154} INFO - [2023-11-07T19:36:52.259+0000] {dagbag.py:536} INFO - Filling up the DagBag from /usr/local/lib/python3.10/dist-packages/airflow/example_dags/example_sensor_decorator.py
[2023-11-07T19:36:52.276+0000] {processor.py:839} INFO - DAG(s) dict_keys(['example_sensor_decorator']) retrieved from /usr/local/lib/python3.10/dist-packages/airflow/example_dags/example_sensor_decorator.py
[2023-11-07T19:36:52.299+0000] {logging_mixin.py:154} INFO - [2023-11-07T19:36:52.299+0000] {dag.py:2941} INFO - Sync 1 DAGs
[2023-11-07T19:36:52.318+0000] {logging_mixin.py:154} INFO - [2023-11-07T19:36:52.317+0000] {dag.py:3722} INFO - Setting next_dagrun for example_sensor_decorator to None, run_after=None
[2023-11-07T19:36:52.348+0000] {processor.py:179} INFO - Processing /usr/local/lib/python3.10/dist-packages/airflow/example_dags/example_sensor_decorator.py took 0.102 seconds
[2023-11-07T19:37:42.354+0000] {processor.py:157} INFO - Started process (PID=3926) to work on /usr/local/lib/python3.10/dist-packages/airflow/example_dags/example_sensor_decorator.py
[2023-11-07T19:37:42.358+0000] {processor.py:829} INFO - Processing file /usr/local/lib/python3.10/dist-packages/airflow/example_dags/example_sensor_decorator.py for tasks to queue
[2023-11-07T19:37:42.359+0000] {logging_mixin.py:154} INFO - [2023-11-07T19:37:42.359+0000] {dagbag.py:536} INFO - Filling up the DagBag from /usr/local/lib/python3.10/dist-packages/airflow/example_dags/example_sensor_decorator.py
[2023-11-07T19:37:42.366+0000] {processor.py:839} INFO - DAG(s) dict_keys(['example_sensor_decorator']) retrieved from /usr/local/lib/python3.10/dist-packages/airflow/example_dags/example_sensor_decorator.py
[2023-11-07T19:37:42.384+0000] {logging_mixin.py:154} INFO - [2023-11-07T19:37:42.383+0000] {dag.py:2941} INFO - Sync 1 DAGs
[2023-11-07T19:37:42.395+0000] {logging_mixin.py:154} INFO - [2023-11-07T19:37:42.395+0000] {dag.py:3722} INFO - Setting next_dagrun for example_sensor_decorator to None, run_after=None
[2023-11-07T19:37:42.417+0000] {processor.py:179} INFO - Processing /usr/local/lib/python3.10/dist-packages/airflow/example_dags/example_sensor_decorator.py took 0.066 seconds
[2023-11-07T19:38:30.147+0000] {processor.py:157} INFO - Started process (PID=3975) to work on /usr/local/lib/python3.10/dist-packages/airflow/example_dags/example_sensor_decorator.py
[2023-11-07T19:38:30.148+0000] {processor.py:829} INFO - Processing file /usr/local/lib/python3.10/dist-packages/airflow/example_dags/example_sensor_decorator.py for tasks to queue
[2023-11-07T19:38:30.149+0000] {logging_mixin.py:154} INFO - [2023-11-07T19:38:30.149+0000] {dagbag.py:536} INFO - Filling up the DagBag from /usr/local/lib/python3.10/dist-packages/airflow/example_dags/example_sensor_decorator.py
[2023-11-07T19:38:30.155+0000] {processor.py:839} INFO - DAG(s) dict_keys(['example_sensor_decorator']) retrieved from /usr/local/lib/python3.10/dist-packages/airflow/example_dags/example_sensor_decorator.py
[2023-11-07T19:38:30.173+0000] {logging_mixin.py:154} INFO - [2023-11-07T19:38:30.173+0000] {dag.py:2941} INFO - Sync 1 DAGs
[2023-11-07T19:38:30.186+0000] {logging_mixin.py:154} INFO - [2023-11-07T19:38:30.186+0000] {dag.py:3722} INFO - Setting next_dagrun for example_sensor_decorator to None, run_after=None
[2023-11-07T19:38:30.209+0000] {processor.py:179} INFO - Processing /usr/local/lib/python3.10/dist-packages/airflow/example_dags/example_sensor_decorator.py took 0.065 seconds
[2023-11-07T19:39:15.680+0000] {processor.py:157} INFO - Started process (PID=4024) to work on /usr/local/lib/python3.10/dist-packages/airflow/example_dags/example_sensor_decorator.py
[2023-11-07T19:39:15.681+0000] {processor.py:829} INFO - Processing file /usr/local/lib/python3.10/dist-packages/airflow/example_dags/example_sensor_decorator.py for tasks to queue
[2023-11-07T19:39:15.682+0000] {logging_mixin.py:154} INFO - [2023-11-07T19:39:15.682+0000] {dagbag.py:536} INFO - Filling up the DagBag from /usr/local/lib/python3.10/dist-packages/airflow/example_dags/example_sensor_decorator.py
[2023-11-07T19:39:15.690+0000] {processor.py:839} INFO - DAG(s) dict_keys(['example_sensor_decorator']) retrieved from /usr/local/lib/python3.10/dist-packages/airflow/example_dags/example_sensor_decorator.py
[2023-11-07T19:39:15.707+0000] {logging_mixin.py:154} INFO - [2023-11-07T19:39:15.707+0000] {dag.py:2941} INFO - Sync 1 DAGs
[2023-11-07T19:39:15.719+0000] {logging_mixin.py:154} INFO - [2023-11-07T19:39:15.718+0000] {dag.py:3722} INFO - Setting next_dagrun for example_sensor_decorator to None, run_after=None
[2023-11-07T19:39:15.742+0000] {processor.py:179} INFO - Processing /usr/local/lib/python3.10/dist-packages/airflow/example_dags/example_sensor_decorator.py took 0.067 seconds
[2023-11-07T19:40:03.792+0000] {processor.py:157} INFO - Started process (PID=4073) to work on /usr/local/lib/python3.10/dist-packages/airflow/example_dags/example_sensor_decorator.py
[2023-11-07T19:40:03.793+0000] {processor.py:829} INFO - Processing file /usr/local/lib/python3.10/dist-packages/airflow/example_dags/example_sensor_decorator.py for tasks to queue
[2023-11-07T19:40:03.794+0000] {logging_mixin.py:154} INFO - [2023-11-07T19:40:03.794+0000] {dagbag.py:536} INFO - Filling up the DagBag from /usr/local/lib/python3.10/dist-packages/airflow/example_dags/example_sensor_decorator.py
[2023-11-07T19:40:03.804+0000] {processor.py:839} INFO - DAG(s) dict_keys(['example_sensor_decorator']) retrieved from /usr/local/lib/python3.10/dist-packages/airflow/example_dags/example_sensor_decorator.py
[2023-11-07T19:40:03.823+0000] {logging_mixin.py:154} INFO - [2023-11-07T19:40:03.823+0000] {dag.py:2941} INFO - Sync 1 DAGs
[2023-11-07T19:40:03.835+0000] {logging_mixin.py:154} INFO - [2023-11-07T19:40:03.835+0000] {dag.py:3722} INFO - Setting next_dagrun for example_sensor_decorator to None, run_after=None
[2023-11-07T19:40:03.858+0000] {processor.py:179} INFO - Processing /usr/local/lib/python3.10/dist-packages/airflow/example_dags/example_sensor_decorator.py took 0.070 seconds
[2023-11-07T19:40:57.494+0000] {processor.py:157} INFO - Started process (PID=4127) to work on /usr/local/lib/python3.10/dist-packages/airflow/example_dags/example_sensor_decorator.py
[2023-11-07T19:40:57.495+0000] {processor.py:829} INFO - Processing file /usr/local/lib/python3.10/dist-packages/airflow/example_dags/example_sensor_decorator.py for tasks to queue
[2023-11-07T19:40:57.497+0000] {logging_mixin.py:154} INFO - [2023-11-07T19:40:57.496+0000] {dagbag.py:536} INFO - Filling up the DagBag from /usr/local/lib/python3.10/dist-packages/airflow/example_dags/example_sensor_decorator.py
[2023-11-07T19:40:57.504+0000] {processor.py:839} INFO - DAG(s) dict_keys(['example_sensor_decorator']) retrieved from /usr/local/lib/python3.10/dist-packages/airflow/example_dags/example_sensor_decorator.py
[2023-11-07T19:40:57.521+0000] {logging_mixin.py:154} INFO - [2023-11-07T19:40:57.520+0000] {dag.py:2941} INFO - Sync 1 DAGs
[2023-11-07T19:40:57.533+0000] {logging_mixin.py:154} INFO - [2023-11-07T19:40:57.532+0000] {dag.py:3722} INFO - Setting next_dagrun for example_sensor_decorator to None, run_after=None
[2023-11-07T19:40:57.557+0000] {processor.py:179} INFO - Processing /usr/local/lib/python3.10/dist-packages/airflow/example_dags/example_sensor_decorator.py took 0.067 seconds
[2023-11-07T19:41:46.022+0000] {processor.py:157} INFO - Started process (PID=4178) to work on /usr/local/lib/python3.10/dist-packages/airflow/example_dags/example_sensor_decorator.py
[2023-11-07T19:41:46.023+0000] {processor.py:829} INFO - Processing file /usr/local/lib/python3.10/dist-packages/airflow/example_dags/example_sensor_decorator.py for tasks to queue
[2023-11-07T19:41:46.024+0000] {logging_mixin.py:154} INFO - [2023-11-07T19:41:46.023+0000] {dagbag.py:536} INFO - Filling up the DagBag from /usr/local/lib/python3.10/dist-packages/airflow/example_dags/example_sensor_decorator.py
[2023-11-07T19:41:46.033+0000] {processor.py:839} INFO - DAG(s) dict_keys(['example_sensor_decorator']) retrieved from /usr/local/lib/python3.10/dist-packages/airflow/example_dags/example_sensor_decorator.py
[2023-11-07T19:41:46.059+0000] {logging_mixin.py:154} INFO - [2023-11-07T19:41:46.059+0000] {dag.py:2941} INFO - Sync 1 DAGs
[2023-11-07T19:41:46.073+0000] {logging_mixin.py:154} INFO - [2023-11-07T19:41:46.073+0000] {dag.py:3722} INFO - Setting next_dagrun for example_sensor_decorator to None, run_after=None
[2023-11-07T19:41:46.097+0000] {processor.py:179} INFO - Processing /usr/local/lib/python3.10/dist-packages/airflow/example_dags/example_sensor_decorator.py took 0.079 seconds
[2023-11-07T19:42:34.429+0000] {processor.py:157} INFO - Started process (PID=4228) to work on /usr/local/lib/python3.10/dist-packages/airflow/example_dags/example_sensor_decorator.py
[2023-11-07T19:42:34.430+0000] {processor.py:829} INFO - Processing file /usr/local/lib/python3.10/dist-packages/airflow/example_dags/example_sensor_decorator.py for tasks to queue
[2023-11-07T19:42:34.431+0000] {logging_mixin.py:154} INFO - [2023-11-07T19:42:34.431+0000] {dagbag.py:536} INFO - Filling up the DagBag from /usr/local/lib/python3.10/dist-packages/airflow/example_dags/example_sensor_decorator.py
[2023-11-07T19:42:34.439+0000] {processor.py:839} INFO - DAG(s) dict_keys(['example_sensor_decorator']) retrieved from /usr/local/lib/python3.10/dist-packages/airflow/example_dags/example_sensor_decorator.py
[2023-11-07T19:42:34.455+0000] {logging_mixin.py:154} INFO - [2023-11-07T19:42:34.455+0000] {dag.py:2941} INFO - Sync 1 DAGs
[2023-11-07T19:42:34.475+0000] {logging_mixin.py:154} INFO - [2023-11-07T19:42:34.475+0000] {dag.py:3722} INFO - Setting next_dagrun for example_sensor_decorator to None, run_after=None
[2023-11-07T19:42:34.515+0000] {processor.py:179} INFO - Processing /usr/local/lib/python3.10/dist-packages/airflow/example_dags/example_sensor_decorator.py took 0.093 seconds
[2023-11-07T19:43:24.627+0000] {processor.py:157} INFO - Started process (PID=4279) to work on /usr/local/lib/python3.10/dist-packages/airflow/example_dags/example_sensor_decorator.py
[2023-11-07T19:43:24.629+0000] {processor.py:829} INFO - Processing file /usr/local/lib/python3.10/dist-packages/airflow/example_dags/example_sensor_decorator.py for tasks to queue
[2023-11-07T19:43:24.630+0000] {logging_mixin.py:154} INFO - [2023-11-07T19:43:24.629+0000] {dagbag.py:536} INFO - Filling up the DagBag from /usr/local/lib/python3.10/dist-packages/airflow/example_dags/example_sensor_decorator.py
[2023-11-07T19:43:24.638+0000] {processor.py:839} INFO - DAG(s) dict_keys(['example_sensor_decorator']) retrieved from /usr/local/lib/python3.10/dist-packages/airflow/example_dags/example_sensor_decorator.py
[2023-11-07T19:43:24.683+0000] {logging_mixin.py:154} INFO - [2023-11-07T19:43:24.681+0000] {dag.py:2941} INFO - Sync 1 DAGs
[2023-11-07T19:43:24.706+0000] {logging_mixin.py:154} INFO - [2023-11-07T19:43:24.706+0000] {dag.py:3722} INFO - Setting next_dagrun for example_sensor_decorator to None, run_after=None
[2023-11-07T19:43:24.736+0000] {processor.py:179} INFO - Processing /usr/local/lib/python3.10/dist-packages/airflow/example_dags/example_sensor_decorator.py took 0.112 seconds
[2023-11-07T19:44:13.103+0000] {processor.py:157} INFO - Started process (PID=4329) to work on /usr/local/lib/python3.10/dist-packages/airflow/example_dags/example_sensor_decorator.py
[2023-11-07T19:44:13.104+0000] {processor.py:829} INFO - Processing file /usr/local/lib/python3.10/dist-packages/airflow/example_dags/example_sensor_decorator.py for tasks to queue
[2023-11-07T19:44:13.105+0000] {logging_mixin.py:154} INFO - [2023-11-07T19:44:13.105+0000] {dagbag.py:536} INFO - Filling up the DagBag from /usr/local/lib/python3.10/dist-packages/airflow/example_dags/example_sensor_decorator.py
[2023-11-07T19:44:13.111+0000] {processor.py:839} INFO - DAG(s) dict_keys(['example_sensor_decorator']) retrieved from /usr/local/lib/python3.10/dist-packages/airflow/example_dags/example_sensor_decorator.py
[2023-11-07T19:44:13.132+0000] {logging_mixin.py:154} INFO - [2023-11-07T19:44:13.128+0000] {dag.py:2941} INFO - Sync 1 DAGs
[2023-11-07T19:44:13.156+0000] {logging_mixin.py:154} INFO - [2023-11-07T19:44:13.156+0000] {dag.py:3722} INFO - Setting next_dagrun for example_sensor_decorator to None, run_after=None
[2023-11-07T19:44:13.188+0000] {processor.py:179} INFO - Processing /usr/local/lib/python3.10/dist-packages/airflow/example_dags/example_sensor_decorator.py took 0.088 seconds
[2023-11-07T19:45:08.348+0000] {processor.py:157} INFO - Started process (PID=4382) to work on /usr/local/lib/python3.10/dist-packages/airflow/example_dags/example_sensor_decorator.py
[2023-11-07T19:45:08.350+0000] {processor.py:829} INFO - Processing file /usr/local/lib/python3.10/dist-packages/airflow/example_dags/example_sensor_decorator.py for tasks to queue
[2023-11-07T19:45:08.350+0000] {logging_mixin.py:154} INFO - [2023-11-07T19:45:08.350+0000] {dagbag.py:536} INFO - Filling up the DagBag from /usr/local/lib/python3.10/dist-packages/airflow/example_dags/example_sensor_decorator.py
[2023-11-07T19:45:08.358+0000] {processor.py:839} INFO - DAG(s) dict_keys(['example_sensor_decorator']) retrieved from /usr/local/lib/python3.10/dist-packages/airflow/example_dags/example_sensor_decorator.py
[2023-11-07T19:45:08.376+0000] {logging_mixin.py:154} INFO - [2023-11-07T19:45:08.376+0000] {dag.py:2941} INFO - Sync 1 DAGs
[2023-11-07T19:45:08.387+0000] {logging_mixin.py:154} INFO - [2023-11-07T19:45:08.387+0000] {dag.py:3722} INFO - Setting next_dagrun for example_sensor_decorator to None, run_after=None
[2023-11-07T19:45:08.409+0000] {processor.py:179} INFO - Processing /usr/local/lib/python3.10/dist-packages/airflow/example_dags/example_sensor_decorator.py took 0.064 seconds
[2023-11-07T19:46:03.007+0000] {processor.py:157} INFO - Started process (PID=4436) to work on /usr/local/lib/python3.10/dist-packages/airflow/example_dags/example_sensor_decorator.py
[2023-11-07T19:46:03.008+0000] {processor.py:829} INFO - Processing file /usr/local/lib/python3.10/dist-packages/airflow/example_dags/example_sensor_decorator.py for tasks to queue
[2023-11-07T19:46:03.009+0000] {logging_mixin.py:154} INFO - [2023-11-07T19:46:03.009+0000] {dagbag.py:536} INFO - Filling up the DagBag from /usr/local/lib/python3.10/dist-packages/airflow/example_dags/example_sensor_decorator.py
[2023-11-07T19:46:03.016+0000] {processor.py:839} INFO - DAG(s) dict_keys(['example_sensor_decorator']) retrieved from /usr/local/lib/python3.10/dist-packages/airflow/example_dags/example_sensor_decorator.py
[2023-11-07T19:46:03.031+0000] {logging_mixin.py:154} INFO - [2023-11-07T19:46:03.030+0000] {dag.py:2941} INFO - Sync 1 DAGs
[2023-11-07T19:46:03.045+0000] {logging_mixin.py:154} INFO - [2023-11-07T19:46:03.045+0000] {dag.py:3722} INFO - Setting next_dagrun for example_sensor_decorator to None, run_after=None
[2023-11-07T19:46:03.068+0000] {processor.py:179} INFO - Processing /usr/local/lib/python3.10/dist-packages/airflow/example_dags/example_sensor_decorator.py took 0.064 seconds
[2023-11-07T19:46:53.463+0000] {processor.py:157} INFO - Started process (PID=4488) to work on /usr/local/lib/python3.10/dist-packages/airflow/example_dags/example_sensor_decorator.py
[2023-11-07T19:46:53.464+0000] {processor.py:829} INFO - Processing file /usr/local/lib/python3.10/dist-packages/airflow/example_dags/example_sensor_decorator.py for tasks to queue
[2023-11-07T19:46:53.464+0000] {logging_mixin.py:154} INFO - [2023-11-07T19:46:53.464+0000] {dagbag.py:536} INFO - Filling up the DagBag from /usr/local/lib/python3.10/dist-packages/airflow/example_dags/example_sensor_decorator.py
[2023-11-07T19:46:53.471+0000] {processor.py:839} INFO - DAG(s) dict_keys(['example_sensor_decorator']) retrieved from /usr/local/lib/python3.10/dist-packages/airflow/example_dags/example_sensor_decorator.py
[2023-11-07T19:46:53.486+0000] {logging_mixin.py:154} INFO - [2023-11-07T19:46:53.486+0000] {dag.py:2941} INFO - Sync 1 DAGs
[2023-11-07T19:46:53.497+0000] {logging_mixin.py:154} INFO - [2023-11-07T19:46:53.496+0000] {dag.py:3722} INFO - Setting next_dagrun for example_sensor_decorator to None, run_after=None
[2023-11-07T19:46:53.518+0000] {processor.py:179} INFO - Processing /usr/local/lib/python3.10/dist-packages/airflow/example_dags/example_sensor_decorator.py took 0.058 seconds
[2023-11-07T19:47:46.397+0000] {processor.py:157} INFO - Started process (PID=4542) to work on /usr/local/lib/python3.10/dist-packages/airflow/example_dags/example_sensor_decorator.py
[2023-11-07T19:47:46.398+0000] {processor.py:829} INFO - Processing file /usr/local/lib/python3.10/dist-packages/airflow/example_dags/example_sensor_decorator.py for tasks to queue
[2023-11-07T19:47:46.398+0000] {logging_mixin.py:154} INFO - [2023-11-07T19:47:46.398+0000] {dagbag.py:536} INFO - Filling up the DagBag from /usr/local/lib/python3.10/dist-packages/airflow/example_dags/example_sensor_decorator.py
[2023-11-07T19:47:46.405+0000] {processor.py:839} INFO - DAG(s) dict_keys(['example_sensor_decorator']) retrieved from /usr/local/lib/python3.10/dist-packages/airflow/example_dags/example_sensor_decorator.py
[2023-11-07T19:47:46.420+0000] {logging_mixin.py:154} INFO - [2023-11-07T19:47:46.420+0000] {dag.py:2941} INFO - Sync 1 DAGs
[2023-11-07T19:47:46.431+0000] {logging_mixin.py:154} INFO - [2023-11-07T19:47:46.431+0000] {dag.py:3722} INFO - Setting next_dagrun for example_sensor_decorator to None, run_after=None
[2023-11-07T19:47:46.451+0000] {processor.py:179} INFO - Processing /usr/local/lib/python3.10/dist-packages/airflow/example_dags/example_sensor_decorator.py took 0.057 seconds
[2023-11-07T19:48:36.577+0000] {processor.py:157} INFO - Started process (PID=4593) to work on /usr/local/lib/python3.10/dist-packages/airflow/example_dags/example_sensor_decorator.py
[2023-11-07T19:48:36.578+0000] {processor.py:829} INFO - Processing file /usr/local/lib/python3.10/dist-packages/airflow/example_dags/example_sensor_decorator.py for tasks to queue
[2023-11-07T19:48:36.579+0000] {logging_mixin.py:154} INFO - [2023-11-07T19:48:36.578+0000] {dagbag.py:536} INFO - Filling up the DagBag from /usr/local/lib/python3.10/dist-packages/airflow/example_dags/example_sensor_decorator.py
[2023-11-07T19:48:36.587+0000] {processor.py:839} INFO - DAG(s) dict_keys(['example_sensor_decorator']) retrieved from /usr/local/lib/python3.10/dist-packages/airflow/example_dags/example_sensor_decorator.py
[2023-11-07T19:48:36.604+0000] {logging_mixin.py:154} INFO - [2023-11-07T19:48:36.604+0000] {dag.py:2941} INFO - Sync 1 DAGs
[2023-11-07T19:48:36.615+0000] {logging_mixin.py:154} INFO - [2023-11-07T19:48:36.615+0000] {dag.py:3722} INFO - Setting next_dagrun for example_sensor_decorator to None, run_after=None
[2023-11-07T19:48:36.639+0000] {processor.py:179} INFO - Processing /usr/local/lib/python3.10/dist-packages/airflow/example_dags/example_sensor_decorator.py took 0.066 seconds
[2023-11-07T19:49:24.889+0000] {processor.py:157} INFO - Started process (PID=4643) to work on /usr/local/lib/python3.10/dist-packages/airflow/example_dags/example_sensor_decorator.py
[2023-11-07T19:49:24.890+0000] {processor.py:829} INFO - Processing file /usr/local/lib/python3.10/dist-packages/airflow/example_dags/example_sensor_decorator.py for tasks to queue
[2023-11-07T19:49:24.891+0000] {logging_mixin.py:154} INFO - [2023-11-07T19:49:24.891+0000] {dagbag.py:536} INFO - Filling up the DagBag from /usr/local/lib/python3.10/dist-packages/airflow/example_dags/example_sensor_decorator.py
[2023-11-07T19:49:24.898+0000] {processor.py:839} INFO - DAG(s) dict_keys(['example_sensor_decorator']) retrieved from /usr/local/lib/python3.10/dist-packages/airflow/example_dags/example_sensor_decorator.py
[2023-11-07T19:49:24.914+0000] {logging_mixin.py:154} INFO - [2023-11-07T19:49:24.914+0000] {dag.py:2941} INFO - Sync 1 DAGs
[2023-11-07T19:49:24.924+0000] {logging_mixin.py:154} INFO - [2023-11-07T19:49:24.924+0000] {dag.py:3722} INFO - Setting next_dagrun for example_sensor_decorator to None, run_after=None
[2023-11-07T19:49:24.951+0000] {processor.py:179} INFO - Processing /usr/local/lib/python3.10/dist-packages/airflow/example_dags/example_sensor_decorator.py took 0.065 seconds
[2023-11-07T19:50:11.693+0000] {processor.py:157} INFO - Started process (PID=4692) to work on /usr/local/lib/python3.10/dist-packages/airflow/example_dags/example_sensor_decorator.py
[2023-11-07T19:50:11.695+0000] {processor.py:829} INFO - Processing file /usr/local/lib/python3.10/dist-packages/airflow/example_dags/example_sensor_decorator.py for tasks to queue
[2023-11-07T19:50:11.696+0000] {logging_mixin.py:154} INFO - [2023-11-07T19:50:11.695+0000] {dagbag.py:536} INFO - Filling up the DagBag from /usr/local/lib/python3.10/dist-packages/airflow/example_dags/example_sensor_decorator.py
[2023-11-07T19:50:11.703+0000] {processor.py:839} INFO - DAG(s) dict_keys(['example_sensor_decorator']) retrieved from /usr/local/lib/python3.10/dist-packages/airflow/example_dags/example_sensor_decorator.py
[2023-11-07T19:50:11.741+0000] {logging_mixin.py:154} INFO - [2023-11-07T19:50:11.741+0000] {dag.py:2941} INFO - Sync 1 DAGs
[2023-11-07T19:50:11.758+0000] {logging_mixin.py:154} INFO - [2023-11-07T19:50:11.757+0000] {dag.py:3722} INFO - Setting next_dagrun for example_sensor_decorator to None, run_after=None
[2023-11-07T19:50:11.784+0000] {processor.py:179} INFO - Processing /usr/local/lib/python3.10/dist-packages/airflow/example_dags/example_sensor_decorator.py took 0.094 seconds
[2023-11-07T19:51:02.054+0000] {processor.py:157} INFO - Started process (PID=4743) to work on /usr/local/lib/python3.10/dist-packages/airflow/example_dags/example_sensor_decorator.py
[2023-11-07T19:51:02.055+0000] {processor.py:829} INFO - Processing file /usr/local/lib/python3.10/dist-packages/airflow/example_dags/example_sensor_decorator.py for tasks to queue
[2023-11-07T19:51:02.056+0000] {logging_mixin.py:154} INFO - [2023-11-07T19:51:02.056+0000] {dagbag.py:536} INFO - Filling up the DagBag from /usr/local/lib/python3.10/dist-packages/airflow/example_dags/example_sensor_decorator.py
[2023-11-07T19:51:02.063+0000] {processor.py:839} INFO - DAG(s) dict_keys(['example_sensor_decorator']) retrieved from /usr/local/lib/python3.10/dist-packages/airflow/example_dags/example_sensor_decorator.py
[2023-11-07T19:51:02.081+0000] {logging_mixin.py:154} INFO - [2023-11-07T19:51:02.081+0000] {dag.py:2941} INFO - Sync 1 DAGs
[2023-11-07T19:51:02.092+0000] {logging_mixin.py:154} INFO - [2023-11-07T19:51:02.092+0000] {dag.py:3722} INFO - Setting next_dagrun for example_sensor_decorator to None, run_after=None
[2023-11-07T19:51:02.114+0000] {processor.py:179} INFO - Processing /usr/local/lib/python3.10/dist-packages/airflow/example_dags/example_sensor_decorator.py took 0.063 seconds
[2023-11-07T19:51:52.024+0000] {processor.py:157} INFO - Started process (PID=4795) to work on /usr/local/lib/python3.10/dist-packages/airflow/example_dags/example_sensor_decorator.py
[2023-11-07T19:51:52.025+0000] {processor.py:829} INFO - Processing file /usr/local/lib/python3.10/dist-packages/airflow/example_dags/example_sensor_decorator.py for tasks to queue
[2023-11-07T19:51:52.026+0000] {logging_mixin.py:154} INFO - [2023-11-07T19:51:52.026+0000] {dagbag.py:536} INFO - Filling up the DagBag from /usr/local/lib/python3.10/dist-packages/airflow/example_dags/example_sensor_decorator.py
[2023-11-07T19:51:52.033+0000] {processor.py:839} INFO - DAG(s) dict_keys(['example_sensor_decorator']) retrieved from /usr/local/lib/python3.10/dist-packages/airflow/example_dags/example_sensor_decorator.py
[2023-11-07T19:51:52.054+0000] {logging_mixin.py:154} INFO - [2023-11-07T19:51:52.054+0000] {dag.py:2941} INFO - Sync 1 DAGs
[2023-11-07T19:51:52.066+0000] {logging_mixin.py:154} INFO - [2023-11-07T19:51:52.066+0000] {dag.py:3722} INFO - Setting next_dagrun for example_sensor_decorator to None, run_after=None
[2023-11-07T19:51:52.086+0000] {processor.py:179} INFO - Processing /usr/local/lib/python3.10/dist-packages/airflow/example_dags/example_sensor_decorator.py took 0.066 seconds
[2023-11-07T19:52:45.415+0000] {processor.py:157} INFO - Started process (PID=4849) to work on /usr/local/lib/python3.10/dist-packages/airflow/example_dags/example_sensor_decorator.py
[2023-11-07T19:52:45.420+0000] {processor.py:829} INFO - Processing file /usr/local/lib/python3.10/dist-packages/airflow/example_dags/example_sensor_decorator.py for tasks to queue
[2023-11-07T19:52:45.420+0000] {logging_mixin.py:154} INFO - [2023-11-07T19:52:45.420+0000] {dagbag.py:536} INFO - Filling up the DagBag from /usr/local/lib/python3.10/dist-packages/airflow/example_dags/example_sensor_decorator.py
[2023-11-07T19:52:45.430+0000] {processor.py:839} INFO - DAG(s) dict_keys(['example_sensor_decorator']) retrieved from /usr/local/lib/python3.10/dist-packages/airflow/example_dags/example_sensor_decorator.py
[2023-11-07T19:52:45.446+0000] {logging_mixin.py:154} INFO - [2023-11-07T19:52:45.445+0000] {dag.py:2941} INFO - Sync 1 DAGs
[2023-11-07T19:52:45.466+0000] {logging_mixin.py:154} INFO - [2023-11-07T19:52:45.466+0000] {dag.py:3722} INFO - Setting next_dagrun for example_sensor_decorator to None, run_after=None
[2023-11-07T19:52:45.492+0000] {processor.py:179} INFO - Processing /usr/local/lib/python3.10/dist-packages/airflow/example_dags/example_sensor_decorator.py took 0.085 seconds
[2023-11-07T19:53:38.130+0000] {processor.py:157} INFO - Started process (PID=4902) to work on /usr/local/lib/python3.10/dist-packages/airflow/example_dags/example_sensor_decorator.py
[2023-11-07T19:53:38.131+0000] {processor.py:829} INFO - Processing file /usr/local/lib/python3.10/dist-packages/airflow/example_dags/example_sensor_decorator.py for tasks to queue
[2023-11-07T19:53:38.132+0000] {logging_mixin.py:154} INFO - [2023-11-07T19:53:38.132+0000] {dagbag.py:536} INFO - Filling up the DagBag from /usr/local/lib/python3.10/dist-packages/airflow/example_dags/example_sensor_decorator.py
[2023-11-07T19:53:38.139+0000] {processor.py:839} INFO - DAG(s) dict_keys(['example_sensor_decorator']) retrieved from /usr/local/lib/python3.10/dist-packages/airflow/example_dags/example_sensor_decorator.py
[2023-11-07T19:53:38.156+0000] {logging_mixin.py:154} INFO - [2023-11-07T19:53:38.156+0000] {dag.py:2941} INFO - Sync 1 DAGs
[2023-11-07T19:53:38.168+0000] {logging_mixin.py:154} INFO - [2023-11-07T19:53:38.167+0000] {dag.py:3722} INFO - Setting next_dagrun for example_sensor_decorator to None, run_after=None
[2023-11-07T19:53:38.192+0000] {processor.py:179} INFO - Processing /usr/local/lib/python3.10/dist-packages/airflow/example_dags/example_sensor_decorator.py took 0.066 seconds
[2023-11-07T19:54:31.751+0000] {processor.py:157} INFO - Started process (PID=4955) to work on /usr/local/lib/python3.10/dist-packages/airflow/example_dags/example_sensor_decorator.py
[2023-11-07T19:54:31.752+0000] {processor.py:829} INFO - Processing file /usr/local/lib/python3.10/dist-packages/airflow/example_dags/example_sensor_decorator.py for tasks to queue
[2023-11-07T19:54:31.753+0000] {logging_mixin.py:154} INFO - [2023-11-07T19:54:31.752+0000] {dagbag.py:536} INFO - Filling up the DagBag from /usr/local/lib/python3.10/dist-packages/airflow/example_dags/example_sensor_decorator.py
[2023-11-07T19:54:31.759+0000] {processor.py:839} INFO - DAG(s) dict_keys(['example_sensor_decorator']) retrieved from /usr/local/lib/python3.10/dist-packages/airflow/example_dags/example_sensor_decorator.py
[2023-11-07T19:54:31.778+0000] {logging_mixin.py:154} INFO - [2023-11-07T19:54:31.778+0000] {dag.py:2941} INFO - Sync 1 DAGs
[2023-11-07T19:54:31.789+0000] {logging_mixin.py:154} INFO - [2023-11-07T19:54:31.788+0000] {dag.py:3722} INFO - Setting next_dagrun for example_sensor_decorator to None, run_after=None
[2023-11-07T19:54:31.813+0000] {processor.py:179} INFO - Processing /usr/local/lib/python3.10/dist-packages/airflow/example_dags/example_sensor_decorator.py took 0.066 seconds
[2023-11-07T19:55:22.219+0000] {processor.py:157} INFO - Started process (PID=5006) to work on /usr/local/lib/python3.10/dist-packages/airflow/example_dags/example_sensor_decorator.py
[2023-11-07T19:55:22.221+0000] {processor.py:829} INFO - Processing file /usr/local/lib/python3.10/dist-packages/airflow/example_dags/example_sensor_decorator.py for tasks to queue
[2023-11-07T19:55:22.222+0000] {logging_mixin.py:154} INFO - [2023-11-07T19:55:22.222+0000] {dagbag.py:536} INFO - Filling up the DagBag from /usr/local/lib/python3.10/dist-packages/airflow/example_dags/example_sensor_decorator.py
[2023-11-07T19:55:22.232+0000] {processor.py:839} INFO - DAG(s) dict_keys(['example_sensor_decorator']) retrieved from /usr/local/lib/python3.10/dist-packages/airflow/example_dags/example_sensor_decorator.py
[2023-11-07T19:55:22.270+0000] {logging_mixin.py:154} INFO - [2023-11-07T19:55:22.270+0000] {dag.py:2941} INFO - Sync 1 DAGs
[2023-11-07T19:55:22.283+0000] {logging_mixin.py:154} INFO - [2023-11-07T19:55:22.283+0000] {dag.py:3722} INFO - Setting next_dagrun for example_sensor_decorator to None, run_after=None
[2023-11-07T19:55:22.314+0000] {processor.py:179} INFO - Processing /usr/local/lib/python3.10/dist-packages/airflow/example_dags/example_sensor_decorator.py took 0.099 seconds
[2023-11-07T19:56:17.796+0000] {processor.py:157} INFO - Started process (PID=5060) to work on /usr/local/lib/python3.10/dist-packages/airflow/example_dags/example_sensor_decorator.py
[2023-11-07T19:56:17.797+0000] {processor.py:829} INFO - Processing file /usr/local/lib/python3.10/dist-packages/airflow/example_dags/example_sensor_decorator.py for tasks to queue
[2023-11-07T19:56:17.799+0000] {logging_mixin.py:154} INFO - [2023-11-07T19:56:17.798+0000] {dagbag.py:536} INFO - Filling up the DagBag from /usr/local/lib/python3.10/dist-packages/airflow/example_dags/example_sensor_decorator.py
[2023-11-07T19:56:17.805+0000] {processor.py:839} INFO - DAG(s) dict_keys(['example_sensor_decorator']) retrieved from /usr/local/lib/python3.10/dist-packages/airflow/example_dags/example_sensor_decorator.py
[2023-11-07T19:56:17.836+0000] {logging_mixin.py:154} INFO - [2023-11-07T19:56:17.836+0000] {dag.py:2941} INFO - Sync 1 DAGs
[2023-11-07T19:56:17.860+0000] {logging_mixin.py:154} INFO - [2023-11-07T19:56:17.860+0000] {dag.py:3722} INFO - Setting next_dagrun for example_sensor_decorator to None, run_after=None
[2023-11-07T19:56:17.887+0000] {processor.py:179} INFO - Processing /usr/local/lib/python3.10/dist-packages/airflow/example_dags/example_sensor_decorator.py took 0.094 seconds
[2023-11-07T19:57:10.147+0000] {processor.py:157} INFO - Started process (PID=5113) to work on /usr/local/lib/python3.10/dist-packages/airflow/example_dags/example_sensor_decorator.py
[2023-11-07T19:57:10.149+0000] {processor.py:829} INFO - Processing file /usr/local/lib/python3.10/dist-packages/airflow/example_dags/example_sensor_decorator.py for tasks to queue
[2023-11-07T19:57:10.150+0000] {logging_mixin.py:154} INFO - [2023-11-07T19:57:10.150+0000] {dagbag.py:536} INFO - Filling up the DagBag from /usr/local/lib/python3.10/dist-packages/airflow/example_dags/example_sensor_decorator.py
[2023-11-07T19:57:10.158+0000] {processor.py:839} INFO - DAG(s) dict_keys(['example_sensor_decorator']) retrieved from /usr/local/lib/python3.10/dist-packages/airflow/example_dags/example_sensor_decorator.py
[2023-11-07T19:57:10.176+0000] {logging_mixin.py:154} INFO - [2023-11-07T19:57:10.176+0000] {dag.py:2941} INFO - Sync 1 DAGs
[2023-11-07T19:57:10.188+0000] {logging_mixin.py:154} INFO - [2023-11-07T19:57:10.188+0000] {dag.py:3722} INFO - Setting next_dagrun for example_sensor_decorator to None, run_after=None
[2023-11-07T19:57:10.218+0000] {processor.py:179} INFO - Processing /usr/local/lib/python3.10/dist-packages/airflow/example_dags/example_sensor_decorator.py took 0.074 seconds
[2023-11-07T19:58:01.877+0000] {processor.py:157} INFO - Started process (PID=5165) to work on /usr/local/lib/python3.10/dist-packages/airflow/example_dags/example_sensor_decorator.py
[2023-11-07T19:58:01.878+0000] {processor.py:829} INFO - Processing file /usr/local/lib/python3.10/dist-packages/airflow/example_dags/example_sensor_decorator.py for tasks to queue
[2023-11-07T19:58:01.879+0000] {logging_mixin.py:154} INFO - [2023-11-07T19:58:01.879+0000] {dagbag.py:536} INFO - Filling up the DagBag from /usr/local/lib/python3.10/dist-packages/airflow/example_dags/example_sensor_decorator.py
[2023-11-07T19:58:01.886+0000] {processor.py:839} INFO - DAG(s) dict_keys(['example_sensor_decorator']) retrieved from /usr/local/lib/python3.10/dist-packages/airflow/example_dags/example_sensor_decorator.py
[2023-11-07T19:58:01.912+0000] {logging_mixin.py:154} INFO - [2023-11-07T19:58:01.912+0000] {dag.py:2941} INFO - Sync 1 DAGs
[2023-11-07T19:58:01.924+0000] {logging_mixin.py:154} INFO - [2023-11-07T19:58:01.924+0000] {dag.py:3722} INFO - Setting next_dagrun for example_sensor_decorator to None, run_after=None
[2023-11-07T19:58:01.948+0000] {processor.py:179} INFO - Processing /usr/local/lib/python3.10/dist-packages/airflow/example_dags/example_sensor_decorator.py took 0.074 seconds
[2023-11-07T19:58:49.620+0000] {processor.py:157} INFO - Started process (PID=5213) to work on /usr/local/lib/python3.10/dist-packages/airflow/example_dags/example_sensor_decorator.py
[2023-11-07T19:58:49.622+0000] {processor.py:829} INFO - Processing file /usr/local/lib/python3.10/dist-packages/airflow/example_dags/example_sensor_decorator.py for tasks to queue
[2023-11-07T19:58:49.623+0000] {logging_mixin.py:154} INFO - [2023-11-07T19:58:49.622+0000] {dagbag.py:536} INFO - Filling up the DagBag from /usr/local/lib/python3.10/dist-packages/airflow/example_dags/example_sensor_decorator.py
[2023-11-07T19:58:49.629+0000] {processor.py:839} INFO - DAG(s) dict_keys(['example_sensor_decorator']) retrieved from /usr/local/lib/python3.10/dist-packages/airflow/example_dags/example_sensor_decorator.py
[2023-11-07T19:58:49.645+0000] {logging_mixin.py:154} INFO - [2023-11-07T19:58:49.645+0000] {dag.py:2941} INFO - Sync 1 DAGs
[2023-11-07T19:58:49.656+0000] {logging_mixin.py:154} INFO - [2023-11-07T19:58:49.656+0000] {dag.py:3722} INFO - Setting next_dagrun for example_sensor_decorator to None, run_after=None
[2023-11-07T19:58:49.677+0000] {processor.py:179} INFO - Processing /usr/local/lib/python3.10/dist-packages/airflow/example_dags/example_sensor_decorator.py took 0.060 seconds
[2023-11-07T19:59:40.070+0000] {processor.py:157} INFO - Started process (PID=5265) to work on /usr/local/lib/python3.10/dist-packages/airflow/example_dags/example_sensor_decorator.py
[2023-11-07T19:59:40.071+0000] {processor.py:829} INFO - Processing file /usr/local/lib/python3.10/dist-packages/airflow/example_dags/example_sensor_decorator.py for tasks to queue
[2023-11-07T19:59:40.072+0000] {logging_mixin.py:154} INFO - [2023-11-07T19:59:40.072+0000] {dagbag.py:536} INFO - Filling up the DagBag from /usr/local/lib/python3.10/dist-packages/airflow/example_dags/example_sensor_decorator.py
[2023-11-07T19:59:40.081+0000] {processor.py:839} INFO - DAG(s) dict_keys(['example_sensor_decorator']) retrieved from /usr/local/lib/python3.10/dist-packages/airflow/example_dags/example_sensor_decorator.py
[2023-11-07T19:59:40.098+0000] {logging_mixin.py:154} INFO - [2023-11-07T19:59:40.097+0000] {dag.py:2941} INFO - Sync 1 DAGs
[2023-11-07T19:59:40.111+0000] {logging_mixin.py:154} INFO - [2023-11-07T19:59:40.111+0000] {dag.py:3722} INFO - Setting next_dagrun for example_sensor_decorator to None, run_after=None
[2023-11-07T19:59:40.134+0000] {processor.py:179} INFO - Processing /usr/local/lib/python3.10/dist-packages/airflow/example_dags/example_sensor_decorator.py took 0.068 seconds
[2023-11-07T20:00:33.823+0000] {processor.py:157} INFO - Started process (PID=5318) to work on /usr/local/lib/python3.10/dist-packages/airflow/example_dags/example_sensor_decorator.py
[2023-11-07T20:00:33.824+0000] {processor.py:829} INFO - Processing file /usr/local/lib/python3.10/dist-packages/airflow/example_dags/example_sensor_decorator.py for tasks to queue
[2023-11-07T20:00:33.825+0000] {logging_mixin.py:154} INFO - [2023-11-07T20:00:33.825+0000] {dagbag.py:536} INFO - Filling up the DagBag from /usr/local/lib/python3.10/dist-packages/airflow/example_dags/example_sensor_decorator.py
[2023-11-07T20:00:33.831+0000] {processor.py:839} INFO - DAG(s) dict_keys(['example_sensor_decorator']) retrieved from /usr/local/lib/python3.10/dist-packages/airflow/example_dags/example_sensor_decorator.py
[2023-11-07T20:00:33.850+0000] {logging_mixin.py:154} INFO - [2023-11-07T20:00:33.850+0000] {dag.py:2941} INFO - Sync 1 DAGs
[2023-11-07T20:00:33.861+0000] {logging_mixin.py:154} INFO - [2023-11-07T20:00:33.861+0000] {dag.py:3722} INFO - Setting next_dagrun for example_sensor_decorator to None, run_after=None
[2023-11-07T20:00:33.884+0000] {processor.py:179} INFO - Processing /usr/local/lib/python3.10/dist-packages/airflow/example_dags/example_sensor_decorator.py took 0.065 seconds
[2023-11-07T20:01:26.489+0000] {processor.py:157} INFO - Started process (PID=5372) to work on /usr/local/lib/python3.10/dist-packages/airflow/example_dags/example_sensor_decorator.py
[2023-11-07T20:01:26.491+0000] {processor.py:829} INFO - Processing file /usr/local/lib/python3.10/dist-packages/airflow/example_dags/example_sensor_decorator.py for tasks to queue
[2023-11-07T20:01:26.491+0000] {logging_mixin.py:154} INFO - [2023-11-07T20:01:26.491+0000] {dagbag.py:536} INFO - Filling up the DagBag from /usr/local/lib/python3.10/dist-packages/airflow/example_dags/example_sensor_decorator.py
[2023-11-07T20:01:26.498+0000] {processor.py:839} INFO - DAG(s) dict_keys(['example_sensor_decorator']) retrieved from /usr/local/lib/python3.10/dist-packages/airflow/example_dags/example_sensor_decorator.py
[2023-11-07T20:01:26.515+0000] {logging_mixin.py:154} INFO - [2023-11-07T20:01:26.514+0000] {dag.py:2941} INFO - Sync 1 DAGs
[2023-11-07T20:01:26.526+0000] {logging_mixin.py:154} INFO - [2023-11-07T20:01:26.525+0000] {dag.py:3722} INFO - Setting next_dagrun for example_sensor_decorator to None, run_after=None
[2023-11-07T20:01:26.549+0000] {processor.py:179} INFO - Processing /usr/local/lib/python3.10/dist-packages/airflow/example_dags/example_sensor_decorator.py took 0.063 seconds
[2023-11-07T20:02:10.392+0000] {processor.py:157} INFO - Started process (PID=5418) to work on /usr/local/lib/python3.10/dist-packages/airflow/example_dags/example_sensor_decorator.py
[2023-11-07T20:02:10.393+0000] {processor.py:829} INFO - Processing file /usr/local/lib/python3.10/dist-packages/airflow/example_dags/example_sensor_decorator.py for tasks to queue
[2023-11-07T20:02:10.394+0000] {logging_mixin.py:154} INFO - [2023-11-07T20:02:10.394+0000] {dagbag.py:536} INFO - Filling up the DagBag from /usr/local/lib/python3.10/dist-packages/airflow/example_dags/example_sensor_decorator.py
[2023-11-07T20:02:10.403+0000] {processor.py:839} INFO - DAG(s) dict_keys(['example_sensor_decorator']) retrieved from /usr/local/lib/python3.10/dist-packages/airflow/example_dags/example_sensor_decorator.py
[2023-11-07T20:02:10.426+0000] {logging_mixin.py:154} INFO - [2023-11-07T20:02:10.425+0000] {dag.py:2941} INFO - Sync 1 DAGs
[2023-11-07T20:02:10.450+0000] {logging_mixin.py:154} INFO - [2023-11-07T20:02:10.450+0000] {dag.py:3722} INFO - Setting next_dagrun for example_sensor_decorator to None, run_after=None
[2023-11-07T20:02:10.473+0000] {processor.py:179} INFO - Processing /usr/local/lib/python3.10/dist-packages/airflow/example_dags/example_sensor_decorator.py took 0.092 seconds
[2023-11-07T20:02:59.795+0000] {processor.py:157} INFO - Started process (PID=5470) to work on /usr/local/lib/python3.10/dist-packages/airflow/example_dags/example_sensor_decorator.py
[2023-11-07T20:02:59.799+0000] {processor.py:829} INFO - Processing file /usr/local/lib/python3.10/dist-packages/airflow/example_dags/example_sensor_decorator.py for tasks to queue
[2023-11-07T20:02:59.800+0000] {logging_mixin.py:154} INFO - [2023-11-07T20:02:59.799+0000] {dagbag.py:536} INFO - Filling up the DagBag from /usr/local/lib/python3.10/dist-packages/airflow/example_dags/example_sensor_decorator.py
[2023-11-07T20:02:59.815+0000] {processor.py:839} INFO - DAG(s) dict_keys(['example_sensor_decorator']) retrieved from /usr/local/lib/python3.10/dist-packages/airflow/example_dags/example_sensor_decorator.py
[2023-11-07T20:02:59.835+0000] {logging_mixin.py:154} INFO - [2023-11-07T20:02:59.834+0000] {dag.py:2941} INFO - Sync 1 DAGs
[2023-11-07T20:02:59.846+0000] {logging_mixin.py:154} INFO - [2023-11-07T20:02:59.846+0000] {dag.py:3722} INFO - Setting next_dagrun for example_sensor_decorator to None, run_after=None
[2023-11-07T20:02:59.876+0000] {processor.py:179} INFO - Processing /usr/local/lib/python3.10/dist-packages/airflow/example_dags/example_sensor_decorator.py took 0.089 seconds
[2023-11-07T20:03:51.069+0000] {processor.py:157} INFO - Started process (PID=5522) to work on /usr/local/lib/python3.10/dist-packages/airflow/example_dags/example_sensor_decorator.py
[2023-11-07T20:03:51.070+0000] {processor.py:829} INFO - Processing file /usr/local/lib/python3.10/dist-packages/airflow/example_dags/example_sensor_decorator.py for tasks to queue
[2023-11-07T20:03:51.071+0000] {logging_mixin.py:154} INFO - [2023-11-07T20:03:51.071+0000] {dagbag.py:536} INFO - Filling up the DagBag from /usr/local/lib/python3.10/dist-packages/airflow/example_dags/example_sensor_decorator.py
[2023-11-07T20:03:51.077+0000] {processor.py:839} INFO - DAG(s) dict_keys(['example_sensor_decorator']) retrieved from /usr/local/lib/python3.10/dist-packages/airflow/example_dags/example_sensor_decorator.py
[2023-11-07T20:03:51.093+0000] {logging_mixin.py:154} INFO - [2023-11-07T20:03:51.093+0000] {dag.py:2941} INFO - Sync 1 DAGs
[2023-11-07T20:03:51.104+0000] {logging_mixin.py:154} INFO - [2023-11-07T20:03:51.104+0000] {dag.py:3722} INFO - Setting next_dagrun for example_sensor_decorator to None, run_after=None
[2023-11-07T20:03:51.126+0000] {processor.py:179} INFO - Processing /usr/local/lib/python3.10/dist-packages/airflow/example_dags/example_sensor_decorator.py took 0.061 seconds
[2023-11-07T20:04:38.077+0000] {processor.py:157} INFO - Started process (PID=5571) to work on /usr/local/lib/python3.10/dist-packages/airflow/example_dags/example_sensor_decorator.py
[2023-11-07T20:04:38.078+0000] {processor.py:829} INFO - Processing file /usr/local/lib/python3.10/dist-packages/airflow/example_dags/example_sensor_decorator.py for tasks to queue
[2023-11-07T20:04:38.079+0000] {logging_mixin.py:154} INFO - [2023-11-07T20:04:38.079+0000] {dagbag.py:536} INFO - Filling up the DagBag from /usr/local/lib/python3.10/dist-packages/airflow/example_dags/example_sensor_decorator.py
[2023-11-07T20:04:38.085+0000] {processor.py:839} INFO - DAG(s) dict_keys(['example_sensor_decorator']) retrieved from /usr/local/lib/python3.10/dist-packages/airflow/example_dags/example_sensor_decorator.py
[2023-11-07T20:04:38.103+0000] {logging_mixin.py:154} INFO - [2023-11-07T20:04:38.103+0000] {dag.py:2941} INFO - Sync 1 DAGs
[2023-11-07T20:04:38.116+0000] {logging_mixin.py:154} INFO - [2023-11-07T20:04:38.116+0000] {dag.py:3722} INFO - Setting next_dagrun for example_sensor_decorator to None, run_after=None
[2023-11-07T20:04:38.148+0000] {processor.py:179} INFO - Processing /usr/local/lib/python3.10/dist-packages/airflow/example_dags/example_sensor_decorator.py took 0.074 seconds
[2023-11-07T20:05:27.950+0000] {processor.py:157} INFO - Started process (PID=5622) to work on /usr/local/lib/python3.10/dist-packages/airflow/example_dags/example_sensor_decorator.py
[2023-11-07T20:05:27.952+0000] {processor.py:829} INFO - Processing file /usr/local/lib/python3.10/dist-packages/airflow/example_dags/example_sensor_decorator.py for tasks to queue
[2023-11-07T20:05:27.952+0000] {logging_mixin.py:154} INFO - [2023-11-07T20:05:27.952+0000] {dagbag.py:536} INFO - Filling up the DagBag from /usr/local/lib/python3.10/dist-packages/airflow/example_dags/example_sensor_decorator.py
[2023-11-07T20:05:27.959+0000] {processor.py:839} INFO - DAG(s) dict_keys(['example_sensor_decorator']) retrieved from /usr/local/lib/python3.10/dist-packages/airflow/example_dags/example_sensor_decorator.py
[2023-11-07T20:05:27.975+0000] {logging_mixin.py:154} INFO - [2023-11-07T20:05:27.975+0000] {dag.py:2941} INFO - Sync 1 DAGs
[2023-11-07T20:05:27.987+0000] {logging_mixin.py:154} INFO - [2023-11-07T20:05:27.986+0000] {dag.py:3722} INFO - Setting next_dagrun for example_sensor_decorator to None, run_after=None
[2023-11-07T20:05:28.009+0000] {processor.py:179} INFO - Processing /usr/local/lib/python3.10/dist-packages/airflow/example_dags/example_sensor_decorator.py took 0.063 seconds
[2023-11-07T20:06:18.077+0000] {processor.py:157} INFO - Started process (PID=5673) to work on /usr/local/lib/python3.10/dist-packages/airflow/example_dags/example_sensor_decorator.py
[2023-11-07T20:06:18.078+0000] {processor.py:829} INFO - Processing file /usr/local/lib/python3.10/dist-packages/airflow/example_dags/example_sensor_decorator.py for tasks to queue
[2023-11-07T20:06:18.079+0000] {logging_mixin.py:154} INFO - [2023-11-07T20:06:18.079+0000] {dagbag.py:536} INFO - Filling up the DagBag from /usr/local/lib/python3.10/dist-packages/airflow/example_dags/example_sensor_decorator.py
[2023-11-07T20:06:18.086+0000] {processor.py:839} INFO - DAG(s) dict_keys(['example_sensor_decorator']) retrieved from /usr/local/lib/python3.10/dist-packages/airflow/example_dags/example_sensor_decorator.py
[2023-11-07T20:06:18.102+0000] {logging_mixin.py:154} INFO - [2023-11-07T20:06:18.102+0000] {dag.py:2941} INFO - Sync 1 DAGs
[2023-11-07T20:06:18.113+0000] {logging_mixin.py:154} INFO - [2023-11-07T20:06:18.113+0000] {dag.py:3722} INFO - Setting next_dagrun for example_sensor_decorator to None, run_after=None
[2023-11-07T20:06:18.135+0000] {processor.py:179} INFO - Processing /usr/local/lib/python3.10/dist-packages/airflow/example_dags/example_sensor_decorator.py took 0.061 seconds
[2023-11-07T20:07:07.279+0000] {processor.py:157} INFO - Started process (PID=5724) to work on /usr/local/lib/python3.10/dist-packages/airflow/example_dags/example_sensor_decorator.py
[2023-11-07T20:07:07.281+0000] {processor.py:829} INFO - Processing file /usr/local/lib/python3.10/dist-packages/airflow/example_dags/example_sensor_decorator.py for tasks to queue
[2023-11-07T20:07:07.282+0000] {logging_mixin.py:154} INFO - [2023-11-07T20:07:07.281+0000] {dagbag.py:536} INFO - Filling up the DagBag from /usr/local/lib/python3.10/dist-packages/airflow/example_dags/example_sensor_decorator.py
[2023-11-07T20:07:07.288+0000] {processor.py:839} INFO - DAG(s) dict_keys(['example_sensor_decorator']) retrieved from /usr/local/lib/python3.10/dist-packages/airflow/example_dags/example_sensor_decorator.py
[2023-11-07T20:07:07.306+0000] {logging_mixin.py:154} INFO - [2023-11-07T20:07:07.306+0000] {dag.py:2941} INFO - Sync 1 DAGs
[2023-11-07T20:07:07.318+0000] {logging_mixin.py:154} INFO - [2023-11-07T20:07:07.318+0000] {dag.py:3722} INFO - Setting next_dagrun for example_sensor_decorator to None, run_after=None
[2023-11-07T20:07:07.346+0000] {processor.py:179} INFO - Processing /usr/local/lib/python3.10/dist-packages/airflow/example_dags/example_sensor_decorator.py took 0.070 seconds
[2023-11-07T20:07:58.179+0000] {processor.py:157} INFO - Started process (PID=5777) to work on /usr/local/lib/python3.10/dist-packages/airflow/example_dags/example_sensor_decorator.py
[2023-11-07T20:07:58.180+0000] {processor.py:829} INFO - Processing file /usr/local/lib/python3.10/dist-packages/airflow/example_dags/example_sensor_decorator.py for tasks to queue
[2023-11-07T20:07:58.181+0000] {logging_mixin.py:154} INFO - [2023-11-07T20:07:58.180+0000] {dagbag.py:536} INFO - Filling up the DagBag from /usr/local/lib/python3.10/dist-packages/airflow/example_dags/example_sensor_decorator.py
[2023-11-07T20:07:58.187+0000] {processor.py:839} INFO - DAG(s) dict_keys(['example_sensor_decorator']) retrieved from /usr/local/lib/python3.10/dist-packages/airflow/example_dags/example_sensor_decorator.py
[2023-11-07T20:07:58.210+0000] {logging_mixin.py:154} INFO - [2023-11-07T20:07:58.209+0000] {dag.py:2941} INFO - Sync 1 DAGs
[2023-11-07T20:07:58.228+0000] {logging_mixin.py:154} INFO - [2023-11-07T20:07:58.228+0000] {dag.py:3722} INFO - Setting next_dagrun for example_sensor_decorator to None, run_after=None
[2023-11-07T20:07:58.258+0000] {processor.py:179} INFO - Processing /usr/local/lib/python3.10/dist-packages/airflow/example_dags/example_sensor_decorator.py took 0.082 seconds
