[2023-11-07T19:31:32.368+0000] {processor.py:157} INFO - Started process (PID=3552) to work on /usr/local/lib/python3.10/dist-packages/airflow/example_dags/example_trigger_controller_dag.py
[2023-11-07T19:31:32.369+0000] {processor.py:829} INFO - Processing file /usr/local/lib/python3.10/dist-packages/airflow/example_dags/example_trigger_controller_dag.py for tasks to queue
[2023-11-07T19:31:32.369+0000] {logging_mixin.py:154} INFO - [2023-11-07T19:31:32.369+0000] {dagbag.py:536} INFO - Filling up the DagBag from /usr/local/lib/python3.10/dist-packages/airflow/example_dags/example_trigger_controller_dag.py
[2023-11-07T19:31:32.378+0000] {processor.py:839} INFO - DAG(s) dict_keys(['example_trigger_controller_dag']) retrieved from /usr/local/lib/python3.10/dist-packages/airflow/example_dags/example_trigger_controller_dag.py
[2023-11-07T19:31:32.481+0000] {logging_mixin.py:154} INFO - [2023-11-07T19:31:32.481+0000] {manager.py:499} INFO - Created Permission View: %s
[2023-11-07T19:31:32.500+0000] {logging_mixin.py:154} INFO - [2023-11-07T19:31:32.500+0000] {manager.py:499} INFO - Created Permission View: %s
[2023-11-07T19:31:32.513+0000] {logging_mixin.py:154} INFO - [2023-11-07T19:31:32.512+0000] {manager.py:499} INFO - Created Permission View: %s
[2023-11-07T19:31:32.513+0000] {logging_mixin.py:154} INFO - [2023-11-07T19:31:32.513+0000] {dag.py:2941} INFO - Sync 1 DAGs
[2023-11-07T19:31:32.528+0000] {logging_mixin.py:154} INFO - [2023-11-07T19:31:32.527+0000] {dag.py:2963} INFO - Creating ORM DAG for example_trigger_controller_dag
[2023-11-07T19:31:32.540+0000] {logging_mixin.py:154} INFO - [2023-11-07T19:31:32.540+0000] {dag.py:3722} INFO - Setting next_dagrun for example_trigger_controller_dag to 2021-01-01T00:00:00+00:00, run_after=2021-01-01T00:00:00+00:00
[2023-11-07T19:31:32.604+0000] {processor.py:179} INFO - Processing /usr/local/lib/python3.10/dist-packages/airflow/example_dags/example_trigger_controller_dag.py took 0.240 seconds
[2023-11-07T19:32:26.034+0000] {processor.py:157} INFO - Started process (PID=3599) to work on /usr/local/lib/python3.10/dist-packages/airflow/example_dags/example_trigger_controller_dag.py
[2023-11-07T19:32:26.035+0000] {processor.py:829} INFO - Processing file /usr/local/lib/python3.10/dist-packages/airflow/example_dags/example_trigger_controller_dag.py for tasks to queue
[2023-11-07T19:32:26.036+0000] {logging_mixin.py:154} INFO - [2023-11-07T19:32:26.036+0000] {dagbag.py:536} INFO - Filling up the DagBag from /usr/local/lib/python3.10/dist-packages/airflow/example_dags/example_trigger_controller_dag.py
[2023-11-07T19:32:26.041+0000] {processor.py:839} INFO - DAG(s) dict_keys(['example_trigger_controller_dag']) retrieved from /usr/local/lib/python3.10/dist-packages/airflow/example_dags/example_trigger_controller_dag.py
[2023-11-07T19:32:26.061+0000] {logging_mixin.py:154} INFO - [2023-11-07T19:32:26.060+0000] {dag.py:2941} INFO - Sync 1 DAGs
[2023-11-07T19:32:26.082+0000] {logging_mixin.py:154} INFO - [2023-11-07T19:32:26.082+0000] {dag.py:3722} INFO - Setting next_dagrun for example_trigger_controller_dag to 2021-01-01T00:00:00+00:00, run_after=2021-01-01T00:00:00+00:00
[2023-11-07T19:32:26.103+0000] {processor.py:179} INFO - Processing /usr/local/lib/python3.10/dist-packages/airflow/example_dags/example_trigger_controller_dag.py took 0.079 seconds
[2023-11-07T19:33:06.557+0000] {processor.py:157} INFO - Started process (PID=3640) to work on /usr/local/lib/python3.10/dist-packages/airflow/example_dags/example_trigger_controller_dag.py
[2023-11-07T19:33:06.559+0000] {processor.py:829} INFO - Processing file /usr/local/lib/python3.10/dist-packages/airflow/example_dags/example_trigger_controller_dag.py for tasks to queue
[2023-11-07T19:33:06.559+0000] {logging_mixin.py:154} INFO - [2023-11-07T19:33:06.559+0000] {dagbag.py:536} INFO - Filling up the DagBag from /usr/local/lib/python3.10/dist-packages/airflow/example_dags/example_trigger_controller_dag.py
[2023-11-07T19:33:06.574+0000] {processor.py:839} INFO - DAG(s) dict_keys(['example_trigger_controller_dag']) retrieved from /usr/local/lib/python3.10/dist-packages/airflow/example_dags/example_trigger_controller_dag.py
[2023-11-07T19:33:06.613+0000] {logging_mixin.py:154} INFO - [2023-11-07T19:33:06.612+0000] {dag.py:2941} INFO - Sync 1 DAGs
[2023-11-07T19:33:06.634+0000] {logging_mixin.py:154} INFO - [2023-11-07T19:33:06.634+0000] {dag.py:3722} INFO - Setting next_dagrun for example_trigger_controller_dag to 2021-01-01T00:00:00+00:00, run_after=2021-01-01T00:00:00+00:00
[2023-11-07T19:33:06.657+0000] {processor.py:179} INFO - Processing /usr/local/lib/python3.10/dist-packages/airflow/example_dags/example_trigger_controller_dag.py took 0.103 seconds
[2023-11-07T19:33:52.069+0000] {processor.py:157} INFO - Started process (PID=3687) to work on /usr/local/lib/python3.10/dist-packages/airflow/example_dags/example_trigger_controller_dag.py
[2023-11-07T19:33:52.070+0000] {processor.py:829} INFO - Processing file /usr/local/lib/python3.10/dist-packages/airflow/example_dags/example_trigger_controller_dag.py for tasks to queue
[2023-11-07T19:33:52.071+0000] {logging_mixin.py:154} INFO - [2023-11-07T19:33:52.071+0000] {dagbag.py:536} INFO - Filling up the DagBag from /usr/local/lib/python3.10/dist-packages/airflow/example_dags/example_trigger_controller_dag.py
[2023-11-07T19:33:52.077+0000] {processor.py:839} INFO - DAG(s) dict_keys(['example_trigger_controller_dag']) retrieved from /usr/local/lib/python3.10/dist-packages/airflow/example_dags/example_trigger_controller_dag.py
[2023-11-07T19:33:52.099+0000] {logging_mixin.py:154} INFO - [2023-11-07T19:33:52.098+0000] {dag.py:2941} INFO - Sync 1 DAGs
[2023-11-07T19:33:52.128+0000] {logging_mixin.py:154} INFO - [2023-11-07T19:33:52.127+0000] {dag.py:3722} INFO - Setting next_dagrun for example_trigger_controller_dag to 2021-01-01T00:00:00+00:00, run_after=2021-01-01T00:00:00+00:00
[2023-11-07T19:33:52.155+0000] {processor.py:179} INFO - Processing /usr/local/lib/python3.10/dist-packages/airflow/example_dags/example_trigger_controller_dag.py took 0.090 seconds
[2023-11-07T19:34:38.496+0000] {processor.py:157} INFO - Started process (PID=3735) to work on /usr/local/lib/python3.10/dist-packages/airflow/example_dags/example_trigger_controller_dag.py
[2023-11-07T19:34:38.498+0000] {processor.py:829} INFO - Processing file /usr/local/lib/python3.10/dist-packages/airflow/example_dags/example_trigger_controller_dag.py for tasks to queue
[2023-11-07T19:34:38.499+0000] {logging_mixin.py:154} INFO - [2023-11-07T19:34:38.498+0000] {dagbag.py:536} INFO - Filling up the DagBag from /usr/local/lib/python3.10/dist-packages/airflow/example_dags/example_trigger_controller_dag.py
[2023-11-07T19:34:38.504+0000] {processor.py:839} INFO - DAG(s) dict_keys(['example_trigger_controller_dag']) retrieved from /usr/local/lib/python3.10/dist-packages/airflow/example_dags/example_trigger_controller_dag.py
[2023-11-07T19:34:38.521+0000] {logging_mixin.py:154} INFO - [2023-11-07T19:34:38.521+0000] {dag.py:2941} INFO - Sync 1 DAGs
[2023-11-07T19:34:38.543+0000] {logging_mixin.py:154} INFO - [2023-11-07T19:34:38.542+0000] {dag.py:3722} INFO - Setting next_dagrun for example_trigger_controller_dag to 2021-01-01T00:00:00+00:00, run_after=2021-01-01T00:00:00+00:00
[2023-11-07T19:34:38.566+0000] {processor.py:179} INFO - Processing /usr/local/lib/python3.10/dist-packages/airflow/example_dags/example_trigger_controller_dag.py took 0.073 seconds
[2023-11-07T19:35:24.085+0000] {processor.py:157} INFO - Started process (PID=3784) to work on /usr/local/lib/python3.10/dist-packages/airflow/example_dags/example_trigger_controller_dag.py
[2023-11-07T19:35:24.089+0000] {processor.py:829} INFO - Processing file /usr/local/lib/python3.10/dist-packages/airflow/example_dags/example_trigger_controller_dag.py for tasks to queue
[2023-11-07T19:35:24.090+0000] {logging_mixin.py:154} INFO - [2023-11-07T19:35:24.089+0000] {dagbag.py:536} INFO - Filling up the DagBag from /usr/local/lib/python3.10/dist-packages/airflow/example_dags/example_trigger_controller_dag.py
[2023-11-07T19:35:24.099+0000] {processor.py:839} INFO - DAG(s) dict_keys(['example_trigger_controller_dag']) retrieved from /usr/local/lib/python3.10/dist-packages/airflow/example_dags/example_trigger_controller_dag.py
[2023-11-07T19:35:24.122+0000] {logging_mixin.py:154} INFO - [2023-11-07T19:35:24.122+0000] {dag.py:2941} INFO - Sync 1 DAGs
[2023-11-07T19:35:24.142+0000] {logging_mixin.py:154} INFO - [2023-11-07T19:35:24.142+0000] {dag.py:3722} INFO - Setting next_dagrun for example_trigger_controller_dag to 2021-01-01T00:00:00+00:00, run_after=2021-01-01T00:00:00+00:00
[2023-11-07T19:35:24.165+0000] {processor.py:179} INFO - Processing /usr/local/lib/python3.10/dist-packages/airflow/example_dags/example_trigger_controller_dag.py took 0.086 seconds
[2023-11-07T19:36:09.673+0000] {processor.py:157} INFO - Started process (PID=3831) to work on /usr/local/lib/python3.10/dist-packages/airflow/example_dags/example_trigger_controller_dag.py
[2023-11-07T19:36:09.674+0000] {processor.py:829} INFO - Processing file /usr/local/lib/python3.10/dist-packages/airflow/example_dags/example_trigger_controller_dag.py for tasks to queue
[2023-11-07T19:36:09.675+0000] {logging_mixin.py:154} INFO - [2023-11-07T19:36:09.675+0000] {dagbag.py:536} INFO - Filling up the DagBag from /usr/local/lib/python3.10/dist-packages/airflow/example_dags/example_trigger_controller_dag.py
[2023-11-07T19:36:09.681+0000] {processor.py:839} INFO - DAG(s) dict_keys(['example_trigger_controller_dag']) retrieved from /usr/local/lib/python3.10/dist-packages/airflow/example_dags/example_trigger_controller_dag.py
[2023-11-07T19:36:09.700+0000] {logging_mixin.py:154} INFO - [2023-11-07T19:36:09.699+0000] {dag.py:2941} INFO - Sync 1 DAGs
[2023-11-07T19:36:09.719+0000] {logging_mixin.py:154} INFO - [2023-11-07T19:36:09.718+0000] {dag.py:3722} INFO - Setting next_dagrun for example_trigger_controller_dag to 2021-01-01T00:00:00+00:00, run_after=2021-01-01T00:00:00+00:00
[2023-11-07T19:36:09.741+0000] {processor.py:179} INFO - Processing /usr/local/lib/python3.10/dist-packages/airflow/example_dags/example_trigger_controller_dag.py took 0.071 seconds
[2023-11-07T19:36:44.985+0000] {processor.py:157} INFO - Started process (PID=3867) to work on /usr/local/lib/python3.10/dist-packages/airflow/example_dags/example_trigger_controller_dag.py
[2023-11-07T19:36:44.986+0000] {processor.py:829} INFO - Processing file /usr/local/lib/python3.10/dist-packages/airflow/example_dags/example_trigger_controller_dag.py for tasks to queue
[2023-11-07T19:36:44.987+0000] {logging_mixin.py:154} INFO - [2023-11-07T19:36:44.987+0000] {dagbag.py:536} INFO - Filling up the DagBag from /usr/local/lib/python3.10/dist-packages/airflow/example_dags/example_trigger_controller_dag.py
[2023-11-07T19:36:44.992+0000] {processor.py:839} INFO - DAG(s) dict_keys(['example_trigger_controller_dag']) retrieved from /usr/local/lib/python3.10/dist-packages/airflow/example_dags/example_trigger_controller_dag.py
[2023-11-07T19:36:45.022+0000] {logging_mixin.py:154} INFO - [2023-11-07T19:36:45.022+0000] {dag.py:2941} INFO - Sync 1 DAGs
[2023-11-07T19:36:45.041+0000] {logging_mixin.py:154} INFO - [2023-11-07T19:36:45.041+0000] {dag.py:3722} INFO - Setting next_dagrun for example_trigger_controller_dag to 2021-01-01T00:00:00+00:00, run_after=2021-01-01T00:00:00+00:00
[2023-11-07T19:36:45.064+0000] {processor.py:179} INFO - Processing /usr/local/lib/python3.10/dist-packages/airflow/example_dags/example_trigger_controller_dag.py took 0.082 seconds
[2023-11-07T19:37:19.134+0000] {processor.py:157} INFO - Started process (PID=3901) to work on /usr/local/lib/python3.10/dist-packages/airflow/example_dags/example_trigger_controller_dag.py
[2023-11-07T19:37:19.135+0000] {processor.py:829} INFO - Processing file /usr/local/lib/python3.10/dist-packages/airflow/example_dags/example_trigger_controller_dag.py for tasks to queue
[2023-11-07T19:37:19.136+0000] {logging_mixin.py:154} INFO - [2023-11-07T19:37:19.136+0000] {dagbag.py:536} INFO - Filling up the DagBag from /usr/local/lib/python3.10/dist-packages/airflow/example_dags/example_trigger_controller_dag.py
[2023-11-07T19:37:19.141+0000] {processor.py:839} INFO - DAG(s) dict_keys(['example_trigger_controller_dag']) retrieved from /usr/local/lib/python3.10/dist-packages/airflow/example_dags/example_trigger_controller_dag.py
[2023-11-07T19:37:19.160+0000] {logging_mixin.py:154} INFO - [2023-11-07T19:37:19.160+0000] {dag.py:2941} INFO - Sync 1 DAGs
[2023-11-07T19:37:19.181+0000] {logging_mixin.py:154} INFO - [2023-11-07T19:37:19.181+0000] {dag.py:3722} INFO - Setting next_dagrun for example_trigger_controller_dag to 2021-01-01T00:00:00+00:00, run_after=2021-01-01T00:00:00+00:00
[2023-11-07T19:37:19.202+0000] {processor.py:179} INFO - Processing /usr/local/lib/python3.10/dist-packages/airflow/example_dags/example_trigger_controller_dag.py took 0.073 seconds
[2023-11-07T19:38:05.514+0000] {processor.py:157} INFO - Started process (PID=3951) to work on /usr/local/lib/python3.10/dist-packages/airflow/example_dags/example_trigger_controller_dag.py
[2023-11-07T19:38:05.515+0000] {processor.py:829} INFO - Processing file /usr/local/lib/python3.10/dist-packages/airflow/example_dags/example_trigger_controller_dag.py for tasks to queue
[2023-11-07T19:38:05.518+0000] {logging_mixin.py:154} INFO - [2023-11-07T19:38:05.517+0000] {dagbag.py:536} INFO - Filling up the DagBag from /usr/local/lib/python3.10/dist-packages/airflow/example_dags/example_trigger_controller_dag.py
[2023-11-07T19:38:05.524+0000] {processor.py:839} INFO - DAG(s) dict_keys(['example_trigger_controller_dag']) retrieved from /usr/local/lib/python3.10/dist-packages/airflow/example_dags/example_trigger_controller_dag.py
[2023-11-07T19:38:05.545+0000] {logging_mixin.py:154} INFO - [2023-11-07T19:38:05.544+0000] {dag.py:2941} INFO - Sync 1 DAGs
[2023-11-07T19:38:05.567+0000] {logging_mixin.py:154} INFO - [2023-11-07T19:38:05.567+0000] {dag.py:3722} INFO - Setting next_dagrun for example_trigger_controller_dag to 2021-01-01T00:00:00+00:00, run_after=2021-01-01T00:00:00+00:00
[2023-11-07T19:38:05.594+0000] {processor.py:179} INFO - Processing /usr/local/lib/python3.10/dist-packages/airflow/example_dags/example_trigger_controller_dag.py took 0.085 seconds
[2023-11-07T19:38:40.178+0000] {processor.py:157} INFO - Started process (PID=3985) to work on /usr/local/lib/python3.10/dist-packages/airflow/example_dags/example_trigger_controller_dag.py
[2023-11-07T19:38:40.179+0000] {processor.py:829} INFO - Processing file /usr/local/lib/python3.10/dist-packages/airflow/example_dags/example_trigger_controller_dag.py for tasks to queue
[2023-11-07T19:38:40.180+0000] {logging_mixin.py:154} INFO - [2023-11-07T19:38:40.180+0000] {dagbag.py:536} INFO - Filling up the DagBag from /usr/local/lib/python3.10/dist-packages/airflow/example_dags/example_trigger_controller_dag.py
[2023-11-07T19:38:40.185+0000] {processor.py:839} INFO - DAG(s) dict_keys(['example_trigger_controller_dag']) retrieved from /usr/local/lib/python3.10/dist-packages/airflow/example_dags/example_trigger_controller_dag.py
[2023-11-07T19:38:40.202+0000] {logging_mixin.py:154} INFO - [2023-11-07T19:38:40.202+0000] {dag.py:2941} INFO - Sync 1 DAGs
[2023-11-07T19:38:40.220+0000] {logging_mixin.py:154} INFO - [2023-11-07T19:38:40.220+0000] {dag.py:3722} INFO - Setting next_dagrun for example_trigger_controller_dag to 2021-01-01T00:00:00+00:00, run_after=2021-01-01T00:00:00+00:00
[2023-11-07T19:38:40.241+0000] {processor.py:179} INFO - Processing /usr/local/lib/python3.10/dist-packages/airflow/example_dags/example_trigger_controller_dag.py took 0.066 seconds
[2023-11-07T19:39:23.908+0000] {processor.py:157} INFO - Started process (PID=4032) to work on /usr/local/lib/python3.10/dist-packages/airflow/example_dags/example_trigger_controller_dag.py
[2023-11-07T19:39:23.910+0000] {processor.py:829} INFO - Processing file /usr/local/lib/python3.10/dist-packages/airflow/example_dags/example_trigger_controller_dag.py for tasks to queue
[2023-11-07T19:39:23.910+0000] {logging_mixin.py:154} INFO - [2023-11-07T19:39:23.910+0000] {dagbag.py:536} INFO - Filling up the DagBag from /usr/local/lib/python3.10/dist-packages/airflow/example_dags/example_trigger_controller_dag.py
[2023-11-07T19:39:23.921+0000] {processor.py:839} INFO - DAG(s) dict_keys(['example_trigger_controller_dag']) retrieved from /usr/local/lib/python3.10/dist-packages/airflow/example_dags/example_trigger_controller_dag.py
[2023-11-07T19:39:23.939+0000] {logging_mixin.py:154} INFO - [2023-11-07T19:39:23.939+0000] {dag.py:2941} INFO - Sync 1 DAGs
[2023-11-07T19:39:23.959+0000] {logging_mixin.py:154} INFO - [2023-11-07T19:39:23.958+0000] {dag.py:3722} INFO - Setting next_dagrun for example_trigger_controller_dag to 2021-01-01T00:00:00+00:00, run_after=2021-01-01T00:00:00+00:00
[2023-11-07T19:39:23.988+0000] {processor.py:179} INFO - Processing /usr/local/lib/python3.10/dist-packages/airflow/example_dags/example_trigger_controller_dag.py took 0.083 seconds
[2023-11-07T19:40:13.575+0000] {processor.py:157} INFO - Started process (PID=4082) to work on /usr/local/lib/python3.10/dist-packages/airflow/example_dags/example_trigger_controller_dag.py
[2023-11-07T19:40:13.576+0000] {processor.py:829} INFO - Processing file /usr/local/lib/python3.10/dist-packages/airflow/example_dags/example_trigger_controller_dag.py for tasks to queue
[2023-11-07T19:40:13.577+0000] {logging_mixin.py:154} INFO - [2023-11-07T19:40:13.577+0000] {dagbag.py:536} INFO - Filling up the DagBag from /usr/local/lib/python3.10/dist-packages/airflow/example_dags/example_trigger_controller_dag.py
[2023-11-07T19:40:13.582+0000] {processor.py:839} INFO - DAG(s) dict_keys(['example_trigger_controller_dag']) retrieved from /usr/local/lib/python3.10/dist-packages/airflow/example_dags/example_trigger_controller_dag.py
[2023-11-07T19:40:13.603+0000] {logging_mixin.py:154} INFO - [2023-11-07T19:40:13.603+0000] {dag.py:2941} INFO - Sync 1 DAGs
[2023-11-07T19:40:13.633+0000] {logging_mixin.py:154} INFO - [2023-11-07T19:40:13.633+0000] {dag.py:3722} INFO - Setting next_dagrun for example_trigger_controller_dag to 2021-01-01T00:00:00+00:00, run_after=2021-01-01T00:00:00+00:00
[2023-11-07T19:40:13.678+0000] {processor.py:179} INFO - Processing /usr/local/lib/python3.10/dist-packages/airflow/example_dags/example_trigger_controller_dag.py took 0.108 seconds
[2023-11-07T19:40:48.876+0000] {processor.py:157} INFO - Started process (PID=4119) to work on /usr/local/lib/python3.10/dist-packages/airflow/example_dags/example_trigger_controller_dag.py
[2023-11-07T19:40:48.877+0000] {processor.py:829} INFO - Processing file /usr/local/lib/python3.10/dist-packages/airflow/example_dags/example_trigger_controller_dag.py for tasks to queue
[2023-11-07T19:40:48.879+0000] {logging_mixin.py:154} INFO - [2023-11-07T19:40:48.878+0000] {dagbag.py:536} INFO - Filling up the DagBag from /usr/local/lib/python3.10/dist-packages/airflow/example_dags/example_trigger_controller_dag.py
[2023-11-07T19:40:48.888+0000] {processor.py:839} INFO - DAG(s) dict_keys(['example_trigger_controller_dag']) retrieved from /usr/local/lib/python3.10/dist-packages/airflow/example_dags/example_trigger_controller_dag.py
[2023-11-07T19:40:48.906+0000] {logging_mixin.py:154} INFO - [2023-11-07T19:40:48.906+0000] {dag.py:2941} INFO - Sync 1 DAGs
[2023-11-07T19:40:48.925+0000] {logging_mixin.py:154} INFO - [2023-11-07T19:40:48.925+0000] {dag.py:3722} INFO - Setting next_dagrun for example_trigger_controller_dag to 2021-01-01T00:00:00+00:00, run_after=2021-01-01T00:00:00+00:00
[2023-11-07T19:40:48.947+0000] {processor.py:179} INFO - Processing /usr/local/lib/python3.10/dist-packages/airflow/example_dags/example_trigger_controller_dag.py took 0.077 seconds
[2023-11-07T19:41:23.380+0000] {processor.py:157} INFO - Started process (PID=4154) to work on /usr/local/lib/python3.10/dist-packages/airflow/example_dags/example_trigger_controller_dag.py
[2023-11-07T19:41:23.382+0000] {processor.py:829} INFO - Processing file /usr/local/lib/python3.10/dist-packages/airflow/example_dags/example_trigger_controller_dag.py for tasks to queue
[2023-11-07T19:41:23.382+0000] {logging_mixin.py:154} INFO - [2023-11-07T19:41:23.382+0000] {dagbag.py:536} INFO - Filling up the DagBag from /usr/local/lib/python3.10/dist-packages/airflow/example_dags/example_trigger_controller_dag.py
[2023-11-07T19:41:23.388+0000] {processor.py:839} INFO - DAG(s) dict_keys(['example_trigger_controller_dag']) retrieved from /usr/local/lib/python3.10/dist-packages/airflow/example_dags/example_trigger_controller_dag.py
[2023-11-07T19:41:23.413+0000] {logging_mixin.py:154} INFO - [2023-11-07T19:41:23.412+0000] {dag.py:2941} INFO - Sync 1 DAGs
[2023-11-07T19:41:23.444+0000] {logging_mixin.py:154} INFO - [2023-11-07T19:41:23.444+0000] {dag.py:3722} INFO - Setting next_dagrun for example_trigger_controller_dag to 2021-01-01T00:00:00+00:00, run_after=2021-01-01T00:00:00+00:00
[2023-11-07T19:41:23.470+0000] {processor.py:179} INFO - Processing /usr/local/lib/python3.10/dist-packages/airflow/example_dags/example_trigger_controller_dag.py took 0.094 seconds
[2023-11-07T19:42:10.937+0000] {processor.py:157} INFO - Started process (PID=4203) to work on /usr/local/lib/python3.10/dist-packages/airflow/example_dags/example_trigger_controller_dag.py
[2023-11-07T19:42:10.938+0000] {processor.py:829} INFO - Processing file /usr/local/lib/python3.10/dist-packages/airflow/example_dags/example_trigger_controller_dag.py for tasks to queue
[2023-11-07T19:42:10.939+0000] {logging_mixin.py:154} INFO - [2023-11-07T19:42:10.939+0000] {dagbag.py:536} INFO - Filling up the DagBag from /usr/local/lib/python3.10/dist-packages/airflow/example_dags/example_trigger_controller_dag.py
[2023-11-07T19:42:10.944+0000] {processor.py:839} INFO - DAG(s) dict_keys(['example_trigger_controller_dag']) retrieved from /usr/local/lib/python3.10/dist-packages/airflow/example_dags/example_trigger_controller_dag.py
[2023-11-07T19:42:10.974+0000] {logging_mixin.py:154} INFO - [2023-11-07T19:42:10.974+0000] {dag.py:2941} INFO - Sync 1 DAGs
[2023-11-07T19:42:11.009+0000] {logging_mixin.py:154} INFO - [2023-11-07T19:42:11.008+0000] {dag.py:3722} INFO - Setting next_dagrun for example_trigger_controller_dag to 2021-01-01T00:00:00+00:00, run_after=2021-01-01T00:00:00+00:00
[2023-11-07T19:42:11.057+0000] {processor.py:179} INFO - Processing /usr/local/lib/python3.10/dist-packages/airflow/example_dags/example_trigger_controller_dag.py took 0.123 seconds
[2023-11-07T19:42:59.805+0000] {processor.py:157} INFO - Started process (PID=4253) to work on /usr/local/lib/python3.10/dist-packages/airflow/example_dags/example_trigger_controller_dag.py
[2023-11-07T19:42:59.806+0000] {processor.py:829} INFO - Processing file /usr/local/lib/python3.10/dist-packages/airflow/example_dags/example_trigger_controller_dag.py for tasks to queue
[2023-11-07T19:42:59.807+0000] {logging_mixin.py:154} INFO - [2023-11-07T19:42:59.807+0000] {dagbag.py:536} INFO - Filling up the DagBag from /usr/local/lib/python3.10/dist-packages/airflow/example_dags/example_trigger_controller_dag.py
[2023-11-07T19:42:59.812+0000] {processor.py:839} INFO - DAG(s) dict_keys(['example_trigger_controller_dag']) retrieved from /usr/local/lib/python3.10/dist-packages/airflow/example_dags/example_trigger_controller_dag.py
[2023-11-07T19:42:59.835+0000] {logging_mixin.py:154} INFO - [2023-11-07T19:42:59.835+0000] {dag.py:2941} INFO - Sync 1 DAGs
[2023-11-07T19:42:59.863+0000] {logging_mixin.py:154} INFO - [2023-11-07T19:42:59.862+0000] {dag.py:3722} INFO - Setting next_dagrun for example_trigger_controller_dag to 2021-01-01T00:00:00+00:00, run_after=2021-01-01T00:00:00+00:00
[2023-11-07T19:42:59.894+0000] {processor.py:179} INFO - Processing /usr/local/lib/python3.10/dist-packages/airflow/example_dags/example_trigger_controller_dag.py took 0.093 seconds
[2023-11-07T19:43:33.421+0000] {processor.py:157} INFO - Started process (PID=4288) to work on /usr/local/lib/python3.10/dist-packages/airflow/example_dags/example_trigger_controller_dag.py
[2023-11-07T19:43:33.422+0000] {processor.py:829} INFO - Processing file /usr/local/lib/python3.10/dist-packages/airflow/example_dags/example_trigger_controller_dag.py for tasks to queue
[2023-11-07T19:43:33.423+0000] {logging_mixin.py:154} INFO - [2023-11-07T19:43:33.423+0000] {dagbag.py:536} INFO - Filling up the DagBag from /usr/local/lib/python3.10/dist-packages/airflow/example_dags/example_trigger_controller_dag.py
[2023-11-07T19:43:33.433+0000] {processor.py:839} INFO - DAG(s) dict_keys(['example_trigger_controller_dag']) retrieved from /usr/local/lib/python3.10/dist-packages/airflow/example_dags/example_trigger_controller_dag.py
[2023-11-07T19:43:33.454+0000] {logging_mixin.py:154} INFO - [2023-11-07T19:43:33.454+0000] {dag.py:2941} INFO - Sync 1 DAGs
[2023-11-07T19:43:33.474+0000] {logging_mixin.py:154} INFO - [2023-11-07T19:43:33.474+0000] {dag.py:3722} INFO - Setting next_dagrun for example_trigger_controller_dag to 2021-01-01T00:00:00+00:00, run_after=2021-01-01T00:00:00+00:00
[2023-11-07T19:43:33.498+0000] {processor.py:179} INFO - Processing /usr/local/lib/python3.10/dist-packages/airflow/example_dags/example_trigger_controller_dag.py took 0.082 seconds
[2023-11-07T19:44:23.405+0000] {processor.py:157} INFO - Started process (PID=4339) to work on /usr/local/lib/python3.10/dist-packages/airflow/example_dags/example_trigger_controller_dag.py
[2023-11-07T19:44:23.406+0000] {processor.py:829} INFO - Processing file /usr/local/lib/python3.10/dist-packages/airflow/example_dags/example_trigger_controller_dag.py for tasks to queue
[2023-11-07T19:44:23.407+0000] {logging_mixin.py:154} INFO - [2023-11-07T19:44:23.407+0000] {dagbag.py:536} INFO - Filling up the DagBag from /usr/local/lib/python3.10/dist-packages/airflow/example_dags/example_trigger_controller_dag.py
[2023-11-07T19:44:23.412+0000] {processor.py:839} INFO - DAG(s) dict_keys(['example_trigger_controller_dag']) retrieved from /usr/local/lib/python3.10/dist-packages/airflow/example_dags/example_trigger_controller_dag.py
[2023-11-07T19:44:23.430+0000] {logging_mixin.py:154} INFO - [2023-11-07T19:44:23.430+0000] {dag.py:2941} INFO - Sync 1 DAGs
[2023-11-07T19:44:23.459+0000] {logging_mixin.py:154} INFO - [2023-11-07T19:44:23.459+0000] {dag.py:3722} INFO - Setting next_dagrun for example_trigger_controller_dag to 2021-01-01T00:00:00+00:00, run_after=2021-01-01T00:00:00+00:00
[2023-11-07T19:44:23.491+0000] {processor.py:179} INFO - Processing /usr/local/lib/python3.10/dist-packages/airflow/example_dags/example_trigger_controller_dag.py took 0.089 seconds
[2023-11-07T19:44:59.432+0000] {processor.py:157} INFO - Started process (PID=4374) to work on /usr/local/lib/python3.10/dist-packages/airflow/example_dags/example_trigger_controller_dag.py
[2023-11-07T19:44:59.434+0000] {processor.py:829} INFO - Processing file /usr/local/lib/python3.10/dist-packages/airflow/example_dags/example_trigger_controller_dag.py for tasks to queue
[2023-11-07T19:44:59.436+0000] {logging_mixin.py:154} INFO - [2023-11-07T19:44:59.435+0000] {dagbag.py:536} INFO - Filling up the DagBag from /usr/local/lib/python3.10/dist-packages/airflow/example_dags/example_trigger_controller_dag.py
[2023-11-07T19:44:59.441+0000] {processor.py:839} INFO - DAG(s) dict_keys(['example_trigger_controller_dag']) retrieved from /usr/local/lib/python3.10/dist-packages/airflow/example_dags/example_trigger_controller_dag.py
[2023-11-07T19:44:59.474+0000] {logging_mixin.py:154} INFO - [2023-11-07T19:44:59.474+0000] {dag.py:2941} INFO - Sync 1 DAGs
[2023-11-07T19:44:59.509+0000] {logging_mixin.py:154} INFO - [2023-11-07T19:44:59.509+0000] {dag.py:3722} INFO - Setting next_dagrun for example_trigger_controller_dag to 2021-01-01T00:00:00+00:00, run_after=2021-01-01T00:00:00+00:00
[2023-11-07T19:44:59.531+0000] {processor.py:179} INFO - Processing /usr/local/lib/python3.10/dist-packages/airflow/example_dags/example_trigger_controller_dag.py took 0.111 seconds
[2023-11-07T19:45:36.981+0000] {processor.py:157} INFO - Started process (PID=4411) to work on /usr/local/lib/python3.10/dist-packages/airflow/example_dags/example_trigger_controller_dag.py
[2023-11-07T19:45:36.983+0000] {processor.py:829} INFO - Processing file /usr/local/lib/python3.10/dist-packages/airflow/example_dags/example_trigger_controller_dag.py for tasks to queue
[2023-11-07T19:45:36.983+0000] {logging_mixin.py:154} INFO - [2023-11-07T19:45:36.983+0000] {dagbag.py:536} INFO - Filling up the DagBag from /usr/local/lib/python3.10/dist-packages/airflow/example_dags/example_trigger_controller_dag.py
[2023-11-07T19:45:36.988+0000] {processor.py:839} INFO - DAG(s) dict_keys(['example_trigger_controller_dag']) retrieved from /usr/local/lib/python3.10/dist-packages/airflow/example_dags/example_trigger_controller_dag.py
[2023-11-07T19:45:37.020+0000] {logging_mixin.py:154} INFO - [2023-11-07T19:45:37.020+0000] {dag.py:2941} INFO - Sync 1 DAGs
[2023-11-07T19:45:37.051+0000] {logging_mixin.py:154} INFO - [2023-11-07T19:45:37.051+0000] {dag.py:3722} INFO - Setting next_dagrun for example_trigger_controller_dag to 2021-01-01T00:00:00+00:00, run_after=2021-01-01T00:00:00+00:00
[2023-11-07T19:45:37.074+0000] {processor.py:179} INFO - Processing /usr/local/lib/python3.10/dist-packages/airflow/example_dags/example_trigger_controller_dag.py took 0.096 seconds
[2023-11-07T19:46:12.259+0000] {processor.py:157} INFO - Started process (PID=4446) to work on /usr/local/lib/python3.10/dist-packages/airflow/example_dags/example_trigger_controller_dag.py
[2023-11-07T19:46:12.261+0000] {processor.py:829} INFO - Processing file /usr/local/lib/python3.10/dist-packages/airflow/example_dags/example_trigger_controller_dag.py for tasks to queue
[2023-11-07T19:46:12.262+0000] {logging_mixin.py:154} INFO - [2023-11-07T19:46:12.261+0000] {dagbag.py:536} INFO - Filling up the DagBag from /usr/local/lib/python3.10/dist-packages/airflow/example_dags/example_trigger_controller_dag.py
[2023-11-07T19:46:12.267+0000] {processor.py:839} INFO - DAG(s) dict_keys(['example_trigger_controller_dag']) retrieved from /usr/local/lib/python3.10/dist-packages/airflow/example_dags/example_trigger_controller_dag.py
[2023-11-07T19:46:12.288+0000] {logging_mixin.py:154} INFO - [2023-11-07T19:46:12.288+0000] {dag.py:2941} INFO - Sync 1 DAGs
[2023-11-07T19:46:12.311+0000] {logging_mixin.py:154} INFO - [2023-11-07T19:46:12.311+0000] {dag.py:3722} INFO - Setting next_dagrun for example_trigger_controller_dag to 2021-01-01T00:00:00+00:00, run_after=2021-01-01T00:00:00+00:00
[2023-11-07T19:46:12.333+0000] {processor.py:179} INFO - Processing /usr/local/lib/python3.10/dist-packages/airflow/example_dags/example_trigger_controller_dag.py took 0.077 seconds
[2023-11-07T19:46:46.714+0000] {processor.py:157} INFO - Started process (PID=4481) to work on /usr/local/lib/python3.10/dist-packages/airflow/example_dags/example_trigger_controller_dag.py
[2023-11-07T19:46:46.715+0000] {processor.py:829} INFO - Processing file /usr/local/lib/python3.10/dist-packages/airflow/example_dags/example_trigger_controller_dag.py for tasks to queue
[2023-11-07T19:46:46.716+0000] {logging_mixin.py:154} INFO - [2023-11-07T19:46:46.715+0000] {dagbag.py:536} INFO - Filling up the DagBag from /usr/local/lib/python3.10/dist-packages/airflow/example_dags/example_trigger_controller_dag.py
[2023-11-07T19:46:46.721+0000] {processor.py:839} INFO - DAG(s) dict_keys(['example_trigger_controller_dag']) retrieved from /usr/local/lib/python3.10/dist-packages/airflow/example_dags/example_trigger_controller_dag.py
[2023-11-07T19:46:46.747+0000] {logging_mixin.py:154} INFO - [2023-11-07T19:46:46.746+0000] {dag.py:2941} INFO - Sync 1 DAGs
[2023-11-07T19:46:46.773+0000] {logging_mixin.py:154} INFO - [2023-11-07T19:46:46.773+0000] {dag.py:3722} INFO - Setting next_dagrun for example_trigger_controller_dag to 2021-01-01T00:00:00+00:00, run_after=2021-01-01T00:00:00+00:00
[2023-11-07T19:46:46.796+0000] {processor.py:179} INFO - Processing /usr/local/lib/python3.10/dist-packages/airflow/example_dags/example_trigger_controller_dag.py took 0.091 seconds
[2023-11-07T19:47:21.045+0000] {processor.py:157} INFO - Started process (PID=4516) to work on /usr/local/lib/python3.10/dist-packages/airflow/example_dags/example_trigger_controller_dag.py
[2023-11-07T19:47:21.046+0000] {processor.py:829} INFO - Processing file /usr/local/lib/python3.10/dist-packages/airflow/example_dags/example_trigger_controller_dag.py for tasks to queue
[2023-11-07T19:47:21.047+0000] {logging_mixin.py:154} INFO - [2023-11-07T19:47:21.046+0000] {dagbag.py:536} INFO - Filling up the DagBag from /usr/local/lib/python3.10/dist-packages/airflow/example_dags/example_trigger_controller_dag.py
[2023-11-07T19:47:21.052+0000] {processor.py:839} INFO - DAG(s) dict_keys(['example_trigger_controller_dag']) retrieved from /usr/local/lib/python3.10/dist-packages/airflow/example_dags/example_trigger_controller_dag.py
[2023-11-07T19:47:21.068+0000] {logging_mixin.py:154} INFO - [2023-11-07T19:47:21.068+0000] {dag.py:2941} INFO - Sync 1 DAGs
[2023-11-07T19:47:21.087+0000] {logging_mixin.py:154} INFO - [2023-11-07T19:47:21.087+0000] {dag.py:3722} INFO - Setting next_dagrun for example_trigger_controller_dag to 2021-01-01T00:00:00+00:00, run_after=2021-01-01T00:00:00+00:00
[2023-11-07T19:47:21.108+0000] {processor.py:179} INFO - Processing /usr/local/lib/python3.10/dist-packages/airflow/example_dags/example_trigger_controller_dag.py took 0.066 seconds
[2023-11-07T19:47:55.654+0000] {processor.py:157} INFO - Started process (PID=4552) to work on /usr/local/lib/python3.10/dist-packages/airflow/example_dags/example_trigger_controller_dag.py
[2023-11-07T19:47:55.655+0000] {processor.py:829} INFO - Processing file /usr/local/lib/python3.10/dist-packages/airflow/example_dags/example_trigger_controller_dag.py for tasks to queue
[2023-11-07T19:47:55.656+0000] {logging_mixin.py:154} INFO - [2023-11-07T19:47:55.655+0000] {dagbag.py:536} INFO - Filling up the DagBag from /usr/local/lib/python3.10/dist-packages/airflow/example_dags/example_trigger_controller_dag.py
[2023-11-07T19:47:55.660+0000] {processor.py:839} INFO - DAG(s) dict_keys(['example_trigger_controller_dag']) retrieved from /usr/local/lib/python3.10/dist-packages/airflow/example_dags/example_trigger_controller_dag.py
[2023-11-07T19:47:55.678+0000] {logging_mixin.py:154} INFO - [2023-11-07T19:47:55.678+0000] {dag.py:2941} INFO - Sync 1 DAGs
[2023-11-07T19:47:55.696+0000] {logging_mixin.py:154} INFO - [2023-11-07T19:47:55.696+0000] {dag.py:3722} INFO - Setting next_dagrun for example_trigger_controller_dag to 2021-01-01T00:00:00+00:00, run_after=2021-01-01T00:00:00+00:00
[2023-11-07T19:47:55.719+0000] {processor.py:179} INFO - Processing /usr/local/lib/python3.10/dist-packages/airflow/example_dags/example_trigger_controller_dag.py took 0.068 seconds
[2023-11-07T19:48:44.844+0000] {processor.py:157} INFO - Started process (PID=4602) to work on /usr/local/lib/python3.10/dist-packages/airflow/example_dags/example_trigger_controller_dag.py
[2023-11-07T19:48:44.845+0000] {processor.py:829} INFO - Processing file /usr/local/lib/python3.10/dist-packages/airflow/example_dags/example_trigger_controller_dag.py for tasks to queue
[2023-11-07T19:48:44.845+0000] {logging_mixin.py:154} INFO - [2023-11-07T19:48:44.845+0000] {dagbag.py:536} INFO - Filling up the DagBag from /usr/local/lib/python3.10/dist-packages/airflow/example_dags/example_trigger_controller_dag.py
[2023-11-07T19:48:44.850+0000] {processor.py:839} INFO - DAG(s) dict_keys(['example_trigger_controller_dag']) retrieved from /usr/local/lib/python3.10/dist-packages/airflow/example_dags/example_trigger_controller_dag.py
[2023-11-07T19:48:44.867+0000] {logging_mixin.py:154} INFO - [2023-11-07T19:48:44.867+0000] {dag.py:2941} INFO - Sync 1 DAGs
[2023-11-07T19:48:44.899+0000] {logging_mixin.py:154} INFO - [2023-11-07T19:48:44.898+0000] {dag.py:3722} INFO - Setting next_dagrun for example_trigger_controller_dag to 2021-01-01T00:00:00+00:00, run_after=2021-01-01T00:00:00+00:00
[2023-11-07T19:48:44.935+0000] {processor.py:179} INFO - Processing /usr/local/lib/python3.10/dist-packages/airflow/example_dags/example_trigger_controller_dag.py took 0.095 seconds
[2023-11-07T19:49:31.612+0000] {processor.py:157} INFO - Started process (PID=4651) to work on /usr/local/lib/python3.10/dist-packages/airflow/example_dags/example_trigger_controller_dag.py
[2023-11-07T19:49:31.614+0000] {processor.py:829} INFO - Processing file /usr/local/lib/python3.10/dist-packages/airflow/example_dags/example_trigger_controller_dag.py for tasks to queue
[2023-11-07T19:49:31.615+0000] {logging_mixin.py:154} INFO - [2023-11-07T19:49:31.614+0000] {dagbag.py:536} INFO - Filling up the DagBag from /usr/local/lib/python3.10/dist-packages/airflow/example_dags/example_trigger_controller_dag.py
[2023-11-07T19:49:31.620+0000] {processor.py:839} INFO - DAG(s) dict_keys(['example_trigger_controller_dag']) retrieved from /usr/local/lib/python3.10/dist-packages/airflow/example_dags/example_trigger_controller_dag.py
[2023-11-07T19:49:31.642+0000] {logging_mixin.py:154} INFO - [2023-11-07T19:49:31.642+0000] {dag.py:2941} INFO - Sync 1 DAGs
[2023-11-07T19:49:31.667+0000] {logging_mixin.py:154} INFO - [2023-11-07T19:49:31.667+0000] {dag.py:3722} INFO - Setting next_dagrun for example_trigger_controller_dag to 2021-01-01T00:00:00+00:00, run_after=2021-01-01T00:00:00+00:00
[2023-11-07T19:49:31.699+0000] {processor.py:179} INFO - Processing /usr/local/lib/python3.10/dist-packages/airflow/example_dags/example_trigger_controller_dag.py took 0.091 seconds
[2023-11-07T19:50:20.945+0000] {processor.py:157} INFO - Started process (PID=4701) to work on /usr/local/lib/python3.10/dist-packages/airflow/example_dags/example_trigger_controller_dag.py
[2023-11-07T19:50:20.946+0000] {processor.py:829} INFO - Processing file /usr/local/lib/python3.10/dist-packages/airflow/example_dags/example_trigger_controller_dag.py for tasks to queue
[2023-11-07T19:50:20.947+0000] {logging_mixin.py:154} INFO - [2023-11-07T19:50:20.947+0000] {dagbag.py:536} INFO - Filling up the DagBag from /usr/local/lib/python3.10/dist-packages/airflow/example_dags/example_trigger_controller_dag.py
[2023-11-07T19:50:20.953+0000] {processor.py:839} INFO - DAG(s) dict_keys(['example_trigger_controller_dag']) retrieved from /usr/local/lib/python3.10/dist-packages/airflow/example_dags/example_trigger_controller_dag.py
[2023-11-07T19:50:20.976+0000] {logging_mixin.py:154} INFO - [2023-11-07T19:50:20.976+0000] {dag.py:2941} INFO - Sync 1 DAGs
[2023-11-07T19:50:21.003+0000] {logging_mixin.py:154} INFO - [2023-11-07T19:50:21.003+0000] {dag.py:3722} INFO - Setting next_dagrun for example_trigger_controller_dag to 2021-01-01T00:00:00+00:00, run_after=2021-01-01T00:00:00+00:00
[2023-11-07T19:50:21.035+0000] {processor.py:179} INFO - Processing /usr/local/lib/python3.10/dist-packages/airflow/example_dags/example_trigger_controller_dag.py took 0.093 seconds
[2023-11-07T19:50:54.173+0000] {processor.py:157} INFO - Started process (PID=4735) to work on /usr/local/lib/python3.10/dist-packages/airflow/example_dags/example_trigger_controller_dag.py
[2023-11-07T19:50:54.174+0000] {processor.py:829} INFO - Processing file /usr/local/lib/python3.10/dist-packages/airflow/example_dags/example_trigger_controller_dag.py for tasks to queue
[2023-11-07T19:50:54.175+0000] {logging_mixin.py:154} INFO - [2023-11-07T19:50:54.174+0000] {dagbag.py:536} INFO - Filling up the DagBag from /usr/local/lib/python3.10/dist-packages/airflow/example_dags/example_trigger_controller_dag.py
[2023-11-07T19:50:54.180+0000] {processor.py:839} INFO - DAG(s) dict_keys(['example_trigger_controller_dag']) retrieved from /usr/local/lib/python3.10/dist-packages/airflow/example_dags/example_trigger_controller_dag.py
[2023-11-07T19:50:54.199+0000] {logging_mixin.py:154} INFO - [2023-11-07T19:50:54.199+0000] {dag.py:2941} INFO - Sync 1 DAGs
[2023-11-07T19:50:54.220+0000] {logging_mixin.py:154} INFO - [2023-11-07T19:50:54.219+0000] {dag.py:3722} INFO - Setting next_dagrun for example_trigger_controller_dag to 2021-01-01T00:00:00+00:00, run_after=2021-01-01T00:00:00+00:00
[2023-11-07T19:50:54.246+0000] {processor.py:179} INFO - Processing /usr/local/lib/python3.10/dist-packages/airflow/example_dags/example_trigger_controller_dag.py took 0.076 seconds
[2023-11-07T19:51:27.401+0000] {processor.py:157} INFO - Started process (PID=4770) to work on /usr/local/lib/python3.10/dist-packages/airflow/example_dags/example_trigger_controller_dag.py
[2023-11-07T19:51:27.402+0000] {processor.py:829} INFO - Processing file /usr/local/lib/python3.10/dist-packages/airflow/example_dags/example_trigger_controller_dag.py for tasks to queue
[2023-11-07T19:51:27.404+0000] {logging_mixin.py:154} INFO - [2023-11-07T19:51:27.403+0000] {dagbag.py:536} INFO - Filling up the DagBag from /usr/local/lib/python3.10/dist-packages/airflow/example_dags/example_trigger_controller_dag.py
[2023-11-07T19:51:27.410+0000] {processor.py:839} INFO - DAG(s) dict_keys(['example_trigger_controller_dag']) retrieved from /usr/local/lib/python3.10/dist-packages/airflow/example_dags/example_trigger_controller_dag.py
[2023-11-07T19:51:27.429+0000] {logging_mixin.py:154} INFO - [2023-11-07T19:51:27.429+0000] {dag.py:2941} INFO - Sync 1 DAGs
[2023-11-07T19:51:27.452+0000] {logging_mixin.py:154} INFO - [2023-11-07T19:51:27.451+0000] {dag.py:3722} INFO - Setting next_dagrun for example_trigger_controller_dag to 2021-01-01T00:00:00+00:00, run_after=2021-01-01T00:00:00+00:00
[2023-11-07T19:51:27.477+0000] {processor.py:179} INFO - Processing /usr/local/lib/python3.10/dist-packages/airflow/example_dags/example_trigger_controller_dag.py took 0.079 seconds
[2023-11-07T19:52:01.096+0000] {processor.py:157} INFO - Started process (PID=4804) to work on /usr/local/lib/python3.10/dist-packages/airflow/example_dags/example_trigger_controller_dag.py
[2023-11-07T19:52:01.097+0000] {processor.py:829} INFO - Processing file /usr/local/lib/python3.10/dist-packages/airflow/example_dags/example_trigger_controller_dag.py for tasks to queue
[2023-11-07T19:52:01.098+0000] {logging_mixin.py:154} INFO - [2023-11-07T19:52:01.097+0000] {dagbag.py:536} INFO - Filling up the DagBag from /usr/local/lib/python3.10/dist-packages/airflow/example_dags/example_trigger_controller_dag.py
[2023-11-07T19:52:01.103+0000] {processor.py:839} INFO - DAG(s) dict_keys(['example_trigger_controller_dag']) retrieved from /usr/local/lib/python3.10/dist-packages/airflow/example_dags/example_trigger_controller_dag.py
[2023-11-07T19:52:01.123+0000] {logging_mixin.py:154} INFO - [2023-11-07T19:52:01.122+0000] {dag.py:2941} INFO - Sync 1 DAGs
[2023-11-07T19:52:01.144+0000] {logging_mixin.py:154} INFO - [2023-11-07T19:52:01.144+0000] {dag.py:3722} INFO - Setting next_dagrun for example_trigger_controller_dag to 2021-01-01T00:00:00+00:00, run_after=2021-01-01T00:00:00+00:00
[2023-11-07T19:52:01.167+0000] {processor.py:179} INFO - Processing /usr/local/lib/python3.10/dist-packages/airflow/example_dags/example_trigger_controller_dag.py took 0.076 seconds
[2023-11-07T19:52:36.509+0000] {processor.py:157} INFO - Started process (PID=4840) to work on /usr/local/lib/python3.10/dist-packages/airflow/example_dags/example_trigger_controller_dag.py
[2023-11-07T19:52:36.510+0000] {processor.py:829} INFO - Processing file /usr/local/lib/python3.10/dist-packages/airflow/example_dags/example_trigger_controller_dag.py for tasks to queue
[2023-11-07T19:52:36.511+0000] {logging_mixin.py:154} INFO - [2023-11-07T19:52:36.510+0000] {dagbag.py:536} INFO - Filling up the DagBag from /usr/local/lib/python3.10/dist-packages/airflow/example_dags/example_trigger_controller_dag.py
[2023-11-07T19:52:36.516+0000] {processor.py:839} INFO - DAG(s) dict_keys(['example_trigger_controller_dag']) retrieved from /usr/local/lib/python3.10/dist-packages/airflow/example_dags/example_trigger_controller_dag.py
[2023-11-07T19:52:36.532+0000] {logging_mixin.py:154} INFO - [2023-11-07T19:52:36.532+0000] {dag.py:2941} INFO - Sync 1 DAGs
[2023-11-07T19:52:36.550+0000] {logging_mixin.py:154} INFO - [2023-11-07T19:52:36.550+0000] {dag.py:3722} INFO - Setting next_dagrun for example_trigger_controller_dag to 2021-01-01T00:00:00+00:00, run_after=2021-01-01T00:00:00+00:00
[2023-11-07T19:52:36.569+0000] {processor.py:179} INFO - Processing /usr/local/lib/python3.10/dist-packages/airflow/example_dags/example_trigger_controller_dag.py took 0.063 seconds
[2023-11-07T19:53:11.129+0000] {processor.py:157} INFO - Started process (PID=4875) to work on /usr/local/lib/python3.10/dist-packages/airflow/example_dags/example_trigger_controller_dag.py
[2023-11-07T19:53:11.130+0000] {processor.py:829} INFO - Processing file /usr/local/lib/python3.10/dist-packages/airflow/example_dags/example_trigger_controller_dag.py for tasks to queue
[2023-11-07T19:53:11.135+0000] {logging_mixin.py:154} INFO - [2023-11-07T19:53:11.131+0000] {dagbag.py:536} INFO - Filling up the DagBag from /usr/local/lib/python3.10/dist-packages/airflow/example_dags/example_trigger_controller_dag.py
[2023-11-07T19:53:11.154+0000] {processor.py:839} INFO - DAG(s) dict_keys(['example_trigger_controller_dag']) retrieved from /usr/local/lib/python3.10/dist-packages/airflow/example_dags/example_trigger_controller_dag.py
[2023-11-07T19:53:11.207+0000] {logging_mixin.py:154} INFO - [2023-11-07T19:53:11.205+0000] {dag.py:2941} INFO - Sync 1 DAGs
[2023-11-07T19:53:11.261+0000] {logging_mixin.py:154} INFO - [2023-11-07T19:53:11.260+0000] {dag.py:3722} INFO - Setting next_dagrun for example_trigger_controller_dag to 2021-01-01T00:00:00+00:00, run_after=2021-01-01T00:00:00+00:00
[2023-11-07T19:53:11.312+0000] {processor.py:179} INFO - Processing /usr/local/lib/python3.10/dist-packages/airflow/example_dags/example_trigger_controller_dag.py took 0.187 seconds
[2023-11-07T19:53:47.659+0000] {processor.py:157} INFO - Started process (PID=4911) to work on /usr/local/lib/python3.10/dist-packages/airflow/example_dags/example_trigger_controller_dag.py
[2023-11-07T19:53:47.660+0000] {processor.py:829} INFO - Processing file /usr/local/lib/python3.10/dist-packages/airflow/example_dags/example_trigger_controller_dag.py for tasks to queue
[2023-11-07T19:53:47.664+0000] {logging_mixin.py:154} INFO - [2023-11-07T19:53:47.661+0000] {dagbag.py:536} INFO - Filling up the DagBag from /usr/local/lib/python3.10/dist-packages/airflow/example_dags/example_trigger_controller_dag.py
[2023-11-07T19:53:47.672+0000] {processor.py:839} INFO - DAG(s) dict_keys(['example_trigger_controller_dag']) retrieved from /usr/local/lib/python3.10/dist-packages/airflow/example_dags/example_trigger_controller_dag.py
[2023-11-07T19:53:47.695+0000] {logging_mixin.py:154} INFO - [2023-11-07T19:53:47.694+0000] {dag.py:2941} INFO - Sync 1 DAGs
[2023-11-07T19:53:47.714+0000] {logging_mixin.py:154} INFO - [2023-11-07T19:53:47.714+0000] {dag.py:3722} INFO - Setting next_dagrun for example_trigger_controller_dag to 2021-01-01T00:00:00+00:00, run_after=2021-01-01T00:00:00+00:00
[2023-11-07T19:53:47.736+0000] {processor.py:179} INFO - Processing /usr/local/lib/python3.10/dist-packages/airflow/example_dags/example_trigger_controller_dag.py took 0.087 seconds
[2023-11-07T19:54:23.621+0000] {processor.py:157} INFO - Started process (PID=4946) to work on /usr/local/lib/python3.10/dist-packages/airflow/example_dags/example_trigger_controller_dag.py
[2023-11-07T19:54:23.622+0000] {processor.py:829} INFO - Processing file /usr/local/lib/python3.10/dist-packages/airflow/example_dags/example_trigger_controller_dag.py for tasks to queue
[2023-11-07T19:54:23.623+0000] {logging_mixin.py:154} INFO - [2023-11-07T19:54:23.623+0000] {dagbag.py:536} INFO - Filling up the DagBag from /usr/local/lib/python3.10/dist-packages/airflow/example_dags/example_trigger_controller_dag.py
[2023-11-07T19:54:23.628+0000] {processor.py:839} INFO - DAG(s) dict_keys(['example_trigger_controller_dag']) retrieved from /usr/local/lib/python3.10/dist-packages/airflow/example_dags/example_trigger_controller_dag.py
[2023-11-07T19:54:23.647+0000] {logging_mixin.py:154} INFO - [2023-11-07T19:54:23.646+0000] {dag.py:2941} INFO - Sync 1 DAGs
[2023-11-07T19:54:23.665+0000] {logging_mixin.py:154} INFO - [2023-11-07T19:54:23.664+0000] {dag.py:3722} INFO - Setting next_dagrun for example_trigger_controller_dag to 2021-01-01T00:00:00+00:00, run_after=2021-01-01T00:00:00+00:00
[2023-11-07T19:54:23.693+0000] {processor.py:179} INFO - Processing /usr/local/lib/python3.10/dist-packages/airflow/example_dags/example_trigger_controller_dag.py took 0.075 seconds
[2023-11-07T19:54:57.559+0000] {processor.py:157} INFO - Started process (PID=4981) to work on /usr/local/lib/python3.10/dist-packages/airflow/example_dags/example_trigger_controller_dag.py
[2023-11-07T19:54:57.560+0000] {processor.py:829} INFO - Processing file /usr/local/lib/python3.10/dist-packages/airflow/example_dags/example_trigger_controller_dag.py for tasks to queue
[2023-11-07T19:54:57.561+0000] {logging_mixin.py:154} INFO - [2023-11-07T19:54:57.560+0000] {dagbag.py:536} INFO - Filling up the DagBag from /usr/local/lib/python3.10/dist-packages/airflow/example_dags/example_trigger_controller_dag.py
[2023-11-07T19:54:57.569+0000] {processor.py:839} INFO - DAG(s) dict_keys(['example_trigger_controller_dag']) retrieved from /usr/local/lib/python3.10/dist-packages/airflow/example_dags/example_trigger_controller_dag.py
[2023-11-07T19:54:57.611+0000] {logging_mixin.py:154} INFO - [2023-11-07T19:54:57.610+0000] {dag.py:2941} INFO - Sync 1 DAGs
[2023-11-07T19:54:57.637+0000] {logging_mixin.py:154} INFO - [2023-11-07T19:54:57.637+0000] {dag.py:3722} INFO - Setting next_dagrun for example_trigger_controller_dag to 2021-01-01T00:00:00+00:00, run_after=2021-01-01T00:00:00+00:00
[2023-11-07T19:54:57.666+0000] {processor.py:179} INFO - Processing /usr/local/lib/python3.10/dist-packages/airflow/example_dags/example_trigger_controller_dag.py took 0.116 seconds
[2023-11-07T19:55:31.232+0000] {processor.py:157} INFO - Started process (PID=5015) to work on /usr/local/lib/python3.10/dist-packages/airflow/example_dags/example_trigger_controller_dag.py
[2023-11-07T19:55:31.233+0000] {processor.py:829} INFO - Processing file /usr/local/lib/python3.10/dist-packages/airflow/example_dags/example_trigger_controller_dag.py for tasks to queue
[2023-11-07T19:55:31.234+0000] {logging_mixin.py:154} INFO - [2023-11-07T19:55:31.233+0000] {dagbag.py:536} INFO - Filling up the DagBag from /usr/local/lib/python3.10/dist-packages/airflow/example_dags/example_trigger_controller_dag.py
[2023-11-07T19:55:31.239+0000] {processor.py:839} INFO - DAG(s) dict_keys(['example_trigger_controller_dag']) retrieved from /usr/local/lib/python3.10/dist-packages/airflow/example_dags/example_trigger_controller_dag.py
[2023-11-07T19:55:31.256+0000] {logging_mixin.py:154} INFO - [2023-11-07T19:55:31.256+0000] {dag.py:2941} INFO - Sync 1 DAGs
[2023-11-07T19:55:31.276+0000] {logging_mixin.py:154} INFO - [2023-11-07T19:55:31.276+0000] {dag.py:3722} INFO - Setting next_dagrun for example_trigger_controller_dag to 2021-01-01T00:00:00+00:00, run_after=2021-01-01T00:00:00+00:00
[2023-11-07T19:55:31.298+0000] {processor.py:179} INFO - Processing /usr/local/lib/python3.10/dist-packages/airflow/example_dags/example_trigger_controller_dag.py took 0.069 seconds
[2023-11-07T19:56:07.879+0000] {processor.py:157} INFO - Started process (PID=5051) to work on /usr/local/lib/python3.10/dist-packages/airflow/example_dags/example_trigger_controller_dag.py
[2023-11-07T19:56:07.884+0000] {processor.py:829} INFO - Processing file /usr/local/lib/python3.10/dist-packages/airflow/example_dags/example_trigger_controller_dag.py for tasks to queue
[2023-11-07T19:56:07.885+0000] {logging_mixin.py:154} INFO - [2023-11-07T19:56:07.884+0000] {dagbag.py:536} INFO - Filling up the DagBag from /usr/local/lib/python3.10/dist-packages/airflow/example_dags/example_trigger_controller_dag.py
[2023-11-07T19:56:07.894+0000] {processor.py:839} INFO - DAG(s) dict_keys(['example_trigger_controller_dag']) retrieved from /usr/local/lib/python3.10/dist-packages/airflow/example_dags/example_trigger_controller_dag.py
[2023-11-07T19:56:07.921+0000] {logging_mixin.py:154} INFO - [2023-11-07T19:56:07.921+0000] {dag.py:2941} INFO - Sync 1 DAGs
[2023-11-07T19:56:07.946+0000] {logging_mixin.py:154} INFO - [2023-11-07T19:56:07.945+0000] {dag.py:3722} INFO - Setting next_dagrun for example_trigger_controller_dag to 2021-01-01T00:00:00+00:00, run_after=2021-01-01T00:00:00+00:00
[2023-11-07T19:56:07.972+0000] {processor.py:179} INFO - Processing /usr/local/lib/python3.10/dist-packages/airflow/example_dags/example_trigger_controller_dag.py took 0.105 seconds
[2023-11-07T19:56:43.897+0000] {processor.py:157} INFO - Started process (PID=5087) to work on /usr/local/lib/python3.10/dist-packages/airflow/example_dags/example_trigger_controller_dag.py
[2023-11-07T19:56:43.898+0000] {processor.py:829} INFO - Processing file /usr/local/lib/python3.10/dist-packages/airflow/example_dags/example_trigger_controller_dag.py for tasks to queue
[2023-11-07T19:56:43.899+0000] {logging_mixin.py:154} INFO - [2023-11-07T19:56:43.898+0000] {dagbag.py:536} INFO - Filling up the DagBag from /usr/local/lib/python3.10/dist-packages/airflow/example_dags/example_trigger_controller_dag.py
[2023-11-07T19:56:43.911+0000] {processor.py:839} INFO - DAG(s) dict_keys(['example_trigger_controller_dag']) retrieved from /usr/local/lib/python3.10/dist-packages/airflow/example_dags/example_trigger_controller_dag.py
[2023-11-07T19:56:43.956+0000] {logging_mixin.py:154} INFO - [2023-11-07T19:56:43.956+0000] {dag.py:2941} INFO - Sync 1 DAGs
[2023-11-07T19:56:43.975+0000] {logging_mixin.py:154} INFO - [2023-11-07T19:56:43.975+0000] {dag.py:3722} INFO - Setting next_dagrun for example_trigger_controller_dag to 2021-01-01T00:00:00+00:00, run_after=2021-01-01T00:00:00+00:00
[2023-11-07T19:56:43.996+0000] {processor.py:179} INFO - Processing /usr/local/lib/python3.10/dist-packages/airflow/example_dags/example_trigger_controller_dag.py took 0.103 seconds
[2023-11-07T19:57:19.875+0000] {processor.py:157} INFO - Started process (PID=5122) to work on /usr/local/lib/python3.10/dist-packages/airflow/example_dags/example_trigger_controller_dag.py
[2023-11-07T19:57:19.876+0000] {processor.py:829} INFO - Processing file /usr/local/lib/python3.10/dist-packages/airflow/example_dags/example_trigger_controller_dag.py for tasks to queue
[2023-11-07T19:57:19.877+0000] {logging_mixin.py:154} INFO - [2023-11-07T19:57:19.876+0000] {dagbag.py:536} INFO - Filling up the DagBag from /usr/local/lib/python3.10/dist-packages/airflow/example_dags/example_trigger_controller_dag.py
[2023-11-07T19:57:19.882+0000] {processor.py:839} INFO - DAG(s) dict_keys(['example_trigger_controller_dag']) retrieved from /usr/local/lib/python3.10/dist-packages/airflow/example_dags/example_trigger_controller_dag.py
[2023-11-07T19:57:19.900+0000] {logging_mixin.py:154} INFO - [2023-11-07T19:57:19.900+0000] {dag.py:2941} INFO - Sync 1 DAGs
[2023-11-07T19:57:19.918+0000] {logging_mixin.py:154} INFO - [2023-11-07T19:57:19.918+0000] {dag.py:3722} INFO - Setting next_dagrun for example_trigger_controller_dag to 2021-01-01T00:00:00+00:00, run_after=2021-01-01T00:00:00+00:00
[2023-11-07T19:57:19.945+0000] {processor.py:179} INFO - Processing /usr/local/lib/python3.10/dist-packages/airflow/example_dags/example_trigger_controller_dag.py took 0.074 seconds
[2023-11-07T19:57:54.227+0000] {processor.py:157} INFO - Started process (PID=5157) to work on /usr/local/lib/python3.10/dist-packages/airflow/example_dags/example_trigger_controller_dag.py
[2023-11-07T19:57:54.228+0000] {processor.py:829} INFO - Processing file /usr/local/lib/python3.10/dist-packages/airflow/example_dags/example_trigger_controller_dag.py for tasks to queue
[2023-11-07T19:57:54.229+0000] {logging_mixin.py:154} INFO - [2023-11-07T19:57:54.228+0000] {dagbag.py:536} INFO - Filling up the DagBag from /usr/local/lib/python3.10/dist-packages/airflow/example_dags/example_trigger_controller_dag.py
[2023-11-07T19:57:54.234+0000] {processor.py:839} INFO - DAG(s) dict_keys(['example_trigger_controller_dag']) retrieved from /usr/local/lib/python3.10/dist-packages/airflow/example_dags/example_trigger_controller_dag.py
[2023-11-07T19:57:54.250+0000] {logging_mixin.py:154} INFO - [2023-11-07T19:57:54.250+0000] {dag.py:2941} INFO - Sync 1 DAGs
[2023-11-07T19:57:54.274+0000] {logging_mixin.py:154} INFO - [2023-11-07T19:57:54.274+0000] {dag.py:3722} INFO - Setting next_dagrun for example_trigger_controller_dag to 2021-01-01T00:00:00+00:00, run_after=2021-01-01T00:00:00+00:00
[2023-11-07T19:57:54.300+0000] {processor.py:179} INFO - Processing /usr/local/lib/python3.10/dist-packages/airflow/example_dags/example_trigger_controller_dag.py took 0.076 seconds
[2023-11-07T19:58:41.505+0000] {processor.py:157} INFO - Started process (PID=5205) to work on /usr/local/lib/python3.10/dist-packages/airflow/example_dags/example_trigger_controller_dag.py
[2023-11-07T19:58:41.506+0000] {processor.py:829} INFO - Processing file /usr/local/lib/python3.10/dist-packages/airflow/example_dags/example_trigger_controller_dag.py for tasks to queue
[2023-11-07T19:58:41.507+0000] {logging_mixin.py:154} INFO - [2023-11-07T19:58:41.506+0000] {dagbag.py:536} INFO - Filling up the DagBag from /usr/local/lib/python3.10/dist-packages/airflow/example_dags/example_trigger_controller_dag.py
[2023-11-07T19:58:41.512+0000] {processor.py:839} INFO - DAG(s) dict_keys(['example_trigger_controller_dag']) retrieved from /usr/local/lib/python3.10/dist-packages/airflow/example_dags/example_trigger_controller_dag.py
[2023-11-07T19:58:41.531+0000] {logging_mixin.py:154} INFO - [2023-11-07T19:58:41.531+0000] {dag.py:2941} INFO - Sync 1 DAGs
[2023-11-07T19:58:41.553+0000] {logging_mixin.py:154} INFO - [2023-11-07T19:58:41.553+0000] {dag.py:3722} INFO - Setting next_dagrun for example_trigger_controller_dag to 2021-01-01T00:00:00+00:00, run_after=2021-01-01T00:00:00+00:00
[2023-11-07T19:58:41.602+0000] {processor.py:179} INFO - Processing /usr/local/lib/python3.10/dist-packages/airflow/example_dags/example_trigger_controller_dag.py took 0.101 seconds
[2023-11-07T19:59:15.560+0000] {processor.py:157} INFO - Started process (PID=5240) to work on /usr/local/lib/python3.10/dist-packages/airflow/example_dags/example_trigger_controller_dag.py
[2023-11-07T19:59:15.562+0000] {processor.py:829} INFO - Processing file /usr/local/lib/python3.10/dist-packages/airflow/example_dags/example_trigger_controller_dag.py for tasks to queue
[2023-11-07T19:59:15.564+0000] {logging_mixin.py:154} INFO - [2023-11-07T19:59:15.563+0000] {dagbag.py:536} INFO - Filling up the DagBag from /usr/local/lib/python3.10/dist-packages/airflow/example_dags/example_trigger_controller_dag.py
[2023-11-07T19:59:15.573+0000] {processor.py:839} INFO - DAG(s) dict_keys(['example_trigger_controller_dag']) retrieved from /usr/local/lib/python3.10/dist-packages/airflow/example_dags/example_trigger_controller_dag.py
[2023-11-07T19:59:15.612+0000] {logging_mixin.py:154} INFO - [2023-11-07T19:59:15.611+0000] {dag.py:2941} INFO - Sync 1 DAGs
[2023-11-07T19:59:15.658+0000] {logging_mixin.py:154} INFO - [2023-11-07T19:59:15.657+0000] {dag.py:3722} INFO - Setting next_dagrun for example_trigger_controller_dag to 2021-01-01T00:00:00+00:00, run_after=2021-01-01T00:00:00+00:00
[2023-11-07T19:59:15.682+0000] {processor.py:179} INFO - Processing /usr/local/lib/python3.10/dist-packages/airflow/example_dags/example_trigger_controller_dag.py took 0.129 seconds
[2023-11-07T20:00:06.311+0000] {processor.py:157} INFO - Started process (PID=5291) to work on /usr/local/lib/python3.10/dist-packages/airflow/example_dags/example_trigger_controller_dag.py
[2023-11-07T20:00:06.314+0000] {processor.py:829} INFO - Processing file /usr/local/lib/python3.10/dist-packages/airflow/example_dags/example_trigger_controller_dag.py for tasks to queue
[2023-11-07T20:00:06.315+0000] {logging_mixin.py:154} INFO - [2023-11-07T20:00:06.315+0000] {dagbag.py:536} INFO - Filling up the DagBag from /usr/local/lib/python3.10/dist-packages/airflow/example_dags/example_trigger_controller_dag.py
[2023-11-07T20:00:06.325+0000] {processor.py:839} INFO - DAG(s) dict_keys(['example_trigger_controller_dag']) retrieved from /usr/local/lib/python3.10/dist-packages/airflow/example_dags/example_trigger_controller_dag.py
[2023-11-07T20:00:06.375+0000] {logging_mixin.py:154} INFO - [2023-11-07T20:00:06.375+0000] {dag.py:2941} INFO - Sync 1 DAGs
[2023-11-07T20:00:06.425+0000] {logging_mixin.py:154} INFO - [2023-11-07T20:00:06.425+0000] {dag.py:3722} INFO - Setting next_dagrun for example_trigger_controller_dag to 2021-01-01T00:00:00+00:00, run_after=2021-01-01T00:00:00+00:00
[2023-11-07T20:00:06.447+0000] {processor.py:179} INFO - Processing /usr/local/lib/python3.10/dist-packages/airflow/example_dags/example_trigger_controller_dag.py took 0.147 seconds
[2023-11-07T20:00:43.250+0000] {processor.py:157} INFO - Started process (PID=5328) to work on /usr/local/lib/python3.10/dist-packages/airflow/example_dags/example_trigger_controller_dag.py
[2023-11-07T20:00:43.252+0000] {processor.py:829} INFO - Processing file /usr/local/lib/python3.10/dist-packages/airflow/example_dags/example_trigger_controller_dag.py for tasks to queue
[2023-11-07T20:00:43.252+0000] {logging_mixin.py:154} INFO - [2023-11-07T20:00:43.252+0000] {dagbag.py:536} INFO - Filling up the DagBag from /usr/local/lib/python3.10/dist-packages/airflow/example_dags/example_trigger_controller_dag.py
[2023-11-07T20:00:43.257+0000] {processor.py:839} INFO - DAG(s) dict_keys(['example_trigger_controller_dag']) retrieved from /usr/local/lib/python3.10/dist-packages/airflow/example_dags/example_trigger_controller_dag.py
[2023-11-07T20:00:43.274+0000] {logging_mixin.py:154} INFO - [2023-11-07T20:00:43.274+0000] {dag.py:2941} INFO - Sync 1 DAGs
[2023-11-07T20:00:43.294+0000] {logging_mixin.py:154} INFO - [2023-11-07T20:00:43.294+0000] {dag.py:3722} INFO - Setting next_dagrun for example_trigger_controller_dag to 2021-01-01T00:00:00+00:00, run_after=2021-01-01T00:00:00+00:00
[2023-11-07T20:00:43.319+0000] {processor.py:179} INFO - Processing /usr/local/lib/python3.10/dist-packages/airflow/example_dags/example_trigger_controller_dag.py took 0.072 seconds
[2023-11-07T20:01:19.327+0000] {processor.py:157} INFO - Started process (PID=5364) to work on /usr/local/lib/python3.10/dist-packages/airflow/example_dags/example_trigger_controller_dag.py
[2023-11-07T20:01:19.328+0000] {processor.py:829} INFO - Processing file /usr/local/lib/python3.10/dist-packages/airflow/example_dags/example_trigger_controller_dag.py for tasks to queue
[2023-11-07T20:01:19.329+0000] {logging_mixin.py:154} INFO - [2023-11-07T20:01:19.329+0000] {dagbag.py:536} INFO - Filling up the DagBag from /usr/local/lib/python3.10/dist-packages/airflow/example_dags/example_trigger_controller_dag.py
[2023-11-07T20:01:19.334+0000] {processor.py:839} INFO - DAG(s) dict_keys(['example_trigger_controller_dag']) retrieved from /usr/local/lib/python3.10/dist-packages/airflow/example_dags/example_trigger_controller_dag.py
[2023-11-07T20:01:19.351+0000] {logging_mixin.py:154} INFO - [2023-11-07T20:01:19.351+0000] {dag.py:2941} INFO - Sync 1 DAGs
[2023-11-07T20:01:19.372+0000] {logging_mixin.py:154} INFO - [2023-11-07T20:01:19.371+0000] {dag.py:3722} INFO - Setting next_dagrun for example_trigger_controller_dag to 2021-01-01T00:00:00+00:00, run_after=2021-01-01T00:00:00+00:00
[2023-11-07T20:01:19.391+0000] {processor.py:179} INFO - Processing /usr/local/lib/python3.10/dist-packages/airflow/example_dags/example_trigger_controller_dag.py took 0.067 seconds
[2023-11-07T20:02:02.158+0000] {processor.py:157} INFO - Started process (PID=5410) to work on /usr/local/lib/python3.10/dist-packages/airflow/example_dags/example_trigger_controller_dag.py
[2023-11-07T20:02:02.161+0000] {processor.py:829} INFO - Processing file /usr/local/lib/python3.10/dist-packages/airflow/example_dags/example_trigger_controller_dag.py for tasks to queue
[2023-11-07T20:02:02.164+0000] {logging_mixin.py:154} INFO - [2023-11-07T20:02:02.164+0000] {dagbag.py:536} INFO - Filling up the DagBag from /usr/local/lib/python3.10/dist-packages/airflow/example_dags/example_trigger_controller_dag.py
[2023-11-07T20:02:02.171+0000] {processor.py:839} INFO - DAG(s) dict_keys(['example_trigger_controller_dag']) retrieved from /usr/local/lib/python3.10/dist-packages/airflow/example_dags/example_trigger_controller_dag.py
[2023-11-07T20:02:02.198+0000] {logging_mixin.py:154} INFO - [2023-11-07T20:02:02.197+0000] {dag.py:2941} INFO - Sync 1 DAGs
[2023-11-07T20:02:02.218+0000] {logging_mixin.py:154} INFO - [2023-11-07T20:02:02.218+0000] {dag.py:3722} INFO - Setting next_dagrun for example_trigger_controller_dag to 2021-01-01T00:00:00+00:00, run_after=2021-01-01T00:00:00+00:00
[2023-11-07T20:02:02.241+0000] {processor.py:179} INFO - Processing /usr/local/lib/python3.10/dist-packages/airflow/example_dags/example_trigger_controller_dag.py took 0.092 seconds
[2023-11-07T20:02:51.418+0000] {processor.py:157} INFO - Started process (PID=5460) to work on /usr/local/lib/python3.10/dist-packages/airflow/example_dags/example_trigger_controller_dag.py
[2023-11-07T20:02:51.420+0000] {processor.py:829} INFO - Processing file /usr/local/lib/python3.10/dist-packages/airflow/example_dags/example_trigger_controller_dag.py for tasks to queue
[2023-11-07T20:02:51.421+0000] {logging_mixin.py:154} INFO - [2023-11-07T20:02:51.420+0000] {dagbag.py:536} INFO - Filling up the DagBag from /usr/local/lib/python3.10/dist-packages/airflow/example_dags/example_trigger_controller_dag.py
[2023-11-07T20:02:51.427+0000] {processor.py:839} INFO - DAG(s) dict_keys(['example_trigger_controller_dag']) retrieved from /usr/local/lib/python3.10/dist-packages/airflow/example_dags/example_trigger_controller_dag.py
[2023-11-07T20:02:51.443+0000] {logging_mixin.py:154} INFO - [2023-11-07T20:02:51.443+0000] {dag.py:2941} INFO - Sync 1 DAGs
[2023-11-07T20:02:51.462+0000] {logging_mixin.py:154} INFO - [2023-11-07T20:02:51.462+0000] {dag.py:3722} INFO - Setting next_dagrun for example_trigger_controller_dag to 2021-01-01T00:00:00+00:00, run_after=2021-01-01T00:00:00+00:00
[2023-11-07T20:02:51.483+0000] {processor.py:179} INFO - Processing /usr/local/lib/python3.10/dist-packages/airflow/example_dags/example_trigger_controller_dag.py took 0.070 seconds
[2023-11-07T20:03:40.829+0000] {processor.py:157} INFO - Started process (PID=5512) to work on /usr/local/lib/python3.10/dist-packages/airflow/example_dags/example_trigger_controller_dag.py
[2023-11-07T20:03:40.831+0000] {processor.py:829} INFO - Processing file /usr/local/lib/python3.10/dist-packages/airflow/example_dags/example_trigger_controller_dag.py for tasks to queue
[2023-11-07T20:03:40.832+0000] {logging_mixin.py:154} INFO - [2023-11-07T20:03:40.831+0000] {dagbag.py:536} INFO - Filling up the DagBag from /usr/local/lib/python3.10/dist-packages/airflow/example_dags/example_trigger_controller_dag.py
[2023-11-07T20:03:40.837+0000] {processor.py:839} INFO - DAG(s) dict_keys(['example_trigger_controller_dag']) retrieved from /usr/local/lib/python3.10/dist-packages/airflow/example_dags/example_trigger_controller_dag.py
[2023-11-07T20:03:40.854+0000] {logging_mixin.py:154} INFO - [2023-11-07T20:03:40.854+0000] {dag.py:2941} INFO - Sync 1 DAGs
[2023-11-07T20:03:40.873+0000] {logging_mixin.py:154} INFO - [2023-11-07T20:03:40.873+0000] {dag.py:3722} INFO - Setting next_dagrun for example_trigger_controller_dag to 2021-01-01T00:00:00+00:00, run_after=2021-01-01T00:00:00+00:00
[2023-11-07T20:03:40.895+0000] {processor.py:179} INFO - Processing /usr/local/lib/python3.10/dist-packages/airflow/example_dags/example_trigger_controller_dag.py took 0.071 seconds
[2023-11-07T20:04:29.015+0000] {processor.py:157} INFO - Started process (PID=5561) to work on /usr/local/lib/python3.10/dist-packages/airflow/example_dags/example_trigger_controller_dag.py
[2023-11-07T20:04:29.017+0000] {processor.py:829} INFO - Processing file /usr/local/lib/python3.10/dist-packages/airflow/example_dags/example_trigger_controller_dag.py for tasks to queue
[2023-11-07T20:04:29.018+0000] {logging_mixin.py:154} INFO - [2023-11-07T20:04:29.017+0000] {dagbag.py:536} INFO - Filling up the DagBag from /usr/local/lib/python3.10/dist-packages/airflow/example_dags/example_trigger_controller_dag.py
[2023-11-07T20:04:29.023+0000] {processor.py:839} INFO - DAG(s) dict_keys(['example_trigger_controller_dag']) retrieved from /usr/local/lib/python3.10/dist-packages/airflow/example_dags/example_trigger_controller_dag.py
[2023-11-07T20:04:29.054+0000] {logging_mixin.py:154} INFO - [2023-11-07T20:04:29.053+0000] {dag.py:2941} INFO - Sync 1 DAGs
[2023-11-07T20:04:29.076+0000] {logging_mixin.py:154} INFO - [2023-11-07T20:04:29.075+0000] {dag.py:3722} INFO - Setting next_dagrun for example_trigger_controller_dag to 2021-01-01T00:00:00+00:00, run_after=2021-01-01T00:00:00+00:00
[2023-11-07T20:04:29.104+0000] {processor.py:179} INFO - Processing /usr/local/lib/python3.10/dist-packages/airflow/example_dags/example_trigger_controller_dag.py took 0.095 seconds
[2023-11-07T20:05:18.761+0000] {processor.py:157} INFO - Started process (PID=5612) to work on /usr/local/lib/python3.10/dist-packages/airflow/example_dags/example_trigger_controller_dag.py
[2023-11-07T20:05:18.763+0000] {processor.py:829} INFO - Processing file /usr/local/lib/python3.10/dist-packages/airflow/example_dags/example_trigger_controller_dag.py for tasks to queue
[2023-11-07T20:05:18.764+0000] {logging_mixin.py:154} INFO - [2023-11-07T20:05:18.764+0000] {dagbag.py:536} INFO - Filling up the DagBag from /usr/local/lib/python3.10/dist-packages/airflow/example_dags/example_trigger_controller_dag.py
[2023-11-07T20:05:18.769+0000] {processor.py:839} INFO - DAG(s) dict_keys(['example_trigger_controller_dag']) retrieved from /usr/local/lib/python3.10/dist-packages/airflow/example_dags/example_trigger_controller_dag.py
[2023-11-07T20:05:18.787+0000] {logging_mixin.py:154} INFO - [2023-11-07T20:05:18.786+0000] {dag.py:2941} INFO - Sync 1 DAGs
[2023-11-07T20:05:18.816+0000] {logging_mixin.py:154} INFO - [2023-11-07T20:05:18.816+0000] {dag.py:3722} INFO - Setting next_dagrun for example_trigger_controller_dag to 2021-01-01T00:00:00+00:00, run_after=2021-01-01T00:00:00+00:00
[2023-11-07T20:05:18.841+0000] {processor.py:179} INFO - Processing /usr/local/lib/python3.10/dist-packages/airflow/example_dags/example_trigger_controller_dag.py took 0.085 seconds
[2023-11-07T20:05:51.864+0000] {processor.py:157} INFO - Started process (PID=5647) to work on /usr/local/lib/python3.10/dist-packages/airflow/example_dags/example_trigger_controller_dag.py
[2023-11-07T20:05:51.866+0000] {processor.py:829} INFO - Processing file /usr/local/lib/python3.10/dist-packages/airflow/example_dags/example_trigger_controller_dag.py for tasks to queue
[2023-11-07T20:05:51.866+0000] {logging_mixin.py:154} INFO - [2023-11-07T20:05:51.866+0000] {dagbag.py:536} INFO - Filling up the DagBag from /usr/local/lib/python3.10/dist-packages/airflow/example_dags/example_trigger_controller_dag.py
[2023-11-07T20:05:51.872+0000] {processor.py:839} INFO - DAG(s) dict_keys(['example_trigger_controller_dag']) retrieved from /usr/local/lib/python3.10/dist-packages/airflow/example_dags/example_trigger_controller_dag.py
[2023-11-07T20:05:51.891+0000] {logging_mixin.py:154} INFO - [2023-11-07T20:05:51.891+0000] {dag.py:2941} INFO - Sync 1 DAGs
[2023-11-07T20:05:51.922+0000] {logging_mixin.py:154} INFO - [2023-11-07T20:05:51.921+0000] {dag.py:3722} INFO - Setting next_dagrun for example_trigger_controller_dag to 2021-01-01T00:00:00+00:00, run_after=2021-01-01T00:00:00+00:00
[2023-11-07T20:05:51.945+0000] {processor.py:179} INFO - Processing /usr/local/lib/python3.10/dist-packages/airflow/example_dags/example_trigger_controller_dag.py took 0.084 seconds
[2023-11-07T20:06:41.098+0000] {processor.py:157} INFO - Started process (PID=5697) to work on /usr/local/lib/python3.10/dist-packages/airflow/example_dags/example_trigger_controller_dag.py
[2023-11-07T20:06:41.100+0000] {processor.py:829} INFO - Processing file /usr/local/lib/python3.10/dist-packages/airflow/example_dags/example_trigger_controller_dag.py for tasks to queue
[2023-11-07T20:06:41.101+0000] {logging_mixin.py:154} INFO - [2023-11-07T20:06:41.100+0000] {dagbag.py:536} INFO - Filling up the DagBag from /usr/local/lib/python3.10/dist-packages/airflow/example_dags/example_trigger_controller_dag.py
[2023-11-07T20:06:41.106+0000] {processor.py:839} INFO - DAG(s) dict_keys(['example_trigger_controller_dag']) retrieved from /usr/local/lib/python3.10/dist-packages/airflow/example_dags/example_trigger_controller_dag.py
[2023-11-07T20:06:41.135+0000] {logging_mixin.py:154} INFO - [2023-11-07T20:06:41.135+0000] {dag.py:2941} INFO - Sync 1 DAGs
[2023-11-07T20:06:41.164+0000] {logging_mixin.py:154} INFO - [2023-11-07T20:06:41.163+0000] {dag.py:3722} INFO - Setting next_dagrun for example_trigger_controller_dag to 2021-01-01T00:00:00+00:00, run_after=2021-01-01T00:00:00+00:00
[2023-11-07T20:06:41.188+0000] {processor.py:179} INFO - Processing /usr/local/lib/python3.10/dist-packages/airflow/example_dags/example_trigger_controller_dag.py took 0.093 seconds
[2023-11-07T20:07:14.706+0000] {processor.py:157} INFO - Started process (PID=5731) to work on /usr/local/lib/python3.10/dist-packages/airflow/example_dags/example_trigger_controller_dag.py
[2023-11-07T20:07:14.708+0000] {processor.py:829} INFO - Processing file /usr/local/lib/python3.10/dist-packages/airflow/example_dags/example_trigger_controller_dag.py for tasks to queue
[2023-11-07T20:07:14.710+0000] {logging_mixin.py:154} INFO - [2023-11-07T20:07:14.709+0000] {dagbag.py:536} INFO - Filling up the DagBag from /usr/local/lib/python3.10/dist-packages/airflow/example_dags/example_trigger_controller_dag.py
[2023-11-07T20:07:14.716+0000] {processor.py:839} INFO - DAG(s) dict_keys(['example_trigger_controller_dag']) retrieved from /usr/local/lib/python3.10/dist-packages/airflow/example_dags/example_trigger_controller_dag.py
[2023-11-07T20:07:14.755+0000] {logging_mixin.py:154} INFO - [2023-11-07T20:07:14.753+0000] {dag.py:2941} INFO - Sync 1 DAGs
[2023-11-07T20:07:14.801+0000] {logging_mixin.py:154} INFO - [2023-11-07T20:07:14.800+0000] {dag.py:3722} INFO - Setting next_dagrun for example_trigger_controller_dag to 2021-01-01T00:00:00+00:00, run_after=2021-01-01T00:00:00+00:00
[2023-11-07T20:07:14.830+0000] {processor.py:179} INFO - Processing /usr/local/lib/python3.10/dist-packages/airflow/example_dags/example_trigger_controller_dag.py took 0.128 seconds
[2023-11-07T20:07:48.333+0000] {processor.py:157} INFO - Started process (PID=5768) to work on /usr/local/lib/python3.10/dist-packages/airflow/example_dags/example_trigger_controller_dag.py
[2023-11-07T20:07:48.334+0000] {processor.py:829} INFO - Processing file /usr/local/lib/python3.10/dist-packages/airflow/example_dags/example_trigger_controller_dag.py for tasks to queue
[2023-11-07T20:07:48.335+0000] {logging_mixin.py:154} INFO - [2023-11-07T20:07:48.335+0000] {dagbag.py:536} INFO - Filling up the DagBag from /usr/local/lib/python3.10/dist-packages/airflow/example_dags/example_trigger_controller_dag.py
[2023-11-07T20:07:48.343+0000] {processor.py:839} INFO - DAG(s) dict_keys(['example_trigger_controller_dag']) retrieved from /usr/local/lib/python3.10/dist-packages/airflow/example_dags/example_trigger_controller_dag.py
[2023-11-07T20:07:48.361+0000] {logging_mixin.py:154} INFO - [2023-11-07T20:07:48.361+0000] {dag.py:2941} INFO - Sync 1 DAGs
[2023-11-07T20:07:48.380+0000] {logging_mixin.py:154} INFO - [2023-11-07T20:07:48.380+0000] {dag.py:3722} INFO - Setting next_dagrun for example_trigger_controller_dag to 2021-01-01T00:00:00+00:00, run_after=2021-01-01T00:00:00+00:00
[2023-11-07T20:07:48.401+0000] {processor.py:179} INFO - Processing /usr/local/lib/python3.10/dist-packages/airflow/example_dags/example_trigger_controller_dag.py took 0.075 seconds
