[2023-11-07T19:31:52.420+0000] {processor.py:157} INFO - Started process (PID=3569) to work on /usr/local/lib/python3.10/dist-packages/airflow/example_dags/example_sensors.py
[2023-11-07T19:31:52.421+0000] {processor.py:829} INFO - Processing file /usr/local/lib/python3.10/dist-packages/airflow/example_dags/example_sensors.py for tasks to queue
[2023-11-07T19:31:52.422+0000] {logging_mixin.py:154} INFO - [2023-11-07T19:31:52.422+0000] {dagbag.py:536} INFO - Filling up the DagBag from /usr/local/lib/python3.10/dist-packages/airflow/example_dags/example_sensors.py
[2023-11-07T19:31:52.433+0000] {processor.py:839} INFO - DAG(s) dict_keys(['example_sensors']) retrieved from /usr/local/lib/python3.10/dist-packages/airflow/example_dags/example_sensors.py
[2023-11-07T19:31:52.544+0000] {logging_mixin.py:154} INFO - [2023-11-07T19:31:52.544+0000] {manager.py:499} INFO - Created Permission View: %s
[2023-11-07T19:31:52.557+0000] {logging_mixin.py:154} INFO - [2023-11-07T19:31:52.556+0000] {manager.py:499} INFO - Created Permission View: %s
[2023-11-07T19:31:52.566+0000] {logging_mixin.py:154} INFO - [2023-11-07T19:31:52.566+0000] {manager.py:499} INFO - Created Permission View: %s
[2023-11-07T19:31:52.566+0000] {logging_mixin.py:154} INFO - [2023-11-07T19:31:52.566+0000] {dag.py:2941} INFO - Sync 1 DAGs
[2023-11-07T19:31:52.578+0000] {logging_mixin.py:154} INFO - [2023-11-07T19:31:52.578+0000] {dag.py:2963} INFO - Creating ORM DAG for example_sensors
[2023-11-07T19:31:52.579+0000] {logging_mixin.py:154} INFO - [2023-11-07T19:31:52.579+0000] {dag.py:3722} INFO - Setting next_dagrun for example_sensors to None, run_after=None
[2023-11-07T19:31:52.599+0000] {processor.py:179} INFO - Processing /usr/local/lib/python3.10/dist-packages/airflow/example_dags/example_sensors.py took 0.182 seconds
[2023-11-07T19:32:43.625+0000] {processor.py:157} INFO - Started process (PID=3616) to work on /usr/local/lib/python3.10/dist-packages/airflow/example_dags/example_sensors.py
[2023-11-07T19:32:43.626+0000] {processor.py:829} INFO - Processing file /usr/local/lib/python3.10/dist-packages/airflow/example_dags/example_sensors.py for tasks to queue
[2023-11-07T19:32:43.627+0000] {logging_mixin.py:154} INFO - [2023-11-07T19:32:43.626+0000] {dagbag.py:536} INFO - Filling up the DagBag from /usr/local/lib/python3.10/dist-packages/airflow/example_dags/example_sensors.py
[2023-11-07T19:32:43.640+0000] {processor.py:839} INFO - DAG(s) dict_keys(['example_sensors']) retrieved from /usr/local/lib/python3.10/dist-packages/airflow/example_dags/example_sensors.py
[2023-11-07T19:32:43.662+0000] {logging_mixin.py:154} INFO - [2023-11-07T19:32:43.662+0000] {dag.py:2941} INFO - Sync 1 DAGs
[2023-11-07T19:32:43.675+0000] {logging_mixin.py:154} INFO - [2023-11-07T19:32:43.675+0000] {dag.py:3722} INFO - Setting next_dagrun for example_sensors to None, run_after=None
[2023-11-07T19:32:43.698+0000] {processor.py:179} INFO - Processing /usr/local/lib/python3.10/dist-packages/airflow/example_dags/example_sensors.py took 0.077 seconds
[2023-11-07T19:33:28.306+0000] {processor.py:157} INFO - Started process (PID=3663) to work on /usr/local/lib/python3.10/dist-packages/airflow/example_dags/example_sensors.py
[2023-11-07T19:33:28.307+0000] {processor.py:829} INFO - Processing file /usr/local/lib/python3.10/dist-packages/airflow/example_dags/example_sensors.py for tasks to queue
[2023-11-07T19:33:28.308+0000] {logging_mixin.py:154} INFO - [2023-11-07T19:33:28.308+0000] {dagbag.py:536} INFO - Filling up the DagBag from /usr/local/lib/python3.10/dist-packages/airflow/example_dags/example_sensors.py
[2023-11-07T19:33:28.320+0000] {processor.py:839} INFO - DAG(s) dict_keys(['example_sensors']) retrieved from /usr/local/lib/python3.10/dist-packages/airflow/example_dags/example_sensors.py
[2023-11-07T19:33:28.342+0000] {logging_mixin.py:154} INFO - [2023-11-07T19:33:28.342+0000] {dag.py:2941} INFO - Sync 1 DAGs
[2023-11-07T19:33:28.354+0000] {logging_mixin.py:154} INFO - [2023-11-07T19:33:28.354+0000] {dag.py:3722} INFO - Setting next_dagrun for example_sensors to None, run_after=None
[2023-11-07T19:33:28.387+0000] {processor.py:179} INFO - Processing /usr/local/lib/python3.10/dist-packages/airflow/example_dags/example_sensors.py took 0.085 seconds
[2023-11-07T19:34:16.767+0000] {processor.py:157} INFO - Started process (PID=3711) to work on /usr/local/lib/python3.10/dist-packages/airflow/example_dags/example_sensors.py
[2023-11-07T19:34:16.770+0000] {processor.py:829} INFO - Processing file /usr/local/lib/python3.10/dist-packages/airflow/example_dags/example_sensors.py for tasks to queue
[2023-11-07T19:34:16.770+0000] {logging_mixin.py:154} INFO - [2023-11-07T19:34:16.770+0000] {dagbag.py:536} INFO - Filling up the DagBag from /usr/local/lib/python3.10/dist-packages/airflow/example_dags/example_sensors.py
[2023-11-07T19:34:16.783+0000] {processor.py:839} INFO - DAG(s) dict_keys(['example_sensors']) retrieved from /usr/local/lib/python3.10/dist-packages/airflow/example_dags/example_sensors.py
[2023-11-07T19:34:16.806+0000] {logging_mixin.py:154} INFO - [2023-11-07T19:34:16.806+0000] {dag.py:2941} INFO - Sync 1 DAGs
[2023-11-07T19:34:16.818+0000] {logging_mixin.py:154} INFO - [2023-11-07T19:34:16.818+0000] {dag.py:3722} INFO - Setting next_dagrun for example_sensors to None, run_after=None
[2023-11-07T19:34:16.840+0000] {processor.py:179} INFO - Processing /usr/local/lib/python3.10/dist-packages/airflow/example_dags/example_sensors.py took 0.077 seconds
[2023-11-07T19:35:03.550+0000] {processor.py:157} INFO - Started process (PID=3761) to work on /usr/local/lib/python3.10/dist-packages/airflow/example_dags/example_sensors.py
[2023-11-07T19:35:03.551+0000] {processor.py:829} INFO - Processing file /usr/local/lib/python3.10/dist-packages/airflow/example_dags/example_sensors.py for tasks to queue
[2023-11-07T19:35:03.552+0000] {logging_mixin.py:154} INFO - [2023-11-07T19:35:03.552+0000] {dagbag.py:536} INFO - Filling up the DagBag from /usr/local/lib/python3.10/dist-packages/airflow/example_dags/example_sensors.py
[2023-11-07T19:35:03.581+0000] {processor.py:839} INFO - DAG(s) dict_keys(['example_sensors']) retrieved from /usr/local/lib/python3.10/dist-packages/airflow/example_dags/example_sensors.py
[2023-11-07T19:35:03.616+0000] {logging_mixin.py:154} INFO - [2023-11-07T19:35:03.616+0000] {dag.py:2941} INFO - Sync 1 DAGs
[2023-11-07T19:35:03.639+0000] {logging_mixin.py:154} INFO - [2023-11-07T19:35:03.637+0000] {dag.py:3722} INFO - Setting next_dagrun for example_sensors to None, run_after=None
[2023-11-07T19:35:03.674+0000] {processor.py:179} INFO - Processing /usr/local/lib/python3.10/dist-packages/airflow/example_dags/example_sensors.py took 0.131 seconds
[2023-11-07T19:35:47.438+0000] {processor.py:157} INFO - Started process (PID=3810) to work on /usr/local/lib/python3.10/dist-packages/airflow/example_dags/example_sensors.py
[2023-11-07T19:35:47.439+0000] {processor.py:829} INFO - Processing file /usr/local/lib/python3.10/dist-packages/airflow/example_dags/example_sensors.py for tasks to queue
[2023-11-07T19:35:47.440+0000] {logging_mixin.py:154} INFO - [2023-11-07T19:35:47.440+0000] {dagbag.py:536} INFO - Filling up the DagBag from /usr/local/lib/python3.10/dist-packages/airflow/example_dags/example_sensors.py
[2023-11-07T19:35:47.450+0000] {processor.py:839} INFO - DAG(s) dict_keys(['example_sensors']) retrieved from /usr/local/lib/python3.10/dist-packages/airflow/example_dags/example_sensors.py
[2023-11-07T19:35:47.470+0000] {logging_mixin.py:154} INFO - [2023-11-07T19:35:47.470+0000] {dag.py:2941} INFO - Sync 1 DAGs
[2023-11-07T19:35:47.481+0000] {logging_mixin.py:154} INFO - [2023-11-07T19:35:47.481+0000] {dag.py:3722} INFO - Setting next_dagrun for example_sensors to None, run_after=None
[2023-11-07T19:35:47.504+0000] {processor.py:179} INFO - Processing /usr/local/lib/python3.10/dist-packages/airflow/example_dags/example_sensors.py took 0.070 seconds
[2023-11-07T19:36:36.784+0000] {processor.py:157} INFO - Started process (PID=3859) to work on /usr/local/lib/python3.10/dist-packages/airflow/example_dags/example_sensors.py
[2023-11-07T19:36:36.786+0000] {processor.py:829} INFO - Processing file /usr/local/lib/python3.10/dist-packages/airflow/example_dags/example_sensors.py for tasks to queue
[2023-11-07T19:36:36.787+0000] {logging_mixin.py:154} INFO - [2023-11-07T19:36:36.786+0000] {dagbag.py:536} INFO - Filling up the DagBag from /usr/local/lib/python3.10/dist-packages/airflow/example_dags/example_sensors.py
[2023-11-07T19:36:36.797+0000] {processor.py:839} INFO - DAG(s) dict_keys(['example_sensors']) retrieved from /usr/local/lib/python3.10/dist-packages/airflow/example_dags/example_sensors.py
[2023-11-07T19:36:36.819+0000] {logging_mixin.py:154} INFO - [2023-11-07T19:36:36.818+0000] {dag.py:2941} INFO - Sync 1 DAGs
[2023-11-07T19:36:36.830+0000] {logging_mixin.py:154} INFO - [2023-11-07T19:36:36.830+0000] {dag.py:3722} INFO - Setting next_dagrun for example_sensors to None, run_after=None
[2023-11-07T19:36:36.863+0000] {processor.py:179} INFO - Processing /usr/local/lib/python3.10/dist-packages/airflow/example_dags/example_sensors.py took 0.082 seconds
[2023-11-07T19:37:27.448+0000] {processor.py:157} INFO - Started process (PID=3910) to work on /usr/local/lib/python3.10/dist-packages/airflow/example_dags/example_sensors.py
[2023-11-07T19:37:27.450+0000] {processor.py:829} INFO - Processing file /usr/local/lib/python3.10/dist-packages/airflow/example_dags/example_sensors.py for tasks to queue
[2023-11-07T19:37:27.451+0000] {logging_mixin.py:154} INFO - [2023-11-07T19:37:27.450+0000] {dagbag.py:536} INFO - Filling up the DagBag from /usr/local/lib/python3.10/dist-packages/airflow/example_dags/example_sensors.py
[2023-11-07T19:37:27.468+0000] {processor.py:839} INFO - DAG(s) dict_keys(['example_sensors']) retrieved from /usr/local/lib/python3.10/dist-packages/airflow/example_dags/example_sensors.py
[2023-11-07T19:37:27.500+0000] {logging_mixin.py:154} INFO - [2023-11-07T19:37:27.500+0000] {dag.py:2941} INFO - Sync 1 DAGs
[2023-11-07T19:37:27.522+0000] {logging_mixin.py:154} INFO - [2023-11-07T19:37:27.522+0000] {dag.py:3722} INFO - Setting next_dagrun for example_sensors to None, run_after=None
[2023-11-07T19:37:27.547+0000] {processor.py:179} INFO - Processing /usr/local/lib/python3.10/dist-packages/airflow/example_dags/example_sensors.py took 0.104 seconds
[2023-11-07T19:38:14.678+0000] {processor.py:157} INFO - Started process (PID=3960) to work on /usr/local/lib/python3.10/dist-packages/airflow/example_dags/example_sensors.py
[2023-11-07T19:38:14.679+0000] {processor.py:829} INFO - Processing file /usr/local/lib/python3.10/dist-packages/airflow/example_dags/example_sensors.py for tasks to queue
[2023-11-07T19:38:14.680+0000] {logging_mixin.py:154} INFO - [2023-11-07T19:38:14.679+0000] {dagbag.py:536} INFO - Filling up the DagBag from /usr/local/lib/python3.10/dist-packages/airflow/example_dags/example_sensors.py
[2023-11-07T19:38:14.691+0000] {processor.py:839} INFO - DAG(s) dict_keys(['example_sensors']) retrieved from /usr/local/lib/python3.10/dist-packages/airflow/example_dags/example_sensors.py
[2023-11-07T19:38:14.717+0000] {logging_mixin.py:154} INFO - [2023-11-07T19:38:14.717+0000] {dag.py:2941} INFO - Sync 1 DAGs
[2023-11-07T19:38:14.730+0000] {logging_mixin.py:154} INFO - [2023-11-07T19:38:14.730+0000] {dag.py:3722} INFO - Setting next_dagrun for example_sensors to None, run_after=None
[2023-11-07T19:38:14.764+0000] {processor.py:179} INFO - Processing /usr/local/lib/python3.10/dist-packages/airflow/example_dags/example_sensors.py took 0.089 seconds
[2023-11-07T19:39:02.494+0000] {processor.py:157} INFO - Started process (PID=4010) to work on /usr/local/lib/python3.10/dist-packages/airflow/example_dags/example_sensors.py
[2023-11-07T19:39:02.496+0000] {processor.py:829} INFO - Processing file /usr/local/lib/python3.10/dist-packages/airflow/example_dags/example_sensors.py for tasks to queue
[2023-11-07T19:39:02.496+0000] {logging_mixin.py:154} INFO - [2023-11-07T19:39:02.496+0000] {dagbag.py:536} INFO - Filling up the DagBag from /usr/local/lib/python3.10/dist-packages/airflow/example_dags/example_sensors.py
[2023-11-07T19:39:02.507+0000] {processor.py:839} INFO - DAG(s) dict_keys(['example_sensors']) retrieved from /usr/local/lib/python3.10/dist-packages/airflow/example_dags/example_sensors.py
[2023-11-07T19:39:02.538+0000] {logging_mixin.py:154} INFO - [2023-11-07T19:39:02.538+0000] {dag.py:2941} INFO - Sync 1 DAGs
[2023-11-07T19:39:02.558+0000] {logging_mixin.py:154} INFO - [2023-11-07T19:39:02.558+0000] {dag.py:3722} INFO - Setting next_dagrun for example_sensors to None, run_after=None
[2023-11-07T19:39:02.588+0000] {processor.py:179} INFO - Processing /usr/local/lib/python3.10/dist-packages/airflow/example_dags/example_sensors.py took 0.097 seconds
[2023-11-07T19:39:47.423+0000] {processor.py:157} INFO - Started process (PID=4056) to work on /usr/local/lib/python3.10/dist-packages/airflow/example_dags/example_sensors.py
[2023-11-07T19:39:47.424+0000] {processor.py:829} INFO - Processing file /usr/local/lib/python3.10/dist-packages/airflow/example_dags/example_sensors.py for tasks to queue
[2023-11-07T19:39:47.425+0000] {logging_mixin.py:154} INFO - [2023-11-07T19:39:47.425+0000] {dagbag.py:536} INFO - Filling up the DagBag from /usr/local/lib/python3.10/dist-packages/airflow/example_dags/example_sensors.py
[2023-11-07T19:39:47.435+0000] {processor.py:839} INFO - DAG(s) dict_keys(['example_sensors']) retrieved from /usr/local/lib/python3.10/dist-packages/airflow/example_dags/example_sensors.py
[2023-11-07T19:39:47.457+0000] {logging_mixin.py:154} INFO - [2023-11-07T19:39:47.456+0000] {dag.py:2941} INFO - Sync 1 DAGs
[2023-11-07T19:39:47.469+0000] {logging_mixin.py:154} INFO - [2023-11-07T19:39:47.468+0000] {dag.py:3722} INFO - Setting next_dagrun for example_sensors to None, run_after=None
[2023-11-07T19:39:47.512+0000] {processor.py:179} INFO - Processing /usr/local/lib/python3.10/dist-packages/airflow/example_dags/example_sensors.py took 0.091 seconds
[2023-11-07T19:40:40.654+0000] {processor.py:157} INFO - Started process (PID=4110) to work on /usr/local/lib/python3.10/dist-packages/airflow/example_dags/example_sensors.py
[2023-11-07T19:40:40.656+0000] {processor.py:829} INFO - Processing file /usr/local/lib/python3.10/dist-packages/airflow/example_dags/example_sensors.py for tasks to queue
[2023-11-07T19:40:40.657+0000] {logging_mixin.py:154} INFO - [2023-11-07T19:40:40.657+0000] {dagbag.py:536} INFO - Filling up the DagBag from /usr/local/lib/python3.10/dist-packages/airflow/example_dags/example_sensors.py
[2023-11-07T19:40:40.668+0000] {processor.py:839} INFO - DAG(s) dict_keys(['example_sensors']) retrieved from /usr/local/lib/python3.10/dist-packages/airflow/example_dags/example_sensors.py
[2023-11-07T19:40:40.691+0000] {logging_mixin.py:154} INFO - [2023-11-07T19:40:40.690+0000] {dag.py:2941} INFO - Sync 1 DAGs
[2023-11-07T19:40:40.702+0000] {logging_mixin.py:154} INFO - [2023-11-07T19:40:40.702+0000] {dag.py:3722} INFO - Setting next_dagrun for example_sensors to None, run_after=None
[2023-11-07T19:40:40.726+0000] {processor.py:179} INFO - Processing /usr/local/lib/python3.10/dist-packages/airflow/example_dags/example_sensors.py took 0.075 seconds
[2023-11-07T19:41:30.789+0000] {processor.py:157} INFO - Started process (PID=4162) to work on /usr/local/lib/python3.10/dist-packages/airflow/example_dags/example_sensors.py
[2023-11-07T19:41:30.794+0000] {processor.py:829} INFO - Processing file /usr/local/lib/python3.10/dist-packages/airflow/example_dags/example_sensors.py for tasks to queue
[2023-11-07T19:41:30.795+0000] {logging_mixin.py:154} INFO - [2023-11-07T19:41:30.795+0000] {dagbag.py:536} INFO - Filling up the DagBag from /usr/local/lib/python3.10/dist-packages/airflow/example_dags/example_sensors.py
[2023-11-07T19:41:30.809+0000] {processor.py:839} INFO - DAG(s) dict_keys(['example_sensors']) retrieved from /usr/local/lib/python3.10/dist-packages/airflow/example_dags/example_sensors.py
[2023-11-07T19:41:30.843+0000] {logging_mixin.py:154} INFO - [2023-11-07T19:41:30.843+0000] {dag.py:2941} INFO - Sync 1 DAGs
[2023-11-07T19:41:30.856+0000] {logging_mixin.py:154} INFO - [2023-11-07T19:41:30.855+0000] {dag.py:3722} INFO - Setting next_dagrun for example_sensors to None, run_after=None
[2023-11-07T19:41:30.900+0000] {processor.py:179} INFO - Processing /usr/local/lib/python3.10/dist-packages/airflow/example_dags/example_sensors.py took 0.128 seconds
[2023-11-07T19:42:18.708+0000] {processor.py:157} INFO - Started process (PID=4211) to work on /usr/local/lib/python3.10/dist-packages/airflow/example_dags/example_sensors.py
[2023-11-07T19:42:18.710+0000] {processor.py:829} INFO - Processing file /usr/local/lib/python3.10/dist-packages/airflow/example_dags/example_sensors.py for tasks to queue
[2023-11-07T19:42:18.711+0000] {logging_mixin.py:154} INFO - [2023-11-07T19:42:18.711+0000] {dagbag.py:536} INFO - Filling up the DagBag from /usr/local/lib/python3.10/dist-packages/airflow/example_dags/example_sensors.py
[2023-11-07T19:42:18.723+0000] {processor.py:839} INFO - DAG(s) dict_keys(['example_sensors']) retrieved from /usr/local/lib/python3.10/dist-packages/airflow/example_dags/example_sensors.py
[2023-11-07T19:42:18.745+0000] {logging_mixin.py:154} INFO - [2023-11-07T19:42:18.744+0000] {dag.py:2941} INFO - Sync 1 DAGs
[2023-11-07T19:42:18.767+0000] {logging_mixin.py:154} INFO - [2023-11-07T19:42:18.766+0000] {dag.py:3722} INFO - Setting next_dagrun for example_sensors to None, run_after=None
[2023-11-07T19:42:18.790+0000] {processor.py:179} INFO - Processing /usr/local/lib/python3.10/dist-packages/airflow/example_dags/example_sensors.py took 0.085 seconds
[2023-11-07T19:43:07.669+0000] {processor.py:157} INFO - Started process (PID=4261) to work on /usr/local/lib/python3.10/dist-packages/airflow/example_dags/example_sensors.py
[2023-11-07T19:43:07.670+0000] {processor.py:829} INFO - Processing file /usr/local/lib/python3.10/dist-packages/airflow/example_dags/example_sensors.py for tasks to queue
[2023-11-07T19:43:07.671+0000] {logging_mixin.py:154} INFO - [2023-11-07T19:43:07.671+0000] {dagbag.py:536} INFO - Filling up the DagBag from /usr/local/lib/python3.10/dist-packages/airflow/example_dags/example_sensors.py
[2023-11-07T19:43:07.685+0000] {processor.py:839} INFO - DAG(s) dict_keys(['example_sensors']) retrieved from /usr/local/lib/python3.10/dist-packages/airflow/example_dags/example_sensors.py
[2023-11-07T19:43:07.719+0000] {logging_mixin.py:154} INFO - [2023-11-07T19:43:07.719+0000] {dag.py:2941} INFO - Sync 1 DAGs
[2023-11-07T19:43:07.740+0000] {logging_mixin.py:154} INFO - [2023-11-07T19:43:07.740+0000] {dag.py:3722} INFO - Setting next_dagrun for example_sensors to None, run_after=None
[2023-11-07T19:43:07.763+0000] {processor.py:179} INFO - Processing /usr/local/lib/python3.10/dist-packages/airflow/example_dags/example_sensors.py took 0.098 seconds
[2023-11-07T19:43:57.359+0000] {processor.py:157} INFO - Started process (PID=4313) to work on /usr/local/lib/python3.10/dist-packages/airflow/example_dags/example_sensors.py
[2023-11-07T19:43:57.360+0000] {processor.py:829} INFO - Processing file /usr/local/lib/python3.10/dist-packages/airflow/example_dags/example_sensors.py for tasks to queue
[2023-11-07T19:43:57.360+0000] {logging_mixin.py:154} INFO - [2023-11-07T19:43:57.360+0000] {dagbag.py:536} INFO - Filling up the DagBag from /usr/local/lib/python3.10/dist-packages/airflow/example_dags/example_sensors.py
[2023-11-07T19:43:57.370+0000] {processor.py:839} INFO - DAG(s) dict_keys(['example_sensors']) retrieved from /usr/local/lib/python3.10/dist-packages/airflow/example_dags/example_sensors.py
[2023-11-07T19:43:57.389+0000] {logging_mixin.py:154} INFO - [2023-11-07T19:43:57.389+0000] {dag.py:2941} INFO - Sync 1 DAGs
[2023-11-07T19:43:57.399+0000] {logging_mixin.py:154} INFO - [2023-11-07T19:43:57.399+0000] {dag.py:3722} INFO - Setting next_dagrun for example_sensors to None, run_after=None
[2023-11-07T19:43:57.421+0000] {processor.py:179} INFO - Processing /usr/local/lib/python3.10/dist-packages/airflow/example_dags/example_sensors.py took 0.065 seconds
[2023-11-07T19:44:49.188+0000] {processor.py:157} INFO - Started process (PID=4364) to work on /usr/local/lib/python3.10/dist-packages/airflow/example_dags/example_sensors.py
[2023-11-07T19:44:49.190+0000] {processor.py:829} INFO - Processing file /usr/local/lib/python3.10/dist-packages/airflow/example_dags/example_sensors.py for tasks to queue
[2023-11-07T19:44:49.190+0000] {logging_mixin.py:154} INFO - [2023-11-07T19:44:49.190+0000] {dagbag.py:536} INFO - Filling up the DagBag from /usr/local/lib/python3.10/dist-packages/airflow/example_dags/example_sensors.py
[2023-11-07T19:44:49.227+0000] {processor.py:839} INFO - DAG(s) dict_keys(['example_sensors']) retrieved from /usr/local/lib/python3.10/dist-packages/airflow/example_dags/example_sensors.py
[2023-11-07T19:44:49.276+0000] {logging_mixin.py:154} INFO - [2023-11-07T19:44:49.276+0000] {dag.py:2941} INFO - Sync 1 DAGs
[2023-11-07T19:44:49.287+0000] {logging_mixin.py:154} INFO - [2023-11-07T19:44:49.287+0000] {dag.py:3722} INFO - Setting next_dagrun for example_sensors to None, run_after=None
[2023-11-07T19:44:49.312+0000] {processor.py:179} INFO - Processing /usr/local/lib/python3.10/dist-packages/airflow/example_dags/example_sensors.py took 0.127 seconds
[2023-11-07T19:45:44.628+0000] {processor.py:157} INFO - Started process (PID=4418) to work on /usr/local/lib/python3.10/dist-packages/airflow/example_dags/example_sensors.py
[2023-11-07T19:45:44.629+0000] {processor.py:829} INFO - Processing file /usr/local/lib/python3.10/dist-packages/airflow/example_dags/example_sensors.py for tasks to queue
[2023-11-07T19:45:44.629+0000] {logging_mixin.py:154} INFO - [2023-11-07T19:45:44.629+0000] {dagbag.py:536} INFO - Filling up the DagBag from /usr/local/lib/python3.10/dist-packages/airflow/example_dags/example_sensors.py
[2023-11-07T19:45:44.639+0000] {processor.py:839} INFO - DAG(s) dict_keys(['example_sensors']) retrieved from /usr/local/lib/python3.10/dist-packages/airflow/example_dags/example_sensors.py
[2023-11-07T19:45:44.659+0000] {logging_mixin.py:154} INFO - [2023-11-07T19:45:44.659+0000] {dag.py:2941} INFO - Sync 1 DAGs
[2023-11-07T19:45:44.672+0000] {logging_mixin.py:154} INFO - [2023-11-07T19:45:44.671+0000] {dag.py:3722} INFO - Setting next_dagrun for example_sensors to None, run_after=None
[2023-11-07T19:45:44.696+0000] {processor.py:179} INFO - Processing /usr/local/lib/python3.10/dist-packages/airflow/example_dags/example_sensors.py took 0.071 seconds
[2023-11-07T19:46:36.536+0000] {processor.py:157} INFO - Started process (PID=4471) to work on /usr/local/lib/python3.10/dist-packages/airflow/example_dags/example_sensors.py
[2023-11-07T19:46:36.537+0000] {processor.py:829} INFO - Processing file /usr/local/lib/python3.10/dist-packages/airflow/example_dags/example_sensors.py for tasks to queue
[2023-11-07T19:46:36.538+0000] {logging_mixin.py:154} INFO - [2023-11-07T19:46:36.538+0000] {dagbag.py:536} INFO - Filling up the DagBag from /usr/local/lib/python3.10/dist-packages/airflow/example_dags/example_sensors.py
[2023-11-07T19:46:36.549+0000] {processor.py:839} INFO - DAG(s) dict_keys(['example_sensors']) retrieved from /usr/local/lib/python3.10/dist-packages/airflow/example_dags/example_sensors.py
[2023-11-07T19:46:36.570+0000] {logging_mixin.py:154} INFO - [2023-11-07T19:46:36.570+0000] {dag.py:2941} INFO - Sync 1 DAGs
[2023-11-07T19:46:36.582+0000] {logging_mixin.py:154} INFO - [2023-11-07T19:46:36.582+0000] {dag.py:3722} INFO - Setting next_dagrun for example_sensors to None, run_after=None
[2023-11-07T19:46:36.614+0000] {processor.py:179} INFO - Processing /usr/local/lib/python3.10/dist-packages/airflow/example_dags/example_sensors.py took 0.081 seconds
[2023-11-07T19:47:29.352+0000] {processor.py:157} INFO - Started process (PID=4524) to work on /usr/local/lib/python3.10/dist-packages/airflow/example_dags/example_sensors.py
[2023-11-07T19:47:29.353+0000] {processor.py:829} INFO - Processing file /usr/local/lib/python3.10/dist-packages/airflow/example_dags/example_sensors.py for tasks to queue
[2023-11-07T19:47:29.354+0000] {logging_mixin.py:154} INFO - [2023-11-07T19:47:29.353+0000] {dagbag.py:536} INFO - Filling up the DagBag from /usr/local/lib/python3.10/dist-packages/airflow/example_dags/example_sensors.py
[2023-11-07T19:47:29.364+0000] {processor.py:839} INFO - DAG(s) dict_keys(['example_sensors']) retrieved from /usr/local/lib/python3.10/dist-packages/airflow/example_dags/example_sensors.py
[2023-11-07T19:47:29.406+0000] {logging_mixin.py:154} INFO - [2023-11-07T19:47:29.405+0000] {dag.py:2941} INFO - Sync 1 DAGs
[2023-11-07T19:47:29.420+0000] {logging_mixin.py:154} INFO - [2023-11-07T19:47:29.419+0000] {dag.py:3722} INFO - Setting next_dagrun for example_sensors to None, run_after=None
[2023-11-07T19:47:29.446+0000] {processor.py:179} INFO - Processing /usr/local/lib/python3.10/dist-packages/airflow/example_dags/example_sensors.py took 0.097 seconds
[2023-11-07T19:48:18.697+0000] {processor.py:157} INFO - Started process (PID=4574) to work on /usr/local/lib/python3.10/dist-packages/airflow/example_dags/example_sensors.py
[2023-11-07T19:48:18.698+0000] {processor.py:829} INFO - Processing file /usr/local/lib/python3.10/dist-packages/airflow/example_dags/example_sensors.py for tasks to queue
[2023-11-07T19:48:18.699+0000] {logging_mixin.py:154} INFO - [2023-11-07T19:48:18.698+0000] {dagbag.py:536} INFO - Filling up the DagBag from /usr/local/lib/python3.10/dist-packages/airflow/example_dags/example_sensors.py
[2023-11-07T19:48:18.710+0000] {processor.py:839} INFO - DAG(s) dict_keys(['example_sensors']) retrieved from /usr/local/lib/python3.10/dist-packages/airflow/example_dags/example_sensors.py
[2023-11-07T19:48:18.731+0000] {logging_mixin.py:154} INFO - [2023-11-07T19:48:18.731+0000] {dag.py:2941} INFO - Sync 1 DAGs
[2023-11-07T19:48:18.744+0000] {logging_mixin.py:154} INFO - [2023-11-07T19:48:18.744+0000] {dag.py:3722} INFO - Setting next_dagrun for example_sensors to None, run_after=None
[2023-11-07T19:48:18.769+0000] {processor.py:179} INFO - Processing /usr/local/lib/python3.10/dist-packages/airflow/example_dags/example_sensors.py took 0.076 seconds
[2023-11-07T19:49:08.001+0000] {processor.py:157} INFO - Started process (PID=4626) to work on /usr/local/lib/python3.10/dist-packages/airflow/example_dags/example_sensors.py
[2023-11-07T19:49:08.003+0000] {processor.py:829} INFO - Processing file /usr/local/lib/python3.10/dist-packages/airflow/example_dags/example_sensors.py for tasks to queue
[2023-11-07T19:49:08.004+0000] {logging_mixin.py:154} INFO - [2023-11-07T19:49:08.003+0000] {dagbag.py:536} INFO - Filling up the DagBag from /usr/local/lib/python3.10/dist-packages/airflow/example_dags/example_sensors.py
[2023-11-07T19:49:08.014+0000] {processor.py:839} INFO - DAG(s) dict_keys(['example_sensors']) retrieved from /usr/local/lib/python3.10/dist-packages/airflow/example_dags/example_sensors.py
[2023-11-07T19:49:08.036+0000] {logging_mixin.py:154} INFO - [2023-11-07T19:49:08.035+0000] {dag.py:2941} INFO - Sync 1 DAGs
[2023-11-07T19:49:08.053+0000] {logging_mixin.py:154} INFO - [2023-11-07T19:49:08.053+0000] {dag.py:3722} INFO - Setting next_dagrun for example_sensors to None, run_after=None
[2023-11-07T19:49:08.080+0000] {processor.py:179} INFO - Processing /usr/local/lib/python3.10/dist-packages/airflow/example_dags/example_sensors.py took 0.083 seconds
[2023-11-07T19:49:53.703+0000] {processor.py:157} INFO - Started process (PID=4674) to work on /usr/local/lib/python3.10/dist-packages/airflow/example_dags/example_sensors.py
[2023-11-07T19:49:53.704+0000] {processor.py:829} INFO - Processing file /usr/local/lib/python3.10/dist-packages/airflow/example_dags/example_sensors.py for tasks to queue
[2023-11-07T19:49:53.705+0000] {logging_mixin.py:154} INFO - [2023-11-07T19:49:53.705+0000] {dagbag.py:536} INFO - Filling up the DagBag from /usr/local/lib/python3.10/dist-packages/airflow/example_dags/example_sensors.py
[2023-11-07T19:49:53.717+0000] {processor.py:839} INFO - DAG(s) dict_keys(['example_sensors']) retrieved from /usr/local/lib/python3.10/dist-packages/airflow/example_dags/example_sensors.py
[2023-11-07T19:49:53.752+0000] {logging_mixin.py:154} INFO - [2023-11-07T19:49:53.752+0000] {dag.py:2941} INFO - Sync 1 DAGs
[2023-11-07T19:49:53.766+0000] {logging_mixin.py:154} INFO - [2023-11-07T19:49:53.766+0000] {dag.py:3722} INFO - Setting next_dagrun for example_sensors to None, run_after=None
[2023-11-07T19:49:53.794+0000] {processor.py:179} INFO - Processing /usr/local/lib/python3.10/dist-packages/airflow/example_dags/example_sensors.py took 0.095 seconds
[2023-11-07T19:50:43.868+0000] {processor.py:157} INFO - Started process (PID=4725) to work on /usr/local/lib/python3.10/dist-packages/airflow/example_dags/example_sensors.py
[2023-11-07T19:50:43.869+0000] {processor.py:829} INFO - Processing file /usr/local/lib/python3.10/dist-packages/airflow/example_dags/example_sensors.py for tasks to queue
[2023-11-07T19:50:43.870+0000] {logging_mixin.py:154} INFO - [2023-11-07T19:50:43.869+0000] {dagbag.py:536} INFO - Filling up the DagBag from /usr/local/lib/python3.10/dist-packages/airflow/example_dags/example_sensors.py
[2023-11-07T19:50:43.881+0000] {processor.py:839} INFO - DAG(s) dict_keys(['example_sensors']) retrieved from /usr/local/lib/python3.10/dist-packages/airflow/example_dags/example_sensors.py
[2023-11-07T19:50:43.902+0000] {logging_mixin.py:154} INFO - [2023-11-07T19:50:43.902+0000] {dag.py:2941} INFO - Sync 1 DAGs
[2023-11-07T19:50:43.916+0000] {logging_mixin.py:154} INFO - [2023-11-07T19:50:43.916+0000] {dag.py:3722} INFO - Setting next_dagrun for example_sensors to None, run_after=None
[2023-11-07T19:50:43.940+0000] {processor.py:179} INFO - Processing /usr/local/lib/python3.10/dist-packages/airflow/example_dags/example_sensors.py took 0.075 seconds
[2023-11-07T19:51:34.172+0000] {processor.py:157} INFO - Started process (PID=4777) to work on /usr/local/lib/python3.10/dist-packages/airflow/example_dags/example_sensors.py
[2023-11-07T19:51:34.176+0000] {processor.py:829} INFO - Processing file /usr/local/lib/python3.10/dist-packages/airflow/example_dags/example_sensors.py for tasks to queue
[2023-11-07T19:51:34.177+0000] {logging_mixin.py:154} INFO - [2023-11-07T19:51:34.177+0000] {dagbag.py:536} INFO - Filling up the DagBag from /usr/local/lib/python3.10/dist-packages/airflow/example_dags/example_sensors.py
[2023-11-07T19:51:34.189+0000] {processor.py:839} INFO - DAG(s) dict_keys(['example_sensors']) retrieved from /usr/local/lib/python3.10/dist-packages/airflow/example_dags/example_sensors.py
[2023-11-07T19:51:34.216+0000] {logging_mixin.py:154} INFO - [2023-11-07T19:51:34.215+0000] {dag.py:2941} INFO - Sync 1 DAGs
[2023-11-07T19:51:34.232+0000] {logging_mixin.py:154} INFO - [2023-11-07T19:51:34.232+0000] {dag.py:3722} INFO - Setting next_dagrun for example_sensors to None, run_after=None
[2023-11-07T19:51:34.261+0000] {processor.py:179} INFO - Processing /usr/local/lib/python3.10/dist-packages/airflow/example_dags/example_sensors.py took 0.092 seconds
[2023-11-07T19:52:26.370+0000] {processor.py:157} INFO - Started process (PID=4830) to work on /usr/local/lib/python3.10/dist-packages/airflow/example_dags/example_sensors.py
[2023-11-07T19:52:26.371+0000] {processor.py:829} INFO - Processing file /usr/local/lib/python3.10/dist-packages/airflow/example_dags/example_sensors.py for tasks to queue
[2023-11-07T19:52:26.372+0000] {logging_mixin.py:154} INFO - [2023-11-07T19:52:26.372+0000] {dagbag.py:536} INFO - Filling up the DagBag from /usr/local/lib/python3.10/dist-packages/airflow/example_dags/example_sensors.py
[2023-11-07T19:52:26.382+0000] {processor.py:839} INFO - DAG(s) dict_keys(['example_sensors']) retrieved from /usr/local/lib/python3.10/dist-packages/airflow/example_dags/example_sensors.py
[2023-11-07T19:52:26.402+0000] {logging_mixin.py:154} INFO - [2023-11-07T19:52:26.401+0000] {dag.py:2941} INFO - Sync 1 DAGs
[2023-11-07T19:52:26.413+0000] {logging_mixin.py:154} INFO - [2023-11-07T19:52:26.413+0000] {dag.py:3722} INFO - Setting next_dagrun for example_sensors to None, run_after=None
[2023-11-07T19:52:26.438+0000] {processor.py:179} INFO - Processing /usr/local/lib/python3.10/dist-packages/airflow/example_dags/example_sensors.py took 0.071 seconds
[2023-11-07T19:53:19.714+0000] {processor.py:157} INFO - Started process (PID=4883) to work on /usr/local/lib/python3.10/dist-packages/airflow/example_dags/example_sensors.py
[2023-11-07T19:53:19.716+0000] {processor.py:829} INFO - Processing file /usr/local/lib/python3.10/dist-packages/airflow/example_dags/example_sensors.py for tasks to queue
[2023-11-07T19:53:19.716+0000] {logging_mixin.py:154} INFO - [2023-11-07T19:53:19.716+0000] {dagbag.py:536} INFO - Filling up the DagBag from /usr/local/lib/python3.10/dist-packages/airflow/example_dags/example_sensors.py
[2023-11-07T19:53:19.726+0000] {processor.py:839} INFO - DAG(s) dict_keys(['example_sensors']) retrieved from /usr/local/lib/python3.10/dist-packages/airflow/example_dags/example_sensors.py
[2023-11-07T19:53:19.746+0000] {logging_mixin.py:154} INFO - [2023-11-07T19:53:19.746+0000] {dag.py:2941} INFO - Sync 1 DAGs
[2023-11-07T19:53:19.759+0000] {logging_mixin.py:154} INFO - [2023-11-07T19:53:19.758+0000] {dag.py:3722} INFO - Setting next_dagrun for example_sensors to None, run_after=None
[2023-11-07T19:53:19.784+0000] {processor.py:179} INFO - Processing /usr/local/lib/python3.10/dist-packages/airflow/example_dags/example_sensors.py took 0.073 seconds
[2023-11-07T19:54:12.738+0000] {processor.py:157} INFO - Started process (PID=4936) to work on /usr/local/lib/python3.10/dist-packages/airflow/example_dags/example_sensors.py
[2023-11-07T19:54:12.740+0000] {processor.py:829} INFO - Processing file /usr/local/lib/python3.10/dist-packages/airflow/example_dags/example_sensors.py for tasks to queue
[2023-11-07T19:54:12.740+0000] {logging_mixin.py:154} INFO - [2023-11-07T19:54:12.740+0000] {dagbag.py:536} INFO - Filling up the DagBag from /usr/local/lib/python3.10/dist-packages/airflow/example_dags/example_sensors.py
[2023-11-07T19:54:12.750+0000] {processor.py:839} INFO - DAG(s) dict_keys(['example_sensors']) retrieved from /usr/local/lib/python3.10/dist-packages/airflow/example_dags/example_sensors.py
[2023-11-07T19:54:12.772+0000] {logging_mixin.py:154} INFO - [2023-11-07T19:54:12.772+0000] {dag.py:2941} INFO - Sync 1 DAGs
[2023-11-07T19:54:12.784+0000] {logging_mixin.py:154} INFO - [2023-11-07T19:54:12.784+0000] {dag.py:3722} INFO - Setting next_dagrun for example_sensors to None, run_after=None
[2023-11-07T19:54:12.807+0000] {processor.py:179} INFO - Processing /usr/local/lib/python3.10/dist-packages/airflow/example_dags/example_sensors.py took 0.072 seconds
[2023-11-07T19:55:05.196+0000] {processor.py:157} INFO - Started process (PID=4988) to work on /usr/local/lib/python3.10/dist-packages/airflow/example_dags/example_sensors.py
[2023-11-07T19:55:05.197+0000] {processor.py:829} INFO - Processing file /usr/local/lib/python3.10/dist-packages/airflow/example_dags/example_sensors.py for tasks to queue
[2023-11-07T19:55:05.198+0000] {logging_mixin.py:154} INFO - [2023-11-07T19:55:05.197+0000] {dagbag.py:536} INFO - Filling up the DagBag from /usr/local/lib/python3.10/dist-packages/airflow/example_dags/example_sensors.py
[2023-11-07T19:55:05.207+0000] {processor.py:839} INFO - DAG(s) dict_keys(['example_sensors']) retrieved from /usr/local/lib/python3.10/dist-packages/airflow/example_dags/example_sensors.py
[2023-11-07T19:55:05.227+0000] {logging_mixin.py:154} INFO - [2023-11-07T19:55:05.227+0000] {dag.py:2941} INFO - Sync 1 DAGs
[2023-11-07T19:55:05.238+0000] {logging_mixin.py:154} INFO - [2023-11-07T19:55:05.238+0000] {dag.py:3722} INFO - Setting next_dagrun for example_sensors to None, run_after=None
[2023-11-07T19:55:05.259+0000] {processor.py:179} INFO - Processing /usr/local/lib/python3.10/dist-packages/airflow/example_dags/example_sensors.py took 0.066 seconds
[2023-11-07T19:55:57.468+0000] {processor.py:157} INFO - Started process (PID=5041) to work on /usr/local/lib/python3.10/dist-packages/airflow/example_dags/example_sensors.py
[2023-11-07T19:55:57.469+0000] {processor.py:829} INFO - Processing file /usr/local/lib/python3.10/dist-packages/airflow/example_dags/example_sensors.py for tasks to queue
[2023-11-07T19:55:57.470+0000] {logging_mixin.py:154} INFO - [2023-11-07T19:55:57.470+0000] {dagbag.py:536} INFO - Filling up the DagBag from /usr/local/lib/python3.10/dist-packages/airflow/example_dags/example_sensors.py
[2023-11-07T19:55:57.483+0000] {processor.py:839} INFO - DAG(s) dict_keys(['example_sensors']) retrieved from /usr/local/lib/python3.10/dist-packages/airflow/example_dags/example_sensors.py
[2023-11-07T19:55:57.510+0000] {logging_mixin.py:154} INFO - [2023-11-07T19:55:57.509+0000] {dag.py:2941} INFO - Sync 1 DAGs
[2023-11-07T19:55:57.524+0000] {logging_mixin.py:154} INFO - [2023-11-07T19:55:57.524+0000] {dag.py:3722} INFO - Setting next_dagrun for example_sensors to None, run_after=None
[2023-11-07T19:55:57.558+0000] {processor.py:179} INFO - Processing /usr/local/lib/python3.10/dist-packages/airflow/example_dags/example_sensors.py took 0.098 seconds
[2023-11-07T19:56:51.450+0000] {processor.py:157} INFO - Started process (PID=5094) to work on /usr/local/lib/python3.10/dist-packages/airflow/example_dags/example_sensors.py
[2023-11-07T19:56:51.452+0000] {processor.py:829} INFO - Processing file /usr/local/lib/python3.10/dist-packages/airflow/example_dags/example_sensors.py for tasks to queue
[2023-11-07T19:56:51.453+0000] {logging_mixin.py:154} INFO - [2023-11-07T19:56:51.452+0000] {dagbag.py:536} INFO - Filling up the DagBag from /usr/local/lib/python3.10/dist-packages/airflow/example_dags/example_sensors.py
[2023-11-07T19:56:51.467+0000] {processor.py:839} INFO - DAG(s) dict_keys(['example_sensors']) retrieved from /usr/local/lib/python3.10/dist-packages/airflow/example_dags/example_sensors.py
[2023-11-07T19:56:51.489+0000] {logging_mixin.py:154} INFO - [2023-11-07T19:56:51.489+0000] {dag.py:2941} INFO - Sync 1 DAGs
[2023-11-07T19:56:51.500+0000] {logging_mixin.py:154} INFO - [2023-11-07T19:56:51.500+0000] {dag.py:3722} INFO - Setting next_dagrun for example_sensors to None, run_after=None
[2023-11-07T19:56:51.521+0000] {processor.py:179} INFO - Processing /usr/local/lib/python3.10/dist-packages/airflow/example_dags/example_sensors.py took 0.077 seconds
[2023-11-07T19:57:44.083+0000] {processor.py:157} INFO - Started process (PID=5147) to work on /usr/local/lib/python3.10/dist-packages/airflow/example_dags/example_sensors.py
[2023-11-07T19:57:44.084+0000] {processor.py:829} INFO - Processing file /usr/local/lib/python3.10/dist-packages/airflow/example_dags/example_sensors.py for tasks to queue
[2023-11-07T19:57:44.085+0000] {logging_mixin.py:154} INFO - [2023-11-07T19:57:44.085+0000] {dagbag.py:536} INFO - Filling up the DagBag from /usr/local/lib/python3.10/dist-packages/airflow/example_dags/example_sensors.py
[2023-11-07T19:57:44.101+0000] {processor.py:839} INFO - DAG(s) dict_keys(['example_sensors']) retrieved from /usr/local/lib/python3.10/dist-packages/airflow/example_dags/example_sensors.py
[2023-11-07T19:57:44.136+0000] {logging_mixin.py:154} INFO - [2023-11-07T19:57:44.136+0000] {dag.py:2941} INFO - Sync 1 DAGs
[2023-11-07T19:57:44.149+0000] {logging_mixin.py:154} INFO - [2023-11-07T19:57:44.149+0000] {dag.py:3722} INFO - Setting next_dagrun for example_sensors to None, run_after=None
[2023-11-07T19:57:44.180+0000] {processor.py:179} INFO - Processing /usr/local/lib/python3.10/dist-packages/airflow/example_dags/example_sensors.py took 0.103 seconds
[2023-11-07T19:58:31.031+0000] {processor.py:157} INFO - Started process (PID=5195) to work on /usr/local/lib/python3.10/dist-packages/airflow/example_dags/example_sensors.py
[2023-11-07T19:58:31.032+0000] {processor.py:829} INFO - Processing file /usr/local/lib/python3.10/dist-packages/airflow/example_dags/example_sensors.py for tasks to queue
[2023-11-07T19:58:31.033+0000] {logging_mixin.py:154} INFO - [2023-11-07T19:58:31.032+0000] {dagbag.py:536} INFO - Filling up the DagBag from /usr/local/lib/python3.10/dist-packages/airflow/example_dags/example_sensors.py
[2023-11-07T19:58:31.043+0000] {processor.py:839} INFO - DAG(s) dict_keys(['example_sensors']) retrieved from /usr/local/lib/python3.10/dist-packages/airflow/example_dags/example_sensors.py
[2023-11-07T19:58:31.080+0000] {logging_mixin.py:154} INFO - [2023-11-07T19:58:31.080+0000] {dag.py:2941} INFO - Sync 1 DAGs
[2023-11-07T19:58:31.113+0000] {logging_mixin.py:154} INFO - [2023-11-07T19:58:31.113+0000] {dag.py:3722} INFO - Setting next_dagrun for example_sensors to None, run_after=None
[2023-11-07T19:58:31.155+0000] {processor.py:179} INFO - Processing /usr/local/lib/python3.10/dist-packages/airflow/example_dags/example_sensors.py took 0.127 seconds
[2023-11-07T19:59:23.075+0000] {processor.py:157} INFO - Started process (PID=5247) to work on /usr/local/lib/python3.10/dist-packages/airflow/example_dags/example_sensors.py
[2023-11-07T19:59:23.076+0000] {processor.py:829} INFO - Processing file /usr/local/lib/python3.10/dist-packages/airflow/example_dags/example_sensors.py for tasks to queue
[2023-11-07T19:59:23.077+0000] {logging_mixin.py:154} INFO - [2023-11-07T19:59:23.077+0000] {dagbag.py:536} INFO - Filling up the DagBag from /usr/local/lib/python3.10/dist-packages/airflow/example_dags/example_sensors.py
[2023-11-07T19:59:23.097+0000] {processor.py:839} INFO - DAG(s) dict_keys(['example_sensors']) retrieved from /usr/local/lib/python3.10/dist-packages/airflow/example_dags/example_sensors.py
[2023-11-07T19:59:23.129+0000] {logging_mixin.py:154} INFO - [2023-11-07T19:59:23.129+0000] {dag.py:2941} INFO - Sync 1 DAGs
[2023-11-07T19:59:23.142+0000] {logging_mixin.py:154} INFO - [2023-11-07T19:59:23.142+0000] {dag.py:3722} INFO - Setting next_dagrun for example_sensors to None, run_after=None
[2023-11-07T19:59:23.166+0000] {processor.py:179} INFO - Processing /usr/local/lib/python3.10/dist-packages/airflow/example_dags/example_sensors.py took 0.095 seconds
[2023-11-07T20:00:14.111+0000] {processor.py:157} INFO - Started process (PID=5299) to work on /usr/local/lib/python3.10/dist-packages/airflow/example_dags/example_sensors.py
[2023-11-07T20:00:14.112+0000] {processor.py:829} INFO - Processing file /usr/local/lib/python3.10/dist-packages/airflow/example_dags/example_sensors.py for tasks to queue
[2023-11-07T20:00:14.113+0000] {logging_mixin.py:154} INFO - [2023-11-07T20:00:14.112+0000] {dagbag.py:536} INFO - Filling up the DagBag from /usr/local/lib/python3.10/dist-packages/airflow/example_dags/example_sensors.py
[2023-11-07T20:00:14.124+0000] {processor.py:839} INFO - DAG(s) dict_keys(['example_sensors']) retrieved from /usr/local/lib/python3.10/dist-packages/airflow/example_dags/example_sensors.py
[2023-11-07T20:00:14.145+0000] {logging_mixin.py:154} INFO - [2023-11-07T20:00:14.145+0000] {dag.py:2941} INFO - Sync 1 DAGs
[2023-11-07T20:00:14.157+0000] {logging_mixin.py:154} INFO - [2023-11-07T20:00:14.156+0000] {dag.py:3722} INFO - Setting next_dagrun for example_sensors to None, run_after=None
[2023-11-07T20:00:14.178+0000] {processor.py:179} INFO - Processing /usr/local/lib/python3.10/dist-packages/airflow/example_dags/example_sensors.py took 0.071 seconds
[2023-11-07T20:01:08.921+0000] {processor.py:157} INFO - Started process (PID=5353) to work on /usr/local/lib/python3.10/dist-packages/airflow/example_dags/example_sensors.py
[2023-11-07T20:01:08.923+0000] {processor.py:829} INFO - Processing file /usr/local/lib/python3.10/dist-packages/airflow/example_dags/example_sensors.py for tasks to queue
[2023-11-07T20:01:08.924+0000] {logging_mixin.py:154} INFO - [2023-11-07T20:01:08.924+0000] {dagbag.py:536} INFO - Filling up the DagBag from /usr/local/lib/python3.10/dist-packages/airflow/example_dags/example_sensors.py
[2023-11-07T20:01:08.942+0000] {processor.py:839} INFO - DAG(s) dict_keys(['example_sensors']) retrieved from /usr/local/lib/python3.10/dist-packages/airflow/example_dags/example_sensors.py
[2023-11-07T20:01:08.965+0000] {logging_mixin.py:154} INFO - [2023-11-07T20:01:08.964+0000] {dag.py:2941} INFO - Sync 1 DAGs
[2023-11-07T20:01:08.983+0000] {logging_mixin.py:154} INFO - [2023-11-07T20:01:08.983+0000] {dag.py:3722} INFO - Setting next_dagrun for example_sensors to None, run_after=None
[2023-11-07T20:01:09.024+0000] {processor.py:179} INFO - Processing /usr/local/lib/python3.10/dist-packages/airflow/example_dags/example_sensors.py took 0.111 seconds
[2023-11-07T20:01:52.892+0000] {processor.py:157} INFO - Started process (PID=5400) to work on /usr/local/lib/python3.10/dist-packages/airflow/example_dags/example_sensors.py
[2023-11-07T20:01:52.893+0000] {processor.py:829} INFO - Processing file /usr/local/lib/python3.10/dist-packages/airflow/example_dags/example_sensors.py for tasks to queue
[2023-11-07T20:01:52.894+0000] {logging_mixin.py:154} INFO - [2023-11-07T20:01:52.894+0000] {dagbag.py:536} INFO - Filling up the DagBag from /usr/local/lib/python3.10/dist-packages/airflow/example_dags/example_sensors.py
[2023-11-07T20:01:52.905+0000] {processor.py:839} INFO - DAG(s) dict_keys(['example_sensors']) retrieved from /usr/local/lib/python3.10/dist-packages/airflow/example_dags/example_sensors.py
[2023-11-07T20:01:52.931+0000] {logging_mixin.py:154} INFO - [2023-11-07T20:01:52.931+0000] {dag.py:2941} INFO - Sync 1 DAGs
[2023-11-07T20:01:52.947+0000] {logging_mixin.py:154} INFO - [2023-11-07T20:01:52.947+0000] {dag.py:3722} INFO - Setting next_dagrun for example_sensors to None, run_after=None
[2023-11-07T20:01:52.971+0000] {processor.py:179} INFO - Processing /usr/local/lib/python3.10/dist-packages/airflow/example_dags/example_sensors.py took 0.087 seconds
[2023-11-07T20:02:42.337+0000] {processor.py:157} INFO - Started process (PID=5450) to work on /usr/local/lib/python3.10/dist-packages/airflow/example_dags/example_sensors.py
[2023-11-07T20:02:42.338+0000] {processor.py:829} INFO - Processing file /usr/local/lib/python3.10/dist-packages/airflow/example_dags/example_sensors.py for tasks to queue
[2023-11-07T20:02:42.339+0000] {logging_mixin.py:154} INFO - [2023-11-07T20:02:42.339+0000] {dagbag.py:536} INFO - Filling up the DagBag from /usr/local/lib/python3.10/dist-packages/airflow/example_dags/example_sensors.py
[2023-11-07T20:02:42.349+0000] {processor.py:839} INFO - DAG(s) dict_keys(['example_sensors']) retrieved from /usr/local/lib/python3.10/dist-packages/airflow/example_dags/example_sensors.py
[2023-11-07T20:02:42.370+0000] {logging_mixin.py:154} INFO - [2023-11-07T20:02:42.369+0000] {dag.py:2941} INFO - Sync 1 DAGs
[2023-11-07T20:02:42.381+0000] {logging_mixin.py:154} INFO - [2023-11-07T20:02:42.381+0000] {dag.py:3722} INFO - Setting next_dagrun for example_sensors to None, run_after=None
[2023-11-07T20:02:42.402+0000] {processor.py:179} INFO - Processing /usr/local/lib/python3.10/dist-packages/airflow/example_dags/example_sensors.py took 0.068 seconds
[2023-11-07T20:03:30.095+0000] {processor.py:157} INFO - Started process (PID=5501) to work on /usr/local/lib/python3.10/dist-packages/airflow/example_dags/example_sensors.py
[2023-11-07T20:03:30.097+0000] {processor.py:829} INFO - Processing file /usr/local/lib/python3.10/dist-packages/airflow/example_dags/example_sensors.py for tasks to queue
[2023-11-07T20:03:30.098+0000] {logging_mixin.py:154} INFO - [2023-11-07T20:03:30.097+0000] {dagbag.py:536} INFO - Filling up the DagBag from /usr/local/lib/python3.10/dist-packages/airflow/example_dags/example_sensors.py
[2023-11-07T20:03:30.109+0000] {processor.py:839} INFO - DAG(s) dict_keys(['example_sensors']) retrieved from /usr/local/lib/python3.10/dist-packages/airflow/example_dags/example_sensors.py
[2023-11-07T20:03:30.131+0000] {logging_mixin.py:154} INFO - [2023-11-07T20:03:30.131+0000] {dag.py:2941} INFO - Sync 1 DAGs
[2023-11-07T20:03:30.142+0000] {logging_mixin.py:154} INFO - [2023-11-07T20:03:30.141+0000] {dag.py:3722} INFO - Setting next_dagrun for example_sensors to None, run_after=None
[2023-11-07T20:03:30.171+0000] {processor.py:179} INFO - Processing /usr/local/lib/python3.10/dist-packages/airflow/example_dags/example_sensors.py took 0.080 seconds
[2023-11-07T20:04:19.159+0000] {processor.py:157} INFO - Started process (PID=5552) to work on /usr/local/lib/python3.10/dist-packages/airflow/example_dags/example_sensors.py
[2023-11-07T20:04:19.160+0000] {processor.py:829} INFO - Processing file /usr/local/lib/python3.10/dist-packages/airflow/example_dags/example_sensors.py for tasks to queue
[2023-11-07T20:04:19.161+0000] {logging_mixin.py:154} INFO - [2023-11-07T20:04:19.160+0000] {dagbag.py:536} INFO - Filling up the DagBag from /usr/local/lib/python3.10/dist-packages/airflow/example_dags/example_sensors.py
[2023-11-07T20:04:19.172+0000] {processor.py:839} INFO - DAG(s) dict_keys(['example_sensors']) retrieved from /usr/local/lib/python3.10/dist-packages/airflow/example_dags/example_sensors.py
[2023-11-07T20:04:19.196+0000] {logging_mixin.py:154} INFO - [2023-11-07T20:04:19.196+0000] {dag.py:2941} INFO - Sync 1 DAGs
[2023-11-07T20:04:19.209+0000] {logging_mixin.py:154} INFO - [2023-11-07T20:04:19.209+0000] {dag.py:3722} INFO - Setting next_dagrun for example_sensors to None, run_after=None
[2023-11-07T20:04:19.232+0000] {processor.py:179} INFO - Processing /usr/local/lib/python3.10/dist-packages/airflow/example_dags/example_sensors.py took 0.077 seconds
[2023-11-07T20:05:07.908+0000] {processor.py:157} INFO - Started process (PID=5601) to work on /usr/local/lib/python3.10/dist-packages/airflow/example_dags/example_sensors.py
[2023-11-07T20:05:07.909+0000] {processor.py:829} INFO - Processing file /usr/local/lib/python3.10/dist-packages/airflow/example_dags/example_sensors.py for tasks to queue
[2023-11-07T20:05:07.910+0000] {logging_mixin.py:154} INFO - [2023-11-07T20:05:07.910+0000] {dagbag.py:536} INFO - Filling up the DagBag from /usr/local/lib/python3.10/dist-packages/airflow/example_dags/example_sensors.py
[2023-11-07T20:05:07.921+0000] {processor.py:839} INFO - DAG(s) dict_keys(['example_sensors']) retrieved from /usr/local/lib/python3.10/dist-packages/airflow/example_dags/example_sensors.py
[2023-11-07T20:05:07.945+0000] {logging_mixin.py:154} INFO - [2023-11-07T20:05:07.945+0000] {dag.py:2941} INFO - Sync 1 DAGs
[2023-11-07T20:05:07.957+0000] {logging_mixin.py:154} INFO - [2023-11-07T20:05:07.956+0000] {dag.py:3722} INFO - Setting next_dagrun for example_sensors to None, run_after=None
[2023-11-07T20:05:07.981+0000] {processor.py:179} INFO - Processing /usr/local/lib/python3.10/dist-packages/airflow/example_dags/example_sensors.py took 0.077 seconds
[2023-11-07T20:05:58.695+0000] {processor.py:157} INFO - Started process (PID=5653) to work on /usr/local/lib/python3.10/dist-packages/airflow/example_dags/example_sensors.py
[2023-11-07T20:05:58.698+0000] {processor.py:829} INFO - Processing file /usr/local/lib/python3.10/dist-packages/airflow/example_dags/example_sensors.py for tasks to queue
[2023-11-07T20:05:58.700+0000] {logging_mixin.py:154} INFO - [2023-11-07T20:05:58.700+0000] {dagbag.py:536} INFO - Filling up the DagBag from /usr/local/lib/python3.10/dist-packages/airflow/example_dags/example_sensors.py
[2023-11-07T20:05:58.720+0000] {processor.py:839} INFO - DAG(s) dict_keys(['example_sensors']) retrieved from /usr/local/lib/python3.10/dist-packages/airflow/example_dags/example_sensors.py
[2023-11-07T20:05:58.743+0000] {logging_mixin.py:154} INFO - [2023-11-07T20:05:58.743+0000] {dag.py:2941} INFO - Sync 1 DAGs
[2023-11-07T20:05:58.755+0000] {logging_mixin.py:154} INFO - [2023-11-07T20:05:58.754+0000] {dag.py:3722} INFO - Setting next_dagrun for example_sensors to None, run_after=None
[2023-11-07T20:05:58.785+0000] {processor.py:179} INFO - Processing /usr/local/lib/python3.10/dist-packages/airflow/example_dags/example_sensors.py took 0.098 seconds
[2023-11-07T20:06:46.857+0000] {processor.py:157} INFO - Started process (PID=5703) to work on /usr/local/lib/python3.10/dist-packages/airflow/example_dags/example_sensors.py
[2023-11-07T20:06:46.858+0000] {processor.py:829} INFO - Processing file /usr/local/lib/python3.10/dist-packages/airflow/example_dags/example_sensors.py for tasks to queue
[2023-11-07T20:06:46.859+0000] {logging_mixin.py:154} INFO - [2023-11-07T20:06:46.858+0000] {dagbag.py:536} INFO - Filling up the DagBag from /usr/local/lib/python3.10/dist-packages/airflow/example_dags/example_sensors.py
[2023-11-07T20:06:46.869+0000] {processor.py:839} INFO - DAG(s) dict_keys(['example_sensors']) retrieved from /usr/local/lib/python3.10/dist-packages/airflow/example_dags/example_sensors.py
[2023-11-07T20:06:46.889+0000] {logging_mixin.py:154} INFO - [2023-11-07T20:06:46.889+0000] {dag.py:2941} INFO - Sync 1 DAGs
[2023-11-07T20:06:46.900+0000] {logging_mixin.py:154} INFO - [2023-11-07T20:06:46.900+0000] {dag.py:3722} INFO - Setting next_dagrun for example_sensors to None, run_after=None
[2023-11-07T20:06:46.922+0000] {processor.py:179} INFO - Processing /usr/local/lib/python3.10/dist-packages/airflow/example_dags/example_sensors.py took 0.068 seconds
[2023-11-07T20:07:38.014+0000] {processor.py:157} INFO - Started process (PID=5758) to work on /usr/local/lib/python3.10/dist-packages/airflow/example_dags/example_sensors.py
[2023-11-07T20:07:38.015+0000] {processor.py:829} INFO - Processing file /usr/local/lib/python3.10/dist-packages/airflow/example_dags/example_sensors.py for tasks to queue
[2023-11-07T20:07:38.016+0000] {logging_mixin.py:154} INFO - [2023-11-07T20:07:38.016+0000] {dagbag.py:536} INFO - Filling up the DagBag from /usr/local/lib/python3.10/dist-packages/airflow/example_dags/example_sensors.py
[2023-11-07T20:07:38.029+0000] {processor.py:839} INFO - DAG(s) dict_keys(['example_sensors']) retrieved from /usr/local/lib/python3.10/dist-packages/airflow/example_dags/example_sensors.py
[2023-11-07T20:07:38.055+0000] {logging_mixin.py:154} INFO - [2023-11-07T20:07:38.055+0000] {dag.py:2941} INFO - Sync 1 DAGs
[2023-11-07T20:07:38.068+0000] {logging_mixin.py:154} INFO - [2023-11-07T20:07:38.068+0000] {dag.py:3722} INFO - Setting next_dagrun for example_sensors to None, run_after=None
[2023-11-07T20:07:38.092+0000] {processor.py:179} INFO - Processing /usr/local/lib/python3.10/dist-packages/airflow/example_dags/example_sensors.py took 0.081 seconds
