[2023-11-07T19:31:35.031+0000] {processor.py:157} INFO - Started process (PID=3555) to work on /usr/local/lib/python3.10/dist-packages/airflow/example_dags/example_xcomargs.py
[2023-11-07T19:31:35.033+0000] {processor.py:829} INFO - Processing file /usr/local/lib/python3.10/dist-packages/airflow/example_dags/example_xcomargs.py for tasks to queue
[2023-11-07T19:31:35.034+0000] {logging_mixin.py:154} INFO - [2023-11-07T19:31:35.033+0000] {dagbag.py:536} INFO - Filling up the DagBag from /usr/local/lib/python3.10/dist-packages/airflow/example_dags/example_xcomargs.py
[2023-11-07T19:31:35.050+0000] {processor.py:839} INFO - DAG(s) dict_keys(['example_xcom_args', 'example_xcom_args_with_operators']) retrieved from /usr/local/lib/python3.10/dist-packages/airflow/example_dags/example_xcomargs.py
[2023-11-07T19:31:35.208+0000] {logging_mixin.py:154} INFO - [2023-11-07T19:31:35.207+0000] {manager.py:499} INFO - Created Permission View: %s
[2023-11-07T19:31:35.222+0000] {logging_mixin.py:154} INFO - [2023-11-07T19:31:35.222+0000] {manager.py:499} INFO - Created Permission View: %s
[2023-11-07T19:31:35.234+0000] {logging_mixin.py:154} INFO - [2023-11-07T19:31:35.234+0000] {manager.py:499} INFO - Created Permission View: %s
[2023-11-07T19:31:35.280+0000] {logging_mixin.py:154} INFO - [2023-11-07T19:31:35.280+0000] {manager.py:499} INFO - Created Permission View: %s
[2023-11-07T19:31:35.292+0000] {logging_mixin.py:154} INFO - [2023-11-07T19:31:35.292+0000] {manager.py:499} INFO - Created Permission View: %s
[2023-11-07T19:31:35.313+0000] {logging_mixin.py:154} INFO - [2023-11-07T19:31:35.313+0000] {manager.py:499} INFO - Created Permission View: %s
[2023-11-07T19:31:35.314+0000] {logging_mixin.py:154} INFO - [2023-11-07T19:31:35.313+0000] {dag.py:2941} INFO - Sync 2 DAGs
[2023-11-07T19:31:35.328+0000] {logging_mixin.py:154} INFO - [2023-11-07T19:31:35.328+0000] {dag.py:2963} INFO - Creating ORM DAG for example_xcom_args
[2023-11-07T19:31:35.329+0000] {logging_mixin.py:154} INFO - [2023-11-07T19:31:35.329+0000] {dag.py:2963} INFO - Creating ORM DAG for example_xcom_args_with_operators
[2023-11-07T19:31:35.329+0000] {logging_mixin.py:154} INFO - [2023-11-07T19:31:35.329+0000] {dag.py:3722} INFO - Setting next_dagrun for example_xcom_args to None, run_after=None
[2023-11-07T19:31:35.332+0000] {logging_mixin.py:154} INFO - [2023-11-07T19:31:35.332+0000] {dag.py:3722} INFO - Setting next_dagrun for example_xcom_args_with_operators to None, run_after=None
[2023-11-07T19:31:35.363+0000] {processor.py:179} INFO - Processing /usr/local/lib/python3.10/dist-packages/airflow/example_dags/example_xcomargs.py took 0.336 seconds
[2023-11-07T19:32:29.237+0000] {processor.py:157} INFO - Started process (PID=3602) to work on /usr/local/lib/python3.10/dist-packages/airflow/example_dags/example_xcomargs.py
[2023-11-07T19:32:29.238+0000] {processor.py:829} INFO - Processing file /usr/local/lib/python3.10/dist-packages/airflow/example_dags/example_xcomargs.py for tasks to queue
[2023-11-07T19:32:29.239+0000] {logging_mixin.py:154} INFO - [2023-11-07T19:32:29.239+0000] {dagbag.py:536} INFO - Filling up the DagBag from /usr/local/lib/python3.10/dist-packages/airflow/example_dags/example_xcomargs.py
[2023-11-07T19:32:29.248+0000] {processor.py:839} INFO - DAG(s) dict_keys(['example_xcom_args_with_operators', 'example_xcom_args']) retrieved from /usr/local/lib/python3.10/dist-packages/airflow/example_dags/example_xcomargs.py
[2023-11-07T19:32:29.270+0000] {logging_mixin.py:154} INFO - [2023-11-07T19:32:29.270+0000] {dag.py:2941} INFO - Sync 2 DAGs
[2023-11-07T19:32:29.283+0000] {logging_mixin.py:154} INFO - [2023-11-07T19:32:29.283+0000] {dag.py:3722} INFO - Setting next_dagrun for example_xcom_args to None, run_after=None
[2023-11-07T19:32:29.287+0000] {logging_mixin.py:154} INFO - [2023-11-07T19:32:29.287+0000] {dag.py:3722} INFO - Setting next_dagrun for example_xcom_args_with_operators to None, run_after=None
[2023-11-07T19:32:29.311+0000] {processor.py:179} INFO - Processing /usr/local/lib/python3.10/dist-packages/airflow/example_dags/example_xcomargs.py took 0.078 seconds
[2023-11-07T19:33:09.416+0000] {processor.py:157} INFO - Started process (PID=3643) to work on /usr/local/lib/python3.10/dist-packages/airflow/example_dags/example_xcomargs.py
[2023-11-07T19:33:09.417+0000] {processor.py:829} INFO - Processing file /usr/local/lib/python3.10/dist-packages/airflow/example_dags/example_xcomargs.py for tasks to queue
[2023-11-07T19:33:09.418+0000] {logging_mixin.py:154} INFO - [2023-11-07T19:33:09.418+0000] {dagbag.py:536} INFO - Filling up the DagBag from /usr/local/lib/python3.10/dist-packages/airflow/example_dags/example_xcomargs.py
[2023-11-07T19:33:09.428+0000] {processor.py:839} INFO - DAG(s) dict_keys(['example_xcom_args', 'example_xcom_args_with_operators']) retrieved from /usr/local/lib/python3.10/dist-packages/airflow/example_dags/example_xcomargs.py
[2023-11-07T19:33:09.450+0000] {logging_mixin.py:154} INFO - [2023-11-07T19:33:09.448+0000] {dag.py:2941} INFO - Sync 2 DAGs
[2023-11-07T19:33:09.463+0000] {logging_mixin.py:154} INFO - [2023-11-07T19:33:09.462+0000] {dag.py:3722} INFO - Setting next_dagrun for example_xcom_args to None, run_after=None
[2023-11-07T19:33:09.465+0000] {logging_mixin.py:154} INFO - [2023-11-07T19:33:09.465+0000] {dag.py:3722} INFO - Setting next_dagrun for example_xcom_args_with_operators to None, run_after=None
[2023-11-07T19:33:09.484+0000] {processor.py:179} INFO - Processing /usr/local/lib/python3.10/dist-packages/airflow/example_dags/example_xcomargs.py took 0.071 seconds
[2023-11-07T19:33:55.609+0000] {processor.py:157} INFO - Started process (PID=3690) to work on /usr/local/lib/python3.10/dist-packages/airflow/example_dags/example_xcomargs.py
[2023-11-07T19:33:55.615+0000] {processor.py:829} INFO - Processing file /usr/local/lib/python3.10/dist-packages/airflow/example_dags/example_xcomargs.py for tasks to queue
[2023-11-07T19:33:55.615+0000] {logging_mixin.py:154} INFO - [2023-11-07T19:33:55.615+0000] {dagbag.py:536} INFO - Filling up the DagBag from /usr/local/lib/python3.10/dist-packages/airflow/example_dags/example_xcomargs.py
[2023-11-07T19:33:55.629+0000] {processor.py:839} INFO - DAG(s) dict_keys(['example_xcom_args', 'example_xcom_args_with_operators']) retrieved from /usr/local/lib/python3.10/dist-packages/airflow/example_dags/example_xcomargs.py
[2023-11-07T19:33:55.670+0000] {logging_mixin.py:154} INFO - [2023-11-07T19:33:55.670+0000] {dag.py:2941} INFO - Sync 2 DAGs
[2023-11-07T19:33:55.686+0000] {logging_mixin.py:154} INFO - [2023-11-07T19:33:55.686+0000] {dag.py:3722} INFO - Setting next_dagrun for example_xcom_args to None, run_after=None
[2023-11-07T19:33:55.690+0000] {logging_mixin.py:154} INFO - [2023-11-07T19:33:55.689+0000] {dag.py:3722} INFO - Setting next_dagrun for example_xcom_args_with_operators to None, run_after=None
[2023-11-07T19:33:55.726+0000] {processor.py:179} INFO - Processing /usr/local/lib/python3.10/dist-packages/airflow/example_dags/example_xcomargs.py took 0.123 seconds
[2023-11-07T19:34:41.137+0000] {processor.py:157} INFO - Started process (PID=3738) to work on /usr/local/lib/python3.10/dist-packages/airflow/example_dags/example_xcomargs.py
[2023-11-07T19:34:41.138+0000] {processor.py:829} INFO - Processing file /usr/local/lib/python3.10/dist-packages/airflow/example_dags/example_xcomargs.py for tasks to queue
[2023-11-07T19:34:41.139+0000] {logging_mixin.py:154} INFO - [2023-11-07T19:34:41.138+0000] {dagbag.py:536} INFO - Filling up the DagBag from /usr/local/lib/python3.10/dist-packages/airflow/example_dags/example_xcomargs.py
[2023-11-07T19:34:41.152+0000] {processor.py:839} INFO - DAG(s) dict_keys(['example_xcom_args_with_operators', 'example_xcom_args']) retrieved from /usr/local/lib/python3.10/dist-packages/airflow/example_dags/example_xcomargs.py
[2023-11-07T19:34:41.174+0000] {logging_mixin.py:154} INFO - [2023-11-07T19:34:41.174+0000] {dag.py:2941} INFO - Sync 2 DAGs
[2023-11-07T19:34:41.187+0000] {logging_mixin.py:154} INFO - [2023-11-07T19:34:41.187+0000] {dag.py:3722} INFO - Setting next_dagrun for example_xcom_args to None, run_after=None
[2023-11-07T19:34:41.190+0000] {logging_mixin.py:154} INFO - [2023-11-07T19:34:41.190+0000] {dag.py:3722} INFO - Setting next_dagrun for example_xcom_args_with_operators to None, run_after=None
[2023-11-07T19:34:41.216+0000] {processor.py:179} INFO - Processing /usr/local/lib/python3.10/dist-packages/airflow/example_dags/example_xcomargs.py took 0.082 seconds
[2023-11-07T19:35:25.960+0000] {processor.py:157} INFO - Started process (PID=3787) to work on /usr/local/lib/python3.10/dist-packages/airflow/example_dags/example_xcomargs.py
[2023-11-07T19:35:25.961+0000] {processor.py:829} INFO - Processing file /usr/local/lib/python3.10/dist-packages/airflow/example_dags/example_xcomargs.py for tasks to queue
[2023-11-07T19:35:25.965+0000] {logging_mixin.py:154} INFO - [2023-11-07T19:35:25.961+0000] {dagbag.py:536} INFO - Filling up the DagBag from /usr/local/lib/python3.10/dist-packages/airflow/example_dags/example_xcomargs.py
[2023-11-07T19:35:25.975+0000] {processor.py:839} INFO - DAG(s) dict_keys(['example_xcom_args', 'example_xcom_args_with_operators']) retrieved from /usr/local/lib/python3.10/dist-packages/airflow/example_dags/example_xcomargs.py
[2023-11-07T19:35:25.995+0000] {logging_mixin.py:154} INFO - [2023-11-07T19:35:25.995+0000] {dag.py:2941} INFO - Sync 2 DAGs
[2023-11-07T19:35:26.008+0000] {logging_mixin.py:154} INFO - [2023-11-07T19:35:26.008+0000] {dag.py:3722} INFO - Setting next_dagrun for example_xcom_args to None, run_after=None
[2023-11-07T19:35:26.011+0000] {logging_mixin.py:154} INFO - [2023-11-07T19:35:26.011+0000] {dag.py:3722} INFO - Setting next_dagrun for example_xcom_args_with_operators to None, run_after=None
[2023-11-07T19:35:26.031+0000] {processor.py:179} INFO - Processing /usr/local/lib/python3.10/dist-packages/airflow/example_dags/example_xcomargs.py took 0.074 seconds
[2023-11-07T19:36:12.260+0000] {processor.py:157} INFO - Started process (PID=3834) to work on /usr/local/lib/python3.10/dist-packages/airflow/example_dags/example_xcomargs.py
[2023-11-07T19:36:12.261+0000] {processor.py:829} INFO - Processing file /usr/local/lib/python3.10/dist-packages/airflow/example_dags/example_xcomargs.py for tasks to queue
[2023-11-07T19:36:12.262+0000] {logging_mixin.py:154} INFO - [2023-11-07T19:36:12.262+0000] {dagbag.py:536} INFO - Filling up the DagBag from /usr/local/lib/python3.10/dist-packages/airflow/example_dags/example_xcomargs.py
[2023-11-07T19:36:12.270+0000] {processor.py:839} INFO - DAG(s) dict_keys(['example_xcom_args_with_operators', 'example_xcom_args']) retrieved from /usr/local/lib/python3.10/dist-packages/airflow/example_dags/example_xcomargs.py
[2023-11-07T19:36:12.291+0000] {logging_mixin.py:154} INFO - [2023-11-07T19:36:12.291+0000] {dag.py:2941} INFO - Sync 2 DAGs
[2023-11-07T19:36:12.303+0000] {logging_mixin.py:154} INFO - [2023-11-07T19:36:12.303+0000] {dag.py:3722} INFO - Setting next_dagrun for example_xcom_args to None, run_after=None
[2023-11-07T19:36:12.306+0000] {logging_mixin.py:154} INFO - [2023-11-07T19:36:12.305+0000] {dag.py:3722} INFO - Setting next_dagrun for example_xcom_args_with_operators to None, run_after=None
[2023-11-07T19:36:12.330+0000] {processor.py:179} INFO - Processing /usr/local/lib/python3.10/dist-packages/airflow/example_dags/example_xcomargs.py took 0.073 seconds
[2023-11-07T19:37:02.645+0000] {processor.py:157} INFO - Started process (PID=3885) to work on /usr/local/lib/python3.10/dist-packages/airflow/example_dags/example_xcomargs.py
[2023-11-07T19:37:02.647+0000] {processor.py:829} INFO - Processing file /usr/local/lib/python3.10/dist-packages/airflow/example_dags/example_xcomargs.py for tasks to queue
[2023-11-07T19:37:02.648+0000] {logging_mixin.py:154} INFO - [2023-11-07T19:37:02.647+0000] {dagbag.py:536} INFO - Filling up the DagBag from /usr/local/lib/python3.10/dist-packages/airflow/example_dags/example_xcomargs.py
[2023-11-07T19:37:02.659+0000] {processor.py:839} INFO - DAG(s) dict_keys(['example_xcom_args_with_operators', 'example_xcom_args']) retrieved from /usr/local/lib/python3.10/dist-packages/airflow/example_dags/example_xcomargs.py
[2023-11-07T19:37:02.679+0000] {logging_mixin.py:154} INFO - [2023-11-07T19:37:02.679+0000] {dag.py:2941} INFO - Sync 2 DAGs
[2023-11-07T19:37:02.691+0000] {logging_mixin.py:154} INFO - [2023-11-07T19:37:02.691+0000] {dag.py:3722} INFO - Setting next_dagrun for example_xcom_args to None, run_after=None
[2023-11-07T19:37:02.694+0000] {logging_mixin.py:154} INFO - [2023-11-07T19:37:02.694+0000] {dag.py:3722} INFO - Setting next_dagrun for example_xcom_args_with_operators to None, run_after=None
[2023-11-07T19:37:02.720+0000] {processor.py:179} INFO - Processing /usr/local/lib/python3.10/dist-packages/airflow/example_dags/example_xcomargs.py took 0.078 seconds
[2023-11-07T19:37:51.097+0000] {processor.py:157} INFO - Started process (PID=3935) to work on /usr/local/lib/python3.10/dist-packages/airflow/example_dags/example_xcomargs.py
[2023-11-07T19:37:51.098+0000] {processor.py:829} INFO - Processing file /usr/local/lib/python3.10/dist-packages/airflow/example_dags/example_xcomargs.py for tasks to queue
[2023-11-07T19:37:51.100+0000] {logging_mixin.py:154} INFO - [2023-11-07T19:37:51.099+0000] {dagbag.py:536} INFO - Filling up the DagBag from /usr/local/lib/python3.10/dist-packages/airflow/example_dags/example_xcomargs.py
[2023-11-07T19:37:51.109+0000] {processor.py:839} INFO - DAG(s) dict_keys(['example_xcom_args_with_operators', 'example_xcom_args']) retrieved from /usr/local/lib/python3.10/dist-packages/airflow/example_dags/example_xcomargs.py
[2023-11-07T19:37:51.131+0000] {logging_mixin.py:154} INFO - [2023-11-07T19:37:51.130+0000] {dag.py:2941} INFO - Sync 2 DAGs
[2023-11-07T19:37:51.142+0000] {logging_mixin.py:154} INFO - [2023-11-07T19:37:51.142+0000] {dag.py:3722} INFO - Setting next_dagrun for example_xcom_args to None, run_after=None
[2023-11-07T19:37:51.145+0000] {logging_mixin.py:154} INFO - [2023-11-07T19:37:51.145+0000] {dag.py:3722} INFO - Setting next_dagrun for example_xcom_args_with_operators to None, run_after=None
[2023-11-07T19:37:51.167+0000] {processor.py:179} INFO - Processing /usr/local/lib/python3.10/dist-packages/airflow/example_dags/example_xcomargs.py took 0.073 seconds
[2023-11-07T19:38:40.442+0000] {processor.py:157} INFO - Started process (PID=3986) to work on /usr/local/lib/python3.10/dist-packages/airflow/example_dags/example_xcomargs.py
[2023-11-07T19:38:40.443+0000] {processor.py:829} INFO - Processing file /usr/local/lib/python3.10/dist-packages/airflow/example_dags/example_xcomargs.py for tasks to queue
[2023-11-07T19:38:40.444+0000] {logging_mixin.py:154} INFO - [2023-11-07T19:38:40.444+0000] {dagbag.py:536} INFO - Filling up the DagBag from /usr/local/lib/python3.10/dist-packages/airflow/example_dags/example_xcomargs.py
[2023-11-07T19:38:40.453+0000] {processor.py:839} INFO - DAG(s) dict_keys(['example_xcom_args_with_operators', 'example_xcom_args']) retrieved from /usr/local/lib/python3.10/dist-packages/airflow/example_dags/example_xcomargs.py
[2023-11-07T19:38:40.472+0000] {logging_mixin.py:154} INFO - [2023-11-07T19:38:40.472+0000] {dag.py:2941} INFO - Sync 2 DAGs
[2023-11-07T19:38:40.483+0000] {logging_mixin.py:154} INFO - [2023-11-07T19:38:40.482+0000] {dag.py:3722} INFO - Setting next_dagrun for example_xcom_args to None, run_after=None
[2023-11-07T19:38:40.485+0000] {logging_mixin.py:154} INFO - [2023-11-07T19:38:40.485+0000] {dag.py:3722} INFO - Setting next_dagrun for example_xcom_args_with_operators to None, run_after=None
[2023-11-07T19:38:40.510+0000] {processor.py:179} INFO - Processing /usr/local/lib/python3.10/dist-packages/airflow/example_dags/example_xcomargs.py took 0.071 seconds
[2023-11-07T19:39:24.970+0000] {processor.py:157} INFO - Started process (PID=4033) to work on /usr/local/lib/python3.10/dist-packages/airflow/example_dags/example_xcomargs.py
[2023-11-07T19:39:24.971+0000] {processor.py:829} INFO - Processing file /usr/local/lib/python3.10/dist-packages/airflow/example_dags/example_xcomargs.py for tasks to queue
[2023-11-07T19:39:24.972+0000] {logging_mixin.py:154} INFO - [2023-11-07T19:39:24.971+0000] {dagbag.py:536} INFO - Filling up the DagBag from /usr/local/lib/python3.10/dist-packages/airflow/example_dags/example_xcomargs.py
[2023-11-07T19:39:24.985+0000] {processor.py:839} INFO - DAG(s) dict_keys(['example_xcom_args_with_operators', 'example_xcom_args']) retrieved from /usr/local/lib/python3.10/dist-packages/airflow/example_dags/example_xcomargs.py
[2023-11-07T19:39:25.008+0000] {logging_mixin.py:154} INFO - [2023-11-07T19:39:25.008+0000] {dag.py:2941} INFO - Sync 2 DAGs
[2023-11-07T19:39:25.022+0000] {logging_mixin.py:154} INFO - [2023-11-07T19:39:25.021+0000] {dag.py:3722} INFO - Setting next_dagrun for example_xcom_args to None, run_after=None
[2023-11-07T19:39:25.027+0000] {logging_mixin.py:154} INFO - [2023-11-07T19:39:25.025+0000] {dag.py:3722} INFO - Setting next_dagrun for example_xcom_args_with_operators to None, run_after=None
[2023-11-07T19:39:25.051+0000] {processor.py:179} INFO - Processing /usr/local/lib/python3.10/dist-packages/airflow/example_dags/example_xcomargs.py took 0.086 seconds
[2023-11-07T19:40:13.944+0000] {processor.py:157} INFO - Started process (PID=4083) to work on /usr/local/lib/python3.10/dist-packages/airflow/example_dags/example_xcomargs.py
[2023-11-07T19:40:13.947+0000] {processor.py:829} INFO - Processing file /usr/local/lib/python3.10/dist-packages/airflow/example_dags/example_xcomargs.py for tasks to queue
[2023-11-07T19:40:13.948+0000] {logging_mixin.py:154} INFO - [2023-11-07T19:40:13.947+0000] {dagbag.py:536} INFO - Filling up the DagBag from /usr/local/lib/python3.10/dist-packages/airflow/example_dags/example_xcomargs.py
[2023-11-07T19:40:13.958+0000] {processor.py:839} INFO - DAG(s) dict_keys(['example_xcom_args_with_operators', 'example_xcom_args']) retrieved from /usr/local/lib/python3.10/dist-packages/airflow/example_dags/example_xcomargs.py
[2023-11-07T19:40:13.986+0000] {logging_mixin.py:154} INFO - [2023-11-07T19:40:13.986+0000] {dag.py:2941} INFO - Sync 2 DAGs
[2023-11-07T19:40:13.998+0000] {logging_mixin.py:154} INFO - [2023-11-07T19:40:13.998+0000] {dag.py:3722} INFO - Setting next_dagrun for example_xcom_args to None, run_after=None
[2023-11-07T19:40:14.002+0000] {logging_mixin.py:154} INFO - [2023-11-07T19:40:14.002+0000] {dag.py:3722} INFO - Setting next_dagrun for example_xcom_args_with_operators to None, run_after=None
[2023-11-07T19:40:14.022+0000] {processor.py:179} INFO - Processing /usr/local/lib/python3.10/dist-packages/airflow/example_dags/example_xcomargs.py took 0.080 seconds
[2023-11-07T19:40:49.909+0000] {processor.py:157} INFO - Started process (PID=4120) to work on /usr/local/lib/python3.10/dist-packages/airflow/example_dags/example_xcomargs.py
[2023-11-07T19:40:49.910+0000] {processor.py:829} INFO - Processing file /usr/local/lib/python3.10/dist-packages/airflow/example_dags/example_xcomargs.py for tasks to queue
[2023-11-07T19:40:49.911+0000] {logging_mixin.py:154} INFO - [2023-11-07T19:40:49.911+0000] {dagbag.py:536} INFO - Filling up the DagBag from /usr/local/lib/python3.10/dist-packages/airflow/example_dags/example_xcomargs.py
[2023-11-07T19:40:49.921+0000] {processor.py:839} INFO - DAG(s) dict_keys(['example_xcom_args_with_operators', 'example_xcom_args']) retrieved from /usr/local/lib/python3.10/dist-packages/airflow/example_dags/example_xcomargs.py
[2023-11-07T19:40:49.941+0000] {logging_mixin.py:154} INFO - [2023-11-07T19:40:49.941+0000] {dag.py:2941} INFO - Sync 2 DAGs
[2023-11-07T19:40:49.953+0000] {logging_mixin.py:154} INFO - [2023-11-07T19:40:49.952+0000] {dag.py:3722} INFO - Setting next_dagrun for example_xcom_args to None, run_after=None
[2023-11-07T19:40:49.956+0000] {logging_mixin.py:154} INFO - [2023-11-07T19:40:49.956+0000] {dag.py:3722} INFO - Setting next_dagrun for example_xcom_args_with_operators to None, run_after=None
[2023-11-07T19:40:49.975+0000] {processor.py:179} INFO - Processing /usr/local/lib/python3.10/dist-packages/airflow/example_dags/example_xcomargs.py took 0.070 seconds
[2023-11-07T19:41:24.579+0000] {processor.py:157} INFO - Started process (PID=4155) to work on /usr/local/lib/python3.10/dist-packages/airflow/example_dags/example_xcomargs.py
[2023-11-07T19:41:24.580+0000] {processor.py:829} INFO - Processing file /usr/local/lib/python3.10/dist-packages/airflow/example_dags/example_xcomargs.py for tasks to queue
[2023-11-07T19:41:24.581+0000] {logging_mixin.py:154} INFO - [2023-11-07T19:41:24.581+0000] {dagbag.py:536} INFO - Filling up the DagBag from /usr/local/lib/python3.10/dist-packages/airflow/example_dags/example_xcomargs.py
[2023-11-07T19:41:24.589+0000] {processor.py:839} INFO - DAG(s) dict_keys(['example_xcom_args_with_operators', 'example_xcom_args']) retrieved from /usr/local/lib/python3.10/dist-packages/airflow/example_dags/example_xcomargs.py
[2023-11-07T19:41:24.614+0000] {logging_mixin.py:154} INFO - [2023-11-07T19:41:24.613+0000] {dag.py:2941} INFO - Sync 2 DAGs
[2023-11-07T19:41:24.628+0000] {logging_mixin.py:154} INFO - [2023-11-07T19:41:24.628+0000] {dag.py:3722} INFO - Setting next_dagrun for example_xcom_args to None, run_after=None
[2023-11-07T19:41:24.631+0000] {logging_mixin.py:154} INFO - [2023-11-07T19:41:24.631+0000] {dag.py:3722} INFO - Setting next_dagrun for example_xcom_args_with_operators to None, run_after=None
[2023-11-07T19:41:24.653+0000] {processor.py:179} INFO - Processing /usr/local/lib/python3.10/dist-packages/airflow/example_dags/example_xcomargs.py took 0.079 seconds
[2023-11-07T19:42:12.180+0000] {processor.py:157} INFO - Started process (PID=4204) to work on /usr/local/lib/python3.10/dist-packages/airflow/example_dags/example_xcomargs.py
[2023-11-07T19:42:12.181+0000] {processor.py:829} INFO - Processing file /usr/local/lib/python3.10/dist-packages/airflow/example_dags/example_xcomargs.py for tasks to queue
[2023-11-07T19:42:12.182+0000] {logging_mixin.py:154} INFO - [2023-11-07T19:42:12.181+0000] {dagbag.py:536} INFO - Filling up the DagBag from /usr/local/lib/python3.10/dist-packages/airflow/example_dags/example_xcomargs.py
[2023-11-07T19:42:12.190+0000] {processor.py:839} INFO - DAG(s) dict_keys(['example_xcom_args', 'example_xcom_args_with_operators']) retrieved from /usr/local/lib/python3.10/dist-packages/airflow/example_dags/example_xcomargs.py
[2023-11-07T19:42:12.212+0000] {logging_mixin.py:154} INFO - [2023-11-07T19:42:12.211+0000] {dag.py:2941} INFO - Sync 2 DAGs
[2023-11-07T19:42:12.223+0000] {logging_mixin.py:154} INFO - [2023-11-07T19:42:12.223+0000] {dag.py:3722} INFO - Setting next_dagrun for example_xcom_args to None, run_after=None
[2023-11-07T19:42:12.226+0000] {logging_mixin.py:154} INFO - [2023-11-07T19:42:12.226+0000] {dag.py:3722} INFO - Setting next_dagrun for example_xcom_args_with_operators to None, run_after=None
[2023-11-07T19:42:12.250+0000] {processor.py:179} INFO - Processing /usr/local/lib/python3.10/dist-packages/airflow/example_dags/example_xcomargs.py took 0.074 seconds
[2023-11-07T19:43:00.365+0000] {processor.py:157} INFO - Started process (PID=4254) to work on /usr/local/lib/python3.10/dist-packages/airflow/example_dags/example_xcomargs.py
[2023-11-07T19:43:00.366+0000] {processor.py:829} INFO - Processing file /usr/local/lib/python3.10/dist-packages/airflow/example_dags/example_xcomargs.py for tasks to queue
[2023-11-07T19:43:00.367+0000] {logging_mixin.py:154} INFO - [2023-11-07T19:43:00.367+0000] {dagbag.py:536} INFO - Filling up the DagBag from /usr/local/lib/python3.10/dist-packages/airflow/example_dags/example_xcomargs.py
[2023-11-07T19:43:00.376+0000] {processor.py:839} INFO - DAG(s) dict_keys(['example_xcom_args', 'example_xcom_args_with_operators']) retrieved from /usr/local/lib/python3.10/dist-packages/airflow/example_dags/example_xcomargs.py
[2023-11-07T19:43:00.403+0000] {logging_mixin.py:154} INFO - [2023-11-07T19:43:00.403+0000] {dag.py:2941} INFO - Sync 2 DAGs
[2023-11-07T19:43:00.417+0000] {logging_mixin.py:154} INFO - [2023-11-07T19:43:00.417+0000] {dag.py:3722} INFO - Setting next_dagrun for example_xcom_args to None, run_after=None
[2023-11-07T19:43:00.420+0000] {logging_mixin.py:154} INFO - [2023-11-07T19:43:00.420+0000] {dag.py:3722} INFO - Setting next_dagrun for example_xcom_args_with_operators to None, run_after=None
[2023-11-07T19:43:00.440+0000] {processor.py:179} INFO - Processing /usr/local/lib/python3.10/dist-packages/airflow/example_dags/example_xcomargs.py took 0.078 seconds
[2023-11-07T19:43:50.866+0000] {processor.py:157} INFO - Started process (PID=4306) to work on /usr/local/lib/python3.10/dist-packages/airflow/example_dags/example_xcomargs.py
[2023-11-07T19:43:50.867+0000] {processor.py:829} INFO - Processing file /usr/local/lib/python3.10/dist-packages/airflow/example_dags/example_xcomargs.py for tasks to queue
[2023-11-07T19:43:50.868+0000] {logging_mixin.py:154} INFO - [2023-11-07T19:43:50.867+0000] {dagbag.py:536} INFO - Filling up the DagBag from /usr/local/lib/python3.10/dist-packages/airflow/example_dags/example_xcomargs.py
[2023-11-07T19:43:50.876+0000] {processor.py:839} INFO - DAG(s) dict_keys(['example_xcom_args_with_operators', 'example_xcom_args']) retrieved from /usr/local/lib/python3.10/dist-packages/airflow/example_dags/example_xcomargs.py
[2023-11-07T19:43:50.895+0000] {logging_mixin.py:154} INFO - [2023-11-07T19:43:50.894+0000] {dag.py:2941} INFO - Sync 2 DAGs
[2023-11-07T19:43:50.906+0000] {logging_mixin.py:154} INFO - [2023-11-07T19:43:50.906+0000] {dag.py:3722} INFO - Setting next_dagrun for example_xcom_args to None, run_after=None
[2023-11-07T19:43:50.909+0000] {logging_mixin.py:154} INFO - [2023-11-07T19:43:50.908+0000] {dag.py:3722} INFO - Setting next_dagrun for example_xcom_args_with_operators to None, run_after=None
[2023-11-07T19:43:50.928+0000] {processor.py:179} INFO - Processing /usr/local/lib/python3.10/dist-packages/airflow/example_dags/example_xcomargs.py took 0.065 seconds
[2023-11-07T19:44:42.410+0000] {processor.py:157} INFO - Started process (PID=4357) to work on /usr/local/lib/python3.10/dist-packages/airflow/example_dags/example_xcomargs.py
[2023-11-07T19:44:42.411+0000] {processor.py:829} INFO - Processing file /usr/local/lib/python3.10/dist-packages/airflow/example_dags/example_xcomargs.py for tasks to queue
[2023-11-07T19:44:42.412+0000] {logging_mixin.py:154} INFO - [2023-11-07T19:44:42.411+0000] {dagbag.py:536} INFO - Filling up the DagBag from /usr/local/lib/python3.10/dist-packages/airflow/example_dags/example_xcomargs.py
[2023-11-07T19:44:42.422+0000] {processor.py:839} INFO - DAG(s) dict_keys(['example_xcom_args_with_operators', 'example_xcom_args']) retrieved from /usr/local/lib/python3.10/dist-packages/airflow/example_dags/example_xcomargs.py
[2023-11-07T19:44:42.443+0000] {logging_mixin.py:154} INFO - [2023-11-07T19:44:42.443+0000] {dag.py:2941} INFO - Sync 2 DAGs
[2023-11-07T19:44:42.454+0000] {logging_mixin.py:154} INFO - [2023-11-07T19:44:42.454+0000] {dag.py:3722} INFO - Setting next_dagrun for example_xcom_args to None, run_after=None
[2023-11-07T19:44:42.457+0000] {logging_mixin.py:154} INFO - [2023-11-07T19:44:42.457+0000] {dag.py:3722} INFO - Setting next_dagrun for example_xcom_args_with_operators to None, run_after=None
[2023-11-07T19:44:42.476+0000] {processor.py:179} INFO - Processing /usr/local/lib/python3.10/dist-packages/airflow/example_dags/example_xcomargs.py took 0.069 seconds
[2023-11-07T19:45:18.501+0000] {processor.py:157} INFO - Started process (PID=4393) to work on /usr/local/lib/python3.10/dist-packages/airflow/example_dags/example_xcomargs.py
[2023-11-07T19:45:18.505+0000] {processor.py:829} INFO - Processing file /usr/local/lib/python3.10/dist-packages/airflow/example_dags/example_xcomargs.py for tasks to queue
[2023-11-07T19:45:18.506+0000] {logging_mixin.py:154} INFO - [2023-11-07T19:45:18.505+0000] {dagbag.py:536} INFO - Filling up the DagBag from /usr/local/lib/python3.10/dist-packages/airflow/example_dags/example_xcomargs.py
[2023-11-07T19:45:18.516+0000] {processor.py:839} INFO - DAG(s) dict_keys(['example_xcom_args', 'example_xcom_args_with_operators']) retrieved from /usr/local/lib/python3.10/dist-packages/airflow/example_dags/example_xcomargs.py
[2023-11-07T19:45:18.563+0000] {logging_mixin.py:154} INFO - [2023-11-07T19:45:18.562+0000] {dag.py:2941} INFO - Sync 2 DAGs
[2023-11-07T19:45:18.598+0000] {logging_mixin.py:154} INFO - [2023-11-07T19:45:18.594+0000] {dag.py:3722} INFO - Setting next_dagrun for example_xcom_args to None, run_after=None
[2023-11-07T19:45:18.603+0000] {logging_mixin.py:154} INFO - [2023-11-07T19:45:18.603+0000] {dag.py:3722} INFO - Setting next_dagrun for example_xcom_args_with_operators to None, run_after=None
[2023-11-07T19:45:18.627+0000] {processor.py:179} INFO - Processing /usr/local/lib/python3.10/dist-packages/airflow/example_dags/example_xcomargs.py took 0.135 seconds
[2023-11-07T19:45:56.004+0000] {processor.py:157} INFO - Started process (PID=4429) to work on /usr/local/lib/python3.10/dist-packages/airflow/example_dags/example_xcomargs.py
[2023-11-07T19:45:56.005+0000] {processor.py:829} INFO - Processing file /usr/local/lib/python3.10/dist-packages/airflow/example_dags/example_xcomargs.py for tasks to queue
[2023-11-07T19:45:56.006+0000] {logging_mixin.py:154} INFO - [2023-11-07T19:45:56.006+0000] {dagbag.py:536} INFO - Filling up the DagBag from /usr/local/lib/python3.10/dist-packages/airflow/example_dags/example_xcomargs.py
[2023-11-07T19:45:56.021+0000] {processor.py:839} INFO - DAG(s) dict_keys(['example_xcom_args_with_operators', 'example_xcom_args']) retrieved from /usr/local/lib/python3.10/dist-packages/airflow/example_dags/example_xcomargs.py
[2023-11-07T19:45:56.041+0000] {logging_mixin.py:154} INFO - [2023-11-07T19:45:56.041+0000] {dag.py:2941} INFO - Sync 2 DAGs
[2023-11-07T19:45:56.053+0000] {logging_mixin.py:154} INFO - [2023-11-07T19:45:56.053+0000] {dag.py:3722} INFO - Setting next_dagrun for example_xcom_args to None, run_after=None
[2023-11-07T19:45:56.056+0000] {logging_mixin.py:154} INFO - [2023-11-07T19:45:56.056+0000] {dag.py:3722} INFO - Setting next_dagrun for example_xcom_args_with_operators to None, run_after=None
[2023-11-07T19:45:56.075+0000] {processor.py:179} INFO - Processing /usr/local/lib/python3.10/dist-packages/airflow/example_dags/example_xcomargs.py took 0.074 seconds
[2023-11-07T19:46:31.265+0000] {processor.py:157} INFO - Started process (PID=4466) to work on /usr/local/lib/python3.10/dist-packages/airflow/example_dags/example_xcomargs.py
[2023-11-07T19:46:31.268+0000] {processor.py:829} INFO - Processing file /usr/local/lib/python3.10/dist-packages/airflow/example_dags/example_xcomargs.py for tasks to queue
[2023-11-07T19:46:31.269+0000] {logging_mixin.py:154} INFO - [2023-11-07T19:46:31.268+0000] {dagbag.py:536} INFO - Filling up the DagBag from /usr/local/lib/python3.10/dist-packages/airflow/example_dags/example_xcomargs.py
[2023-11-07T19:46:31.284+0000] {processor.py:839} INFO - DAG(s) dict_keys(['example_xcom_args_with_operators', 'example_xcom_args']) retrieved from /usr/local/lib/python3.10/dist-packages/airflow/example_dags/example_xcomargs.py
[2023-11-07T19:46:31.309+0000] {logging_mixin.py:154} INFO - [2023-11-07T19:46:31.309+0000] {dag.py:2941} INFO - Sync 2 DAGs
[2023-11-07T19:46:31.325+0000] {logging_mixin.py:154} INFO - [2023-11-07T19:46:31.324+0000] {dag.py:3722} INFO - Setting next_dagrun for example_xcom_args to None, run_after=None
[2023-11-07T19:46:31.329+0000] {logging_mixin.py:154} INFO - [2023-11-07T19:46:31.328+0000] {dag.py:3722} INFO - Setting next_dagrun for example_xcom_args_with_operators to None, run_after=None
[2023-11-07T19:46:31.355+0000] {processor.py:179} INFO - Processing /usr/local/lib/python3.10/dist-packages/airflow/example_dags/example_xcomargs.py took 0.102 seconds
[2023-11-07T19:47:23.328+0000] {processor.py:157} INFO - Started process (PID=4518) to work on /usr/local/lib/python3.10/dist-packages/airflow/example_dags/example_xcomargs.py
[2023-11-07T19:47:23.329+0000] {processor.py:829} INFO - Processing file /usr/local/lib/python3.10/dist-packages/airflow/example_dags/example_xcomargs.py for tasks to queue
[2023-11-07T19:47:23.329+0000] {logging_mixin.py:154} INFO - [2023-11-07T19:47:23.329+0000] {dagbag.py:536} INFO - Filling up the DagBag from /usr/local/lib/python3.10/dist-packages/airflow/example_dags/example_xcomargs.py
[2023-11-07T19:47:23.337+0000] {processor.py:839} INFO - DAG(s) dict_keys(['example_xcom_args', 'example_xcom_args_with_operators']) retrieved from /usr/local/lib/python3.10/dist-packages/airflow/example_dags/example_xcomargs.py
[2023-11-07T19:47:23.356+0000] {logging_mixin.py:154} INFO - [2023-11-07T19:47:23.356+0000] {dag.py:2941} INFO - Sync 2 DAGs
[2023-11-07T19:47:23.368+0000] {logging_mixin.py:154} INFO - [2023-11-07T19:47:23.368+0000] {dag.py:3722} INFO - Setting next_dagrun for example_xcom_args to None, run_after=None
[2023-11-07T19:47:23.371+0000] {logging_mixin.py:154} INFO - [2023-11-07T19:47:23.371+0000] {dag.py:3722} INFO - Setting next_dagrun for example_xcom_args_with_operators to None, run_after=None
[2023-11-07T19:47:23.390+0000] {processor.py:179} INFO - Processing /usr/local/lib/python3.10/dist-packages/airflow/example_dags/example_xcomargs.py took 0.066 seconds
[2023-11-07T19:48:12.005+0000] {processor.py:157} INFO - Started process (PID=4568) to work on /usr/local/lib/python3.10/dist-packages/airflow/example_dags/example_xcomargs.py
[2023-11-07T19:48:12.011+0000] {processor.py:829} INFO - Processing file /usr/local/lib/python3.10/dist-packages/airflow/example_dags/example_xcomargs.py for tasks to queue
[2023-11-07T19:48:12.011+0000] {logging_mixin.py:154} INFO - [2023-11-07T19:48:12.011+0000] {dagbag.py:536} INFO - Filling up the DagBag from /usr/local/lib/python3.10/dist-packages/airflow/example_dags/example_xcomargs.py
[2023-11-07T19:48:12.026+0000] {processor.py:839} INFO - DAG(s) dict_keys(['example_xcom_args_with_operators', 'example_xcom_args']) retrieved from /usr/local/lib/python3.10/dist-packages/airflow/example_dags/example_xcomargs.py
[2023-11-07T19:48:12.054+0000] {logging_mixin.py:154} INFO - [2023-11-07T19:48:12.054+0000] {dag.py:2941} INFO - Sync 2 DAGs
[2023-11-07T19:48:12.068+0000] {logging_mixin.py:154} INFO - [2023-11-07T19:48:12.067+0000] {dag.py:3722} INFO - Setting next_dagrun for example_xcom_args to None, run_after=None
[2023-11-07T19:48:12.071+0000] {logging_mixin.py:154} INFO - [2023-11-07T19:48:12.071+0000] {dag.py:3722} INFO - Setting next_dagrun for example_xcom_args_with_operators to None, run_after=None
[2023-11-07T19:48:12.092+0000] {processor.py:179} INFO - Processing /usr/local/lib/python3.10/dist-packages/airflow/example_dags/example_xcomargs.py took 0.091 seconds
[2023-11-07T19:48:47.126+0000] {processor.py:157} INFO - Started process (PID=4604) to work on /usr/local/lib/python3.10/dist-packages/airflow/example_dags/example_xcomargs.py
[2023-11-07T19:48:47.129+0000] {processor.py:829} INFO - Processing file /usr/local/lib/python3.10/dist-packages/airflow/example_dags/example_xcomargs.py for tasks to queue
[2023-11-07T19:48:47.130+0000] {logging_mixin.py:154} INFO - [2023-11-07T19:48:47.129+0000] {dagbag.py:536} INFO - Filling up the DagBag from /usr/local/lib/python3.10/dist-packages/airflow/example_dags/example_xcomargs.py
[2023-11-07T19:48:47.143+0000] {processor.py:839} INFO - DAG(s) dict_keys(['example_xcom_args', 'example_xcom_args_with_operators']) retrieved from /usr/local/lib/python3.10/dist-packages/airflow/example_dags/example_xcomargs.py
[2023-11-07T19:48:47.167+0000] {logging_mixin.py:154} INFO - [2023-11-07T19:48:47.167+0000] {dag.py:2941} INFO - Sync 2 DAGs
[2023-11-07T19:48:47.180+0000] {logging_mixin.py:154} INFO - [2023-11-07T19:48:47.179+0000] {dag.py:3722} INFO - Setting next_dagrun for example_xcom_args to None, run_after=None
[2023-11-07T19:48:47.185+0000] {logging_mixin.py:154} INFO - [2023-11-07T19:48:47.185+0000] {dag.py:3722} INFO - Setting next_dagrun for example_xcom_args_with_operators to None, run_after=None
[2023-11-07T19:48:47.205+0000] {processor.py:179} INFO - Processing /usr/local/lib/python3.10/dist-packages/airflow/example_dags/example_xcomargs.py took 0.086 seconds
[2023-11-07T19:49:33.381+0000] {processor.py:157} INFO - Started process (PID=4653) to work on /usr/local/lib/python3.10/dist-packages/airflow/example_dags/example_xcomargs.py
[2023-11-07T19:49:33.382+0000] {processor.py:829} INFO - Processing file /usr/local/lib/python3.10/dist-packages/airflow/example_dags/example_xcomargs.py for tasks to queue
[2023-11-07T19:49:33.383+0000] {logging_mixin.py:154} INFO - [2023-11-07T19:49:33.382+0000] {dagbag.py:536} INFO - Filling up the DagBag from /usr/local/lib/python3.10/dist-packages/airflow/example_dags/example_xcomargs.py
[2023-11-07T19:49:33.393+0000] {processor.py:839} INFO - DAG(s) dict_keys(['example_xcom_args', 'example_xcom_args_with_operators']) retrieved from /usr/local/lib/python3.10/dist-packages/airflow/example_dags/example_xcomargs.py
[2023-11-07T19:49:33.413+0000] {logging_mixin.py:154} INFO - [2023-11-07T19:49:33.413+0000] {dag.py:2941} INFO - Sync 2 DAGs
[2023-11-07T19:49:33.425+0000] {logging_mixin.py:154} INFO - [2023-11-07T19:49:33.425+0000] {dag.py:3722} INFO - Setting next_dagrun for example_xcom_args to None, run_after=None
[2023-11-07T19:49:33.428+0000] {logging_mixin.py:154} INFO - [2023-11-07T19:49:33.428+0000] {dag.py:3722} INFO - Setting next_dagrun for example_xcom_args_with_operators to None, run_after=None
[2023-11-07T19:49:33.448+0000] {processor.py:179} INFO - Processing /usr/local/lib/python3.10/dist-packages/airflow/example_dags/example_xcomargs.py took 0.070 seconds
[2023-11-07T19:50:22.695+0000] {processor.py:157} INFO - Started process (PID=4703) to work on /usr/local/lib/python3.10/dist-packages/airflow/example_dags/example_xcomargs.py
[2023-11-07T19:50:22.696+0000] {processor.py:829} INFO - Processing file /usr/local/lib/python3.10/dist-packages/airflow/example_dags/example_xcomargs.py for tasks to queue
[2023-11-07T19:50:22.697+0000] {logging_mixin.py:154} INFO - [2023-11-07T19:50:22.697+0000] {dagbag.py:536} INFO - Filling up the DagBag from /usr/local/lib/python3.10/dist-packages/airflow/example_dags/example_xcomargs.py
[2023-11-07T19:50:22.705+0000] {processor.py:839} INFO - DAG(s) dict_keys(['example_xcom_args_with_operators', 'example_xcom_args']) retrieved from /usr/local/lib/python3.10/dist-packages/airflow/example_dags/example_xcomargs.py
[2023-11-07T19:50:22.728+0000] {logging_mixin.py:154} INFO - [2023-11-07T19:50:22.728+0000] {dag.py:2941} INFO - Sync 2 DAGs
[2023-11-07T19:50:22.740+0000] {logging_mixin.py:154} INFO - [2023-11-07T19:50:22.740+0000] {dag.py:3722} INFO - Setting next_dagrun for example_xcom_args to None, run_after=None
[2023-11-07T19:50:22.744+0000] {logging_mixin.py:154} INFO - [2023-11-07T19:50:22.744+0000] {dag.py:3722} INFO - Setting next_dagrun for example_xcom_args_with_operators to None, run_after=None
[2023-11-07T19:50:22.770+0000] {processor.py:179} INFO - Processing /usr/local/lib/python3.10/dist-packages/airflow/example_dags/example_xcomargs.py took 0.078 seconds
[2023-11-07T19:51:13.469+0000] {processor.py:157} INFO - Started process (PID=4755) to work on /usr/local/lib/python3.10/dist-packages/airflow/example_dags/example_xcomargs.py
[2023-11-07T19:51:13.474+0000] {processor.py:829} INFO - Processing file /usr/local/lib/python3.10/dist-packages/airflow/example_dags/example_xcomargs.py for tasks to queue
[2023-11-07T19:51:13.475+0000] {logging_mixin.py:154} INFO - [2023-11-07T19:51:13.475+0000] {dagbag.py:536} INFO - Filling up the DagBag from /usr/local/lib/python3.10/dist-packages/airflow/example_dags/example_xcomargs.py
[2023-11-07T19:51:13.496+0000] {processor.py:839} INFO - DAG(s) dict_keys(['example_xcom_args_with_operators', 'example_xcom_args']) retrieved from /usr/local/lib/python3.10/dist-packages/airflow/example_dags/example_xcomargs.py
[2023-11-07T19:51:13.534+0000] {logging_mixin.py:154} INFO - [2023-11-07T19:51:13.533+0000] {dag.py:2941} INFO - Sync 2 DAGs
[2023-11-07T19:51:13.548+0000] {logging_mixin.py:154} INFO - [2023-11-07T19:51:13.548+0000] {dag.py:3722} INFO - Setting next_dagrun for example_xcom_args to None, run_after=None
[2023-11-07T19:51:13.551+0000] {logging_mixin.py:154} INFO - [2023-11-07T19:51:13.551+0000] {dag.py:3722} INFO - Setting next_dagrun for example_xcom_args_with_operators to None, run_after=None
[2023-11-07T19:51:13.573+0000] {processor.py:179} INFO - Processing /usr/local/lib/python3.10/dist-packages/airflow/example_dags/example_xcomargs.py took 0.112 seconds
[2023-11-07T19:52:03.393+0000] {processor.py:157} INFO - Started process (PID=4806) to work on /usr/local/lib/python3.10/dist-packages/airflow/example_dags/example_xcomargs.py
[2023-11-07T19:52:03.395+0000] {processor.py:829} INFO - Processing file /usr/local/lib/python3.10/dist-packages/airflow/example_dags/example_xcomargs.py for tasks to queue
[2023-11-07T19:52:03.396+0000] {logging_mixin.py:154} INFO - [2023-11-07T19:52:03.395+0000] {dagbag.py:536} INFO - Filling up the DagBag from /usr/local/lib/python3.10/dist-packages/airflow/example_dags/example_xcomargs.py
[2023-11-07T19:52:03.410+0000] {processor.py:839} INFO - DAG(s) dict_keys(['example_xcom_args', 'example_xcom_args_with_operators']) retrieved from /usr/local/lib/python3.10/dist-packages/airflow/example_dags/example_xcomargs.py
[2023-11-07T19:52:03.430+0000] {logging_mixin.py:154} INFO - [2023-11-07T19:52:03.430+0000] {dag.py:2941} INFO - Sync 2 DAGs
[2023-11-07T19:52:03.442+0000] {logging_mixin.py:154} INFO - [2023-11-07T19:52:03.441+0000] {dag.py:3722} INFO - Setting next_dagrun for example_xcom_args to None, run_after=None
[2023-11-07T19:52:03.445+0000] {logging_mixin.py:154} INFO - [2023-11-07T19:52:03.444+0000] {dag.py:3722} INFO - Setting next_dagrun for example_xcom_args_with_operators to None, run_after=None
[2023-11-07T19:52:03.486+0000] {processor.py:179} INFO - Processing /usr/local/lib/python3.10/dist-packages/airflow/example_dags/example_xcomargs.py took 0.096 seconds
[2023-11-07T19:52:38.086+0000] {processor.py:157} INFO - Started process (PID=4842) to work on /usr/local/lib/python3.10/dist-packages/airflow/example_dags/example_xcomargs.py
[2023-11-07T19:52:38.087+0000] {processor.py:829} INFO - Processing file /usr/local/lib/python3.10/dist-packages/airflow/example_dags/example_xcomargs.py for tasks to queue
[2023-11-07T19:52:38.088+0000] {logging_mixin.py:154} INFO - [2023-11-07T19:52:38.088+0000] {dagbag.py:536} INFO - Filling up the DagBag from /usr/local/lib/python3.10/dist-packages/airflow/example_dags/example_xcomargs.py
[2023-11-07T19:52:38.103+0000] {processor.py:839} INFO - DAG(s) dict_keys(['example_xcom_args_with_operators', 'example_xcom_args']) retrieved from /usr/local/lib/python3.10/dist-packages/airflow/example_dags/example_xcomargs.py
[2023-11-07T19:52:38.133+0000] {logging_mixin.py:154} INFO - [2023-11-07T19:52:38.133+0000] {dag.py:2941} INFO - Sync 2 DAGs
[2023-11-07T19:52:38.150+0000] {logging_mixin.py:154} INFO - [2023-11-07T19:52:38.150+0000] {dag.py:3722} INFO - Setting next_dagrun for example_xcom_args to None, run_after=None
[2023-11-07T19:52:38.153+0000] {logging_mixin.py:154} INFO - [2023-11-07T19:52:38.153+0000] {dag.py:3722} INFO - Setting next_dagrun for example_xcom_args_with_operators to None, run_after=None
[2023-11-07T19:52:38.173+0000] {processor.py:179} INFO - Processing /usr/local/lib/python3.10/dist-packages/airflow/example_dags/example_xcomargs.py took 0.092 seconds
[2023-11-07T19:53:13.561+0000] {processor.py:157} INFO - Started process (PID=4877) to work on /usr/local/lib/python3.10/dist-packages/airflow/example_dags/example_xcomargs.py
[2023-11-07T19:53:13.570+0000] {processor.py:829} INFO - Processing file /usr/local/lib/python3.10/dist-packages/airflow/example_dags/example_xcomargs.py for tasks to queue
[2023-11-07T19:53:13.571+0000] {logging_mixin.py:154} INFO - [2023-11-07T19:53:13.571+0000] {dagbag.py:536} INFO - Filling up the DagBag from /usr/local/lib/python3.10/dist-packages/airflow/example_dags/example_xcomargs.py
[2023-11-07T19:53:13.591+0000] {processor.py:839} INFO - DAG(s) dict_keys(['example_xcom_args', 'example_xcom_args_with_operators']) retrieved from /usr/local/lib/python3.10/dist-packages/airflow/example_dags/example_xcomargs.py
[2023-11-07T19:53:13.633+0000] {logging_mixin.py:154} INFO - [2023-11-07T19:53:13.633+0000] {dag.py:2941} INFO - Sync 2 DAGs
[2023-11-07T19:53:13.652+0000] {logging_mixin.py:154} INFO - [2023-11-07T19:53:13.652+0000] {dag.py:3722} INFO - Setting next_dagrun for example_xcom_args to None, run_after=None
[2023-11-07T19:53:13.662+0000] {logging_mixin.py:154} INFO - [2023-11-07T19:53:13.662+0000] {dag.py:3722} INFO - Setting next_dagrun for example_xcom_args_with_operators to None, run_after=None
[2023-11-07T19:53:13.688+0000] {processor.py:179} INFO - Processing /usr/local/lib/python3.10/dist-packages/airflow/example_dags/example_xcomargs.py took 0.146 seconds
[2023-11-07T19:53:49.441+0000] {processor.py:157} INFO - Started process (PID=4913) to work on /usr/local/lib/python3.10/dist-packages/airflow/example_dags/example_xcomargs.py
[2023-11-07T19:53:49.442+0000] {processor.py:829} INFO - Processing file /usr/local/lib/python3.10/dist-packages/airflow/example_dags/example_xcomargs.py for tasks to queue
[2023-11-07T19:53:49.443+0000] {logging_mixin.py:154} INFO - [2023-11-07T19:53:49.443+0000] {dagbag.py:536} INFO - Filling up the DagBag from /usr/local/lib/python3.10/dist-packages/airflow/example_dags/example_xcomargs.py
[2023-11-07T19:53:49.452+0000] {processor.py:839} INFO - DAG(s) dict_keys(['example_xcom_args_with_operators', 'example_xcom_args']) retrieved from /usr/local/lib/python3.10/dist-packages/airflow/example_dags/example_xcomargs.py
[2023-11-07T19:53:49.479+0000] {logging_mixin.py:154} INFO - [2023-11-07T19:53:49.479+0000] {dag.py:2941} INFO - Sync 2 DAGs
[2023-11-07T19:53:49.491+0000] {logging_mixin.py:154} INFO - [2023-11-07T19:53:49.491+0000] {dag.py:3722} INFO - Setting next_dagrun for example_xcom_args to None, run_after=None
[2023-11-07T19:53:49.495+0000] {logging_mixin.py:154} INFO - [2023-11-07T19:53:49.494+0000] {dag.py:3722} INFO - Setting next_dagrun for example_xcom_args_with_operators to None, run_after=None
[2023-11-07T19:53:49.524+0000] {processor.py:179} INFO - Processing /usr/local/lib/python3.10/dist-packages/airflow/example_dags/example_xcomargs.py took 0.087 seconds
[2023-11-07T19:54:25.343+0000] {processor.py:157} INFO - Started process (PID=4948) to work on /usr/local/lib/python3.10/dist-packages/airflow/example_dags/example_xcomargs.py
[2023-11-07T19:54:25.345+0000] {processor.py:829} INFO - Processing file /usr/local/lib/python3.10/dist-packages/airflow/example_dags/example_xcomargs.py for tasks to queue
[2023-11-07T19:54:25.346+0000] {logging_mixin.py:154} INFO - [2023-11-07T19:54:25.346+0000] {dagbag.py:536} INFO - Filling up the DagBag from /usr/local/lib/python3.10/dist-packages/airflow/example_dags/example_xcomargs.py
[2023-11-07T19:54:25.357+0000] {processor.py:839} INFO - DAG(s) dict_keys(['example_xcom_args_with_operators', 'example_xcom_args']) retrieved from /usr/local/lib/python3.10/dist-packages/airflow/example_dags/example_xcomargs.py
[2023-11-07T19:54:25.377+0000] {logging_mixin.py:154} INFO - [2023-11-07T19:54:25.377+0000] {dag.py:2941} INFO - Sync 2 DAGs
[2023-11-07T19:54:25.388+0000] {logging_mixin.py:154} INFO - [2023-11-07T19:54:25.388+0000] {dag.py:3722} INFO - Setting next_dagrun for example_xcom_args to None, run_after=None
[2023-11-07T19:54:25.392+0000] {logging_mixin.py:154} INFO - [2023-11-07T19:54:25.392+0000] {dag.py:3722} INFO - Setting next_dagrun for example_xcom_args_with_operators to None, run_after=None
[2023-11-07T19:54:25.412+0000] {processor.py:179} INFO - Processing /usr/local/lib/python3.10/dist-packages/airflow/example_dags/example_xcomargs.py took 0.072 seconds
[2023-11-07T19:55:14.558+0000] {processor.py:157} INFO - Started process (PID=4999) to work on /usr/local/lib/python3.10/dist-packages/airflow/example_dags/example_xcomargs.py
[2023-11-07T19:55:14.559+0000] {processor.py:829} INFO - Processing file /usr/local/lib/python3.10/dist-packages/airflow/example_dags/example_xcomargs.py for tasks to queue
[2023-11-07T19:55:14.561+0000] {logging_mixin.py:154} INFO - [2023-11-07T19:55:14.561+0000] {dagbag.py:536} INFO - Filling up the DagBag from /usr/local/lib/python3.10/dist-packages/airflow/example_dags/example_xcomargs.py
[2023-11-07T19:55:14.571+0000] {processor.py:839} INFO - DAG(s) dict_keys(['example_xcom_args_with_operators', 'example_xcom_args']) retrieved from /usr/local/lib/python3.10/dist-packages/airflow/example_dags/example_xcomargs.py
[2023-11-07T19:55:14.591+0000] {logging_mixin.py:154} INFO - [2023-11-07T19:55:14.590+0000] {dag.py:2941} INFO - Sync 2 DAGs
[2023-11-07T19:55:14.618+0000] {logging_mixin.py:154} INFO - [2023-11-07T19:55:14.618+0000] {dag.py:3722} INFO - Setting next_dagrun for example_xcom_args to None, run_after=None
[2023-11-07T19:55:14.625+0000] {logging_mixin.py:154} INFO - [2023-11-07T19:55:14.625+0000] {dag.py:3722} INFO - Setting next_dagrun for example_xcom_args_with_operators to None, run_after=None
[2023-11-07T19:55:14.672+0000] {processor.py:179} INFO - Processing /usr/local/lib/python3.10/dist-packages/airflow/example_dags/example_xcomargs.py took 0.118 seconds
[2023-11-07T19:55:50.646+0000] {processor.py:157} INFO - Started process (PID=5034) to work on /usr/local/lib/python3.10/dist-packages/airflow/example_dags/example_xcomargs.py
[2023-11-07T19:55:50.648+0000] {processor.py:829} INFO - Processing file /usr/local/lib/python3.10/dist-packages/airflow/example_dags/example_xcomargs.py for tasks to queue
[2023-11-07T19:55:50.652+0000] {logging_mixin.py:154} INFO - [2023-11-07T19:55:50.651+0000] {dagbag.py:536} INFO - Filling up the DagBag from /usr/local/lib/python3.10/dist-packages/airflow/example_dags/example_xcomargs.py
[2023-11-07T19:55:50.675+0000] {processor.py:839} INFO - DAG(s) dict_keys(['example_xcom_args_with_operators', 'example_xcom_args']) retrieved from /usr/local/lib/python3.10/dist-packages/airflow/example_dags/example_xcomargs.py
[2023-11-07T19:55:50.723+0000] {logging_mixin.py:154} INFO - [2023-11-07T19:55:50.722+0000] {dag.py:2941} INFO - Sync 2 DAGs
[2023-11-07T19:55:50.758+0000] {logging_mixin.py:154} INFO - [2023-11-07T19:55:50.758+0000] {dag.py:3722} INFO - Setting next_dagrun for example_xcom_args to None, run_after=None
[2023-11-07T19:55:50.762+0000] {logging_mixin.py:154} INFO - [2023-11-07T19:55:50.762+0000] {dag.py:3722} INFO - Setting next_dagrun for example_xcom_args_with_operators to None, run_after=None
[2023-11-07T19:55:50.789+0000] {processor.py:179} INFO - Processing /usr/local/lib/python3.10/dist-packages/airflow/example_dags/example_xcomargs.py took 0.151 seconds
[2023-11-07T19:56:27.908+0000] {processor.py:157} INFO - Started process (PID=5071) to work on /usr/local/lib/python3.10/dist-packages/airflow/example_dags/example_xcomargs.py
[2023-11-07T19:56:27.909+0000] {processor.py:829} INFO - Processing file /usr/local/lib/python3.10/dist-packages/airflow/example_dags/example_xcomargs.py for tasks to queue
[2023-11-07T19:56:27.910+0000] {logging_mixin.py:154} INFO - [2023-11-07T19:56:27.910+0000] {dagbag.py:536} INFO - Filling up the DagBag from /usr/local/lib/python3.10/dist-packages/airflow/example_dags/example_xcomargs.py
[2023-11-07T19:56:27.918+0000] {processor.py:839} INFO - DAG(s) dict_keys(['example_xcom_args', 'example_xcom_args_with_operators']) retrieved from /usr/local/lib/python3.10/dist-packages/airflow/example_dags/example_xcomargs.py
[2023-11-07T19:56:27.937+0000] {logging_mixin.py:154} INFO - [2023-11-07T19:56:27.937+0000] {dag.py:2941} INFO - Sync 2 DAGs
[2023-11-07T19:56:27.950+0000] {logging_mixin.py:154} INFO - [2023-11-07T19:56:27.950+0000] {dag.py:3722} INFO - Setting next_dagrun for example_xcom_args to None, run_after=None
[2023-11-07T19:56:27.953+0000] {logging_mixin.py:154} INFO - [2023-11-07T19:56:27.953+0000] {dag.py:3722} INFO - Setting next_dagrun for example_xcom_args_with_operators to None, run_after=None
[2023-11-07T19:56:27.976+0000] {processor.py:179} INFO - Processing /usr/local/lib/python3.10/dist-packages/airflow/example_dags/example_xcomargs.py took 0.071 seconds
[2023-11-07T19:57:03.354+0000] {processor.py:157} INFO - Started process (PID=5106) to work on /usr/local/lib/python3.10/dist-packages/airflow/example_dags/example_xcomargs.py
[2023-11-07T19:57:03.358+0000] {processor.py:829} INFO - Processing file /usr/local/lib/python3.10/dist-packages/airflow/example_dags/example_xcomargs.py for tasks to queue
[2023-11-07T19:57:03.360+0000] {logging_mixin.py:154} INFO - [2023-11-07T19:57:03.359+0000] {dagbag.py:536} INFO - Filling up the DagBag from /usr/local/lib/python3.10/dist-packages/airflow/example_dags/example_xcomargs.py
[2023-11-07T19:57:03.370+0000] {processor.py:839} INFO - DAG(s) dict_keys(['example_xcom_args', 'example_xcom_args_with_operators']) retrieved from /usr/local/lib/python3.10/dist-packages/airflow/example_dags/example_xcomargs.py
[2023-11-07T19:57:03.394+0000] {logging_mixin.py:154} INFO - [2023-11-07T19:57:03.393+0000] {dag.py:2941} INFO - Sync 2 DAGs
[2023-11-07T19:57:03.419+0000] {logging_mixin.py:154} INFO - [2023-11-07T19:57:03.419+0000] {dag.py:3722} INFO - Setting next_dagrun for example_xcom_args to None, run_after=None
[2023-11-07T19:57:03.427+0000] {logging_mixin.py:154} INFO - [2023-11-07T19:57:03.426+0000] {dag.py:3722} INFO - Setting next_dagrun for example_xcom_args_with_operators to None, run_after=None
[2023-11-07T19:57:03.460+0000] {processor.py:179} INFO - Processing /usr/local/lib/python3.10/dist-packages/airflow/example_dags/example_xcomargs.py took 0.113 seconds
[2023-11-07T19:57:38.425+0000] {processor.py:157} INFO - Started process (PID=5141) to work on /usr/local/lib/python3.10/dist-packages/airflow/example_dags/example_xcomargs.py
[2023-11-07T19:57:38.428+0000] {processor.py:829} INFO - Processing file /usr/local/lib/python3.10/dist-packages/airflow/example_dags/example_xcomargs.py for tasks to queue
[2023-11-07T19:57:38.429+0000] {logging_mixin.py:154} INFO - [2023-11-07T19:57:38.429+0000] {dagbag.py:536} INFO - Filling up the DagBag from /usr/local/lib/python3.10/dist-packages/airflow/example_dags/example_xcomargs.py
[2023-11-07T19:57:38.446+0000] {processor.py:839} INFO - DAG(s) dict_keys(['example_xcom_args', 'example_xcom_args_with_operators']) retrieved from /usr/local/lib/python3.10/dist-packages/airflow/example_dags/example_xcomargs.py
[2023-11-07T19:57:38.471+0000] {logging_mixin.py:154} INFO - [2023-11-07T19:57:38.471+0000] {dag.py:2941} INFO - Sync 2 DAGs
[2023-11-07T19:57:38.486+0000] {logging_mixin.py:154} INFO - [2023-11-07T19:57:38.486+0000] {dag.py:3722} INFO - Setting next_dagrun for example_xcom_args to None, run_after=None
[2023-11-07T19:57:38.489+0000] {logging_mixin.py:154} INFO - [2023-11-07T19:57:38.489+0000] {dag.py:3722} INFO - Setting next_dagrun for example_xcom_args_with_operators to None, run_after=None
[2023-11-07T19:57:38.511+0000] {processor.py:179} INFO - Processing /usr/local/lib/python3.10/dist-packages/airflow/example_dags/example_xcomargs.py took 0.093 seconds
[2023-11-07T19:58:24.680+0000] {processor.py:157} INFO - Started process (PID=5189) to work on /usr/local/lib/python3.10/dist-packages/airflow/example_dags/example_xcomargs.py
[2023-11-07T19:58:24.681+0000] {processor.py:829} INFO - Processing file /usr/local/lib/python3.10/dist-packages/airflow/example_dags/example_xcomargs.py for tasks to queue
[2023-11-07T19:58:24.682+0000] {logging_mixin.py:154} INFO - [2023-11-07T19:58:24.682+0000] {dagbag.py:536} INFO - Filling up the DagBag from /usr/local/lib/python3.10/dist-packages/airflow/example_dags/example_xcomargs.py
[2023-11-07T19:58:24.692+0000] {processor.py:839} INFO - DAG(s) dict_keys(['example_xcom_args', 'example_xcom_args_with_operators']) retrieved from /usr/local/lib/python3.10/dist-packages/airflow/example_dags/example_xcomargs.py
[2023-11-07T19:58:24.711+0000] {logging_mixin.py:154} INFO - [2023-11-07T19:58:24.711+0000] {dag.py:2941} INFO - Sync 2 DAGs
[2023-11-07T19:58:24.722+0000] {logging_mixin.py:154} INFO - [2023-11-07T19:58:24.722+0000] {dag.py:3722} INFO - Setting next_dagrun for example_xcom_args to None, run_after=None
[2023-11-07T19:58:24.725+0000] {logging_mixin.py:154} INFO - [2023-11-07T19:58:24.725+0000] {dag.py:3722} INFO - Setting next_dagrun for example_xcom_args_with_operators to None, run_after=None
[2023-11-07T19:58:24.743+0000] {processor.py:179} INFO - Processing /usr/local/lib/python3.10/dist-packages/airflow/example_dags/example_xcomargs.py took 0.074 seconds
[2023-11-07T19:58:58.875+0000] {processor.py:157} INFO - Started process (PID=5224) to work on /usr/local/lib/python3.10/dist-packages/airflow/example_dags/example_xcomargs.py
[2023-11-07T19:58:58.877+0000] {processor.py:829} INFO - Processing file /usr/local/lib/python3.10/dist-packages/airflow/example_dags/example_xcomargs.py for tasks to queue
[2023-11-07T19:58:58.878+0000] {logging_mixin.py:154} INFO - [2023-11-07T19:58:58.877+0000] {dagbag.py:536} INFO - Filling up the DagBag from /usr/local/lib/python3.10/dist-packages/airflow/example_dags/example_xcomargs.py
[2023-11-07T19:58:58.889+0000] {processor.py:839} INFO - DAG(s) dict_keys(['example_xcom_args', 'example_xcom_args_with_operators']) retrieved from /usr/local/lib/python3.10/dist-packages/airflow/example_dags/example_xcomargs.py
[2023-11-07T19:58:58.909+0000] {logging_mixin.py:154} INFO - [2023-11-07T19:58:58.909+0000] {dag.py:2941} INFO - Sync 2 DAGs
[2023-11-07T19:58:58.921+0000] {logging_mixin.py:154} INFO - [2023-11-07T19:58:58.921+0000] {dag.py:3722} INFO - Setting next_dagrun for example_xcom_args to None, run_after=None
[2023-11-07T19:58:58.925+0000] {logging_mixin.py:154} INFO - [2023-11-07T19:58:58.924+0000] {dag.py:3722} INFO - Setting next_dagrun for example_xcom_args_with_operators to None, run_after=None
[2023-11-07T19:58:58.947+0000] {processor.py:179} INFO - Processing /usr/local/lib/python3.10/dist-packages/airflow/example_dags/example_xcomargs.py took 0.076 seconds
[2023-11-07T19:59:49.104+0000] {processor.py:157} INFO - Started process (PID=5274) to work on /usr/local/lib/python3.10/dist-packages/airflow/example_dags/example_xcomargs.py
[2023-11-07T19:59:49.105+0000] {processor.py:829} INFO - Processing file /usr/local/lib/python3.10/dist-packages/airflow/example_dags/example_xcomargs.py for tasks to queue
[2023-11-07T19:59:49.107+0000] {logging_mixin.py:154} INFO - [2023-11-07T19:59:49.106+0000] {dagbag.py:536} INFO - Filling up the DagBag from /usr/local/lib/python3.10/dist-packages/airflow/example_dags/example_xcomargs.py
[2023-11-07T19:59:49.115+0000] {processor.py:839} INFO - DAG(s) dict_keys(['example_xcom_args_with_operators', 'example_xcom_args']) retrieved from /usr/local/lib/python3.10/dist-packages/airflow/example_dags/example_xcomargs.py
[2023-11-07T19:59:49.138+0000] {logging_mixin.py:154} INFO - [2023-11-07T19:59:49.138+0000] {dag.py:2941} INFO - Sync 2 DAGs
[2023-11-07T19:59:49.151+0000] {logging_mixin.py:154} INFO - [2023-11-07T19:59:49.151+0000] {dag.py:3722} INFO - Setting next_dagrun for example_xcom_args to None, run_after=None
[2023-11-07T19:59:49.154+0000] {logging_mixin.py:154} INFO - [2023-11-07T19:59:49.154+0000] {dag.py:3722} INFO - Setting next_dagrun for example_xcom_args_with_operators to None, run_after=None
[2023-11-07T19:59:49.180+0000] {processor.py:179} INFO - Processing /usr/local/lib/python3.10/dist-packages/airflow/example_dags/example_xcomargs.py took 0.078 seconds
[2023-11-07T20:00:24.556+0000] {processor.py:157} INFO - Started process (PID=5309) to work on /usr/local/lib/python3.10/dist-packages/airflow/example_dags/example_xcomargs.py
[2023-11-07T20:00:24.559+0000] {processor.py:829} INFO - Processing file /usr/local/lib/python3.10/dist-packages/airflow/example_dags/example_xcomargs.py for tasks to queue
[2023-11-07T20:00:24.560+0000] {logging_mixin.py:154} INFO - [2023-11-07T20:00:24.559+0000] {dagbag.py:536} INFO - Filling up the DagBag from /usr/local/lib/python3.10/dist-packages/airflow/example_dags/example_xcomargs.py
[2023-11-07T20:00:24.587+0000] {processor.py:839} INFO - DAG(s) dict_keys(['example_xcom_args', 'example_xcom_args_with_operators']) retrieved from /usr/local/lib/python3.10/dist-packages/airflow/example_dags/example_xcomargs.py
[2023-11-07T20:00:24.616+0000] {logging_mixin.py:154} INFO - [2023-11-07T20:00:24.616+0000] {dag.py:2941} INFO - Sync 2 DAGs
[2023-11-07T20:00:24.629+0000] {logging_mixin.py:154} INFO - [2023-11-07T20:00:24.628+0000] {dag.py:3722} INFO - Setting next_dagrun for example_xcom_args to None, run_after=None
[2023-11-07T20:00:24.632+0000] {logging_mixin.py:154} INFO - [2023-11-07T20:00:24.632+0000] {dag.py:3722} INFO - Setting next_dagrun for example_xcom_args_with_operators to None, run_after=None
[2023-11-07T20:00:24.668+0000] {processor.py:179} INFO - Processing /usr/local/lib/python3.10/dist-packages/airflow/example_dags/example_xcomargs.py took 0.121 seconds
[2023-11-07T20:01:00.798+0000] {processor.py:157} INFO - Started process (PID=5345) to work on /usr/local/lib/python3.10/dist-packages/airflow/example_dags/example_xcomargs.py
[2023-11-07T20:01:00.799+0000] {processor.py:829} INFO - Processing file /usr/local/lib/python3.10/dist-packages/airflow/example_dags/example_xcomargs.py for tasks to queue
[2023-11-07T20:01:00.800+0000] {logging_mixin.py:154} INFO - [2023-11-07T20:01:00.800+0000] {dagbag.py:536} INFO - Filling up the DagBag from /usr/local/lib/python3.10/dist-packages/airflow/example_dags/example_xcomargs.py
[2023-11-07T20:01:00.810+0000] {processor.py:839} INFO - DAG(s) dict_keys(['example_xcom_args_with_operators', 'example_xcom_args']) retrieved from /usr/local/lib/python3.10/dist-packages/airflow/example_dags/example_xcomargs.py
[2023-11-07T20:01:00.848+0000] {logging_mixin.py:154} INFO - [2023-11-07T20:01:00.847+0000] {dag.py:2941} INFO - Sync 2 DAGs
[2023-11-07T20:01:00.865+0000] {logging_mixin.py:154} INFO - [2023-11-07T20:01:00.864+0000] {dag.py:3722} INFO - Setting next_dagrun for example_xcom_args to None, run_after=None
[2023-11-07T20:01:00.871+0000] {logging_mixin.py:154} INFO - [2023-11-07T20:01:00.871+0000] {dag.py:3722} INFO - Setting next_dagrun for example_xcom_args_with_operators to None, run_after=None
[2023-11-07T20:01:00.892+0000] {processor.py:179} INFO - Processing /usr/local/lib/python3.10/dist-packages/airflow/example_dags/example_xcomargs.py took 0.098 seconds
[2023-11-07T20:01:35.011+0000] {processor.py:157} INFO - Started process (PID=5381) to work on /usr/local/lib/python3.10/dist-packages/airflow/example_dags/example_xcomargs.py
[2023-11-07T20:01:35.012+0000] {processor.py:829} INFO - Processing file /usr/local/lib/python3.10/dist-packages/airflow/example_dags/example_xcomargs.py for tasks to queue
[2023-11-07T20:01:35.013+0000] {logging_mixin.py:154} INFO - [2023-11-07T20:01:35.013+0000] {dagbag.py:536} INFO - Filling up the DagBag from /usr/local/lib/python3.10/dist-packages/airflow/example_dags/example_xcomargs.py
[2023-11-07T20:01:35.022+0000] {processor.py:839} INFO - DAG(s) dict_keys(['example_xcom_args_with_operators', 'example_xcom_args']) retrieved from /usr/local/lib/python3.10/dist-packages/airflow/example_dags/example_xcomargs.py
[2023-11-07T20:01:35.063+0000] {logging_mixin.py:154} INFO - [2023-11-07T20:01:35.063+0000] {dag.py:2941} INFO - Sync 2 DAGs
[2023-11-07T20:01:35.075+0000] {logging_mixin.py:154} INFO - [2023-11-07T20:01:35.074+0000] {dag.py:3722} INFO - Setting next_dagrun for example_xcom_args to None, run_after=None
[2023-11-07T20:01:35.078+0000] {logging_mixin.py:154} INFO - [2023-11-07T20:01:35.078+0000] {dag.py:3722} INFO - Setting next_dagrun for example_xcom_args_with_operators to None, run_after=None
[2023-11-07T20:01:35.103+0000] {processor.py:179} INFO - Processing /usr/local/lib/python3.10/dist-packages/airflow/example_dags/example_xcomargs.py took 0.095 seconds
[2023-11-07T20:02:16.988+0000] {processor.py:157} INFO - Started process (PID=5425) to work on /usr/local/lib/python3.10/dist-packages/airflow/example_dags/example_xcomargs.py
[2023-11-07T20:02:16.990+0000] {processor.py:829} INFO - Processing file /usr/local/lib/python3.10/dist-packages/airflow/example_dags/example_xcomargs.py for tasks to queue
[2023-11-07T20:02:16.990+0000] {logging_mixin.py:154} INFO - [2023-11-07T20:02:16.990+0000] {dagbag.py:536} INFO - Filling up the DagBag from /usr/local/lib/python3.10/dist-packages/airflow/example_dags/example_xcomargs.py
[2023-11-07T20:02:16.999+0000] {processor.py:839} INFO - DAG(s) dict_keys(['example_xcom_args', 'example_xcom_args_with_operators']) retrieved from /usr/local/lib/python3.10/dist-packages/airflow/example_dags/example_xcomargs.py
[2023-11-07T20:02:17.020+0000] {logging_mixin.py:154} INFO - [2023-11-07T20:02:17.020+0000] {dag.py:2941} INFO - Sync 2 DAGs
[2023-11-07T20:02:17.033+0000] {logging_mixin.py:154} INFO - [2023-11-07T20:02:17.033+0000] {dag.py:3722} INFO - Setting next_dagrun for example_xcom_args to None, run_after=None
[2023-11-07T20:02:17.037+0000] {logging_mixin.py:154} INFO - [2023-11-07T20:02:17.037+0000] {dag.py:3722} INFO - Setting next_dagrun for example_xcom_args_with_operators to None, run_after=None
[2023-11-07T20:02:17.069+0000] {processor.py:179} INFO - Processing /usr/local/lib/python3.10/dist-packages/airflow/example_dags/example_xcomargs.py took 0.085 seconds
[2023-11-07T20:02:54.274+0000] {processor.py:157} INFO - Started process (PID=5463) to work on /usr/local/lib/python3.10/dist-packages/airflow/example_dags/example_xcomargs.py
[2023-11-07T20:02:54.276+0000] {processor.py:829} INFO - Processing file /usr/local/lib/python3.10/dist-packages/airflow/example_dags/example_xcomargs.py for tasks to queue
[2023-11-07T20:02:54.276+0000] {logging_mixin.py:154} INFO - [2023-11-07T20:02:54.276+0000] {dagbag.py:536} INFO - Filling up the DagBag from /usr/local/lib/python3.10/dist-packages/airflow/example_dags/example_xcomargs.py
[2023-11-07T20:02:54.286+0000] {processor.py:839} INFO - DAG(s) dict_keys(['example_xcom_args_with_operators', 'example_xcom_args']) retrieved from /usr/local/lib/python3.10/dist-packages/airflow/example_dags/example_xcomargs.py
[2023-11-07T20:02:54.309+0000] {logging_mixin.py:154} INFO - [2023-11-07T20:02:54.308+0000] {dag.py:2941} INFO - Sync 2 DAGs
[2023-11-07T20:02:54.323+0000] {logging_mixin.py:154} INFO - [2023-11-07T20:02:54.323+0000] {dag.py:3722} INFO - Setting next_dagrun for example_xcom_args to None, run_after=None
[2023-11-07T20:02:54.326+0000] {logging_mixin.py:154} INFO - [2023-11-07T20:02:54.325+0000] {dag.py:3722} INFO - Setting next_dagrun for example_xcom_args_with_operators to None, run_after=None
[2023-11-07T20:02:54.344+0000] {processor.py:179} INFO - Processing /usr/local/lib/python3.10/dist-packages/airflow/example_dags/example_xcomargs.py took 0.073 seconds
[2023-11-07T20:03:44.257+0000] {processor.py:157} INFO - Started process (PID=5515) to work on /usr/local/lib/python3.10/dist-packages/airflow/example_dags/example_xcomargs.py
[2023-11-07T20:03:44.258+0000] {processor.py:829} INFO - Processing file /usr/local/lib/python3.10/dist-packages/airflow/example_dags/example_xcomargs.py for tasks to queue
[2023-11-07T20:03:44.259+0000] {logging_mixin.py:154} INFO - [2023-11-07T20:03:44.258+0000] {dagbag.py:536} INFO - Filling up the DagBag from /usr/local/lib/python3.10/dist-packages/airflow/example_dags/example_xcomargs.py
[2023-11-07T20:03:44.267+0000] {processor.py:839} INFO - DAG(s) dict_keys(['example_xcom_args_with_operators', 'example_xcom_args']) retrieved from /usr/local/lib/python3.10/dist-packages/airflow/example_dags/example_xcomargs.py
[2023-11-07T20:03:44.294+0000] {logging_mixin.py:154} INFO - [2023-11-07T20:03:44.293+0000] {dag.py:2941} INFO - Sync 2 DAGs
[2023-11-07T20:03:44.305+0000] {logging_mixin.py:154} INFO - [2023-11-07T20:03:44.304+0000] {dag.py:3722} INFO - Setting next_dagrun for example_xcom_args to None, run_after=None
[2023-11-07T20:03:44.308+0000] {logging_mixin.py:154} INFO - [2023-11-07T20:03:44.308+0000] {dag.py:3722} INFO - Setting next_dagrun for example_xcom_args_with_operators to None, run_after=None
[2023-11-07T20:03:44.327+0000] {processor.py:179} INFO - Processing /usr/local/lib/python3.10/dist-packages/airflow/example_dags/example_xcomargs.py took 0.073 seconds
[2023-11-07T20:04:30.671+0000] {processor.py:157} INFO - Started process (PID=5564) to work on /usr/local/lib/python3.10/dist-packages/airflow/example_dags/example_xcomargs.py
[2023-11-07T20:04:30.672+0000] {processor.py:829} INFO - Processing file /usr/local/lib/python3.10/dist-packages/airflow/example_dags/example_xcomargs.py for tasks to queue
[2023-11-07T20:04:30.673+0000] {logging_mixin.py:154} INFO - [2023-11-07T20:04:30.673+0000] {dagbag.py:536} INFO - Filling up the DagBag from /usr/local/lib/python3.10/dist-packages/airflow/example_dags/example_xcomargs.py
[2023-11-07T20:04:30.683+0000] {processor.py:839} INFO - DAG(s) dict_keys(['example_xcom_args', 'example_xcom_args_with_operators']) retrieved from /usr/local/lib/python3.10/dist-packages/airflow/example_dags/example_xcomargs.py
[2023-11-07T20:04:30.704+0000] {logging_mixin.py:154} INFO - [2023-11-07T20:04:30.704+0000] {dag.py:2941} INFO - Sync 2 DAGs
[2023-11-07T20:04:30.717+0000] {logging_mixin.py:154} INFO - [2023-11-07T20:04:30.717+0000] {dag.py:3722} INFO - Setting next_dagrun for example_xcom_args to None, run_after=None
[2023-11-07T20:04:30.720+0000] {logging_mixin.py:154} INFO - [2023-11-07T20:04:30.720+0000] {dag.py:3722} INFO - Setting next_dagrun for example_xcom_args_with_operators to None, run_after=None
[2023-11-07T20:04:30.753+0000] {processor.py:179} INFO - Processing /usr/local/lib/python3.10/dist-packages/airflow/example_dags/example_xcomargs.py took 0.085 seconds
[2023-11-07T20:05:21.328+0000] {processor.py:157} INFO - Started process (PID=5615) to work on /usr/local/lib/python3.10/dist-packages/airflow/example_dags/example_xcomargs.py
[2023-11-07T20:05:21.329+0000] {processor.py:829} INFO - Processing file /usr/local/lib/python3.10/dist-packages/airflow/example_dags/example_xcomargs.py for tasks to queue
[2023-11-07T20:05:21.330+0000] {logging_mixin.py:154} INFO - [2023-11-07T20:05:21.330+0000] {dagbag.py:536} INFO - Filling up the DagBag from /usr/local/lib/python3.10/dist-packages/airflow/example_dags/example_xcomargs.py
[2023-11-07T20:05:21.339+0000] {processor.py:839} INFO - DAG(s) dict_keys(['example_xcom_args', 'example_xcom_args_with_operators']) retrieved from /usr/local/lib/python3.10/dist-packages/airflow/example_dags/example_xcomargs.py
[2023-11-07T20:05:21.358+0000] {logging_mixin.py:154} INFO - [2023-11-07T20:05:21.358+0000] {dag.py:2941} INFO - Sync 2 DAGs
[2023-11-07T20:05:21.371+0000] {logging_mixin.py:154} INFO - [2023-11-07T20:05:21.370+0000] {dag.py:3722} INFO - Setting next_dagrun for example_xcom_args to None, run_after=None
[2023-11-07T20:05:21.374+0000] {logging_mixin.py:154} INFO - [2023-11-07T20:05:21.374+0000] {dag.py:3722} INFO - Setting next_dagrun for example_xcom_args_with_operators to None, run_after=None
[2023-11-07T20:05:21.394+0000] {processor.py:179} INFO - Processing /usr/local/lib/python3.10/dist-packages/airflow/example_dags/example_xcomargs.py took 0.069 seconds
[2023-11-07T20:06:10.242+0000] {processor.py:157} INFO - Started process (PID=5665) to work on /usr/local/lib/python3.10/dist-packages/airflow/example_dags/example_xcomargs.py
[2023-11-07T20:06:10.243+0000] {processor.py:829} INFO - Processing file /usr/local/lib/python3.10/dist-packages/airflow/example_dags/example_xcomargs.py for tasks to queue
[2023-11-07T20:06:10.244+0000] {logging_mixin.py:154} INFO - [2023-11-07T20:06:10.244+0000] {dagbag.py:536} INFO - Filling up the DagBag from /usr/local/lib/python3.10/dist-packages/airflow/example_dags/example_xcomargs.py
[2023-11-07T20:06:10.252+0000] {processor.py:839} INFO - DAG(s) dict_keys(['example_xcom_args', 'example_xcom_args_with_operators']) retrieved from /usr/local/lib/python3.10/dist-packages/airflow/example_dags/example_xcomargs.py
[2023-11-07T20:06:10.274+0000] {logging_mixin.py:154} INFO - [2023-11-07T20:06:10.274+0000] {dag.py:2941} INFO - Sync 2 DAGs
[2023-11-07T20:06:10.288+0000] {logging_mixin.py:154} INFO - [2023-11-07T20:06:10.288+0000] {dag.py:3722} INFO - Setting next_dagrun for example_xcom_args to None, run_after=None
[2023-11-07T20:06:10.291+0000] {logging_mixin.py:154} INFO - [2023-11-07T20:06:10.291+0000] {dag.py:3722} INFO - Setting next_dagrun for example_xcom_args_with_operators to None, run_after=None
[2023-11-07T20:06:10.312+0000] {processor.py:179} INFO - Processing /usr/local/lib/python3.10/dist-packages/airflow/example_dags/example_xcomargs.py took 0.073 seconds
[2023-11-07T20:07:00.469+0000] {processor.py:157} INFO - Started process (PID=5716) to work on /usr/local/lib/python3.10/dist-packages/airflow/example_dags/example_xcomargs.py
[2023-11-07T20:07:00.470+0000] {processor.py:829} INFO - Processing file /usr/local/lib/python3.10/dist-packages/airflow/example_dags/example_xcomargs.py for tasks to queue
[2023-11-07T20:07:00.471+0000] {logging_mixin.py:154} INFO - [2023-11-07T20:07:00.471+0000] {dagbag.py:536} INFO - Filling up the DagBag from /usr/local/lib/python3.10/dist-packages/airflow/example_dags/example_xcomargs.py
[2023-11-07T20:07:00.480+0000] {processor.py:839} INFO - DAG(s) dict_keys(['example_xcom_args', 'example_xcom_args_with_operators']) retrieved from /usr/local/lib/python3.10/dist-packages/airflow/example_dags/example_xcomargs.py
[2023-11-07T20:07:00.500+0000] {logging_mixin.py:154} INFO - [2023-11-07T20:07:00.500+0000] {dag.py:2941} INFO - Sync 2 DAGs
[2023-11-07T20:07:00.512+0000] {logging_mixin.py:154} INFO - [2023-11-07T20:07:00.512+0000] {dag.py:3722} INFO - Setting next_dagrun for example_xcom_args to None, run_after=None
[2023-11-07T20:07:00.515+0000] {logging_mixin.py:154} INFO - [2023-11-07T20:07:00.515+0000] {dag.py:3722} INFO - Setting next_dagrun for example_xcom_args_with_operators to None, run_after=None
[2023-11-07T20:07:00.536+0000] {processor.py:179} INFO - Processing /usr/local/lib/python3.10/dist-packages/airflow/example_dags/example_xcomargs.py took 0.070 seconds
[2023-11-07T20:07:49.471+0000] {processor.py:157} INFO - Started process (PID=5769) to work on /usr/local/lib/python3.10/dist-packages/airflow/example_dags/example_xcomargs.py
[2023-11-07T20:07:49.472+0000] {processor.py:829} INFO - Processing file /usr/local/lib/python3.10/dist-packages/airflow/example_dags/example_xcomargs.py for tasks to queue
[2023-11-07T20:07:49.473+0000] {logging_mixin.py:154} INFO - [2023-11-07T20:07:49.473+0000] {dagbag.py:536} INFO - Filling up the DagBag from /usr/local/lib/python3.10/dist-packages/airflow/example_dags/example_xcomargs.py
[2023-11-07T20:07:49.482+0000] {processor.py:839} INFO - DAG(s) dict_keys(['example_xcom_args', 'example_xcom_args_with_operators']) retrieved from /usr/local/lib/python3.10/dist-packages/airflow/example_dags/example_xcomargs.py
[2023-11-07T20:07:49.503+0000] {logging_mixin.py:154} INFO - [2023-11-07T20:07:49.502+0000] {dag.py:2941} INFO - Sync 2 DAGs
[2023-11-07T20:07:49.514+0000] {logging_mixin.py:154} INFO - [2023-11-07T20:07:49.514+0000] {dag.py:3722} INFO - Setting next_dagrun for example_xcom_args to None, run_after=None
[2023-11-07T20:07:49.517+0000] {logging_mixin.py:154} INFO - [2023-11-07T20:07:49.517+0000] {dag.py:3722} INFO - Setting next_dagrun for example_xcom_args_with_operators to None, run_after=None
[2023-11-07T20:07:49.538+0000] {processor.py:179} INFO - Processing /usr/local/lib/python3.10/dist-packages/airflow/example_dags/example_xcomargs.py took 0.070 seconds
