[2023-11-07T19:32:06.792+0000] {processor.py:157} INFO - Started process (PID=3581) to work on /usr/local/lib/python3.10/dist-packages/airflow/example_dags/example_branch_operator_decorator.py
[2023-11-07T19:32:06.793+0000] {processor.py:829} INFO - Processing file /usr/local/lib/python3.10/dist-packages/airflow/example_dags/example_branch_operator_decorator.py for tasks to queue
[2023-11-07T19:32:06.793+0000] {logging_mixin.py:154} INFO - [2023-11-07T19:32:06.793+0000] {dagbag.py:536} INFO - Filling up the DagBag from /usr/local/lib/python3.10/dist-packages/airflow/example_dags/example_branch_operator_decorator.py
[2023-11-07T19:32:06.804+0000] {processor.py:839} INFO - DAG(s) dict_keys(['example_branch_python_operator_decorator']) retrieved from /usr/local/lib/python3.10/dist-packages/airflow/example_dags/example_branch_operator_decorator.py
[2023-11-07T19:32:06.935+0000] {logging_mixin.py:154} INFO - [2023-11-07T19:32:06.935+0000] {manager.py:499} INFO - Created Permission View: %s
[2023-11-07T19:32:06.948+0000] {logging_mixin.py:154} INFO - [2023-11-07T19:32:06.948+0000] {manager.py:499} INFO - Created Permission View: %s
[2023-11-07T19:32:06.960+0000] {logging_mixin.py:154} INFO - [2023-11-07T19:32:06.960+0000] {manager.py:499} INFO - Created Permission View: %s
[2023-11-07T19:32:06.962+0000] {logging_mixin.py:154} INFO - [2023-11-07T19:32:06.961+0000] {dag.py:2941} INFO - Sync 1 DAGs
[2023-11-07T19:32:06.980+0000] {logging_mixin.py:154} INFO - [2023-11-07T19:32:06.980+0000] {dag.py:2963} INFO - Creating ORM DAG for example_branch_python_operator_decorator
[2023-11-07T19:32:06.992+0000] {logging_mixin.py:154} INFO - [2023-11-07T19:32:06.991+0000] {dag.py:3722} INFO - Setting next_dagrun for example_branch_python_operator_decorator to 2023-11-06T00:00:00+00:00, run_after=2023-11-07T00:00:00+00:00
[2023-11-07T19:32:07.029+0000] {processor.py:179} INFO - Processing /usr/local/lib/python3.10/dist-packages/airflow/example_dags/example_branch_operator_decorator.py took 0.241 seconds
[2023-11-07T19:32:56.281+0000] {processor.py:157} INFO - Started process (PID=3628) to work on /usr/local/lib/python3.10/dist-packages/airflow/example_dags/example_branch_operator_decorator.py
[2023-11-07T19:32:56.282+0000] {processor.py:829} INFO - Processing file /usr/local/lib/python3.10/dist-packages/airflow/example_dags/example_branch_operator_decorator.py for tasks to queue
[2023-11-07T19:32:56.283+0000] {logging_mixin.py:154} INFO - [2023-11-07T19:32:56.282+0000] {dagbag.py:536} INFO - Filling up the DagBag from /usr/local/lib/python3.10/dist-packages/airflow/example_dags/example_branch_operator_decorator.py
[2023-11-07T19:32:56.293+0000] {processor.py:839} INFO - DAG(s) dict_keys(['example_branch_python_operator_decorator']) retrieved from /usr/local/lib/python3.10/dist-packages/airflow/example_dags/example_branch_operator_decorator.py
[2023-11-07T19:32:56.311+0000] {logging_mixin.py:154} INFO - [2023-11-07T19:32:56.311+0000] {dag.py:2941} INFO - Sync 1 DAGs
[2023-11-07T19:32:56.330+0000] {logging_mixin.py:154} INFO - [2023-11-07T19:32:56.330+0000] {dag.py:3722} INFO - Setting next_dagrun for example_branch_python_operator_decorator to 2023-11-06T00:00:00+00:00, run_after=2023-11-07T00:00:00+00:00
[2023-11-07T19:32:56.350+0000] {processor.py:179} INFO - Processing /usr/local/lib/python3.10/dist-packages/airflow/example_dags/example_branch_operator_decorator.py took 0.073 seconds
[2023-11-07T19:33:42.880+0000] {processor.py:157} INFO - Started process (PID=3677) to work on /usr/local/lib/python3.10/dist-packages/airflow/example_dags/example_branch_operator_decorator.py
[2023-11-07T19:33:42.881+0000] {processor.py:829} INFO - Processing file /usr/local/lib/python3.10/dist-packages/airflow/example_dags/example_branch_operator_decorator.py for tasks to queue
[2023-11-07T19:33:42.882+0000] {logging_mixin.py:154} INFO - [2023-11-07T19:33:42.881+0000] {dagbag.py:536} INFO - Filling up the DagBag from /usr/local/lib/python3.10/dist-packages/airflow/example_dags/example_branch_operator_decorator.py
[2023-11-07T19:33:42.892+0000] {processor.py:839} INFO - DAG(s) dict_keys(['example_branch_python_operator_decorator']) retrieved from /usr/local/lib/python3.10/dist-packages/airflow/example_dags/example_branch_operator_decorator.py
[2023-11-07T19:33:42.909+0000] {logging_mixin.py:154} INFO - [2023-11-07T19:33:42.909+0000] {dag.py:2941} INFO - Sync 1 DAGs
[2023-11-07T19:33:42.929+0000] {logging_mixin.py:154} INFO - [2023-11-07T19:33:42.929+0000] {dag.py:3722} INFO - Setting next_dagrun for example_branch_python_operator_decorator to 2023-11-06T00:00:00+00:00, run_after=2023-11-07T00:00:00+00:00
[2023-11-07T19:33:42.956+0000] {processor.py:179} INFO - Processing /usr/local/lib/python3.10/dist-packages/airflow/example_dags/example_branch_operator_decorator.py took 0.079 seconds
[2023-11-07T19:34:31.892+0000] {processor.py:157} INFO - Started process (PID=3728) to work on /usr/local/lib/python3.10/dist-packages/airflow/example_dags/example_branch_operator_decorator.py
[2023-11-07T19:34:31.896+0000] {processor.py:829} INFO - Processing file /usr/local/lib/python3.10/dist-packages/airflow/example_dags/example_branch_operator_decorator.py for tasks to queue
[2023-11-07T19:34:31.897+0000] {logging_mixin.py:154} INFO - [2023-11-07T19:34:31.896+0000] {dagbag.py:536} INFO - Filling up the DagBag from /usr/local/lib/python3.10/dist-packages/airflow/example_dags/example_branch_operator_decorator.py
[2023-11-07T19:34:31.941+0000] {processor.py:839} INFO - DAG(s) dict_keys(['example_branch_python_operator_decorator']) retrieved from /usr/local/lib/python3.10/dist-packages/airflow/example_dags/example_branch_operator_decorator.py
[2023-11-07T19:34:31.973+0000] {logging_mixin.py:154} INFO - [2023-11-07T19:34:31.973+0000] {dag.py:2941} INFO - Sync 1 DAGs
[2023-11-07T19:34:31.995+0000] {logging_mixin.py:154} INFO - [2023-11-07T19:34:31.995+0000] {dag.py:3722} INFO - Setting next_dagrun for example_branch_python_operator_decorator to 2023-11-06T00:00:00+00:00, run_after=2023-11-07T00:00:00+00:00
[2023-11-07T19:34:32.021+0000] {processor.py:179} INFO - Processing /usr/local/lib/python3.10/dist-packages/airflow/example_dags/example_branch_operator_decorator.py took 0.133 seconds
[2023-11-07T19:35:16.546+0000] {processor.py:157} INFO - Started process (PID=3775) to work on /usr/local/lib/python3.10/dist-packages/airflow/example_dags/example_branch_operator_decorator.py
[2023-11-07T19:35:16.548+0000] {processor.py:829} INFO - Processing file /usr/local/lib/python3.10/dist-packages/airflow/example_dags/example_branch_operator_decorator.py for tasks to queue
[2023-11-07T19:35:16.548+0000] {logging_mixin.py:154} INFO - [2023-11-07T19:35:16.548+0000] {dagbag.py:536} INFO - Filling up the DagBag from /usr/local/lib/python3.10/dist-packages/airflow/example_dags/example_branch_operator_decorator.py
[2023-11-07T19:35:16.563+0000] {processor.py:839} INFO - DAG(s) dict_keys(['example_branch_python_operator_decorator']) retrieved from /usr/local/lib/python3.10/dist-packages/airflow/example_dags/example_branch_operator_decorator.py
[2023-11-07T19:35:16.590+0000] {logging_mixin.py:154} INFO - [2023-11-07T19:35:16.590+0000] {dag.py:2941} INFO - Sync 1 DAGs
[2023-11-07T19:35:16.621+0000] {logging_mixin.py:154} INFO - [2023-11-07T19:35:16.621+0000] {dag.py:3722} INFO - Setting next_dagrun for example_branch_python_operator_decorator to 2023-11-06T00:00:00+00:00, run_after=2023-11-07T00:00:00+00:00
[2023-11-07T19:35:16.655+0000] {processor.py:179} INFO - Processing /usr/local/lib/python3.10/dist-packages/airflow/example_dags/example_branch_operator_decorator.py took 0.113 seconds
[2023-11-07T19:36:01.770+0000] {processor.py:157} INFO - Started process (PID=3824) to work on /usr/local/lib/python3.10/dist-packages/airflow/example_dags/example_branch_operator_decorator.py
[2023-11-07T19:36:01.774+0000] {processor.py:829} INFO - Processing file /usr/local/lib/python3.10/dist-packages/airflow/example_dags/example_branch_operator_decorator.py for tasks to queue
[2023-11-07T19:36:01.776+0000] {logging_mixin.py:154} INFO - [2023-11-07T19:36:01.775+0000] {dagbag.py:536} INFO - Filling up the DagBag from /usr/local/lib/python3.10/dist-packages/airflow/example_dags/example_branch_operator_decorator.py
[2023-11-07T19:36:01.792+0000] {processor.py:839} INFO - DAG(s) dict_keys(['example_branch_python_operator_decorator']) retrieved from /usr/local/lib/python3.10/dist-packages/airflow/example_dags/example_branch_operator_decorator.py
[2023-11-07T19:36:01.829+0000] {logging_mixin.py:154} INFO - [2023-11-07T19:36:01.829+0000] {dag.py:2941} INFO - Sync 1 DAGs
[2023-11-07T19:36:01.849+0000] {logging_mixin.py:154} INFO - [2023-11-07T19:36:01.849+0000] {dag.py:3722} INFO - Setting next_dagrun for example_branch_python_operator_decorator to 2023-11-06T00:00:00+00:00, run_after=2023-11-07T00:00:00+00:00
[2023-11-07T19:36:01.878+0000] {processor.py:179} INFO - Processing /usr/local/lib/python3.10/dist-packages/airflow/example_dags/example_branch_operator_decorator.py took 0.112 seconds
[2023-11-07T19:36:54.633+0000] {processor.py:157} INFO - Started process (PID=3876) to work on /usr/local/lib/python3.10/dist-packages/airflow/example_dags/example_branch_operator_decorator.py
[2023-11-07T19:36:54.635+0000] {processor.py:829} INFO - Processing file /usr/local/lib/python3.10/dist-packages/airflow/example_dags/example_branch_operator_decorator.py for tasks to queue
[2023-11-07T19:36:54.635+0000] {logging_mixin.py:154} INFO - [2023-11-07T19:36:54.635+0000] {dagbag.py:536} INFO - Filling up the DagBag from /usr/local/lib/python3.10/dist-packages/airflow/example_dags/example_branch_operator_decorator.py
[2023-11-07T19:36:54.646+0000] {processor.py:839} INFO - DAG(s) dict_keys(['example_branch_python_operator_decorator']) retrieved from /usr/local/lib/python3.10/dist-packages/airflow/example_dags/example_branch_operator_decorator.py
[2023-11-07T19:36:54.665+0000] {logging_mixin.py:154} INFO - [2023-11-07T19:36:54.665+0000] {dag.py:2941} INFO - Sync 1 DAGs
[2023-11-07T19:36:54.687+0000] {logging_mixin.py:154} INFO - [2023-11-07T19:36:54.687+0000] {dag.py:3722} INFO - Setting next_dagrun for example_branch_python_operator_decorator to 2023-11-06T00:00:00+00:00, run_after=2023-11-07T00:00:00+00:00
[2023-11-07T19:36:54.708+0000] {processor.py:179} INFO - Processing /usr/local/lib/python3.10/dist-packages/airflow/example_dags/example_branch_operator_decorator.py took 0.080 seconds
[2023-11-07T19:37:43.650+0000] {processor.py:157} INFO - Started process (PID=3928) to work on /usr/local/lib/python3.10/dist-packages/airflow/example_dags/example_branch_operator_decorator.py
[2023-11-07T19:37:43.651+0000] {processor.py:829} INFO - Processing file /usr/local/lib/python3.10/dist-packages/airflow/example_dags/example_branch_operator_decorator.py for tasks to queue
[2023-11-07T19:37:43.652+0000] {logging_mixin.py:154} INFO - [2023-11-07T19:37:43.652+0000] {dagbag.py:536} INFO - Filling up the DagBag from /usr/local/lib/python3.10/dist-packages/airflow/example_dags/example_branch_operator_decorator.py
[2023-11-07T19:37:43.662+0000] {processor.py:839} INFO - DAG(s) dict_keys(['example_branch_python_operator_decorator']) retrieved from /usr/local/lib/python3.10/dist-packages/airflow/example_dags/example_branch_operator_decorator.py
[2023-11-07T19:37:43.680+0000] {logging_mixin.py:154} INFO - [2023-11-07T19:37:43.680+0000] {dag.py:2941} INFO - Sync 1 DAGs
[2023-11-07T19:37:43.700+0000] {logging_mixin.py:154} INFO - [2023-11-07T19:37:43.700+0000] {dag.py:3722} INFO - Setting next_dagrun for example_branch_python_operator_decorator to 2023-11-06T00:00:00+00:00, run_after=2023-11-07T00:00:00+00:00
[2023-11-07T19:37:43.721+0000] {processor.py:179} INFO - Processing /usr/local/lib/python3.10/dist-packages/airflow/example_dags/example_branch_operator_decorator.py took 0.074 seconds
[2023-11-07T19:38:31.961+0000] {processor.py:157} INFO - Started process (PID=3977) to work on /usr/local/lib/python3.10/dist-packages/airflow/example_dags/example_branch_operator_decorator.py
[2023-11-07T19:38:31.962+0000] {processor.py:829} INFO - Processing file /usr/local/lib/python3.10/dist-packages/airflow/example_dags/example_branch_operator_decorator.py for tasks to queue
[2023-11-07T19:38:31.963+0000] {logging_mixin.py:154} INFO - [2023-11-07T19:38:31.963+0000] {dagbag.py:536} INFO - Filling up the DagBag from /usr/local/lib/python3.10/dist-packages/airflow/example_dags/example_branch_operator_decorator.py
[2023-11-07T19:38:31.974+0000] {processor.py:839} INFO - DAG(s) dict_keys(['example_branch_python_operator_decorator']) retrieved from /usr/local/lib/python3.10/dist-packages/airflow/example_dags/example_branch_operator_decorator.py
[2023-11-07T19:38:32.003+0000] {logging_mixin.py:154} INFO - [2023-11-07T19:38:32.002+0000] {dag.py:2941} INFO - Sync 1 DAGs
[2023-11-07T19:38:32.046+0000] {logging_mixin.py:154} INFO - [2023-11-07T19:38:32.046+0000] {dag.py:3722} INFO - Setting next_dagrun for example_branch_python_operator_decorator to 2023-11-06T00:00:00+00:00, run_after=2023-11-07T00:00:00+00:00
[2023-11-07T19:38:32.070+0000] {processor.py:179} INFO - Processing /usr/local/lib/python3.10/dist-packages/airflow/example_dags/example_branch_operator_decorator.py took 0.113 seconds
[2023-11-07T19:39:17.759+0000] {processor.py:157} INFO - Started process (PID=4026) to work on /usr/local/lib/python3.10/dist-packages/airflow/example_dags/example_branch_operator_decorator.py
[2023-11-07T19:39:17.760+0000] {processor.py:829} INFO - Processing file /usr/local/lib/python3.10/dist-packages/airflow/example_dags/example_branch_operator_decorator.py for tasks to queue
[2023-11-07T19:39:17.761+0000] {logging_mixin.py:154} INFO - [2023-11-07T19:39:17.760+0000] {dagbag.py:536} INFO - Filling up the DagBag from /usr/local/lib/python3.10/dist-packages/airflow/example_dags/example_branch_operator_decorator.py
[2023-11-07T19:39:17.771+0000] {processor.py:839} INFO - DAG(s) dict_keys(['example_branch_python_operator_decorator']) retrieved from /usr/local/lib/python3.10/dist-packages/airflow/example_dags/example_branch_operator_decorator.py
[2023-11-07T19:39:17.795+0000] {logging_mixin.py:154} INFO - [2023-11-07T19:39:17.794+0000] {dag.py:2941} INFO - Sync 1 DAGs
[2023-11-07T19:39:17.822+0000] {logging_mixin.py:154} INFO - [2023-11-07T19:39:17.822+0000] {dag.py:3722} INFO - Setting next_dagrun for example_branch_python_operator_decorator to 2023-11-06T00:00:00+00:00, run_after=2023-11-07T00:00:00+00:00
[2023-11-07T19:39:17.854+0000] {processor.py:179} INFO - Processing /usr/local/lib/python3.10/dist-packages/airflow/example_dags/example_branch_operator_decorator.py took 0.099 seconds
[2023-11-07T19:40:06.085+0000] {processor.py:157} INFO - Started process (PID=4075) to work on /usr/local/lib/python3.10/dist-packages/airflow/example_dags/example_branch_operator_decorator.py
[2023-11-07T19:40:06.086+0000] {processor.py:829} INFO - Processing file /usr/local/lib/python3.10/dist-packages/airflow/example_dags/example_branch_operator_decorator.py for tasks to queue
[2023-11-07T19:40:06.087+0000] {logging_mixin.py:154} INFO - [2023-11-07T19:40:06.087+0000] {dagbag.py:536} INFO - Filling up the DagBag from /usr/local/lib/python3.10/dist-packages/airflow/example_dags/example_branch_operator_decorator.py
[2023-11-07T19:40:06.098+0000] {processor.py:839} INFO - DAG(s) dict_keys(['example_branch_python_operator_decorator']) retrieved from /usr/local/lib/python3.10/dist-packages/airflow/example_dags/example_branch_operator_decorator.py
[2023-11-07T19:40:06.117+0000] {logging_mixin.py:154} INFO - [2023-11-07T19:40:06.117+0000] {dag.py:2941} INFO - Sync 1 DAGs
[2023-11-07T19:40:06.151+0000] {logging_mixin.py:154} INFO - [2023-11-07T19:40:06.151+0000] {dag.py:3722} INFO - Setting next_dagrun for example_branch_python_operator_decorator to 2023-11-06T00:00:00+00:00, run_after=2023-11-07T00:00:00+00:00
[2023-11-07T19:40:06.184+0000] {processor.py:179} INFO - Processing /usr/local/lib/python3.10/dist-packages/airflow/example_dags/example_branch_operator_decorator.py took 0.102 seconds
[2023-11-07T19:40:59.771+0000] {processor.py:157} INFO - Started process (PID=4129) to work on /usr/local/lib/python3.10/dist-packages/airflow/example_dags/example_branch_operator_decorator.py
[2023-11-07T19:40:59.772+0000] {processor.py:829} INFO - Processing file /usr/local/lib/python3.10/dist-packages/airflow/example_dags/example_branch_operator_decorator.py for tasks to queue
[2023-11-07T19:40:59.773+0000] {logging_mixin.py:154} INFO - [2023-11-07T19:40:59.773+0000] {dagbag.py:536} INFO - Filling up the DagBag from /usr/local/lib/python3.10/dist-packages/airflow/example_dags/example_branch_operator_decorator.py
[2023-11-07T19:40:59.785+0000] {processor.py:839} INFO - DAG(s) dict_keys(['example_branch_python_operator_decorator']) retrieved from /usr/local/lib/python3.10/dist-packages/airflow/example_dags/example_branch_operator_decorator.py
[2023-11-07T19:40:59.812+0000] {logging_mixin.py:154} INFO - [2023-11-07T19:40:59.812+0000] {dag.py:2941} INFO - Sync 1 DAGs
[2023-11-07T19:40:59.839+0000] {logging_mixin.py:154} INFO - [2023-11-07T19:40:59.839+0000] {dag.py:3722} INFO - Setting next_dagrun for example_branch_python_operator_decorator to 2023-11-06T00:00:00+00:00, run_after=2023-11-07T00:00:00+00:00
[2023-11-07T19:40:59.861+0000] {processor.py:179} INFO - Processing /usr/local/lib/python3.10/dist-packages/airflow/example_dags/example_branch_operator_decorator.py took 0.093 seconds
[2023-11-07T19:41:47.390+0000] {processor.py:157} INFO - Started process (PID=4180) to work on /usr/local/lib/python3.10/dist-packages/airflow/example_dags/example_branch_operator_decorator.py
[2023-11-07T19:41:47.391+0000] {processor.py:829} INFO - Processing file /usr/local/lib/python3.10/dist-packages/airflow/example_dags/example_branch_operator_decorator.py for tasks to queue
[2023-11-07T19:41:47.392+0000] {logging_mixin.py:154} INFO - [2023-11-07T19:41:47.392+0000] {dagbag.py:536} INFO - Filling up the DagBag from /usr/local/lib/python3.10/dist-packages/airflow/example_dags/example_branch_operator_decorator.py
[2023-11-07T19:41:47.404+0000] {processor.py:839} INFO - DAG(s) dict_keys(['example_branch_python_operator_decorator']) retrieved from /usr/local/lib/python3.10/dist-packages/airflow/example_dags/example_branch_operator_decorator.py
[2023-11-07T19:41:47.428+0000] {logging_mixin.py:154} INFO - [2023-11-07T19:41:47.426+0000] {dag.py:2941} INFO - Sync 1 DAGs
[2023-11-07T19:41:47.459+0000] {logging_mixin.py:154} INFO - [2023-11-07T19:41:47.459+0000] {dag.py:3722} INFO - Setting next_dagrun for example_branch_python_operator_decorator to 2023-11-06T00:00:00+00:00, run_after=2023-11-07T00:00:00+00:00
[2023-11-07T19:41:47.485+0000] {processor.py:179} INFO - Processing /usr/local/lib/python3.10/dist-packages/airflow/example_dags/example_branch_operator_decorator.py took 0.099 seconds
[2023-11-07T19:42:35.945+0000] {processor.py:157} INFO - Started process (PID=4230) to work on /usr/local/lib/python3.10/dist-packages/airflow/example_dags/example_branch_operator_decorator.py
[2023-11-07T19:42:35.946+0000] {processor.py:829} INFO - Processing file /usr/local/lib/python3.10/dist-packages/airflow/example_dags/example_branch_operator_decorator.py for tasks to queue
[2023-11-07T19:42:35.947+0000] {logging_mixin.py:154} INFO - [2023-11-07T19:42:35.947+0000] {dagbag.py:536} INFO - Filling up the DagBag from /usr/local/lib/python3.10/dist-packages/airflow/example_dags/example_branch_operator_decorator.py
[2023-11-07T19:42:35.959+0000] {processor.py:839} INFO - DAG(s) dict_keys(['example_branch_python_operator_decorator']) retrieved from /usr/local/lib/python3.10/dist-packages/airflow/example_dags/example_branch_operator_decorator.py
[2023-11-07T19:42:35.978+0000] {logging_mixin.py:154} INFO - [2023-11-07T19:42:35.978+0000] {dag.py:2941} INFO - Sync 1 DAGs
[2023-11-07T19:42:35.998+0000] {logging_mixin.py:154} INFO - [2023-11-07T19:42:35.998+0000] {dag.py:3722} INFO - Setting next_dagrun for example_branch_python_operator_decorator to 2023-11-06T00:00:00+00:00, run_after=2023-11-07T00:00:00+00:00
[2023-11-07T19:42:36.046+0000] {processor.py:179} INFO - Processing /usr/local/lib/python3.10/dist-packages/airflow/example_dags/example_branch_operator_decorator.py took 0.107 seconds
[2023-11-07T19:43:26.232+0000] {processor.py:157} INFO - Started process (PID=4281) to work on /usr/local/lib/python3.10/dist-packages/airflow/example_dags/example_branch_operator_decorator.py
[2023-11-07T19:43:26.234+0000] {processor.py:829} INFO - Processing file /usr/local/lib/python3.10/dist-packages/airflow/example_dags/example_branch_operator_decorator.py for tasks to queue
[2023-11-07T19:43:26.235+0000] {logging_mixin.py:154} INFO - [2023-11-07T19:43:26.234+0000] {dagbag.py:536} INFO - Filling up the DagBag from /usr/local/lib/python3.10/dist-packages/airflow/example_dags/example_branch_operator_decorator.py
[2023-11-07T19:43:26.250+0000] {processor.py:839} INFO - DAG(s) dict_keys(['example_branch_python_operator_decorator']) retrieved from /usr/local/lib/python3.10/dist-packages/airflow/example_dags/example_branch_operator_decorator.py
[2023-11-07T19:43:26.274+0000] {logging_mixin.py:154} INFO - [2023-11-07T19:43:26.273+0000] {dag.py:2941} INFO - Sync 1 DAGs
[2023-11-07T19:43:26.307+0000] {logging_mixin.py:154} INFO - [2023-11-07T19:43:26.307+0000] {dag.py:3722} INFO - Setting next_dagrun for example_branch_python_operator_decorator to 2023-11-06T00:00:00+00:00, run_after=2023-11-07T00:00:00+00:00
[2023-11-07T19:43:26.376+0000] {processor.py:179} INFO - Processing /usr/local/lib/python3.10/dist-packages/airflow/example_dags/example_branch_operator_decorator.py took 0.148 seconds
[2023-11-07T19:44:15.516+0000] {processor.py:157} INFO - Started process (PID=4331) to work on /usr/local/lib/python3.10/dist-packages/airflow/example_dags/example_branch_operator_decorator.py
[2023-11-07T19:44:15.518+0000] {processor.py:829} INFO - Processing file /usr/local/lib/python3.10/dist-packages/airflow/example_dags/example_branch_operator_decorator.py for tasks to queue
[2023-11-07T19:44:15.518+0000] {logging_mixin.py:154} INFO - [2023-11-07T19:44:15.518+0000] {dagbag.py:536} INFO - Filling up the DagBag from /usr/local/lib/python3.10/dist-packages/airflow/example_dags/example_branch_operator_decorator.py
[2023-11-07T19:44:15.530+0000] {processor.py:839} INFO - DAG(s) dict_keys(['example_branch_python_operator_decorator']) retrieved from /usr/local/lib/python3.10/dist-packages/airflow/example_dags/example_branch_operator_decorator.py
[2023-11-07T19:44:15.551+0000] {logging_mixin.py:154} INFO - [2023-11-07T19:44:15.551+0000] {dag.py:2941} INFO - Sync 1 DAGs
[2023-11-07T19:44:15.583+0000] {logging_mixin.py:154} INFO - [2023-11-07T19:44:15.583+0000] {dag.py:3722} INFO - Setting next_dagrun for example_branch_python_operator_decorator to 2023-11-06T00:00:00+00:00, run_after=2023-11-07T00:00:00+00:00
[2023-11-07T19:44:15.612+0000] {processor.py:179} INFO - Processing /usr/local/lib/python3.10/dist-packages/airflow/example_dags/example_branch_operator_decorator.py took 0.099 seconds
[2023-11-07T19:45:09.846+0000] {processor.py:157} INFO - Started process (PID=4384) to work on /usr/local/lib/python3.10/dist-packages/airflow/example_dags/example_branch_operator_decorator.py
[2023-11-07T19:45:09.847+0000] {processor.py:829} INFO - Processing file /usr/local/lib/python3.10/dist-packages/airflow/example_dags/example_branch_operator_decorator.py for tasks to queue
[2023-11-07T19:45:09.848+0000] {logging_mixin.py:154} INFO - [2023-11-07T19:45:09.848+0000] {dagbag.py:536} INFO - Filling up the DagBag from /usr/local/lib/python3.10/dist-packages/airflow/example_dags/example_branch_operator_decorator.py
[2023-11-07T19:45:09.859+0000] {processor.py:839} INFO - DAG(s) dict_keys(['example_branch_python_operator_decorator']) retrieved from /usr/local/lib/python3.10/dist-packages/airflow/example_dags/example_branch_operator_decorator.py
[2023-11-07T19:45:09.879+0000] {logging_mixin.py:154} INFO - [2023-11-07T19:45:09.879+0000] {dag.py:2941} INFO - Sync 1 DAGs
[2023-11-07T19:45:09.904+0000] {logging_mixin.py:154} INFO - [2023-11-07T19:45:09.904+0000] {dag.py:3722} INFO - Setting next_dagrun for example_branch_python_operator_decorator to 2023-11-06T00:00:00+00:00, run_after=2023-11-07T00:00:00+00:00
[2023-11-07T19:45:09.927+0000] {processor.py:179} INFO - Processing /usr/local/lib/python3.10/dist-packages/airflow/example_dags/example_branch_operator_decorator.py took 0.085 seconds
[2023-11-07T19:46:05.065+0000] {processor.py:157} INFO - Started process (PID=4438) to work on /usr/local/lib/python3.10/dist-packages/airflow/example_dags/example_branch_operator_decorator.py
[2023-11-07T19:46:05.067+0000] {processor.py:829} INFO - Processing file /usr/local/lib/python3.10/dist-packages/airflow/example_dags/example_branch_operator_decorator.py for tasks to queue
[2023-11-07T19:46:05.067+0000] {logging_mixin.py:154} INFO - [2023-11-07T19:46:05.067+0000] {dagbag.py:536} INFO - Filling up the DagBag from /usr/local/lib/python3.10/dist-packages/airflow/example_dags/example_branch_operator_decorator.py
[2023-11-07T19:46:05.078+0000] {processor.py:839} INFO - DAG(s) dict_keys(['example_branch_python_operator_decorator']) retrieved from /usr/local/lib/python3.10/dist-packages/airflow/example_dags/example_branch_operator_decorator.py
[2023-11-07T19:46:05.098+0000] {logging_mixin.py:154} INFO - [2023-11-07T19:46:05.098+0000] {dag.py:2941} INFO - Sync 1 DAGs
[2023-11-07T19:46:05.131+0000] {logging_mixin.py:154} INFO - [2023-11-07T19:46:05.131+0000] {dag.py:3722} INFO - Setting next_dagrun for example_branch_python_operator_decorator to 2023-11-06T00:00:00+00:00, run_after=2023-11-07T00:00:00+00:00
[2023-11-07T19:46:05.157+0000] {processor.py:179} INFO - Processing /usr/local/lib/python3.10/dist-packages/airflow/example_dags/example_branch_operator_decorator.py took 0.095 seconds
[2023-11-07T19:46:55.783+0000] {processor.py:157} INFO - Started process (PID=4490) to work on /usr/local/lib/python3.10/dist-packages/airflow/example_dags/example_branch_operator_decorator.py
[2023-11-07T19:46:55.784+0000] {processor.py:829} INFO - Processing file /usr/local/lib/python3.10/dist-packages/airflow/example_dags/example_branch_operator_decorator.py for tasks to queue
[2023-11-07T19:46:55.785+0000] {logging_mixin.py:154} INFO - [2023-11-07T19:46:55.785+0000] {dagbag.py:536} INFO - Filling up the DagBag from /usr/local/lib/python3.10/dist-packages/airflow/example_dags/example_branch_operator_decorator.py
[2023-11-07T19:46:55.796+0000] {processor.py:839} INFO - DAG(s) dict_keys(['example_branch_python_operator_decorator']) retrieved from /usr/local/lib/python3.10/dist-packages/airflow/example_dags/example_branch_operator_decorator.py
[2023-11-07T19:46:55.816+0000] {logging_mixin.py:154} INFO - [2023-11-07T19:46:55.815+0000] {dag.py:2941} INFO - Sync 1 DAGs
[2023-11-07T19:46:55.836+0000] {logging_mixin.py:154} INFO - [2023-11-07T19:46:55.835+0000] {dag.py:3722} INFO - Setting next_dagrun for example_branch_python_operator_decorator to 2023-11-06T00:00:00+00:00, run_after=2023-11-07T00:00:00+00:00
[2023-11-07T19:46:55.856+0000] {processor.py:179} INFO - Processing /usr/local/lib/python3.10/dist-packages/airflow/example_dags/example_branch_operator_decorator.py took 0.077 seconds
[2023-11-07T19:47:48.695+0000] {processor.py:157} INFO - Started process (PID=4544) to work on /usr/local/lib/python3.10/dist-packages/airflow/example_dags/example_branch_operator_decorator.py
[2023-11-07T19:47:48.697+0000] {processor.py:829} INFO - Processing file /usr/local/lib/python3.10/dist-packages/airflow/example_dags/example_branch_operator_decorator.py for tasks to queue
[2023-11-07T19:47:48.699+0000] {logging_mixin.py:154} INFO - [2023-11-07T19:47:48.698+0000] {dagbag.py:536} INFO - Filling up the DagBag from /usr/local/lib/python3.10/dist-packages/airflow/example_dags/example_branch_operator_decorator.py
[2023-11-07T19:47:48.712+0000] {processor.py:839} INFO - DAG(s) dict_keys(['example_branch_python_operator_decorator']) retrieved from /usr/local/lib/python3.10/dist-packages/airflow/example_dags/example_branch_operator_decorator.py
[2023-11-07T19:47:48.737+0000] {logging_mixin.py:154} INFO - [2023-11-07T19:47:48.737+0000] {dag.py:2941} INFO - Sync 1 DAGs
[2023-11-07T19:47:48.761+0000] {logging_mixin.py:154} INFO - [2023-11-07T19:47:48.761+0000] {dag.py:3722} INFO - Setting next_dagrun for example_branch_python_operator_decorator to 2023-11-06T00:00:00+00:00, run_after=2023-11-07T00:00:00+00:00
[2023-11-07T19:47:48.797+0000] {processor.py:179} INFO - Processing /usr/local/lib/python3.10/dist-packages/airflow/example_dags/example_branch_operator_decorator.py took 0.106 seconds
[2023-11-07T19:48:38.326+0000] {processor.py:157} INFO - Started process (PID=4595) to work on /usr/local/lib/python3.10/dist-packages/airflow/example_dags/example_branch_operator_decorator.py
[2023-11-07T19:48:38.328+0000] {processor.py:829} INFO - Processing file /usr/local/lib/python3.10/dist-packages/airflow/example_dags/example_branch_operator_decorator.py for tasks to queue
[2023-11-07T19:48:38.328+0000] {logging_mixin.py:154} INFO - [2023-11-07T19:48:38.328+0000] {dagbag.py:536} INFO - Filling up the DagBag from /usr/local/lib/python3.10/dist-packages/airflow/example_dags/example_branch_operator_decorator.py
[2023-11-07T19:48:38.347+0000] {processor.py:839} INFO - DAG(s) dict_keys(['example_branch_python_operator_decorator']) retrieved from /usr/local/lib/python3.10/dist-packages/airflow/example_dags/example_branch_operator_decorator.py
[2023-11-07T19:48:38.369+0000] {logging_mixin.py:154} INFO - [2023-11-07T19:48:38.369+0000] {dag.py:2941} INFO - Sync 1 DAGs
[2023-11-07T19:48:38.391+0000] {logging_mixin.py:154} INFO - [2023-11-07T19:48:38.391+0000] {dag.py:3722} INFO - Setting next_dagrun for example_branch_python_operator_decorator to 2023-11-06T00:00:00+00:00, run_after=2023-11-07T00:00:00+00:00
[2023-11-07T19:48:38.416+0000] {processor.py:179} INFO - Processing /usr/local/lib/python3.10/dist-packages/airflow/example_dags/example_branch_operator_decorator.py took 0.096 seconds
[2023-11-07T19:49:26.956+0000] {processor.py:157} INFO - Started process (PID=4645) to work on /usr/local/lib/python3.10/dist-packages/airflow/example_dags/example_branch_operator_decorator.py
[2023-11-07T19:49:26.957+0000] {processor.py:829} INFO - Processing file /usr/local/lib/python3.10/dist-packages/airflow/example_dags/example_branch_operator_decorator.py for tasks to queue
[2023-11-07T19:49:26.958+0000] {logging_mixin.py:154} INFO - [2023-11-07T19:49:26.958+0000] {dagbag.py:536} INFO - Filling up the DagBag from /usr/local/lib/python3.10/dist-packages/airflow/example_dags/example_branch_operator_decorator.py
[2023-11-07T19:49:26.981+0000] {processor.py:839} INFO - DAG(s) dict_keys(['example_branch_python_operator_decorator']) retrieved from /usr/local/lib/python3.10/dist-packages/airflow/example_dags/example_branch_operator_decorator.py
[2023-11-07T19:49:27.005+0000] {logging_mixin.py:154} INFO - [2023-11-07T19:49:27.004+0000] {dag.py:2941} INFO - Sync 1 DAGs
[2023-11-07T19:49:27.028+0000] {logging_mixin.py:154} INFO - [2023-11-07T19:49:27.027+0000] {dag.py:3722} INFO - Setting next_dagrun for example_branch_python_operator_decorator to 2023-11-06T00:00:00+00:00, run_after=2023-11-07T00:00:00+00:00
[2023-11-07T19:49:27.062+0000] {processor.py:179} INFO - Processing /usr/local/lib/python3.10/dist-packages/airflow/example_dags/example_branch_operator_decorator.py took 0.111 seconds
[2023-11-07T19:50:13.996+0000] {processor.py:157} INFO - Started process (PID=4694) to work on /usr/local/lib/python3.10/dist-packages/airflow/example_dags/example_branch_operator_decorator.py
[2023-11-07T19:50:13.997+0000] {processor.py:829} INFO - Processing file /usr/local/lib/python3.10/dist-packages/airflow/example_dags/example_branch_operator_decorator.py for tasks to queue
[2023-11-07T19:50:14.001+0000] {logging_mixin.py:154} INFO - [2023-11-07T19:50:13.998+0000] {dagbag.py:536} INFO - Filling up the DagBag from /usr/local/lib/python3.10/dist-packages/airflow/example_dags/example_branch_operator_decorator.py
[2023-11-07T19:50:14.015+0000] {processor.py:839} INFO - DAG(s) dict_keys(['example_branch_python_operator_decorator']) retrieved from /usr/local/lib/python3.10/dist-packages/airflow/example_dags/example_branch_operator_decorator.py
[2023-11-07T19:50:14.037+0000] {logging_mixin.py:154} INFO - [2023-11-07T19:50:14.036+0000] {dag.py:2941} INFO - Sync 1 DAGs
[2023-11-07T19:50:14.062+0000] {logging_mixin.py:154} INFO - [2023-11-07T19:50:14.061+0000] {dag.py:3722} INFO - Setting next_dagrun for example_branch_python_operator_decorator to 2023-11-06T00:00:00+00:00, run_after=2023-11-07T00:00:00+00:00
[2023-11-07T19:50:14.089+0000] {processor.py:179} INFO - Processing /usr/local/lib/python3.10/dist-packages/airflow/example_dags/example_branch_operator_decorator.py took 0.097 seconds
[2023-11-07T19:51:04.347+0000] {processor.py:157} INFO - Started process (PID=4745) to work on /usr/local/lib/python3.10/dist-packages/airflow/example_dags/example_branch_operator_decorator.py
[2023-11-07T19:51:04.350+0000] {processor.py:829} INFO - Processing file /usr/local/lib/python3.10/dist-packages/airflow/example_dags/example_branch_operator_decorator.py for tasks to queue
[2023-11-07T19:51:04.351+0000] {logging_mixin.py:154} INFO - [2023-11-07T19:51:04.350+0000] {dagbag.py:536} INFO - Filling up the DagBag from /usr/local/lib/python3.10/dist-packages/airflow/example_dags/example_branch_operator_decorator.py
[2023-11-07T19:51:04.363+0000] {processor.py:839} INFO - DAG(s) dict_keys(['example_branch_python_operator_decorator']) retrieved from /usr/local/lib/python3.10/dist-packages/airflow/example_dags/example_branch_operator_decorator.py
[2023-11-07T19:51:04.383+0000] {logging_mixin.py:154} INFO - [2023-11-07T19:51:04.382+0000] {dag.py:2941} INFO - Sync 1 DAGs
[2023-11-07T19:51:04.406+0000] {logging_mixin.py:154} INFO - [2023-11-07T19:51:04.406+0000] {dag.py:3722} INFO - Setting next_dagrun for example_branch_python_operator_decorator to 2023-11-06T00:00:00+00:00, run_after=2023-11-07T00:00:00+00:00
[2023-11-07T19:51:04.430+0000] {processor.py:179} INFO - Processing /usr/local/lib/python3.10/dist-packages/airflow/example_dags/example_branch_operator_decorator.py took 0.087 seconds
[2023-11-07T19:51:53.616+0000] {processor.py:157} INFO - Started process (PID=4797) to work on /usr/local/lib/python3.10/dist-packages/airflow/example_dags/example_branch_operator_decorator.py
[2023-11-07T19:51:53.617+0000] {processor.py:829} INFO - Processing file /usr/local/lib/python3.10/dist-packages/airflow/example_dags/example_branch_operator_decorator.py for tasks to queue
[2023-11-07T19:51:53.618+0000] {logging_mixin.py:154} INFO - [2023-11-07T19:51:53.618+0000] {dagbag.py:536} INFO - Filling up the DagBag from /usr/local/lib/python3.10/dist-packages/airflow/example_dags/example_branch_operator_decorator.py
[2023-11-07T19:51:53.628+0000] {processor.py:839} INFO - DAG(s) dict_keys(['example_branch_python_operator_decorator']) retrieved from /usr/local/lib/python3.10/dist-packages/airflow/example_dags/example_branch_operator_decorator.py
[2023-11-07T19:51:53.646+0000] {logging_mixin.py:154} INFO - [2023-11-07T19:51:53.645+0000] {dag.py:2941} INFO - Sync 1 DAGs
[2023-11-07T19:51:53.669+0000] {logging_mixin.py:154} INFO - [2023-11-07T19:51:53.668+0000] {dag.py:3722} INFO - Setting next_dagrun for example_branch_python_operator_decorator to 2023-11-06T00:00:00+00:00, run_after=2023-11-07T00:00:00+00:00
[2023-11-07T19:51:53.689+0000] {processor.py:179} INFO - Processing /usr/local/lib/python3.10/dist-packages/airflow/example_dags/example_branch_operator_decorator.py took 0.076 seconds
[2023-11-07T19:52:47.717+0000] {processor.py:157} INFO - Started process (PID=4851) to work on /usr/local/lib/python3.10/dist-packages/airflow/example_dags/example_branch_operator_decorator.py
[2023-11-07T19:52:47.720+0000] {processor.py:829} INFO - Processing file /usr/local/lib/python3.10/dist-packages/airflow/example_dags/example_branch_operator_decorator.py for tasks to queue
[2023-11-07T19:52:47.720+0000] {logging_mixin.py:154} INFO - [2023-11-07T19:52:47.720+0000] {dagbag.py:536} INFO - Filling up the DagBag from /usr/local/lib/python3.10/dist-packages/airflow/example_dags/example_branch_operator_decorator.py
[2023-11-07T19:52:47.741+0000] {processor.py:839} INFO - DAG(s) dict_keys(['example_branch_python_operator_decorator']) retrieved from /usr/local/lib/python3.10/dist-packages/airflow/example_dags/example_branch_operator_decorator.py
[2023-11-07T19:52:47.763+0000] {logging_mixin.py:154} INFO - [2023-11-07T19:52:47.762+0000] {dag.py:2941} INFO - Sync 1 DAGs
[2023-11-07T19:52:47.792+0000] {logging_mixin.py:154} INFO - [2023-11-07T19:52:47.792+0000] {dag.py:3722} INFO - Setting next_dagrun for example_branch_python_operator_decorator to 2023-11-06T00:00:00+00:00, run_after=2023-11-07T00:00:00+00:00
[2023-11-07T19:52:47.829+0000] {processor.py:179} INFO - Processing /usr/local/lib/python3.10/dist-packages/airflow/example_dags/example_branch_operator_decorator.py took 0.117 seconds
[2023-11-07T19:53:39.972+0000] {processor.py:157} INFO - Started process (PID=4904) to work on /usr/local/lib/python3.10/dist-packages/airflow/example_dags/example_branch_operator_decorator.py
[2023-11-07T19:53:39.973+0000] {processor.py:829} INFO - Processing file /usr/local/lib/python3.10/dist-packages/airflow/example_dags/example_branch_operator_decorator.py for tasks to queue
[2023-11-07T19:53:39.974+0000] {logging_mixin.py:154} INFO - [2023-11-07T19:53:39.973+0000] {dagbag.py:536} INFO - Filling up the DagBag from /usr/local/lib/python3.10/dist-packages/airflow/example_dags/example_branch_operator_decorator.py
[2023-11-07T19:53:39.983+0000] {processor.py:839} INFO - DAG(s) dict_keys(['example_branch_python_operator_decorator']) retrieved from /usr/local/lib/python3.10/dist-packages/airflow/example_dags/example_branch_operator_decorator.py
[2023-11-07T19:53:40.003+0000] {logging_mixin.py:154} INFO - [2023-11-07T19:53:40.003+0000] {dag.py:2941} INFO - Sync 1 DAGs
[2023-11-07T19:53:40.024+0000] {logging_mixin.py:154} INFO - [2023-11-07T19:53:40.024+0000] {dag.py:3722} INFO - Setting next_dagrun for example_branch_python_operator_decorator to 2023-11-06T00:00:00+00:00, run_after=2023-11-07T00:00:00+00:00
[2023-11-07T19:53:40.047+0000] {processor.py:179} INFO - Processing /usr/local/lib/python3.10/dist-packages/airflow/example_dags/example_branch_operator_decorator.py took 0.078 seconds
[2023-11-07T19:54:34.055+0000] {processor.py:157} INFO - Started process (PID=4957) to work on /usr/local/lib/python3.10/dist-packages/airflow/example_dags/example_branch_operator_decorator.py
[2023-11-07T19:54:34.057+0000] {processor.py:829} INFO - Processing file /usr/local/lib/python3.10/dist-packages/airflow/example_dags/example_branch_operator_decorator.py for tasks to queue
[2023-11-07T19:54:34.058+0000] {logging_mixin.py:154} INFO - [2023-11-07T19:54:34.057+0000] {dagbag.py:536} INFO - Filling up the DagBag from /usr/local/lib/python3.10/dist-packages/airflow/example_dags/example_branch_operator_decorator.py
[2023-11-07T19:54:34.072+0000] {processor.py:839} INFO - DAG(s) dict_keys(['example_branch_python_operator_decorator']) retrieved from /usr/local/lib/python3.10/dist-packages/airflow/example_dags/example_branch_operator_decorator.py
[2023-11-07T19:54:34.091+0000] {logging_mixin.py:154} INFO - [2023-11-07T19:54:34.091+0000] {dag.py:2941} INFO - Sync 1 DAGs
[2023-11-07T19:54:34.114+0000] {logging_mixin.py:154} INFO - [2023-11-07T19:54:34.114+0000] {dag.py:3722} INFO - Setting next_dagrun for example_branch_python_operator_decorator to 2023-11-06T00:00:00+00:00, run_after=2023-11-07T00:00:00+00:00
[2023-11-07T19:54:34.143+0000] {processor.py:179} INFO - Processing /usr/local/lib/python3.10/dist-packages/airflow/example_dags/example_branch_operator_decorator.py took 0.091 seconds
[2023-11-07T19:55:24.617+0000] {processor.py:157} INFO - Started process (PID=5008) to work on /usr/local/lib/python3.10/dist-packages/airflow/example_dags/example_branch_operator_decorator.py
[2023-11-07T19:55:24.618+0000] {processor.py:829} INFO - Processing file /usr/local/lib/python3.10/dist-packages/airflow/example_dags/example_branch_operator_decorator.py for tasks to queue
[2023-11-07T19:55:24.619+0000] {logging_mixin.py:154} INFO - [2023-11-07T19:55:24.618+0000] {dagbag.py:536} INFO - Filling up the DagBag from /usr/local/lib/python3.10/dist-packages/airflow/example_dags/example_branch_operator_decorator.py
[2023-11-07T19:55:24.629+0000] {processor.py:839} INFO - DAG(s) dict_keys(['example_branch_python_operator_decorator']) retrieved from /usr/local/lib/python3.10/dist-packages/airflow/example_dags/example_branch_operator_decorator.py
[2023-11-07T19:55:24.648+0000] {logging_mixin.py:154} INFO - [2023-11-07T19:55:24.647+0000] {dag.py:2941} INFO - Sync 1 DAGs
[2023-11-07T19:55:24.671+0000] {logging_mixin.py:154} INFO - [2023-11-07T19:55:24.671+0000] {dag.py:3722} INFO - Setting next_dagrun for example_branch_python_operator_decorator to 2023-11-06T00:00:00+00:00, run_after=2023-11-07T00:00:00+00:00
[2023-11-07T19:55:24.698+0000] {processor.py:179} INFO - Processing /usr/local/lib/python3.10/dist-packages/airflow/example_dags/example_branch_operator_decorator.py took 0.085 seconds
[2023-11-07T19:56:19.426+0000] {processor.py:157} INFO - Started process (PID=5062) to work on /usr/local/lib/python3.10/dist-packages/airflow/example_dags/example_branch_operator_decorator.py
[2023-11-07T19:56:19.427+0000] {processor.py:829} INFO - Processing file /usr/local/lib/python3.10/dist-packages/airflow/example_dags/example_branch_operator_decorator.py for tasks to queue
[2023-11-07T19:56:19.428+0000] {logging_mixin.py:154} INFO - [2023-11-07T19:56:19.428+0000] {dagbag.py:536} INFO - Filling up the DagBag from /usr/local/lib/python3.10/dist-packages/airflow/example_dags/example_branch_operator_decorator.py
[2023-11-07T19:56:19.439+0000] {processor.py:839} INFO - DAG(s) dict_keys(['example_branch_python_operator_decorator']) retrieved from /usr/local/lib/python3.10/dist-packages/airflow/example_dags/example_branch_operator_decorator.py
[2023-11-07T19:56:19.458+0000] {logging_mixin.py:154} INFO - [2023-11-07T19:56:19.458+0000] {dag.py:2941} INFO - Sync 1 DAGs
[2023-11-07T19:56:19.480+0000] {logging_mixin.py:154} INFO - [2023-11-07T19:56:19.480+0000] {dag.py:3722} INFO - Setting next_dagrun for example_branch_python_operator_decorator to 2023-11-06T00:00:00+00:00, run_after=2023-11-07T00:00:00+00:00
[2023-11-07T19:56:19.501+0000] {processor.py:179} INFO - Processing /usr/local/lib/python3.10/dist-packages/airflow/example_dags/example_branch_operator_decorator.py took 0.079 seconds
[2023-11-07T19:57:12.193+0000] {processor.py:157} INFO - Started process (PID=5115) to work on /usr/local/lib/python3.10/dist-packages/airflow/example_dags/example_branch_operator_decorator.py
[2023-11-07T19:57:12.194+0000] {processor.py:829} INFO - Processing file /usr/local/lib/python3.10/dist-packages/airflow/example_dags/example_branch_operator_decorator.py for tasks to queue
[2023-11-07T19:57:12.195+0000] {logging_mixin.py:154} INFO - [2023-11-07T19:57:12.195+0000] {dagbag.py:536} INFO - Filling up the DagBag from /usr/local/lib/python3.10/dist-packages/airflow/example_dags/example_branch_operator_decorator.py
[2023-11-07T19:57:12.209+0000] {processor.py:839} INFO - DAG(s) dict_keys(['example_branch_python_operator_decorator']) retrieved from /usr/local/lib/python3.10/dist-packages/airflow/example_dags/example_branch_operator_decorator.py
[2023-11-07T19:57:12.234+0000] {logging_mixin.py:154} INFO - [2023-11-07T19:57:12.234+0000] {dag.py:2941} INFO - Sync 1 DAGs
[2023-11-07T19:57:12.262+0000] {logging_mixin.py:154} INFO - [2023-11-07T19:57:12.261+0000] {dag.py:3722} INFO - Setting next_dagrun for example_branch_python_operator_decorator to 2023-11-06T00:00:00+00:00, run_after=2023-11-07T00:00:00+00:00
[2023-11-07T19:57:12.289+0000] {processor.py:179} INFO - Processing /usr/local/lib/python3.10/dist-packages/airflow/example_dags/example_branch_operator_decorator.py took 0.100 seconds
[2023-11-07T19:58:03.226+0000] {processor.py:157} INFO - Started process (PID=5167) to work on /usr/local/lib/python3.10/dist-packages/airflow/example_dags/example_branch_operator_decorator.py
[2023-11-07T19:58:03.227+0000] {processor.py:829} INFO - Processing file /usr/local/lib/python3.10/dist-packages/airflow/example_dags/example_branch_operator_decorator.py for tasks to queue
[2023-11-07T19:58:03.228+0000] {logging_mixin.py:154} INFO - [2023-11-07T19:58:03.228+0000] {dagbag.py:536} INFO - Filling up the DagBag from /usr/local/lib/python3.10/dist-packages/airflow/example_dags/example_branch_operator_decorator.py
[2023-11-07T19:58:03.239+0000] {processor.py:839} INFO - DAG(s) dict_keys(['example_branch_python_operator_decorator']) retrieved from /usr/local/lib/python3.10/dist-packages/airflow/example_dags/example_branch_operator_decorator.py
[2023-11-07T19:58:03.257+0000] {logging_mixin.py:154} INFO - [2023-11-07T19:58:03.257+0000] {dag.py:2941} INFO - Sync 1 DAGs
[2023-11-07T19:58:03.278+0000] {logging_mixin.py:154} INFO - [2023-11-07T19:58:03.278+0000] {dag.py:3722} INFO - Setting next_dagrun for example_branch_python_operator_decorator to 2023-11-06T00:00:00+00:00, run_after=2023-11-07T00:00:00+00:00
[2023-11-07T19:58:03.304+0000] {processor.py:179} INFO - Processing /usr/local/lib/python3.10/dist-packages/airflow/example_dags/example_branch_operator_decorator.py took 0.080 seconds
[2023-11-07T19:58:51.919+0000] {processor.py:157} INFO - Started process (PID=5215) to work on /usr/local/lib/python3.10/dist-packages/airflow/example_dags/example_branch_operator_decorator.py
[2023-11-07T19:58:51.920+0000] {processor.py:829} INFO - Processing file /usr/local/lib/python3.10/dist-packages/airflow/example_dags/example_branch_operator_decorator.py for tasks to queue
[2023-11-07T19:58:51.921+0000] {logging_mixin.py:154} INFO - [2023-11-07T19:58:51.920+0000] {dagbag.py:536} INFO - Filling up the DagBag from /usr/local/lib/python3.10/dist-packages/airflow/example_dags/example_branch_operator_decorator.py
[2023-11-07T19:58:51.940+0000] {processor.py:839} INFO - DAG(s) dict_keys(['example_branch_python_operator_decorator']) retrieved from /usr/local/lib/python3.10/dist-packages/airflow/example_dags/example_branch_operator_decorator.py
[2023-11-07T19:58:51.971+0000] {logging_mixin.py:154} INFO - [2023-11-07T19:58:51.970+0000] {dag.py:2941} INFO - Sync 1 DAGs
[2023-11-07T19:58:51.995+0000] {logging_mixin.py:154} INFO - [2023-11-07T19:58:51.995+0000] {dag.py:3722} INFO - Setting next_dagrun for example_branch_python_operator_decorator to 2023-11-06T00:00:00+00:00, run_after=2023-11-07T00:00:00+00:00
[2023-11-07T19:58:52.026+0000] {processor.py:179} INFO - Processing /usr/local/lib/python3.10/dist-packages/airflow/example_dags/example_branch_operator_decorator.py took 0.115 seconds
[2023-11-07T19:59:41.676+0000] {processor.py:157} INFO - Started process (PID=5267) to work on /usr/local/lib/python3.10/dist-packages/airflow/example_dags/example_branch_operator_decorator.py
[2023-11-07T19:59:41.678+0000] {processor.py:829} INFO - Processing file /usr/local/lib/python3.10/dist-packages/airflow/example_dags/example_branch_operator_decorator.py for tasks to queue
[2023-11-07T19:59:41.679+0000] {logging_mixin.py:154} INFO - [2023-11-07T19:59:41.678+0000] {dagbag.py:536} INFO - Filling up the DagBag from /usr/local/lib/python3.10/dist-packages/airflow/example_dags/example_branch_operator_decorator.py
[2023-11-07T19:59:41.690+0000] {processor.py:839} INFO - DAG(s) dict_keys(['example_branch_python_operator_decorator']) retrieved from /usr/local/lib/python3.10/dist-packages/airflow/example_dags/example_branch_operator_decorator.py
[2023-11-07T19:59:41.708+0000] {logging_mixin.py:154} INFO - [2023-11-07T19:59:41.708+0000] {dag.py:2941} INFO - Sync 1 DAGs
[2023-11-07T19:59:41.729+0000] {logging_mixin.py:154} INFO - [2023-11-07T19:59:41.729+0000] {dag.py:3722} INFO - Setting next_dagrun for example_branch_python_operator_decorator to 2023-11-06T00:00:00+00:00, run_after=2023-11-07T00:00:00+00:00
[2023-11-07T19:59:41.759+0000] {processor.py:179} INFO - Processing /usr/local/lib/python3.10/dist-packages/airflow/example_dags/example_branch_operator_decorator.py took 0.086 seconds
[2023-11-07T20:00:35.651+0000] {processor.py:157} INFO - Started process (PID=5320) to work on /usr/local/lib/python3.10/dist-packages/airflow/example_dags/example_branch_operator_decorator.py
[2023-11-07T20:00:35.653+0000] {processor.py:829} INFO - Processing file /usr/local/lib/python3.10/dist-packages/airflow/example_dags/example_branch_operator_decorator.py for tasks to queue
[2023-11-07T20:00:35.654+0000] {logging_mixin.py:154} INFO - [2023-11-07T20:00:35.653+0000] {dagbag.py:536} INFO - Filling up the DagBag from /usr/local/lib/python3.10/dist-packages/airflow/example_dags/example_branch_operator_decorator.py
[2023-11-07T20:00:35.669+0000] {processor.py:839} INFO - DAG(s) dict_keys(['example_branch_python_operator_decorator']) retrieved from /usr/local/lib/python3.10/dist-packages/airflow/example_dags/example_branch_operator_decorator.py
[2023-11-07T20:00:35.693+0000] {logging_mixin.py:154} INFO - [2023-11-07T20:00:35.693+0000] {dag.py:2941} INFO - Sync 1 DAGs
[2023-11-07T20:00:35.719+0000] {logging_mixin.py:154} INFO - [2023-11-07T20:00:35.718+0000] {dag.py:3722} INFO - Setting next_dagrun for example_branch_python_operator_decorator to 2023-11-06T00:00:00+00:00, run_after=2023-11-07T00:00:00+00:00
[2023-11-07T20:00:35.759+0000] {processor.py:179} INFO - Processing /usr/local/lib/python3.10/dist-packages/airflow/example_dags/example_branch_operator_decorator.py took 0.112 seconds
[2023-11-07T20:01:28.776+0000] {processor.py:157} INFO - Started process (PID=5374) to work on /usr/local/lib/python3.10/dist-packages/airflow/example_dags/example_branch_operator_decorator.py
[2023-11-07T20:01:28.778+0000] {processor.py:829} INFO - Processing file /usr/local/lib/python3.10/dist-packages/airflow/example_dags/example_branch_operator_decorator.py for tasks to queue
[2023-11-07T20:01:28.779+0000] {logging_mixin.py:154} INFO - [2023-11-07T20:01:28.779+0000] {dagbag.py:536} INFO - Filling up the DagBag from /usr/local/lib/python3.10/dist-packages/airflow/example_dags/example_branch_operator_decorator.py
[2023-11-07T20:01:28.792+0000] {processor.py:839} INFO - DAG(s) dict_keys(['example_branch_python_operator_decorator']) retrieved from /usr/local/lib/python3.10/dist-packages/airflow/example_dags/example_branch_operator_decorator.py
[2023-11-07T20:01:28.818+0000] {logging_mixin.py:154} INFO - [2023-11-07T20:01:28.818+0000] {dag.py:2941} INFO - Sync 1 DAGs
[2023-11-07T20:01:28.841+0000] {logging_mixin.py:154} INFO - [2023-11-07T20:01:28.841+0000] {dag.py:3722} INFO - Setting next_dagrun for example_branch_python_operator_decorator to 2023-11-06T00:00:00+00:00, run_after=2023-11-07T00:00:00+00:00
[2023-11-07T20:01:28.865+0000] {processor.py:179} INFO - Processing /usr/local/lib/python3.10/dist-packages/airflow/example_dags/example_branch_operator_decorator.py took 0.092 seconds
[2023-11-07T20:02:12.447+0000] {processor.py:157} INFO - Started process (PID=5420) to work on /usr/local/lib/python3.10/dist-packages/airflow/example_dags/example_branch_operator_decorator.py
[2023-11-07T20:02:12.449+0000] {processor.py:829} INFO - Processing file /usr/local/lib/python3.10/dist-packages/airflow/example_dags/example_branch_operator_decorator.py for tasks to queue
[2023-11-07T20:02:12.450+0000] {logging_mixin.py:154} INFO - [2023-11-07T20:02:12.449+0000] {dagbag.py:536} INFO - Filling up the DagBag from /usr/local/lib/python3.10/dist-packages/airflow/example_dags/example_branch_operator_decorator.py
[2023-11-07T20:02:12.461+0000] {processor.py:839} INFO - DAG(s) dict_keys(['example_branch_python_operator_decorator']) retrieved from /usr/local/lib/python3.10/dist-packages/airflow/example_dags/example_branch_operator_decorator.py
[2023-11-07T20:02:12.481+0000] {logging_mixin.py:154} INFO - [2023-11-07T20:02:12.481+0000] {dag.py:2941} INFO - Sync 1 DAGs
[2023-11-07T20:02:12.503+0000] {logging_mixin.py:154} INFO - [2023-11-07T20:02:12.502+0000] {dag.py:3722} INFO - Setting next_dagrun for example_branch_python_operator_decorator to 2023-11-06T00:00:00+00:00, run_after=2023-11-07T00:00:00+00:00
[2023-11-07T20:02:12.525+0000] {processor.py:179} INFO - Processing /usr/local/lib/python3.10/dist-packages/airflow/example_dags/example_branch_operator_decorator.py took 0.081 seconds
[2023-11-07T20:03:02.106+0000] {processor.py:157} INFO - Started process (PID=5472) to work on /usr/local/lib/python3.10/dist-packages/airflow/example_dags/example_branch_operator_decorator.py
[2023-11-07T20:03:02.107+0000] {processor.py:829} INFO - Processing file /usr/local/lib/python3.10/dist-packages/airflow/example_dags/example_branch_operator_decorator.py for tasks to queue
[2023-11-07T20:03:02.108+0000] {logging_mixin.py:154} INFO - [2023-11-07T20:03:02.108+0000] {dagbag.py:536} INFO - Filling up the DagBag from /usr/local/lib/python3.10/dist-packages/airflow/example_dags/example_branch_operator_decorator.py
[2023-11-07T20:03:02.128+0000] {processor.py:839} INFO - DAG(s) dict_keys(['example_branch_python_operator_decorator']) retrieved from /usr/local/lib/python3.10/dist-packages/airflow/example_dags/example_branch_operator_decorator.py
[2023-11-07T20:03:02.181+0000] {logging_mixin.py:154} INFO - [2023-11-07T20:03:02.180+0000] {dag.py:2941} INFO - Sync 1 DAGs
[2023-11-07T20:03:02.225+0000] {logging_mixin.py:154} INFO - [2023-11-07T20:03:02.224+0000] {dag.py:3722} INFO - Setting next_dagrun for example_branch_python_operator_decorator to 2023-11-06T00:00:00+00:00, run_after=2023-11-07T00:00:00+00:00
[2023-11-07T20:03:02.256+0000] {processor.py:179} INFO - Processing /usr/local/lib/python3.10/dist-packages/airflow/example_dags/example_branch_operator_decorator.py took 0.157 seconds
[2023-11-07T20:03:53.367+0000] {processor.py:157} INFO - Started process (PID=5524) to work on /usr/local/lib/python3.10/dist-packages/airflow/example_dags/example_branch_operator_decorator.py
[2023-11-07T20:03:53.369+0000] {processor.py:829} INFO - Processing file /usr/local/lib/python3.10/dist-packages/airflow/example_dags/example_branch_operator_decorator.py for tasks to queue
[2023-11-07T20:03:53.370+0000] {logging_mixin.py:154} INFO - [2023-11-07T20:03:53.369+0000] {dagbag.py:536} INFO - Filling up the DagBag from /usr/local/lib/python3.10/dist-packages/airflow/example_dags/example_branch_operator_decorator.py
[2023-11-07T20:03:53.381+0000] {processor.py:839} INFO - DAG(s) dict_keys(['example_branch_python_operator_decorator']) retrieved from /usr/local/lib/python3.10/dist-packages/airflow/example_dags/example_branch_operator_decorator.py
[2023-11-07T20:03:53.401+0000] {logging_mixin.py:154} INFO - [2023-11-07T20:03:53.401+0000] {dag.py:2941} INFO - Sync 1 DAGs
[2023-11-07T20:03:53.427+0000] {logging_mixin.py:154} INFO - [2023-11-07T20:03:53.427+0000] {dag.py:3722} INFO - Setting next_dagrun for example_branch_python_operator_decorator to 2023-11-06T00:00:00+00:00, run_after=2023-11-07T00:00:00+00:00
[2023-11-07T20:03:53.450+0000] {processor.py:179} INFO - Processing /usr/local/lib/python3.10/dist-packages/airflow/example_dags/example_branch_operator_decorator.py took 0.086 seconds
[2023-11-07T20:04:39.453+0000] {processor.py:157} INFO - Started process (PID=5573) to work on /usr/local/lib/python3.10/dist-packages/airflow/example_dags/example_branch_operator_decorator.py
[2023-11-07T20:04:39.455+0000] {processor.py:829} INFO - Processing file /usr/local/lib/python3.10/dist-packages/airflow/example_dags/example_branch_operator_decorator.py for tasks to queue
[2023-11-07T20:04:39.455+0000] {logging_mixin.py:154} INFO - [2023-11-07T20:04:39.455+0000] {dagbag.py:536} INFO - Filling up the DagBag from /usr/local/lib/python3.10/dist-packages/airflow/example_dags/example_branch_operator_decorator.py
[2023-11-07T20:04:39.468+0000] {processor.py:839} INFO - DAG(s) dict_keys(['example_branch_python_operator_decorator']) retrieved from /usr/local/lib/python3.10/dist-packages/airflow/example_dags/example_branch_operator_decorator.py
[2023-11-07T20:04:39.488+0000] {logging_mixin.py:154} INFO - [2023-11-07T20:04:39.487+0000] {dag.py:2941} INFO - Sync 1 DAGs
[2023-11-07T20:04:39.514+0000] {logging_mixin.py:154} INFO - [2023-11-07T20:04:39.514+0000] {dag.py:3722} INFO - Setting next_dagrun for example_branch_python_operator_decorator to 2023-11-06T00:00:00+00:00, run_after=2023-11-07T00:00:00+00:00
[2023-11-07T20:04:39.537+0000] {processor.py:179} INFO - Processing /usr/local/lib/python3.10/dist-packages/airflow/example_dags/example_branch_operator_decorator.py took 0.088 seconds
[2023-11-07T20:05:29.848+0000] {processor.py:157} INFO - Started process (PID=5624) to work on /usr/local/lib/python3.10/dist-packages/airflow/example_dags/example_branch_operator_decorator.py
[2023-11-07T20:05:29.850+0000] {processor.py:829} INFO - Processing file /usr/local/lib/python3.10/dist-packages/airflow/example_dags/example_branch_operator_decorator.py for tasks to queue
[2023-11-07T20:05:29.851+0000] {logging_mixin.py:154} INFO - [2023-11-07T20:05:29.850+0000] {dagbag.py:536} INFO - Filling up the DagBag from /usr/local/lib/python3.10/dist-packages/airflow/example_dags/example_branch_operator_decorator.py
[2023-11-07T20:05:29.877+0000] {processor.py:839} INFO - DAG(s) dict_keys(['example_branch_python_operator_decorator']) retrieved from /usr/local/lib/python3.10/dist-packages/airflow/example_dags/example_branch_operator_decorator.py
[2023-11-07T20:05:29.904+0000] {logging_mixin.py:154} INFO - [2023-11-07T20:05:29.904+0000] {dag.py:2941} INFO - Sync 1 DAGs
[2023-11-07T20:05:29.933+0000] {logging_mixin.py:154} INFO - [2023-11-07T20:05:29.932+0000] {dag.py:3722} INFO - Setting next_dagrun for example_branch_python_operator_decorator to 2023-11-06T00:00:00+00:00, run_after=2023-11-07T00:00:00+00:00
[2023-11-07T20:05:29.956+0000] {processor.py:179} INFO - Processing /usr/local/lib/python3.10/dist-packages/airflow/example_dags/example_branch_operator_decorator.py took 0.113 seconds
[2023-11-07T20:06:20.459+0000] {processor.py:157} INFO - Started process (PID=5675) to work on /usr/local/lib/python3.10/dist-packages/airflow/example_dags/example_branch_operator_decorator.py
[2023-11-07T20:06:20.460+0000] {processor.py:829} INFO - Processing file /usr/local/lib/python3.10/dist-packages/airflow/example_dags/example_branch_operator_decorator.py for tasks to queue
[2023-11-07T20:06:20.461+0000] {logging_mixin.py:154} INFO - [2023-11-07T20:06:20.460+0000] {dagbag.py:536} INFO - Filling up the DagBag from /usr/local/lib/python3.10/dist-packages/airflow/example_dags/example_branch_operator_decorator.py
[2023-11-07T20:06:20.471+0000] {processor.py:839} INFO - DAG(s) dict_keys(['example_branch_python_operator_decorator']) retrieved from /usr/local/lib/python3.10/dist-packages/airflow/example_dags/example_branch_operator_decorator.py
[2023-11-07T20:06:20.489+0000] {logging_mixin.py:154} INFO - [2023-11-07T20:06:20.489+0000] {dag.py:2941} INFO - Sync 1 DAGs
[2023-11-07T20:06:20.508+0000] {logging_mixin.py:154} INFO - [2023-11-07T20:06:20.508+0000] {dag.py:3722} INFO - Setting next_dagrun for example_branch_python_operator_decorator to 2023-11-06T00:00:00+00:00, run_after=2023-11-07T00:00:00+00:00
[2023-11-07T20:06:20.530+0000] {processor.py:179} INFO - Processing /usr/local/lib/python3.10/dist-packages/airflow/example_dags/example_branch_operator_decorator.py took 0.075 seconds
[2023-11-07T20:07:09.584+0000] {processor.py:157} INFO - Started process (PID=5726) to work on /usr/local/lib/python3.10/dist-packages/airflow/example_dags/example_branch_operator_decorator.py
[2023-11-07T20:07:09.585+0000] {processor.py:829} INFO - Processing file /usr/local/lib/python3.10/dist-packages/airflow/example_dags/example_branch_operator_decorator.py for tasks to queue
[2023-11-07T20:07:09.586+0000] {logging_mixin.py:154} INFO - [2023-11-07T20:07:09.586+0000] {dagbag.py:536} INFO - Filling up the DagBag from /usr/local/lib/python3.10/dist-packages/airflow/example_dags/example_branch_operator_decorator.py
[2023-11-07T20:07:09.598+0000] {processor.py:839} INFO - DAG(s) dict_keys(['example_branch_python_operator_decorator']) retrieved from /usr/local/lib/python3.10/dist-packages/airflow/example_dags/example_branch_operator_decorator.py
[2023-11-07T20:07:09.619+0000] {logging_mixin.py:154} INFO - [2023-11-07T20:07:09.619+0000] {dag.py:2941} INFO - Sync 1 DAGs
[2023-11-07T20:07:09.646+0000] {logging_mixin.py:154} INFO - [2023-11-07T20:07:09.645+0000] {dag.py:3722} INFO - Setting next_dagrun for example_branch_python_operator_decorator to 2023-11-06T00:00:00+00:00, run_after=2023-11-07T00:00:00+00:00
[2023-11-07T20:07:09.670+0000] {processor.py:179} INFO - Processing /usr/local/lib/python3.10/dist-packages/airflow/example_dags/example_branch_operator_decorator.py took 0.090 seconds
[2023-11-07T20:07:59.804+0000] {processor.py:157} INFO - Started process (PID=5779) to work on /usr/local/lib/python3.10/dist-packages/airflow/example_dags/example_branch_operator_decorator.py
[2023-11-07T20:07:59.806+0000] {processor.py:829} INFO - Processing file /usr/local/lib/python3.10/dist-packages/airflow/example_dags/example_branch_operator_decorator.py for tasks to queue
[2023-11-07T20:07:59.807+0000] {logging_mixin.py:154} INFO - [2023-11-07T20:07:59.806+0000] {dagbag.py:536} INFO - Filling up the DagBag from /usr/local/lib/python3.10/dist-packages/airflow/example_dags/example_branch_operator_decorator.py
[2023-11-07T20:07:59.827+0000] {processor.py:839} INFO - DAG(s) dict_keys(['example_branch_python_operator_decorator']) retrieved from /usr/local/lib/python3.10/dist-packages/airflow/example_dags/example_branch_operator_decorator.py
[2023-11-07T20:07:59.852+0000] {logging_mixin.py:154} INFO - [2023-11-07T20:07:59.851+0000] {dag.py:2941} INFO - Sync 1 DAGs
[2023-11-07T20:07:59.908+0000] {logging_mixin.py:154} INFO - [2023-11-07T20:07:59.908+0000] {dag.py:3722} INFO - Setting next_dagrun for example_branch_python_operator_decorator to 2023-11-06T00:00:00+00:00, run_after=2023-11-07T00:00:00+00:00
[2023-11-07T20:07:59.932+0000] {processor.py:179} INFO - Processing /usr/local/lib/python3.10/dist-packages/airflow/example_dags/example_branch_operator_decorator.py took 0.135 seconds
