[2023-11-07T19:31:44.263+0000] {processor.py:157} INFO - Started process (PID=3562) to work on /usr/local/lib/python3.10/dist-packages/airflow/example_dags/example_time_delta_sensor_async.py
[2023-11-07T19:31:44.264+0000] {processor.py:829} INFO - Processing file /usr/local/lib/python3.10/dist-packages/airflow/example_dags/example_time_delta_sensor_async.py for tasks to queue
[2023-11-07T19:31:44.264+0000] {logging_mixin.py:154} INFO - [2023-11-07T19:31:44.264+0000] {dagbag.py:536} INFO - Filling up the DagBag from /usr/local/lib/python3.10/dist-packages/airflow/example_dags/example_time_delta_sensor_async.py
[2023-11-07T19:31:44.270+0000] {processor.py:839} INFO - DAG(s) dict_keys(['example_time_delta_sensor_async']) retrieved from /usr/local/lib/python3.10/dist-packages/airflow/example_dags/example_time_delta_sensor_async.py
[2023-11-07T19:31:44.378+0000] {logging_mixin.py:154} INFO - [2023-11-07T19:31:44.378+0000] {manager.py:499} INFO - Created Permission View: %s
[2023-11-07T19:31:44.390+0000] {logging_mixin.py:154} INFO - [2023-11-07T19:31:44.390+0000] {manager.py:499} INFO - Created Permission View: %s
[2023-11-07T19:31:44.419+0000] {logging_mixin.py:154} INFO - [2023-11-07T19:31:44.418+0000] {manager.py:499} INFO - Created Permission View: %s
[2023-11-07T19:31:44.419+0000] {logging_mixin.py:154} INFO - [2023-11-07T19:31:44.419+0000] {dag.py:2941} INFO - Sync 1 DAGs
[2023-11-07T19:31:44.429+0000] {logging_mixin.py:154} INFO - [2023-11-07T19:31:44.429+0000] {dag.py:2963} INFO - Creating ORM DAG for example_time_delta_sensor_async
[2023-11-07T19:31:44.429+0000] {logging_mixin.py:154} INFO - [2023-11-07T19:31:44.429+0000] {dag.py:3722} INFO - Setting next_dagrun for example_time_delta_sensor_async to None, run_after=None
[2023-11-07T19:31:44.473+0000] {processor.py:179} INFO - Processing /usr/local/lib/python3.10/dist-packages/airflow/example_dags/example_time_delta_sensor_async.py took 0.214 seconds
[2023-11-07T19:32:36.174+0000] {processor.py:157} INFO - Started process (PID=3609) to work on /usr/local/lib/python3.10/dist-packages/airflow/example_dags/example_time_delta_sensor_async.py
[2023-11-07T19:32:36.175+0000] {processor.py:829} INFO - Processing file /usr/local/lib/python3.10/dist-packages/airflow/example_dags/example_time_delta_sensor_async.py for tasks to queue
[2023-11-07T19:32:36.175+0000] {logging_mixin.py:154} INFO - [2023-11-07T19:32:36.175+0000] {dagbag.py:536} INFO - Filling up the DagBag from /usr/local/lib/python3.10/dist-packages/airflow/example_dags/example_time_delta_sensor_async.py
[2023-11-07T19:32:36.181+0000] {processor.py:839} INFO - DAG(s) dict_keys(['example_time_delta_sensor_async']) retrieved from /usr/local/lib/python3.10/dist-packages/airflow/example_dags/example_time_delta_sensor_async.py
[2023-11-07T19:32:36.203+0000] {logging_mixin.py:154} INFO - [2023-11-07T19:32:36.203+0000] {dag.py:2941} INFO - Sync 1 DAGs
[2023-11-07T19:32:36.216+0000] {logging_mixin.py:154} INFO - [2023-11-07T19:32:36.215+0000] {dag.py:3722} INFO - Setting next_dagrun for example_time_delta_sensor_async to None, run_after=None
[2023-11-07T19:32:36.238+0000] {processor.py:179} INFO - Processing /usr/local/lib/python3.10/dist-packages/airflow/example_dags/example_time_delta_sensor_async.py took 0.067 seconds
[2023-11-07T19:33:23.396+0000] {processor.py:157} INFO - Started process (PID=3656) to work on /usr/local/lib/python3.10/dist-packages/airflow/example_dags/example_time_delta_sensor_async.py
[2023-11-07T19:33:23.397+0000] {processor.py:829} INFO - Processing file /usr/local/lib/python3.10/dist-packages/airflow/example_dags/example_time_delta_sensor_async.py for tasks to queue
[2023-11-07T19:33:23.398+0000] {logging_mixin.py:154} INFO - [2023-11-07T19:33:23.398+0000] {dagbag.py:536} INFO - Filling up the DagBag from /usr/local/lib/python3.10/dist-packages/airflow/example_dags/example_time_delta_sensor_async.py
[2023-11-07T19:33:23.402+0000] {processor.py:839} INFO - DAG(s) dict_keys(['example_time_delta_sensor_async']) retrieved from /usr/local/lib/python3.10/dist-packages/airflow/example_dags/example_time_delta_sensor_async.py
[2023-11-07T19:33:23.423+0000] {logging_mixin.py:154} INFO - [2023-11-07T19:33:23.422+0000] {dag.py:2941} INFO - Sync 1 DAGs
[2023-11-07T19:33:23.435+0000] {logging_mixin.py:154} INFO - [2023-11-07T19:33:23.434+0000] {dag.py:3722} INFO - Setting next_dagrun for example_time_delta_sensor_async to None, run_after=None
[2023-11-07T19:33:23.458+0000] {processor.py:179} INFO - Processing /usr/local/lib/python3.10/dist-packages/airflow/example_dags/example_time_delta_sensor_async.py took 0.065 seconds
[2023-11-07T19:34:09.192+0000] {processor.py:157} INFO - Started process (PID=3704) to work on /usr/local/lib/python3.10/dist-packages/airflow/example_dags/example_time_delta_sensor_async.py
[2023-11-07T19:34:09.193+0000] {processor.py:829} INFO - Processing file /usr/local/lib/python3.10/dist-packages/airflow/example_dags/example_time_delta_sensor_async.py for tasks to queue
[2023-11-07T19:34:09.194+0000] {logging_mixin.py:154} INFO - [2023-11-07T19:34:09.194+0000] {dagbag.py:536} INFO - Filling up the DagBag from /usr/local/lib/python3.10/dist-packages/airflow/example_dags/example_time_delta_sensor_async.py
[2023-11-07T19:34:09.202+0000] {processor.py:839} INFO - DAG(s) dict_keys(['example_time_delta_sensor_async']) retrieved from /usr/local/lib/python3.10/dist-packages/airflow/example_dags/example_time_delta_sensor_async.py
[2023-11-07T19:34:09.220+0000] {logging_mixin.py:154} INFO - [2023-11-07T19:34:09.219+0000] {dag.py:2941} INFO - Sync 1 DAGs
[2023-11-07T19:34:09.231+0000] {logging_mixin.py:154} INFO - [2023-11-07T19:34:09.230+0000] {dag.py:3722} INFO - Setting next_dagrun for example_time_delta_sensor_async to None, run_after=None
[2023-11-07T19:34:09.252+0000] {processor.py:179} INFO - Processing /usr/local/lib/python3.10/dist-packages/airflow/example_dags/example_time_delta_sensor_async.py took 0.063 seconds
[2023-11-07T19:34:56.291+0000] {processor.py:157} INFO - Started process (PID=3754) to work on /usr/local/lib/python3.10/dist-packages/airflow/example_dags/example_time_delta_sensor_async.py
[2023-11-07T19:34:56.296+0000] {processor.py:829} INFO - Processing file /usr/local/lib/python3.10/dist-packages/airflow/example_dags/example_time_delta_sensor_async.py for tasks to queue
[2023-11-07T19:34:56.297+0000] {logging_mixin.py:154} INFO - [2023-11-07T19:34:56.297+0000] {dagbag.py:536} INFO - Filling up the DagBag from /usr/local/lib/python3.10/dist-packages/airflow/example_dags/example_time_delta_sensor_async.py
[2023-11-07T19:34:56.305+0000] {processor.py:839} INFO - DAG(s) dict_keys(['example_time_delta_sensor_async']) retrieved from /usr/local/lib/python3.10/dist-packages/airflow/example_dags/example_time_delta_sensor_async.py
[2023-11-07T19:34:56.326+0000] {logging_mixin.py:154} INFO - [2023-11-07T19:34:56.326+0000] {dag.py:2941} INFO - Sync 1 DAGs
[2023-11-07T19:34:56.338+0000] {logging_mixin.py:154} INFO - [2023-11-07T19:34:56.338+0000] {dag.py:3722} INFO - Setting next_dagrun for example_time_delta_sensor_async to None, run_after=None
[2023-11-07T19:34:56.360+0000] {processor.py:179} INFO - Processing /usr/local/lib/python3.10/dist-packages/airflow/example_dags/example_time_delta_sensor_async.py took 0.080 seconds
[2023-11-07T19:35:40.001+0000] {processor.py:157} INFO - Started process (PID=3803) to work on /usr/local/lib/python3.10/dist-packages/airflow/example_dags/example_time_delta_sensor_async.py
[2023-11-07T19:35:40.002+0000] {processor.py:829} INFO - Processing file /usr/local/lib/python3.10/dist-packages/airflow/example_dags/example_time_delta_sensor_async.py for tasks to queue
[2023-11-07T19:35:40.003+0000] {logging_mixin.py:154} INFO - [2023-11-07T19:35:40.002+0000] {dagbag.py:536} INFO - Filling up the DagBag from /usr/local/lib/python3.10/dist-packages/airflow/example_dags/example_time_delta_sensor_async.py
[2023-11-07T19:35:40.008+0000] {processor.py:839} INFO - DAG(s) dict_keys(['example_time_delta_sensor_async']) retrieved from /usr/local/lib/python3.10/dist-packages/airflow/example_dags/example_time_delta_sensor_async.py
[2023-11-07T19:35:40.028+0000] {logging_mixin.py:154} INFO - [2023-11-07T19:35:40.028+0000] {dag.py:2941} INFO - Sync 1 DAGs
[2023-11-07T19:35:40.045+0000] {logging_mixin.py:154} INFO - [2023-11-07T19:35:40.044+0000] {dag.py:3722} INFO - Setting next_dagrun for example_time_delta_sensor_async to None, run_after=None
[2023-11-07T19:35:40.068+0000] {processor.py:179} INFO - Processing /usr/local/lib/python3.10/dist-packages/airflow/example_dags/example_time_delta_sensor_async.py took 0.071 seconds
[2023-11-07T19:36:29.818+0000] {processor.py:157} INFO - Started process (PID=3852) to work on /usr/local/lib/python3.10/dist-packages/airflow/example_dags/example_time_delta_sensor_async.py
[2023-11-07T19:36:29.819+0000] {processor.py:829} INFO - Processing file /usr/local/lib/python3.10/dist-packages/airflow/example_dags/example_time_delta_sensor_async.py for tasks to queue
[2023-11-07T19:36:29.820+0000] {logging_mixin.py:154} INFO - [2023-11-07T19:36:29.820+0000] {dagbag.py:536} INFO - Filling up the DagBag from /usr/local/lib/python3.10/dist-packages/airflow/example_dags/example_time_delta_sensor_async.py
[2023-11-07T19:36:29.825+0000] {processor.py:839} INFO - DAG(s) dict_keys(['example_time_delta_sensor_async']) retrieved from /usr/local/lib/python3.10/dist-packages/airflow/example_dags/example_time_delta_sensor_async.py
[2023-11-07T19:36:29.864+0000] {logging_mixin.py:154} INFO - [2023-11-07T19:36:29.864+0000] {dag.py:2941} INFO - Sync 1 DAGs
[2023-11-07T19:36:29.880+0000] {logging_mixin.py:154} INFO - [2023-11-07T19:36:29.880+0000] {dag.py:3722} INFO - Setting next_dagrun for example_time_delta_sensor_async to None, run_after=None
[2023-11-07T19:36:29.904+0000] {processor.py:179} INFO - Processing /usr/local/lib/python3.10/dist-packages/airflow/example_dags/example_time_delta_sensor_async.py took 0.090 seconds
[2023-11-07T19:37:20.741+0000] {processor.py:157} INFO - Started process (PID=3903) to work on /usr/local/lib/python3.10/dist-packages/airflow/example_dags/example_time_delta_sensor_async.py
[2023-11-07T19:37:20.742+0000] {processor.py:829} INFO - Processing file /usr/local/lib/python3.10/dist-packages/airflow/example_dags/example_time_delta_sensor_async.py for tasks to queue
[2023-11-07T19:37:20.746+0000] {logging_mixin.py:154} INFO - [2023-11-07T19:37:20.746+0000] {dagbag.py:536} INFO - Filling up the DagBag from /usr/local/lib/python3.10/dist-packages/airflow/example_dags/example_time_delta_sensor_async.py
[2023-11-07T19:37:20.754+0000] {processor.py:839} INFO - DAG(s) dict_keys(['example_time_delta_sensor_async']) retrieved from /usr/local/lib/python3.10/dist-packages/airflow/example_dags/example_time_delta_sensor_async.py
[2023-11-07T19:37:20.782+0000] {logging_mixin.py:154} INFO - [2023-11-07T19:37:20.782+0000] {dag.py:2941} INFO - Sync 1 DAGs
[2023-11-07T19:37:20.794+0000] {logging_mixin.py:154} INFO - [2023-11-07T19:37:20.794+0000] {dag.py:3722} INFO - Setting next_dagrun for example_time_delta_sensor_async to None, run_after=None
[2023-11-07T19:37:20.814+0000] {processor.py:179} INFO - Processing /usr/local/lib/python3.10/dist-packages/airflow/example_dags/example_time_delta_sensor_async.py took 0.078 seconds
[2023-11-07T19:38:07.800+0000] {processor.py:157} INFO - Started process (PID=3953) to work on /usr/local/lib/python3.10/dist-packages/airflow/example_dags/example_time_delta_sensor_async.py
[2023-11-07T19:38:07.801+0000] {processor.py:829} INFO - Processing file /usr/local/lib/python3.10/dist-packages/airflow/example_dags/example_time_delta_sensor_async.py for tasks to queue
[2023-11-07T19:38:07.802+0000] {logging_mixin.py:154} INFO - [2023-11-07T19:38:07.801+0000] {dagbag.py:536} INFO - Filling up the DagBag from /usr/local/lib/python3.10/dist-packages/airflow/example_dags/example_time_delta_sensor_async.py
[2023-11-07T19:38:07.808+0000] {processor.py:839} INFO - DAG(s) dict_keys(['example_time_delta_sensor_async']) retrieved from /usr/local/lib/python3.10/dist-packages/airflow/example_dags/example_time_delta_sensor_async.py
[2023-11-07T19:38:07.826+0000] {logging_mixin.py:154} INFO - [2023-11-07T19:38:07.826+0000] {dag.py:2941} INFO - Sync 1 DAGs
[2023-11-07T19:38:07.837+0000] {logging_mixin.py:154} INFO - [2023-11-07T19:38:07.837+0000] {dag.py:3722} INFO - Setting next_dagrun for example_time_delta_sensor_async to None, run_after=None
[2023-11-07T19:38:07.859+0000] {processor.py:179} INFO - Processing /usr/local/lib/python3.10/dist-packages/airflow/example_dags/example_time_delta_sensor_async.py took 0.063 seconds
[2023-11-07T19:38:56.005+0000] {processor.py:157} INFO - Started process (PID=4003) to work on /usr/local/lib/python3.10/dist-packages/airflow/example_dags/example_time_delta_sensor_async.py
[2023-11-07T19:38:56.006+0000] {processor.py:829} INFO - Processing file /usr/local/lib/python3.10/dist-packages/airflow/example_dags/example_time_delta_sensor_async.py for tasks to queue
[2023-11-07T19:38:56.006+0000] {logging_mixin.py:154} INFO - [2023-11-07T19:38:56.006+0000] {dagbag.py:536} INFO - Filling up the DagBag from /usr/local/lib/python3.10/dist-packages/airflow/example_dags/example_time_delta_sensor_async.py
[2023-11-07T19:38:56.012+0000] {processor.py:839} INFO - DAG(s) dict_keys(['example_time_delta_sensor_async']) retrieved from /usr/local/lib/python3.10/dist-packages/airflow/example_dags/example_time_delta_sensor_async.py
[2023-11-07T19:38:56.028+0000] {logging_mixin.py:154} INFO - [2023-11-07T19:38:56.027+0000] {dag.py:2941} INFO - Sync 1 DAGs
[2023-11-07T19:38:56.039+0000] {logging_mixin.py:154} INFO - [2023-11-07T19:38:56.039+0000] {dag.py:3722} INFO - Setting next_dagrun for example_time_delta_sensor_async to None, run_after=None
[2023-11-07T19:38:56.062+0000] {processor.py:179} INFO - Processing /usr/local/lib/python3.10/dist-packages/airflow/example_dags/example_time_delta_sensor_async.py took 0.061 seconds
[2023-11-07T19:39:41.686+0000] {processor.py:157} INFO - Started process (PID=4049) to work on /usr/local/lib/python3.10/dist-packages/airflow/example_dags/example_time_delta_sensor_async.py
[2023-11-07T19:39:41.687+0000] {processor.py:829} INFO - Processing file /usr/local/lib/python3.10/dist-packages/airflow/example_dags/example_time_delta_sensor_async.py for tasks to queue
[2023-11-07T19:39:41.688+0000] {logging_mixin.py:154} INFO - [2023-11-07T19:39:41.687+0000] {dagbag.py:536} INFO - Filling up the DagBag from /usr/local/lib/python3.10/dist-packages/airflow/example_dags/example_time_delta_sensor_async.py
[2023-11-07T19:39:41.693+0000] {processor.py:839} INFO - DAG(s) dict_keys(['example_time_delta_sensor_async']) retrieved from /usr/local/lib/python3.10/dist-packages/airflow/example_dags/example_time_delta_sensor_async.py
[2023-11-07T19:39:41.711+0000] {logging_mixin.py:154} INFO - [2023-11-07T19:39:41.711+0000] {dag.py:2941} INFO - Sync 1 DAGs
[2023-11-07T19:39:41.723+0000] {logging_mixin.py:154} INFO - [2023-11-07T19:39:41.723+0000] {dag.py:3722} INFO - Setting next_dagrun for example_time_delta_sensor_async to None, run_after=None
[2023-11-07T19:39:41.750+0000] {processor.py:179} INFO - Processing /usr/local/lib/python3.10/dist-packages/airflow/example_dags/example_time_delta_sensor_async.py took 0.067 seconds
[2023-11-07T19:40:33.733+0000] {processor.py:157} INFO - Started process (PID=4103) to work on /usr/local/lib/python3.10/dist-packages/airflow/example_dags/example_time_delta_sensor_async.py
[2023-11-07T19:40:33.735+0000] {processor.py:829} INFO - Processing file /usr/local/lib/python3.10/dist-packages/airflow/example_dags/example_time_delta_sensor_async.py for tasks to queue
[2023-11-07T19:40:33.737+0000] {logging_mixin.py:154} INFO - [2023-11-07T19:40:33.736+0000] {dagbag.py:536} INFO - Filling up the DagBag from /usr/local/lib/python3.10/dist-packages/airflow/example_dags/example_time_delta_sensor_async.py
[2023-11-07T19:40:33.744+0000] {processor.py:839} INFO - DAG(s) dict_keys(['example_time_delta_sensor_async']) retrieved from /usr/local/lib/python3.10/dist-packages/airflow/example_dags/example_time_delta_sensor_async.py
[2023-11-07T19:40:33.784+0000] {logging_mixin.py:154} INFO - [2023-11-07T19:40:33.784+0000] {dag.py:2941} INFO - Sync 1 DAGs
[2023-11-07T19:40:33.811+0000] {logging_mixin.py:154} INFO - [2023-11-07T19:40:33.811+0000] {dag.py:3722} INFO - Setting next_dagrun for example_time_delta_sensor_async to None, run_after=None
[2023-11-07T19:40:33.853+0000] {processor.py:179} INFO - Processing /usr/local/lib/python3.10/dist-packages/airflow/example_dags/example_time_delta_sensor_async.py took 0.129 seconds
[2023-11-07T19:41:14.328+0000] {processor.py:157} INFO - Started process (PID=4144) to work on /usr/local/lib/python3.10/dist-packages/airflow/example_dags/example_time_delta_sensor_async.py
[2023-11-07T19:41:14.330+0000] {processor.py:829} INFO - Processing file /usr/local/lib/python3.10/dist-packages/airflow/example_dags/example_time_delta_sensor_async.py for tasks to queue
[2023-11-07T19:41:14.331+0000] {logging_mixin.py:154} INFO - [2023-11-07T19:41:14.331+0000] {dagbag.py:536} INFO - Filling up the DagBag from /usr/local/lib/python3.10/dist-packages/airflow/example_dags/example_time_delta_sensor_async.py
[2023-11-07T19:41:14.338+0000] {processor.py:839} INFO - DAG(s) dict_keys(['example_time_delta_sensor_async']) retrieved from /usr/local/lib/python3.10/dist-packages/airflow/example_dags/example_time_delta_sensor_async.py
[2023-11-07T19:41:14.374+0000] {logging_mixin.py:154} INFO - [2023-11-07T19:41:14.374+0000] {dag.py:2941} INFO - Sync 1 DAGs
[2023-11-07T19:41:14.388+0000] {logging_mixin.py:154} INFO - [2023-11-07T19:41:14.388+0000] {dag.py:3722} INFO - Setting next_dagrun for example_time_delta_sensor_async to None, run_after=None
[2023-11-07T19:41:14.416+0000] {processor.py:179} INFO - Processing /usr/local/lib/python3.10/dist-packages/airflow/example_dags/example_time_delta_sensor_async.py took 0.090 seconds
[2023-11-07T19:42:01.170+0000] {processor.py:157} INFO - Started process (PID=4193) to work on /usr/local/lib/python3.10/dist-packages/airflow/example_dags/example_time_delta_sensor_async.py
[2023-11-07T19:42:01.173+0000] {processor.py:829} INFO - Processing file /usr/local/lib/python3.10/dist-packages/airflow/example_dags/example_time_delta_sensor_async.py for tasks to queue
[2023-11-07T19:42:01.173+0000] {logging_mixin.py:154} INFO - [2023-11-07T19:42:01.173+0000] {dagbag.py:536} INFO - Filling up the DagBag from /usr/local/lib/python3.10/dist-packages/airflow/example_dags/example_time_delta_sensor_async.py
[2023-11-07T19:42:01.184+0000] {processor.py:839} INFO - DAG(s) dict_keys(['example_time_delta_sensor_async']) retrieved from /usr/local/lib/python3.10/dist-packages/airflow/example_dags/example_time_delta_sensor_async.py
[2023-11-07T19:42:01.215+0000] {logging_mixin.py:154} INFO - [2023-11-07T19:42:01.215+0000] {dag.py:2941} INFO - Sync 1 DAGs
[2023-11-07T19:42:01.241+0000] {logging_mixin.py:154} INFO - [2023-11-07T19:42:01.240+0000] {dag.py:3722} INFO - Setting next_dagrun for example_time_delta_sensor_async to None, run_after=None
[2023-11-07T19:42:01.287+0000] {processor.py:179} INFO - Processing /usr/local/lib/python3.10/dist-packages/airflow/example_dags/example_time_delta_sensor_async.py took 0.123 seconds
[2023-11-07T19:42:49.020+0000] {processor.py:157} INFO - Started process (PID=4243) to work on /usr/local/lib/python3.10/dist-packages/airflow/example_dags/example_time_delta_sensor_async.py
[2023-11-07T19:42:49.022+0000] {processor.py:829} INFO - Processing file /usr/local/lib/python3.10/dist-packages/airflow/example_dags/example_time_delta_sensor_async.py for tasks to queue
[2023-11-07T19:42:49.025+0000] {logging_mixin.py:154} INFO - [2023-11-07T19:42:49.023+0000] {dagbag.py:536} INFO - Filling up the DagBag from /usr/local/lib/python3.10/dist-packages/airflow/example_dags/example_time_delta_sensor_async.py
[2023-11-07T19:42:49.032+0000] {processor.py:839} INFO - DAG(s) dict_keys(['example_time_delta_sensor_async']) retrieved from /usr/local/lib/python3.10/dist-packages/airflow/example_dags/example_time_delta_sensor_async.py
[2023-11-07T19:42:49.054+0000] {logging_mixin.py:154} INFO - [2023-11-07T19:42:49.053+0000] {dag.py:2941} INFO - Sync 1 DAGs
[2023-11-07T19:42:49.067+0000] {logging_mixin.py:154} INFO - [2023-11-07T19:42:49.066+0000] {dag.py:3722} INFO - Setting next_dagrun for example_time_delta_sensor_async to None, run_after=None
[2023-11-07T19:42:49.089+0000] {processor.py:179} INFO - Processing /usr/local/lib/python3.10/dist-packages/airflow/example_dags/example_time_delta_sensor_async.py took 0.075 seconds
[2023-11-07T19:43:39.248+0000] {processor.py:157} INFO - Started process (PID=4294) to work on /usr/local/lib/python3.10/dist-packages/airflow/example_dags/example_time_delta_sensor_async.py
[2023-11-07T19:43:39.249+0000] {processor.py:829} INFO - Processing file /usr/local/lib/python3.10/dist-packages/airflow/example_dags/example_time_delta_sensor_async.py for tasks to queue
[2023-11-07T19:43:39.250+0000] {logging_mixin.py:154} INFO - [2023-11-07T19:43:39.249+0000] {dagbag.py:536} INFO - Filling up the DagBag from /usr/local/lib/python3.10/dist-packages/airflow/example_dags/example_time_delta_sensor_async.py
[2023-11-07T19:43:39.254+0000] {processor.py:839} INFO - DAG(s) dict_keys(['example_time_delta_sensor_async']) retrieved from /usr/local/lib/python3.10/dist-packages/airflow/example_dags/example_time_delta_sensor_async.py
[2023-11-07T19:43:39.271+0000] {logging_mixin.py:154} INFO - [2023-11-07T19:43:39.271+0000] {dag.py:2941} INFO - Sync 1 DAGs
[2023-11-07T19:43:39.282+0000] {logging_mixin.py:154} INFO - [2023-11-07T19:43:39.282+0000] {dag.py:3722} INFO - Setting next_dagrun for example_time_delta_sensor_async to None, run_after=None
[2023-11-07T19:43:39.307+0000] {processor.py:179} INFO - Processing /usr/local/lib/python3.10/dist-packages/airflow/example_dags/example_time_delta_sensor_async.py took 0.062 seconds
[2023-11-07T19:44:29.722+0000] {processor.py:157} INFO - Started process (PID=4345) to work on /usr/local/lib/python3.10/dist-packages/airflow/example_dags/example_time_delta_sensor_async.py
[2023-11-07T19:44:29.723+0000] {processor.py:829} INFO - Processing file /usr/local/lib/python3.10/dist-packages/airflow/example_dags/example_time_delta_sensor_async.py for tasks to queue
[2023-11-07T19:44:29.724+0000] {logging_mixin.py:154} INFO - [2023-11-07T19:44:29.723+0000] {dagbag.py:536} INFO - Filling up the DagBag from /usr/local/lib/python3.10/dist-packages/airflow/example_dags/example_time_delta_sensor_async.py
[2023-11-07T19:44:29.729+0000] {processor.py:839} INFO - DAG(s) dict_keys(['example_time_delta_sensor_async']) retrieved from /usr/local/lib/python3.10/dist-packages/airflow/example_dags/example_time_delta_sensor_async.py
[2023-11-07T19:44:29.746+0000] {logging_mixin.py:154} INFO - [2023-11-07T19:44:29.746+0000] {dag.py:2941} INFO - Sync 1 DAGs
[2023-11-07T19:44:29.763+0000] {logging_mixin.py:154} INFO - [2023-11-07T19:44:29.763+0000] {dag.py:3722} INFO - Setting next_dagrun for example_time_delta_sensor_async to None, run_after=None
[2023-11-07T19:44:29.790+0000] {processor.py:179} INFO - Processing /usr/local/lib/python3.10/dist-packages/airflow/example_dags/example_time_delta_sensor_async.py took 0.072 seconds
[2023-11-07T19:45:23.726+0000] {processor.py:157} INFO - Started process (PID=4398) to work on /usr/local/lib/python3.10/dist-packages/airflow/example_dags/example_time_delta_sensor_async.py
[2023-11-07T19:45:23.727+0000] {processor.py:829} INFO - Processing file /usr/local/lib/python3.10/dist-packages/airflow/example_dags/example_time_delta_sensor_async.py for tasks to queue
[2023-11-07T19:45:23.728+0000] {logging_mixin.py:154} INFO - [2023-11-07T19:45:23.727+0000] {dagbag.py:536} INFO - Filling up the DagBag from /usr/local/lib/python3.10/dist-packages/airflow/example_dags/example_time_delta_sensor_async.py
[2023-11-07T19:45:23.733+0000] {processor.py:839} INFO - DAG(s) dict_keys(['example_time_delta_sensor_async']) retrieved from /usr/local/lib/python3.10/dist-packages/airflow/example_dags/example_time_delta_sensor_async.py
[2023-11-07T19:45:23.750+0000] {logging_mixin.py:154} INFO - [2023-11-07T19:45:23.750+0000] {dag.py:2941} INFO - Sync 1 DAGs
[2023-11-07T19:45:23.762+0000] {logging_mixin.py:154} INFO - [2023-11-07T19:45:23.761+0000] {dag.py:3722} INFO - Setting next_dagrun for example_time_delta_sensor_async to None, run_after=None
[2023-11-07T19:45:23.784+0000] {processor.py:179} INFO - Processing /usr/local/lib/python3.10/dist-packages/airflow/example_dags/example_time_delta_sensor_async.py took 0.061 seconds
[2023-11-07T19:46:18.562+0000] {processor.py:157} INFO - Started process (PID=4452) to work on /usr/local/lib/python3.10/dist-packages/airflow/example_dags/example_time_delta_sensor_async.py
[2023-11-07T19:46:18.564+0000] {processor.py:829} INFO - Processing file /usr/local/lib/python3.10/dist-packages/airflow/example_dags/example_time_delta_sensor_async.py for tasks to queue
[2023-11-07T19:46:18.564+0000] {logging_mixin.py:154} INFO - [2023-11-07T19:46:18.564+0000] {dagbag.py:536} INFO - Filling up the DagBag from /usr/local/lib/python3.10/dist-packages/airflow/example_dags/example_time_delta_sensor_async.py
[2023-11-07T19:46:18.570+0000] {processor.py:839} INFO - DAG(s) dict_keys(['example_time_delta_sensor_async']) retrieved from /usr/local/lib/python3.10/dist-packages/airflow/example_dags/example_time_delta_sensor_async.py
[2023-11-07T19:46:18.589+0000] {logging_mixin.py:154} INFO - [2023-11-07T19:46:18.589+0000] {dag.py:2941} INFO - Sync 1 DAGs
[2023-11-07T19:46:18.602+0000] {logging_mixin.py:154} INFO - [2023-11-07T19:46:18.602+0000] {dag.py:3722} INFO - Setting next_dagrun for example_time_delta_sensor_async to None, run_after=None
[2023-11-07T19:46:18.628+0000] {processor.py:179} INFO - Processing /usr/local/lib/python3.10/dist-packages/airflow/example_dags/example_time_delta_sensor_async.py took 0.069 seconds
[2023-11-07T19:47:09.014+0000] {processor.py:157} INFO - Started process (PID=4503) to work on /usr/local/lib/python3.10/dist-packages/airflow/example_dags/example_time_delta_sensor_async.py
[2023-11-07T19:47:09.015+0000] {processor.py:829} INFO - Processing file /usr/local/lib/python3.10/dist-packages/airflow/example_dags/example_time_delta_sensor_async.py for tasks to queue
[2023-11-07T19:47:09.016+0000] {logging_mixin.py:154} INFO - [2023-11-07T19:47:09.015+0000] {dagbag.py:536} INFO - Filling up the DagBag from /usr/local/lib/python3.10/dist-packages/airflow/example_dags/example_time_delta_sensor_async.py
[2023-11-07T19:47:09.020+0000] {processor.py:839} INFO - DAG(s) dict_keys(['example_time_delta_sensor_async']) retrieved from /usr/local/lib/python3.10/dist-packages/airflow/example_dags/example_time_delta_sensor_async.py
[2023-11-07T19:47:09.039+0000] {logging_mixin.py:154} INFO - [2023-11-07T19:47:09.039+0000] {dag.py:2941} INFO - Sync 1 DAGs
[2023-11-07T19:47:09.050+0000] {logging_mixin.py:154} INFO - [2023-11-07T19:47:09.050+0000] {dag.py:3722} INFO - Setting next_dagrun for example_time_delta_sensor_async to None, run_after=None
[2023-11-07T19:47:09.077+0000] {processor.py:179} INFO - Processing /usr/local/lib/python3.10/dist-packages/airflow/example_dags/example_time_delta_sensor_async.py took 0.067 seconds
[2023-11-07T19:48:00.354+0000] {processor.py:157} INFO - Started process (PID=4556) to work on /usr/local/lib/python3.10/dist-packages/airflow/example_dags/example_time_delta_sensor_async.py
[2023-11-07T19:48:00.357+0000] {processor.py:829} INFO - Processing file /usr/local/lib/python3.10/dist-packages/airflow/example_dags/example_time_delta_sensor_async.py for tasks to queue
[2023-11-07T19:48:00.358+0000] {logging_mixin.py:154} INFO - [2023-11-07T19:48:00.358+0000] {dagbag.py:536} INFO - Filling up the DagBag from /usr/local/lib/python3.10/dist-packages/airflow/example_dags/example_time_delta_sensor_async.py
[2023-11-07T19:48:00.363+0000] {processor.py:839} INFO - DAG(s) dict_keys(['example_time_delta_sensor_async']) retrieved from /usr/local/lib/python3.10/dist-packages/airflow/example_dags/example_time_delta_sensor_async.py
[2023-11-07T19:48:00.386+0000] {logging_mixin.py:154} INFO - [2023-11-07T19:48:00.386+0000] {dag.py:2941} INFO - Sync 1 DAGs
[2023-11-07T19:48:00.400+0000] {logging_mixin.py:154} INFO - [2023-11-07T19:48:00.400+0000] {dag.py:3722} INFO - Setting next_dagrun for example_time_delta_sensor_async to None, run_after=None
[2023-11-07T19:48:00.442+0000] {processor.py:179} INFO - Processing /usr/local/lib/python3.10/dist-packages/airflow/example_dags/example_time_delta_sensor_async.py took 0.093 seconds
[2023-11-07T19:48:49.882+0000] {processor.py:157} INFO - Started process (PID=4607) to work on /usr/local/lib/python3.10/dist-packages/airflow/example_dags/example_time_delta_sensor_async.py
[2023-11-07T19:48:49.883+0000] {processor.py:829} INFO - Processing file /usr/local/lib/python3.10/dist-packages/airflow/example_dags/example_time_delta_sensor_async.py for tasks to queue
[2023-11-07T19:48:49.884+0000] {logging_mixin.py:154} INFO - [2023-11-07T19:48:49.884+0000] {dagbag.py:536} INFO - Filling up the DagBag from /usr/local/lib/python3.10/dist-packages/airflow/example_dags/example_time_delta_sensor_async.py
[2023-11-07T19:48:49.889+0000] {processor.py:839} INFO - DAG(s) dict_keys(['example_time_delta_sensor_async']) retrieved from /usr/local/lib/python3.10/dist-packages/airflow/example_dags/example_time_delta_sensor_async.py
[2023-11-07T19:48:49.906+0000] {logging_mixin.py:154} INFO - [2023-11-07T19:48:49.905+0000] {dag.py:2941} INFO - Sync 1 DAGs
[2023-11-07T19:48:49.917+0000] {logging_mixin.py:154} INFO - [2023-11-07T19:48:49.917+0000] {dag.py:3722} INFO - Setting next_dagrun for example_time_delta_sensor_async to None, run_after=None
[2023-11-07T19:48:49.939+0000] {processor.py:179} INFO - Processing /usr/local/lib/python3.10/dist-packages/airflow/example_dags/example_time_delta_sensor_async.py took 0.060 seconds
[2023-11-07T19:49:36.006+0000] {processor.py:157} INFO - Started process (PID=4656) to work on /usr/local/lib/python3.10/dist-packages/airflow/example_dags/example_time_delta_sensor_async.py
[2023-11-07T19:49:36.007+0000] {processor.py:829} INFO - Processing file /usr/local/lib/python3.10/dist-packages/airflow/example_dags/example_time_delta_sensor_async.py for tasks to queue
[2023-11-07T19:49:36.008+0000] {logging_mixin.py:154} INFO - [2023-11-07T19:49:36.007+0000] {dagbag.py:536} INFO - Filling up the DagBag from /usr/local/lib/python3.10/dist-packages/airflow/example_dags/example_time_delta_sensor_async.py
[2023-11-07T19:49:36.018+0000] {processor.py:839} INFO - DAG(s) dict_keys(['example_time_delta_sensor_async']) retrieved from /usr/local/lib/python3.10/dist-packages/airflow/example_dags/example_time_delta_sensor_async.py
[2023-11-07T19:49:36.044+0000] {logging_mixin.py:154} INFO - [2023-11-07T19:49:36.044+0000] {dag.py:2941} INFO - Sync 1 DAGs
[2023-11-07T19:49:36.055+0000] {logging_mixin.py:154} INFO - [2023-11-07T19:49:36.055+0000] {dag.py:3722} INFO - Setting next_dagrun for example_time_delta_sensor_async to None, run_after=None
[2023-11-07T19:49:36.083+0000] {processor.py:179} INFO - Processing /usr/local/lib/python3.10/dist-packages/airflow/example_dags/example_time_delta_sensor_async.py took 0.092 seconds
[2023-11-07T19:50:25.313+0000] {processor.py:157} INFO - Started process (PID=4706) to work on /usr/local/lib/python3.10/dist-packages/airflow/example_dags/example_time_delta_sensor_async.py
[2023-11-07T19:50:25.316+0000] {processor.py:829} INFO - Processing file /usr/local/lib/python3.10/dist-packages/airflow/example_dags/example_time_delta_sensor_async.py for tasks to queue
[2023-11-07T19:50:25.317+0000] {logging_mixin.py:154} INFO - [2023-11-07T19:50:25.317+0000] {dagbag.py:536} INFO - Filling up the DagBag from /usr/local/lib/python3.10/dist-packages/airflow/example_dags/example_time_delta_sensor_async.py
[2023-11-07T19:50:25.329+0000] {processor.py:839} INFO - DAG(s) dict_keys(['example_time_delta_sensor_async']) retrieved from /usr/local/lib/python3.10/dist-packages/airflow/example_dags/example_time_delta_sensor_async.py
[2023-11-07T19:50:25.364+0000] {logging_mixin.py:154} INFO - [2023-11-07T19:50:25.363+0000] {dag.py:2941} INFO - Sync 1 DAGs
[2023-11-07T19:50:25.385+0000] {logging_mixin.py:154} INFO - [2023-11-07T19:50:25.385+0000] {dag.py:3722} INFO - Setting next_dagrun for example_time_delta_sensor_async to None, run_after=None
[2023-11-07T19:50:25.431+0000] {processor.py:179} INFO - Processing /usr/local/lib/python3.10/dist-packages/airflow/example_dags/example_time_delta_sensor_async.py took 0.127 seconds
[2023-11-07T19:51:17.131+0000] {processor.py:157} INFO - Started process (PID=4758) to work on /usr/local/lib/python3.10/dist-packages/airflow/example_dags/example_time_delta_sensor_async.py
[2023-11-07T19:51:17.132+0000] {processor.py:829} INFO - Processing file /usr/local/lib/python3.10/dist-packages/airflow/example_dags/example_time_delta_sensor_async.py for tasks to queue
[2023-11-07T19:51:17.133+0000] {logging_mixin.py:154} INFO - [2023-11-07T19:51:17.133+0000] {dagbag.py:536} INFO - Filling up the DagBag from /usr/local/lib/python3.10/dist-packages/airflow/example_dags/example_time_delta_sensor_async.py
[2023-11-07T19:51:17.138+0000] {processor.py:839} INFO - DAG(s) dict_keys(['example_time_delta_sensor_async']) retrieved from /usr/local/lib/python3.10/dist-packages/airflow/example_dags/example_time_delta_sensor_async.py
[2023-11-07T19:51:17.154+0000] {logging_mixin.py:154} INFO - [2023-11-07T19:51:17.154+0000] {dag.py:2941} INFO - Sync 1 DAGs
[2023-11-07T19:51:17.166+0000] {logging_mixin.py:154} INFO - [2023-11-07T19:51:17.166+0000] {dag.py:3722} INFO - Setting next_dagrun for example_time_delta_sensor_async to None, run_after=None
[2023-11-07T19:51:17.194+0000] {processor.py:179} INFO - Processing /usr/local/lib/python3.10/dist-packages/airflow/example_dags/example_time_delta_sensor_async.py took 0.066 seconds
[2023-11-07T19:52:05.679+0000] {processor.py:157} INFO - Started process (PID=4809) to work on /usr/local/lib/python3.10/dist-packages/airflow/example_dags/example_time_delta_sensor_async.py
[2023-11-07T19:52:05.680+0000] {processor.py:829} INFO - Processing file /usr/local/lib/python3.10/dist-packages/airflow/example_dags/example_time_delta_sensor_async.py for tasks to queue
[2023-11-07T19:52:05.681+0000] {logging_mixin.py:154} INFO - [2023-11-07T19:52:05.681+0000] {dagbag.py:536} INFO - Filling up the DagBag from /usr/local/lib/python3.10/dist-packages/airflow/example_dags/example_time_delta_sensor_async.py
[2023-11-07T19:52:05.686+0000] {processor.py:839} INFO - DAG(s) dict_keys(['example_time_delta_sensor_async']) retrieved from /usr/local/lib/python3.10/dist-packages/airflow/example_dags/example_time_delta_sensor_async.py
[2023-11-07T19:52:05.706+0000] {logging_mixin.py:154} INFO - [2023-11-07T19:52:05.706+0000] {dag.py:2941} INFO - Sync 1 DAGs
[2023-11-07T19:52:05.718+0000] {logging_mixin.py:154} INFO - [2023-11-07T19:52:05.718+0000] {dag.py:3722} INFO - Setting next_dagrun for example_time_delta_sensor_async to None, run_after=None
[2023-11-07T19:52:05.740+0000] {processor.py:179} INFO - Processing /usr/local/lib/python3.10/dist-packages/airflow/example_dags/example_time_delta_sensor_async.py took 0.063 seconds
[2023-11-07T19:52:59.102+0000] {processor.py:157} INFO - Started process (PID=4863) to work on /usr/local/lib/python3.10/dist-packages/airflow/example_dags/example_time_delta_sensor_async.py
[2023-11-07T19:52:59.104+0000] {processor.py:829} INFO - Processing file /usr/local/lib/python3.10/dist-packages/airflow/example_dags/example_time_delta_sensor_async.py for tasks to queue
[2023-11-07T19:52:59.104+0000] {logging_mixin.py:154} INFO - [2023-11-07T19:52:59.104+0000] {dagbag.py:536} INFO - Filling up the DagBag from /usr/local/lib/python3.10/dist-packages/airflow/example_dags/example_time_delta_sensor_async.py
[2023-11-07T19:52:59.111+0000] {processor.py:839} INFO - DAG(s) dict_keys(['example_time_delta_sensor_async']) retrieved from /usr/local/lib/python3.10/dist-packages/airflow/example_dags/example_time_delta_sensor_async.py
[2023-11-07T19:52:59.130+0000] {logging_mixin.py:154} INFO - [2023-11-07T19:52:59.130+0000] {dag.py:2941} INFO - Sync 1 DAGs
[2023-11-07T19:52:59.144+0000] {logging_mixin.py:154} INFO - [2023-11-07T19:52:59.143+0000] {dag.py:3722} INFO - Setting next_dagrun for example_time_delta_sensor_async to None, run_after=None
[2023-11-07T19:52:59.177+0000] {processor.py:179} INFO - Processing /usr/local/lib/python3.10/dist-packages/airflow/example_dags/example_time_delta_sensor_async.py took 0.082 seconds
[2023-11-07T19:53:52.800+0000] {processor.py:157} INFO - Started process (PID=4916) to work on /usr/local/lib/python3.10/dist-packages/airflow/example_dags/example_time_delta_sensor_async.py
[2023-11-07T19:53:52.801+0000] {processor.py:829} INFO - Processing file /usr/local/lib/python3.10/dist-packages/airflow/example_dags/example_time_delta_sensor_async.py for tasks to queue
[2023-11-07T19:53:52.802+0000] {logging_mixin.py:154} INFO - [2023-11-07T19:53:52.801+0000] {dagbag.py:536} INFO - Filling up the DagBag from /usr/local/lib/python3.10/dist-packages/airflow/example_dags/example_time_delta_sensor_async.py
[2023-11-07T19:53:52.806+0000] {processor.py:839} INFO - DAG(s) dict_keys(['example_time_delta_sensor_async']) retrieved from /usr/local/lib/python3.10/dist-packages/airflow/example_dags/example_time_delta_sensor_async.py
[2023-11-07T19:53:52.822+0000] {logging_mixin.py:154} INFO - [2023-11-07T19:53:52.822+0000] {dag.py:2941} INFO - Sync 1 DAGs
[2023-11-07T19:53:52.833+0000] {logging_mixin.py:154} INFO - [2023-11-07T19:53:52.832+0000] {dag.py:3722} INFO - Setting next_dagrun for example_time_delta_sensor_async to None, run_after=None
[2023-11-07T19:53:52.855+0000] {processor.py:179} INFO - Processing /usr/local/lib/python3.10/dist-packages/airflow/example_dags/example_time_delta_sensor_async.py took 0.058 seconds
[2023-11-07T19:54:44.917+0000] {processor.py:157} INFO - Started process (PID=4969) to work on /usr/local/lib/python3.10/dist-packages/airflow/example_dags/example_time_delta_sensor_async.py
[2023-11-07T19:54:44.918+0000] {processor.py:829} INFO - Processing file /usr/local/lib/python3.10/dist-packages/airflow/example_dags/example_time_delta_sensor_async.py for tasks to queue
[2023-11-07T19:54:44.919+0000] {logging_mixin.py:154} INFO - [2023-11-07T19:54:44.918+0000] {dagbag.py:536} INFO - Filling up the DagBag from /usr/local/lib/python3.10/dist-packages/airflow/example_dags/example_time_delta_sensor_async.py
[2023-11-07T19:54:44.923+0000] {processor.py:839} INFO - DAG(s) dict_keys(['example_time_delta_sensor_async']) retrieved from /usr/local/lib/python3.10/dist-packages/airflow/example_dags/example_time_delta_sensor_async.py
[2023-11-07T19:54:44.941+0000] {logging_mixin.py:154} INFO - [2023-11-07T19:54:44.941+0000] {dag.py:2941} INFO - Sync 1 DAGs
[2023-11-07T19:54:44.953+0000] {logging_mixin.py:154} INFO - [2023-11-07T19:54:44.953+0000] {dag.py:3722} INFO - Setting next_dagrun for example_time_delta_sensor_async to None, run_after=None
[2023-11-07T19:54:44.977+0000] {processor.py:179} INFO - Processing /usr/local/lib/python3.10/dist-packages/airflow/example_dags/example_time_delta_sensor_async.py took 0.063 seconds
[2023-11-07T19:55:36.383+0000] {processor.py:157} INFO - Started process (PID=5020) to work on /usr/local/lib/python3.10/dist-packages/airflow/example_dags/example_time_delta_sensor_async.py
[2023-11-07T19:55:36.387+0000] {processor.py:829} INFO - Processing file /usr/local/lib/python3.10/dist-packages/airflow/example_dags/example_time_delta_sensor_async.py for tasks to queue
[2023-11-07T19:55:36.388+0000] {logging_mixin.py:154} INFO - [2023-11-07T19:55:36.387+0000] {dagbag.py:536} INFO - Filling up the DagBag from /usr/local/lib/python3.10/dist-packages/airflow/example_dags/example_time_delta_sensor_async.py
[2023-11-07T19:55:36.396+0000] {processor.py:839} INFO - DAG(s) dict_keys(['example_time_delta_sensor_async']) retrieved from /usr/local/lib/python3.10/dist-packages/airflow/example_dags/example_time_delta_sensor_async.py
[2023-11-07T19:55:36.418+0000] {logging_mixin.py:154} INFO - [2023-11-07T19:55:36.418+0000] {dag.py:2941} INFO - Sync 1 DAGs
[2023-11-07T19:55:36.429+0000] {logging_mixin.py:154} INFO - [2023-11-07T19:55:36.429+0000] {dag.py:3722} INFO - Setting next_dagrun for example_time_delta_sensor_async to None, run_after=None
[2023-11-07T19:55:36.454+0000] {processor.py:179} INFO - Processing /usr/local/lib/python3.10/dist-packages/airflow/example_dags/example_time_delta_sensor_async.py took 0.075 seconds
[2023-11-07T19:56:31.628+0000] {processor.py:157} INFO - Started process (PID=5075) to work on /usr/local/lib/python3.10/dist-packages/airflow/example_dags/example_time_delta_sensor_async.py
[2023-11-07T19:56:31.629+0000] {processor.py:829} INFO - Processing file /usr/local/lib/python3.10/dist-packages/airflow/example_dags/example_time_delta_sensor_async.py for tasks to queue
[2023-11-07T19:56:31.630+0000] {logging_mixin.py:154} INFO - [2023-11-07T19:56:31.629+0000] {dagbag.py:536} INFO - Filling up the DagBag from /usr/local/lib/python3.10/dist-packages/airflow/example_dags/example_time_delta_sensor_async.py
[2023-11-07T19:56:31.634+0000] {processor.py:839} INFO - DAG(s) dict_keys(['example_time_delta_sensor_async']) retrieved from /usr/local/lib/python3.10/dist-packages/airflow/example_dags/example_time_delta_sensor_async.py
[2023-11-07T19:56:31.650+0000] {logging_mixin.py:154} INFO - [2023-11-07T19:56:31.650+0000] {dag.py:2941} INFO - Sync 1 DAGs
[2023-11-07T19:56:31.669+0000] {logging_mixin.py:154} INFO - [2023-11-07T19:56:31.668+0000] {dag.py:3722} INFO - Setting next_dagrun for example_time_delta_sensor_async to None, run_after=None
[2023-11-07T19:56:31.692+0000] {processor.py:179} INFO - Processing /usr/local/lib/python3.10/dist-packages/airflow/example_dags/example_time_delta_sensor_async.py took 0.067 seconds
[2023-11-07T19:57:24.730+0000] {processor.py:157} INFO - Started process (PID=5127) to work on /usr/local/lib/python3.10/dist-packages/airflow/example_dags/example_time_delta_sensor_async.py
[2023-11-07T19:57:24.731+0000] {processor.py:829} INFO - Processing file /usr/local/lib/python3.10/dist-packages/airflow/example_dags/example_time_delta_sensor_async.py for tasks to queue
[2023-11-07T19:57:24.732+0000] {logging_mixin.py:154} INFO - [2023-11-07T19:57:24.731+0000] {dagbag.py:536} INFO - Filling up the DagBag from /usr/local/lib/python3.10/dist-packages/airflow/example_dags/example_time_delta_sensor_async.py
[2023-11-07T19:57:24.737+0000] {processor.py:839} INFO - DAG(s) dict_keys(['example_time_delta_sensor_async']) retrieved from /usr/local/lib/python3.10/dist-packages/airflow/example_dags/example_time_delta_sensor_async.py
[2023-11-07T19:57:24.757+0000] {logging_mixin.py:154} INFO - [2023-11-07T19:57:24.757+0000] {dag.py:2941} INFO - Sync 1 DAGs
[2023-11-07T19:57:24.779+0000] {logging_mixin.py:154} INFO - [2023-11-07T19:57:24.777+0000] {dag.py:3722} INFO - Setting next_dagrun for example_time_delta_sensor_async to None, run_after=None
[2023-11-07T19:57:24.826+0000] {processor.py:179} INFO - Processing /usr/local/lib/python3.10/dist-packages/airflow/example_dags/example_time_delta_sensor_async.py took 0.100 seconds
[2023-11-07T19:58:13.346+0000] {processor.py:157} INFO - Started process (PID=5178) to work on /usr/local/lib/python3.10/dist-packages/airflow/example_dags/example_time_delta_sensor_async.py
[2023-11-07T19:58:13.348+0000] {processor.py:829} INFO - Processing file /usr/local/lib/python3.10/dist-packages/airflow/example_dags/example_time_delta_sensor_async.py for tasks to queue
[2023-11-07T19:58:13.349+0000] {logging_mixin.py:154} INFO - [2023-11-07T19:58:13.348+0000] {dagbag.py:536} INFO - Filling up the DagBag from /usr/local/lib/python3.10/dist-packages/airflow/example_dags/example_time_delta_sensor_async.py
[2023-11-07T19:58:13.354+0000] {processor.py:839} INFO - DAG(s) dict_keys(['example_time_delta_sensor_async']) retrieved from /usr/local/lib/python3.10/dist-packages/airflow/example_dags/example_time_delta_sensor_async.py
[2023-11-07T19:58:13.372+0000] {logging_mixin.py:154} INFO - [2023-11-07T19:58:13.372+0000] {dag.py:2941} INFO - Sync 1 DAGs
[2023-11-07T19:58:13.385+0000] {logging_mixin.py:154} INFO - [2023-11-07T19:58:13.384+0000] {dag.py:3722} INFO - Setting next_dagrun for example_time_delta_sensor_async to None, run_after=None
[2023-11-07T19:58:13.406+0000] {processor.py:179} INFO - Processing /usr/local/lib/python3.10/dist-packages/airflow/example_dags/example_time_delta_sensor_async.py took 0.063 seconds
[2023-11-07T19:59:03.593+0000] {processor.py:157} INFO - Started process (PID=5228) to work on /usr/local/lib/python3.10/dist-packages/airflow/example_dags/example_time_delta_sensor_async.py
[2023-11-07T19:59:03.597+0000] {processor.py:829} INFO - Processing file /usr/local/lib/python3.10/dist-packages/airflow/example_dags/example_time_delta_sensor_async.py for tasks to queue
[2023-11-07T19:59:03.598+0000] {logging_mixin.py:154} INFO - [2023-11-07T19:59:03.598+0000] {dagbag.py:536} INFO - Filling up the DagBag from /usr/local/lib/python3.10/dist-packages/airflow/example_dags/example_time_delta_sensor_async.py
[2023-11-07T19:59:03.608+0000] {processor.py:839} INFO - DAG(s) dict_keys(['example_time_delta_sensor_async']) retrieved from /usr/local/lib/python3.10/dist-packages/airflow/example_dags/example_time_delta_sensor_async.py
[2023-11-07T19:59:03.659+0000] {logging_mixin.py:154} INFO - [2023-11-07T19:59:03.656+0000] {dag.py:2941} INFO - Sync 1 DAGs
[2023-11-07T19:59:03.679+0000] {logging_mixin.py:154} INFO - [2023-11-07T19:59:03.678+0000] {dag.py:3722} INFO - Setting next_dagrun for example_time_delta_sensor_async to None, run_after=None
[2023-11-07T19:59:03.711+0000] {processor.py:179} INFO - Processing /usr/local/lib/python3.10/dist-packages/airflow/example_dags/example_time_delta_sensor_async.py took 0.128 seconds
[2023-11-07T19:59:53.224+0000] {processor.py:157} INFO - Started process (PID=5278) to work on /usr/local/lib/python3.10/dist-packages/airflow/example_dags/example_time_delta_sensor_async.py
[2023-11-07T19:59:53.225+0000] {processor.py:829} INFO - Processing file /usr/local/lib/python3.10/dist-packages/airflow/example_dags/example_time_delta_sensor_async.py for tasks to queue
[2023-11-07T19:59:53.226+0000] {logging_mixin.py:154} INFO - [2023-11-07T19:59:53.225+0000] {dagbag.py:536} INFO - Filling up the DagBag from /usr/local/lib/python3.10/dist-packages/airflow/example_dags/example_time_delta_sensor_async.py
[2023-11-07T19:59:53.231+0000] {processor.py:839} INFO - DAG(s) dict_keys(['example_time_delta_sensor_async']) retrieved from /usr/local/lib/python3.10/dist-packages/airflow/example_dags/example_time_delta_sensor_async.py
[2023-11-07T19:59:53.250+0000] {logging_mixin.py:154} INFO - [2023-11-07T19:59:53.250+0000] {dag.py:2941} INFO - Sync 1 DAGs
[2023-11-07T19:59:53.262+0000] {logging_mixin.py:154} INFO - [2023-11-07T19:59:53.262+0000] {dag.py:3722} INFO - Setting next_dagrun for example_time_delta_sensor_async to None, run_after=None
[2023-11-07T19:59:53.284+0000] {processor.py:179} INFO - Processing /usr/local/lib/python3.10/dist-packages/airflow/example_dags/example_time_delta_sensor_async.py took 0.064 seconds
[2023-11-07T20:00:48.237+0000] {processor.py:157} INFO - Started process (PID=5333) to work on /usr/local/lib/python3.10/dist-packages/airflow/example_dags/example_time_delta_sensor_async.py
[2023-11-07T20:00:48.238+0000] {processor.py:829} INFO - Processing file /usr/local/lib/python3.10/dist-packages/airflow/example_dags/example_time_delta_sensor_async.py for tasks to queue
[2023-11-07T20:00:48.239+0000] {logging_mixin.py:154} INFO - [2023-11-07T20:00:48.239+0000] {dagbag.py:536} INFO - Filling up the DagBag from /usr/local/lib/python3.10/dist-packages/airflow/example_dags/example_time_delta_sensor_async.py
[2023-11-07T20:00:48.244+0000] {processor.py:839} INFO - DAG(s) dict_keys(['example_time_delta_sensor_async']) retrieved from /usr/local/lib/python3.10/dist-packages/airflow/example_dags/example_time_delta_sensor_async.py
[2023-11-07T20:00:48.267+0000] {logging_mixin.py:154} INFO - [2023-11-07T20:00:48.267+0000] {dag.py:2941} INFO - Sync 1 DAGs
[2023-11-07T20:00:48.281+0000] {logging_mixin.py:154} INFO - [2023-11-07T20:00:48.281+0000] {dag.py:3722} INFO - Setting next_dagrun for example_time_delta_sensor_async to None, run_after=None
[2023-11-07T20:00:48.305+0000] {processor.py:179} INFO - Processing /usr/local/lib/python3.10/dist-packages/airflow/example_dags/example_time_delta_sensor_async.py took 0.072 seconds
[2023-11-07T20:01:37.559+0000] {processor.py:157} INFO - Started process (PID=5384) to work on /usr/local/lib/python3.10/dist-packages/airflow/example_dags/example_time_delta_sensor_async.py
[2023-11-07T20:01:37.560+0000] {processor.py:829} INFO - Processing file /usr/local/lib/python3.10/dist-packages/airflow/example_dags/example_time_delta_sensor_async.py for tasks to queue
[2023-11-07T20:01:37.562+0000] {logging_mixin.py:154} INFO - [2023-11-07T20:01:37.561+0000] {dagbag.py:536} INFO - Filling up the DagBag from /usr/local/lib/python3.10/dist-packages/airflow/example_dags/example_time_delta_sensor_async.py
[2023-11-07T20:01:37.568+0000] {processor.py:839} INFO - DAG(s) dict_keys(['example_time_delta_sensor_async']) retrieved from /usr/local/lib/python3.10/dist-packages/airflow/example_dags/example_time_delta_sensor_async.py
[2023-11-07T20:01:37.592+0000] {logging_mixin.py:154} INFO - [2023-11-07T20:01:37.592+0000] {dag.py:2941} INFO - Sync 1 DAGs
[2023-11-07T20:01:37.603+0000] {logging_mixin.py:154} INFO - [2023-11-07T20:01:37.603+0000] {dag.py:3722} INFO - Setting next_dagrun for example_time_delta_sensor_async to None, run_after=None
[2023-11-07T20:01:37.625+0000] {processor.py:179} INFO - Processing /usr/local/lib/python3.10/dist-packages/airflow/example_dags/example_time_delta_sensor_async.py took 0.069 seconds
[2023-11-07T20:02:20.511+0000] {processor.py:157} INFO - Started process (PID=5428) to work on /usr/local/lib/python3.10/dist-packages/airflow/example_dags/example_time_delta_sensor_async.py
[2023-11-07T20:02:20.512+0000] {processor.py:829} INFO - Processing file /usr/local/lib/python3.10/dist-packages/airflow/example_dags/example_time_delta_sensor_async.py for tasks to queue
[2023-11-07T20:02:20.513+0000] {logging_mixin.py:154} INFO - [2023-11-07T20:02:20.513+0000] {dagbag.py:536} INFO - Filling up the DagBag from /usr/local/lib/python3.10/dist-packages/airflow/example_dags/example_time_delta_sensor_async.py
[2023-11-07T20:02:20.521+0000] {processor.py:839} INFO - DAG(s) dict_keys(['example_time_delta_sensor_async']) retrieved from /usr/local/lib/python3.10/dist-packages/airflow/example_dags/example_time_delta_sensor_async.py
[2023-11-07T20:02:20.541+0000] {logging_mixin.py:154} INFO - [2023-11-07T20:02:20.540+0000] {dag.py:2941} INFO - Sync 1 DAGs
[2023-11-07T20:02:20.558+0000] {logging_mixin.py:154} INFO - [2023-11-07T20:02:20.558+0000] {dag.py:3722} INFO - Setting next_dagrun for example_time_delta_sensor_async to None, run_after=None
[2023-11-07T20:02:20.587+0000] {processor.py:179} INFO - Processing /usr/local/lib/python3.10/dist-packages/airflow/example_dags/example_time_delta_sensor_async.py took 0.079 seconds
[2023-11-07T20:03:09.766+0000] {processor.py:157} INFO - Started process (PID=5480) to work on /usr/local/lib/python3.10/dist-packages/airflow/example_dags/example_time_delta_sensor_async.py
[2023-11-07T20:03:09.767+0000] {processor.py:829} INFO - Processing file /usr/local/lib/python3.10/dist-packages/airflow/example_dags/example_time_delta_sensor_async.py for tasks to queue
[2023-11-07T20:03:09.767+0000] {logging_mixin.py:154} INFO - [2023-11-07T20:03:09.767+0000] {dagbag.py:536} INFO - Filling up the DagBag from /usr/local/lib/python3.10/dist-packages/airflow/example_dags/example_time_delta_sensor_async.py
[2023-11-07T20:03:09.772+0000] {processor.py:839} INFO - DAG(s) dict_keys(['example_time_delta_sensor_async']) retrieved from /usr/local/lib/python3.10/dist-packages/airflow/example_dags/example_time_delta_sensor_async.py
[2023-11-07T20:03:09.794+0000] {logging_mixin.py:154} INFO - [2023-11-07T20:03:09.793+0000] {dag.py:2941} INFO - Sync 1 DAGs
[2023-11-07T20:03:09.807+0000] {logging_mixin.py:154} INFO - [2023-11-07T20:03:09.806+0000] {dag.py:3722} INFO - Setting next_dagrun for example_time_delta_sensor_async to None, run_after=None
[2023-11-07T20:03:09.829+0000] {processor.py:179} INFO - Processing /usr/local/lib/python3.10/dist-packages/airflow/example_dags/example_time_delta_sensor_async.py took 0.066 seconds
[2023-11-07T20:04:00.079+0000] {processor.py:157} INFO - Started process (PID=5531) to work on /usr/local/lib/python3.10/dist-packages/airflow/example_dags/example_time_delta_sensor_async.py
[2023-11-07T20:04:00.080+0000] {processor.py:829} INFO - Processing file /usr/local/lib/python3.10/dist-packages/airflow/example_dags/example_time_delta_sensor_async.py for tasks to queue
[2023-11-07T20:04:00.081+0000] {logging_mixin.py:154} INFO - [2023-11-07T20:04:00.080+0000] {dagbag.py:536} INFO - Filling up the DagBag from /usr/local/lib/python3.10/dist-packages/airflow/example_dags/example_time_delta_sensor_async.py
[2023-11-07T20:04:00.086+0000] {processor.py:839} INFO - DAG(s) dict_keys(['example_time_delta_sensor_async']) retrieved from /usr/local/lib/python3.10/dist-packages/airflow/example_dags/example_time_delta_sensor_async.py
[2023-11-07T20:04:00.102+0000] {logging_mixin.py:154} INFO - [2023-11-07T20:04:00.102+0000] {dag.py:2941} INFO - Sync 1 DAGs
[2023-11-07T20:04:00.112+0000] {logging_mixin.py:154} INFO - [2023-11-07T20:04:00.112+0000] {dag.py:3722} INFO - Setting next_dagrun for example_time_delta_sensor_async to None, run_after=None
[2023-11-07T20:04:00.133+0000] {processor.py:179} INFO - Processing /usr/local/lib/python3.10/dist-packages/airflow/example_dags/example_time_delta_sensor_async.py took 0.058 seconds
[2023-11-07T20:04:46.952+0000] {processor.py:157} INFO - Started process (PID=5581) to work on /usr/local/lib/python3.10/dist-packages/airflow/example_dags/example_time_delta_sensor_async.py
[2023-11-07T20:04:46.953+0000] {processor.py:829} INFO - Processing file /usr/local/lib/python3.10/dist-packages/airflow/example_dags/example_time_delta_sensor_async.py for tasks to queue
[2023-11-07T20:04:46.954+0000] {logging_mixin.py:154} INFO - [2023-11-07T20:04:46.954+0000] {dagbag.py:536} INFO - Filling up the DagBag from /usr/local/lib/python3.10/dist-packages/airflow/example_dags/example_time_delta_sensor_async.py
[2023-11-07T20:04:46.958+0000] {processor.py:839} INFO - DAG(s) dict_keys(['example_time_delta_sensor_async']) retrieved from /usr/local/lib/python3.10/dist-packages/airflow/example_dags/example_time_delta_sensor_async.py
[2023-11-07T20:04:46.985+0000] {logging_mixin.py:154} INFO - [2023-11-07T20:04:46.985+0000] {dag.py:2941} INFO - Sync 1 DAGs
[2023-11-07T20:04:46.996+0000] {logging_mixin.py:154} INFO - [2023-11-07T20:04:46.996+0000] {dag.py:3722} INFO - Setting next_dagrun for example_time_delta_sensor_async to None, run_after=None
[2023-11-07T20:04:47.018+0000] {processor.py:179} INFO - Processing /usr/local/lib/python3.10/dist-packages/airflow/example_dags/example_time_delta_sensor_async.py took 0.069 seconds
[2023-11-07T20:05:37.771+0000] {processor.py:157} INFO - Started process (PID=5632) to work on /usr/local/lib/python3.10/dist-packages/airflow/example_dags/example_time_delta_sensor_async.py
[2023-11-07T20:05:37.772+0000] {processor.py:829} INFO - Processing file /usr/local/lib/python3.10/dist-packages/airflow/example_dags/example_time_delta_sensor_async.py for tasks to queue
[2023-11-07T20:05:37.773+0000] {logging_mixin.py:154} INFO - [2023-11-07T20:05:37.773+0000] {dagbag.py:536} INFO - Filling up the DagBag from /usr/local/lib/python3.10/dist-packages/airflow/example_dags/example_time_delta_sensor_async.py
[2023-11-07T20:05:37.778+0000] {processor.py:839} INFO - DAG(s) dict_keys(['example_time_delta_sensor_async']) retrieved from /usr/local/lib/python3.10/dist-packages/airflow/example_dags/example_time_delta_sensor_async.py
[2023-11-07T20:05:37.796+0000] {logging_mixin.py:154} INFO - [2023-11-07T20:05:37.796+0000] {dag.py:2941} INFO - Sync 1 DAGs
[2023-11-07T20:05:37.809+0000] {logging_mixin.py:154} INFO - [2023-11-07T20:05:37.808+0000] {dag.py:3722} INFO - Setting next_dagrun for example_time_delta_sensor_async to None, run_after=None
[2023-11-07T20:05:37.833+0000] {processor.py:179} INFO - Processing /usr/local/lib/python3.10/dist-packages/airflow/example_dags/example_time_delta_sensor_async.py took 0.065 seconds
[2023-11-07T20:06:27.144+0000] {processor.py:157} INFO - Started process (PID=5683) to work on /usr/local/lib/python3.10/dist-packages/airflow/example_dags/example_time_delta_sensor_async.py
[2023-11-07T20:06:27.145+0000] {processor.py:829} INFO - Processing file /usr/local/lib/python3.10/dist-packages/airflow/example_dags/example_time_delta_sensor_async.py for tasks to queue
[2023-11-07T20:06:27.146+0000] {logging_mixin.py:154} INFO - [2023-11-07T20:06:27.146+0000] {dagbag.py:536} INFO - Filling up the DagBag from /usr/local/lib/python3.10/dist-packages/airflow/example_dags/example_time_delta_sensor_async.py
[2023-11-07T20:06:27.151+0000] {processor.py:839} INFO - DAG(s) dict_keys(['example_time_delta_sensor_async']) retrieved from /usr/local/lib/python3.10/dist-packages/airflow/example_dags/example_time_delta_sensor_async.py
[2023-11-07T20:06:27.169+0000] {logging_mixin.py:154} INFO - [2023-11-07T20:06:27.169+0000] {dag.py:2941} INFO - Sync 1 DAGs
[2023-11-07T20:06:27.180+0000] {logging_mixin.py:154} INFO - [2023-11-07T20:06:27.179+0000] {dag.py:3722} INFO - Setting next_dagrun for example_time_delta_sensor_async to None, run_after=None
[2023-11-07T20:06:27.202+0000] {processor.py:179} INFO - Processing /usr/local/lib/python3.10/dist-packages/airflow/example_dags/example_time_delta_sensor_async.py took 0.062 seconds
[2023-11-07T20:07:18.614+0000] {processor.py:157} INFO - Started process (PID=5735) to work on /usr/local/lib/python3.10/dist-packages/airflow/example_dags/example_time_delta_sensor_async.py
[2023-11-07T20:07:18.615+0000] {processor.py:829} INFO - Processing file /usr/local/lib/python3.10/dist-packages/airflow/example_dags/example_time_delta_sensor_async.py for tasks to queue
[2023-11-07T20:07:18.616+0000] {logging_mixin.py:154} INFO - [2023-11-07T20:07:18.615+0000] {dagbag.py:536} INFO - Filling up the DagBag from /usr/local/lib/python3.10/dist-packages/airflow/example_dags/example_time_delta_sensor_async.py
[2023-11-07T20:07:18.621+0000] {processor.py:839} INFO - DAG(s) dict_keys(['example_time_delta_sensor_async']) retrieved from /usr/local/lib/python3.10/dist-packages/airflow/example_dags/example_time_delta_sensor_async.py
[2023-11-07T20:07:18.639+0000] {logging_mixin.py:154} INFO - [2023-11-07T20:07:18.639+0000] {dag.py:2941} INFO - Sync 1 DAGs
[2023-11-07T20:07:18.652+0000] {logging_mixin.py:154} INFO - [2023-11-07T20:07:18.652+0000] {dag.py:3722} INFO - Setting next_dagrun for example_time_delta_sensor_async to None, run_after=None
[2023-11-07T20:07:18.675+0000] {processor.py:179} INFO - Processing /usr/local/lib/python3.10/dist-packages/airflow/example_dags/example_time_delta_sensor_async.py took 0.065 seconds
