[2023-11-07T19:31:33.721+0000] {processor.py:157} INFO - Started process (PID=3553) to work on /usr/local/lib/python3.10/dist-packages/airflow/example_dags/example_short_circuit_operator.py
[2023-11-07T19:31:33.722+0000] {processor.py:829} INFO - Processing file /usr/local/lib/python3.10/dist-packages/airflow/example_dags/example_short_circuit_operator.py for tasks to queue
[2023-11-07T19:31:33.723+0000] {logging_mixin.py:154} INFO - [2023-11-07T19:31:33.722+0000] {dagbag.py:536} INFO - Filling up the DagBag from /usr/local/lib/python3.10/dist-packages/airflow/example_dags/example_short_circuit_operator.py
[2023-11-07T19:31:33.738+0000] {processor.py:839} INFO - DAG(s) dict_keys(['example_short_circuit_operator']) retrieved from /usr/local/lib/python3.10/dist-packages/airflow/example_dags/example_short_circuit_operator.py
[2023-11-07T19:31:33.844+0000] {logging_mixin.py:154} INFO - [2023-11-07T19:31:33.844+0000] {manager.py:499} INFO - Created Permission View: %s
[2023-11-07T19:31:33.857+0000] {logging_mixin.py:154} INFO - [2023-11-07T19:31:33.857+0000] {manager.py:499} INFO - Created Permission View: %s
[2023-11-07T19:31:33.866+0000] {logging_mixin.py:154} INFO - [2023-11-07T19:31:33.866+0000] {manager.py:499} INFO - Created Permission View: %s
[2023-11-07T19:31:33.867+0000] {logging_mixin.py:154} INFO - [2023-11-07T19:31:33.866+0000] {dag.py:2941} INFO - Sync 1 DAGs
[2023-11-07T19:31:33.879+0000] {logging_mixin.py:154} INFO - [2023-11-07T19:31:33.879+0000] {dag.py:2963} INFO - Creating ORM DAG for example_short_circuit_operator
[2023-11-07T19:31:33.889+0000] {logging_mixin.py:154} INFO - [2023-11-07T19:31:33.889+0000] {dag.py:3722} INFO - Setting next_dagrun for example_short_circuit_operator to 2023-11-06T19:31:33.888910+00:00, run_after=2023-11-07T19:31:33.888910+00:00
[2023-11-07T19:31:33.913+0000] {processor.py:179} INFO - Processing /usr/local/lib/python3.10/dist-packages/airflow/example_dags/example_short_circuit_operator.py took 0.195 seconds
[2023-11-07T19:32:27.177+0000] {processor.py:157} INFO - Started process (PID=3600) to work on /usr/local/lib/python3.10/dist-packages/airflow/example_dags/example_short_circuit_operator.py
[2023-11-07T19:32:27.178+0000] {processor.py:829} INFO - Processing file /usr/local/lib/python3.10/dist-packages/airflow/example_dags/example_short_circuit_operator.py for tasks to queue
[2023-11-07T19:32:27.179+0000] {logging_mixin.py:154} INFO - [2023-11-07T19:32:27.179+0000] {dagbag.py:536} INFO - Filling up the DagBag from /usr/local/lib/python3.10/dist-packages/airflow/example_dags/example_short_circuit_operator.py
[2023-11-07T19:32:27.188+0000] {processor.py:839} INFO - DAG(s) dict_keys(['example_short_circuit_operator']) retrieved from /usr/local/lib/python3.10/dist-packages/airflow/example_dags/example_short_circuit_operator.py
[2023-11-07T19:32:27.211+0000] {logging_mixin.py:154} INFO - [2023-11-07T19:32:27.210+0000] {dag.py:2941} INFO - Sync 1 DAGs
[2023-11-07T19:32:27.234+0000] {logging_mixin.py:154} INFO - [2023-11-07T19:32:27.234+0000] {dag.py:3722} INFO - Setting next_dagrun for example_short_circuit_operator to 2023-11-06T19:32:27.234376+00:00, run_after=2023-11-07T19:32:27.234376+00:00
[2023-11-07T19:32:27.255+0000] {processor.py:179} INFO - Processing /usr/local/lib/python3.10/dist-packages/airflow/example_dags/example_short_circuit_operator.py took 0.082 seconds
[2023-11-07T19:33:07.805+0000] {processor.py:157} INFO - Started process (PID=3641) to work on /usr/local/lib/python3.10/dist-packages/airflow/example_dags/example_short_circuit_operator.py
[2023-11-07T19:33:07.806+0000] {processor.py:829} INFO - Processing file /usr/local/lib/python3.10/dist-packages/airflow/example_dags/example_short_circuit_operator.py for tasks to queue
[2023-11-07T19:33:07.807+0000] {logging_mixin.py:154} INFO - [2023-11-07T19:33:07.806+0000] {dagbag.py:536} INFO - Filling up the DagBag from /usr/local/lib/python3.10/dist-packages/airflow/example_dags/example_short_circuit_operator.py
[2023-11-07T19:33:07.818+0000] {processor.py:839} INFO - DAG(s) dict_keys(['example_short_circuit_operator']) retrieved from /usr/local/lib/python3.10/dist-packages/airflow/example_dags/example_short_circuit_operator.py
[2023-11-07T19:33:07.846+0000] {logging_mixin.py:154} INFO - [2023-11-07T19:33:07.845+0000] {dag.py:2941} INFO - Sync 1 DAGs
[2023-11-07T19:33:07.867+0000] {logging_mixin.py:154} INFO - [2023-11-07T19:33:07.867+0000] {dag.py:3722} INFO - Setting next_dagrun for example_short_circuit_operator to 2023-11-06T19:33:07.867100+00:00, run_after=2023-11-07T19:33:07.867100+00:00
[2023-11-07T19:33:07.889+0000] {processor.py:179} INFO - Processing /usr/local/lib/python3.10/dist-packages/airflow/example_dags/example_short_circuit_operator.py took 0.087 seconds
[2023-11-07T19:33:53.224+0000] {processor.py:157} INFO - Started process (PID=3688) to work on /usr/local/lib/python3.10/dist-packages/airflow/example_dags/example_short_circuit_operator.py
[2023-11-07T19:33:53.226+0000] {processor.py:829} INFO - Processing file /usr/local/lib/python3.10/dist-packages/airflow/example_dags/example_short_circuit_operator.py for tasks to queue
[2023-11-07T19:33:53.227+0000] {logging_mixin.py:154} INFO - [2023-11-07T19:33:53.226+0000] {dagbag.py:536} INFO - Filling up the DagBag from /usr/local/lib/python3.10/dist-packages/airflow/example_dags/example_short_circuit_operator.py
[2023-11-07T19:33:53.237+0000] {processor.py:839} INFO - DAG(s) dict_keys(['example_short_circuit_operator']) retrieved from /usr/local/lib/python3.10/dist-packages/airflow/example_dags/example_short_circuit_operator.py
[2023-11-07T19:33:53.276+0000] {logging_mixin.py:154} INFO - [2023-11-07T19:33:53.275+0000] {dag.py:2941} INFO - Sync 1 DAGs
[2023-11-07T19:33:53.300+0000] {logging_mixin.py:154} INFO - [2023-11-07T19:33:53.299+0000] {dag.py:3722} INFO - Setting next_dagrun for example_short_circuit_operator to 2023-11-06T19:33:53.299543+00:00, run_after=2023-11-07T19:33:53.299543+00:00
[2023-11-07T19:33:53.324+0000] {processor.py:179} INFO - Processing /usr/local/lib/python3.10/dist-packages/airflow/example_dags/example_short_circuit_operator.py took 0.104 seconds
[2023-11-07T19:34:39.644+0000] {processor.py:157} INFO - Started process (PID=3736) to work on /usr/local/lib/python3.10/dist-packages/airflow/example_dags/example_short_circuit_operator.py
[2023-11-07T19:34:39.645+0000] {processor.py:829} INFO - Processing file /usr/local/lib/python3.10/dist-packages/airflow/example_dags/example_short_circuit_operator.py for tasks to queue
[2023-11-07T19:34:39.646+0000] {logging_mixin.py:154} INFO - [2023-11-07T19:34:39.646+0000] {dagbag.py:536} INFO - Filling up the DagBag from /usr/local/lib/python3.10/dist-packages/airflow/example_dags/example_short_circuit_operator.py
[2023-11-07T19:34:39.656+0000] {processor.py:839} INFO - DAG(s) dict_keys(['example_short_circuit_operator']) retrieved from /usr/local/lib/python3.10/dist-packages/airflow/example_dags/example_short_circuit_operator.py
[2023-11-07T19:34:39.684+0000] {logging_mixin.py:154} INFO - [2023-11-07T19:34:39.684+0000] {dag.py:2941} INFO - Sync 1 DAGs
[2023-11-07T19:34:39.707+0000] {logging_mixin.py:154} INFO - [2023-11-07T19:34:39.707+0000] {dag.py:3722} INFO - Setting next_dagrun for example_short_circuit_operator to 2023-11-06T19:34:39.707406+00:00, run_after=2023-11-07T19:34:39.707406+00:00
[2023-11-07T19:34:39.737+0000] {processor.py:179} INFO - Processing /usr/local/lib/python3.10/dist-packages/airflow/example_dags/example_short_circuit_operator.py took 0.097 seconds
[2023-11-07T19:35:24.551+0000] {processor.py:157} INFO - Started process (PID=3785) to work on /usr/local/lib/python3.10/dist-packages/airflow/example_dags/example_short_circuit_operator.py
[2023-11-07T19:35:24.552+0000] {processor.py:829} INFO - Processing file /usr/local/lib/python3.10/dist-packages/airflow/example_dags/example_short_circuit_operator.py for tasks to queue
[2023-11-07T19:35:24.553+0000] {logging_mixin.py:154} INFO - [2023-11-07T19:35:24.553+0000] {dagbag.py:536} INFO - Filling up the DagBag from /usr/local/lib/python3.10/dist-packages/airflow/example_dags/example_short_circuit_operator.py
[2023-11-07T19:35:24.562+0000] {processor.py:839} INFO - DAG(s) dict_keys(['example_short_circuit_operator']) retrieved from /usr/local/lib/python3.10/dist-packages/airflow/example_dags/example_short_circuit_operator.py
[2023-11-07T19:35:24.580+0000] {logging_mixin.py:154} INFO - [2023-11-07T19:35:24.579+0000] {dag.py:2941} INFO - Sync 1 DAGs
[2023-11-07T19:35:24.599+0000] {logging_mixin.py:154} INFO - [2023-11-07T19:35:24.599+0000] {dag.py:3722} INFO - Setting next_dagrun for example_short_circuit_operator to 2023-11-06T19:35:24.598891+00:00, run_after=2023-11-07T19:35:24.598891+00:00
[2023-11-07T19:35:24.620+0000] {processor.py:179} INFO - Processing /usr/local/lib/python3.10/dist-packages/airflow/example_dags/example_short_circuit_operator.py took 0.072 seconds
[2023-11-07T19:36:10.805+0000] {processor.py:157} INFO - Started process (PID=3832) to work on /usr/local/lib/python3.10/dist-packages/airflow/example_dags/example_short_circuit_operator.py
[2023-11-07T19:36:10.807+0000] {processor.py:829} INFO - Processing file /usr/local/lib/python3.10/dist-packages/airflow/example_dags/example_short_circuit_operator.py for tasks to queue
[2023-11-07T19:36:10.808+0000] {logging_mixin.py:154} INFO - [2023-11-07T19:36:10.808+0000] {dagbag.py:536} INFO - Filling up the DagBag from /usr/local/lib/python3.10/dist-packages/airflow/example_dags/example_short_circuit_operator.py
[2023-11-07T19:36:10.827+0000] {processor.py:839} INFO - DAG(s) dict_keys(['example_short_circuit_operator']) retrieved from /usr/local/lib/python3.10/dist-packages/airflow/example_dags/example_short_circuit_operator.py
[2023-11-07T19:36:10.863+0000] {logging_mixin.py:154} INFO - [2023-11-07T19:36:10.861+0000] {dag.py:2941} INFO - Sync 1 DAGs
[2023-11-07T19:36:10.887+0000] {logging_mixin.py:154} INFO - [2023-11-07T19:36:10.887+0000] {dag.py:3722} INFO - Setting next_dagrun for example_short_circuit_operator to 2023-11-06T19:36:10.886900+00:00, run_after=2023-11-07T19:36:10.886900+00:00
[2023-11-07T19:36:10.908+0000] {processor.py:179} INFO - Processing /usr/local/lib/python3.10/dist-packages/airflow/example_dags/example_short_circuit_operator.py took 0.108 seconds
[2023-11-07T19:36:46.166+0000] {processor.py:157} INFO - Started process (PID=3868) to work on /usr/local/lib/python3.10/dist-packages/airflow/example_dags/example_short_circuit_operator.py
[2023-11-07T19:36:46.169+0000] {processor.py:829} INFO - Processing file /usr/local/lib/python3.10/dist-packages/airflow/example_dags/example_short_circuit_operator.py for tasks to queue
[2023-11-07T19:36:46.170+0000] {logging_mixin.py:154} INFO - [2023-11-07T19:36:46.170+0000] {dagbag.py:536} INFO - Filling up the DagBag from /usr/local/lib/python3.10/dist-packages/airflow/example_dags/example_short_circuit_operator.py
[2023-11-07T19:36:46.185+0000] {processor.py:839} INFO - DAG(s) dict_keys(['example_short_circuit_operator']) retrieved from /usr/local/lib/python3.10/dist-packages/airflow/example_dags/example_short_circuit_operator.py
[2023-11-07T19:36:46.204+0000] {logging_mixin.py:154} INFO - [2023-11-07T19:36:46.203+0000] {dag.py:2941} INFO - Sync 1 DAGs
[2023-11-07T19:36:46.222+0000] {logging_mixin.py:154} INFO - [2023-11-07T19:36:46.222+0000] {dag.py:3722} INFO - Setting next_dagrun for example_short_circuit_operator to 2023-11-06T19:36:46.221914+00:00, run_after=2023-11-07T19:36:46.221914+00:00
[2023-11-07T19:36:46.242+0000] {processor.py:179} INFO - Processing /usr/local/lib/python3.10/dist-packages/airflow/example_dags/example_short_circuit_operator.py took 0.081 seconds
[2023-11-07T19:37:35.753+0000] {processor.py:157} INFO - Started process (PID=3919) to work on /usr/local/lib/python3.10/dist-packages/airflow/example_dags/example_short_circuit_operator.py
[2023-11-07T19:37:35.754+0000] {processor.py:829} INFO - Processing file /usr/local/lib/python3.10/dist-packages/airflow/example_dags/example_short_circuit_operator.py for tasks to queue
[2023-11-07T19:37:35.755+0000] {logging_mixin.py:154} INFO - [2023-11-07T19:37:35.755+0000] {dagbag.py:536} INFO - Filling up the DagBag from /usr/local/lib/python3.10/dist-packages/airflow/example_dags/example_short_circuit_operator.py
[2023-11-07T19:37:35.767+0000] {processor.py:839} INFO - DAG(s) dict_keys(['example_short_circuit_operator']) retrieved from /usr/local/lib/python3.10/dist-packages/airflow/example_dags/example_short_circuit_operator.py
[2023-11-07T19:37:35.792+0000] {logging_mixin.py:154} INFO - [2023-11-07T19:37:35.791+0000] {dag.py:2941} INFO - Sync 1 DAGs
[2023-11-07T19:37:35.811+0000] {logging_mixin.py:154} INFO - [2023-11-07T19:37:35.811+0000] {dag.py:3722} INFO - Setting next_dagrun for example_short_circuit_operator to 2023-11-06T19:37:35.811018+00:00, run_after=2023-11-07T19:37:35.811018+00:00
[2023-11-07T19:37:35.835+0000] {processor.py:179} INFO - Processing /usr/local/lib/python3.10/dist-packages/airflow/example_dags/example_short_circuit_operator.py took 0.086 seconds
[2023-11-07T19:38:22.955+0000] {processor.py:157} INFO - Started process (PID=3968) to work on /usr/local/lib/python3.10/dist-packages/airflow/example_dags/example_short_circuit_operator.py
[2023-11-07T19:38:22.956+0000] {processor.py:829} INFO - Processing file /usr/local/lib/python3.10/dist-packages/airflow/example_dags/example_short_circuit_operator.py for tasks to queue
[2023-11-07T19:38:22.957+0000] {logging_mixin.py:154} INFO - [2023-11-07T19:38:22.956+0000] {dagbag.py:536} INFO - Filling up the DagBag from /usr/local/lib/python3.10/dist-packages/airflow/example_dags/example_short_circuit_operator.py
[2023-11-07T19:38:22.970+0000] {processor.py:839} INFO - DAG(s) dict_keys(['example_short_circuit_operator']) retrieved from /usr/local/lib/python3.10/dist-packages/airflow/example_dags/example_short_circuit_operator.py
[2023-11-07T19:38:23.010+0000] {logging_mixin.py:154} INFO - [2023-11-07T19:38:23.009+0000] {dag.py:2941} INFO - Sync 1 DAGs
[2023-11-07T19:38:23.042+0000] {logging_mixin.py:154} INFO - [2023-11-07T19:38:23.041+0000] {dag.py:3722} INFO - Setting next_dagrun for example_short_circuit_operator to 2023-11-06T19:38:23.041671+00:00, run_after=2023-11-07T19:38:23.041671+00:00
[2023-11-07T19:38:23.064+0000] {processor.py:179} INFO - Processing /usr/local/lib/python3.10/dist-packages/airflow/example_dags/example_short_circuit_operator.py took 0.115 seconds
[2023-11-07T19:39:08.896+0000] {processor.py:157} INFO - Started process (PID=4017) to work on /usr/local/lib/python3.10/dist-packages/airflow/example_dags/example_short_circuit_operator.py
[2023-11-07T19:39:08.897+0000] {processor.py:829} INFO - Processing file /usr/local/lib/python3.10/dist-packages/airflow/example_dags/example_short_circuit_operator.py for tasks to queue
[2023-11-07T19:39:08.898+0000] {logging_mixin.py:154} INFO - [2023-11-07T19:39:08.898+0000] {dagbag.py:536} INFO - Filling up the DagBag from /usr/local/lib/python3.10/dist-packages/airflow/example_dags/example_short_circuit_operator.py
[2023-11-07T19:39:08.906+0000] {processor.py:839} INFO - DAG(s) dict_keys(['example_short_circuit_operator']) retrieved from /usr/local/lib/python3.10/dist-packages/airflow/example_dags/example_short_circuit_operator.py
[2023-11-07T19:39:08.924+0000] {logging_mixin.py:154} INFO - [2023-11-07T19:39:08.924+0000] {dag.py:2941} INFO - Sync 1 DAGs
[2023-11-07T19:39:08.944+0000] {logging_mixin.py:154} INFO - [2023-11-07T19:39:08.943+0000] {dag.py:3722} INFO - Setting next_dagrun for example_short_circuit_operator to 2023-11-06T19:39:08.943596+00:00, run_after=2023-11-07T19:39:08.943596+00:00
[2023-11-07T19:39:08.965+0000] {processor.py:179} INFO - Processing /usr/local/lib/python3.10/dist-packages/airflow/example_dags/example_short_circuit_operator.py took 0.072 seconds
[2023-11-07T19:39:57.088+0000] {processor.py:157} INFO - Started process (PID=4066) to work on /usr/local/lib/python3.10/dist-packages/airflow/example_dags/example_short_circuit_operator.py
[2023-11-07T19:39:57.089+0000] {processor.py:829} INFO - Processing file /usr/local/lib/python3.10/dist-packages/airflow/example_dags/example_short_circuit_operator.py for tasks to queue
[2023-11-07T19:39:57.089+0000] {logging_mixin.py:154} INFO - [2023-11-07T19:39:57.089+0000] {dagbag.py:536} INFO - Filling up the DagBag from /usr/local/lib/python3.10/dist-packages/airflow/example_dags/example_short_circuit_operator.py
[2023-11-07T19:39:57.098+0000] {processor.py:839} INFO - DAG(s) dict_keys(['example_short_circuit_operator']) retrieved from /usr/local/lib/python3.10/dist-packages/airflow/example_dags/example_short_circuit_operator.py
[2023-11-07T19:39:57.116+0000] {logging_mixin.py:154} INFO - [2023-11-07T19:39:57.116+0000] {dag.py:2941} INFO - Sync 1 DAGs
[2023-11-07T19:39:57.135+0000] {logging_mixin.py:154} INFO - [2023-11-07T19:39:57.135+0000] {dag.py:3722} INFO - Setting next_dagrun for example_short_circuit_operator to 2023-11-06T19:39:57.135419+00:00, run_after=2023-11-07T19:39:57.135419+00:00
[2023-11-07T19:39:57.156+0000] {processor.py:179} INFO - Processing /usr/local/lib/python3.10/dist-packages/airflow/example_dags/example_short_circuit_operator.py took 0.072 seconds
[2023-11-07T19:40:31.434+0000] {processor.py:157} INFO - Started process (PID=4101) to work on /usr/local/lib/python3.10/dist-packages/airflow/example_dags/example_short_circuit_operator.py
[2023-11-07T19:40:31.435+0000] {processor.py:829} INFO - Processing file /usr/local/lib/python3.10/dist-packages/airflow/example_dags/example_short_circuit_operator.py for tasks to queue
[2023-11-07T19:40:31.437+0000] {logging_mixin.py:154} INFO - [2023-11-07T19:40:31.436+0000] {dagbag.py:536} INFO - Filling up the DagBag from /usr/local/lib/python3.10/dist-packages/airflow/example_dags/example_short_circuit_operator.py
[2023-11-07T19:40:31.449+0000] {processor.py:839} INFO - DAG(s) dict_keys(['example_short_circuit_operator']) retrieved from /usr/local/lib/python3.10/dist-packages/airflow/example_dags/example_short_circuit_operator.py
[2023-11-07T19:40:31.474+0000] {logging_mixin.py:154} INFO - [2023-11-07T19:40:31.473+0000] {dag.py:2941} INFO - Sync 1 DAGs
[2023-11-07T19:40:31.496+0000] {logging_mixin.py:154} INFO - [2023-11-07T19:40:31.496+0000] {dag.py:3722} INFO - Setting next_dagrun for example_short_circuit_operator to 2023-11-06T19:40:31.496273+00:00, run_after=2023-11-07T19:40:31.496273+00:00
[2023-11-07T19:40:31.521+0000] {processor.py:179} INFO - Processing /usr/local/lib/python3.10/dist-packages/airflow/example_dags/example_short_circuit_operator.py took 0.092 seconds
[2023-11-07T19:41:06.772+0000] {processor.py:157} INFO - Started process (PID=4137) to work on /usr/local/lib/python3.10/dist-packages/airflow/example_dags/example_short_circuit_operator.py
[2023-11-07T19:41:06.774+0000] {processor.py:829} INFO - Processing file /usr/local/lib/python3.10/dist-packages/airflow/example_dags/example_short_circuit_operator.py for tasks to queue
[2023-11-07T19:41:06.774+0000] {logging_mixin.py:154} INFO - [2023-11-07T19:41:06.774+0000] {dagbag.py:536} INFO - Filling up the DagBag from /usr/local/lib/python3.10/dist-packages/airflow/example_dags/example_short_circuit_operator.py
[2023-11-07T19:41:06.785+0000] {processor.py:839} INFO - DAG(s) dict_keys(['example_short_circuit_operator']) retrieved from /usr/local/lib/python3.10/dist-packages/airflow/example_dags/example_short_circuit_operator.py
[2023-11-07T19:41:06.803+0000] {logging_mixin.py:154} INFO - [2023-11-07T19:41:06.803+0000] {dag.py:2941} INFO - Sync 1 DAGs
[2023-11-07T19:41:06.826+0000] {logging_mixin.py:154} INFO - [2023-11-07T19:41:06.826+0000] {dag.py:3722} INFO - Setting next_dagrun for example_short_circuit_operator to 2023-11-06T19:41:06.826070+00:00, run_after=2023-11-07T19:41:06.826070+00:00
[2023-11-07T19:41:06.848+0000] {processor.py:179} INFO - Processing /usr/local/lib/python3.10/dist-packages/airflow/example_dags/example_short_circuit_operator.py took 0.079 seconds
[2023-11-07T19:41:53.807+0000] {processor.py:157} INFO - Started process (PID=4186) to work on /usr/local/lib/python3.10/dist-packages/airflow/example_dags/example_short_circuit_operator.py
[2023-11-07T19:41:53.815+0000] {processor.py:829} INFO - Processing file /usr/local/lib/python3.10/dist-packages/airflow/example_dags/example_short_circuit_operator.py for tasks to queue
[2023-11-07T19:41:53.817+0000] {logging_mixin.py:154} INFO - [2023-11-07T19:41:53.817+0000] {dagbag.py:536} INFO - Filling up the DagBag from /usr/local/lib/python3.10/dist-packages/airflow/example_dags/example_short_circuit_operator.py
[2023-11-07T19:41:53.832+0000] {processor.py:839} INFO - DAG(s) dict_keys(['example_short_circuit_operator']) retrieved from /usr/local/lib/python3.10/dist-packages/airflow/example_dags/example_short_circuit_operator.py
[2023-11-07T19:41:53.855+0000] {logging_mixin.py:154} INFO - [2023-11-07T19:41:53.855+0000] {dag.py:2941} INFO - Sync 1 DAGs
[2023-11-07T19:41:53.877+0000] {logging_mixin.py:154} INFO - [2023-11-07T19:41:53.877+0000] {dag.py:3722} INFO - Setting next_dagrun for example_short_circuit_operator to 2023-11-06T19:41:53.876979+00:00, run_after=2023-11-07T19:41:53.876979+00:00
[2023-11-07T19:41:53.899+0000] {processor.py:179} INFO - Processing /usr/local/lib/python3.10/dist-packages/airflow/example_dags/example_short_circuit_operator.py took 0.099 seconds
[2023-11-07T19:42:27.487+0000] {processor.py:157} INFO - Started process (PID=4221) to work on /usr/local/lib/python3.10/dist-packages/airflow/example_dags/example_short_circuit_operator.py
[2023-11-07T19:42:27.488+0000] {processor.py:829} INFO - Processing file /usr/local/lib/python3.10/dist-packages/airflow/example_dags/example_short_circuit_operator.py for tasks to queue
[2023-11-07T19:42:27.489+0000] {logging_mixin.py:154} INFO - [2023-11-07T19:42:27.488+0000] {dagbag.py:536} INFO - Filling up the DagBag from /usr/local/lib/python3.10/dist-packages/airflow/example_dags/example_short_circuit_operator.py
[2023-11-07T19:42:27.498+0000] {processor.py:839} INFO - DAG(s) dict_keys(['example_short_circuit_operator']) retrieved from /usr/local/lib/python3.10/dist-packages/airflow/example_dags/example_short_circuit_operator.py
[2023-11-07T19:42:27.523+0000] {logging_mixin.py:154} INFO - [2023-11-07T19:42:27.523+0000] {dag.py:2941} INFO - Sync 1 DAGs
[2023-11-07T19:42:27.547+0000] {logging_mixin.py:154} INFO - [2023-11-07T19:42:27.547+0000] {dag.py:3722} INFO - Setting next_dagrun for example_short_circuit_operator to 2023-11-06T19:42:27.547325+00:00, run_after=2023-11-07T19:42:27.547325+00:00
[2023-11-07T19:42:27.575+0000] {processor.py:179} INFO - Processing /usr/local/lib/python3.10/dist-packages/airflow/example_dags/example_short_circuit_operator.py took 0.092 seconds
[2023-11-07T19:43:16.662+0000] {processor.py:157} INFO - Started process (PID=4271) to work on /usr/local/lib/python3.10/dist-packages/airflow/example_dags/example_short_circuit_operator.py
[2023-11-07T19:43:16.663+0000] {processor.py:829} INFO - Processing file /usr/local/lib/python3.10/dist-packages/airflow/example_dags/example_short_circuit_operator.py for tasks to queue
[2023-11-07T19:43:16.663+0000] {logging_mixin.py:154} INFO - [2023-11-07T19:43:16.663+0000] {dagbag.py:536} INFO - Filling up the DagBag from /usr/local/lib/python3.10/dist-packages/airflow/example_dags/example_short_circuit_operator.py
[2023-11-07T19:43:16.673+0000] {processor.py:839} INFO - DAG(s) dict_keys(['example_short_circuit_operator']) retrieved from /usr/local/lib/python3.10/dist-packages/airflow/example_dags/example_short_circuit_operator.py
[2023-11-07T19:43:16.691+0000] {logging_mixin.py:154} INFO - [2023-11-07T19:43:16.691+0000] {dag.py:2941} INFO - Sync 1 DAGs
[2023-11-07T19:43:16.710+0000] {logging_mixin.py:154} INFO - [2023-11-07T19:43:16.710+0000] {dag.py:3722} INFO - Setting next_dagrun for example_short_circuit_operator to 2023-11-06T19:43:16.710009+00:00, run_after=2023-11-07T19:43:16.710009+00:00
[2023-11-07T19:43:16.733+0000] {processor.py:179} INFO - Processing /usr/local/lib/python3.10/dist-packages/airflow/example_dags/example_short_circuit_operator.py took 0.074 seconds
[2023-11-07T19:43:49.725+0000] {processor.py:157} INFO - Started process (PID=4305) to work on /usr/local/lib/python3.10/dist-packages/airflow/example_dags/example_short_circuit_operator.py
[2023-11-07T19:43:49.726+0000] {processor.py:829} INFO - Processing file /usr/local/lib/python3.10/dist-packages/airflow/example_dags/example_short_circuit_operator.py for tasks to queue
[2023-11-07T19:43:49.727+0000] {logging_mixin.py:154} INFO - [2023-11-07T19:43:49.726+0000] {dagbag.py:536} INFO - Filling up the DagBag from /usr/local/lib/python3.10/dist-packages/airflow/example_dags/example_short_circuit_operator.py
[2023-11-07T19:43:49.736+0000] {processor.py:839} INFO - DAG(s) dict_keys(['example_short_circuit_operator']) retrieved from /usr/local/lib/python3.10/dist-packages/airflow/example_dags/example_short_circuit_operator.py
[2023-11-07T19:43:49.754+0000] {logging_mixin.py:154} INFO - [2023-11-07T19:43:49.754+0000] {dag.py:2941} INFO - Sync 1 DAGs
[2023-11-07T19:43:49.774+0000] {logging_mixin.py:154} INFO - [2023-11-07T19:43:49.774+0000] {dag.py:3722} INFO - Setting next_dagrun for example_short_circuit_operator to 2023-11-06T19:43:49.773745+00:00, run_after=2023-11-07T19:43:49.773745+00:00
[2023-11-07T19:43:49.798+0000] {processor.py:179} INFO - Processing /usr/local/lib/python3.10/dist-packages/airflow/example_dags/example_short_circuit_operator.py took 0.077 seconds
[2023-11-07T19:44:40.133+0000] {processor.py:157} INFO - Started process (PID=4355) to work on /usr/local/lib/python3.10/dist-packages/airflow/example_dags/example_short_circuit_operator.py
[2023-11-07T19:44:40.134+0000] {processor.py:829} INFO - Processing file /usr/local/lib/python3.10/dist-packages/airflow/example_dags/example_short_circuit_operator.py for tasks to queue
[2023-11-07T19:44:40.135+0000] {logging_mixin.py:154} INFO - [2023-11-07T19:44:40.134+0000] {dagbag.py:536} INFO - Filling up the DagBag from /usr/local/lib/python3.10/dist-packages/airflow/example_dags/example_short_circuit_operator.py
[2023-11-07T19:44:40.144+0000] {processor.py:839} INFO - DAG(s) dict_keys(['example_short_circuit_operator']) retrieved from /usr/local/lib/python3.10/dist-packages/airflow/example_dags/example_short_circuit_operator.py
[2023-11-07T19:44:40.164+0000] {logging_mixin.py:154} INFO - [2023-11-07T19:44:40.164+0000] {dag.py:2941} INFO - Sync 1 DAGs
[2023-11-07T19:44:40.184+0000] {logging_mixin.py:154} INFO - [2023-11-07T19:44:40.184+0000] {dag.py:3722} INFO - Setting next_dagrun for example_short_circuit_operator to 2023-11-06T19:44:40.184258+00:00, run_after=2023-11-07T19:44:40.184258+00:00
[2023-11-07T19:44:40.214+0000] {processor.py:179} INFO - Processing /usr/local/lib/python3.10/dist-packages/airflow/example_dags/example_short_circuit_operator.py took 0.085 seconds
[2023-11-07T19:45:17.348+0000] {processor.py:157} INFO - Started process (PID=4391) to work on /usr/local/lib/python3.10/dist-packages/airflow/example_dags/example_short_circuit_operator.py
[2023-11-07T19:45:17.349+0000] {processor.py:829} INFO - Processing file /usr/local/lib/python3.10/dist-packages/airflow/example_dags/example_short_circuit_operator.py for tasks to queue
[2023-11-07T19:45:17.351+0000] {logging_mixin.py:154} INFO - [2023-11-07T19:45:17.351+0000] {dagbag.py:536} INFO - Filling up the DagBag from /usr/local/lib/python3.10/dist-packages/airflow/example_dags/example_short_circuit_operator.py
[2023-11-07T19:45:17.362+0000] {processor.py:839} INFO - DAG(s) dict_keys(['example_short_circuit_operator']) retrieved from /usr/local/lib/python3.10/dist-packages/airflow/example_dags/example_short_circuit_operator.py
[2023-11-07T19:45:17.383+0000] {logging_mixin.py:154} INFO - [2023-11-07T19:45:17.382+0000] {dag.py:2941} INFO - Sync 1 DAGs
[2023-11-07T19:45:17.403+0000] {logging_mixin.py:154} INFO - [2023-11-07T19:45:17.403+0000] {dag.py:3722} INFO - Setting next_dagrun for example_short_circuit_operator to 2023-11-06T19:45:17.403009+00:00, run_after=2023-11-07T19:45:17.403009+00:00
[2023-11-07T19:45:17.432+0000] {processor.py:179} INFO - Processing /usr/local/lib/python3.10/dist-packages/airflow/example_dags/example_short_circuit_operator.py took 0.087 seconds
[2023-11-07T19:45:53.700+0000] {processor.py:157} INFO - Started process (PID=4427) to work on /usr/local/lib/python3.10/dist-packages/airflow/example_dags/example_short_circuit_operator.py
[2023-11-07T19:45:53.701+0000] {processor.py:829} INFO - Processing file /usr/local/lib/python3.10/dist-packages/airflow/example_dags/example_short_circuit_operator.py for tasks to queue
[2023-11-07T19:45:53.702+0000] {logging_mixin.py:154} INFO - [2023-11-07T19:45:53.701+0000] {dagbag.py:536} INFO - Filling up the DagBag from /usr/local/lib/python3.10/dist-packages/airflow/example_dags/example_short_circuit_operator.py
[2023-11-07T19:45:53.710+0000] {processor.py:839} INFO - DAG(s) dict_keys(['example_short_circuit_operator']) retrieved from /usr/local/lib/python3.10/dist-packages/airflow/example_dags/example_short_circuit_operator.py
[2023-11-07T19:45:53.728+0000] {logging_mixin.py:154} INFO - [2023-11-07T19:45:53.728+0000] {dag.py:2941} INFO - Sync 1 DAGs
[2023-11-07T19:45:53.748+0000] {logging_mixin.py:154} INFO - [2023-11-07T19:45:53.748+0000] {dag.py:3722} INFO - Setting next_dagrun for example_short_circuit_operator to 2023-11-06T19:45:53.748219+00:00, run_after=2023-11-07T19:45:53.748219+00:00
[2023-11-07T19:45:53.769+0000] {processor.py:179} INFO - Processing /usr/local/lib/python3.10/dist-packages/airflow/example_dags/example_short_circuit_operator.py took 0.073 seconds
[2023-11-07T19:46:28.879+0000] {processor.py:157} INFO - Started process (PID=4464) to work on /usr/local/lib/python3.10/dist-packages/airflow/example_dags/example_short_circuit_operator.py
[2023-11-07T19:46:28.880+0000] {processor.py:829} INFO - Processing file /usr/local/lib/python3.10/dist-packages/airflow/example_dags/example_short_circuit_operator.py for tasks to queue
[2023-11-07T19:46:28.881+0000] {logging_mixin.py:154} INFO - [2023-11-07T19:46:28.881+0000] {dagbag.py:536} INFO - Filling up the DagBag from /usr/local/lib/python3.10/dist-packages/airflow/example_dags/example_short_circuit_operator.py
[2023-11-07T19:46:28.890+0000] {processor.py:839} INFO - DAG(s) dict_keys(['example_short_circuit_operator']) retrieved from /usr/local/lib/python3.10/dist-packages/airflow/example_dags/example_short_circuit_operator.py
[2023-11-07T19:46:28.908+0000] {logging_mixin.py:154} INFO - [2023-11-07T19:46:28.908+0000] {dag.py:2941} INFO - Sync 1 DAGs
[2023-11-07T19:46:28.927+0000] {logging_mixin.py:154} INFO - [2023-11-07T19:46:28.926+0000] {dag.py:3722} INFO - Setting next_dagrun for example_short_circuit_operator to 2023-11-06T19:46:28.926620+00:00, run_after=2023-11-07T19:46:28.926620+00:00
[2023-11-07T19:46:28.952+0000] {processor.py:179} INFO - Processing /usr/local/lib/python3.10/dist-packages/airflow/example_dags/example_short_circuit_operator.py took 0.077 seconds
[2023-11-07T19:47:02.952+0000] {processor.py:157} INFO - Started process (PID=4497) to work on /usr/local/lib/python3.10/dist-packages/airflow/example_dags/example_short_circuit_operator.py
[2023-11-07T19:47:02.952+0000] {processor.py:829} INFO - Processing file /usr/local/lib/python3.10/dist-packages/airflow/example_dags/example_short_circuit_operator.py for tasks to queue
[2023-11-07T19:47:02.953+0000] {logging_mixin.py:154} INFO - [2023-11-07T19:47:02.953+0000] {dagbag.py:536} INFO - Filling up the DagBag from /usr/local/lib/python3.10/dist-packages/airflow/example_dags/example_short_circuit_operator.py
[2023-11-07T19:47:02.963+0000] {processor.py:839} INFO - DAG(s) dict_keys(['example_short_circuit_operator']) retrieved from /usr/local/lib/python3.10/dist-packages/airflow/example_dags/example_short_circuit_operator.py
[2023-11-07T19:47:02.981+0000] {logging_mixin.py:154} INFO - [2023-11-07T19:47:02.981+0000] {dag.py:2941} INFO - Sync 1 DAGs
[2023-11-07T19:47:03.000+0000] {logging_mixin.py:154} INFO - [2023-11-07T19:47:03.000+0000] {dag.py:3722} INFO - Setting next_dagrun for example_short_circuit_operator to 2023-11-06T19:47:02.999838+00:00, run_after=2023-11-07T19:47:02.999838+00:00
[2023-11-07T19:47:03.022+0000] {processor.py:179} INFO - Processing /usr/local/lib/python3.10/dist-packages/airflow/example_dags/example_short_circuit_operator.py took 0.074 seconds
[2023-11-07T19:47:39.450+0000] {processor.py:157} INFO - Started process (PID=4534) to work on /usr/local/lib/python3.10/dist-packages/airflow/example_dags/example_short_circuit_operator.py
[2023-11-07T19:47:39.451+0000] {processor.py:829} INFO - Processing file /usr/local/lib/python3.10/dist-packages/airflow/example_dags/example_short_circuit_operator.py for tasks to queue
[2023-11-07T19:47:39.452+0000] {logging_mixin.py:154} INFO - [2023-11-07T19:47:39.452+0000] {dagbag.py:536} INFO - Filling up the DagBag from /usr/local/lib/python3.10/dist-packages/airflow/example_dags/example_short_circuit_operator.py
[2023-11-07T19:47:39.463+0000] {processor.py:839} INFO - DAG(s) dict_keys(['example_short_circuit_operator']) retrieved from /usr/local/lib/python3.10/dist-packages/airflow/example_dags/example_short_circuit_operator.py
[2023-11-07T19:47:39.488+0000] {logging_mixin.py:154} INFO - [2023-11-07T19:47:39.488+0000] {dag.py:2941} INFO - Sync 1 DAGs
[2023-11-07T19:47:39.512+0000] {logging_mixin.py:154} INFO - [2023-11-07T19:47:39.512+0000] {dag.py:3722} INFO - Setting next_dagrun for example_short_circuit_operator to 2023-11-06T19:47:39.511991+00:00, run_after=2023-11-07T19:47:39.511991+00:00
[2023-11-07T19:47:39.538+0000] {processor.py:179} INFO - Processing /usr/local/lib/python3.10/dist-packages/airflow/example_dags/example_short_circuit_operator.py took 0.093 seconds
[2023-11-07T19:48:28.239+0000] {processor.py:157} INFO - Started process (PID=4585) to work on /usr/local/lib/python3.10/dist-packages/airflow/example_dags/example_short_circuit_operator.py
[2023-11-07T19:48:28.240+0000] {processor.py:829} INFO - Processing file /usr/local/lib/python3.10/dist-packages/airflow/example_dags/example_short_circuit_operator.py for tasks to queue
[2023-11-07T19:48:28.241+0000] {logging_mixin.py:154} INFO - [2023-11-07T19:48:28.240+0000] {dagbag.py:536} INFO - Filling up the DagBag from /usr/local/lib/python3.10/dist-packages/airflow/example_dags/example_short_circuit_operator.py
[2023-11-07T19:48:28.249+0000] {processor.py:839} INFO - DAG(s) dict_keys(['example_short_circuit_operator']) retrieved from /usr/local/lib/python3.10/dist-packages/airflow/example_dags/example_short_circuit_operator.py
[2023-11-07T19:48:28.270+0000] {logging_mixin.py:154} INFO - [2023-11-07T19:48:28.269+0000] {dag.py:2941} INFO - Sync 1 DAGs
[2023-11-07T19:48:28.289+0000] {logging_mixin.py:154} INFO - [2023-11-07T19:48:28.289+0000] {dag.py:3722} INFO - Setting next_dagrun for example_short_circuit_operator to 2023-11-06T19:48:28.289402+00:00, run_after=2023-11-07T19:48:28.289402+00:00
[2023-11-07T19:48:28.319+0000] {processor.py:179} INFO - Processing /usr/local/lib/python3.10/dist-packages/airflow/example_dags/example_short_circuit_operator.py took 0.083 seconds
[2023-11-07T19:49:02.954+0000] {processor.py:157} INFO - Started process (PID=4620) to work on /usr/local/lib/python3.10/dist-packages/airflow/example_dags/example_short_circuit_operator.py
[2023-11-07T19:49:02.955+0000] {processor.py:829} INFO - Processing file /usr/local/lib/python3.10/dist-packages/airflow/example_dags/example_short_circuit_operator.py for tasks to queue
[2023-11-07T19:49:02.956+0000] {logging_mixin.py:154} INFO - [2023-11-07T19:49:02.955+0000] {dagbag.py:536} INFO - Filling up the DagBag from /usr/local/lib/python3.10/dist-packages/airflow/example_dags/example_short_circuit_operator.py
[2023-11-07T19:49:02.966+0000] {processor.py:839} INFO - DAG(s) dict_keys(['example_short_circuit_operator']) retrieved from /usr/local/lib/python3.10/dist-packages/airflow/example_dags/example_short_circuit_operator.py
[2023-11-07T19:49:02.985+0000] {logging_mixin.py:154} INFO - [2023-11-07T19:49:02.984+0000] {dag.py:2941} INFO - Sync 1 DAGs
[2023-11-07T19:49:03.008+0000] {logging_mixin.py:154} INFO - [2023-11-07T19:49:03.008+0000] {dag.py:3722} INFO - Setting next_dagrun for example_short_circuit_operator to 2023-11-06T19:49:03.008423+00:00, run_after=2023-11-07T19:49:03.008423+00:00
[2023-11-07T19:49:03.040+0000] {processor.py:179} INFO - Processing /usr/local/lib/python3.10/dist-packages/airflow/example_dags/example_short_circuit_operator.py took 0.090 seconds
[2023-11-07T19:49:49.067+0000] {processor.py:157} INFO - Started process (PID=4668) to work on /usr/local/lib/python3.10/dist-packages/airflow/example_dags/example_short_circuit_operator.py
[2023-11-07T19:49:49.069+0000] {processor.py:829} INFO - Processing file /usr/local/lib/python3.10/dist-packages/airflow/example_dags/example_short_circuit_operator.py for tasks to queue
[2023-11-07T19:49:49.070+0000] {logging_mixin.py:154} INFO - [2023-11-07T19:49:49.069+0000] {dagbag.py:536} INFO - Filling up the DagBag from /usr/local/lib/python3.10/dist-packages/airflow/example_dags/example_short_circuit_operator.py
[2023-11-07T19:49:49.078+0000] {processor.py:839} INFO - DAG(s) dict_keys(['example_short_circuit_operator']) retrieved from /usr/local/lib/python3.10/dist-packages/airflow/example_dags/example_short_circuit_operator.py
[2023-11-07T19:49:49.129+0000] {logging_mixin.py:154} INFO - [2023-11-07T19:49:49.129+0000] {dag.py:2941} INFO - Sync 1 DAGs
[2023-11-07T19:49:49.148+0000] {logging_mixin.py:154} INFO - [2023-11-07T19:49:49.147+0000] {dag.py:3722} INFO - Setting next_dagrun for example_short_circuit_operator to 2023-11-06T19:49:49.147642+00:00, run_after=2023-11-07T19:49:49.147642+00:00
[2023-11-07T19:49:49.193+0000] {processor.py:179} INFO - Processing /usr/local/lib/python3.10/dist-packages/airflow/example_dags/example_short_circuit_operator.py took 0.129 seconds
[2023-11-07T19:50:36.696+0000] {processor.py:157} INFO - Started process (PID=4719) to work on /usr/local/lib/python3.10/dist-packages/airflow/example_dags/example_short_circuit_operator.py
[2023-11-07T19:50:36.698+0000] {processor.py:829} INFO - Processing file /usr/local/lib/python3.10/dist-packages/airflow/example_dags/example_short_circuit_operator.py for tasks to queue
[2023-11-07T19:50:36.699+0000] {logging_mixin.py:154} INFO - [2023-11-07T19:50:36.699+0000] {dagbag.py:536} INFO - Filling up the DagBag from /usr/local/lib/python3.10/dist-packages/airflow/example_dags/example_short_circuit_operator.py
[2023-11-07T19:50:36.708+0000] {processor.py:839} INFO - DAG(s) dict_keys(['example_short_circuit_operator']) retrieved from /usr/local/lib/python3.10/dist-packages/airflow/example_dags/example_short_circuit_operator.py
[2023-11-07T19:50:36.729+0000] {logging_mixin.py:154} INFO - [2023-11-07T19:50:36.729+0000] {dag.py:2941} INFO - Sync 1 DAGs
[2023-11-07T19:50:36.752+0000] {logging_mixin.py:154} INFO - [2023-11-07T19:50:36.752+0000] {dag.py:3722} INFO - Setting next_dagrun for example_short_circuit_operator to 2023-11-06T19:50:36.752066+00:00, run_after=2023-11-07T19:50:36.752066+00:00
[2023-11-07T19:50:36.784+0000] {processor.py:179} INFO - Processing /usr/local/lib/python3.10/dist-packages/airflow/example_dags/example_short_circuit_operator.py took 0.091 seconds
[2023-11-07T19:51:11.055+0000] {processor.py:157} INFO - Started process (PID=4753) to work on /usr/local/lib/python3.10/dist-packages/airflow/example_dags/example_short_circuit_operator.py
[2023-11-07T19:51:11.056+0000] {processor.py:829} INFO - Processing file /usr/local/lib/python3.10/dist-packages/airflow/example_dags/example_short_circuit_operator.py for tasks to queue
[2023-11-07T19:51:11.057+0000] {logging_mixin.py:154} INFO - [2023-11-07T19:51:11.057+0000] {dagbag.py:536} INFO - Filling up the DagBag from /usr/local/lib/python3.10/dist-packages/airflow/example_dags/example_short_circuit_operator.py
[2023-11-07T19:51:11.066+0000] {processor.py:839} INFO - DAG(s) dict_keys(['example_short_circuit_operator']) retrieved from /usr/local/lib/python3.10/dist-packages/airflow/example_dags/example_short_circuit_operator.py
[2023-11-07T19:51:11.084+0000] {logging_mixin.py:154} INFO - [2023-11-07T19:51:11.084+0000] {dag.py:2941} INFO - Sync 1 DAGs
[2023-11-07T19:51:11.111+0000] {logging_mixin.py:154} INFO - [2023-11-07T19:51:11.105+0000] {dag.py:3722} INFO - Setting next_dagrun for example_short_circuit_operator to 2023-11-06T19:51:11.105497+00:00, run_after=2023-11-07T19:51:11.105497+00:00
[2023-11-07T19:51:11.156+0000] {processor.py:179} INFO - Processing /usr/local/lib/python3.10/dist-packages/airflow/example_dags/example_short_circuit_operator.py took 0.105 seconds
[2023-11-07T19:51:44.461+0000] {processor.py:157} INFO - Started process (PID=4788) to work on /usr/local/lib/python3.10/dist-packages/airflow/example_dags/example_short_circuit_operator.py
[2023-11-07T19:51:44.462+0000] {processor.py:829} INFO - Processing file /usr/local/lib/python3.10/dist-packages/airflow/example_dags/example_short_circuit_operator.py for tasks to queue
[2023-11-07T19:51:44.463+0000] {logging_mixin.py:154} INFO - [2023-11-07T19:51:44.462+0000] {dagbag.py:536} INFO - Filling up the DagBag from /usr/local/lib/python3.10/dist-packages/airflow/example_dags/example_short_circuit_operator.py
[2023-11-07T19:51:44.471+0000] {processor.py:839} INFO - DAG(s) dict_keys(['example_short_circuit_operator']) retrieved from /usr/local/lib/python3.10/dist-packages/airflow/example_dags/example_short_circuit_operator.py
[2023-11-07T19:51:44.492+0000] {logging_mixin.py:154} INFO - [2023-11-07T19:51:44.492+0000] {dag.py:2941} INFO - Sync 1 DAGs
[2023-11-07T19:51:44.514+0000] {logging_mixin.py:154} INFO - [2023-11-07T19:51:44.514+0000] {dag.py:3722} INFO - Setting next_dagrun for example_short_circuit_operator to 2023-11-06T19:51:44.514427+00:00, run_after=2023-11-07T19:51:44.514427+00:00
[2023-11-07T19:51:44.537+0000] {processor.py:179} INFO - Processing /usr/local/lib/python3.10/dist-packages/airflow/example_dags/example_short_circuit_operator.py took 0.080 seconds
[2023-11-07T19:52:18.509+0000] {processor.py:157} INFO - Started process (PID=4822) to work on /usr/local/lib/python3.10/dist-packages/airflow/example_dags/example_short_circuit_operator.py
[2023-11-07T19:52:18.510+0000] {processor.py:829} INFO - Processing file /usr/local/lib/python3.10/dist-packages/airflow/example_dags/example_short_circuit_operator.py for tasks to queue
[2023-11-07T19:52:18.511+0000] {logging_mixin.py:154} INFO - [2023-11-07T19:52:18.511+0000] {dagbag.py:536} INFO - Filling up the DagBag from /usr/local/lib/python3.10/dist-packages/airflow/example_dags/example_short_circuit_operator.py
[2023-11-07T19:52:18.520+0000] {processor.py:839} INFO - DAG(s) dict_keys(['example_short_circuit_operator']) retrieved from /usr/local/lib/python3.10/dist-packages/airflow/example_dags/example_short_circuit_operator.py
[2023-11-07T19:52:18.538+0000] {logging_mixin.py:154} INFO - [2023-11-07T19:52:18.538+0000] {dag.py:2941} INFO - Sync 1 DAGs
[2023-11-07T19:52:18.557+0000] {logging_mixin.py:154} INFO - [2023-11-07T19:52:18.557+0000] {dag.py:3722} INFO - Setting next_dagrun for example_short_circuit_operator to 2023-11-06T19:52:18.557316+00:00, run_after=2023-11-07T19:52:18.557316+00:00
[2023-11-07T19:52:18.589+0000] {processor.py:179} INFO - Processing /usr/local/lib/python3.10/dist-packages/airflow/example_dags/example_short_circuit_operator.py took 0.084 seconds
[2023-11-07T19:52:55.666+0000] {processor.py:157} INFO - Started process (PID=4859) to work on /usr/local/lib/python3.10/dist-packages/airflow/example_dags/example_short_circuit_operator.py
[2023-11-07T19:52:55.667+0000] {processor.py:829} INFO - Processing file /usr/local/lib/python3.10/dist-packages/airflow/example_dags/example_short_circuit_operator.py for tasks to queue
[2023-11-07T19:52:55.668+0000] {logging_mixin.py:154} INFO - [2023-11-07T19:52:55.667+0000] {dagbag.py:536} INFO - Filling up the DagBag from /usr/local/lib/python3.10/dist-packages/airflow/example_dags/example_short_circuit_operator.py
[2023-11-07T19:52:55.676+0000] {processor.py:839} INFO - DAG(s) dict_keys(['example_short_circuit_operator']) retrieved from /usr/local/lib/python3.10/dist-packages/airflow/example_dags/example_short_circuit_operator.py
[2023-11-07T19:52:55.695+0000] {logging_mixin.py:154} INFO - [2023-11-07T19:52:55.694+0000] {dag.py:2941} INFO - Sync 1 DAGs
[2023-11-07T19:52:55.716+0000] {logging_mixin.py:154} INFO - [2023-11-07T19:52:55.715+0000] {dag.py:3722} INFO - Setting next_dagrun for example_short_circuit_operator to 2023-11-06T19:52:55.715053+00:00, run_after=2023-11-07T19:52:55.715053+00:00
[2023-11-07T19:52:55.742+0000] {processor.py:179} INFO - Processing /usr/local/lib/python3.10/dist-packages/airflow/example_dags/example_short_circuit_operator.py took 0.080 seconds
[2023-11-07T19:53:30.278+0000] {processor.py:157} INFO - Started process (PID=4894) to work on /usr/local/lib/python3.10/dist-packages/airflow/example_dags/example_short_circuit_operator.py
[2023-11-07T19:53:30.279+0000] {processor.py:829} INFO - Processing file /usr/local/lib/python3.10/dist-packages/airflow/example_dags/example_short_circuit_operator.py for tasks to queue
[2023-11-07T19:53:30.279+0000] {logging_mixin.py:154} INFO - [2023-11-07T19:53:30.279+0000] {dagbag.py:536} INFO - Filling up the DagBag from /usr/local/lib/python3.10/dist-packages/airflow/example_dags/example_short_circuit_operator.py
[2023-11-07T19:53:30.289+0000] {processor.py:839} INFO - DAG(s) dict_keys(['example_short_circuit_operator']) retrieved from /usr/local/lib/python3.10/dist-packages/airflow/example_dags/example_short_circuit_operator.py
[2023-11-07T19:53:30.320+0000] {logging_mixin.py:154} INFO - [2023-11-07T19:53:30.320+0000] {dag.py:2941} INFO - Sync 1 DAGs
[2023-11-07T19:53:30.343+0000] {logging_mixin.py:154} INFO - [2023-11-07T19:53:30.343+0000] {dag.py:3722} INFO - Setting next_dagrun for example_short_circuit_operator to 2023-11-06T19:53:30.342862+00:00, run_after=2023-11-07T19:53:30.342862+00:00
[2023-11-07T19:53:30.372+0000] {processor.py:179} INFO - Processing /usr/local/lib/python3.10/dist-packages/airflow/example_dags/example_short_circuit_operator.py took 0.098 seconds
[2023-11-07T19:54:05.830+0000] {processor.py:157} INFO - Started process (PID=4929) to work on /usr/local/lib/python3.10/dist-packages/airflow/example_dags/example_short_circuit_operator.py
[2023-11-07T19:54:05.834+0000] {processor.py:829} INFO - Processing file /usr/local/lib/python3.10/dist-packages/airflow/example_dags/example_short_circuit_operator.py for tasks to queue
[2023-11-07T19:54:05.834+0000] {logging_mixin.py:154} INFO - [2023-11-07T19:54:05.834+0000] {dagbag.py:536} INFO - Filling up the DagBag from /usr/local/lib/python3.10/dist-packages/airflow/example_dags/example_short_circuit_operator.py
[2023-11-07T19:54:05.854+0000] {processor.py:839} INFO - DAG(s) dict_keys(['example_short_circuit_operator']) retrieved from /usr/local/lib/python3.10/dist-packages/airflow/example_dags/example_short_circuit_operator.py
[2023-11-07T19:54:05.883+0000] {logging_mixin.py:154} INFO - [2023-11-07T19:54:05.883+0000] {dag.py:2941} INFO - Sync 1 DAGs
[2023-11-07T19:54:05.925+0000] {logging_mixin.py:154} INFO - [2023-11-07T19:54:05.923+0000] {dag.py:3722} INFO - Setting next_dagrun for example_short_circuit_operator to 2023-11-06T19:54:05.923182+00:00, run_after=2023-11-07T19:54:05.923182+00:00
[2023-11-07T19:54:05.990+0000] {processor.py:179} INFO - Processing /usr/local/lib/python3.10/dist-packages/airflow/example_dags/example_short_circuit_operator.py took 0.170 seconds
[2023-11-07T19:54:40.934+0000] {processor.py:157} INFO - Started process (PID=4965) to work on /usr/local/lib/python3.10/dist-packages/airflow/example_dags/example_short_circuit_operator.py
[2023-11-07T19:54:40.935+0000] {processor.py:829} INFO - Processing file /usr/local/lib/python3.10/dist-packages/airflow/example_dags/example_short_circuit_operator.py for tasks to queue
[2023-11-07T19:54:40.936+0000] {logging_mixin.py:154} INFO - [2023-11-07T19:54:40.936+0000] {dagbag.py:536} INFO - Filling up the DagBag from /usr/local/lib/python3.10/dist-packages/airflow/example_dags/example_short_circuit_operator.py
[2023-11-07T19:54:40.944+0000] {processor.py:839} INFO - DAG(s) dict_keys(['example_short_circuit_operator']) retrieved from /usr/local/lib/python3.10/dist-packages/airflow/example_dags/example_short_circuit_operator.py
[2023-11-07T19:54:40.964+0000] {logging_mixin.py:154} INFO - [2023-11-07T19:54:40.964+0000] {dag.py:2941} INFO - Sync 1 DAGs
[2023-11-07T19:54:41.004+0000] {logging_mixin.py:154} INFO - [2023-11-07T19:54:41.004+0000] {dag.py:3722} INFO - Setting next_dagrun for example_short_circuit_operator to 2023-11-06T19:54:40.999364+00:00, run_after=2023-11-07T19:54:40.999364+00:00
[2023-11-07T19:54:41.040+0000] {processor.py:179} INFO - Processing /usr/local/lib/python3.10/dist-packages/airflow/example_dags/example_short_circuit_operator.py took 0.109 seconds
[2023-11-07T19:55:32.383+0000] {processor.py:157} INFO - Started process (PID=5016) to work on /usr/local/lib/python3.10/dist-packages/airflow/example_dags/example_short_circuit_operator.py
[2023-11-07T19:55:32.384+0000] {processor.py:829} INFO - Processing file /usr/local/lib/python3.10/dist-packages/airflow/example_dags/example_short_circuit_operator.py for tasks to queue
[2023-11-07T19:55:32.384+0000] {logging_mixin.py:154} INFO - [2023-11-07T19:55:32.384+0000] {dagbag.py:536} INFO - Filling up the DagBag from /usr/local/lib/python3.10/dist-packages/airflow/example_dags/example_short_circuit_operator.py
[2023-11-07T19:55:32.395+0000] {processor.py:839} INFO - DAG(s) dict_keys(['example_short_circuit_operator']) retrieved from /usr/local/lib/python3.10/dist-packages/airflow/example_dags/example_short_circuit_operator.py
[2023-11-07T19:55:32.416+0000] {logging_mixin.py:154} INFO - [2023-11-07T19:55:32.415+0000] {dag.py:2941} INFO - Sync 1 DAGs
[2023-11-07T19:55:32.436+0000] {logging_mixin.py:154} INFO - [2023-11-07T19:55:32.436+0000] {dag.py:3722} INFO - Setting next_dagrun for example_short_circuit_operator to 2023-11-06T19:55:32.436123+00:00, run_after=2023-11-07T19:55:32.436123+00:00
[2023-11-07T19:55:32.460+0000] {processor.py:179} INFO - Processing /usr/local/lib/python3.10/dist-packages/airflow/example_dags/example_short_circuit_operator.py took 0.081 seconds
[2023-11-07T19:56:09.126+0000] {processor.py:157} INFO - Started process (PID=5052) to work on /usr/local/lib/python3.10/dist-packages/airflow/example_dags/example_short_circuit_operator.py
[2023-11-07T19:56:09.127+0000] {processor.py:829} INFO - Processing file /usr/local/lib/python3.10/dist-packages/airflow/example_dags/example_short_circuit_operator.py for tasks to queue
[2023-11-07T19:56:09.128+0000] {logging_mixin.py:154} INFO - [2023-11-07T19:56:09.128+0000] {dagbag.py:536} INFO - Filling up the DagBag from /usr/local/lib/python3.10/dist-packages/airflow/example_dags/example_short_circuit_operator.py
[2023-11-07T19:56:09.137+0000] {processor.py:839} INFO - DAG(s) dict_keys(['example_short_circuit_operator']) retrieved from /usr/local/lib/python3.10/dist-packages/airflow/example_dags/example_short_circuit_operator.py
[2023-11-07T19:56:09.196+0000] {logging_mixin.py:154} INFO - [2023-11-07T19:56:09.196+0000] {dag.py:2941} INFO - Sync 1 DAGs
[2023-11-07T19:56:09.223+0000] {logging_mixin.py:154} INFO - [2023-11-07T19:56:09.223+0000] {dag.py:3722} INFO - Setting next_dagrun for example_short_circuit_operator to 2023-11-06T19:56:09.223092+00:00, run_after=2023-11-07T19:56:09.223092+00:00
[2023-11-07T19:56:09.249+0000] {processor.py:179} INFO - Processing /usr/local/lib/python3.10/dist-packages/airflow/example_dags/example_short_circuit_operator.py took 0.129 seconds
[2023-11-07T19:56:45.157+0000] {processor.py:157} INFO - Started process (PID=5088) to work on /usr/local/lib/python3.10/dist-packages/airflow/example_dags/example_short_circuit_operator.py
[2023-11-07T19:56:45.162+0000] {processor.py:829} INFO - Processing file /usr/local/lib/python3.10/dist-packages/airflow/example_dags/example_short_circuit_operator.py for tasks to queue
[2023-11-07T19:56:45.164+0000] {logging_mixin.py:154} INFO - [2023-11-07T19:56:45.163+0000] {dagbag.py:536} INFO - Filling up the DagBag from /usr/local/lib/python3.10/dist-packages/airflow/example_dags/example_short_circuit_operator.py
[2023-11-07T19:56:45.183+0000] {processor.py:839} INFO - DAG(s) dict_keys(['example_short_circuit_operator']) retrieved from /usr/local/lib/python3.10/dist-packages/airflow/example_dags/example_short_circuit_operator.py
[2023-11-07T19:56:45.212+0000] {logging_mixin.py:154} INFO - [2023-11-07T19:56:45.211+0000] {dag.py:2941} INFO - Sync 1 DAGs
[2023-11-07T19:56:45.244+0000] {logging_mixin.py:154} INFO - [2023-11-07T19:56:45.244+0000] {dag.py:3722} INFO - Setting next_dagrun for example_short_circuit_operator to 2023-11-06T19:56:45.244028+00:00, run_after=2023-11-07T19:56:45.244028+00:00
[2023-11-07T19:56:45.298+0000] {processor.py:179} INFO - Processing /usr/local/lib/python3.10/dist-packages/airflow/example_dags/example_short_circuit_operator.py took 0.144 seconds
[2023-11-07T19:57:20.459+0000] {processor.py:157} INFO - Started process (PID=5123) to work on /usr/local/lib/python3.10/dist-packages/airflow/example_dags/example_short_circuit_operator.py
[2023-11-07T19:57:20.461+0000] {processor.py:829} INFO - Processing file /usr/local/lib/python3.10/dist-packages/airflow/example_dags/example_short_circuit_operator.py for tasks to queue
[2023-11-07T19:57:20.463+0000] {logging_mixin.py:154} INFO - [2023-11-07T19:57:20.462+0000] {dagbag.py:536} INFO - Filling up the DagBag from /usr/local/lib/python3.10/dist-packages/airflow/example_dags/example_short_circuit_operator.py
[2023-11-07T19:57:20.474+0000] {processor.py:839} INFO - DAG(s) dict_keys(['example_short_circuit_operator']) retrieved from /usr/local/lib/python3.10/dist-packages/airflow/example_dags/example_short_circuit_operator.py
[2023-11-07T19:57:20.498+0000] {logging_mixin.py:154} INFO - [2023-11-07T19:57:20.498+0000] {dag.py:2941} INFO - Sync 1 DAGs
[2023-11-07T19:57:20.525+0000] {logging_mixin.py:154} INFO - [2023-11-07T19:57:20.525+0000] {dag.py:3722} INFO - Setting next_dagrun for example_short_circuit_operator to 2023-11-06T19:57:20.525148+00:00, run_after=2023-11-07T19:57:20.525148+00:00
[2023-11-07T19:57:20.555+0000] {processor.py:179} INFO - Processing /usr/local/lib/python3.10/dist-packages/airflow/example_dags/example_short_circuit_operator.py took 0.108 seconds
[2023-11-07T19:57:55.377+0000] {processor.py:157} INFO - Started process (PID=5158) to work on /usr/local/lib/python3.10/dist-packages/airflow/example_dags/example_short_circuit_operator.py
[2023-11-07T19:57:55.378+0000] {processor.py:829} INFO - Processing file /usr/local/lib/python3.10/dist-packages/airflow/example_dags/example_short_circuit_operator.py for tasks to queue
[2023-11-07T19:57:55.379+0000] {logging_mixin.py:154} INFO - [2023-11-07T19:57:55.378+0000] {dagbag.py:536} INFO - Filling up the DagBag from /usr/local/lib/python3.10/dist-packages/airflow/example_dags/example_short_circuit_operator.py
[2023-11-07T19:57:55.387+0000] {processor.py:839} INFO - DAG(s) dict_keys(['example_short_circuit_operator']) retrieved from /usr/local/lib/python3.10/dist-packages/airflow/example_dags/example_short_circuit_operator.py
[2023-11-07T19:57:55.413+0000] {logging_mixin.py:154} INFO - [2023-11-07T19:57:55.413+0000] {dag.py:2941} INFO - Sync 1 DAGs
[2023-11-07T19:57:55.433+0000] {logging_mixin.py:154} INFO - [2023-11-07T19:57:55.433+0000] {dag.py:3722} INFO - Setting next_dagrun for example_short_circuit_operator to 2023-11-06T19:57:55.433505+00:00, run_after=2023-11-07T19:57:55.433505+00:00
[2023-11-07T19:57:55.454+0000] {processor.py:179} INFO - Processing /usr/local/lib/python3.10/dist-packages/airflow/example_dags/example_short_circuit_operator.py took 0.080 seconds
[2023-11-07T19:58:42.061+0000] {processor.py:157} INFO - Started process (PID=5206) to work on /usr/local/lib/python3.10/dist-packages/airflow/example_dags/example_short_circuit_operator.py
[2023-11-07T19:58:42.062+0000] {processor.py:829} INFO - Processing file /usr/local/lib/python3.10/dist-packages/airflow/example_dags/example_short_circuit_operator.py for tasks to queue
[2023-11-07T19:58:42.063+0000] {logging_mixin.py:154} INFO - [2023-11-07T19:58:42.062+0000] {dagbag.py:536} INFO - Filling up the DagBag from /usr/local/lib/python3.10/dist-packages/airflow/example_dags/example_short_circuit_operator.py
[2023-11-07T19:58:42.072+0000] {processor.py:839} INFO - DAG(s) dict_keys(['example_short_circuit_operator']) retrieved from /usr/local/lib/python3.10/dist-packages/airflow/example_dags/example_short_circuit_operator.py
[2023-11-07T19:58:42.091+0000] {logging_mixin.py:154} INFO - [2023-11-07T19:58:42.090+0000] {dag.py:2941} INFO - Sync 1 DAGs
[2023-11-07T19:58:42.109+0000] {logging_mixin.py:154} INFO - [2023-11-07T19:58:42.109+0000] {dag.py:3722} INFO - Setting next_dagrun for example_short_circuit_operator to 2023-11-06T19:58:42.109270+00:00, run_after=2023-11-07T19:58:42.109270+00:00
[2023-11-07T19:58:42.131+0000] {processor.py:179} INFO - Processing /usr/local/lib/python3.10/dist-packages/airflow/example_dags/example_short_circuit_operator.py took 0.074 seconds
[2023-11-07T19:59:16.796+0000] {processor.py:157} INFO - Started process (PID=5241) to work on /usr/local/lib/python3.10/dist-packages/airflow/example_dags/example_short_circuit_operator.py
[2023-11-07T19:59:16.797+0000] {processor.py:829} INFO - Processing file /usr/local/lib/python3.10/dist-packages/airflow/example_dags/example_short_circuit_operator.py for tasks to queue
[2023-11-07T19:59:16.798+0000] {logging_mixin.py:154} INFO - [2023-11-07T19:59:16.798+0000] {dagbag.py:536} INFO - Filling up the DagBag from /usr/local/lib/python3.10/dist-packages/airflow/example_dags/example_short_circuit_operator.py
[2023-11-07T19:59:16.807+0000] {processor.py:839} INFO - DAG(s) dict_keys(['example_short_circuit_operator']) retrieved from /usr/local/lib/python3.10/dist-packages/airflow/example_dags/example_short_circuit_operator.py
[2023-11-07T19:59:16.829+0000] {logging_mixin.py:154} INFO - [2023-11-07T19:59:16.829+0000] {dag.py:2941} INFO - Sync 1 DAGs
[2023-11-07T19:59:16.850+0000] {logging_mixin.py:154} INFO - [2023-11-07T19:59:16.850+0000] {dag.py:3722} INFO - Setting next_dagrun for example_short_circuit_operator to 2023-11-06T19:59:16.850213+00:00, run_after=2023-11-07T19:59:16.850213+00:00
[2023-11-07T19:59:16.877+0000] {processor.py:179} INFO - Processing /usr/local/lib/python3.10/dist-packages/airflow/example_dags/example_short_circuit_operator.py took 0.084 seconds
[2023-11-07T20:00:06.632+0000] {processor.py:157} INFO - Started process (PID=5292) to work on /usr/local/lib/python3.10/dist-packages/airflow/example_dags/example_short_circuit_operator.py
[2023-11-07T20:00:06.633+0000] {processor.py:829} INFO - Processing file /usr/local/lib/python3.10/dist-packages/airflow/example_dags/example_short_circuit_operator.py for tasks to queue
[2023-11-07T20:00:06.634+0000] {logging_mixin.py:154} INFO - [2023-11-07T20:00:06.633+0000] {dagbag.py:536} INFO - Filling up the DagBag from /usr/local/lib/python3.10/dist-packages/airflow/example_dags/example_short_circuit_operator.py
[2023-11-07T20:00:06.643+0000] {processor.py:839} INFO - DAG(s) dict_keys(['example_short_circuit_operator']) retrieved from /usr/local/lib/python3.10/dist-packages/airflow/example_dags/example_short_circuit_operator.py
[2023-11-07T20:00:06.664+0000] {logging_mixin.py:154} INFO - [2023-11-07T20:00:06.664+0000] {dag.py:2941} INFO - Sync 1 DAGs
[2023-11-07T20:00:06.684+0000] {logging_mixin.py:154} INFO - [2023-11-07T20:00:06.684+0000] {dag.py:3722} INFO - Setting next_dagrun for example_short_circuit_operator to 2023-11-06T20:00:06.684448+00:00, run_after=2023-11-07T20:00:06.684448+00:00
[2023-11-07T20:00:06.710+0000] {processor.py:179} INFO - Processing /usr/local/lib/python3.10/dist-packages/airflow/example_dags/example_short_circuit_operator.py took 0.081 seconds
[2023-11-07T20:00:44.395+0000] {processor.py:157} INFO - Started process (PID=5329) to work on /usr/local/lib/python3.10/dist-packages/airflow/example_dags/example_short_circuit_operator.py
[2023-11-07T20:00:44.396+0000] {processor.py:829} INFO - Processing file /usr/local/lib/python3.10/dist-packages/airflow/example_dags/example_short_circuit_operator.py for tasks to queue
[2023-11-07T20:00:44.397+0000] {logging_mixin.py:154} INFO - [2023-11-07T20:00:44.397+0000] {dagbag.py:536} INFO - Filling up the DagBag from /usr/local/lib/python3.10/dist-packages/airflow/example_dags/example_short_circuit_operator.py
[2023-11-07T20:00:44.408+0000] {processor.py:839} INFO - DAG(s) dict_keys(['example_short_circuit_operator']) retrieved from /usr/local/lib/python3.10/dist-packages/airflow/example_dags/example_short_circuit_operator.py
[2023-11-07T20:00:44.440+0000] {logging_mixin.py:154} INFO - [2023-11-07T20:00:44.440+0000] {dag.py:2941} INFO - Sync 1 DAGs
[2023-11-07T20:00:44.481+0000] {logging_mixin.py:154} INFO - [2023-11-07T20:00:44.479+0000] {dag.py:3722} INFO - Setting next_dagrun for example_short_circuit_operator to 2023-11-06T20:00:44.479529+00:00, run_after=2023-11-07T20:00:44.479529+00:00
[2023-11-07T20:00:44.518+0000] {processor.py:179} INFO - Processing /usr/local/lib/python3.10/dist-packages/airflow/example_dags/example_short_circuit_operator.py took 0.127 seconds
[2023-11-07T20:01:20.492+0000] {processor.py:157} INFO - Started process (PID=5365) to work on /usr/local/lib/python3.10/dist-packages/airflow/example_dags/example_short_circuit_operator.py
[2023-11-07T20:01:20.494+0000] {processor.py:829} INFO - Processing file /usr/local/lib/python3.10/dist-packages/airflow/example_dags/example_short_circuit_operator.py for tasks to queue
[2023-11-07T20:01:20.495+0000] {logging_mixin.py:154} INFO - [2023-11-07T20:01:20.494+0000] {dagbag.py:536} INFO - Filling up the DagBag from /usr/local/lib/python3.10/dist-packages/airflow/example_dags/example_short_circuit_operator.py
[2023-11-07T20:01:20.514+0000] {processor.py:839} INFO - DAG(s) dict_keys(['example_short_circuit_operator']) retrieved from /usr/local/lib/python3.10/dist-packages/airflow/example_dags/example_short_circuit_operator.py
[2023-11-07T20:01:20.544+0000] {logging_mixin.py:154} INFO - [2023-11-07T20:01:20.544+0000] {dag.py:2941} INFO - Sync 1 DAGs
[2023-11-07T20:01:20.573+0000] {logging_mixin.py:154} INFO - [2023-11-07T20:01:20.573+0000] {dag.py:3722} INFO - Setting next_dagrun for example_short_circuit_operator to 2023-11-06T20:01:20.573186+00:00, run_after=2023-11-07T20:01:20.573186+00:00
[2023-11-07T20:01:20.596+0000] {processor.py:179} INFO - Processing /usr/local/lib/python3.10/dist-packages/airflow/example_dags/example_short_circuit_operator.py took 0.108 seconds
[2023-11-07T20:02:03.295+0000] {processor.py:157} INFO - Started process (PID=5411) to work on /usr/local/lib/python3.10/dist-packages/airflow/example_dags/example_short_circuit_operator.py
[2023-11-07T20:02:03.298+0000] {processor.py:829} INFO - Processing file /usr/local/lib/python3.10/dist-packages/airflow/example_dags/example_short_circuit_operator.py for tasks to queue
[2023-11-07T20:02:03.299+0000] {logging_mixin.py:154} INFO - [2023-11-07T20:02:03.298+0000] {dagbag.py:536} INFO - Filling up the DagBag from /usr/local/lib/python3.10/dist-packages/airflow/example_dags/example_short_circuit_operator.py
[2023-11-07T20:02:03.308+0000] {processor.py:839} INFO - DAG(s) dict_keys(['example_short_circuit_operator']) retrieved from /usr/local/lib/python3.10/dist-packages/airflow/example_dags/example_short_circuit_operator.py
[2023-11-07T20:02:03.328+0000] {logging_mixin.py:154} INFO - [2023-11-07T20:02:03.328+0000] {dag.py:2941} INFO - Sync 1 DAGs
[2023-11-07T20:02:03.350+0000] {logging_mixin.py:154} INFO - [2023-11-07T20:02:03.350+0000] {dag.py:3722} INFO - Setting next_dagrun for example_short_circuit_operator to 2023-11-06T20:02:03.349707+00:00, run_after=2023-11-07T20:02:03.349707+00:00
[2023-11-07T20:02:03.378+0000] {processor.py:179} INFO - Processing /usr/local/lib/python3.10/dist-packages/airflow/example_dags/example_short_circuit_operator.py took 0.087 seconds
[2023-11-07T20:02:52.566+0000] {processor.py:157} INFO - Started process (PID=5461) to work on /usr/local/lib/python3.10/dist-packages/airflow/example_dags/example_short_circuit_operator.py
[2023-11-07T20:02:52.567+0000] {processor.py:829} INFO - Processing file /usr/local/lib/python3.10/dist-packages/airflow/example_dags/example_short_circuit_operator.py for tasks to queue
[2023-11-07T20:02:52.568+0000] {logging_mixin.py:154} INFO - [2023-11-07T20:02:52.567+0000] {dagbag.py:536} INFO - Filling up the DagBag from /usr/local/lib/python3.10/dist-packages/airflow/example_dags/example_short_circuit_operator.py
[2023-11-07T20:02:52.577+0000] {processor.py:839} INFO - DAG(s) dict_keys(['example_short_circuit_operator']) retrieved from /usr/local/lib/python3.10/dist-packages/airflow/example_dags/example_short_circuit_operator.py
[2023-11-07T20:02:52.598+0000] {logging_mixin.py:154} INFO - [2023-11-07T20:02:52.597+0000] {dag.py:2941} INFO - Sync 1 DAGs
[2023-11-07T20:02:52.623+0000] {logging_mixin.py:154} INFO - [2023-11-07T20:02:52.623+0000] {dag.py:3722} INFO - Setting next_dagrun for example_short_circuit_operator to 2023-11-06T20:02:52.622713+00:00, run_after=2023-11-07T20:02:52.622713+00:00
[2023-11-07T20:02:52.666+0000] {processor.py:179} INFO - Processing /usr/local/lib/python3.10/dist-packages/airflow/example_dags/example_short_circuit_operator.py took 0.104 seconds
[2023-11-07T20:03:41.969+0000] {processor.py:157} INFO - Started process (PID=5513) to work on /usr/local/lib/python3.10/dist-packages/airflow/example_dags/example_short_circuit_operator.py
[2023-11-07T20:03:41.970+0000] {processor.py:829} INFO - Processing file /usr/local/lib/python3.10/dist-packages/airflow/example_dags/example_short_circuit_operator.py for tasks to queue
[2023-11-07T20:03:41.971+0000] {logging_mixin.py:154} INFO - [2023-11-07T20:03:41.970+0000] {dagbag.py:536} INFO - Filling up the DagBag from /usr/local/lib/python3.10/dist-packages/airflow/example_dags/example_short_circuit_operator.py
[2023-11-07T20:03:41.979+0000] {processor.py:839} INFO - DAG(s) dict_keys(['example_short_circuit_operator']) retrieved from /usr/local/lib/python3.10/dist-packages/airflow/example_dags/example_short_circuit_operator.py
[2023-11-07T20:03:42.004+0000] {logging_mixin.py:154} INFO - [2023-11-07T20:03:42.004+0000] {dag.py:2941} INFO - Sync 1 DAGs
[2023-11-07T20:03:42.032+0000] {logging_mixin.py:154} INFO - [2023-11-07T20:03:42.032+0000] {dag.py:3722} INFO - Setting next_dagrun for example_short_circuit_operator to 2023-11-06T20:03:42.032107+00:00, run_after=2023-11-07T20:03:42.032107+00:00
[2023-11-07T20:03:42.054+0000] {processor.py:179} INFO - Processing /usr/local/lib/python3.10/dist-packages/airflow/example_dags/example_short_circuit_operator.py took 0.088 seconds
[2023-11-07T20:04:29.303+0000] {processor.py:157} INFO - Started process (PID=5562) to work on /usr/local/lib/python3.10/dist-packages/airflow/example_dags/example_short_circuit_operator.py
[2023-11-07T20:04:29.304+0000] {processor.py:829} INFO - Processing file /usr/local/lib/python3.10/dist-packages/airflow/example_dags/example_short_circuit_operator.py for tasks to queue
[2023-11-07T20:04:29.305+0000] {logging_mixin.py:154} INFO - [2023-11-07T20:04:29.304+0000] {dagbag.py:536} INFO - Filling up the DagBag from /usr/local/lib/python3.10/dist-packages/airflow/example_dags/example_short_circuit_operator.py
[2023-11-07T20:04:29.314+0000] {processor.py:839} INFO - DAG(s) dict_keys(['example_short_circuit_operator']) retrieved from /usr/local/lib/python3.10/dist-packages/airflow/example_dags/example_short_circuit_operator.py
[2023-11-07T20:04:29.332+0000] {logging_mixin.py:154} INFO - [2023-11-07T20:04:29.332+0000] {dag.py:2941} INFO - Sync 1 DAGs
[2023-11-07T20:04:29.353+0000] {logging_mixin.py:154} INFO - [2023-11-07T20:04:29.352+0000] {dag.py:3722} INFO - Setting next_dagrun for example_short_circuit_operator to 2023-11-06T20:04:29.352728+00:00, run_after=2023-11-07T20:04:29.352728+00:00
[2023-11-07T20:04:29.376+0000] {processor.py:179} INFO - Processing /usr/local/lib/python3.10/dist-packages/airflow/example_dags/example_short_circuit_operator.py took 0.077 seconds
[2023-11-07T20:05:19.940+0000] {processor.py:157} INFO - Started process (PID=5613) to work on /usr/local/lib/python3.10/dist-packages/airflow/example_dags/example_short_circuit_operator.py
[2023-11-07T20:05:19.941+0000] {processor.py:829} INFO - Processing file /usr/local/lib/python3.10/dist-packages/airflow/example_dags/example_short_circuit_operator.py for tasks to queue
[2023-11-07T20:05:19.942+0000] {logging_mixin.py:154} INFO - [2023-11-07T20:05:19.942+0000] {dagbag.py:536} INFO - Filling up the DagBag from /usr/local/lib/python3.10/dist-packages/airflow/example_dags/example_short_circuit_operator.py
[2023-11-07T20:05:19.950+0000] {processor.py:839} INFO - DAG(s) dict_keys(['example_short_circuit_operator']) retrieved from /usr/local/lib/python3.10/dist-packages/airflow/example_dags/example_short_circuit_operator.py
[2023-11-07T20:05:19.969+0000] {logging_mixin.py:154} INFO - [2023-11-07T20:05:19.968+0000] {dag.py:2941} INFO - Sync 1 DAGs
[2023-11-07T20:05:19.987+0000] {logging_mixin.py:154} INFO - [2023-11-07T20:05:19.987+0000] {dag.py:3722} INFO - Setting next_dagrun for example_short_circuit_operator to 2023-11-06T20:05:19.987260+00:00, run_after=2023-11-07T20:05:19.987260+00:00
[2023-11-07T20:05:20.012+0000] {processor.py:179} INFO - Processing /usr/local/lib/python3.10/dist-packages/airflow/example_dags/example_short_circuit_operator.py took 0.075 seconds
[2023-11-07T20:06:07.867+0000] {processor.py:157} INFO - Started process (PID=5663) to work on /usr/local/lib/python3.10/dist-packages/airflow/example_dags/example_short_circuit_operator.py
[2023-11-07T20:06:07.869+0000] {processor.py:829} INFO - Processing file /usr/local/lib/python3.10/dist-packages/airflow/example_dags/example_short_circuit_operator.py for tasks to queue
[2023-11-07T20:06:07.871+0000] {logging_mixin.py:154} INFO - [2023-11-07T20:06:07.869+0000] {dagbag.py:536} INFO - Filling up the DagBag from /usr/local/lib/python3.10/dist-packages/airflow/example_dags/example_short_circuit_operator.py
[2023-11-07T20:06:07.889+0000] {processor.py:839} INFO - DAG(s) dict_keys(['example_short_circuit_operator']) retrieved from /usr/local/lib/python3.10/dist-packages/airflow/example_dags/example_short_circuit_operator.py
[2023-11-07T20:06:07.938+0000] {logging_mixin.py:154} INFO - [2023-11-07T20:06:07.938+0000] {dag.py:2941} INFO - Sync 1 DAGs
[2023-11-07T20:06:07.966+0000] {logging_mixin.py:154} INFO - [2023-11-07T20:06:07.966+0000] {dag.py:3722} INFO - Setting next_dagrun for example_short_circuit_operator to 2023-11-06T20:06:07.966145+00:00, run_after=2023-11-07T20:06:07.966145+00:00
[2023-11-07T20:06:07.994+0000] {processor.py:179} INFO - Processing /usr/local/lib/python3.10/dist-packages/airflow/example_dags/example_short_circuit_operator.py took 0.135 seconds
[2023-11-07T20:06:58.186+0000] {processor.py:157} INFO - Started process (PID=5714) to work on /usr/local/lib/python3.10/dist-packages/airflow/example_dags/example_short_circuit_operator.py
[2023-11-07T20:06:58.189+0000] {processor.py:829} INFO - Processing file /usr/local/lib/python3.10/dist-packages/airflow/example_dags/example_short_circuit_operator.py for tasks to queue
[2023-11-07T20:06:58.190+0000] {logging_mixin.py:154} INFO - [2023-11-07T20:06:58.190+0000] {dagbag.py:536} INFO - Filling up the DagBag from /usr/local/lib/python3.10/dist-packages/airflow/example_dags/example_short_circuit_operator.py
[2023-11-07T20:06:58.199+0000] {processor.py:839} INFO - DAG(s) dict_keys(['example_short_circuit_operator']) retrieved from /usr/local/lib/python3.10/dist-packages/airflow/example_dags/example_short_circuit_operator.py
[2023-11-07T20:06:58.218+0000] {logging_mixin.py:154} INFO - [2023-11-07T20:06:58.218+0000] {dag.py:2941} INFO - Sync 1 DAGs
[2023-11-07T20:06:58.243+0000] {logging_mixin.py:154} INFO - [2023-11-07T20:06:58.243+0000] {dag.py:3722} INFO - Setting next_dagrun for example_short_circuit_operator to 2023-11-06T20:06:58.243486+00:00, run_after=2023-11-07T20:06:58.243486+00:00
[2023-11-07T20:06:58.268+0000] {processor.py:179} INFO - Processing /usr/local/lib/python3.10/dist-packages/airflow/example_dags/example_short_circuit_operator.py took 0.089 seconds
[2023-11-07T20:07:32.615+0000] {processor.py:157} INFO - Started process (PID=5752) to work on /usr/local/lib/python3.10/dist-packages/airflow/example_dags/example_short_circuit_operator.py
[2023-11-07T20:07:32.616+0000] {processor.py:829} INFO - Processing file /usr/local/lib/python3.10/dist-packages/airflow/example_dags/example_short_circuit_operator.py for tasks to queue
[2023-11-07T20:07:32.617+0000] {logging_mixin.py:154} INFO - [2023-11-07T20:07:32.617+0000] {dagbag.py:536} INFO - Filling up the DagBag from /usr/local/lib/python3.10/dist-packages/airflow/example_dags/example_short_circuit_operator.py
[2023-11-07T20:07:32.625+0000] {processor.py:839} INFO - DAG(s) dict_keys(['example_short_circuit_operator']) retrieved from /usr/local/lib/python3.10/dist-packages/airflow/example_dags/example_short_circuit_operator.py
[2023-11-07T20:07:32.643+0000] {logging_mixin.py:154} INFO - [2023-11-07T20:07:32.643+0000] {dag.py:2941} INFO - Sync 1 DAGs
[2023-11-07T20:07:32.661+0000] {logging_mixin.py:154} INFO - [2023-11-07T20:07:32.661+0000] {dag.py:3722} INFO - Setting next_dagrun for example_short_circuit_operator to 2023-11-06T20:07:32.661488+00:00, run_after=2023-11-07T20:07:32.661488+00:00
[2023-11-07T20:07:32.682+0000] {processor.py:179} INFO - Processing /usr/local/lib/python3.10/dist-packages/airflow/example_dags/example_short_circuit_operator.py took 0.070 seconds
