[2023-11-07T19:32:17.448+0000] {processor.py:157} INFO - Started process (PID=3590) to work on /usr/local/lib/python3.10/dist-packages/airflow/example_dags/example_bash_operator.py
[2023-11-07T19:32:17.449+0000] {processor.py:829} INFO - Processing file /usr/local/lib/python3.10/dist-packages/airflow/example_dags/example_bash_operator.py for tasks to queue
[2023-11-07T19:32:17.450+0000] {logging_mixin.py:154} INFO - [2023-11-07T19:32:17.449+0000] {dagbag.py:536} INFO - Filling up the DagBag from /usr/local/lib/python3.10/dist-packages/airflow/example_dags/example_bash_operator.py
[2023-11-07T19:32:17.462+0000] {processor.py:839} INFO - DAG(s) dict_keys(['example_bash_operator']) retrieved from /usr/local/lib/python3.10/dist-packages/airflow/example_dags/example_bash_operator.py
[2023-11-07T19:32:17.590+0000] {logging_mixin.py:154} INFO - [2023-11-07T19:32:17.590+0000] {manager.py:499} INFO - Created Permission View: %s
[2023-11-07T19:32:17.603+0000] {logging_mixin.py:154} INFO - [2023-11-07T19:32:17.603+0000] {manager.py:499} INFO - Created Permission View: %s
[2023-11-07T19:32:17.612+0000] {logging_mixin.py:154} INFO - [2023-11-07T19:32:17.612+0000] {manager.py:499} INFO - Created Permission View: %s
[2023-11-07T19:32:17.612+0000] {logging_mixin.py:154} INFO - [2023-11-07T19:32:17.612+0000] {dag.py:2941} INFO - Sync 1 DAGs
[2023-11-07T19:32:17.624+0000] {logging_mixin.py:154} INFO - [2023-11-07T19:32:17.624+0000] {dag.py:2963} INFO - Creating ORM DAG for example_bash_operator
[2023-11-07T19:32:17.636+0000] {logging_mixin.py:154} INFO - [2023-11-07T19:32:17.636+0000] {dag.py:3722} INFO - Setting next_dagrun for example_bash_operator to 2023-11-06T00:00:00+00:00, run_after=2023-11-07T00:00:00+00:00
[2023-11-07T19:32:17.665+0000] {processor.py:179} INFO - Processing /usr/local/lib/python3.10/dist-packages/airflow/example_dags/example_bash_operator.py took 0.219 seconds
[2023-11-07T19:33:14.591+0000] {processor.py:157} INFO - Started process (PID=3648) to work on /usr/local/lib/python3.10/dist-packages/airflow/example_dags/example_bash_operator.py
[2023-11-07T19:33:14.592+0000] {processor.py:829} INFO - Processing file /usr/local/lib/python3.10/dist-packages/airflow/example_dags/example_bash_operator.py for tasks to queue
[2023-11-07T19:33:14.593+0000] {logging_mixin.py:154} INFO - [2023-11-07T19:33:14.592+0000] {dagbag.py:536} INFO - Filling up the DagBag from /usr/local/lib/python3.10/dist-packages/airflow/example_dags/example_bash_operator.py
[2023-11-07T19:33:14.615+0000] {processor.py:839} INFO - DAG(s) dict_keys(['example_bash_operator']) retrieved from /usr/local/lib/python3.10/dist-packages/airflow/example_dags/example_bash_operator.py
[2023-11-07T19:33:14.640+0000] {logging_mixin.py:154} INFO - [2023-11-07T19:33:14.640+0000] {dag.py:2941} INFO - Sync 1 DAGs
[2023-11-07T19:33:14.662+0000] {logging_mixin.py:154} INFO - [2023-11-07T19:33:14.662+0000] {dag.py:3722} INFO - Setting next_dagrun for example_bash_operator to 2023-11-06T00:00:00+00:00, run_after=2023-11-07T00:00:00+00:00
[2023-11-07T19:33:14.717+0000] {processor.py:179} INFO - Processing /usr/local/lib/python3.10/dist-packages/airflow/example_dags/example_bash_operator.py took 0.130 seconds
[2023-11-07T19:34:01.321+0000] {processor.py:157} INFO - Started process (PID=3696) to work on /usr/local/lib/python3.10/dist-packages/airflow/example_dags/example_bash_operator.py
[2023-11-07T19:34:01.323+0000] {processor.py:829} INFO - Processing file /usr/local/lib/python3.10/dist-packages/airflow/example_dags/example_bash_operator.py for tasks to queue
[2023-11-07T19:34:01.327+0000] {logging_mixin.py:154} INFO - [2023-11-07T19:34:01.327+0000] {dagbag.py:536} INFO - Filling up the DagBag from /usr/local/lib/python3.10/dist-packages/airflow/example_dags/example_bash_operator.py
[2023-11-07T19:34:01.347+0000] {processor.py:839} INFO - DAG(s) dict_keys(['example_bash_operator']) retrieved from /usr/local/lib/python3.10/dist-packages/airflow/example_dags/example_bash_operator.py
[2023-11-07T19:34:01.380+0000] {logging_mixin.py:154} INFO - [2023-11-07T19:34:01.379+0000] {dag.py:2941} INFO - Sync 1 DAGs
[2023-11-07T19:34:01.401+0000] {logging_mixin.py:154} INFO - [2023-11-07T19:34:01.401+0000] {dag.py:3722} INFO - Setting next_dagrun for example_bash_operator to 2023-11-06T00:00:00+00:00, run_after=2023-11-07T00:00:00+00:00
[2023-11-07T19:34:01.427+0000] {processor.py:179} INFO - Processing /usr/local/lib/python3.10/dist-packages/airflow/example_dags/example_bash_operator.py took 0.114 seconds
[2023-11-07T19:34:49.817+0000] {processor.py:157} INFO - Started process (PID=3747) to work on /usr/local/lib/python3.10/dist-packages/airflow/example_dags/example_bash_operator.py
[2023-11-07T19:34:49.819+0000] {processor.py:829} INFO - Processing file /usr/local/lib/python3.10/dist-packages/airflow/example_dags/example_bash_operator.py for tasks to queue
[2023-11-07T19:34:49.821+0000] {logging_mixin.py:154} INFO - [2023-11-07T19:34:49.819+0000] {dagbag.py:536} INFO - Filling up the DagBag from /usr/local/lib/python3.10/dist-packages/airflow/example_dags/example_bash_operator.py
[2023-11-07T19:34:49.839+0000] {processor.py:839} INFO - DAG(s) dict_keys(['example_bash_operator']) retrieved from /usr/local/lib/python3.10/dist-packages/airflow/example_dags/example_bash_operator.py
[2023-11-07T19:34:49.875+0000] {logging_mixin.py:154} INFO - [2023-11-07T19:34:49.875+0000] {dag.py:2941} INFO - Sync 1 DAGs
[2023-11-07T19:34:49.916+0000] {logging_mixin.py:154} INFO - [2023-11-07T19:34:49.916+0000] {dag.py:3722} INFO - Setting next_dagrun for example_bash_operator to 2023-11-06T00:00:00+00:00, run_after=2023-11-07T00:00:00+00:00
[2023-11-07T19:34:49.954+0000] {processor.py:179} INFO - Processing /usr/local/lib/python3.10/dist-packages/airflow/example_dags/example_bash_operator.py took 0.142 seconds
[2023-11-07T19:35:34.407+0000] {processor.py:157} INFO - Started process (PID=3796) to work on /usr/local/lib/python3.10/dist-packages/airflow/example_dags/example_bash_operator.py
[2023-11-07T19:35:34.409+0000] {processor.py:829} INFO - Processing file /usr/local/lib/python3.10/dist-packages/airflow/example_dags/example_bash_operator.py for tasks to queue
[2023-11-07T19:35:34.411+0000] {logging_mixin.py:154} INFO - [2023-11-07T19:35:34.411+0000] {dagbag.py:536} INFO - Filling up the DagBag from /usr/local/lib/python3.10/dist-packages/airflow/example_dags/example_bash_operator.py
[2023-11-07T19:35:34.437+0000] {processor.py:839} INFO - DAG(s) dict_keys(['example_bash_operator']) retrieved from /usr/local/lib/python3.10/dist-packages/airflow/example_dags/example_bash_operator.py
[2023-11-07T19:35:34.480+0000] {logging_mixin.py:154} INFO - [2023-11-07T19:35:34.480+0000] {dag.py:2941} INFO - Sync 1 DAGs
[2023-11-07T19:35:34.521+0000] {logging_mixin.py:154} INFO - [2023-11-07T19:35:34.520+0000] {dag.py:3722} INFO - Setting next_dagrun for example_bash_operator to 2023-11-06T00:00:00+00:00, run_after=2023-11-07T00:00:00+00:00
[2023-11-07T19:35:34.546+0000] {processor.py:179} INFO - Processing /usr/local/lib/python3.10/dist-packages/airflow/example_dags/example_bash_operator.py took 0.153 seconds
[2023-11-07T19:36:22.349+0000] {processor.py:157} INFO - Started process (PID=3844) to work on /usr/local/lib/python3.10/dist-packages/airflow/example_dags/example_bash_operator.py
[2023-11-07T19:36:22.351+0000] {processor.py:829} INFO - Processing file /usr/local/lib/python3.10/dist-packages/airflow/example_dags/example_bash_operator.py for tasks to queue
[2023-11-07T19:36:22.351+0000] {logging_mixin.py:154} INFO - [2023-11-07T19:36:22.351+0000] {dagbag.py:536} INFO - Filling up the DagBag from /usr/local/lib/python3.10/dist-packages/airflow/example_dags/example_bash_operator.py
[2023-11-07T19:36:22.363+0000] {processor.py:839} INFO - DAG(s) dict_keys(['example_bash_operator']) retrieved from /usr/local/lib/python3.10/dist-packages/airflow/example_dags/example_bash_operator.py
[2023-11-07T19:36:22.387+0000] {logging_mixin.py:154} INFO - [2023-11-07T19:36:22.387+0000] {dag.py:2941} INFO - Sync 1 DAGs
[2023-11-07T19:36:22.409+0000] {logging_mixin.py:154} INFO - [2023-11-07T19:36:22.409+0000] {dag.py:3722} INFO - Setting next_dagrun for example_bash_operator to 2023-11-06T00:00:00+00:00, run_after=2023-11-07T00:00:00+00:00
[2023-11-07T19:36:22.433+0000] {processor.py:179} INFO - Processing /usr/local/lib/python3.10/dist-packages/airflow/example_dags/example_bash_operator.py took 0.087 seconds
[2023-11-07T19:37:13.290+0000] {processor.py:157} INFO - Started process (PID=3896) to work on /usr/local/lib/python3.10/dist-packages/airflow/example_dags/example_bash_operator.py
[2023-11-07T19:37:13.292+0000] {processor.py:829} INFO - Processing file /usr/local/lib/python3.10/dist-packages/airflow/example_dags/example_bash_operator.py for tasks to queue
[2023-11-07T19:37:13.293+0000] {logging_mixin.py:154} INFO - [2023-11-07T19:37:13.292+0000] {dagbag.py:536} INFO - Filling up the DagBag from /usr/local/lib/python3.10/dist-packages/airflow/example_dags/example_bash_operator.py
[2023-11-07T19:37:13.308+0000] {processor.py:839} INFO - DAG(s) dict_keys(['example_bash_operator']) retrieved from /usr/local/lib/python3.10/dist-packages/airflow/example_dags/example_bash_operator.py
[2023-11-07T19:37:13.334+0000] {logging_mixin.py:154} INFO - [2023-11-07T19:37:13.334+0000] {dag.py:2941} INFO - Sync 1 DAGs
[2023-11-07T19:37:13.361+0000] {logging_mixin.py:154} INFO - [2023-11-07T19:37:13.360+0000] {dag.py:3722} INFO - Setting next_dagrun for example_bash_operator to 2023-11-06T00:00:00+00:00, run_after=2023-11-07T00:00:00+00:00
[2023-11-07T19:37:13.388+0000] {processor.py:179} INFO - Processing /usr/local/lib/python3.10/dist-packages/airflow/example_dags/example_bash_operator.py took 0.101 seconds
[2023-11-07T19:38:01.492+0000] {processor.py:157} INFO - Started process (PID=3946) to work on /usr/local/lib/python3.10/dist-packages/airflow/example_dags/example_bash_operator.py
[2023-11-07T19:38:01.493+0000] {processor.py:829} INFO - Processing file /usr/local/lib/python3.10/dist-packages/airflow/example_dags/example_bash_operator.py for tasks to queue
[2023-11-07T19:38:01.494+0000] {logging_mixin.py:154} INFO - [2023-11-07T19:38:01.494+0000] {dagbag.py:536} INFO - Filling up the DagBag from /usr/local/lib/python3.10/dist-packages/airflow/example_dags/example_bash_operator.py
[2023-11-07T19:38:01.506+0000] {processor.py:839} INFO - DAG(s) dict_keys(['example_bash_operator']) retrieved from /usr/local/lib/python3.10/dist-packages/airflow/example_dags/example_bash_operator.py
[2023-11-07T19:38:01.530+0000] {logging_mixin.py:154} INFO - [2023-11-07T19:38:01.529+0000] {dag.py:2941} INFO - Sync 1 DAGs
[2023-11-07T19:38:01.551+0000] {logging_mixin.py:154} INFO - [2023-11-07T19:38:01.550+0000] {dag.py:3722} INFO - Setting next_dagrun for example_bash_operator to 2023-11-06T00:00:00+00:00, run_after=2023-11-07T00:00:00+00:00
[2023-11-07T19:38:01.572+0000] {processor.py:179} INFO - Processing /usr/local/lib/python3.10/dist-packages/airflow/example_dags/example_bash_operator.py took 0.085 seconds
[2023-11-07T19:38:50.851+0000] {processor.py:157} INFO - Started process (PID=3997) to work on /usr/local/lib/python3.10/dist-packages/airflow/example_dags/example_bash_operator.py
[2023-11-07T19:38:50.853+0000] {processor.py:829} INFO - Processing file /usr/local/lib/python3.10/dist-packages/airflow/example_dags/example_bash_operator.py for tasks to queue
[2023-11-07T19:38:50.853+0000] {logging_mixin.py:154} INFO - [2023-11-07T19:38:50.853+0000] {dagbag.py:536} INFO - Filling up the DagBag from /usr/local/lib/python3.10/dist-packages/airflow/example_dags/example_bash_operator.py
[2023-11-07T19:38:50.867+0000] {processor.py:839} INFO - DAG(s) dict_keys(['example_bash_operator']) retrieved from /usr/local/lib/python3.10/dist-packages/airflow/example_dags/example_bash_operator.py
[2023-11-07T19:38:50.895+0000] {logging_mixin.py:154} INFO - [2023-11-07T19:38:50.894+0000] {dag.py:2941} INFO - Sync 1 DAGs
[2023-11-07T19:38:50.919+0000] {logging_mixin.py:154} INFO - [2023-11-07T19:38:50.919+0000] {dag.py:3722} INFO - Setting next_dagrun for example_bash_operator to 2023-11-06T00:00:00+00:00, run_after=2023-11-07T00:00:00+00:00
[2023-11-07T19:38:50.941+0000] {processor.py:179} INFO - Processing /usr/local/lib/python3.10/dist-packages/airflow/example_dags/example_bash_operator.py took 0.093 seconds
[2023-11-07T19:39:36.566+0000] {processor.py:157} INFO - Started process (PID=4044) to work on /usr/local/lib/python3.10/dist-packages/airflow/example_dags/example_bash_operator.py
[2023-11-07T19:39:36.567+0000] {processor.py:829} INFO - Processing file /usr/local/lib/python3.10/dist-packages/airflow/example_dags/example_bash_operator.py for tasks to queue
[2023-11-07T19:39:36.568+0000] {logging_mixin.py:154} INFO - [2023-11-07T19:39:36.568+0000] {dagbag.py:536} INFO - Filling up the DagBag from /usr/local/lib/python3.10/dist-packages/airflow/example_dags/example_bash_operator.py
[2023-11-07T19:39:36.580+0000] {processor.py:839} INFO - DAG(s) dict_keys(['example_bash_operator']) retrieved from /usr/local/lib/python3.10/dist-packages/airflow/example_dags/example_bash_operator.py
[2023-11-07T19:39:36.603+0000] {logging_mixin.py:154} INFO - [2023-11-07T19:39:36.603+0000] {dag.py:2941} INFO - Sync 1 DAGs
[2023-11-07T19:39:36.622+0000] {logging_mixin.py:154} INFO - [2023-11-07T19:39:36.622+0000] {dag.py:3722} INFO - Setting next_dagrun for example_bash_operator to 2023-11-06T00:00:00+00:00, run_after=2023-11-07T00:00:00+00:00
[2023-11-07T19:39:36.644+0000] {processor.py:179} INFO - Processing /usr/local/lib/python3.10/dist-packages/airflow/example_dags/example_bash_operator.py took 0.081 seconds
[2023-11-07T19:40:26.946+0000] {processor.py:157} INFO - Started process (PID=4096) to work on /usr/local/lib/python3.10/dist-packages/airflow/example_dags/example_bash_operator.py
[2023-11-07T19:40:26.947+0000] {processor.py:829} INFO - Processing file /usr/local/lib/python3.10/dist-packages/airflow/example_dags/example_bash_operator.py for tasks to queue
[2023-11-07T19:40:26.948+0000] {logging_mixin.py:154} INFO - [2023-11-07T19:40:26.947+0000] {dagbag.py:536} INFO - Filling up the DagBag from /usr/local/lib/python3.10/dist-packages/airflow/example_dags/example_bash_operator.py
[2023-11-07T19:40:26.959+0000] {processor.py:839} INFO - DAG(s) dict_keys(['example_bash_operator']) retrieved from /usr/local/lib/python3.10/dist-packages/airflow/example_dags/example_bash_operator.py
[2023-11-07T19:40:26.982+0000] {logging_mixin.py:154} INFO - [2023-11-07T19:40:26.982+0000] {dag.py:2941} INFO - Sync 1 DAGs
[2023-11-07T19:40:27.002+0000] {logging_mixin.py:154} INFO - [2023-11-07T19:40:27.002+0000] {dag.py:3722} INFO - Setting next_dagrun for example_bash_operator to 2023-11-06T00:00:00+00:00, run_after=2023-11-07T00:00:00+00:00
[2023-11-07T19:40:27.023+0000] {processor.py:179} INFO - Processing /usr/local/lib/python3.10/dist-packages/airflow/example_dags/example_bash_operator.py took 0.080 seconds
[2023-11-07T19:41:19.593+0000] {processor.py:157} INFO - Started process (PID=4150) to work on /usr/local/lib/python3.10/dist-packages/airflow/example_dags/example_bash_operator.py
[2023-11-07T19:41:19.594+0000] {processor.py:829} INFO - Processing file /usr/local/lib/python3.10/dist-packages/airflow/example_dags/example_bash_operator.py for tasks to queue
[2023-11-07T19:41:19.595+0000] {logging_mixin.py:154} INFO - [2023-11-07T19:41:19.595+0000] {dagbag.py:536} INFO - Filling up the DagBag from /usr/local/lib/python3.10/dist-packages/airflow/example_dags/example_bash_operator.py
[2023-11-07T19:41:19.609+0000] {processor.py:839} INFO - DAG(s) dict_keys(['example_bash_operator']) retrieved from /usr/local/lib/python3.10/dist-packages/airflow/example_dags/example_bash_operator.py
[2023-11-07T19:41:19.652+0000] {logging_mixin.py:154} INFO - [2023-11-07T19:41:19.652+0000] {dag.py:2941} INFO - Sync 1 DAGs
[2023-11-07T19:41:19.702+0000] {logging_mixin.py:154} INFO - [2023-11-07T19:41:19.701+0000] {dag.py:3722} INFO - Setting next_dagrun for example_bash_operator to 2023-11-06T00:00:00+00:00, run_after=2023-11-07T00:00:00+00:00
[2023-11-07T19:41:19.747+0000] {processor.py:179} INFO - Processing /usr/local/lib/python3.10/dist-packages/airflow/example_dags/example_bash_operator.py took 0.158 seconds
[2023-11-07T19:42:07.805+0000] {processor.py:157} INFO - Started process (PID=4199) to work on /usr/local/lib/python3.10/dist-packages/airflow/example_dags/example_bash_operator.py
[2023-11-07T19:42:07.806+0000] {processor.py:829} INFO - Processing file /usr/local/lib/python3.10/dist-packages/airflow/example_dags/example_bash_operator.py for tasks to queue
[2023-11-07T19:42:07.807+0000] {logging_mixin.py:154} INFO - [2023-11-07T19:42:07.807+0000] {dagbag.py:536} INFO - Filling up the DagBag from /usr/local/lib/python3.10/dist-packages/airflow/example_dags/example_bash_operator.py
[2023-11-07T19:42:07.824+0000] {processor.py:839} INFO - DAG(s) dict_keys(['example_bash_operator']) retrieved from /usr/local/lib/python3.10/dist-packages/airflow/example_dags/example_bash_operator.py
[2023-11-07T19:42:07.849+0000] {logging_mixin.py:154} INFO - [2023-11-07T19:42:07.848+0000] {dag.py:2941} INFO - Sync 1 DAGs
[2023-11-07T19:42:07.872+0000] {logging_mixin.py:154} INFO - [2023-11-07T19:42:07.872+0000] {dag.py:3722} INFO - Setting next_dagrun for example_bash_operator to 2023-11-06T00:00:00+00:00, run_after=2023-11-07T00:00:00+00:00
[2023-11-07T19:42:07.896+0000] {processor.py:179} INFO - Processing /usr/local/lib/python3.10/dist-packages/airflow/example_dags/example_bash_operator.py took 0.094 seconds
[2023-11-07T19:42:55.104+0000] {processor.py:157} INFO - Started process (PID=4249) to work on /usr/local/lib/python3.10/dist-packages/airflow/example_dags/example_bash_operator.py
[2023-11-07T19:42:55.106+0000] {processor.py:829} INFO - Processing file /usr/local/lib/python3.10/dist-packages/airflow/example_dags/example_bash_operator.py for tasks to queue
[2023-11-07T19:42:55.107+0000] {logging_mixin.py:154} INFO - [2023-11-07T19:42:55.106+0000] {dagbag.py:536} INFO - Filling up the DagBag from /usr/local/lib/python3.10/dist-packages/airflow/example_dags/example_bash_operator.py
[2023-11-07T19:42:55.122+0000] {processor.py:839} INFO - DAG(s) dict_keys(['example_bash_operator']) retrieved from /usr/local/lib/python3.10/dist-packages/airflow/example_dags/example_bash_operator.py
[2023-11-07T19:42:55.167+0000] {logging_mixin.py:154} INFO - [2023-11-07T19:42:55.167+0000] {dag.py:2941} INFO - Sync 1 DAGs
[2023-11-07T19:42:55.198+0000] {logging_mixin.py:154} INFO - [2023-11-07T19:42:55.197+0000] {dag.py:3722} INFO - Setting next_dagrun for example_bash_operator to 2023-11-06T00:00:00+00:00, run_after=2023-11-07T00:00:00+00:00
[2023-11-07T19:42:55.225+0000] {processor.py:179} INFO - Processing /usr/local/lib/python3.10/dist-packages/airflow/example_dags/example_bash_operator.py took 0.124 seconds
[2023-11-07T19:43:45.561+0000] {processor.py:157} INFO - Started process (PID=4300) to work on /usr/local/lib/python3.10/dist-packages/airflow/example_dags/example_bash_operator.py
[2023-11-07T19:43:45.563+0000] {processor.py:829} INFO - Processing file /usr/local/lib/python3.10/dist-packages/airflow/example_dags/example_bash_operator.py for tasks to queue
[2023-11-07T19:43:45.564+0000] {logging_mixin.py:154} INFO - [2023-11-07T19:43:45.563+0000] {dagbag.py:536} INFO - Filling up the DagBag from /usr/local/lib/python3.10/dist-packages/airflow/example_dags/example_bash_operator.py
[2023-11-07T19:43:45.578+0000] {processor.py:839} INFO - DAG(s) dict_keys(['example_bash_operator']) retrieved from /usr/local/lib/python3.10/dist-packages/airflow/example_dags/example_bash_operator.py
[2023-11-07T19:43:45.612+0000] {logging_mixin.py:154} INFO - [2023-11-07T19:43:45.612+0000] {dag.py:2941} INFO - Sync 1 DAGs
[2023-11-07T19:43:45.636+0000] {logging_mixin.py:154} INFO - [2023-11-07T19:43:45.635+0000] {dag.py:3722} INFO - Setting next_dagrun for example_bash_operator to 2023-11-06T00:00:00+00:00, run_after=2023-11-07T00:00:00+00:00
[2023-11-07T19:43:45.665+0000] {processor.py:179} INFO - Processing /usr/local/lib/python3.10/dist-packages/airflow/example_dags/example_bash_operator.py took 0.110 seconds
[2023-11-07T19:44:36.152+0000] {processor.py:157} INFO - Started process (PID=4351) to work on /usr/local/lib/python3.10/dist-packages/airflow/example_dags/example_bash_operator.py
[2023-11-07T19:44:36.154+0000] {processor.py:829} INFO - Processing file /usr/local/lib/python3.10/dist-packages/airflow/example_dags/example_bash_operator.py for tasks to queue
[2023-11-07T19:44:36.155+0000] {logging_mixin.py:154} INFO - [2023-11-07T19:44:36.154+0000] {dagbag.py:536} INFO - Filling up the DagBag from /usr/local/lib/python3.10/dist-packages/airflow/example_dags/example_bash_operator.py
[2023-11-07T19:44:36.171+0000] {processor.py:839} INFO - DAG(s) dict_keys(['example_bash_operator']) retrieved from /usr/local/lib/python3.10/dist-packages/airflow/example_dags/example_bash_operator.py
[2023-11-07T19:44:36.202+0000] {logging_mixin.py:154} INFO - [2023-11-07T19:44:36.202+0000] {dag.py:2941} INFO - Sync 1 DAGs
[2023-11-07T19:44:36.228+0000] {logging_mixin.py:154} INFO - [2023-11-07T19:44:36.228+0000] {dag.py:3722} INFO - Setting next_dagrun for example_bash_operator to 2023-11-06T00:00:00+00:00, run_after=2023-11-07T00:00:00+00:00
[2023-11-07T19:44:36.262+0000] {processor.py:179} INFO - Processing /usr/local/lib/python3.10/dist-packages/airflow/example_dags/example_bash_operator.py took 0.121 seconds
[2023-11-07T19:45:31.845+0000] {processor.py:157} INFO - Started process (PID=4406) to work on /usr/local/lib/python3.10/dist-packages/airflow/example_dags/example_bash_operator.py
[2023-11-07T19:45:31.847+0000] {processor.py:829} INFO - Processing file /usr/local/lib/python3.10/dist-packages/airflow/example_dags/example_bash_operator.py for tasks to queue
[2023-11-07T19:45:31.848+0000] {logging_mixin.py:154} INFO - [2023-11-07T19:45:31.847+0000] {dagbag.py:536} INFO - Filling up the DagBag from /usr/local/lib/python3.10/dist-packages/airflow/example_dags/example_bash_operator.py
[2023-11-07T19:45:31.870+0000] {processor.py:839} INFO - DAG(s) dict_keys(['example_bash_operator']) retrieved from /usr/local/lib/python3.10/dist-packages/airflow/example_dags/example_bash_operator.py
[2023-11-07T19:45:31.921+0000] {logging_mixin.py:154} INFO - [2023-11-07T19:45:31.921+0000] {dag.py:2941} INFO - Sync 1 DAGs
[2023-11-07T19:45:31.951+0000] {logging_mixin.py:154} INFO - [2023-11-07T19:45:31.950+0000] {dag.py:3722} INFO - Setting next_dagrun for example_bash_operator to 2023-11-06T00:00:00+00:00, run_after=2023-11-07T00:00:00+00:00
[2023-11-07T19:45:31.974+0000] {processor.py:179} INFO - Processing /usr/local/lib/python3.10/dist-packages/airflow/example_dags/example_bash_operator.py took 0.136 seconds
[2023-11-07T19:46:25.156+0000] {processor.py:157} INFO - Started process (PID=4460) to work on /usr/local/lib/python3.10/dist-packages/airflow/example_dags/example_bash_operator.py
[2023-11-07T19:46:25.158+0000] {processor.py:829} INFO - Processing file /usr/local/lib/python3.10/dist-packages/airflow/example_dags/example_bash_operator.py for tasks to queue
[2023-11-07T19:46:25.158+0000] {logging_mixin.py:154} INFO - [2023-11-07T19:46:25.158+0000] {dagbag.py:536} INFO - Filling up the DagBag from /usr/local/lib/python3.10/dist-packages/airflow/example_dags/example_bash_operator.py
[2023-11-07T19:46:25.172+0000] {processor.py:839} INFO - DAG(s) dict_keys(['example_bash_operator']) retrieved from /usr/local/lib/python3.10/dist-packages/airflow/example_dags/example_bash_operator.py
[2023-11-07T19:46:25.209+0000] {logging_mixin.py:154} INFO - [2023-11-07T19:46:25.209+0000] {dag.py:2941} INFO - Sync 1 DAGs
[2023-11-07T19:46:25.239+0000] {logging_mixin.py:154} INFO - [2023-11-07T19:46:25.239+0000] {dag.py:3722} INFO - Setting next_dagrun for example_bash_operator to 2023-11-06T00:00:00+00:00, run_after=2023-11-07T00:00:00+00:00
[2023-11-07T19:46:25.268+0000] {processor.py:179} INFO - Processing /usr/local/lib/python3.10/dist-packages/airflow/example_dags/example_bash_operator.py took 0.115 seconds
[2023-11-07T19:47:17.714+0000] {processor.py:157} INFO - Started process (PID=4511) to work on /usr/local/lib/python3.10/dist-packages/airflow/example_dags/example_bash_operator.py
[2023-11-07T19:47:17.716+0000] {processor.py:829} INFO - Processing file /usr/local/lib/python3.10/dist-packages/airflow/example_dags/example_bash_operator.py for tasks to queue
[2023-11-07T19:47:17.716+0000] {logging_mixin.py:154} INFO - [2023-11-07T19:47:17.716+0000] {dagbag.py:536} INFO - Filling up the DagBag from /usr/local/lib/python3.10/dist-packages/airflow/example_dags/example_bash_operator.py
[2023-11-07T19:47:17.729+0000] {processor.py:839} INFO - DAG(s) dict_keys(['example_bash_operator']) retrieved from /usr/local/lib/python3.10/dist-packages/airflow/example_dags/example_bash_operator.py
[2023-11-07T19:47:17.753+0000] {logging_mixin.py:154} INFO - [2023-11-07T19:47:17.753+0000] {dag.py:2941} INFO - Sync 1 DAGs
[2023-11-07T19:47:17.775+0000] {logging_mixin.py:154} INFO - [2023-11-07T19:47:17.775+0000] {dag.py:3722} INFO - Setting next_dagrun for example_bash_operator to 2023-11-06T00:00:00+00:00, run_after=2023-11-07T00:00:00+00:00
[2023-11-07T19:47:17.798+0000] {processor.py:179} INFO - Processing /usr/local/lib/python3.10/dist-packages/airflow/example_dags/example_bash_operator.py took 0.087 seconds
[2023-11-07T19:48:08.268+0000] {processor.py:157} INFO - Started process (PID=4564) to work on /usr/local/lib/python3.10/dist-packages/airflow/example_dags/example_bash_operator.py
[2023-11-07T19:48:08.276+0000] {processor.py:829} INFO - Processing file /usr/local/lib/python3.10/dist-packages/airflow/example_dags/example_bash_operator.py for tasks to queue
[2023-11-07T19:48:08.280+0000] {logging_mixin.py:154} INFO - [2023-11-07T19:48:08.276+0000] {dagbag.py:536} INFO - Filling up the DagBag from /usr/local/lib/python3.10/dist-packages/airflow/example_dags/example_bash_operator.py
[2023-11-07T19:48:08.308+0000] {processor.py:839} INFO - DAG(s) dict_keys(['example_bash_operator']) retrieved from /usr/local/lib/python3.10/dist-packages/airflow/example_dags/example_bash_operator.py
[2023-11-07T19:48:08.378+0000] {logging_mixin.py:154} INFO - [2023-11-07T19:48:08.378+0000] {dag.py:2941} INFO - Sync 1 DAGs
[2023-11-07T19:48:08.403+0000] {logging_mixin.py:154} INFO - [2023-11-07T19:48:08.403+0000] {dag.py:3722} INFO - Setting next_dagrun for example_bash_operator to 2023-11-06T00:00:00+00:00, run_after=2023-11-07T00:00:00+00:00
[2023-11-07T19:48:08.431+0000] {processor.py:179} INFO - Processing /usr/local/lib/python3.10/dist-packages/airflow/example_dags/example_bash_operator.py took 0.169 seconds
[2023-11-07T19:48:57.954+0000] {processor.py:157} INFO - Started process (PID=4615) to work on /usr/local/lib/python3.10/dist-packages/airflow/example_dags/example_bash_operator.py
[2023-11-07T19:48:57.955+0000] {processor.py:829} INFO - Processing file /usr/local/lib/python3.10/dist-packages/airflow/example_dags/example_bash_operator.py for tasks to queue
[2023-11-07T19:48:57.956+0000] {logging_mixin.py:154} INFO - [2023-11-07T19:48:57.955+0000] {dagbag.py:536} INFO - Filling up the DagBag from /usr/local/lib/python3.10/dist-packages/airflow/example_dags/example_bash_operator.py
[2023-11-07T19:48:57.968+0000] {processor.py:839} INFO - DAG(s) dict_keys(['example_bash_operator']) retrieved from /usr/local/lib/python3.10/dist-packages/airflow/example_dags/example_bash_operator.py
[2023-11-07T19:48:57.995+0000] {logging_mixin.py:154} INFO - [2023-11-07T19:48:57.995+0000] {dag.py:2941} INFO - Sync 1 DAGs
[2023-11-07T19:48:58.017+0000] {logging_mixin.py:154} INFO - [2023-11-07T19:48:58.017+0000] {dag.py:3722} INFO - Setting next_dagrun for example_bash_operator to 2023-11-06T00:00:00+00:00, run_after=2023-11-07T00:00:00+00:00
[2023-11-07T19:48:58.046+0000] {processor.py:179} INFO - Processing /usr/local/lib/python3.10/dist-packages/airflow/example_dags/example_bash_operator.py took 0.096 seconds
[2023-11-07T19:49:44.448+0000] {processor.py:157} INFO - Started process (PID=4664) to work on /usr/local/lib/python3.10/dist-packages/airflow/example_dags/example_bash_operator.py
[2023-11-07T19:49:44.450+0000] {processor.py:829} INFO - Processing file /usr/local/lib/python3.10/dist-packages/airflow/example_dags/example_bash_operator.py for tasks to queue
[2023-11-07T19:49:44.450+0000] {logging_mixin.py:154} INFO - [2023-11-07T19:49:44.450+0000] {dagbag.py:536} INFO - Filling up the DagBag from /usr/local/lib/python3.10/dist-packages/airflow/example_dags/example_bash_operator.py
[2023-11-07T19:49:44.462+0000] {processor.py:839} INFO - DAG(s) dict_keys(['example_bash_operator']) retrieved from /usr/local/lib/python3.10/dist-packages/airflow/example_dags/example_bash_operator.py
[2023-11-07T19:49:44.487+0000] {logging_mixin.py:154} INFO - [2023-11-07T19:49:44.487+0000] {dag.py:2941} INFO - Sync 1 DAGs
[2023-11-07T19:49:44.510+0000] {logging_mixin.py:154} INFO - [2023-11-07T19:49:44.510+0000] {dag.py:3722} INFO - Setting next_dagrun for example_bash_operator to 2023-11-06T00:00:00+00:00, run_after=2023-11-07T00:00:00+00:00
[2023-11-07T19:49:44.535+0000] {processor.py:179} INFO - Processing /usr/local/lib/python3.10/dist-packages/airflow/example_dags/example_bash_operator.py took 0.089 seconds
[2023-11-07T19:50:33.575+0000] {processor.py:157} INFO - Started process (PID=4714) to work on /usr/local/lib/python3.10/dist-packages/airflow/example_dags/example_bash_operator.py
[2023-11-07T19:50:33.577+0000] {processor.py:829} INFO - Processing file /usr/local/lib/python3.10/dist-packages/airflow/example_dags/example_bash_operator.py for tasks to queue
[2023-11-07T19:50:33.577+0000] {logging_mixin.py:154} INFO - [2023-11-07T19:50:33.577+0000] {dagbag.py:536} INFO - Filling up the DagBag from /usr/local/lib/python3.10/dist-packages/airflow/example_dags/example_bash_operator.py
[2023-11-07T19:50:33.589+0000] {processor.py:839} INFO - DAG(s) dict_keys(['example_bash_operator']) retrieved from /usr/local/lib/python3.10/dist-packages/airflow/example_dags/example_bash_operator.py
[2023-11-07T19:50:33.628+0000] {logging_mixin.py:154} INFO - [2023-11-07T19:50:33.628+0000] {dag.py:2941} INFO - Sync 1 DAGs
[2023-11-07T19:50:33.659+0000] {logging_mixin.py:154} INFO - [2023-11-07T19:50:33.659+0000] {dag.py:3722} INFO - Setting next_dagrun for example_bash_operator to 2023-11-06T00:00:00+00:00, run_after=2023-11-07T00:00:00+00:00
[2023-11-07T19:50:33.682+0000] {processor.py:179} INFO - Processing /usr/local/lib/python3.10/dist-packages/airflow/example_dags/example_bash_operator.py took 0.110 seconds
[2023-11-07T19:51:24.895+0000] {processor.py:157} INFO - Started process (PID=4766) to work on /usr/local/lib/python3.10/dist-packages/airflow/example_dags/example_bash_operator.py
[2023-11-07T19:51:24.896+0000] {processor.py:829} INFO - Processing file /usr/local/lib/python3.10/dist-packages/airflow/example_dags/example_bash_operator.py for tasks to queue
[2023-11-07T19:51:24.897+0000] {logging_mixin.py:154} INFO - [2023-11-07T19:51:24.897+0000] {dagbag.py:536} INFO - Filling up the DagBag from /usr/local/lib/python3.10/dist-packages/airflow/example_dags/example_bash_operator.py
[2023-11-07T19:51:24.911+0000] {processor.py:839} INFO - DAG(s) dict_keys(['example_bash_operator']) retrieved from /usr/local/lib/python3.10/dist-packages/airflow/example_dags/example_bash_operator.py
[2023-11-07T19:51:24.936+0000] {logging_mixin.py:154} INFO - [2023-11-07T19:51:24.936+0000] {dag.py:2941} INFO - Sync 1 DAGs
[2023-11-07T19:51:24.958+0000] {logging_mixin.py:154} INFO - [2023-11-07T19:51:24.958+0000] {dag.py:3722} INFO - Setting next_dagrun for example_bash_operator to 2023-11-06T00:00:00+00:00, run_after=2023-11-07T00:00:00+00:00
[2023-11-07T19:51:24.984+0000] {processor.py:179} INFO - Processing /usr/local/lib/python3.10/dist-packages/airflow/example_dags/example_bash_operator.py took 0.094 seconds
[2023-11-07T19:52:14.186+0000] {processor.py:157} INFO - Started process (PID=4817) to work on /usr/local/lib/python3.10/dist-packages/airflow/example_dags/example_bash_operator.py
[2023-11-07T19:52:14.187+0000] {processor.py:829} INFO - Processing file /usr/local/lib/python3.10/dist-packages/airflow/example_dags/example_bash_operator.py for tasks to queue
[2023-11-07T19:52:14.188+0000] {logging_mixin.py:154} INFO - [2023-11-07T19:52:14.188+0000] {dagbag.py:536} INFO - Filling up the DagBag from /usr/local/lib/python3.10/dist-packages/airflow/example_dags/example_bash_operator.py
[2023-11-07T19:52:14.200+0000] {processor.py:839} INFO - DAG(s) dict_keys(['example_bash_operator']) retrieved from /usr/local/lib/python3.10/dist-packages/airflow/example_dags/example_bash_operator.py
[2023-11-07T19:52:14.224+0000] {logging_mixin.py:154} INFO - [2023-11-07T19:52:14.224+0000] {dag.py:2941} INFO - Sync 1 DAGs
[2023-11-07T19:52:14.246+0000] {logging_mixin.py:154} INFO - [2023-11-07T19:52:14.246+0000] {dag.py:3722} INFO - Setting next_dagrun for example_bash_operator to 2023-11-06T00:00:00+00:00, run_after=2023-11-07T00:00:00+00:00
[2023-11-07T19:52:14.282+0000] {processor.py:179} INFO - Processing /usr/local/lib/python3.10/dist-packages/airflow/example_dags/example_bash_operator.py took 0.099 seconds
[2023-11-07T19:53:08.218+0000] {processor.py:157} INFO - Started process (PID=4871) to work on /usr/local/lib/python3.10/dist-packages/airflow/example_dags/example_bash_operator.py
[2023-11-07T19:53:08.219+0000] {processor.py:829} INFO - Processing file /usr/local/lib/python3.10/dist-packages/airflow/example_dags/example_bash_operator.py for tasks to queue
[2023-11-07T19:53:08.220+0000] {logging_mixin.py:154} INFO - [2023-11-07T19:53:08.220+0000] {dagbag.py:536} INFO - Filling up the DagBag from /usr/local/lib/python3.10/dist-packages/airflow/example_dags/example_bash_operator.py
[2023-11-07T19:53:08.232+0000] {processor.py:839} INFO - DAG(s) dict_keys(['example_bash_operator']) retrieved from /usr/local/lib/python3.10/dist-packages/airflow/example_dags/example_bash_operator.py
[2023-11-07T19:53:08.256+0000] {logging_mixin.py:154} INFO - [2023-11-07T19:53:08.256+0000] {dag.py:2941} INFO - Sync 1 DAGs
[2023-11-07T19:53:08.276+0000] {logging_mixin.py:154} INFO - [2023-11-07T19:53:08.276+0000] {dag.py:3722} INFO - Setting next_dagrun for example_bash_operator to 2023-11-06T00:00:00+00:00, run_after=2023-11-07T00:00:00+00:00
[2023-11-07T19:53:08.301+0000] {processor.py:179} INFO - Processing /usr/local/lib/python3.10/dist-packages/airflow/example_dags/example_bash_operator.py took 0.087 seconds
[2023-11-07T19:54:00.716+0000] {processor.py:157} INFO - Started process (PID=4924) to work on /usr/local/lib/python3.10/dist-packages/airflow/example_dags/example_bash_operator.py
[2023-11-07T19:54:00.718+0000] {processor.py:829} INFO - Processing file /usr/local/lib/python3.10/dist-packages/airflow/example_dags/example_bash_operator.py for tasks to queue
[2023-11-07T19:54:00.719+0000] {logging_mixin.py:154} INFO - [2023-11-07T19:54:00.718+0000] {dagbag.py:536} INFO - Filling up the DagBag from /usr/local/lib/python3.10/dist-packages/airflow/example_dags/example_bash_operator.py
[2023-11-07T19:54:00.732+0000] {processor.py:839} INFO - DAG(s) dict_keys(['example_bash_operator']) retrieved from /usr/local/lib/python3.10/dist-packages/airflow/example_dags/example_bash_operator.py
[2023-11-07T19:54:00.756+0000] {logging_mixin.py:154} INFO - [2023-11-07T19:54:00.755+0000] {dag.py:2941} INFO - Sync 1 DAGs
[2023-11-07T19:54:00.778+0000] {logging_mixin.py:154} INFO - [2023-11-07T19:54:00.778+0000] {dag.py:3722} INFO - Setting next_dagrun for example_bash_operator to 2023-11-06T00:00:00+00:00, run_after=2023-11-07T00:00:00+00:00
[2023-11-07T19:54:00.801+0000] {processor.py:179} INFO - Processing /usr/local/lib/python3.10/dist-packages/airflow/example_dags/example_bash_operator.py took 0.087 seconds
[2023-11-07T19:54:53.543+0000] {processor.py:157} INFO - Started process (PID=4977) to work on /usr/local/lib/python3.10/dist-packages/airflow/example_dags/example_bash_operator.py
[2023-11-07T19:54:53.544+0000] {processor.py:829} INFO - Processing file /usr/local/lib/python3.10/dist-packages/airflow/example_dags/example_bash_operator.py for tasks to queue
[2023-11-07T19:54:53.545+0000] {logging_mixin.py:154} INFO - [2023-11-07T19:54:53.545+0000] {dagbag.py:536} INFO - Filling up the DagBag from /usr/local/lib/python3.10/dist-packages/airflow/example_dags/example_bash_operator.py
[2023-11-07T19:54:53.558+0000] {processor.py:839} INFO - DAG(s) dict_keys(['example_bash_operator']) retrieved from /usr/local/lib/python3.10/dist-packages/airflow/example_dags/example_bash_operator.py
[2023-11-07T19:54:53.586+0000] {logging_mixin.py:154} INFO - [2023-11-07T19:54:53.585+0000] {dag.py:2941} INFO - Sync 1 DAGs
[2023-11-07T19:54:53.610+0000] {logging_mixin.py:154} INFO - [2023-11-07T19:54:53.610+0000] {dag.py:3722} INFO - Setting next_dagrun for example_bash_operator to 2023-11-06T00:00:00+00:00, run_after=2023-11-07T00:00:00+00:00
[2023-11-07T19:54:53.632+0000] {processor.py:179} INFO - Processing /usr/local/lib/python3.10/dist-packages/airflow/example_dags/example_bash_operator.py took 0.092 seconds
[2023-11-07T19:55:44.969+0000] {processor.py:157} INFO - Started process (PID=5028) to work on /usr/local/lib/python3.10/dist-packages/airflow/example_dags/example_bash_operator.py
[2023-11-07T19:55:44.970+0000] {processor.py:829} INFO - Processing file /usr/local/lib/python3.10/dist-packages/airflow/example_dags/example_bash_operator.py for tasks to queue
[2023-11-07T19:55:44.971+0000] {logging_mixin.py:154} INFO - [2023-11-07T19:55:44.970+0000] {dagbag.py:536} INFO - Filling up the DagBag from /usr/local/lib/python3.10/dist-packages/airflow/example_dags/example_bash_operator.py
[2023-11-07T19:55:44.986+0000] {processor.py:839} INFO - DAG(s) dict_keys(['example_bash_operator']) retrieved from /usr/local/lib/python3.10/dist-packages/airflow/example_dags/example_bash_operator.py
[2023-11-07T19:55:45.047+0000] {logging_mixin.py:154} INFO - [2023-11-07T19:55:45.045+0000] {dag.py:2941} INFO - Sync 1 DAGs
[2023-11-07T19:55:45.070+0000] {logging_mixin.py:154} INFO - [2023-11-07T19:55:45.069+0000] {dag.py:3722} INFO - Setting next_dagrun for example_bash_operator to 2023-11-06T00:00:00+00:00, run_after=2023-11-07T00:00:00+00:00
[2023-11-07T19:55:45.094+0000] {processor.py:179} INFO - Processing /usr/local/lib/python3.10/dist-packages/airflow/example_dags/example_bash_operator.py took 0.128 seconds
[2023-11-07T19:56:39.908+0000] {processor.py:157} INFO - Started process (PID=5083) to work on /usr/local/lib/python3.10/dist-packages/airflow/example_dags/example_bash_operator.py
[2023-11-07T19:56:39.910+0000] {processor.py:829} INFO - Processing file /usr/local/lib/python3.10/dist-packages/airflow/example_dags/example_bash_operator.py for tasks to queue
[2023-11-07T19:56:39.913+0000] {logging_mixin.py:154} INFO - [2023-11-07T19:56:39.911+0000] {dagbag.py:536} INFO - Filling up the DagBag from /usr/local/lib/python3.10/dist-packages/airflow/example_dags/example_bash_operator.py
[2023-11-07T19:56:39.943+0000] {processor.py:839} INFO - DAG(s) dict_keys(['example_bash_operator']) retrieved from /usr/local/lib/python3.10/dist-packages/airflow/example_dags/example_bash_operator.py
[2023-11-07T19:56:39.974+0000] {logging_mixin.py:154} INFO - [2023-11-07T19:56:39.974+0000] {dag.py:2941} INFO - Sync 1 DAGs
[2023-11-07T19:56:39.999+0000] {logging_mixin.py:154} INFO - [2023-11-07T19:56:39.999+0000] {dag.py:3722} INFO - Setting next_dagrun for example_bash_operator to 2023-11-06T00:00:00+00:00, run_after=2023-11-07T00:00:00+00:00
[2023-11-07T19:56:40.024+0000] {processor.py:179} INFO - Processing /usr/local/lib/python3.10/dist-packages/airflow/example_dags/example_bash_operator.py took 0.121 seconds
[2023-11-07T19:57:32.597+0000] {processor.py:157} INFO - Started process (PID=5135) to work on /usr/local/lib/python3.10/dist-packages/airflow/example_dags/example_bash_operator.py
[2023-11-07T19:57:32.600+0000] {processor.py:829} INFO - Processing file /usr/local/lib/python3.10/dist-packages/airflow/example_dags/example_bash_operator.py for tasks to queue
[2023-11-07T19:57:32.602+0000] {logging_mixin.py:154} INFO - [2023-11-07T19:57:32.600+0000] {dagbag.py:536} INFO - Filling up the DagBag from /usr/local/lib/python3.10/dist-packages/airflow/example_dags/example_bash_operator.py
[2023-11-07T19:57:32.620+0000] {processor.py:839} INFO - DAG(s) dict_keys(['example_bash_operator']) retrieved from /usr/local/lib/python3.10/dist-packages/airflow/example_dags/example_bash_operator.py
[2023-11-07T19:57:32.652+0000] {logging_mixin.py:154} INFO - [2023-11-07T19:57:32.652+0000] {dag.py:2941} INFO - Sync 1 DAGs
[2023-11-07T19:57:32.675+0000] {logging_mixin.py:154} INFO - [2023-11-07T19:57:32.675+0000] {dag.py:3722} INFO - Setting next_dagrun for example_bash_operator to 2023-11-06T00:00:00+00:00, run_after=2023-11-07T00:00:00+00:00
[2023-11-07T19:57:32.696+0000] {processor.py:179} INFO - Processing /usr/local/lib/python3.10/dist-packages/airflow/example_dags/example_bash_operator.py took 0.102 seconds
[2023-11-07T19:58:22.355+0000] {processor.py:157} INFO - Started process (PID=5186) to work on /usr/local/lib/python3.10/dist-packages/airflow/example_dags/example_bash_operator.py
[2023-11-07T19:58:22.356+0000] {processor.py:829} INFO - Processing file /usr/local/lib/python3.10/dist-packages/airflow/example_dags/example_bash_operator.py for tasks to queue
[2023-11-07T19:58:22.357+0000] {logging_mixin.py:154} INFO - [2023-11-07T19:58:22.357+0000] {dagbag.py:536} INFO - Filling up the DagBag from /usr/local/lib/python3.10/dist-packages/airflow/example_dags/example_bash_operator.py
[2023-11-07T19:58:22.369+0000] {processor.py:839} INFO - DAG(s) dict_keys(['example_bash_operator']) retrieved from /usr/local/lib/python3.10/dist-packages/airflow/example_dags/example_bash_operator.py
[2023-11-07T19:58:22.395+0000] {logging_mixin.py:154} INFO - [2023-11-07T19:58:22.395+0000] {dag.py:2941} INFO - Sync 1 DAGs
[2023-11-07T19:58:22.416+0000] {logging_mixin.py:154} INFO - [2023-11-07T19:58:22.416+0000] {dag.py:3722} INFO - Setting next_dagrun for example_bash_operator to 2023-11-06T00:00:00+00:00, run_after=2023-11-07T00:00:00+00:00
[2023-11-07T19:58:22.437+0000] {processor.py:179} INFO - Processing /usr/local/lib/python3.10/dist-packages/airflow/example_dags/example_bash_operator.py took 0.086 seconds
[2023-11-07T19:59:11.505+0000] {processor.py:157} INFO - Started process (PID=5236) to work on /usr/local/lib/python3.10/dist-packages/airflow/example_dags/example_bash_operator.py
[2023-11-07T19:59:11.508+0000] {processor.py:829} INFO - Processing file /usr/local/lib/python3.10/dist-packages/airflow/example_dags/example_bash_operator.py for tasks to queue
[2023-11-07T19:59:11.510+0000] {logging_mixin.py:154} INFO - [2023-11-07T19:59:11.508+0000] {dagbag.py:536} INFO - Filling up the DagBag from /usr/local/lib/python3.10/dist-packages/airflow/example_dags/example_bash_operator.py
[2023-11-07T19:59:11.531+0000] {processor.py:839} INFO - DAG(s) dict_keys(['example_bash_operator']) retrieved from /usr/local/lib/python3.10/dist-packages/airflow/example_dags/example_bash_operator.py
[2023-11-07T19:59:11.575+0000] {logging_mixin.py:154} INFO - [2023-11-07T19:59:11.575+0000] {dag.py:2941} INFO - Sync 1 DAGs
[2023-11-07T19:59:11.602+0000] {logging_mixin.py:154} INFO - [2023-11-07T19:59:11.602+0000] {dag.py:3722} INFO - Setting next_dagrun for example_bash_operator to 2023-11-06T00:00:00+00:00, run_after=2023-11-07T00:00:00+00:00
[2023-11-07T19:59:11.636+0000] {processor.py:179} INFO - Processing /usr/local/lib/python3.10/dist-packages/airflow/example_dags/example_bash_operator.py took 0.137 seconds
[2023-11-07T20:00:01.357+0000] {processor.py:157} INFO - Started process (PID=5286) to work on /usr/local/lib/python3.10/dist-packages/airflow/example_dags/example_bash_operator.py
[2023-11-07T20:00:01.360+0000] {processor.py:829} INFO - Processing file /usr/local/lib/python3.10/dist-packages/airflow/example_dags/example_bash_operator.py for tasks to queue
[2023-11-07T20:00:01.362+0000] {logging_mixin.py:154} INFO - [2023-11-07T20:00:01.362+0000] {dagbag.py:536} INFO - Filling up the DagBag from /usr/local/lib/python3.10/dist-packages/airflow/example_dags/example_bash_operator.py
[2023-11-07T20:00:01.380+0000] {processor.py:839} INFO - DAG(s) dict_keys(['example_bash_operator']) retrieved from /usr/local/lib/python3.10/dist-packages/airflow/example_dags/example_bash_operator.py
[2023-11-07T20:00:01.406+0000] {logging_mixin.py:154} INFO - [2023-11-07T20:00:01.406+0000] {dag.py:2941} INFO - Sync 1 DAGs
[2023-11-07T20:00:01.478+0000] {logging_mixin.py:154} INFO - [2023-11-07T20:00:01.478+0000] {dag.py:3722} INFO - Setting next_dagrun for example_bash_operator to 2023-11-06T00:00:00+00:00, run_after=2023-11-07T00:00:00+00:00
[2023-11-07T20:00:01.505+0000] {processor.py:179} INFO - Processing /usr/local/lib/python3.10/dist-packages/airflow/example_dags/example_bash_operator.py took 0.153 seconds
[2023-11-07T20:00:56.952+0000] {processor.py:157} INFO - Started process (PID=5341) to work on /usr/local/lib/python3.10/dist-packages/airflow/example_dags/example_bash_operator.py
[2023-11-07T20:00:56.954+0000] {processor.py:829} INFO - Processing file /usr/local/lib/python3.10/dist-packages/airflow/example_dags/example_bash_operator.py for tasks to queue
[2023-11-07T20:00:56.955+0000] {logging_mixin.py:154} INFO - [2023-11-07T20:00:56.954+0000] {dagbag.py:536} INFO - Filling up the DagBag from /usr/local/lib/python3.10/dist-packages/airflow/example_dags/example_bash_operator.py
[2023-11-07T20:00:56.967+0000] {processor.py:839} INFO - DAG(s) dict_keys(['example_bash_operator']) retrieved from /usr/local/lib/python3.10/dist-packages/airflow/example_dags/example_bash_operator.py
[2023-11-07T20:00:56.994+0000] {logging_mixin.py:154} INFO - [2023-11-07T20:00:56.993+0000] {dag.py:2941} INFO - Sync 1 DAGs
[2023-11-07T20:00:57.018+0000] {logging_mixin.py:154} INFO - [2023-11-07T20:00:57.017+0000] {dag.py:3722} INFO - Setting next_dagrun for example_bash_operator to 2023-11-06T00:00:00+00:00, run_after=2023-11-07T00:00:00+00:00
[2023-11-07T20:00:57.041+0000] {processor.py:179} INFO - Processing /usr/local/lib/python3.10/dist-packages/airflow/example_dags/example_bash_operator.py took 0.093 seconds
[2023-11-07T20:01:45.066+0000] {processor.py:157} INFO - Started process (PID=5392) to work on /usr/local/lib/python3.10/dist-packages/airflow/example_dags/example_bash_operator.py
[2023-11-07T20:01:45.067+0000] {processor.py:829} INFO - Processing file /usr/local/lib/python3.10/dist-packages/airflow/example_dags/example_bash_operator.py for tasks to queue
[2023-11-07T20:01:45.068+0000] {logging_mixin.py:154} INFO - [2023-11-07T20:01:45.067+0000] {dagbag.py:536} INFO - Filling up the DagBag from /usr/local/lib/python3.10/dist-packages/airflow/example_dags/example_bash_operator.py
[2023-11-07T20:01:45.079+0000] {processor.py:839} INFO - DAG(s) dict_keys(['example_bash_operator']) retrieved from /usr/local/lib/python3.10/dist-packages/airflow/example_dags/example_bash_operator.py
[2023-11-07T20:01:45.102+0000] {logging_mixin.py:154} INFO - [2023-11-07T20:01:45.102+0000] {dag.py:2941} INFO - Sync 1 DAGs
[2023-11-07T20:01:45.123+0000] {logging_mixin.py:154} INFO - [2023-11-07T20:01:45.123+0000] {dag.py:3722} INFO - Setting next_dagrun for example_bash_operator to 2023-11-06T00:00:00+00:00, run_after=2023-11-07T00:00:00+00:00
[2023-11-07T20:01:45.144+0000] {processor.py:179} INFO - Processing /usr/local/lib/python3.10/dist-packages/airflow/example_dags/example_bash_operator.py took 0.081 seconds
[2023-11-07T20:02:47.335+0000] {processor.py:157} INFO - Started process (PID=5456) to work on /usr/local/lib/python3.10/dist-packages/airflow/example_dags/example_bash_operator.py
[2023-11-07T20:02:47.336+0000] {processor.py:829} INFO - Processing file /usr/local/lib/python3.10/dist-packages/airflow/example_dags/example_bash_operator.py for tasks to queue
[2023-11-07T20:02:47.337+0000] {logging_mixin.py:154} INFO - [2023-11-07T20:02:47.337+0000] {dagbag.py:536} INFO - Filling up the DagBag from /usr/local/lib/python3.10/dist-packages/airflow/example_dags/example_bash_operator.py
[2023-11-07T20:02:47.352+0000] {processor.py:839} INFO - DAG(s) dict_keys(['example_bash_operator']) retrieved from /usr/local/lib/python3.10/dist-packages/airflow/example_dags/example_bash_operator.py
[2023-11-07T20:02:47.378+0000] {logging_mixin.py:154} INFO - [2023-11-07T20:02:47.378+0000] {dag.py:2941} INFO - Sync 1 DAGs
[2023-11-07T20:02:47.403+0000] {logging_mixin.py:154} INFO - [2023-11-07T20:02:47.403+0000] {dag.py:3722} INFO - Setting next_dagrun for example_bash_operator to 2023-11-06T00:00:00+00:00, run_after=2023-11-07T00:00:00+00:00
[2023-11-07T20:02:47.428+0000] {processor.py:179} INFO - Processing /usr/local/lib/python3.10/dist-packages/airflow/example_dags/example_bash_operator.py took 0.097 seconds
[2023-11-07T20:03:36.828+0000] {processor.py:157} INFO - Started process (PID=5507) to work on /usr/local/lib/python3.10/dist-packages/airflow/example_dags/example_bash_operator.py
[2023-11-07T20:03:36.829+0000] {processor.py:829} INFO - Processing file /usr/local/lib/python3.10/dist-packages/airflow/example_dags/example_bash_operator.py for tasks to queue
[2023-11-07T20:03:36.833+0000] {logging_mixin.py:154} INFO - [2023-11-07T20:03:36.833+0000] {dagbag.py:536} INFO - Filling up the DagBag from /usr/local/lib/python3.10/dist-packages/airflow/example_dags/example_bash_operator.py
[2023-11-07T20:03:36.852+0000] {processor.py:839} INFO - DAG(s) dict_keys(['example_bash_operator']) retrieved from /usr/local/lib/python3.10/dist-packages/airflow/example_dags/example_bash_operator.py
[2023-11-07T20:03:36.884+0000] {logging_mixin.py:154} INFO - [2023-11-07T20:03:36.884+0000] {dag.py:2941} INFO - Sync 1 DAGs
[2023-11-07T20:03:36.904+0000] {logging_mixin.py:154} INFO - [2023-11-07T20:03:36.904+0000] {dag.py:3722} INFO - Setting next_dagrun for example_bash_operator to 2023-11-06T00:00:00+00:00, run_after=2023-11-07T00:00:00+00:00
[2023-11-07T20:03:36.926+0000] {processor.py:179} INFO - Processing /usr/local/lib/python3.10/dist-packages/airflow/example_dags/example_bash_operator.py took 0.101 seconds
[2023-11-07T20:04:26.111+0000] {processor.py:157} INFO - Started process (PID=5558) to work on /usr/local/lib/python3.10/dist-packages/airflow/example_dags/example_bash_operator.py
[2023-11-07T20:04:26.112+0000] {processor.py:829} INFO - Processing file /usr/local/lib/python3.10/dist-packages/airflow/example_dags/example_bash_operator.py for tasks to queue
[2023-11-07T20:04:26.113+0000] {logging_mixin.py:154} INFO - [2023-11-07T20:04:26.113+0000] {dagbag.py:536} INFO - Filling up the DagBag from /usr/local/lib/python3.10/dist-packages/airflow/example_dags/example_bash_operator.py
[2023-11-07T20:04:26.126+0000] {processor.py:839} INFO - DAG(s) dict_keys(['example_bash_operator']) retrieved from /usr/local/lib/python3.10/dist-packages/airflow/example_dags/example_bash_operator.py
[2023-11-07T20:04:26.152+0000] {logging_mixin.py:154} INFO - [2023-11-07T20:04:26.151+0000] {dag.py:2941} INFO - Sync 1 DAGs
[2023-11-07T20:04:26.175+0000] {logging_mixin.py:154} INFO - [2023-11-07T20:04:26.175+0000] {dag.py:3722} INFO - Setting next_dagrun for example_bash_operator to 2023-11-06T00:00:00+00:00, run_after=2023-11-07T00:00:00+00:00
[2023-11-07T20:04:26.196+0000] {processor.py:179} INFO - Processing /usr/local/lib/python3.10/dist-packages/airflow/example_dags/example_bash_operator.py took 0.089 seconds
[2023-11-07T20:05:13.607+0000] {processor.py:157} INFO - Started process (PID=5607) to work on /usr/local/lib/python3.10/dist-packages/airflow/example_dags/example_bash_operator.py
[2023-11-07T20:05:13.608+0000] {processor.py:829} INFO - Processing file /usr/local/lib/python3.10/dist-packages/airflow/example_dags/example_bash_operator.py for tasks to queue
[2023-11-07T20:05:13.609+0000] {logging_mixin.py:154} INFO - [2023-11-07T20:05:13.609+0000] {dagbag.py:536} INFO - Filling up the DagBag from /usr/local/lib/python3.10/dist-packages/airflow/example_dags/example_bash_operator.py
[2023-11-07T20:05:13.626+0000] {processor.py:839} INFO - DAG(s) dict_keys(['example_bash_operator']) retrieved from /usr/local/lib/python3.10/dist-packages/airflow/example_dags/example_bash_operator.py
[2023-11-07T20:05:13.651+0000] {logging_mixin.py:154} INFO - [2023-11-07T20:05:13.650+0000] {dag.py:2941} INFO - Sync 1 DAGs
[2023-11-07T20:05:13.676+0000] {logging_mixin.py:154} INFO - [2023-11-07T20:05:13.676+0000] {dag.py:3722} INFO - Setting next_dagrun for example_bash_operator to 2023-11-06T00:00:00+00:00, run_after=2023-11-07T00:00:00+00:00
[2023-11-07T20:05:13.698+0000] {processor.py:179} INFO - Processing /usr/local/lib/python3.10/dist-packages/airflow/example_dags/example_bash_operator.py took 0.094 seconds
[2023-11-07T20:06:04.188+0000] {processor.py:157} INFO - Started process (PID=5659) to work on /usr/local/lib/python3.10/dist-packages/airflow/example_dags/example_bash_operator.py
[2023-11-07T20:06:04.189+0000] {processor.py:829} INFO - Processing file /usr/local/lib/python3.10/dist-packages/airflow/example_dags/example_bash_operator.py for tasks to queue
[2023-11-07T20:06:04.190+0000] {logging_mixin.py:154} INFO - [2023-11-07T20:06:04.189+0000] {dagbag.py:536} INFO - Filling up the DagBag from /usr/local/lib/python3.10/dist-packages/airflow/example_dags/example_bash_operator.py
[2023-11-07T20:06:04.201+0000] {processor.py:839} INFO - DAG(s) dict_keys(['example_bash_operator']) retrieved from /usr/local/lib/python3.10/dist-packages/airflow/example_dags/example_bash_operator.py
[2023-11-07T20:06:04.225+0000] {logging_mixin.py:154} INFO - [2023-11-07T20:06:04.225+0000] {dag.py:2941} INFO - Sync 1 DAGs
[2023-11-07T20:06:04.247+0000] {logging_mixin.py:154} INFO - [2023-11-07T20:06:04.247+0000] {dag.py:3722} INFO - Setting next_dagrun for example_bash_operator to 2023-11-06T00:00:00+00:00, run_after=2023-11-07T00:00:00+00:00
[2023-11-07T20:06:04.269+0000] {processor.py:179} INFO - Processing /usr/local/lib/python3.10/dist-packages/airflow/example_dags/example_bash_operator.py took 0.084 seconds
[2023-11-07T20:06:53.034+0000] {processor.py:157} INFO - Started process (PID=5709) to work on /usr/local/lib/python3.10/dist-packages/airflow/example_dags/example_bash_operator.py
[2023-11-07T20:06:53.038+0000] {processor.py:829} INFO - Processing file /usr/local/lib/python3.10/dist-packages/airflow/example_dags/example_bash_operator.py for tasks to queue
[2023-11-07T20:06:53.039+0000] {logging_mixin.py:154} INFO - [2023-11-07T20:06:53.038+0000] {dagbag.py:536} INFO - Filling up the DagBag from /usr/local/lib/python3.10/dist-packages/airflow/example_dags/example_bash_operator.py
[2023-11-07T20:06:53.088+0000] {processor.py:839} INFO - DAG(s) dict_keys(['example_bash_operator']) retrieved from /usr/local/lib/python3.10/dist-packages/airflow/example_dags/example_bash_operator.py
[2023-11-07T20:06:53.168+0000] {logging_mixin.py:154} INFO - [2023-11-07T20:06:53.168+0000] {dag.py:2941} INFO - Sync 1 DAGs
[2023-11-07T20:06:53.251+0000] {logging_mixin.py:154} INFO - [2023-11-07T20:06:53.250+0000] {dag.py:3722} INFO - Setting next_dagrun for example_bash_operator to 2023-11-06T00:00:00+00:00, run_after=2023-11-07T00:00:00+00:00
[2023-11-07T20:06:53.273+0000] {processor.py:179} INFO - Processing /usr/local/lib/python3.10/dist-packages/airflow/example_dags/example_bash_operator.py took 0.245 seconds
[2023-11-07T20:07:44.318+0000] {processor.py:157} INFO - Started process (PID=5764) to work on /usr/local/lib/python3.10/dist-packages/airflow/example_dags/example_bash_operator.py
[2023-11-07T20:07:44.319+0000] {processor.py:829} INFO - Processing file /usr/local/lib/python3.10/dist-packages/airflow/example_dags/example_bash_operator.py for tasks to queue
[2023-11-07T20:07:44.320+0000] {logging_mixin.py:154} INFO - [2023-11-07T20:07:44.320+0000] {dagbag.py:536} INFO - Filling up the DagBag from /usr/local/lib/python3.10/dist-packages/airflow/example_dags/example_bash_operator.py
[2023-11-07T20:07:44.332+0000] {processor.py:839} INFO - DAG(s) dict_keys(['example_bash_operator']) retrieved from /usr/local/lib/python3.10/dist-packages/airflow/example_dags/example_bash_operator.py
[2023-11-07T20:07:44.355+0000] {logging_mixin.py:154} INFO - [2023-11-07T20:07:44.355+0000] {dag.py:2941} INFO - Sync 1 DAGs
[2023-11-07T20:07:44.375+0000] {logging_mixin.py:154} INFO - [2023-11-07T20:07:44.375+0000] {dag.py:3722} INFO - Setting next_dagrun for example_bash_operator to 2023-11-06T00:00:00+00:00, run_after=2023-11-07T00:00:00+00:00
[2023-11-07T20:07:44.396+0000] {processor.py:179} INFO - Processing /usr/local/lib/python3.10/dist-packages/airflow/example_dags/example_bash_operator.py took 0.081 seconds
