[2023-11-07T19:32:02.959+0000] {processor.py:157} INFO - Started process (PID=3578) to work on /usr/local/lib/python3.10/dist-packages/airflow/example_dags/example_python_operator.py
[2023-11-07T19:32:02.960+0000] {processor.py:829} INFO - Processing file /usr/local/lib/python3.10/dist-packages/airflow/example_dags/example_python_operator.py for tasks to queue
[2023-11-07T19:32:02.961+0000] {logging_mixin.py:154} INFO - [2023-11-07T19:32:02.960+0000] {dagbag.py:536} INFO - Filling up the DagBag from /usr/local/lib/python3.10/dist-packages/airflow/example_dags/example_python_operator.py
[2023-11-07T19:32:02.970+0000] {logging_mixin.py:154} INFO - [2023-11-07T19:32:02.970+0000] {example_python_operator.py:86} WARNING - The virtalenv_python example task requires virtualenv, please install it.
[2023-11-07T19:32:02.970+0000] {processor.py:839} INFO - DAG(s) dict_keys(['example_python_operator']) retrieved from /usr/local/lib/python3.10/dist-packages/airflow/example_dags/example_python_operator.py
[2023-11-07T19:32:03.077+0000] {logging_mixin.py:154} INFO - [2023-11-07T19:32:03.077+0000] {manager.py:499} INFO - Created Permission View: %s
[2023-11-07T19:32:03.091+0000] {logging_mixin.py:154} INFO - [2023-11-07T19:32:03.090+0000] {manager.py:499} INFO - Created Permission View: %s
[2023-11-07T19:32:03.100+0000] {logging_mixin.py:154} INFO - [2023-11-07T19:32:03.100+0000] {manager.py:499} INFO - Created Permission View: %s
[2023-11-07T19:32:03.100+0000] {logging_mixin.py:154} INFO - [2023-11-07T19:32:03.100+0000] {dag.py:2941} INFO - Sync 1 DAGs
[2023-11-07T19:32:03.113+0000] {logging_mixin.py:154} INFO - [2023-11-07T19:32:03.112+0000] {dag.py:2963} INFO - Creating ORM DAG for example_python_operator
[2023-11-07T19:32:03.113+0000] {logging_mixin.py:154} INFO - [2023-11-07T19:32:03.113+0000] {dag.py:3722} INFO - Setting next_dagrun for example_python_operator to None, run_after=None
[2023-11-07T19:32:03.139+0000] {processor.py:179} INFO - Processing /usr/local/lib/python3.10/dist-packages/airflow/example_dags/example_python_operator.py took 0.183 seconds
[2023-11-07T19:32:53.695+0000] {processor.py:157} INFO - Started process (PID=3625) to work on /usr/local/lib/python3.10/dist-packages/airflow/example_dags/example_python_operator.py
[2023-11-07T19:32:53.696+0000] {processor.py:829} INFO - Processing file /usr/local/lib/python3.10/dist-packages/airflow/example_dags/example_python_operator.py for tasks to queue
[2023-11-07T19:32:53.697+0000] {logging_mixin.py:154} INFO - [2023-11-07T19:32:53.697+0000] {dagbag.py:536} INFO - Filling up the DagBag from /usr/local/lib/python3.10/dist-packages/airflow/example_dags/example_python_operator.py
[2023-11-07T19:32:53.708+0000] {logging_mixin.py:154} INFO - [2023-11-07T19:32:53.708+0000] {example_python_operator.py:86} WARNING - The virtalenv_python example task requires virtualenv, please install it.
[2023-11-07T19:32:53.708+0000] {processor.py:839} INFO - DAG(s) dict_keys(['example_python_operator']) retrieved from /usr/local/lib/python3.10/dist-packages/airflow/example_dags/example_python_operator.py
[2023-11-07T19:32:53.726+0000] {logging_mixin.py:154} INFO - [2023-11-07T19:32:53.726+0000] {dag.py:2941} INFO - Sync 1 DAGs
[2023-11-07T19:32:53.738+0000] {logging_mixin.py:154} INFO - [2023-11-07T19:32:53.737+0000] {dag.py:3722} INFO - Setting next_dagrun for example_python_operator to None, run_after=None
[2023-11-07T19:32:53.758+0000] {processor.py:179} INFO - Processing /usr/local/lib/python3.10/dist-packages/airflow/example_dags/example_python_operator.py took 0.066 seconds
[2023-11-07T19:33:39.724+0000] {processor.py:157} INFO - Started process (PID=3674) to work on /usr/local/lib/python3.10/dist-packages/airflow/example_dags/example_python_operator.py
[2023-11-07T19:33:39.727+0000] {processor.py:829} INFO - Processing file /usr/local/lib/python3.10/dist-packages/airflow/example_dags/example_python_operator.py for tasks to queue
[2023-11-07T19:33:39.729+0000] {logging_mixin.py:154} INFO - [2023-11-07T19:33:39.728+0000] {dagbag.py:536} INFO - Filling up the DagBag from /usr/local/lib/python3.10/dist-packages/airflow/example_dags/example_python_operator.py
[2023-11-07T19:33:39.739+0000] {logging_mixin.py:154} INFO - [2023-11-07T19:33:39.739+0000] {example_python_operator.py:86} WARNING - The virtalenv_python example task requires virtualenv, please install it.
[2023-11-07T19:33:39.739+0000] {processor.py:839} INFO - DAG(s) dict_keys(['example_python_operator']) retrieved from /usr/local/lib/python3.10/dist-packages/airflow/example_dags/example_python_operator.py
[2023-11-07T19:33:39.759+0000] {logging_mixin.py:154} INFO - [2023-11-07T19:33:39.759+0000] {dag.py:2941} INFO - Sync 1 DAGs
[2023-11-07T19:33:39.773+0000] {logging_mixin.py:154} INFO - [2023-11-07T19:33:39.773+0000] {dag.py:3722} INFO - Setting next_dagrun for example_python_operator to None, run_after=None
[2023-11-07T19:33:39.795+0000] {processor.py:179} INFO - Processing /usr/local/lib/python3.10/dist-packages/airflow/example_dags/example_python_operator.py took 0.077 seconds
[2023-11-07T19:34:28.337+0000] {processor.py:157} INFO - Started process (PID=3725) to work on /usr/local/lib/python3.10/dist-packages/airflow/example_dags/example_python_operator.py
[2023-11-07T19:34:28.339+0000] {processor.py:829} INFO - Processing file /usr/local/lib/python3.10/dist-packages/airflow/example_dags/example_python_operator.py for tasks to queue
[2023-11-07T19:34:28.340+0000] {logging_mixin.py:154} INFO - [2023-11-07T19:34:28.339+0000] {dagbag.py:536} INFO - Filling up the DagBag from /usr/local/lib/python3.10/dist-packages/airflow/example_dags/example_python_operator.py
[2023-11-07T19:34:28.349+0000] {logging_mixin.py:154} INFO - [2023-11-07T19:34:28.349+0000] {example_python_operator.py:86} WARNING - The virtalenv_python example task requires virtualenv, please install it.
[2023-11-07T19:34:28.349+0000] {processor.py:839} INFO - DAG(s) dict_keys(['example_python_operator']) retrieved from /usr/local/lib/python3.10/dist-packages/airflow/example_dags/example_python_operator.py
[2023-11-07T19:34:28.376+0000] {logging_mixin.py:154} INFO - [2023-11-07T19:34:28.376+0000] {dag.py:2941} INFO - Sync 1 DAGs
[2023-11-07T19:34:28.390+0000] {logging_mixin.py:154} INFO - [2023-11-07T19:34:28.390+0000] {dag.py:3722} INFO - Setting next_dagrun for example_python_operator to None, run_after=None
[2023-11-07T19:34:28.415+0000] {processor.py:179} INFO - Processing /usr/local/lib/python3.10/dist-packages/airflow/example_dags/example_python_operator.py took 0.081 seconds
[2023-11-07T19:35:13.872+0000] {processor.py:157} INFO - Started process (PID=3772) to work on /usr/local/lib/python3.10/dist-packages/airflow/example_dags/example_python_operator.py
[2023-11-07T19:35:13.873+0000] {processor.py:829} INFO - Processing file /usr/local/lib/python3.10/dist-packages/airflow/example_dags/example_python_operator.py for tasks to queue
[2023-11-07T19:35:13.874+0000] {logging_mixin.py:154} INFO - [2023-11-07T19:35:13.874+0000] {dagbag.py:536} INFO - Filling up the DagBag from /usr/local/lib/python3.10/dist-packages/airflow/example_dags/example_python_operator.py
[2023-11-07T19:35:13.882+0000] {logging_mixin.py:154} INFO - [2023-11-07T19:35:13.882+0000] {example_python_operator.py:86} WARNING - The virtalenv_python example task requires virtualenv, please install it.
[2023-11-07T19:35:13.883+0000] {processor.py:839} INFO - DAG(s) dict_keys(['example_python_operator']) retrieved from /usr/local/lib/python3.10/dist-packages/airflow/example_dags/example_python_operator.py
[2023-11-07T19:35:13.915+0000] {logging_mixin.py:154} INFO - [2023-11-07T19:35:13.914+0000] {dag.py:2941} INFO - Sync 1 DAGs
[2023-11-07T19:35:13.931+0000] {logging_mixin.py:154} INFO - [2023-11-07T19:35:13.931+0000] {dag.py:3722} INFO - Setting next_dagrun for example_python_operator to None, run_after=None
[2023-11-07T19:35:13.954+0000] {processor.py:179} INFO - Processing /usr/local/lib/python3.10/dist-packages/airflow/example_dags/example_python_operator.py took 0.085 seconds
[2023-11-07T19:35:58.267+0000] {processor.py:157} INFO - Started process (PID=3821) to work on /usr/local/lib/python3.10/dist-packages/airflow/example_dags/example_python_operator.py
[2023-11-07T19:35:58.268+0000] {processor.py:829} INFO - Processing file /usr/local/lib/python3.10/dist-packages/airflow/example_dags/example_python_operator.py for tasks to queue
[2023-11-07T19:35:58.269+0000] {logging_mixin.py:154} INFO - [2023-11-07T19:35:58.269+0000] {dagbag.py:536} INFO - Filling up the DagBag from /usr/local/lib/python3.10/dist-packages/airflow/example_dags/example_python_operator.py
[2023-11-07T19:35:58.279+0000] {logging_mixin.py:154} INFO - [2023-11-07T19:35:58.279+0000] {example_python_operator.py:86} WARNING - The virtalenv_python example task requires virtualenv, please install it.
[2023-11-07T19:35:58.280+0000] {processor.py:839} INFO - DAG(s) dict_keys(['example_python_operator']) retrieved from /usr/local/lib/python3.10/dist-packages/airflow/example_dags/example_python_operator.py
[2023-11-07T19:35:58.302+0000] {logging_mixin.py:154} INFO - [2023-11-07T19:35:58.301+0000] {dag.py:2941} INFO - Sync 1 DAGs
[2023-11-07T19:35:58.319+0000] {logging_mixin.py:154} INFO - [2023-11-07T19:35:58.318+0000] {dag.py:3722} INFO - Setting next_dagrun for example_python_operator to None, run_after=None
[2023-11-07T19:35:58.367+0000] {processor.py:179} INFO - Processing /usr/local/lib/python3.10/dist-packages/airflow/example_dags/example_python_operator.py took 0.103 seconds
[2023-11-07T19:36:51.541+0000] {processor.py:157} INFO - Started process (PID=3873) to work on /usr/local/lib/python3.10/dist-packages/airflow/example_dags/example_python_operator.py
[2023-11-07T19:36:51.544+0000] {processor.py:829} INFO - Processing file /usr/local/lib/python3.10/dist-packages/airflow/example_dags/example_python_operator.py for tasks to queue
[2023-11-07T19:36:51.544+0000] {logging_mixin.py:154} INFO - [2023-11-07T19:36:51.544+0000] {dagbag.py:536} INFO - Filling up the DagBag from /usr/local/lib/python3.10/dist-packages/airflow/example_dags/example_python_operator.py
[2023-11-07T19:36:51.553+0000] {logging_mixin.py:154} INFO - [2023-11-07T19:36:51.553+0000] {example_python_operator.py:86} WARNING - The virtalenv_python example task requires virtualenv, please install it.
[2023-11-07T19:36:51.554+0000] {processor.py:839} INFO - DAG(s) dict_keys(['example_python_operator']) retrieved from /usr/local/lib/python3.10/dist-packages/airflow/example_dags/example_python_operator.py
[2023-11-07T19:36:51.572+0000] {logging_mixin.py:154} INFO - [2023-11-07T19:36:51.572+0000] {dag.py:2941} INFO - Sync 1 DAGs
[2023-11-07T19:36:51.584+0000] {logging_mixin.py:154} INFO - [2023-11-07T19:36:51.584+0000] {dag.py:3722} INFO - Setting next_dagrun for example_python_operator to None, run_after=None
[2023-11-07T19:36:51.618+0000] {processor.py:179} INFO - Processing /usr/local/lib/python3.10/dist-packages/airflow/example_dags/example_python_operator.py took 0.081 seconds
[2023-11-07T19:37:41.181+0000] {processor.py:157} INFO - Started process (PID=3925) to work on /usr/local/lib/python3.10/dist-packages/airflow/example_dags/example_python_operator.py
[2023-11-07T19:37:41.182+0000] {processor.py:829} INFO - Processing file /usr/local/lib/python3.10/dist-packages/airflow/example_dags/example_python_operator.py for tasks to queue
[2023-11-07T19:37:41.183+0000] {logging_mixin.py:154} INFO - [2023-11-07T19:37:41.182+0000] {dagbag.py:536} INFO - Filling up the DagBag from /usr/local/lib/python3.10/dist-packages/airflow/example_dags/example_python_operator.py
[2023-11-07T19:37:41.192+0000] {logging_mixin.py:154} INFO - [2023-11-07T19:37:41.191+0000] {example_python_operator.py:86} WARNING - The virtalenv_python example task requires virtualenv, please install it.
[2023-11-07T19:37:41.192+0000] {processor.py:839} INFO - DAG(s) dict_keys(['example_python_operator']) retrieved from /usr/local/lib/python3.10/dist-packages/airflow/example_dags/example_python_operator.py
[2023-11-07T19:37:41.209+0000] {logging_mixin.py:154} INFO - [2023-11-07T19:37:41.209+0000] {dag.py:2941} INFO - Sync 1 DAGs
[2023-11-07T19:37:41.221+0000] {logging_mixin.py:154} INFO - [2023-11-07T19:37:41.220+0000] {dag.py:3722} INFO - Setting next_dagrun for example_python_operator to None, run_after=None
[2023-11-07T19:37:41.246+0000] {processor.py:179} INFO - Processing /usr/local/lib/python3.10/dist-packages/airflow/example_dags/example_python_operator.py took 0.072 seconds
[2023-11-07T19:38:29.084+0000] {processor.py:157} INFO - Started process (PID=3974) to work on /usr/local/lib/python3.10/dist-packages/airflow/example_dags/example_python_operator.py
[2023-11-07T19:38:29.085+0000] {processor.py:829} INFO - Processing file /usr/local/lib/python3.10/dist-packages/airflow/example_dags/example_python_operator.py for tasks to queue
[2023-11-07T19:38:29.086+0000] {logging_mixin.py:154} INFO - [2023-11-07T19:38:29.086+0000] {dagbag.py:536} INFO - Filling up the DagBag from /usr/local/lib/python3.10/dist-packages/airflow/example_dags/example_python_operator.py
[2023-11-07T19:38:29.096+0000] {logging_mixin.py:154} INFO - [2023-11-07T19:38:29.095+0000] {example_python_operator.py:86} WARNING - The virtalenv_python example task requires virtualenv, please install it.
[2023-11-07T19:38:29.096+0000] {processor.py:839} INFO - DAG(s) dict_keys(['example_python_operator']) retrieved from /usr/local/lib/python3.10/dist-packages/airflow/example_dags/example_python_operator.py
[2023-11-07T19:38:29.113+0000] {logging_mixin.py:154} INFO - [2023-11-07T19:38:29.113+0000] {dag.py:2941} INFO - Sync 1 DAGs
[2023-11-07T19:38:29.125+0000] {logging_mixin.py:154} INFO - [2023-11-07T19:38:29.125+0000] {dag.py:3722} INFO - Setting next_dagrun for example_python_operator to None, run_after=None
[2023-11-07T19:38:29.146+0000] {processor.py:179} INFO - Processing /usr/local/lib/python3.10/dist-packages/airflow/example_dags/example_python_operator.py took 0.066 seconds
[2023-11-07T19:39:14.540+0000] {processor.py:157} INFO - Started process (PID=4023) to work on /usr/local/lib/python3.10/dist-packages/airflow/example_dags/example_python_operator.py
[2023-11-07T19:39:14.542+0000] {processor.py:829} INFO - Processing file /usr/local/lib/python3.10/dist-packages/airflow/example_dags/example_python_operator.py for tasks to queue
[2023-11-07T19:39:14.543+0000] {logging_mixin.py:154} INFO - [2023-11-07T19:39:14.542+0000] {dagbag.py:536} INFO - Filling up the DagBag from /usr/local/lib/python3.10/dist-packages/airflow/example_dags/example_python_operator.py
[2023-11-07T19:39:14.552+0000] {logging_mixin.py:154} INFO - [2023-11-07T19:39:14.552+0000] {example_python_operator.py:86} WARNING - The virtalenv_python example task requires virtualenv, please install it.
[2023-11-07T19:39:14.552+0000] {processor.py:839} INFO - DAG(s) dict_keys(['example_python_operator']) retrieved from /usr/local/lib/python3.10/dist-packages/airflow/example_dags/example_python_operator.py
[2023-11-07T19:39:14.573+0000] {logging_mixin.py:154} INFO - [2023-11-07T19:39:14.573+0000] {dag.py:2941} INFO - Sync 1 DAGs
[2023-11-07T19:39:14.585+0000] {logging_mixin.py:154} INFO - [2023-11-07T19:39:14.585+0000] {dag.py:3722} INFO - Setting next_dagrun for example_python_operator to None, run_after=None
[2023-11-07T19:39:14.608+0000] {processor.py:179} INFO - Processing /usr/local/lib/python3.10/dist-packages/airflow/example_dags/example_python_operator.py took 0.076 seconds
[2023-11-07T19:40:03.023+0000] {processor.py:157} INFO - Started process (PID=4072) to work on /usr/local/lib/python3.10/dist-packages/airflow/example_dags/example_python_operator.py
[2023-11-07T19:40:03.025+0000] {processor.py:829} INFO - Processing file /usr/local/lib/python3.10/dist-packages/airflow/example_dags/example_python_operator.py for tasks to queue
[2023-11-07T19:40:03.025+0000] {logging_mixin.py:154} INFO - [2023-11-07T19:40:03.025+0000] {dagbag.py:536} INFO - Filling up the DagBag from /usr/local/lib/python3.10/dist-packages/airflow/example_dags/example_python_operator.py
[2023-11-07T19:40:03.037+0000] {logging_mixin.py:154} INFO - [2023-11-07T19:40:03.037+0000] {example_python_operator.py:86} WARNING - The virtalenv_python example task requires virtualenv, please install it.
[2023-11-07T19:40:03.038+0000] {processor.py:839} INFO - DAG(s) dict_keys(['example_python_operator']) retrieved from /usr/local/lib/python3.10/dist-packages/airflow/example_dags/example_python_operator.py
[2023-11-07T19:40:03.069+0000] {logging_mixin.py:154} INFO - [2023-11-07T19:40:03.069+0000] {dag.py:2941} INFO - Sync 1 DAGs
[2023-11-07T19:40:03.082+0000] {logging_mixin.py:154} INFO - [2023-11-07T19:40:03.082+0000] {dag.py:3722} INFO - Setting next_dagrun for example_python_operator to None, run_after=None
[2023-11-07T19:40:03.103+0000] {processor.py:179} INFO - Processing /usr/local/lib/python3.10/dist-packages/airflow/example_dags/example_python_operator.py took 0.083 seconds
[2023-11-07T19:40:56.331+0000] {processor.py:157} INFO - Started process (PID=4126) to work on /usr/local/lib/python3.10/dist-packages/airflow/example_dags/example_python_operator.py
[2023-11-07T19:40:56.333+0000] {processor.py:829} INFO - Processing file /usr/local/lib/python3.10/dist-packages/airflow/example_dags/example_python_operator.py for tasks to queue
[2023-11-07T19:40:56.334+0000] {logging_mixin.py:154} INFO - [2023-11-07T19:40:56.333+0000] {dagbag.py:536} INFO - Filling up the DagBag from /usr/local/lib/python3.10/dist-packages/airflow/example_dags/example_python_operator.py
[2023-11-07T19:40:56.343+0000] {logging_mixin.py:154} INFO - [2023-11-07T19:40:56.343+0000] {example_python_operator.py:86} WARNING - The virtalenv_python example task requires virtualenv, please install it.
[2023-11-07T19:40:56.344+0000] {processor.py:839} INFO - DAG(s) dict_keys(['example_python_operator']) retrieved from /usr/local/lib/python3.10/dist-packages/airflow/example_dags/example_python_operator.py
[2023-11-07T19:40:56.364+0000] {logging_mixin.py:154} INFO - [2023-11-07T19:40:56.364+0000] {dag.py:2941} INFO - Sync 1 DAGs
[2023-11-07T19:40:56.377+0000] {logging_mixin.py:154} INFO - [2023-11-07T19:40:56.377+0000] {dag.py:3722} INFO - Setting next_dagrun for example_python_operator to None, run_after=None
[2023-11-07T19:40:56.402+0000] {processor.py:179} INFO - Processing /usr/local/lib/python3.10/dist-packages/airflow/example_dags/example_python_operator.py took 0.074 seconds
[2023-11-07T19:41:45.236+0000] {processor.py:157} INFO - Started process (PID=4177) to work on /usr/local/lib/python3.10/dist-packages/airflow/example_dags/example_python_operator.py
[2023-11-07T19:41:45.237+0000] {processor.py:829} INFO - Processing file /usr/local/lib/python3.10/dist-packages/airflow/example_dags/example_python_operator.py for tasks to queue
[2023-11-07T19:41:45.238+0000] {logging_mixin.py:154} INFO - [2023-11-07T19:41:45.238+0000] {dagbag.py:536} INFO - Filling up the DagBag from /usr/local/lib/python3.10/dist-packages/airflow/example_dags/example_python_operator.py
[2023-11-07T19:41:45.248+0000] {logging_mixin.py:154} INFO - [2023-11-07T19:41:45.248+0000] {example_python_operator.py:86} WARNING - The virtalenv_python example task requires virtualenv, please install it.
[2023-11-07T19:41:45.248+0000] {processor.py:839} INFO - DAG(s) dict_keys(['example_python_operator']) retrieved from /usr/local/lib/python3.10/dist-packages/airflow/example_dags/example_python_operator.py
[2023-11-07T19:41:45.270+0000] {logging_mixin.py:154} INFO - [2023-11-07T19:41:45.270+0000] {dag.py:2941} INFO - Sync 1 DAGs
[2023-11-07T19:41:45.284+0000] {logging_mixin.py:154} INFO - [2023-11-07T19:41:45.284+0000] {dag.py:3722} INFO - Setting next_dagrun for example_python_operator to None, run_after=None
[2023-11-07T19:41:45.311+0000] {processor.py:179} INFO - Processing /usr/local/lib/python3.10/dist-packages/airflow/example_dags/example_python_operator.py took 0.080 seconds
[2023-11-07T19:42:33.967+0000] {processor.py:157} INFO - Started process (PID=4227) to work on /usr/local/lib/python3.10/dist-packages/airflow/example_dags/example_python_operator.py
[2023-11-07T19:42:33.968+0000] {processor.py:829} INFO - Processing file /usr/local/lib/python3.10/dist-packages/airflow/example_dags/example_python_operator.py for tasks to queue
[2023-11-07T19:42:33.969+0000] {logging_mixin.py:154} INFO - [2023-11-07T19:42:33.968+0000] {dagbag.py:536} INFO - Filling up the DagBag from /usr/local/lib/python3.10/dist-packages/airflow/example_dags/example_python_operator.py
[2023-11-07T19:42:33.978+0000] {logging_mixin.py:154} INFO - [2023-11-07T19:42:33.978+0000] {example_python_operator.py:86} WARNING - The virtalenv_python example task requires virtualenv, please install it.
[2023-11-07T19:42:33.978+0000] {processor.py:839} INFO - DAG(s) dict_keys(['example_python_operator']) retrieved from /usr/local/lib/python3.10/dist-packages/airflow/example_dags/example_python_operator.py
[2023-11-07T19:42:33.998+0000] {logging_mixin.py:154} INFO - [2023-11-07T19:42:33.997+0000] {dag.py:2941} INFO - Sync 1 DAGs
[2023-11-07T19:42:34.009+0000] {logging_mixin.py:154} INFO - [2023-11-07T19:42:34.009+0000] {dag.py:3722} INFO - Setting next_dagrun for example_python_operator to None, run_after=None
[2023-11-07T19:42:34.032+0000] {processor.py:179} INFO - Processing /usr/local/lib/python3.10/dist-packages/airflow/example_dags/example_python_operator.py took 0.068 seconds
[2023-11-07T19:43:23.474+0000] {processor.py:157} INFO - Started process (PID=4278) to work on /usr/local/lib/python3.10/dist-packages/airflow/example_dags/example_python_operator.py
[2023-11-07T19:43:23.475+0000] {processor.py:829} INFO - Processing file /usr/local/lib/python3.10/dist-packages/airflow/example_dags/example_python_operator.py for tasks to queue
[2023-11-07T19:43:23.476+0000] {logging_mixin.py:154} INFO - [2023-11-07T19:43:23.476+0000] {dagbag.py:536} INFO - Filling up the DagBag from /usr/local/lib/python3.10/dist-packages/airflow/example_dags/example_python_operator.py
[2023-11-07T19:43:23.486+0000] {logging_mixin.py:154} INFO - [2023-11-07T19:43:23.486+0000] {example_python_operator.py:86} WARNING - The virtalenv_python example task requires virtualenv, please install it.
[2023-11-07T19:43:23.487+0000] {processor.py:839} INFO - DAG(s) dict_keys(['example_python_operator']) retrieved from /usr/local/lib/python3.10/dist-packages/airflow/example_dags/example_python_operator.py
[2023-11-07T19:43:23.509+0000] {logging_mixin.py:154} INFO - [2023-11-07T19:43:23.508+0000] {dag.py:2941} INFO - Sync 1 DAGs
[2023-11-07T19:43:23.522+0000] {logging_mixin.py:154} INFO - [2023-11-07T19:43:23.521+0000] {dag.py:3722} INFO - Setting next_dagrun for example_python_operator to None, run_after=None
[2023-11-07T19:43:23.548+0000] {processor.py:179} INFO - Processing /usr/local/lib/python3.10/dist-packages/airflow/example_dags/example_python_operator.py took 0.077 seconds
[2023-11-07T19:44:12.875+0000] {processor.py:157} INFO - Started process (PID=4328) to work on /usr/local/lib/python3.10/dist-packages/airflow/example_dags/example_python_operator.py
[2023-11-07T19:44:12.877+0000] {processor.py:829} INFO - Processing file /usr/local/lib/python3.10/dist-packages/airflow/example_dags/example_python_operator.py for tasks to queue
[2023-11-07T19:44:12.878+0000] {logging_mixin.py:154} INFO - [2023-11-07T19:44:12.877+0000] {dagbag.py:536} INFO - Filling up the DagBag from /usr/local/lib/python3.10/dist-packages/airflow/example_dags/example_python_operator.py
[2023-11-07T19:44:12.888+0000] {logging_mixin.py:154} INFO - [2023-11-07T19:44:12.888+0000] {example_python_operator.py:86} WARNING - The virtalenv_python example task requires virtualenv, please install it.
[2023-11-07T19:44:12.888+0000] {processor.py:839} INFO - DAG(s) dict_keys(['example_python_operator']) retrieved from /usr/local/lib/python3.10/dist-packages/airflow/example_dags/example_python_operator.py
[2023-11-07T19:44:12.911+0000] {logging_mixin.py:154} INFO - [2023-11-07T19:44:12.910+0000] {dag.py:2941} INFO - Sync 1 DAGs
[2023-11-07T19:44:12.924+0000] {logging_mixin.py:154} INFO - [2023-11-07T19:44:12.924+0000] {dag.py:3722} INFO - Setting next_dagrun for example_python_operator to None, run_after=None
[2023-11-07T19:44:12.952+0000] {processor.py:179} INFO - Processing /usr/local/lib/python3.10/dist-packages/airflow/example_dags/example_python_operator.py took 0.080 seconds
[2023-11-07T19:45:07.100+0000] {processor.py:157} INFO - Started process (PID=4381) to work on /usr/local/lib/python3.10/dist-packages/airflow/example_dags/example_python_operator.py
[2023-11-07T19:45:07.101+0000] {processor.py:829} INFO - Processing file /usr/local/lib/python3.10/dist-packages/airflow/example_dags/example_python_operator.py for tasks to queue
[2023-11-07T19:45:07.102+0000] {logging_mixin.py:154} INFO - [2023-11-07T19:45:07.102+0000] {dagbag.py:536} INFO - Filling up the DagBag from /usr/local/lib/python3.10/dist-packages/airflow/example_dags/example_python_operator.py
[2023-11-07T19:45:07.111+0000] {logging_mixin.py:154} INFO - [2023-11-07T19:45:07.111+0000] {example_python_operator.py:86} WARNING - The virtalenv_python example task requires virtualenv, please install it.
[2023-11-07T19:45:07.113+0000] {processor.py:839} INFO - DAG(s) dict_keys(['example_python_operator']) retrieved from /usr/local/lib/python3.10/dist-packages/airflow/example_dags/example_python_operator.py
[2023-11-07T19:45:07.143+0000] {logging_mixin.py:154} INFO - [2023-11-07T19:45:07.143+0000] {dag.py:2941} INFO - Sync 1 DAGs
[2023-11-07T19:45:07.164+0000] {logging_mixin.py:154} INFO - [2023-11-07T19:45:07.164+0000] {dag.py:3722} INFO - Setting next_dagrun for example_python_operator to None, run_after=None
[2023-11-07T19:45:07.194+0000] {processor.py:179} INFO - Processing /usr/local/lib/python3.10/dist-packages/airflow/example_dags/example_python_operator.py took 0.098 seconds
[2023-11-07T19:46:01.722+0000] {processor.py:157} INFO - Started process (PID=4435) to work on /usr/local/lib/python3.10/dist-packages/airflow/example_dags/example_python_operator.py
[2023-11-07T19:46:01.725+0000] {processor.py:829} INFO - Processing file /usr/local/lib/python3.10/dist-packages/airflow/example_dags/example_python_operator.py for tasks to queue
[2023-11-07T19:46:01.725+0000] {logging_mixin.py:154} INFO - [2023-11-07T19:46:01.725+0000] {dagbag.py:536} INFO - Filling up the DagBag from /usr/local/lib/python3.10/dist-packages/airflow/example_dags/example_python_operator.py
[2023-11-07T19:46:01.735+0000] {logging_mixin.py:154} INFO - [2023-11-07T19:46:01.735+0000] {example_python_operator.py:86} WARNING - The virtalenv_python example task requires virtualenv, please install it.
[2023-11-07T19:46:01.736+0000] {processor.py:839} INFO - DAG(s) dict_keys(['example_python_operator']) retrieved from /usr/local/lib/python3.10/dist-packages/airflow/example_dags/example_python_operator.py
[2023-11-07T19:46:01.766+0000] {logging_mixin.py:154} INFO - [2023-11-07T19:46:01.764+0000] {dag.py:2941} INFO - Sync 1 DAGs
[2023-11-07T19:46:01.782+0000] {logging_mixin.py:154} INFO - [2023-11-07T19:46:01.782+0000] {dag.py:3722} INFO - Setting next_dagrun for example_python_operator to None, run_after=None
[2023-11-07T19:46:01.824+0000] {processor.py:179} INFO - Processing /usr/local/lib/python3.10/dist-packages/airflow/example_dags/example_python_operator.py took 0.109 seconds
[2023-11-07T19:46:52.907+0000] {processor.py:157} INFO - Started process (PID=4487) to work on /usr/local/lib/python3.10/dist-packages/airflow/example_dags/example_python_operator.py
[2023-11-07T19:46:52.909+0000] {processor.py:829} INFO - Processing file /usr/local/lib/python3.10/dist-packages/airflow/example_dags/example_python_operator.py for tasks to queue
[2023-11-07T19:46:52.910+0000] {logging_mixin.py:154} INFO - [2023-11-07T19:46:52.909+0000] {dagbag.py:536} INFO - Filling up the DagBag from /usr/local/lib/python3.10/dist-packages/airflow/example_dags/example_python_operator.py
[2023-11-07T19:46:52.918+0000] {logging_mixin.py:154} INFO - [2023-11-07T19:46:52.918+0000] {example_python_operator.py:86} WARNING - The virtalenv_python example task requires virtualenv, please install it.
[2023-11-07T19:46:52.918+0000] {processor.py:839} INFO - DAG(s) dict_keys(['example_python_operator']) retrieved from /usr/local/lib/python3.10/dist-packages/airflow/example_dags/example_python_operator.py
[2023-11-07T19:46:52.939+0000] {logging_mixin.py:154} INFO - [2023-11-07T19:46:52.939+0000] {dag.py:2941} INFO - Sync 1 DAGs
[2023-11-07T19:46:52.950+0000] {logging_mixin.py:154} INFO - [2023-11-07T19:46:52.950+0000] {dag.py:3722} INFO - Setting next_dagrun for example_python_operator to None, run_after=None
[2023-11-07T19:46:52.970+0000] {processor.py:179} INFO - Processing /usr/local/lib/python3.10/dist-packages/airflow/example_dags/example_python_operator.py took 0.065 seconds
[2023-11-07T19:47:45.249+0000] {processor.py:157} INFO - Started process (PID=4541) to work on /usr/local/lib/python3.10/dist-packages/airflow/example_dags/example_python_operator.py
[2023-11-07T19:47:45.250+0000] {processor.py:829} INFO - Processing file /usr/local/lib/python3.10/dist-packages/airflow/example_dags/example_python_operator.py for tasks to queue
[2023-11-07T19:47:45.251+0000] {logging_mixin.py:154} INFO - [2023-11-07T19:47:45.251+0000] {dagbag.py:536} INFO - Filling up the DagBag from /usr/local/lib/python3.10/dist-packages/airflow/example_dags/example_python_operator.py
[2023-11-07T19:47:45.260+0000] {logging_mixin.py:154} INFO - [2023-11-07T19:47:45.260+0000] {example_python_operator.py:86} WARNING - The virtalenv_python example task requires virtualenv, please install it.
[2023-11-07T19:47:45.261+0000] {processor.py:839} INFO - DAG(s) dict_keys(['example_python_operator']) retrieved from /usr/local/lib/python3.10/dist-packages/airflow/example_dags/example_python_operator.py
[2023-11-07T19:47:45.279+0000] {logging_mixin.py:154} INFO - [2023-11-07T19:47:45.279+0000] {dag.py:2941} INFO - Sync 1 DAGs
[2023-11-07T19:47:45.290+0000] {logging_mixin.py:154} INFO - [2023-11-07T19:47:45.289+0000] {dag.py:3722} INFO - Setting next_dagrun for example_python_operator to None, run_after=None
[2023-11-07T19:47:45.310+0000] {processor.py:179} INFO - Processing /usr/local/lib/python3.10/dist-packages/airflow/example_dags/example_python_operator.py took 0.064 seconds
[2023-11-07T19:48:35.430+0000] {processor.py:157} INFO - Started process (PID=4592) to work on /usr/local/lib/python3.10/dist-packages/airflow/example_dags/example_python_operator.py
[2023-11-07T19:48:35.432+0000] {processor.py:829} INFO - Processing file /usr/local/lib/python3.10/dist-packages/airflow/example_dags/example_python_operator.py for tasks to queue
[2023-11-07T19:48:35.434+0000] {logging_mixin.py:154} INFO - [2023-11-07T19:48:35.432+0000] {dagbag.py:536} INFO - Filling up the DagBag from /usr/local/lib/python3.10/dist-packages/airflow/example_dags/example_python_operator.py
[2023-11-07T19:48:35.450+0000] {logging_mixin.py:154} INFO - [2023-11-07T19:48:35.450+0000] {example_python_operator.py:86} WARNING - The virtalenv_python example task requires virtualenv, please install it.
[2023-11-07T19:48:35.451+0000] {processor.py:839} INFO - DAG(s) dict_keys(['example_python_operator']) retrieved from /usr/local/lib/python3.10/dist-packages/airflow/example_dags/example_python_operator.py
[2023-11-07T19:48:35.473+0000] {logging_mixin.py:154} INFO - [2023-11-07T19:48:35.473+0000] {dag.py:2941} INFO - Sync 1 DAGs
[2023-11-07T19:48:35.485+0000] {logging_mixin.py:154} INFO - [2023-11-07T19:48:35.485+0000] {dag.py:3722} INFO - Setting next_dagrun for example_python_operator to None, run_after=None
[2023-11-07T19:48:35.509+0000] {processor.py:179} INFO - Processing /usr/local/lib/python3.10/dist-packages/airflow/example_dags/example_python_operator.py took 0.093 seconds
[2023-11-07T19:49:23.736+0000] {processor.py:157} INFO - Started process (PID=4642) to work on /usr/local/lib/python3.10/dist-packages/airflow/example_dags/example_python_operator.py
[2023-11-07T19:49:23.737+0000] {processor.py:829} INFO - Processing file /usr/local/lib/python3.10/dist-packages/airflow/example_dags/example_python_operator.py for tasks to queue
[2023-11-07T19:49:23.738+0000] {logging_mixin.py:154} INFO - [2023-11-07T19:49:23.738+0000] {dagbag.py:536} INFO - Filling up the DagBag from /usr/local/lib/python3.10/dist-packages/airflow/example_dags/example_python_operator.py
[2023-11-07T19:49:23.748+0000] {logging_mixin.py:154} INFO - [2023-11-07T19:49:23.748+0000] {example_python_operator.py:86} WARNING - The virtalenv_python example task requires virtualenv, please install it.
[2023-11-07T19:49:23.749+0000] {processor.py:839} INFO - DAG(s) dict_keys(['example_python_operator']) retrieved from /usr/local/lib/python3.10/dist-packages/airflow/example_dags/example_python_operator.py
[2023-11-07T19:49:23.767+0000] {logging_mixin.py:154} INFO - [2023-11-07T19:49:23.767+0000] {dag.py:2941} INFO - Sync 1 DAGs
[2023-11-07T19:49:23.779+0000] {logging_mixin.py:154} INFO - [2023-11-07T19:49:23.779+0000] {dag.py:3722} INFO - Setting next_dagrun for example_python_operator to None, run_after=None
[2023-11-07T19:49:23.802+0000] {processor.py:179} INFO - Processing /usr/local/lib/python3.10/dist-packages/airflow/example_dags/example_python_operator.py took 0.071 seconds
[2023-11-07T19:50:10.426+0000] {processor.py:157} INFO - Started process (PID=4691) to work on /usr/local/lib/python3.10/dist-packages/airflow/example_dags/example_python_operator.py
[2023-11-07T19:50:10.427+0000] {processor.py:829} INFO - Processing file /usr/local/lib/python3.10/dist-packages/airflow/example_dags/example_python_operator.py for tasks to queue
[2023-11-07T19:50:10.428+0000] {logging_mixin.py:154} INFO - [2023-11-07T19:50:10.427+0000] {dagbag.py:536} INFO - Filling up the DagBag from /usr/local/lib/python3.10/dist-packages/airflow/example_dags/example_python_operator.py
[2023-11-07T19:50:10.439+0000] {logging_mixin.py:154} INFO - [2023-11-07T19:50:10.439+0000] {example_python_operator.py:86} WARNING - The virtalenv_python example task requires virtualenv, please install it.
[2023-11-07T19:50:10.440+0000] {processor.py:839} INFO - DAG(s) dict_keys(['example_python_operator']) retrieved from /usr/local/lib/python3.10/dist-packages/airflow/example_dags/example_python_operator.py
[2023-11-07T19:50:10.461+0000] {logging_mixin.py:154} INFO - [2023-11-07T19:50:10.461+0000] {dag.py:2941} INFO - Sync 1 DAGs
[2023-11-07T19:50:10.488+0000] {logging_mixin.py:154} INFO - [2023-11-07T19:50:10.488+0000] {dag.py:3722} INFO - Setting next_dagrun for example_python_operator to None, run_after=None
[2023-11-07T19:50:10.525+0000] {processor.py:179} INFO - Processing /usr/local/lib/python3.10/dist-packages/airflow/example_dags/example_python_operator.py took 0.102 seconds
[2023-11-07T19:51:01.588+0000] {processor.py:157} INFO - Started process (PID=4742) to work on /usr/local/lib/python3.10/dist-packages/airflow/example_dags/example_python_operator.py
[2023-11-07T19:51:01.589+0000] {processor.py:829} INFO - Processing file /usr/local/lib/python3.10/dist-packages/airflow/example_dags/example_python_operator.py for tasks to queue
[2023-11-07T19:51:01.590+0000] {logging_mixin.py:154} INFO - [2023-11-07T19:51:01.590+0000] {dagbag.py:536} INFO - Filling up the DagBag from /usr/local/lib/python3.10/dist-packages/airflow/example_dags/example_python_operator.py
[2023-11-07T19:51:01.598+0000] {logging_mixin.py:154} INFO - [2023-11-07T19:51:01.598+0000] {example_python_operator.py:86} WARNING - The virtalenv_python example task requires virtualenv, please install it.
[2023-11-07T19:51:01.599+0000] {processor.py:839} INFO - DAG(s) dict_keys(['example_python_operator']) retrieved from /usr/local/lib/python3.10/dist-packages/airflow/example_dags/example_python_operator.py
[2023-11-07T19:51:01.616+0000] {logging_mixin.py:154} INFO - [2023-11-07T19:51:01.616+0000] {dag.py:2941} INFO - Sync 1 DAGs
[2023-11-07T19:51:01.627+0000] {logging_mixin.py:154} INFO - [2023-11-07T19:51:01.627+0000] {dag.py:3722} INFO - Setting next_dagrun for example_python_operator to None, run_after=None
[2023-11-07T19:51:01.648+0000] {processor.py:179} INFO - Processing /usr/local/lib/python3.10/dist-packages/airflow/example_dags/example_python_operator.py took 0.063 seconds
[2023-11-07T19:51:50.875+0000] {processor.py:157} INFO - Started process (PID=4794) to work on /usr/local/lib/python3.10/dist-packages/airflow/example_dags/example_python_operator.py
[2023-11-07T19:51:50.876+0000] {processor.py:829} INFO - Processing file /usr/local/lib/python3.10/dist-packages/airflow/example_dags/example_python_operator.py for tasks to queue
[2023-11-07T19:51:50.877+0000] {logging_mixin.py:154} INFO - [2023-11-07T19:51:50.877+0000] {dagbag.py:536} INFO - Filling up the DagBag from /usr/local/lib/python3.10/dist-packages/airflow/example_dags/example_python_operator.py
[2023-11-07T19:51:50.888+0000] {logging_mixin.py:154} INFO - [2023-11-07T19:51:50.887+0000] {example_python_operator.py:86} WARNING - The virtalenv_python example task requires virtualenv, please install it.
[2023-11-07T19:51:50.888+0000] {processor.py:839} INFO - DAG(s) dict_keys(['example_python_operator']) retrieved from /usr/local/lib/python3.10/dist-packages/airflow/example_dags/example_python_operator.py
[2023-11-07T19:51:50.908+0000] {logging_mixin.py:154} INFO - [2023-11-07T19:51:50.908+0000] {dag.py:2941} INFO - Sync 1 DAGs
[2023-11-07T19:51:50.921+0000] {logging_mixin.py:154} INFO - [2023-11-07T19:51:50.920+0000] {dag.py:3722} INFO - Setting next_dagrun for example_python_operator to None, run_after=None
[2023-11-07T19:51:50.946+0000] {processor.py:179} INFO - Processing /usr/local/lib/python3.10/dist-packages/airflow/example_dags/example_python_operator.py took 0.078 seconds
[2023-11-07T19:52:45.133+0000] {processor.py:157} INFO - Started process (PID=4848) to work on /usr/local/lib/python3.10/dist-packages/airflow/example_dags/example_python_operator.py
[2023-11-07T19:52:45.135+0000] {processor.py:829} INFO - Processing file /usr/local/lib/python3.10/dist-packages/airflow/example_dags/example_python_operator.py for tasks to queue
[2023-11-07T19:52:45.135+0000] {logging_mixin.py:154} INFO - [2023-11-07T19:52:45.135+0000] {dagbag.py:536} INFO - Filling up the DagBag from /usr/local/lib/python3.10/dist-packages/airflow/example_dags/example_python_operator.py
[2023-11-07T19:52:45.145+0000] {logging_mixin.py:154} INFO - [2023-11-07T19:52:45.145+0000] {example_python_operator.py:86} WARNING - The virtalenv_python example task requires virtualenv, please install it.
[2023-11-07T19:52:45.145+0000] {processor.py:839} INFO - DAG(s) dict_keys(['example_python_operator']) retrieved from /usr/local/lib/python3.10/dist-packages/airflow/example_dags/example_python_operator.py
[2023-11-07T19:52:45.165+0000] {logging_mixin.py:154} INFO - [2023-11-07T19:52:45.164+0000] {dag.py:2941} INFO - Sync 1 DAGs
[2023-11-07T19:52:45.178+0000] {logging_mixin.py:154} INFO - [2023-11-07T19:52:45.177+0000] {dag.py:3722} INFO - Setting next_dagrun for example_python_operator to None, run_after=None
[2023-11-07T19:52:45.202+0000] {processor.py:179} INFO - Processing /usr/local/lib/python3.10/dist-packages/airflow/example_dags/example_python_operator.py took 0.072 seconds
[2023-11-07T19:53:37.126+0000] {processor.py:157} INFO - Started process (PID=4901) to work on /usr/local/lib/python3.10/dist-packages/airflow/example_dags/example_python_operator.py
[2023-11-07T19:53:37.127+0000] {processor.py:829} INFO - Processing file /usr/local/lib/python3.10/dist-packages/airflow/example_dags/example_python_operator.py for tasks to queue
[2023-11-07T19:53:37.127+0000] {logging_mixin.py:154} INFO - [2023-11-07T19:53:37.127+0000] {dagbag.py:536} INFO - Filling up the DagBag from /usr/local/lib/python3.10/dist-packages/airflow/example_dags/example_python_operator.py
[2023-11-07T19:53:37.137+0000] {logging_mixin.py:154} INFO - [2023-11-07T19:53:37.137+0000] {example_python_operator.py:86} WARNING - The virtalenv_python example task requires virtualenv, please install it.
[2023-11-07T19:53:37.137+0000] {processor.py:839} INFO - DAG(s) dict_keys(['example_python_operator']) retrieved from /usr/local/lib/python3.10/dist-packages/airflow/example_dags/example_python_operator.py
[2023-11-07T19:53:37.163+0000] {logging_mixin.py:154} INFO - [2023-11-07T19:53:37.163+0000] {dag.py:2941} INFO - Sync 1 DAGs
[2023-11-07T19:53:37.177+0000] {logging_mixin.py:154} INFO - [2023-11-07T19:53:37.177+0000] {dag.py:3722} INFO - Setting next_dagrun for example_python_operator to None, run_after=None
[2023-11-07T19:53:37.201+0000] {processor.py:179} INFO - Processing /usr/local/lib/python3.10/dist-packages/airflow/example_dags/example_python_operator.py took 0.079 seconds
[2023-11-07T19:54:30.609+0000] {processor.py:157} INFO - Started process (PID=4954) to work on /usr/local/lib/python3.10/dist-packages/airflow/example_dags/example_python_operator.py
[2023-11-07T19:54:30.611+0000] {processor.py:829} INFO - Processing file /usr/local/lib/python3.10/dist-packages/airflow/example_dags/example_python_operator.py for tasks to queue
[2023-11-07T19:54:30.611+0000] {logging_mixin.py:154} INFO - [2023-11-07T19:54:30.611+0000] {dagbag.py:536} INFO - Filling up the DagBag from /usr/local/lib/python3.10/dist-packages/airflow/example_dags/example_python_operator.py
[2023-11-07T19:54:30.620+0000] {logging_mixin.py:154} INFO - [2023-11-07T19:54:30.620+0000] {example_python_operator.py:86} WARNING - The virtalenv_python example task requires virtualenv, please install it.
[2023-11-07T19:54:30.621+0000] {processor.py:839} INFO - DAG(s) dict_keys(['example_python_operator']) retrieved from /usr/local/lib/python3.10/dist-packages/airflow/example_dags/example_python_operator.py
[2023-11-07T19:54:30.639+0000] {logging_mixin.py:154} INFO - [2023-11-07T19:54:30.639+0000] {dag.py:2941} INFO - Sync 1 DAGs
[2023-11-07T19:54:30.652+0000] {logging_mixin.py:154} INFO - [2023-11-07T19:54:30.652+0000] {dag.py:3722} INFO - Setting next_dagrun for example_python_operator to None, run_after=None
[2023-11-07T19:54:30.673+0000] {processor.py:179} INFO - Processing /usr/local/lib/python3.10/dist-packages/airflow/example_dags/example_python_operator.py took 0.067 seconds
[2023-11-07T19:55:21.068+0000] {processor.py:157} INFO - Started process (PID=5005) to work on /usr/local/lib/python3.10/dist-packages/airflow/example_dags/example_python_operator.py
[2023-11-07T19:55:21.069+0000] {processor.py:829} INFO - Processing file /usr/local/lib/python3.10/dist-packages/airflow/example_dags/example_python_operator.py for tasks to queue
[2023-11-07T19:55:21.070+0000] {logging_mixin.py:154} INFO - [2023-11-07T19:55:21.070+0000] {dagbag.py:536} INFO - Filling up the DagBag from /usr/local/lib/python3.10/dist-packages/airflow/example_dags/example_python_operator.py
[2023-11-07T19:55:21.079+0000] {logging_mixin.py:154} INFO - [2023-11-07T19:55:21.079+0000] {example_python_operator.py:86} WARNING - The virtalenv_python example task requires virtualenv, please install it.
[2023-11-07T19:55:21.080+0000] {processor.py:839} INFO - DAG(s) dict_keys(['example_python_operator']) retrieved from /usr/local/lib/python3.10/dist-packages/airflow/example_dags/example_python_operator.py
[2023-11-07T19:55:21.098+0000] {logging_mixin.py:154} INFO - [2023-11-07T19:55:21.098+0000] {dag.py:2941} INFO - Sync 1 DAGs
[2023-11-07T19:55:21.108+0000] {logging_mixin.py:154} INFO - [2023-11-07T19:55:21.108+0000] {dag.py:3722} INFO - Setting next_dagrun for example_python_operator to None, run_after=None
[2023-11-07T19:55:21.131+0000] {processor.py:179} INFO - Processing /usr/local/lib/python3.10/dist-packages/airflow/example_dags/example_python_operator.py took 0.066 seconds
[2023-11-07T19:56:16.654+0000] {processor.py:157} INFO - Started process (PID=5059) to work on /usr/local/lib/python3.10/dist-packages/airflow/example_dags/example_python_operator.py
[2023-11-07T19:56:16.655+0000] {processor.py:829} INFO - Processing file /usr/local/lib/python3.10/dist-packages/airflow/example_dags/example_python_operator.py for tasks to queue
[2023-11-07T19:56:16.657+0000] {logging_mixin.py:154} INFO - [2023-11-07T19:56:16.656+0000] {dagbag.py:536} INFO - Filling up the DagBag from /usr/local/lib/python3.10/dist-packages/airflow/example_dags/example_python_operator.py
[2023-11-07T19:56:16.670+0000] {logging_mixin.py:154} INFO - [2023-11-07T19:56:16.669+0000] {example_python_operator.py:86} WARNING - The virtalenv_python example task requires virtualenv, please install it.
[2023-11-07T19:56:16.670+0000] {processor.py:839} INFO - DAG(s) dict_keys(['example_python_operator']) retrieved from /usr/local/lib/python3.10/dist-packages/airflow/example_dags/example_python_operator.py
[2023-11-07T19:56:16.691+0000] {logging_mixin.py:154} INFO - [2023-11-07T19:56:16.691+0000] {dag.py:2941} INFO - Sync 1 DAGs
[2023-11-07T19:56:16.702+0000] {logging_mixin.py:154} INFO - [2023-11-07T19:56:16.702+0000] {dag.py:3722} INFO - Setting next_dagrun for example_python_operator to None, run_after=None
[2023-11-07T19:56:16.723+0000] {processor.py:179} INFO - Processing /usr/local/lib/python3.10/dist-packages/airflow/example_dags/example_python_operator.py took 0.073 seconds
[2023-11-07T19:57:09.790+0000] {processor.py:157} INFO - Started process (PID=5112) to work on /usr/local/lib/python3.10/dist-packages/airflow/example_dags/example_python_operator.py
[2023-11-07T19:57:09.791+0000] {processor.py:829} INFO - Processing file /usr/local/lib/python3.10/dist-packages/airflow/example_dags/example_python_operator.py for tasks to queue
[2023-11-07T19:57:09.792+0000] {logging_mixin.py:154} INFO - [2023-11-07T19:57:09.791+0000] {dagbag.py:536} INFO - Filling up the DagBag from /usr/local/lib/python3.10/dist-packages/airflow/example_dags/example_python_operator.py
[2023-11-07T19:57:09.800+0000] {logging_mixin.py:154} INFO - [2023-11-07T19:57:09.800+0000] {example_python_operator.py:86} WARNING - The virtalenv_python example task requires virtualenv, please install it.
[2023-11-07T19:57:09.801+0000] {processor.py:839} INFO - DAG(s) dict_keys(['example_python_operator']) retrieved from /usr/local/lib/python3.10/dist-packages/airflow/example_dags/example_python_operator.py
[2023-11-07T19:57:09.818+0000] {logging_mixin.py:154} INFO - [2023-11-07T19:57:09.818+0000] {dag.py:2941} INFO - Sync 1 DAGs
[2023-11-07T19:57:09.830+0000] {logging_mixin.py:154} INFO - [2023-11-07T19:57:09.830+0000] {dag.py:3722} INFO - Setting next_dagrun for example_python_operator to None, run_after=None
[2023-11-07T19:57:09.852+0000] {processor.py:179} INFO - Processing /usr/local/lib/python3.10/dist-packages/airflow/example_dags/example_python_operator.py took 0.065 seconds
[2023-11-07T19:58:01.420+0000] {processor.py:157} INFO - Started process (PID=5164) to work on /usr/local/lib/python3.10/dist-packages/airflow/example_dags/example_python_operator.py
[2023-11-07T19:58:01.421+0000] {processor.py:829} INFO - Processing file /usr/local/lib/python3.10/dist-packages/airflow/example_dags/example_python_operator.py for tasks to queue
[2023-11-07T19:58:01.422+0000] {logging_mixin.py:154} INFO - [2023-11-07T19:58:01.422+0000] {dagbag.py:536} INFO - Filling up the DagBag from /usr/local/lib/python3.10/dist-packages/airflow/example_dags/example_python_operator.py
[2023-11-07T19:58:01.431+0000] {logging_mixin.py:154} INFO - [2023-11-07T19:58:01.431+0000] {example_python_operator.py:86} WARNING - The virtalenv_python example task requires virtualenv, please install it.
[2023-11-07T19:58:01.431+0000] {processor.py:839} INFO - DAG(s) dict_keys(['example_python_operator']) retrieved from /usr/local/lib/python3.10/dist-packages/airflow/example_dags/example_python_operator.py
[2023-11-07T19:58:01.449+0000] {logging_mixin.py:154} INFO - [2023-11-07T19:58:01.448+0000] {dag.py:2941} INFO - Sync 1 DAGs
[2023-11-07T19:58:01.463+0000] {logging_mixin.py:154} INFO - [2023-11-07T19:58:01.463+0000] {dag.py:3722} INFO - Setting next_dagrun for example_python_operator to None, run_after=None
[2023-11-07T19:58:01.485+0000] {processor.py:179} INFO - Processing /usr/local/lib/python3.10/dist-packages/airflow/example_dags/example_python_operator.py took 0.069 seconds
[2023-11-07T19:58:48.467+0000] {processor.py:157} INFO - Started process (PID=5212) to work on /usr/local/lib/python3.10/dist-packages/airflow/example_dags/example_python_operator.py
[2023-11-07T19:58:48.468+0000] {processor.py:829} INFO - Processing file /usr/local/lib/python3.10/dist-packages/airflow/example_dags/example_python_operator.py for tasks to queue
[2023-11-07T19:58:48.469+0000] {logging_mixin.py:154} INFO - [2023-11-07T19:58:48.469+0000] {dagbag.py:536} INFO - Filling up the DagBag from /usr/local/lib/python3.10/dist-packages/airflow/example_dags/example_python_operator.py
[2023-11-07T19:58:48.479+0000] {logging_mixin.py:154} INFO - [2023-11-07T19:58:48.479+0000] {example_python_operator.py:86} WARNING - The virtalenv_python example task requires virtualenv, please install it.
[2023-11-07T19:58:48.480+0000] {processor.py:839} INFO - DAG(s) dict_keys(['example_python_operator']) retrieved from /usr/local/lib/python3.10/dist-packages/airflow/example_dags/example_python_operator.py
[2023-11-07T19:58:48.499+0000] {logging_mixin.py:154} INFO - [2023-11-07T19:58:48.498+0000] {dag.py:2941} INFO - Sync 1 DAGs
[2023-11-07T19:58:48.518+0000] {logging_mixin.py:154} INFO - [2023-11-07T19:58:48.516+0000] {dag.py:3722} INFO - Setting next_dagrun for example_python_operator to None, run_after=None
[2023-11-07T19:58:48.543+0000] {processor.py:179} INFO - Processing /usr/local/lib/python3.10/dist-packages/airflow/example_dags/example_python_operator.py took 0.080 seconds
[2023-11-07T19:59:38.826+0000] {processor.py:157} INFO - Started process (PID=5264) to work on /usr/local/lib/python3.10/dist-packages/airflow/example_dags/example_python_operator.py
[2023-11-07T19:59:38.827+0000] {processor.py:829} INFO - Processing file /usr/local/lib/python3.10/dist-packages/airflow/example_dags/example_python_operator.py for tasks to queue
[2023-11-07T19:59:38.828+0000] {logging_mixin.py:154} INFO - [2023-11-07T19:59:38.828+0000] {dagbag.py:536} INFO - Filling up the DagBag from /usr/local/lib/python3.10/dist-packages/airflow/example_dags/example_python_operator.py
[2023-11-07T19:59:38.842+0000] {logging_mixin.py:154} INFO - [2023-11-07T19:59:38.842+0000] {example_python_operator.py:86} WARNING - The virtalenv_python example task requires virtualenv, please install it.
[2023-11-07T19:59:38.842+0000] {processor.py:839} INFO - DAG(s) dict_keys(['example_python_operator']) retrieved from /usr/local/lib/python3.10/dist-packages/airflow/example_dags/example_python_operator.py
[2023-11-07T19:59:38.869+0000] {logging_mixin.py:154} INFO - [2023-11-07T19:59:38.869+0000] {dag.py:2941} INFO - Sync 1 DAGs
[2023-11-07T19:59:38.882+0000] {logging_mixin.py:154} INFO - [2023-11-07T19:59:38.882+0000] {dag.py:3722} INFO - Setting next_dagrun for example_python_operator to None, run_after=None
[2023-11-07T19:59:38.924+0000] {processor.py:179} INFO - Processing /usr/local/lib/python3.10/dist-packages/airflow/example_dags/example_python_operator.py took 0.102 seconds
[2023-11-07T20:00:32.658+0000] {processor.py:157} INFO - Started process (PID=5317) to work on /usr/local/lib/python3.10/dist-packages/airflow/example_dags/example_python_operator.py
[2023-11-07T20:00:32.660+0000] {processor.py:829} INFO - Processing file /usr/local/lib/python3.10/dist-packages/airflow/example_dags/example_python_operator.py for tasks to queue
[2023-11-07T20:00:32.662+0000] {logging_mixin.py:154} INFO - [2023-11-07T20:00:32.661+0000] {dagbag.py:536} INFO - Filling up the DagBag from /usr/local/lib/python3.10/dist-packages/airflow/example_dags/example_python_operator.py
[2023-11-07T20:00:32.673+0000] {logging_mixin.py:154} INFO - [2023-11-07T20:00:32.673+0000] {example_python_operator.py:86} WARNING - The virtalenv_python example task requires virtualenv, please install it.
[2023-11-07T20:00:32.673+0000] {processor.py:839} INFO - DAG(s) dict_keys(['example_python_operator']) retrieved from /usr/local/lib/python3.10/dist-packages/airflow/example_dags/example_python_operator.py
[2023-11-07T20:00:32.693+0000] {logging_mixin.py:154} INFO - [2023-11-07T20:00:32.693+0000] {dag.py:2941} INFO - Sync 1 DAGs
[2023-11-07T20:00:32.706+0000] {logging_mixin.py:154} INFO - [2023-11-07T20:00:32.705+0000] {dag.py:3722} INFO - Setting next_dagrun for example_python_operator to None, run_after=None
[2023-11-07T20:00:32.732+0000] {processor.py:179} INFO - Processing /usr/local/lib/python3.10/dist-packages/airflow/example_dags/example_python_operator.py took 0.077 seconds
[2023-11-07T20:01:26.243+0000] {processor.py:157} INFO - Started process (PID=5371) to work on /usr/local/lib/python3.10/dist-packages/airflow/example_dags/example_python_operator.py
[2023-11-07T20:01:26.245+0000] {processor.py:829} INFO - Processing file /usr/local/lib/python3.10/dist-packages/airflow/example_dags/example_python_operator.py for tasks to queue
[2023-11-07T20:01:26.246+0000] {logging_mixin.py:154} INFO - [2023-11-07T20:01:26.246+0000] {dagbag.py:536} INFO - Filling up the DagBag from /usr/local/lib/python3.10/dist-packages/airflow/example_dags/example_python_operator.py
[2023-11-07T20:01:26.254+0000] {logging_mixin.py:154} INFO - [2023-11-07T20:01:26.254+0000] {example_python_operator.py:86} WARNING - The virtalenv_python example task requires virtualenv, please install it.
[2023-11-07T20:01:26.255+0000] {processor.py:839} INFO - DAG(s) dict_keys(['example_python_operator']) retrieved from /usr/local/lib/python3.10/dist-packages/airflow/example_dags/example_python_operator.py
[2023-11-07T20:01:26.272+0000] {logging_mixin.py:154} INFO - [2023-11-07T20:01:26.272+0000] {dag.py:2941} INFO - Sync 1 DAGs
[2023-11-07T20:01:26.283+0000] {logging_mixin.py:154} INFO - [2023-11-07T20:01:26.283+0000] {dag.py:3722} INFO - Setting next_dagrun for example_python_operator to None, run_after=None
[2023-11-07T20:01:26.312+0000] {processor.py:179} INFO - Processing /usr/local/lib/python3.10/dist-packages/airflow/example_dags/example_python_operator.py took 0.073 seconds
[2023-11-07T20:02:09.231+0000] {processor.py:157} INFO - Started process (PID=5417) to work on /usr/local/lib/python3.10/dist-packages/airflow/example_dags/example_python_operator.py
[2023-11-07T20:02:09.232+0000] {processor.py:829} INFO - Processing file /usr/local/lib/python3.10/dist-packages/airflow/example_dags/example_python_operator.py for tasks to queue
[2023-11-07T20:02:09.233+0000] {logging_mixin.py:154} INFO - [2023-11-07T20:02:09.232+0000] {dagbag.py:536} INFO - Filling up the DagBag from /usr/local/lib/python3.10/dist-packages/airflow/example_dags/example_python_operator.py
[2023-11-07T20:02:09.241+0000] {logging_mixin.py:154} INFO - [2023-11-07T20:02:09.241+0000] {example_python_operator.py:86} WARNING - The virtalenv_python example task requires virtualenv, please install it.
[2023-11-07T20:02:09.242+0000] {processor.py:839} INFO - DAG(s) dict_keys(['example_python_operator']) retrieved from /usr/local/lib/python3.10/dist-packages/airflow/example_dags/example_python_operator.py
[2023-11-07T20:02:09.258+0000] {logging_mixin.py:154} INFO - [2023-11-07T20:02:09.258+0000] {dag.py:2941} INFO - Sync 1 DAGs
[2023-11-07T20:02:09.269+0000] {logging_mixin.py:154} INFO - [2023-11-07T20:02:09.269+0000] {dag.py:3722} INFO - Setting next_dagrun for example_python_operator to None, run_after=None
[2023-11-07T20:02:09.300+0000] {processor.py:179} INFO - Processing /usr/local/lib/python3.10/dist-packages/airflow/example_dags/example_python_operator.py took 0.073 seconds
[2023-11-07T20:02:59.550+0000] {processor.py:157} INFO - Started process (PID=5469) to work on /usr/local/lib/python3.10/dist-packages/airflow/example_dags/example_python_operator.py
[2023-11-07T20:02:59.551+0000] {processor.py:829} INFO - Processing file /usr/local/lib/python3.10/dist-packages/airflow/example_dags/example_python_operator.py for tasks to queue
[2023-11-07T20:02:59.552+0000] {logging_mixin.py:154} INFO - [2023-11-07T20:02:59.551+0000] {dagbag.py:536} INFO - Filling up the DagBag from /usr/local/lib/python3.10/dist-packages/airflow/example_dags/example_python_operator.py
[2023-11-07T20:02:59.560+0000] {logging_mixin.py:154} INFO - [2023-11-07T20:02:59.560+0000] {example_python_operator.py:86} WARNING - The virtalenv_python example task requires virtualenv, please install it.
[2023-11-07T20:02:59.561+0000] {processor.py:839} INFO - DAG(s) dict_keys(['example_python_operator']) retrieved from /usr/local/lib/python3.10/dist-packages/airflow/example_dags/example_python_operator.py
[2023-11-07T20:02:59.579+0000] {logging_mixin.py:154} INFO - [2023-11-07T20:02:59.578+0000] {dag.py:2941} INFO - Sync 1 DAGs
[2023-11-07T20:02:59.590+0000] {logging_mixin.py:154} INFO - [2023-11-07T20:02:59.590+0000] {dag.py:3722} INFO - Setting next_dagrun for example_python_operator to None, run_after=None
[2023-11-07T20:02:59.624+0000] {processor.py:179} INFO - Processing /usr/local/lib/python3.10/dist-packages/airflow/example_dags/example_python_operator.py took 0.077 seconds
[2023-11-07T20:03:49.916+0000] {processor.py:157} INFO - Started process (PID=5521) to work on /usr/local/lib/python3.10/dist-packages/airflow/example_dags/example_python_operator.py
[2023-11-07T20:03:49.917+0000] {processor.py:829} INFO - Processing file /usr/local/lib/python3.10/dist-packages/airflow/example_dags/example_python_operator.py for tasks to queue
[2023-11-07T20:03:49.918+0000] {logging_mixin.py:154} INFO - [2023-11-07T20:03:49.918+0000] {dagbag.py:536} INFO - Filling up the DagBag from /usr/local/lib/python3.10/dist-packages/airflow/example_dags/example_python_operator.py
[2023-11-07T20:03:49.928+0000] {logging_mixin.py:154} INFO - [2023-11-07T20:03:49.928+0000] {example_python_operator.py:86} WARNING - The virtalenv_python example task requires virtualenv, please install it.
[2023-11-07T20:03:49.928+0000] {processor.py:839} INFO - DAG(s) dict_keys(['example_python_operator']) retrieved from /usr/local/lib/python3.10/dist-packages/airflow/example_dags/example_python_operator.py
[2023-11-07T20:03:49.948+0000] {logging_mixin.py:154} INFO - [2023-11-07T20:03:49.948+0000] {dag.py:2941} INFO - Sync 1 DAGs
[2023-11-07T20:03:49.959+0000] {logging_mixin.py:154} INFO - [2023-11-07T20:03:49.958+0000] {dag.py:3722} INFO - Setting next_dagrun for example_python_operator to None, run_after=None
[2023-11-07T20:03:49.980+0000] {processor.py:179} INFO - Processing /usr/local/lib/python3.10/dist-packages/airflow/example_dags/example_python_operator.py took 0.067 seconds
[2023-11-07T20:04:36.907+0000] {processor.py:157} INFO - Started process (PID=5570) to work on /usr/local/lib/python3.10/dist-packages/airflow/example_dags/example_python_operator.py
[2023-11-07T20:04:36.908+0000] {processor.py:829} INFO - Processing file /usr/local/lib/python3.10/dist-packages/airflow/example_dags/example_python_operator.py for tasks to queue
[2023-11-07T20:04:36.909+0000] {logging_mixin.py:154} INFO - [2023-11-07T20:04:36.908+0000] {dagbag.py:536} INFO - Filling up the DagBag from /usr/local/lib/python3.10/dist-packages/airflow/example_dags/example_python_operator.py
[2023-11-07T20:04:36.917+0000] {logging_mixin.py:154} INFO - [2023-11-07T20:04:36.917+0000] {example_python_operator.py:86} WARNING - The virtalenv_python example task requires virtualenv, please install it.
[2023-11-07T20:04:36.917+0000] {processor.py:839} INFO - DAG(s) dict_keys(['example_python_operator']) retrieved from /usr/local/lib/python3.10/dist-packages/airflow/example_dags/example_python_operator.py
[2023-11-07T20:04:36.935+0000] {logging_mixin.py:154} INFO - [2023-11-07T20:04:36.935+0000] {dag.py:2941} INFO - Sync 1 DAGs
[2023-11-07T20:04:36.945+0000] {logging_mixin.py:154} INFO - [2023-11-07T20:04:36.945+0000] {dag.py:3722} INFO - Setting next_dagrun for example_python_operator to None, run_after=None
[2023-11-07T20:04:36.966+0000] {processor.py:179} INFO - Processing /usr/local/lib/python3.10/dist-packages/airflow/example_dags/example_python_operator.py took 0.062 seconds
[2023-11-07T20:05:26.703+0000] {processor.py:157} INFO - Started process (PID=5621) to work on /usr/local/lib/python3.10/dist-packages/airflow/example_dags/example_python_operator.py
[2023-11-07T20:05:26.706+0000] {processor.py:829} INFO - Processing file /usr/local/lib/python3.10/dist-packages/airflow/example_dags/example_python_operator.py for tasks to queue
[2023-11-07T20:05:26.708+0000] {logging_mixin.py:154} INFO - [2023-11-07T20:05:26.707+0000] {dagbag.py:536} INFO - Filling up the DagBag from /usr/local/lib/python3.10/dist-packages/airflow/example_dags/example_python_operator.py
[2023-11-07T20:05:26.721+0000] {logging_mixin.py:154} INFO - [2023-11-07T20:05:26.720+0000] {example_python_operator.py:86} WARNING - The virtalenv_python example task requires virtualenv, please install it.
[2023-11-07T20:05:26.722+0000] {processor.py:839} INFO - DAG(s) dict_keys(['example_python_operator']) retrieved from /usr/local/lib/python3.10/dist-packages/airflow/example_dags/example_python_operator.py
[2023-11-07T20:05:26.743+0000] {logging_mixin.py:154} INFO - [2023-11-07T20:05:26.743+0000] {dag.py:2941} INFO - Sync 1 DAGs
[2023-11-07T20:05:26.759+0000] {logging_mixin.py:154} INFO - [2023-11-07T20:05:26.758+0000] {dag.py:3722} INFO - Setting next_dagrun for example_python_operator to None, run_after=None
[2023-11-07T20:05:26.796+0000] {processor.py:179} INFO - Processing /usr/local/lib/python3.10/dist-packages/airflow/example_dags/example_python_operator.py took 0.100 seconds
[2023-11-07T20:06:16.932+0000] {processor.py:157} INFO - Started process (PID=5672) to work on /usr/local/lib/python3.10/dist-packages/airflow/example_dags/example_python_operator.py
[2023-11-07T20:06:16.933+0000] {processor.py:829} INFO - Processing file /usr/local/lib/python3.10/dist-packages/airflow/example_dags/example_python_operator.py for tasks to queue
[2023-11-07T20:06:16.934+0000] {logging_mixin.py:154} INFO - [2023-11-07T20:06:16.934+0000] {dagbag.py:536} INFO - Filling up the DagBag from /usr/local/lib/python3.10/dist-packages/airflow/example_dags/example_python_operator.py
[2023-11-07T20:06:16.943+0000] {logging_mixin.py:154} INFO - [2023-11-07T20:06:16.943+0000] {example_python_operator.py:86} WARNING - The virtalenv_python example task requires virtualenv, please install it.
[2023-11-07T20:06:16.944+0000] {processor.py:839} INFO - DAG(s) dict_keys(['example_python_operator']) retrieved from /usr/local/lib/python3.10/dist-packages/airflow/example_dags/example_python_operator.py
[2023-11-07T20:06:16.963+0000] {logging_mixin.py:154} INFO - [2023-11-07T20:06:16.963+0000] {dag.py:2941} INFO - Sync 1 DAGs
[2023-11-07T20:06:16.975+0000] {logging_mixin.py:154} INFO - [2023-11-07T20:06:16.975+0000] {dag.py:3722} INFO - Setting next_dagrun for example_python_operator to None, run_after=None
[2023-11-07T20:06:16.998+0000] {processor.py:179} INFO - Processing /usr/local/lib/python3.10/dist-packages/airflow/example_dags/example_python_operator.py took 0.070 seconds
[2023-11-07T20:07:07.032+0000] {processor.py:157} INFO - Started process (PID=5723) to work on /usr/local/lib/python3.10/dist-packages/airflow/example_dags/example_python_operator.py
[2023-11-07T20:07:07.033+0000] {processor.py:829} INFO - Processing file /usr/local/lib/python3.10/dist-packages/airflow/example_dags/example_python_operator.py for tasks to queue
[2023-11-07T20:07:07.034+0000] {logging_mixin.py:154} INFO - [2023-11-07T20:07:07.034+0000] {dagbag.py:536} INFO - Filling up the DagBag from /usr/local/lib/python3.10/dist-packages/airflow/example_dags/example_python_operator.py
[2023-11-07T20:07:07.044+0000] {logging_mixin.py:154} INFO - [2023-11-07T20:07:07.044+0000] {example_python_operator.py:86} WARNING - The virtalenv_python example task requires virtualenv, please install it.
[2023-11-07T20:07:07.045+0000] {processor.py:839} INFO - DAG(s) dict_keys(['example_python_operator']) retrieved from /usr/local/lib/python3.10/dist-packages/airflow/example_dags/example_python_operator.py
[2023-11-07T20:07:07.066+0000] {logging_mixin.py:154} INFO - [2023-11-07T20:07:07.066+0000] {dag.py:2941} INFO - Sync 1 DAGs
[2023-11-07T20:07:07.078+0000] {logging_mixin.py:154} INFO - [2023-11-07T20:07:07.078+0000] {dag.py:3722} INFO - Setting next_dagrun for example_python_operator to None, run_after=None
[2023-11-07T20:07:07.102+0000] {processor.py:179} INFO - Processing /usr/local/lib/python3.10/dist-packages/airflow/example_dags/example_python_operator.py took 0.073 seconds
[2023-11-07T20:07:57.036+0000] {processor.py:157} INFO - Started process (PID=5776) to work on /usr/local/lib/python3.10/dist-packages/airflow/example_dags/example_python_operator.py
[2023-11-07T20:07:57.037+0000] {processor.py:829} INFO - Processing file /usr/local/lib/python3.10/dist-packages/airflow/example_dags/example_python_operator.py for tasks to queue
[2023-11-07T20:07:57.038+0000] {logging_mixin.py:154} INFO - [2023-11-07T20:07:57.038+0000] {dagbag.py:536} INFO - Filling up the DagBag from /usr/local/lib/python3.10/dist-packages/airflow/example_dags/example_python_operator.py
[2023-11-07T20:07:57.047+0000] {logging_mixin.py:154} INFO - [2023-11-07T20:07:57.047+0000] {example_python_operator.py:86} WARNING - The virtalenv_python example task requires virtualenv, please install it.
[2023-11-07T20:07:57.048+0000] {processor.py:839} INFO - DAG(s) dict_keys(['example_python_operator']) retrieved from /usr/local/lib/python3.10/dist-packages/airflow/example_dags/example_python_operator.py
[2023-11-07T20:07:57.065+0000] {logging_mixin.py:154} INFO - [2023-11-07T20:07:57.065+0000] {dag.py:2941} INFO - Sync 1 DAGs
[2023-11-07T20:07:57.076+0000] {logging_mixin.py:154} INFO - [2023-11-07T20:07:57.076+0000] {dag.py:3722} INFO - Setting next_dagrun for example_python_operator to None, run_after=None
[2023-11-07T20:07:57.117+0000] {processor.py:179} INFO - Processing /usr/local/lib/python3.10/dist-packages/airflow/example_dags/example_python_operator.py took 0.084 seconds
