[2023-11-07T19:31:34.493+0000] {processor.py:157} INFO - Started process (PID=3554) to work on /usr/local/lib/python3.10/dist-packages/airflow/example_dags/example_skip_dag.py
[2023-11-07T19:31:34.494+0000] {processor.py:829} INFO - Processing file /usr/local/lib/python3.10/dist-packages/airflow/example_dags/example_skip_dag.py for tasks to queue
[2023-11-07T19:31:34.495+0000] {logging_mixin.py:154} INFO - [2023-11-07T19:31:34.494+0000] {dagbag.py:536} INFO - Filling up the DagBag from /usr/local/lib/python3.10/dist-packages/airflow/example_dags/example_skip_dag.py
[2023-11-07T19:31:34.505+0000] {processor.py:839} INFO - DAG(s) dict_keys(['example_skip_dag']) retrieved from /usr/local/lib/python3.10/dist-packages/airflow/example_dags/example_skip_dag.py
[2023-11-07T19:31:34.631+0000] {logging_mixin.py:154} INFO - [2023-11-07T19:31:34.630+0000] {manager.py:499} INFO - Created Permission View: %s
[2023-11-07T19:31:34.646+0000] {logging_mixin.py:154} INFO - [2023-11-07T19:31:34.646+0000] {manager.py:499} INFO - Created Permission View: %s
[2023-11-07T19:31:34.655+0000] {logging_mixin.py:154} INFO - [2023-11-07T19:31:34.654+0000] {manager.py:499} INFO - Created Permission View: %s
[2023-11-07T19:31:34.655+0000] {logging_mixin.py:154} INFO - [2023-11-07T19:31:34.655+0000] {dag.py:2941} INFO - Sync 1 DAGs
[2023-11-07T19:31:34.680+0000] {logging_mixin.py:154} INFO - [2023-11-07T19:31:34.680+0000] {dag.py:2963} INFO - Creating ORM DAG for example_skip_dag
[2023-11-07T19:31:34.689+0000] {logging_mixin.py:154} INFO - [2023-11-07T19:31:34.689+0000] {dag.py:3722} INFO - Setting next_dagrun for example_skip_dag to 2023-11-06T19:31:34.689202+00:00, run_after=2023-11-07T19:31:34.689202+00:00
[2023-11-07T19:31:34.723+0000] {processor.py:179} INFO - Processing /usr/local/lib/python3.10/dist-packages/airflow/example_dags/example_skip_dag.py took 0.233 seconds
[2023-11-07T19:32:28.092+0000] {processor.py:157} INFO - Started process (PID=3601) to work on /usr/local/lib/python3.10/dist-packages/airflow/example_dags/example_skip_dag.py
[2023-11-07T19:32:28.093+0000] {processor.py:829} INFO - Processing file /usr/local/lib/python3.10/dist-packages/airflow/example_dags/example_skip_dag.py for tasks to queue
[2023-11-07T19:32:28.095+0000] {logging_mixin.py:154} INFO - [2023-11-07T19:32:28.095+0000] {dagbag.py:536} INFO - Filling up the DagBag from /usr/local/lib/python3.10/dist-packages/airflow/example_dags/example_skip_dag.py
[2023-11-07T19:32:28.105+0000] {processor.py:839} INFO - DAG(s) dict_keys(['example_skip_dag']) retrieved from /usr/local/lib/python3.10/dist-packages/airflow/example_dags/example_skip_dag.py
[2023-11-07T19:32:28.124+0000] {logging_mixin.py:154} INFO - [2023-11-07T19:32:28.124+0000] {dag.py:2941} INFO - Sync 1 DAGs
[2023-11-07T19:32:28.150+0000] {logging_mixin.py:154} INFO - [2023-11-07T19:32:28.150+0000] {dag.py:3722} INFO - Setting next_dagrun for example_skip_dag to 2023-11-06T19:32:28.149873+00:00, run_after=2023-11-07T19:32:28.149873+00:00
[2023-11-07T19:32:28.174+0000] {processor.py:179} INFO - Processing /usr/local/lib/python3.10/dist-packages/airflow/example_dags/example_skip_dag.py took 0.088 seconds
[2023-11-07T19:33:08.947+0000] {processor.py:157} INFO - Started process (PID=3642) to work on /usr/local/lib/python3.10/dist-packages/airflow/example_dags/example_skip_dag.py
[2023-11-07T19:33:08.948+0000] {processor.py:829} INFO - Processing file /usr/local/lib/python3.10/dist-packages/airflow/example_dags/example_skip_dag.py for tasks to queue
[2023-11-07T19:33:08.949+0000] {logging_mixin.py:154} INFO - [2023-11-07T19:33:08.949+0000] {dagbag.py:536} INFO - Filling up the DagBag from /usr/local/lib/python3.10/dist-packages/airflow/example_dags/example_skip_dag.py
[2023-11-07T19:33:08.957+0000] {processor.py:839} INFO - DAG(s) dict_keys(['example_skip_dag']) retrieved from /usr/local/lib/python3.10/dist-packages/airflow/example_dags/example_skip_dag.py
[2023-11-07T19:33:08.976+0000] {logging_mixin.py:154} INFO - [2023-11-07T19:33:08.976+0000] {dag.py:2941} INFO - Sync 1 DAGs
[2023-11-07T19:33:08.994+0000] {logging_mixin.py:154} INFO - [2023-11-07T19:33:08.994+0000] {dag.py:3722} INFO - Setting next_dagrun for example_skip_dag to 2023-11-06T19:33:08.994446+00:00, run_after=2023-11-07T19:33:08.994446+00:00
[2023-11-07T19:33:09.014+0000] {processor.py:179} INFO - Processing /usr/local/lib/python3.10/dist-packages/airflow/example_dags/example_skip_dag.py took 0.071 seconds
[2023-11-07T19:33:54.461+0000] {processor.py:157} INFO - Started process (PID=3689) to work on /usr/local/lib/python3.10/dist-packages/airflow/example_dags/example_skip_dag.py
[2023-11-07T19:33:54.462+0000] {processor.py:829} INFO - Processing file /usr/local/lib/python3.10/dist-packages/airflow/example_dags/example_skip_dag.py for tasks to queue
[2023-11-07T19:33:54.463+0000] {logging_mixin.py:154} INFO - [2023-11-07T19:33:54.462+0000] {dagbag.py:536} INFO - Filling up the DagBag from /usr/local/lib/python3.10/dist-packages/airflow/example_dags/example_skip_dag.py
[2023-11-07T19:33:54.470+0000] {processor.py:839} INFO - DAG(s) dict_keys(['example_skip_dag']) retrieved from /usr/local/lib/python3.10/dist-packages/airflow/example_dags/example_skip_dag.py
[2023-11-07T19:33:54.488+0000] {logging_mixin.py:154} INFO - [2023-11-07T19:33:54.488+0000] {dag.py:2941} INFO - Sync 1 DAGs
[2023-11-07T19:33:54.508+0000] {logging_mixin.py:154} INFO - [2023-11-07T19:33:54.507+0000] {dag.py:3722} INFO - Setting next_dagrun for example_skip_dag to 2023-11-06T19:33:54.507669+00:00, run_after=2023-11-07T19:33:54.507669+00:00
[2023-11-07T19:33:54.530+0000] {processor.py:179} INFO - Processing /usr/local/lib/python3.10/dist-packages/airflow/example_dags/example_skip_dag.py took 0.072 seconds
[2023-11-07T19:34:40.883+0000] {processor.py:157} INFO - Started process (PID=3737) to work on /usr/local/lib/python3.10/dist-packages/airflow/example_dags/example_skip_dag.py
[2023-11-07T19:34:40.884+0000] {processor.py:829} INFO - Processing file /usr/local/lib/python3.10/dist-packages/airflow/example_dags/example_skip_dag.py for tasks to queue
[2023-11-07T19:34:40.885+0000] {logging_mixin.py:154} INFO - [2023-11-07T19:34:40.885+0000] {dagbag.py:536} INFO - Filling up the DagBag from /usr/local/lib/python3.10/dist-packages/airflow/example_dags/example_skip_dag.py
[2023-11-07T19:34:40.893+0000] {processor.py:839} INFO - DAG(s) dict_keys(['example_skip_dag']) retrieved from /usr/local/lib/python3.10/dist-packages/airflow/example_dags/example_skip_dag.py
[2023-11-07T19:34:40.921+0000] {logging_mixin.py:154} INFO - [2023-11-07T19:34:40.921+0000] {dag.py:2941} INFO - Sync 1 DAGs
[2023-11-07T19:34:40.967+0000] {logging_mixin.py:154} INFO - [2023-11-07T19:34:40.967+0000] {dag.py:3722} INFO - Setting next_dagrun for example_skip_dag to 2023-11-06T19:34:40.966887+00:00, run_after=2023-11-07T19:34:40.966887+00:00
[2023-11-07T19:34:40.996+0000] {processor.py:179} INFO - Processing /usr/local/lib/python3.10/dist-packages/airflow/example_dags/example_skip_dag.py took 0.116 seconds
[2023-11-07T19:35:24.812+0000] {processor.py:157} INFO - Started process (PID=3786) to work on /usr/local/lib/python3.10/dist-packages/airflow/example_dags/example_skip_dag.py
[2023-11-07T19:35:24.813+0000] {processor.py:829} INFO - Processing file /usr/local/lib/python3.10/dist-packages/airflow/example_dags/example_skip_dag.py for tasks to queue
[2023-11-07T19:35:24.814+0000] {logging_mixin.py:154} INFO - [2023-11-07T19:35:24.814+0000] {dagbag.py:536} INFO - Filling up the DagBag from /usr/local/lib/python3.10/dist-packages/airflow/example_dags/example_skip_dag.py
[2023-11-07T19:35:24.824+0000] {processor.py:839} INFO - DAG(s) dict_keys(['example_skip_dag']) retrieved from /usr/local/lib/python3.10/dist-packages/airflow/example_dags/example_skip_dag.py
[2023-11-07T19:35:24.840+0000] {logging_mixin.py:154} INFO - [2023-11-07T19:35:24.840+0000] {dag.py:2941} INFO - Sync 1 DAGs
[2023-11-07T19:35:24.859+0000] {logging_mixin.py:154} INFO - [2023-11-07T19:35:24.859+0000] {dag.py:3722} INFO - Setting next_dagrun for example_skip_dag to 2023-11-06T19:35:24.858825+00:00, run_after=2023-11-07T19:35:24.858825+00:00
[2023-11-07T19:35:24.879+0000] {processor.py:179} INFO - Processing /usr/local/lib/python3.10/dist-packages/airflow/example_dags/example_skip_dag.py took 0.070 seconds
[2023-11-07T19:36:12.051+0000] {processor.py:157} INFO - Started process (PID=3833) to work on /usr/local/lib/python3.10/dist-packages/airflow/example_dags/example_skip_dag.py
[2023-11-07T19:36:12.053+0000] {processor.py:829} INFO - Processing file /usr/local/lib/python3.10/dist-packages/airflow/example_dags/example_skip_dag.py for tasks to queue
[2023-11-07T19:36:12.054+0000] {logging_mixin.py:154} INFO - [2023-11-07T19:36:12.054+0000] {dagbag.py:536} INFO - Filling up the DagBag from /usr/local/lib/python3.10/dist-packages/airflow/example_dags/example_skip_dag.py
[2023-11-07T19:36:12.063+0000] {processor.py:839} INFO - DAG(s) dict_keys(['example_skip_dag']) retrieved from /usr/local/lib/python3.10/dist-packages/airflow/example_dags/example_skip_dag.py
[2023-11-07T19:36:12.086+0000] {logging_mixin.py:154} INFO - [2023-11-07T19:36:12.085+0000] {dag.py:2941} INFO - Sync 1 DAGs
[2023-11-07T19:36:12.108+0000] {logging_mixin.py:154} INFO - [2023-11-07T19:36:12.108+0000] {dag.py:3722} INFO - Setting next_dagrun for example_skip_dag to 2023-11-06T19:36:12.108582+00:00, run_after=2023-11-07T19:36:12.108582+00:00
[2023-11-07T19:36:12.130+0000] {processor.py:179} INFO - Processing /usr/local/lib/python3.10/dist-packages/airflow/example_dags/example_skip_dag.py took 0.081 seconds
[2023-11-07T19:37:01.594+0000] {processor.py:157} INFO - Started process (PID=3884) to work on /usr/local/lib/python3.10/dist-packages/airflow/example_dags/example_skip_dag.py
[2023-11-07T19:37:01.595+0000] {processor.py:829} INFO - Processing file /usr/local/lib/python3.10/dist-packages/airflow/example_dags/example_skip_dag.py for tasks to queue
[2023-11-07T19:37:01.596+0000] {logging_mixin.py:154} INFO - [2023-11-07T19:37:01.595+0000] {dagbag.py:536} INFO - Filling up the DagBag from /usr/local/lib/python3.10/dist-packages/airflow/example_dags/example_skip_dag.py
[2023-11-07T19:37:01.604+0000] {processor.py:839} INFO - DAG(s) dict_keys(['example_skip_dag']) retrieved from /usr/local/lib/python3.10/dist-packages/airflow/example_dags/example_skip_dag.py
[2023-11-07T19:37:01.623+0000] {logging_mixin.py:154} INFO - [2023-11-07T19:37:01.623+0000] {dag.py:2941} INFO - Sync 1 DAGs
[2023-11-07T19:37:01.643+0000] {logging_mixin.py:154} INFO - [2023-11-07T19:37:01.643+0000] {dag.py:3722} INFO - Setting next_dagrun for example_skip_dag to 2023-11-06T19:37:01.642906+00:00, run_after=2023-11-07T19:37:01.642906+00:00
[2023-11-07T19:37:01.670+0000] {processor.py:179} INFO - Processing /usr/local/lib/python3.10/dist-packages/airflow/example_dags/example_skip_dag.py took 0.080 seconds
[2023-11-07T19:37:36.899+0000] {processor.py:157} INFO - Started process (PID=3920) to work on /usr/local/lib/python3.10/dist-packages/airflow/example_dags/example_skip_dag.py
[2023-11-07T19:37:36.900+0000] {processor.py:829} INFO - Processing file /usr/local/lib/python3.10/dist-packages/airflow/example_dags/example_skip_dag.py for tasks to queue
[2023-11-07T19:37:36.901+0000] {logging_mixin.py:154} INFO - [2023-11-07T19:37:36.900+0000] {dagbag.py:536} INFO - Filling up the DagBag from /usr/local/lib/python3.10/dist-packages/airflow/example_dags/example_skip_dag.py
[2023-11-07T19:37:36.909+0000] {processor.py:839} INFO - DAG(s) dict_keys(['example_skip_dag']) retrieved from /usr/local/lib/python3.10/dist-packages/airflow/example_dags/example_skip_dag.py
[2023-11-07T19:37:36.926+0000] {logging_mixin.py:154} INFO - [2023-11-07T19:37:36.926+0000] {dag.py:2941} INFO - Sync 1 DAGs
[2023-11-07T19:37:36.948+0000] {logging_mixin.py:154} INFO - [2023-11-07T19:37:36.948+0000] {dag.py:3722} INFO - Setting next_dagrun for example_skip_dag to 2023-11-06T19:37:36.947880+00:00, run_after=2023-11-07T19:37:36.947880+00:00
[2023-11-07T19:37:36.969+0000] {processor.py:179} INFO - Processing /usr/local/lib/python3.10/dist-packages/airflow/example_dags/example_skip_dag.py took 0.074 seconds
[2023-11-07T19:38:24.203+0000] {processor.py:157} INFO - Started process (PID=3969) to work on /usr/local/lib/python3.10/dist-packages/airflow/example_dags/example_skip_dag.py
[2023-11-07T19:38:24.204+0000] {processor.py:829} INFO - Processing file /usr/local/lib/python3.10/dist-packages/airflow/example_dags/example_skip_dag.py for tasks to queue
[2023-11-07T19:38:24.205+0000] {logging_mixin.py:154} INFO - [2023-11-07T19:38:24.205+0000] {dagbag.py:536} INFO - Filling up the DagBag from /usr/local/lib/python3.10/dist-packages/airflow/example_dags/example_skip_dag.py
[2023-11-07T19:38:24.213+0000] {processor.py:839} INFO - DAG(s) dict_keys(['example_skip_dag']) retrieved from /usr/local/lib/python3.10/dist-packages/airflow/example_dags/example_skip_dag.py
[2023-11-07T19:38:24.230+0000] {logging_mixin.py:154} INFO - [2023-11-07T19:38:24.230+0000] {dag.py:2941} INFO - Sync 1 DAGs
[2023-11-07T19:38:24.250+0000] {logging_mixin.py:154} INFO - [2023-11-07T19:38:24.249+0000] {dag.py:3722} INFO - Setting next_dagrun for example_skip_dag to 2023-11-06T19:38:24.249581+00:00, run_after=2023-11-07T19:38:24.249581+00:00
[2023-11-07T19:38:24.272+0000] {processor.py:179} INFO - Processing /usr/local/lib/python3.10/dist-packages/airflow/example_dags/example_skip_dag.py took 0.075 seconds
[2023-11-07T19:39:10.042+0000] {processor.py:157} INFO - Started process (PID=4018) to work on /usr/local/lib/python3.10/dist-packages/airflow/example_dags/example_skip_dag.py
[2023-11-07T19:39:10.043+0000] {processor.py:829} INFO - Processing file /usr/local/lib/python3.10/dist-packages/airflow/example_dags/example_skip_dag.py for tasks to queue
[2023-11-07T19:39:10.044+0000] {logging_mixin.py:154} INFO - [2023-11-07T19:39:10.044+0000] {dagbag.py:536} INFO - Filling up the DagBag from /usr/local/lib/python3.10/dist-packages/airflow/example_dags/example_skip_dag.py
[2023-11-07T19:39:10.051+0000] {processor.py:839} INFO - DAG(s) dict_keys(['example_skip_dag']) retrieved from /usr/local/lib/python3.10/dist-packages/airflow/example_dags/example_skip_dag.py
[2023-11-07T19:39:10.068+0000] {logging_mixin.py:154} INFO - [2023-11-07T19:39:10.067+0000] {dag.py:2941} INFO - Sync 1 DAGs
[2023-11-07T19:39:10.086+0000] {logging_mixin.py:154} INFO - [2023-11-07T19:39:10.086+0000] {dag.py:3722} INFO - Setting next_dagrun for example_skip_dag to 2023-11-06T19:39:10.085893+00:00, run_after=2023-11-07T19:39:10.085893+00:00
[2023-11-07T19:39:10.106+0000] {processor.py:179} INFO - Processing /usr/local/lib/python3.10/dist-packages/airflow/example_dags/example_skip_dag.py took 0.067 seconds
[2023-11-07T19:39:57.856+0000] {processor.py:157} INFO - Started process (PID=4067) to work on /usr/local/lib/python3.10/dist-packages/airflow/example_dags/example_skip_dag.py
[2023-11-07T19:39:57.857+0000] {processor.py:829} INFO - Processing file /usr/local/lib/python3.10/dist-packages/airflow/example_dags/example_skip_dag.py for tasks to queue
[2023-11-07T19:39:57.858+0000] {logging_mixin.py:154} INFO - [2023-11-07T19:39:57.858+0000] {dagbag.py:536} INFO - Filling up the DagBag from /usr/local/lib/python3.10/dist-packages/airflow/example_dags/example_skip_dag.py
[2023-11-07T19:39:57.873+0000] {processor.py:839} INFO - DAG(s) dict_keys(['example_skip_dag']) retrieved from /usr/local/lib/python3.10/dist-packages/airflow/example_dags/example_skip_dag.py
[2023-11-07T19:39:57.891+0000] {logging_mixin.py:154} INFO - [2023-11-07T19:39:57.891+0000] {dag.py:2941} INFO - Sync 1 DAGs
[2023-11-07T19:39:57.912+0000] {logging_mixin.py:154} INFO - [2023-11-07T19:39:57.912+0000] {dag.py:3722} INFO - Setting next_dagrun for example_skip_dag to 2023-11-06T19:39:57.912323+00:00, run_after=2023-11-07T19:39:57.912323+00:00
[2023-11-07T19:39:57.935+0000] {processor.py:179} INFO - Processing /usr/local/lib/python3.10/dist-packages/airflow/example_dags/example_skip_dag.py took 0.082 seconds
[2023-11-07T19:40:32.570+0000] {processor.py:157} INFO - Started process (PID=4102) to work on /usr/local/lib/python3.10/dist-packages/airflow/example_dags/example_skip_dag.py
[2023-11-07T19:40:32.571+0000] {processor.py:829} INFO - Processing file /usr/local/lib/python3.10/dist-packages/airflow/example_dags/example_skip_dag.py for tasks to queue
[2023-11-07T19:40:32.572+0000] {logging_mixin.py:154} INFO - [2023-11-07T19:40:32.571+0000] {dagbag.py:536} INFO - Filling up the DagBag from /usr/local/lib/python3.10/dist-packages/airflow/example_dags/example_skip_dag.py
[2023-11-07T19:40:32.579+0000] {processor.py:839} INFO - DAG(s) dict_keys(['example_skip_dag']) retrieved from /usr/local/lib/python3.10/dist-packages/airflow/example_dags/example_skip_dag.py
[2023-11-07T19:40:32.596+0000] {logging_mixin.py:154} INFO - [2023-11-07T19:40:32.596+0000] {dag.py:2941} INFO - Sync 1 DAGs
[2023-11-07T19:40:32.616+0000] {logging_mixin.py:154} INFO - [2023-11-07T19:40:32.616+0000] {dag.py:3722} INFO - Setting next_dagrun for example_skip_dag to 2023-11-06T19:40:32.615880+00:00, run_after=2023-11-07T19:40:32.615880+00:00
[2023-11-07T19:40:32.638+0000] {processor.py:179} INFO - Processing /usr/local/lib/python3.10/dist-packages/airflow/example_dags/example_skip_dag.py took 0.072 seconds
[2023-11-07T19:41:07.912+0000] {processor.py:157} INFO - Started process (PID=4138) to work on /usr/local/lib/python3.10/dist-packages/airflow/example_dags/example_skip_dag.py
[2023-11-07T19:41:07.913+0000] {processor.py:829} INFO - Processing file /usr/local/lib/python3.10/dist-packages/airflow/example_dags/example_skip_dag.py for tasks to queue
[2023-11-07T19:41:07.914+0000] {logging_mixin.py:154} INFO - [2023-11-07T19:41:07.914+0000] {dagbag.py:536} INFO - Filling up the DagBag from /usr/local/lib/python3.10/dist-packages/airflow/example_dags/example_skip_dag.py
[2023-11-07T19:41:07.931+0000] {processor.py:839} INFO - DAG(s) dict_keys(['example_skip_dag']) retrieved from /usr/local/lib/python3.10/dist-packages/airflow/example_dags/example_skip_dag.py
[2023-11-07T19:41:07.956+0000] {logging_mixin.py:154} INFO - [2023-11-07T19:41:07.956+0000] {dag.py:2941} INFO - Sync 1 DAGs
[2023-11-07T19:41:07.976+0000] {logging_mixin.py:154} INFO - [2023-11-07T19:41:07.975+0000] {dag.py:3722} INFO - Setting next_dagrun for example_skip_dag to 2023-11-06T19:41:07.975610+00:00, run_after=2023-11-07T19:41:07.975610+00:00
[2023-11-07T19:41:07.998+0000] {processor.py:179} INFO - Processing /usr/local/lib/python3.10/dist-packages/airflow/example_dags/example_skip_dag.py took 0.089 seconds
[2023-11-07T19:41:55.093+0000] {processor.py:157} INFO - Started process (PID=4187) to work on /usr/local/lib/python3.10/dist-packages/airflow/example_dags/example_skip_dag.py
[2023-11-07T19:41:55.100+0000] {processor.py:829} INFO - Processing file /usr/local/lib/python3.10/dist-packages/airflow/example_dags/example_skip_dag.py for tasks to queue
[2023-11-07T19:41:55.107+0000] {logging_mixin.py:154} INFO - [2023-11-07T19:41:55.101+0000] {dagbag.py:536} INFO - Filling up the DagBag from /usr/local/lib/python3.10/dist-packages/airflow/example_dags/example_skip_dag.py
[2023-11-07T19:41:55.129+0000] {processor.py:839} INFO - DAG(s) dict_keys(['example_skip_dag']) retrieved from /usr/local/lib/python3.10/dist-packages/airflow/example_dags/example_skip_dag.py
[2023-11-07T19:41:55.187+0000] {logging_mixin.py:154} INFO - [2023-11-07T19:41:55.186+0000] {dag.py:2941} INFO - Sync 1 DAGs
[2023-11-07T19:41:55.214+0000] {logging_mixin.py:154} INFO - [2023-11-07T19:41:55.214+0000] {dag.py:3722} INFO - Setting next_dagrun for example_skip_dag to 2023-11-06T19:41:55.214242+00:00, run_after=2023-11-07T19:41:55.214242+00:00
[2023-11-07T19:41:55.236+0000] {processor.py:179} INFO - Processing /usr/local/lib/python3.10/dist-packages/airflow/example_dags/example_skip_dag.py took 0.147 seconds
[2023-11-07T19:42:43.448+0000] {processor.py:157} INFO - Started process (PID=4237) to work on /usr/local/lib/python3.10/dist-packages/airflow/example_dags/example_skip_dag.py
[2023-11-07T19:42:43.449+0000] {processor.py:829} INFO - Processing file /usr/local/lib/python3.10/dist-packages/airflow/example_dags/example_skip_dag.py for tasks to queue
[2023-11-07T19:42:43.450+0000] {logging_mixin.py:154} INFO - [2023-11-07T19:42:43.450+0000] {dagbag.py:536} INFO - Filling up the DagBag from /usr/local/lib/python3.10/dist-packages/airflow/example_dags/example_skip_dag.py
[2023-11-07T19:42:43.457+0000] {processor.py:839} INFO - DAG(s) dict_keys(['example_skip_dag']) retrieved from /usr/local/lib/python3.10/dist-packages/airflow/example_dags/example_skip_dag.py
[2023-11-07T19:42:43.478+0000] {logging_mixin.py:154} INFO - [2023-11-07T19:42:43.478+0000] {dag.py:2941} INFO - Sync 1 DAGs
[2023-11-07T19:42:43.511+0000] {logging_mixin.py:154} INFO - [2023-11-07T19:42:43.508+0000] {dag.py:3722} INFO - Setting next_dagrun for example_skip_dag to 2023-11-06T19:42:43.508322+00:00, run_after=2023-11-07T19:42:43.508322+00:00
[2023-11-07T19:42:43.538+0000] {processor.py:179} INFO - Processing /usr/local/lib/python3.10/dist-packages/airflow/example_dags/example_skip_dag.py took 0.093 seconds
[2023-11-07T19:43:17.116+0000] {processor.py:157} INFO - Started process (PID=4272) to work on /usr/local/lib/python3.10/dist-packages/airflow/example_dags/example_skip_dag.py
[2023-11-07T19:43:17.117+0000] {processor.py:829} INFO - Processing file /usr/local/lib/python3.10/dist-packages/airflow/example_dags/example_skip_dag.py for tasks to queue
[2023-11-07T19:43:17.118+0000] {logging_mixin.py:154} INFO - [2023-11-07T19:43:17.117+0000] {dagbag.py:536} INFO - Filling up the DagBag from /usr/local/lib/python3.10/dist-packages/airflow/example_dags/example_skip_dag.py
[2023-11-07T19:43:17.125+0000] {processor.py:839} INFO - DAG(s) dict_keys(['example_skip_dag']) retrieved from /usr/local/lib/python3.10/dist-packages/airflow/example_dags/example_skip_dag.py
[2023-11-07T19:43:17.150+0000] {logging_mixin.py:154} INFO - [2023-11-07T19:43:17.150+0000] {dag.py:2941} INFO - Sync 1 DAGs
[2023-11-07T19:43:17.176+0000] {logging_mixin.py:154} INFO - [2023-11-07T19:43:17.175+0000] {dag.py:3722} INFO - Setting next_dagrun for example_skip_dag to 2023-11-06T19:43:17.175775+00:00, run_after=2023-11-07T19:43:17.175775+00:00
[2023-11-07T19:43:17.201+0000] {processor.py:179} INFO - Processing /usr/local/lib/python3.10/dist-packages/airflow/example_dags/example_skip_dag.py took 0.088 seconds
[2023-11-07T19:44:06.251+0000] {processor.py:157} INFO - Started process (PID=4322) to work on /usr/local/lib/python3.10/dist-packages/airflow/example_dags/example_skip_dag.py
[2023-11-07T19:44:06.252+0000] {processor.py:829} INFO - Processing file /usr/local/lib/python3.10/dist-packages/airflow/example_dags/example_skip_dag.py for tasks to queue
[2023-11-07T19:44:06.253+0000] {logging_mixin.py:154} INFO - [2023-11-07T19:44:06.253+0000] {dagbag.py:536} INFO - Filling up the DagBag from /usr/local/lib/python3.10/dist-packages/airflow/example_dags/example_skip_dag.py
[2023-11-07T19:44:06.268+0000] {processor.py:839} INFO - DAG(s) dict_keys(['example_skip_dag']) retrieved from /usr/local/lib/python3.10/dist-packages/airflow/example_dags/example_skip_dag.py
[2023-11-07T19:44:06.290+0000] {logging_mixin.py:154} INFO - [2023-11-07T19:44:06.290+0000] {dag.py:2941} INFO - Sync 1 DAGs
[2023-11-07T19:44:06.311+0000] {logging_mixin.py:154} INFO - [2023-11-07T19:44:06.311+0000] {dag.py:3722} INFO - Setting next_dagrun for example_skip_dag to 2023-11-06T19:44:06.311294+00:00, run_after=2023-11-07T19:44:06.311294+00:00
[2023-11-07T19:44:06.340+0000] {processor.py:179} INFO - Processing /usr/local/lib/python3.10/dist-packages/airflow/example_dags/example_skip_dag.py took 0.096 seconds
[2023-11-07T19:44:41.272+0000] {processor.py:157} INFO - Started process (PID=4356) to work on /usr/local/lib/python3.10/dist-packages/airflow/example_dags/example_skip_dag.py
[2023-11-07T19:44:41.273+0000] {processor.py:829} INFO - Processing file /usr/local/lib/python3.10/dist-packages/airflow/example_dags/example_skip_dag.py for tasks to queue
[2023-11-07T19:44:41.274+0000] {logging_mixin.py:154} INFO - [2023-11-07T19:44:41.274+0000] {dagbag.py:536} INFO - Filling up the DagBag from /usr/local/lib/python3.10/dist-packages/airflow/example_dags/example_skip_dag.py
[2023-11-07T19:44:41.283+0000] {processor.py:839} INFO - DAG(s) dict_keys(['example_skip_dag']) retrieved from /usr/local/lib/python3.10/dist-packages/airflow/example_dags/example_skip_dag.py
[2023-11-07T19:44:41.300+0000] {logging_mixin.py:154} INFO - [2023-11-07T19:44:41.300+0000] {dag.py:2941} INFO - Sync 1 DAGs
[2023-11-07T19:44:41.319+0000] {logging_mixin.py:154} INFO - [2023-11-07T19:44:41.319+0000] {dag.py:3722} INFO - Setting next_dagrun for example_skip_dag to 2023-11-06T19:44:41.318886+00:00, run_after=2023-11-07T19:44:41.318886+00:00
[2023-11-07T19:44:41.341+0000] {processor.py:179} INFO - Processing /usr/local/lib/python3.10/dist-packages/airflow/example_dags/example_skip_dag.py took 0.072 seconds
[2023-11-07T19:45:18.344+0000] {processor.py:157} INFO - Started process (PID=4392) to work on /usr/local/lib/python3.10/dist-packages/airflow/example_dags/example_skip_dag.py
[2023-11-07T19:45:18.349+0000] {processor.py:829} INFO - Processing file /usr/local/lib/python3.10/dist-packages/airflow/example_dags/example_skip_dag.py for tasks to queue
[2023-11-07T19:45:18.351+0000] {logging_mixin.py:154} INFO - [2023-11-07T19:45:18.350+0000] {dagbag.py:536} INFO - Filling up the DagBag from /usr/local/lib/python3.10/dist-packages/airflow/example_dags/example_skip_dag.py
[2023-11-07T19:45:18.361+0000] {processor.py:839} INFO - DAG(s) dict_keys(['example_skip_dag']) retrieved from /usr/local/lib/python3.10/dist-packages/airflow/example_dags/example_skip_dag.py
[2023-11-07T19:45:18.379+0000] {logging_mixin.py:154} INFO - [2023-11-07T19:45:18.379+0000] {dag.py:2941} INFO - Sync 1 DAGs
[2023-11-07T19:45:18.399+0000] {logging_mixin.py:154} INFO - [2023-11-07T19:45:18.399+0000] {dag.py:3722} INFO - Setting next_dagrun for example_skip_dag to 2023-11-06T19:45:18.399184+00:00, run_after=2023-11-07T19:45:18.399184+00:00
[2023-11-07T19:45:18.421+0000] {processor.py:179} INFO - Processing /usr/local/lib/python3.10/dist-packages/airflow/example_dags/example_skip_dag.py took 0.084 seconds
[2023-11-07T19:45:54.858+0000] {processor.py:157} INFO - Started process (PID=4428) to work on /usr/local/lib/python3.10/dist-packages/airflow/example_dags/example_skip_dag.py
[2023-11-07T19:45:54.859+0000] {processor.py:829} INFO - Processing file /usr/local/lib/python3.10/dist-packages/airflow/example_dags/example_skip_dag.py for tasks to queue
[2023-11-07T19:45:54.861+0000] {logging_mixin.py:154} INFO - [2023-11-07T19:45:54.860+0000] {dagbag.py:536} INFO - Filling up the DagBag from /usr/local/lib/python3.10/dist-packages/airflow/example_dags/example_skip_dag.py
[2023-11-07T19:45:54.871+0000] {processor.py:839} INFO - DAG(s) dict_keys(['example_skip_dag']) retrieved from /usr/local/lib/python3.10/dist-packages/airflow/example_dags/example_skip_dag.py
[2023-11-07T19:45:54.891+0000] {logging_mixin.py:154} INFO - [2023-11-07T19:45:54.891+0000] {dag.py:2941} INFO - Sync 1 DAGs
[2023-11-07T19:45:54.923+0000] {logging_mixin.py:154} INFO - [2023-11-07T19:45:54.923+0000] {dag.py:3722} INFO - Setting next_dagrun for example_skip_dag to 2023-11-06T19:45:54.923251+00:00, run_after=2023-11-07T19:45:54.923251+00:00
[2023-11-07T19:45:54.949+0000] {processor.py:179} INFO - Processing /usr/local/lib/python3.10/dist-packages/airflow/example_dags/example_skip_dag.py took 0.095 seconds
[2023-11-07T19:46:30.004+0000] {processor.py:157} INFO - Started process (PID=4465) to work on /usr/local/lib/python3.10/dist-packages/airflow/example_dags/example_skip_dag.py
[2023-11-07T19:46:30.005+0000] {processor.py:829} INFO - Processing file /usr/local/lib/python3.10/dist-packages/airflow/example_dags/example_skip_dag.py for tasks to queue
[2023-11-07T19:46:30.006+0000] {logging_mixin.py:154} INFO - [2023-11-07T19:46:30.006+0000] {dagbag.py:536} INFO - Filling up the DagBag from /usr/local/lib/python3.10/dist-packages/airflow/example_dags/example_skip_dag.py
[2023-11-07T19:46:30.016+0000] {processor.py:839} INFO - DAG(s) dict_keys(['example_skip_dag']) retrieved from /usr/local/lib/python3.10/dist-packages/airflow/example_dags/example_skip_dag.py
[2023-11-07T19:46:30.045+0000] {logging_mixin.py:154} INFO - [2023-11-07T19:46:30.042+0000] {dag.py:2941} INFO - Sync 1 DAGs
[2023-11-07T19:46:30.080+0000] {logging_mixin.py:154} INFO - [2023-11-07T19:46:30.080+0000] {dag.py:3722} INFO - Setting next_dagrun for example_skip_dag to 2023-11-06T19:46:30.080419+00:00, run_after=2023-11-07T19:46:30.080419+00:00
[2023-11-07T19:46:30.109+0000] {processor.py:179} INFO - Processing /usr/local/lib/python3.10/dist-packages/airflow/example_dags/example_skip_dag.py took 0.108 seconds
[2023-11-07T19:47:22.187+0000] {processor.py:157} INFO - Started process (PID=4517) to work on /usr/local/lib/python3.10/dist-packages/airflow/example_dags/example_skip_dag.py
[2023-11-07T19:47:22.189+0000] {processor.py:829} INFO - Processing file /usr/local/lib/python3.10/dist-packages/airflow/example_dags/example_skip_dag.py for tasks to queue
[2023-11-07T19:47:22.189+0000] {logging_mixin.py:154} INFO - [2023-11-07T19:47:22.189+0000] {dagbag.py:536} INFO - Filling up the DagBag from /usr/local/lib/python3.10/dist-packages/airflow/example_dags/example_skip_dag.py
[2023-11-07T19:47:22.197+0000] {processor.py:839} INFO - DAG(s) dict_keys(['example_skip_dag']) retrieved from /usr/local/lib/python3.10/dist-packages/airflow/example_dags/example_skip_dag.py
[2023-11-07T19:47:22.223+0000] {logging_mixin.py:154} INFO - [2023-11-07T19:47:22.223+0000] {dag.py:2941} INFO - Sync 1 DAGs
[2023-11-07T19:47:22.244+0000] {logging_mixin.py:154} INFO - [2023-11-07T19:47:22.243+0000] {dag.py:3722} INFO - Setting next_dagrun for example_skip_dag to 2023-11-06T19:47:22.243620+00:00, run_after=2023-11-07T19:47:22.243620+00:00
[2023-11-07T19:47:22.267+0000] {processor.py:179} INFO - Processing /usr/local/lib/python3.10/dist-packages/airflow/example_dags/example_skip_dag.py took 0.083 seconds
[2023-11-07T19:47:56.813+0000] {processor.py:157} INFO - Started process (PID=4553) to work on /usr/local/lib/python3.10/dist-packages/airflow/example_dags/example_skip_dag.py
[2023-11-07T19:47:56.814+0000] {processor.py:829} INFO - Processing file /usr/local/lib/python3.10/dist-packages/airflow/example_dags/example_skip_dag.py for tasks to queue
[2023-11-07T19:47:56.815+0000] {logging_mixin.py:154} INFO - [2023-11-07T19:47:56.815+0000] {dagbag.py:536} INFO - Filling up the DagBag from /usr/local/lib/python3.10/dist-packages/airflow/example_dags/example_skip_dag.py
[2023-11-07T19:47:56.827+0000] {processor.py:839} INFO - DAG(s) dict_keys(['example_skip_dag']) retrieved from /usr/local/lib/python3.10/dist-packages/airflow/example_dags/example_skip_dag.py
[2023-11-07T19:47:56.850+0000] {logging_mixin.py:154} INFO - [2023-11-07T19:47:56.850+0000] {dag.py:2941} INFO - Sync 1 DAGs
[2023-11-07T19:47:56.873+0000] {logging_mixin.py:154} INFO - [2023-11-07T19:47:56.873+0000] {dag.py:3722} INFO - Setting next_dagrun for example_skip_dag to 2023-11-06T19:47:56.873373+00:00, run_after=2023-11-07T19:47:56.873373+00:00
[2023-11-07T19:47:56.905+0000] {processor.py:179} INFO - Processing /usr/local/lib/python3.10/dist-packages/airflow/example_dags/example_skip_dag.py took 0.096 seconds
[2023-11-07T19:48:45.985+0000] {processor.py:157} INFO - Started process (PID=4603) to work on /usr/local/lib/python3.10/dist-packages/airflow/example_dags/example_skip_dag.py
[2023-11-07T19:48:45.986+0000] {processor.py:829} INFO - Processing file /usr/local/lib/python3.10/dist-packages/airflow/example_dags/example_skip_dag.py for tasks to queue
[2023-11-07T19:48:45.987+0000] {logging_mixin.py:154} INFO - [2023-11-07T19:48:45.986+0000] {dagbag.py:536} INFO - Filling up the DagBag from /usr/local/lib/python3.10/dist-packages/airflow/example_dags/example_skip_dag.py
[2023-11-07T19:48:45.994+0000] {processor.py:839} INFO - DAG(s) dict_keys(['example_skip_dag']) retrieved from /usr/local/lib/python3.10/dist-packages/airflow/example_dags/example_skip_dag.py
[2023-11-07T19:48:46.014+0000] {logging_mixin.py:154} INFO - [2023-11-07T19:48:46.013+0000] {dag.py:2941} INFO - Sync 1 DAGs
[2023-11-07T19:48:46.039+0000] {logging_mixin.py:154} INFO - [2023-11-07T19:48:46.038+0000] {dag.py:3722} INFO - Setting next_dagrun for example_skip_dag to 2023-11-06T19:48:46.038761+00:00, run_after=2023-11-07T19:48:46.038761+00:00
[2023-11-07T19:48:46.073+0000] {processor.py:179} INFO - Processing /usr/local/lib/python3.10/dist-packages/airflow/example_dags/example_skip_dag.py took 0.091 seconds
[2023-11-07T19:49:32.767+0000] {processor.py:157} INFO - Started process (PID=4652) to work on /usr/local/lib/python3.10/dist-packages/airflow/example_dags/example_skip_dag.py
[2023-11-07T19:49:32.768+0000] {processor.py:829} INFO - Processing file /usr/local/lib/python3.10/dist-packages/airflow/example_dags/example_skip_dag.py for tasks to queue
[2023-11-07T19:49:32.769+0000] {logging_mixin.py:154} INFO - [2023-11-07T19:49:32.768+0000] {dagbag.py:536} INFO - Filling up the DagBag from /usr/local/lib/python3.10/dist-packages/airflow/example_dags/example_skip_dag.py
[2023-11-07T19:49:32.778+0000] {processor.py:839} INFO - DAG(s) dict_keys(['example_skip_dag']) retrieved from /usr/local/lib/python3.10/dist-packages/airflow/example_dags/example_skip_dag.py
[2023-11-07T19:49:32.797+0000] {logging_mixin.py:154} INFO - [2023-11-07T19:49:32.796+0000] {dag.py:2941} INFO - Sync 1 DAGs
[2023-11-07T19:49:32.818+0000] {logging_mixin.py:154} INFO - [2023-11-07T19:49:32.818+0000] {dag.py:3722} INFO - Setting next_dagrun for example_skip_dag to 2023-11-06T19:49:32.817950+00:00, run_after=2023-11-07T19:49:32.817950+00:00
[2023-11-07T19:49:32.851+0000] {processor.py:179} INFO - Processing /usr/local/lib/python3.10/dist-packages/airflow/example_dags/example_skip_dag.py took 0.088 seconds
[2023-11-07T19:50:21.554+0000] {processor.py:157} INFO - Started process (PID=4702) to work on /usr/local/lib/python3.10/dist-packages/airflow/example_dags/example_skip_dag.py
[2023-11-07T19:50:21.555+0000] {processor.py:829} INFO - Processing file /usr/local/lib/python3.10/dist-packages/airflow/example_dags/example_skip_dag.py for tasks to queue
[2023-11-07T19:50:21.556+0000] {logging_mixin.py:154} INFO - [2023-11-07T19:50:21.556+0000] {dagbag.py:536} INFO - Filling up the DagBag from /usr/local/lib/python3.10/dist-packages/airflow/example_dags/example_skip_dag.py
[2023-11-07T19:50:21.564+0000] {processor.py:839} INFO - DAG(s) dict_keys(['example_skip_dag']) retrieved from /usr/local/lib/python3.10/dist-packages/airflow/example_dags/example_skip_dag.py
[2023-11-07T19:50:21.587+0000] {logging_mixin.py:154} INFO - [2023-11-07T19:50:21.586+0000] {dag.py:2941} INFO - Sync 1 DAGs
[2023-11-07T19:50:21.616+0000] {logging_mixin.py:154} INFO - [2023-11-07T19:50:21.615+0000] {dag.py:3722} INFO - Setting next_dagrun for example_skip_dag to 2023-11-06T19:50:21.615672+00:00, run_after=2023-11-07T19:50:21.615672+00:00
[2023-11-07T19:50:21.644+0000] {processor.py:179} INFO - Processing /usr/local/lib/python3.10/dist-packages/airflow/example_dags/example_skip_dag.py took 0.093 seconds
[2023-11-07T19:51:12.308+0000] {processor.py:157} INFO - Started process (PID=4754) to work on /usr/local/lib/python3.10/dist-packages/airflow/example_dags/example_skip_dag.py
[2023-11-07T19:51:12.309+0000] {processor.py:829} INFO - Processing file /usr/local/lib/python3.10/dist-packages/airflow/example_dags/example_skip_dag.py for tasks to queue
[2023-11-07T19:51:12.310+0000] {logging_mixin.py:154} INFO - [2023-11-07T19:51:12.310+0000] {dagbag.py:536} INFO - Filling up the DagBag from /usr/local/lib/python3.10/dist-packages/airflow/example_dags/example_skip_dag.py
[2023-11-07T19:51:12.318+0000] {processor.py:839} INFO - DAG(s) dict_keys(['example_skip_dag']) retrieved from /usr/local/lib/python3.10/dist-packages/airflow/example_dags/example_skip_dag.py
[2023-11-07T19:51:12.335+0000] {logging_mixin.py:154} INFO - [2023-11-07T19:51:12.335+0000] {dag.py:2941} INFO - Sync 1 DAGs
[2023-11-07T19:51:12.355+0000] {logging_mixin.py:154} INFO - [2023-11-07T19:51:12.355+0000] {dag.py:3722} INFO - Setting next_dagrun for example_skip_dag to 2023-11-06T19:51:12.354937+00:00, run_after=2023-11-07T19:51:12.354937+00:00
[2023-11-07T19:51:12.379+0000] {processor.py:179} INFO - Processing /usr/local/lib/python3.10/dist-packages/airflow/example_dags/example_skip_dag.py took 0.074 seconds
[2023-11-07T19:52:02.264+0000] {processor.py:157} INFO - Started process (PID=4805) to work on /usr/local/lib/python3.10/dist-packages/airflow/example_dags/example_skip_dag.py
[2023-11-07T19:52:02.265+0000] {processor.py:829} INFO - Processing file /usr/local/lib/python3.10/dist-packages/airflow/example_dags/example_skip_dag.py for tasks to queue
[2023-11-07T19:52:02.270+0000] {logging_mixin.py:154} INFO - [2023-11-07T19:52:02.265+0000] {dagbag.py:536} INFO - Filling up the DagBag from /usr/local/lib/python3.10/dist-packages/airflow/example_dags/example_skip_dag.py
[2023-11-07T19:52:02.281+0000] {processor.py:839} INFO - DAG(s) dict_keys(['example_skip_dag']) retrieved from /usr/local/lib/python3.10/dist-packages/airflow/example_dags/example_skip_dag.py
[2023-11-07T19:52:02.297+0000] {logging_mixin.py:154} INFO - [2023-11-07T19:52:02.297+0000] {dag.py:2941} INFO - Sync 1 DAGs
[2023-11-07T19:52:02.319+0000] {logging_mixin.py:154} INFO - [2023-11-07T19:52:02.319+0000] {dag.py:3722} INFO - Setting next_dagrun for example_skip_dag to 2023-11-06T19:52:02.319112+00:00, run_after=2023-11-07T19:52:02.319112+00:00
[2023-11-07T19:52:02.341+0000] {processor.py:179} INFO - Processing /usr/local/lib/python3.10/dist-packages/airflow/example_dags/example_skip_dag.py took 0.088 seconds
[2023-11-07T19:52:37.651+0000] {processor.py:157} INFO - Started process (PID=4841) to work on /usr/local/lib/python3.10/dist-packages/airflow/example_dags/example_skip_dag.py
[2023-11-07T19:52:37.652+0000] {processor.py:829} INFO - Processing file /usr/local/lib/python3.10/dist-packages/airflow/example_dags/example_skip_dag.py for tasks to queue
[2023-11-07T19:52:37.653+0000] {logging_mixin.py:154} INFO - [2023-11-07T19:52:37.653+0000] {dagbag.py:536} INFO - Filling up the DagBag from /usr/local/lib/python3.10/dist-packages/airflow/example_dags/example_skip_dag.py
[2023-11-07T19:52:37.661+0000] {processor.py:839} INFO - DAG(s) dict_keys(['example_skip_dag']) retrieved from /usr/local/lib/python3.10/dist-packages/airflow/example_dags/example_skip_dag.py
[2023-11-07T19:52:37.682+0000] {logging_mixin.py:154} INFO - [2023-11-07T19:52:37.682+0000] {dag.py:2941} INFO - Sync 1 DAGs
[2023-11-07T19:52:37.702+0000] {logging_mixin.py:154} INFO - [2023-11-07T19:52:37.702+0000] {dag.py:3722} INFO - Setting next_dagrun for example_skip_dag to 2023-11-06T19:52:37.702222+00:00, run_after=2023-11-07T19:52:37.702222+00:00
[2023-11-07T19:52:37.724+0000] {processor.py:179} INFO - Processing /usr/local/lib/python3.10/dist-packages/airflow/example_dags/example_skip_dag.py took 0.076 seconds
[2023-11-07T19:53:12.393+0000] {processor.py:157} INFO - Started process (PID=4876) to work on /usr/local/lib/python3.10/dist-packages/airflow/example_dags/example_skip_dag.py
[2023-11-07T19:53:12.394+0000] {processor.py:829} INFO - Processing file /usr/local/lib/python3.10/dist-packages/airflow/example_dags/example_skip_dag.py for tasks to queue
[2023-11-07T19:53:12.395+0000] {logging_mixin.py:154} INFO - [2023-11-07T19:53:12.395+0000] {dagbag.py:536} INFO - Filling up the DagBag from /usr/local/lib/python3.10/dist-packages/airflow/example_dags/example_skip_dag.py
[2023-11-07T19:53:12.404+0000] {processor.py:839} INFO - DAG(s) dict_keys(['example_skip_dag']) retrieved from /usr/local/lib/python3.10/dist-packages/airflow/example_dags/example_skip_dag.py
[2023-11-07T19:53:12.424+0000] {logging_mixin.py:154} INFO - [2023-11-07T19:53:12.424+0000] {dag.py:2941} INFO - Sync 1 DAGs
[2023-11-07T19:53:12.448+0000] {logging_mixin.py:154} INFO - [2023-11-07T19:53:12.448+0000] {dag.py:3722} INFO - Setting next_dagrun for example_skip_dag to 2023-11-06T19:53:12.448456+00:00, run_after=2023-11-07T19:53:12.448456+00:00
[2023-11-07T19:53:12.472+0000] {processor.py:179} INFO - Processing /usr/local/lib/python3.10/dist-packages/airflow/example_dags/example_skip_dag.py took 0.083 seconds
[2023-11-07T19:53:48.295+0000] {processor.py:157} INFO - Started process (PID=4912) to work on /usr/local/lib/python3.10/dist-packages/airflow/example_dags/example_skip_dag.py
[2023-11-07T19:53:48.296+0000] {processor.py:829} INFO - Processing file /usr/local/lib/python3.10/dist-packages/airflow/example_dags/example_skip_dag.py for tasks to queue
[2023-11-07T19:53:48.297+0000] {logging_mixin.py:154} INFO - [2023-11-07T19:53:48.297+0000] {dagbag.py:536} INFO - Filling up the DagBag from /usr/local/lib/python3.10/dist-packages/airflow/example_dags/example_skip_dag.py
[2023-11-07T19:53:48.304+0000] {processor.py:839} INFO - DAG(s) dict_keys(['example_skip_dag']) retrieved from /usr/local/lib/python3.10/dist-packages/airflow/example_dags/example_skip_dag.py
[2023-11-07T19:53:48.321+0000] {logging_mixin.py:154} INFO - [2023-11-07T19:53:48.321+0000] {dag.py:2941} INFO - Sync 1 DAGs
[2023-11-07T19:53:48.339+0000] {logging_mixin.py:154} INFO - [2023-11-07T19:53:48.338+0000] {dag.py:3722} INFO - Setting next_dagrun for example_skip_dag to 2023-11-06T19:53:48.338759+00:00, run_after=2023-11-07T19:53:48.338759+00:00
[2023-11-07T19:53:48.360+0000] {processor.py:179} INFO - Processing /usr/local/lib/python3.10/dist-packages/airflow/example_dags/example_skip_dag.py took 0.068 seconds
[2023-11-07T19:54:24.188+0000] {processor.py:157} INFO - Started process (PID=4947) to work on /usr/local/lib/python3.10/dist-packages/airflow/example_dags/example_skip_dag.py
[2023-11-07T19:54:24.189+0000] {processor.py:829} INFO - Processing file /usr/local/lib/python3.10/dist-packages/airflow/example_dags/example_skip_dag.py for tasks to queue
[2023-11-07T19:54:24.190+0000] {logging_mixin.py:154} INFO - [2023-11-07T19:54:24.189+0000] {dagbag.py:536} INFO - Filling up the DagBag from /usr/local/lib/python3.10/dist-packages/airflow/example_dags/example_skip_dag.py
[2023-11-07T19:54:24.197+0000] {processor.py:839} INFO - DAG(s) dict_keys(['example_skip_dag']) retrieved from /usr/local/lib/python3.10/dist-packages/airflow/example_dags/example_skip_dag.py
[2023-11-07T19:54:24.213+0000] {logging_mixin.py:154} INFO - [2023-11-07T19:54:24.213+0000] {dag.py:2941} INFO - Sync 1 DAGs
[2023-11-07T19:54:24.231+0000] {logging_mixin.py:154} INFO - [2023-11-07T19:54:24.231+0000] {dag.py:3722} INFO - Setting next_dagrun for example_skip_dag to 2023-11-06T19:54:24.230957+00:00, run_after=2023-11-07T19:54:24.230957+00:00
[2023-11-07T19:54:24.253+0000] {processor.py:179} INFO - Processing /usr/local/lib/python3.10/dist-packages/airflow/example_dags/example_skip_dag.py took 0.068 seconds
[2023-11-07T19:54:58.783+0000] {processor.py:157} INFO - Started process (PID=4982) to work on /usr/local/lib/python3.10/dist-packages/airflow/example_dags/example_skip_dag.py
[2023-11-07T19:54:58.784+0000] {processor.py:829} INFO - Processing file /usr/local/lib/python3.10/dist-packages/airflow/example_dags/example_skip_dag.py for tasks to queue
[2023-11-07T19:54:58.785+0000] {logging_mixin.py:154} INFO - [2023-11-07T19:54:58.785+0000] {dagbag.py:536} INFO - Filling up the DagBag from /usr/local/lib/python3.10/dist-packages/airflow/example_dags/example_skip_dag.py
[2023-11-07T19:54:58.793+0000] {processor.py:839} INFO - DAG(s) dict_keys(['example_skip_dag']) retrieved from /usr/local/lib/python3.10/dist-packages/airflow/example_dags/example_skip_dag.py
[2023-11-07T19:54:58.812+0000] {logging_mixin.py:154} INFO - [2023-11-07T19:54:58.812+0000] {dag.py:2941} INFO - Sync 1 DAGs
[2023-11-07T19:54:58.832+0000] {logging_mixin.py:154} INFO - [2023-11-07T19:54:58.832+0000] {dag.py:3722} INFO - Setting next_dagrun for example_skip_dag to 2023-11-06T19:54:58.831748+00:00, run_after=2023-11-07T19:54:58.831748+00:00
[2023-11-07T19:54:58.855+0000] {processor.py:179} INFO - Processing /usr/local/lib/python3.10/dist-packages/airflow/example_dags/example_skip_dag.py took 0.074 seconds
[2023-11-07T19:55:49.492+0000] {processor.py:157} INFO - Started process (PID=5033) to work on /usr/local/lib/python3.10/dist-packages/airflow/example_dags/example_skip_dag.py
[2023-11-07T19:55:49.493+0000] {processor.py:829} INFO - Processing file /usr/local/lib/python3.10/dist-packages/airflow/example_dags/example_skip_dag.py for tasks to queue
[2023-11-07T19:55:49.494+0000] {logging_mixin.py:154} INFO - [2023-11-07T19:55:49.494+0000] {dagbag.py:536} INFO - Filling up the DagBag from /usr/local/lib/python3.10/dist-packages/airflow/example_dags/example_skip_dag.py
[2023-11-07T19:55:49.501+0000] {processor.py:839} INFO - DAG(s) dict_keys(['example_skip_dag']) retrieved from /usr/local/lib/python3.10/dist-packages/airflow/example_dags/example_skip_dag.py
[2023-11-07T19:55:49.524+0000] {logging_mixin.py:154} INFO - [2023-11-07T19:55:49.524+0000] {dag.py:2941} INFO - Sync 1 DAGs
[2023-11-07T19:55:49.543+0000] {logging_mixin.py:154} INFO - [2023-11-07T19:55:49.543+0000] {dag.py:3722} INFO - Setting next_dagrun for example_skip_dag to 2023-11-06T19:55:49.543018+00:00, run_after=2023-11-07T19:55:49.543018+00:00
[2023-11-07T19:55:49.567+0000] {processor.py:179} INFO - Processing /usr/local/lib/python3.10/dist-packages/airflow/example_dags/example_skip_dag.py took 0.078 seconds
[2023-11-07T19:56:26.769+0000] {processor.py:157} INFO - Started process (PID=5070) to work on /usr/local/lib/python3.10/dist-packages/airflow/example_dags/example_skip_dag.py
[2023-11-07T19:56:26.770+0000] {processor.py:829} INFO - Processing file /usr/local/lib/python3.10/dist-packages/airflow/example_dags/example_skip_dag.py for tasks to queue
[2023-11-07T19:56:26.770+0000] {logging_mixin.py:154} INFO - [2023-11-07T19:56:26.770+0000] {dagbag.py:536} INFO - Filling up the DagBag from /usr/local/lib/python3.10/dist-packages/airflow/example_dags/example_skip_dag.py
[2023-11-07T19:56:26.780+0000] {processor.py:839} INFO - DAG(s) dict_keys(['example_skip_dag']) retrieved from /usr/local/lib/python3.10/dist-packages/airflow/example_dags/example_skip_dag.py
[2023-11-07T19:56:26.798+0000] {logging_mixin.py:154} INFO - [2023-11-07T19:56:26.798+0000] {dag.py:2941} INFO - Sync 1 DAGs
[2023-11-07T19:56:26.818+0000] {logging_mixin.py:154} INFO - [2023-11-07T19:56:26.818+0000] {dag.py:3722} INFO - Setting next_dagrun for example_skip_dag to 2023-11-06T19:56:26.817975+00:00, run_after=2023-11-07T19:56:26.817975+00:00
[2023-11-07T19:56:26.843+0000] {processor.py:179} INFO - Processing /usr/local/lib/python3.10/dist-packages/airflow/example_dags/example_skip_dag.py took 0.077 seconds
[2023-11-07T19:57:02.092+0000] {processor.py:157} INFO - Started process (PID=5105) to work on /usr/local/lib/python3.10/dist-packages/airflow/example_dags/example_skip_dag.py
[2023-11-07T19:57:02.095+0000] {processor.py:829} INFO - Processing file /usr/local/lib/python3.10/dist-packages/airflow/example_dags/example_skip_dag.py for tasks to queue
[2023-11-07T19:57:02.096+0000] {logging_mixin.py:154} INFO - [2023-11-07T19:57:02.095+0000] {dagbag.py:536} INFO - Filling up the DagBag from /usr/local/lib/python3.10/dist-packages/airflow/example_dags/example_skip_dag.py
[2023-11-07T19:57:02.109+0000] {processor.py:839} INFO - DAG(s) dict_keys(['example_skip_dag']) retrieved from /usr/local/lib/python3.10/dist-packages/airflow/example_dags/example_skip_dag.py
[2023-11-07T19:57:02.133+0000] {logging_mixin.py:154} INFO - [2023-11-07T19:57:02.132+0000] {dag.py:2941} INFO - Sync 1 DAGs
[2023-11-07T19:57:02.162+0000] {logging_mixin.py:154} INFO - [2023-11-07T19:57:02.161+0000] {dag.py:3722} INFO - Setting next_dagrun for example_skip_dag to 2023-11-06T19:57:02.161328+00:00, run_after=2023-11-07T19:57:02.161328+00:00
[2023-11-07T19:57:02.214+0000] {processor.py:179} INFO - Processing /usr/local/lib/python3.10/dist-packages/airflow/example_dags/example_skip_dag.py took 0.127 seconds
[2023-11-07T19:57:37.269+0000] {processor.py:157} INFO - Started process (PID=5140) to work on /usr/local/lib/python3.10/dist-packages/airflow/example_dags/example_skip_dag.py
[2023-11-07T19:57:37.271+0000] {processor.py:829} INFO - Processing file /usr/local/lib/python3.10/dist-packages/airflow/example_dags/example_skip_dag.py for tasks to queue
[2023-11-07T19:57:37.271+0000] {logging_mixin.py:154} INFO - [2023-11-07T19:57:37.271+0000] {dagbag.py:536} INFO - Filling up the DagBag from /usr/local/lib/python3.10/dist-packages/airflow/example_dags/example_skip_dag.py
[2023-11-07T19:57:37.279+0000] {processor.py:839} INFO - DAG(s) dict_keys(['example_skip_dag']) retrieved from /usr/local/lib/python3.10/dist-packages/airflow/example_dags/example_skip_dag.py
[2023-11-07T19:57:37.295+0000] {logging_mixin.py:154} INFO - [2023-11-07T19:57:37.295+0000] {dag.py:2941} INFO - Sync 1 DAGs
[2023-11-07T19:57:37.316+0000] {logging_mixin.py:154} INFO - [2023-11-07T19:57:37.316+0000] {dag.py:3722} INFO - Setting next_dagrun for example_skip_dag to 2023-11-06T19:57:37.316030+00:00, run_after=2023-11-07T19:57:37.316030+00:00
[2023-11-07T19:57:37.351+0000] {processor.py:179} INFO - Processing /usr/local/lib/python3.10/dist-packages/airflow/example_dags/example_skip_dag.py took 0.085 seconds
[2023-11-07T19:58:23.493+0000] {processor.py:157} INFO - Started process (PID=5188) to work on /usr/local/lib/python3.10/dist-packages/airflow/example_dags/example_skip_dag.py
[2023-11-07T19:58:23.494+0000] {processor.py:829} INFO - Processing file /usr/local/lib/python3.10/dist-packages/airflow/example_dags/example_skip_dag.py for tasks to queue
[2023-11-07T19:58:23.495+0000] {logging_mixin.py:154} INFO - [2023-11-07T19:58:23.495+0000] {dagbag.py:536} INFO - Filling up the DagBag from /usr/local/lib/python3.10/dist-packages/airflow/example_dags/example_skip_dag.py
[2023-11-07T19:58:23.508+0000] {processor.py:839} INFO - DAG(s) dict_keys(['example_skip_dag']) retrieved from /usr/local/lib/python3.10/dist-packages/airflow/example_dags/example_skip_dag.py
[2023-11-07T19:58:23.525+0000] {logging_mixin.py:154} INFO - [2023-11-07T19:58:23.524+0000] {dag.py:2941} INFO - Sync 1 DAGs
[2023-11-07T19:58:23.543+0000] {logging_mixin.py:154} INFO - [2023-11-07T19:58:23.542+0000] {dag.py:3722} INFO - Setting next_dagrun for example_skip_dag to 2023-11-06T19:58:23.542783+00:00, run_after=2023-11-07T19:58:23.542783+00:00
[2023-11-07T19:58:23.582+0000] {processor.py:179} INFO - Processing /usr/local/lib/python3.10/dist-packages/airflow/example_dags/example_skip_dag.py took 0.092 seconds
[2023-11-07T19:58:58.355+0000] {processor.py:157} INFO - Started process (PID=5223) to work on /usr/local/lib/python3.10/dist-packages/airflow/example_dags/example_skip_dag.py
[2023-11-07T19:58:58.357+0000] {processor.py:829} INFO - Processing file /usr/local/lib/python3.10/dist-packages/airflow/example_dags/example_skip_dag.py for tasks to queue
[2023-11-07T19:58:58.357+0000] {logging_mixin.py:154} INFO - [2023-11-07T19:58:58.357+0000] {dagbag.py:536} INFO - Filling up the DagBag from /usr/local/lib/python3.10/dist-packages/airflow/example_dags/example_skip_dag.py
[2023-11-07T19:58:58.365+0000] {processor.py:839} INFO - DAG(s) dict_keys(['example_skip_dag']) retrieved from /usr/local/lib/python3.10/dist-packages/airflow/example_dags/example_skip_dag.py
[2023-11-07T19:58:58.382+0000] {logging_mixin.py:154} INFO - [2023-11-07T19:58:58.382+0000] {dag.py:2941} INFO - Sync 1 DAGs
[2023-11-07T19:58:58.401+0000] {logging_mixin.py:154} INFO - [2023-11-07T19:58:58.400+0000] {dag.py:3722} INFO - Setting next_dagrun for example_skip_dag to 2023-11-06T19:58:58.400717+00:00, run_after=2023-11-07T19:58:58.400717+00:00
[2023-11-07T19:58:58.423+0000] {processor.py:179} INFO - Processing /usr/local/lib/python3.10/dist-packages/airflow/example_dags/example_skip_dag.py took 0.071 seconds
[2023-11-07T19:59:32.421+0000] {processor.py:157} INFO - Started process (PID=5258) to work on /usr/local/lib/python3.10/dist-packages/airflow/example_dags/example_skip_dag.py
[2023-11-07T19:59:32.421+0000] {processor.py:829} INFO - Processing file /usr/local/lib/python3.10/dist-packages/airflow/example_dags/example_skip_dag.py for tasks to queue
[2023-11-07T19:59:32.422+0000] {logging_mixin.py:154} INFO - [2023-11-07T19:59:32.422+0000] {dagbag.py:536} INFO - Filling up the DagBag from /usr/local/lib/python3.10/dist-packages/airflow/example_dags/example_skip_dag.py
[2023-11-07T19:59:32.429+0000] {processor.py:839} INFO - DAG(s) dict_keys(['example_skip_dag']) retrieved from /usr/local/lib/python3.10/dist-packages/airflow/example_dags/example_skip_dag.py
[2023-11-07T19:59:32.445+0000] {logging_mixin.py:154} INFO - [2023-11-07T19:59:32.445+0000] {dag.py:2941} INFO - Sync 1 DAGs
[2023-11-07T19:59:32.465+0000] {logging_mixin.py:154} INFO - [2023-11-07T19:59:32.464+0000] {dag.py:3722} INFO - Setting next_dagrun for example_skip_dag to 2023-11-06T19:59:32.464711+00:00, run_after=2023-11-07T19:59:32.464711+00:00
[2023-11-07T19:59:32.485+0000] {processor.py:179} INFO - Processing /usr/local/lib/python3.10/dist-packages/airflow/example_dags/example_skip_dag.py took 0.068 seconds
[2023-11-07T20:00:07.785+0000] {processor.py:157} INFO - Started process (PID=5293) to work on /usr/local/lib/python3.10/dist-packages/airflow/example_dags/example_skip_dag.py
[2023-11-07T20:00:07.786+0000] {processor.py:829} INFO - Processing file /usr/local/lib/python3.10/dist-packages/airflow/example_dags/example_skip_dag.py for tasks to queue
[2023-11-07T20:00:07.787+0000] {logging_mixin.py:154} INFO - [2023-11-07T20:00:07.786+0000] {dagbag.py:536} INFO - Filling up the DagBag from /usr/local/lib/python3.10/dist-packages/airflow/example_dags/example_skip_dag.py
[2023-11-07T20:00:07.794+0000] {processor.py:839} INFO - DAG(s) dict_keys(['example_skip_dag']) retrieved from /usr/local/lib/python3.10/dist-packages/airflow/example_dags/example_skip_dag.py
[2023-11-07T20:00:07.814+0000] {logging_mixin.py:154} INFO - [2023-11-07T20:00:07.814+0000] {dag.py:2941} INFO - Sync 1 DAGs
[2023-11-07T20:00:07.834+0000] {logging_mixin.py:154} INFO - [2023-11-07T20:00:07.834+0000] {dag.py:3722} INFO - Setting next_dagrun for example_skip_dag to 2023-11-06T20:00:07.834135+00:00, run_after=2023-11-07T20:00:07.834135+00:00
[2023-11-07T20:00:07.857+0000] {processor.py:179} INFO - Processing /usr/local/lib/python3.10/dist-packages/airflow/example_dags/example_skip_dag.py took 0.076 seconds
[2023-11-07T20:00:45.648+0000] {processor.py:157} INFO - Started process (PID=5330) to work on /usr/local/lib/python3.10/dist-packages/airflow/example_dags/example_skip_dag.py
[2023-11-07T20:00:45.650+0000] {processor.py:829} INFO - Processing file /usr/local/lib/python3.10/dist-packages/airflow/example_dags/example_skip_dag.py for tasks to queue
[2023-11-07T20:00:45.651+0000] {logging_mixin.py:154} INFO - [2023-11-07T20:00:45.650+0000] {dagbag.py:536} INFO - Filling up the DagBag from /usr/local/lib/python3.10/dist-packages/airflow/example_dags/example_skip_dag.py
[2023-11-07T20:00:45.665+0000] {processor.py:839} INFO - DAG(s) dict_keys(['example_skip_dag']) retrieved from /usr/local/lib/python3.10/dist-packages/airflow/example_dags/example_skip_dag.py
[2023-11-07T20:00:45.703+0000] {logging_mixin.py:154} INFO - [2023-11-07T20:00:45.703+0000] {dag.py:2941} INFO - Sync 1 DAGs
[2023-11-07T20:00:45.734+0000] {logging_mixin.py:154} INFO - [2023-11-07T20:00:45.733+0000] {dag.py:3722} INFO - Setting next_dagrun for example_skip_dag to 2023-11-06T20:00:45.733617+00:00, run_after=2023-11-07T20:00:45.733617+00:00
[2023-11-07T20:00:45.780+0000] {processor.py:179} INFO - Processing /usr/local/lib/python3.10/dist-packages/airflow/example_dags/example_skip_dag.py took 0.137 seconds
[2023-11-07T20:01:21.732+0000] {processor.py:157} INFO - Started process (PID=5366) to work on /usr/local/lib/python3.10/dist-packages/airflow/example_dags/example_skip_dag.py
[2023-11-07T20:01:21.733+0000] {processor.py:829} INFO - Processing file /usr/local/lib/python3.10/dist-packages/airflow/example_dags/example_skip_dag.py for tasks to queue
[2023-11-07T20:01:21.734+0000] {logging_mixin.py:154} INFO - [2023-11-07T20:01:21.733+0000] {dagbag.py:536} INFO - Filling up the DagBag from /usr/local/lib/python3.10/dist-packages/airflow/example_dags/example_skip_dag.py
[2023-11-07T20:01:21.748+0000] {processor.py:839} INFO - DAG(s) dict_keys(['example_skip_dag']) retrieved from /usr/local/lib/python3.10/dist-packages/airflow/example_dags/example_skip_dag.py
[2023-11-07T20:01:21.770+0000] {logging_mixin.py:154} INFO - [2023-11-07T20:01:21.770+0000] {dag.py:2941} INFO - Sync 1 DAGs
[2023-11-07T20:01:21.791+0000] {logging_mixin.py:154} INFO - [2023-11-07T20:01:21.790+0000] {dag.py:3722} INFO - Setting next_dagrun for example_skip_dag to 2023-11-06T20:01:21.790679+00:00, run_after=2023-11-07T20:01:21.790679+00:00
[2023-11-07T20:01:21.812+0000] {processor.py:179} INFO - Processing /usr/local/lib/python3.10/dist-packages/airflow/example_dags/example_skip_dag.py took 0.084 seconds
[2023-11-07T20:02:04.445+0000] {processor.py:157} INFO - Started process (PID=5412) to work on /usr/local/lib/python3.10/dist-packages/airflow/example_dags/example_skip_dag.py
[2023-11-07T20:02:04.446+0000] {processor.py:829} INFO - Processing file /usr/local/lib/python3.10/dist-packages/airflow/example_dags/example_skip_dag.py for tasks to queue
[2023-11-07T20:02:04.447+0000] {logging_mixin.py:154} INFO - [2023-11-07T20:02:04.446+0000] {dagbag.py:536} INFO - Filling up the DagBag from /usr/local/lib/python3.10/dist-packages/airflow/example_dags/example_skip_dag.py
[2023-11-07T20:02:04.454+0000] {processor.py:839} INFO - DAG(s) dict_keys(['example_skip_dag']) retrieved from /usr/local/lib/python3.10/dist-packages/airflow/example_dags/example_skip_dag.py
[2023-11-07T20:02:04.471+0000] {logging_mixin.py:154} INFO - [2023-11-07T20:02:04.471+0000] {dag.py:2941} INFO - Sync 1 DAGs
[2023-11-07T20:02:04.491+0000] {logging_mixin.py:154} INFO - [2023-11-07T20:02:04.491+0000] {dag.py:3722} INFO - Setting next_dagrun for example_skip_dag to 2023-11-06T20:02:04.490809+00:00, run_after=2023-11-07T20:02:04.490809+00:00
[2023-11-07T20:02:04.512+0000] {processor.py:179} INFO - Processing /usr/local/lib/python3.10/dist-packages/airflow/example_dags/example_skip_dag.py took 0.070 seconds
[2023-11-07T20:02:53.125+0000] {processor.py:157} INFO - Started process (PID=5462) to work on /usr/local/lib/python3.10/dist-packages/airflow/example_dags/example_skip_dag.py
[2023-11-07T20:02:53.126+0000] {processor.py:829} INFO - Processing file /usr/local/lib/python3.10/dist-packages/airflow/example_dags/example_skip_dag.py for tasks to queue
[2023-11-07T20:02:53.126+0000] {logging_mixin.py:154} INFO - [2023-11-07T20:02:53.126+0000] {dagbag.py:536} INFO - Filling up the DagBag from /usr/local/lib/python3.10/dist-packages/airflow/example_dags/example_skip_dag.py
[2023-11-07T20:02:53.134+0000] {processor.py:839} INFO - DAG(s) dict_keys(['example_skip_dag']) retrieved from /usr/local/lib/python3.10/dist-packages/airflow/example_dags/example_skip_dag.py
[2023-11-07T20:02:53.153+0000] {logging_mixin.py:154} INFO - [2023-11-07T20:02:53.153+0000] {dag.py:2941} INFO - Sync 1 DAGs
[2023-11-07T20:02:53.173+0000] {logging_mixin.py:154} INFO - [2023-11-07T20:02:53.173+0000] {dag.py:3722} INFO - Setting next_dagrun for example_skip_dag to 2023-11-06T20:02:53.173516+00:00, run_after=2023-11-07T20:02:53.173516+00:00
[2023-11-07T20:02:53.195+0000] {processor.py:179} INFO - Processing /usr/local/lib/python3.10/dist-packages/airflow/example_dags/example_skip_dag.py took 0.073 seconds
[2023-11-07T20:03:43.108+0000] {processor.py:157} INFO - Started process (PID=5514) to work on /usr/local/lib/python3.10/dist-packages/airflow/example_dags/example_skip_dag.py
[2023-11-07T20:03:43.109+0000] {processor.py:829} INFO - Processing file /usr/local/lib/python3.10/dist-packages/airflow/example_dags/example_skip_dag.py for tasks to queue
[2023-11-07T20:03:43.110+0000] {logging_mixin.py:154} INFO - [2023-11-07T20:03:43.110+0000] {dagbag.py:536} INFO - Filling up the DagBag from /usr/local/lib/python3.10/dist-packages/airflow/example_dags/example_skip_dag.py
[2023-11-07T20:03:43.118+0000] {processor.py:839} INFO - DAG(s) dict_keys(['example_skip_dag']) retrieved from /usr/local/lib/python3.10/dist-packages/airflow/example_dags/example_skip_dag.py
[2023-11-07T20:03:43.134+0000] {logging_mixin.py:154} INFO - [2023-11-07T20:03:43.134+0000] {dag.py:2941} INFO - Sync 1 DAGs
[2023-11-07T20:03:43.157+0000] {logging_mixin.py:154} INFO - [2023-11-07T20:03:43.156+0000] {dag.py:3722} INFO - Setting next_dagrun for example_skip_dag to 2023-11-06T20:03:43.156669+00:00, run_after=2023-11-07T20:03:43.156669+00:00
[2023-11-07T20:03:43.177+0000] {processor.py:179} INFO - Processing /usr/local/lib/python3.10/dist-packages/airflow/example_dags/example_skip_dag.py took 0.072 seconds
[2023-11-07T20:04:29.693+0000] {processor.py:157} INFO - Started process (PID=5563) to work on /usr/local/lib/python3.10/dist-packages/airflow/example_dags/example_skip_dag.py
[2023-11-07T20:04:29.695+0000] {processor.py:829} INFO - Processing file /usr/local/lib/python3.10/dist-packages/airflow/example_dags/example_skip_dag.py for tasks to queue
[2023-11-07T20:04:29.696+0000] {logging_mixin.py:154} INFO - [2023-11-07T20:04:29.695+0000] {dagbag.py:536} INFO - Filling up the DagBag from /usr/local/lib/python3.10/dist-packages/airflow/example_dags/example_skip_dag.py
[2023-11-07T20:04:29.712+0000] {processor.py:839} INFO - DAG(s) dict_keys(['example_skip_dag']) retrieved from /usr/local/lib/python3.10/dist-packages/airflow/example_dags/example_skip_dag.py
[2023-11-07T20:04:29.737+0000] {logging_mixin.py:154} INFO - [2023-11-07T20:04:29.737+0000] {dag.py:2941} INFO - Sync 1 DAGs
[2023-11-07T20:04:29.760+0000] {logging_mixin.py:154} INFO - [2023-11-07T20:04:29.760+0000] {dag.py:3722} INFO - Setting next_dagrun for example_skip_dag to 2023-11-06T20:04:29.760374+00:00, run_after=2023-11-07T20:04:29.760374+00:00
[2023-11-07T20:04:29.785+0000] {processor.py:179} INFO - Processing /usr/local/lib/python3.10/dist-packages/airflow/example_dags/example_skip_dag.py took 0.097 seconds
[2023-11-07T20:05:20.185+0000] {processor.py:157} INFO - Started process (PID=5614) to work on /usr/local/lib/python3.10/dist-packages/airflow/example_dags/example_skip_dag.py
[2023-11-07T20:05:20.186+0000] {processor.py:829} INFO - Processing file /usr/local/lib/python3.10/dist-packages/airflow/example_dags/example_skip_dag.py for tasks to queue
[2023-11-07T20:05:20.187+0000] {logging_mixin.py:154} INFO - [2023-11-07T20:05:20.186+0000] {dagbag.py:536} INFO - Filling up the DagBag from /usr/local/lib/python3.10/dist-packages/airflow/example_dags/example_skip_dag.py
[2023-11-07T20:05:20.194+0000] {processor.py:839} INFO - DAG(s) dict_keys(['example_skip_dag']) retrieved from /usr/local/lib/python3.10/dist-packages/airflow/example_dags/example_skip_dag.py
[2023-11-07T20:05:20.211+0000] {logging_mixin.py:154} INFO - [2023-11-07T20:05:20.211+0000] {dag.py:2941} INFO - Sync 1 DAGs
[2023-11-07T20:05:20.230+0000] {logging_mixin.py:154} INFO - [2023-11-07T20:05:20.230+0000] {dag.py:3722} INFO - Setting next_dagrun for example_skip_dag to 2023-11-06T20:05:20.229819+00:00, run_after=2023-11-07T20:05:20.229819+00:00
[2023-11-07T20:05:20.253+0000] {processor.py:179} INFO - Processing /usr/local/lib/python3.10/dist-packages/airflow/example_dags/example_skip_dag.py took 0.071 seconds
[2023-11-07T20:06:09.101+0000] {processor.py:157} INFO - Started process (PID=5664) to work on /usr/local/lib/python3.10/dist-packages/airflow/example_dags/example_skip_dag.py
[2023-11-07T20:06:09.103+0000] {processor.py:829} INFO - Processing file /usr/local/lib/python3.10/dist-packages/airflow/example_dags/example_skip_dag.py for tasks to queue
[2023-11-07T20:06:09.103+0000] {logging_mixin.py:154} INFO - [2023-11-07T20:06:09.103+0000] {dagbag.py:536} INFO - Filling up the DagBag from /usr/local/lib/python3.10/dist-packages/airflow/example_dags/example_skip_dag.py
[2023-11-07T20:06:09.111+0000] {processor.py:839} INFO - DAG(s) dict_keys(['example_skip_dag']) retrieved from /usr/local/lib/python3.10/dist-packages/airflow/example_dags/example_skip_dag.py
[2023-11-07T20:06:09.128+0000] {logging_mixin.py:154} INFO - [2023-11-07T20:06:09.128+0000] {dag.py:2941} INFO - Sync 1 DAGs
[2023-11-07T20:06:09.148+0000] {logging_mixin.py:154} INFO - [2023-11-07T20:06:09.148+0000] {dag.py:3722} INFO - Setting next_dagrun for example_skip_dag to 2023-11-06T20:06:09.147717+00:00, run_after=2023-11-07T20:06:09.147717+00:00
[2023-11-07T20:06:09.171+0000] {processor.py:179} INFO - Processing /usr/local/lib/python3.10/dist-packages/airflow/example_dags/example_skip_dag.py took 0.074 seconds
[2023-11-07T20:06:59.329+0000] {processor.py:157} INFO - Started process (PID=5715) to work on /usr/local/lib/python3.10/dist-packages/airflow/example_dags/example_skip_dag.py
[2023-11-07T20:06:59.331+0000] {processor.py:829} INFO - Processing file /usr/local/lib/python3.10/dist-packages/airflow/example_dags/example_skip_dag.py for tasks to queue
[2023-11-07T20:06:59.332+0000] {logging_mixin.py:154} INFO - [2023-11-07T20:06:59.332+0000] {dagbag.py:536} INFO - Filling up the DagBag from /usr/local/lib/python3.10/dist-packages/airflow/example_dags/example_skip_dag.py
[2023-11-07T20:06:59.341+0000] {processor.py:839} INFO - DAG(s) dict_keys(['example_skip_dag']) retrieved from /usr/local/lib/python3.10/dist-packages/airflow/example_dags/example_skip_dag.py
[2023-11-07T20:06:59.360+0000] {logging_mixin.py:154} INFO - [2023-11-07T20:06:59.360+0000] {dag.py:2941} INFO - Sync 1 DAGs
[2023-11-07T20:06:59.383+0000] {logging_mixin.py:154} INFO - [2023-11-07T20:06:59.383+0000] {dag.py:3722} INFO - Setting next_dagrun for example_skip_dag to 2023-11-06T20:06:59.383152+00:00, run_after=2023-11-07T20:06:59.383152+00:00
[2023-11-07T20:06:59.410+0000] {processor.py:179} INFO - Processing /usr/local/lib/python3.10/dist-packages/airflow/example_dags/example_skip_dag.py took 0.084 seconds
[2023-11-07T20:07:32.864+0000] {processor.py:157} INFO - Started process (PID=5753) to work on /usr/local/lib/python3.10/dist-packages/airflow/example_dags/example_skip_dag.py
[2023-11-07T20:07:32.865+0000] {processor.py:829} INFO - Processing file /usr/local/lib/python3.10/dist-packages/airflow/example_dags/example_skip_dag.py for tasks to queue
[2023-11-07T20:07:32.866+0000] {logging_mixin.py:154} INFO - [2023-11-07T20:07:32.865+0000] {dagbag.py:536} INFO - Filling up the DagBag from /usr/local/lib/python3.10/dist-packages/airflow/example_dags/example_skip_dag.py
[2023-11-07T20:07:32.873+0000] {processor.py:839} INFO - DAG(s) dict_keys(['example_skip_dag']) retrieved from /usr/local/lib/python3.10/dist-packages/airflow/example_dags/example_skip_dag.py
[2023-11-07T20:07:32.889+0000] {logging_mixin.py:154} INFO - [2023-11-07T20:07:32.889+0000] {dag.py:2941} INFO - Sync 1 DAGs
[2023-11-07T20:07:32.907+0000] {logging_mixin.py:154} INFO - [2023-11-07T20:07:32.907+0000] {dag.py:3722} INFO - Setting next_dagrun for example_skip_dag to 2023-11-06T20:07:32.907325+00:00, run_after=2023-11-07T20:07:32.907325+00:00
[2023-11-07T20:07:32.931+0000] {processor.py:179} INFO - Processing /usr/local/lib/python3.10/dist-packages/airflow/example_dags/example_skip_dag.py took 0.070 seconds
