[2023-11-07T19:31:37.838+0000] {processor.py:157} INFO - Started process (PID=3557) to work on /usr/local/lib/python3.10/dist-packages/airflow/example_dags/example_task_group.py
[2023-11-07T19:31:37.844+0000] {processor.py:829} INFO - Processing file /usr/local/lib/python3.10/dist-packages/airflow/example_dags/example_task_group.py for tasks to queue
[2023-11-07T19:31:37.845+0000] {logging_mixin.py:154} INFO - [2023-11-07T19:31:37.844+0000] {dagbag.py:536} INFO - Filling up the DagBag from /usr/local/lib/python3.10/dist-packages/airflow/example_dags/example_task_group.py
[2023-11-07T19:31:37.867+0000] {processor.py:839} INFO - DAG(s) dict_keys(['example_task_group']) retrieved from /usr/local/lib/python3.10/dist-packages/airflow/example_dags/example_task_group.py
[2023-11-07T19:31:38.026+0000] {logging_mixin.py:154} INFO - [2023-11-07T19:31:38.025+0000] {manager.py:499} INFO - Created Permission View: %s
[2023-11-07T19:31:38.041+0000] {logging_mixin.py:154} INFO - [2023-11-07T19:31:38.041+0000] {manager.py:499} INFO - Created Permission View: %s
[2023-11-07T19:31:38.051+0000] {logging_mixin.py:154} INFO - [2023-11-07T19:31:38.051+0000] {manager.py:499} INFO - Created Permission View: %s
[2023-11-07T19:31:38.051+0000] {logging_mixin.py:154} INFO - [2023-11-07T19:31:38.051+0000] {dag.py:2941} INFO - Sync 1 DAGs
[2023-11-07T19:31:38.061+0000] {logging_mixin.py:154} INFO - [2023-11-07T19:31:38.061+0000] {dag.py:2963} INFO - Creating ORM DAG for example_task_group
[2023-11-07T19:31:38.069+0000] {logging_mixin.py:154} INFO - [2023-11-07T19:31:38.069+0000] {dag.py:3722} INFO - Setting next_dagrun for example_task_group to 2023-11-06T19:31:38.069154+00:00, run_after=2023-11-07T19:31:38.069154+00:00
[2023-11-07T19:31:38.091+0000] {processor.py:179} INFO - Processing /usr/local/lib/python3.10/dist-packages/airflow/example_dags/example_task_group.py took 0.258 seconds
[2023-11-07T19:32:31.618+0000] {processor.py:157} INFO - Started process (PID=3604) to work on /usr/local/lib/python3.10/dist-packages/airflow/example_dags/example_task_group.py
[2023-11-07T19:32:31.620+0000] {processor.py:829} INFO - Processing file /usr/local/lib/python3.10/dist-packages/airflow/example_dags/example_task_group.py for tasks to queue
[2023-11-07T19:32:31.621+0000] {logging_mixin.py:154} INFO - [2023-11-07T19:32:31.621+0000] {dagbag.py:536} INFO - Filling up the DagBag from /usr/local/lib/python3.10/dist-packages/airflow/example_dags/example_task_group.py
[2023-11-07T19:32:31.630+0000] {processor.py:839} INFO - DAG(s) dict_keys(['example_task_group']) retrieved from /usr/local/lib/python3.10/dist-packages/airflow/example_dags/example_task_group.py
[2023-11-07T19:32:31.647+0000] {logging_mixin.py:154} INFO - [2023-11-07T19:32:31.647+0000] {dag.py:2941} INFO - Sync 1 DAGs
[2023-11-07T19:32:31.692+0000] {logging_mixin.py:154} INFO - [2023-11-07T19:32:31.692+0000] {dag.py:3722} INFO - Setting next_dagrun for example_task_group to 2023-11-06T19:32:31.691616+00:00, run_after=2023-11-07T19:32:31.691616+00:00
[2023-11-07T19:32:31.725+0000] {processor.py:179} INFO - Processing /usr/local/lib/python3.10/dist-packages/airflow/example_dags/example_task_group.py took 0.110 seconds
[2023-11-07T19:33:18.076+0000] {processor.py:157} INFO - Started process (PID=3651) to work on /usr/local/lib/python3.10/dist-packages/airflow/example_dags/example_task_group.py
[2023-11-07T19:33:18.078+0000] {processor.py:829} INFO - Processing file /usr/local/lib/python3.10/dist-packages/airflow/example_dags/example_task_group.py for tasks to queue
[2023-11-07T19:33:18.084+0000] {logging_mixin.py:154} INFO - [2023-11-07T19:33:18.083+0000] {dagbag.py:536} INFO - Filling up the DagBag from /usr/local/lib/python3.10/dist-packages/airflow/example_dags/example_task_group.py
[2023-11-07T19:33:18.105+0000] {processor.py:839} INFO - DAG(s) dict_keys(['example_task_group']) retrieved from /usr/local/lib/python3.10/dist-packages/airflow/example_dags/example_task_group.py
[2023-11-07T19:33:18.149+0000] {logging_mixin.py:154} INFO - [2023-11-07T19:33:18.149+0000] {dag.py:2941} INFO - Sync 1 DAGs
[2023-11-07T19:33:18.191+0000] {logging_mixin.py:154} INFO - [2023-11-07T19:33:18.191+0000] {dag.py:3722} INFO - Setting next_dagrun for example_task_group to 2023-11-06T19:33:18.191443+00:00, run_after=2023-11-07T19:33:18.191443+00:00
[2023-11-07T19:33:18.242+0000] {processor.py:179} INFO - Processing /usr/local/lib/python3.10/dist-packages/airflow/example_dags/example_task_group.py took 0.178 seconds
[2023-11-07T19:34:04.885+0000] {processor.py:157} INFO - Started process (PID=3699) to work on /usr/local/lib/python3.10/dist-packages/airflow/example_dags/example_task_group.py
[2023-11-07T19:34:04.886+0000] {processor.py:829} INFO - Processing file /usr/local/lib/python3.10/dist-packages/airflow/example_dags/example_task_group.py for tasks to queue
[2023-11-07T19:34:04.887+0000] {logging_mixin.py:154} INFO - [2023-11-07T19:34:04.887+0000] {dagbag.py:536} INFO - Filling up the DagBag from /usr/local/lib/python3.10/dist-packages/airflow/example_dags/example_task_group.py
[2023-11-07T19:34:04.896+0000] {processor.py:839} INFO - DAG(s) dict_keys(['example_task_group']) retrieved from /usr/local/lib/python3.10/dist-packages/airflow/example_dags/example_task_group.py
[2023-11-07T19:34:04.914+0000] {logging_mixin.py:154} INFO - [2023-11-07T19:34:04.914+0000] {dag.py:2941} INFO - Sync 1 DAGs
[2023-11-07T19:34:04.934+0000] {logging_mixin.py:154} INFO - [2023-11-07T19:34:04.933+0000] {dag.py:3722} INFO - Setting next_dagrun for example_task_group to 2023-11-06T19:34:04.933534+00:00, run_after=2023-11-07T19:34:04.933534+00:00
[2023-11-07T19:34:04.956+0000] {processor.py:179} INFO - Processing /usr/local/lib/python3.10/dist-packages/airflow/example_dags/example_task_group.py took 0.076 seconds
[2023-11-07T19:34:43.002+0000] {processor.py:157} INFO - Started process (PID=3740) to work on /usr/local/lib/python3.10/dist-packages/airflow/example_dags/example_task_group.py
[2023-11-07T19:34:43.004+0000] {processor.py:829} INFO - Processing file /usr/local/lib/python3.10/dist-packages/airflow/example_dags/example_task_group.py for tasks to queue
[2023-11-07T19:34:43.005+0000] {logging_mixin.py:154} INFO - [2023-11-07T19:34:43.005+0000] {dagbag.py:536} INFO - Filling up the DagBag from /usr/local/lib/python3.10/dist-packages/airflow/example_dags/example_task_group.py
[2023-11-07T19:34:43.016+0000] {processor.py:839} INFO - DAG(s) dict_keys(['example_task_group']) retrieved from /usr/local/lib/python3.10/dist-packages/airflow/example_dags/example_task_group.py
[2023-11-07T19:34:43.036+0000] {logging_mixin.py:154} INFO - [2023-11-07T19:34:43.035+0000] {dag.py:2941} INFO - Sync 1 DAGs
[2023-11-07T19:34:43.054+0000] {logging_mixin.py:154} INFO - [2023-11-07T19:34:43.054+0000] {dag.py:3722} INFO - Setting next_dagrun for example_task_group to 2023-11-06T19:34:43.053940+00:00, run_after=2023-11-07T19:34:43.053940+00:00
[2023-11-07T19:34:43.075+0000] {processor.py:179} INFO - Processing /usr/local/lib/python3.10/dist-packages/airflow/example_dags/example_task_group.py took 0.077 seconds
[2023-11-07T19:35:27.877+0000] {processor.py:157} INFO - Started process (PID=3789) to work on /usr/local/lib/python3.10/dist-packages/airflow/example_dags/example_task_group.py
[2023-11-07T19:35:27.878+0000] {processor.py:829} INFO - Processing file /usr/local/lib/python3.10/dist-packages/airflow/example_dags/example_task_group.py for tasks to queue
[2023-11-07T19:35:27.879+0000] {logging_mixin.py:154} INFO - [2023-11-07T19:35:27.878+0000] {dagbag.py:536} INFO - Filling up the DagBag from /usr/local/lib/python3.10/dist-packages/airflow/example_dags/example_task_group.py
[2023-11-07T19:35:27.887+0000] {processor.py:839} INFO - DAG(s) dict_keys(['example_task_group']) retrieved from /usr/local/lib/python3.10/dist-packages/airflow/example_dags/example_task_group.py
[2023-11-07T19:35:27.904+0000] {logging_mixin.py:154} INFO - [2023-11-07T19:35:27.904+0000] {dag.py:2941} INFO - Sync 1 DAGs
[2023-11-07T19:35:27.922+0000] {logging_mixin.py:154} INFO - [2023-11-07T19:35:27.922+0000] {dag.py:3722} INFO - Setting next_dagrun for example_task_group to 2023-11-06T19:35:27.922500+00:00, run_after=2023-11-07T19:35:27.922500+00:00
[2023-11-07T19:35:27.947+0000] {processor.py:179} INFO - Processing /usr/local/lib/python3.10/dist-packages/airflow/example_dags/example_task_group.py took 0.073 seconds
[2023-11-07T19:36:14.564+0000] {processor.py:157} INFO - Started process (PID=3836) to work on /usr/local/lib/python3.10/dist-packages/airflow/example_dags/example_task_group.py
[2023-11-07T19:36:14.567+0000] {processor.py:829} INFO - Processing file /usr/local/lib/python3.10/dist-packages/airflow/example_dags/example_task_group.py for tasks to queue
[2023-11-07T19:36:14.567+0000] {logging_mixin.py:154} INFO - [2023-11-07T19:36:14.567+0000] {dagbag.py:536} INFO - Filling up the DagBag from /usr/local/lib/python3.10/dist-packages/airflow/example_dags/example_task_group.py
[2023-11-07T19:36:14.585+0000] {processor.py:839} INFO - DAG(s) dict_keys(['example_task_group']) retrieved from /usr/local/lib/python3.10/dist-packages/airflow/example_dags/example_task_group.py
[2023-11-07T19:36:14.621+0000] {logging_mixin.py:154} INFO - [2023-11-07T19:36:14.621+0000] {dag.py:2941} INFO - Sync 1 DAGs
[2023-11-07T19:36:14.652+0000] {logging_mixin.py:154} INFO - [2023-11-07T19:36:14.652+0000] {dag.py:3722} INFO - Setting next_dagrun for example_task_group to 2023-11-06T19:36:14.651824+00:00, run_after=2023-11-07T19:36:14.651824+00:00
[2023-11-07T19:36:14.674+0000] {processor.py:179} INFO - Processing /usr/local/lib/python3.10/dist-packages/airflow/example_dags/example_task_group.py took 0.123 seconds
[2023-11-07T19:37:04.949+0000] {processor.py:157} INFO - Started process (PID=3887) to work on /usr/local/lib/python3.10/dist-packages/airflow/example_dags/example_task_group.py
[2023-11-07T19:37:04.951+0000] {processor.py:829} INFO - Processing file /usr/local/lib/python3.10/dist-packages/airflow/example_dags/example_task_group.py for tasks to queue
[2023-11-07T19:37:04.952+0000] {logging_mixin.py:154} INFO - [2023-11-07T19:37:04.951+0000] {dagbag.py:536} INFO - Filling up the DagBag from /usr/local/lib/python3.10/dist-packages/airflow/example_dags/example_task_group.py
[2023-11-07T19:37:04.960+0000] {processor.py:839} INFO - DAG(s) dict_keys(['example_task_group']) retrieved from /usr/local/lib/python3.10/dist-packages/airflow/example_dags/example_task_group.py
[2023-11-07T19:37:04.979+0000] {logging_mixin.py:154} INFO - [2023-11-07T19:37:04.979+0000] {dag.py:2941} INFO - Sync 1 DAGs
[2023-11-07T19:37:04.998+0000] {logging_mixin.py:154} INFO - [2023-11-07T19:37:04.998+0000] {dag.py:3722} INFO - Setting next_dagrun for example_task_group to 2023-11-06T19:37:04.998347+00:00, run_after=2023-11-07T19:37:04.998347+00:00
[2023-11-07T19:37:05.019+0000] {processor.py:179} INFO - Processing /usr/local/lib/python3.10/dist-packages/airflow/example_dags/example_task_group.py took 0.081 seconds
[2023-11-07T19:37:52.492+0000] {processor.py:157} INFO - Started process (PID=3937) to work on /usr/local/lib/python3.10/dist-packages/airflow/example_dags/example_task_group.py
[2023-11-07T19:37:52.493+0000] {processor.py:829} INFO - Processing file /usr/local/lib/python3.10/dist-packages/airflow/example_dags/example_task_group.py for tasks to queue
[2023-11-07T19:37:52.494+0000] {logging_mixin.py:154} INFO - [2023-11-07T19:37:52.493+0000] {dagbag.py:536} INFO - Filling up the DagBag from /usr/local/lib/python3.10/dist-packages/airflow/example_dags/example_task_group.py
[2023-11-07T19:37:52.502+0000] {processor.py:839} INFO - DAG(s) dict_keys(['example_task_group']) retrieved from /usr/local/lib/python3.10/dist-packages/airflow/example_dags/example_task_group.py
[2023-11-07T19:37:52.520+0000] {logging_mixin.py:154} INFO - [2023-11-07T19:37:52.520+0000] {dag.py:2941} INFO - Sync 1 DAGs
[2023-11-07T19:37:52.538+0000] {logging_mixin.py:154} INFO - [2023-11-07T19:37:52.538+0000] {dag.py:3722} INFO - Setting next_dagrun for example_task_group to 2023-11-06T19:37:52.538368+00:00, run_after=2023-11-07T19:37:52.538368+00:00
[2023-11-07T19:37:52.561+0000] {processor.py:179} INFO - Processing /usr/local/lib/python3.10/dist-packages/airflow/example_dags/example_task_group.py took 0.073 seconds
[2023-11-07T19:38:42.201+0000] {processor.py:157} INFO - Started process (PID=3988) to work on /usr/local/lib/python3.10/dist-packages/airflow/example_dags/example_task_group.py
[2023-11-07T19:38:42.202+0000] {processor.py:829} INFO - Processing file /usr/local/lib/python3.10/dist-packages/airflow/example_dags/example_task_group.py for tasks to queue
[2023-11-07T19:38:42.203+0000] {logging_mixin.py:154} INFO - [2023-11-07T19:38:42.203+0000] {dagbag.py:536} INFO - Filling up the DagBag from /usr/local/lib/python3.10/dist-packages/airflow/example_dags/example_task_group.py
[2023-11-07T19:38:42.211+0000] {processor.py:839} INFO - DAG(s) dict_keys(['example_task_group']) retrieved from /usr/local/lib/python3.10/dist-packages/airflow/example_dags/example_task_group.py
[2023-11-07T19:38:42.229+0000] {logging_mixin.py:154} INFO - [2023-11-07T19:38:42.229+0000] {dag.py:2941} INFO - Sync 1 DAGs
[2023-11-07T19:38:42.248+0000] {logging_mixin.py:154} INFO - [2023-11-07T19:38:42.248+0000] {dag.py:3722} INFO - Setting next_dagrun for example_task_group to 2023-11-06T19:38:42.247795+00:00, run_after=2023-11-07T19:38:42.247795+00:00
[2023-11-07T19:38:42.272+0000] {processor.py:179} INFO - Processing /usr/local/lib/python3.10/dist-packages/airflow/example_dags/example_task_group.py took 0.074 seconds
[2023-11-07T19:39:26.808+0000] {processor.py:157} INFO - Started process (PID=4035) to work on /usr/local/lib/python3.10/dist-packages/airflow/example_dags/example_task_group.py
[2023-11-07T19:39:26.809+0000] {processor.py:829} INFO - Processing file /usr/local/lib/python3.10/dist-packages/airflow/example_dags/example_task_group.py for tasks to queue
[2023-11-07T19:39:26.810+0000] {logging_mixin.py:154} INFO - [2023-11-07T19:39:26.809+0000] {dagbag.py:536} INFO - Filling up the DagBag from /usr/local/lib/python3.10/dist-packages/airflow/example_dags/example_task_group.py
[2023-11-07T19:39:26.819+0000] {processor.py:839} INFO - DAG(s) dict_keys(['example_task_group']) retrieved from /usr/local/lib/python3.10/dist-packages/airflow/example_dags/example_task_group.py
[2023-11-07T19:39:26.839+0000] {logging_mixin.py:154} INFO - [2023-11-07T19:39:26.839+0000] {dag.py:2941} INFO - Sync 1 DAGs
[2023-11-07T19:39:26.868+0000] {logging_mixin.py:154} INFO - [2023-11-07T19:39:26.868+0000] {dag.py:3722} INFO - Setting next_dagrun for example_task_group to 2023-11-06T19:39:26.868193+00:00, run_after=2023-11-07T19:39:26.868193+00:00
[2023-11-07T19:39:26.893+0000] {processor.py:179} INFO - Processing /usr/local/lib/python3.10/dist-packages/airflow/example_dags/example_task_group.py took 0.089 seconds
[2023-11-07T19:40:16.289+0000] {processor.py:157} INFO - Started process (PID=4085) to work on /usr/local/lib/python3.10/dist-packages/airflow/example_dags/example_task_group.py
[2023-11-07T19:40:16.290+0000] {processor.py:829} INFO - Processing file /usr/local/lib/python3.10/dist-packages/airflow/example_dags/example_task_group.py for tasks to queue
[2023-11-07T19:40:16.291+0000] {logging_mixin.py:154} INFO - [2023-11-07T19:40:16.290+0000] {dagbag.py:536} INFO - Filling up the DagBag from /usr/local/lib/python3.10/dist-packages/airflow/example_dags/example_task_group.py
[2023-11-07T19:40:16.301+0000] {processor.py:839} INFO - DAG(s) dict_keys(['example_task_group']) retrieved from /usr/local/lib/python3.10/dist-packages/airflow/example_dags/example_task_group.py
[2023-11-07T19:40:16.319+0000] {logging_mixin.py:154} INFO - [2023-11-07T19:40:16.318+0000] {dag.py:2941} INFO - Sync 1 DAGs
[2023-11-07T19:40:16.340+0000] {logging_mixin.py:154} INFO - [2023-11-07T19:40:16.339+0000] {dag.py:3722} INFO - Setting next_dagrun for example_task_group to 2023-11-06T19:40:16.339680+00:00, run_after=2023-11-07T19:40:16.339680+00:00
[2023-11-07T19:40:16.363+0000] {processor.py:179} INFO - Processing /usr/local/lib/python3.10/dist-packages/airflow/example_dags/example_task_group.py took 0.078 seconds
[2023-11-07T19:41:09.062+0000] {processor.py:157} INFO - Started process (PID=4139) to work on /usr/local/lib/python3.10/dist-packages/airflow/example_dags/example_task_group.py
[2023-11-07T19:41:09.063+0000] {processor.py:829} INFO - Processing file /usr/local/lib/python3.10/dist-packages/airflow/example_dags/example_task_group.py for tasks to queue
[2023-11-07T19:41:09.064+0000] {logging_mixin.py:154} INFO - [2023-11-07T19:41:09.063+0000] {dagbag.py:536} INFO - Filling up the DagBag from /usr/local/lib/python3.10/dist-packages/airflow/example_dags/example_task_group.py
[2023-11-07T19:41:09.072+0000] {processor.py:839} INFO - DAG(s) dict_keys(['example_task_group']) retrieved from /usr/local/lib/python3.10/dist-packages/airflow/example_dags/example_task_group.py
[2023-11-07T19:41:09.092+0000] {logging_mixin.py:154} INFO - [2023-11-07T19:41:09.092+0000] {dag.py:2941} INFO - Sync 1 DAGs
[2023-11-07T19:41:09.113+0000] {logging_mixin.py:154} INFO - [2023-11-07T19:41:09.112+0000] {dag.py:3722} INFO - Setting next_dagrun for example_task_group to 2023-11-06T19:41:09.112729+00:00, run_after=2023-11-07T19:41:09.112729+00:00
[2023-11-07T19:41:09.137+0000] {processor.py:179} INFO - Processing /usr/local/lib/python3.10/dist-packages/airflow/example_dags/example_task_group.py took 0.079 seconds
[2023-11-07T19:41:55.403+0000] {processor.py:157} INFO - Started process (PID=4188) to work on /usr/local/lib/python3.10/dist-packages/airflow/example_dags/example_task_group.py
[2023-11-07T19:41:55.404+0000] {processor.py:829} INFO - Processing file /usr/local/lib/python3.10/dist-packages/airflow/example_dags/example_task_group.py for tasks to queue
[2023-11-07T19:41:55.405+0000] {logging_mixin.py:154} INFO - [2023-11-07T19:41:55.405+0000] {dagbag.py:536} INFO - Filling up the DagBag from /usr/local/lib/python3.10/dist-packages/airflow/example_dags/example_task_group.py
[2023-11-07T19:41:55.413+0000] {processor.py:839} INFO - DAG(s) dict_keys(['example_task_group']) retrieved from /usr/local/lib/python3.10/dist-packages/airflow/example_dags/example_task_group.py
[2023-11-07T19:41:55.431+0000] {logging_mixin.py:154} INFO - [2023-11-07T19:41:55.431+0000] {dag.py:2941} INFO - Sync 1 DAGs
[2023-11-07T19:41:55.454+0000] {logging_mixin.py:154} INFO - [2023-11-07T19:41:55.454+0000] {dag.py:3722} INFO - Setting next_dagrun for example_task_group to 2023-11-06T19:41:55.454346+00:00, run_after=2023-11-07T19:41:55.454346+00:00
[2023-11-07T19:41:55.479+0000] {processor.py:179} INFO - Processing /usr/local/lib/python3.10/dist-packages/airflow/example_dags/example_task_group.py took 0.080 seconds
[2023-11-07T19:42:44.593+0000] {processor.py:157} INFO - Started process (PID=4238) to work on /usr/local/lib/python3.10/dist-packages/airflow/example_dags/example_task_group.py
[2023-11-07T19:42:44.595+0000] {processor.py:829} INFO - Processing file /usr/local/lib/python3.10/dist-packages/airflow/example_dags/example_task_group.py for tasks to queue
[2023-11-07T19:42:44.597+0000] {logging_mixin.py:154} INFO - [2023-11-07T19:42:44.595+0000] {dagbag.py:536} INFO - Filling up the DagBag from /usr/local/lib/python3.10/dist-packages/airflow/example_dags/example_task_group.py
[2023-11-07T19:42:44.611+0000] {processor.py:839} INFO - DAG(s) dict_keys(['example_task_group']) retrieved from /usr/local/lib/python3.10/dist-packages/airflow/example_dags/example_task_group.py
[2023-11-07T19:42:44.630+0000] {logging_mixin.py:154} INFO - [2023-11-07T19:42:44.630+0000] {dag.py:2941} INFO - Sync 1 DAGs
[2023-11-07T19:42:44.664+0000] {logging_mixin.py:154} INFO - [2023-11-07T19:42:44.662+0000] {dag.py:3722} INFO - Setting next_dagrun for example_task_group to 2023-11-06T19:42:44.661796+00:00, run_after=2023-11-07T19:42:44.661796+00:00
[2023-11-07T19:42:44.718+0000] {processor.py:179} INFO - Processing /usr/local/lib/python3.10/dist-packages/airflow/example_dags/example_task_group.py took 0.128 seconds
[2023-11-07T19:43:34.562+0000] {processor.py:157} INFO - Started process (PID=4289) to work on /usr/local/lib/python3.10/dist-packages/airflow/example_dags/example_task_group.py
[2023-11-07T19:43:34.563+0000] {processor.py:829} INFO - Processing file /usr/local/lib/python3.10/dist-packages/airflow/example_dags/example_task_group.py for tasks to queue
[2023-11-07T19:43:34.564+0000] {logging_mixin.py:154} INFO - [2023-11-07T19:43:34.564+0000] {dagbag.py:536} INFO - Filling up the DagBag from /usr/local/lib/python3.10/dist-packages/airflow/example_dags/example_task_group.py
[2023-11-07T19:43:34.572+0000] {processor.py:839} INFO - DAG(s) dict_keys(['example_task_group']) retrieved from /usr/local/lib/python3.10/dist-packages/airflow/example_dags/example_task_group.py
[2023-11-07T19:43:34.589+0000] {logging_mixin.py:154} INFO - [2023-11-07T19:43:34.589+0000] {dag.py:2941} INFO - Sync 1 DAGs
[2023-11-07T19:43:34.608+0000] {logging_mixin.py:154} INFO - [2023-11-07T19:43:34.607+0000] {dag.py:3722} INFO - Setting next_dagrun for example_task_group to 2023-11-06T19:43:34.607602+00:00, run_after=2023-11-07T19:43:34.607602+00:00
[2023-11-07T19:43:34.634+0000] {processor.py:179} INFO - Processing /usr/local/lib/python3.10/dist-packages/airflow/example_dags/example_task_group.py took 0.077 seconds
[2023-11-07T19:44:24.573+0000] {processor.py:157} INFO - Started process (PID=4340) to work on /usr/local/lib/python3.10/dist-packages/airflow/example_dags/example_task_group.py
[2023-11-07T19:44:24.575+0000] {processor.py:829} INFO - Processing file /usr/local/lib/python3.10/dist-packages/airflow/example_dags/example_task_group.py for tasks to queue
[2023-11-07T19:44:24.576+0000] {logging_mixin.py:154} INFO - [2023-11-07T19:44:24.576+0000] {dagbag.py:536} INFO - Filling up the DagBag from /usr/local/lib/python3.10/dist-packages/airflow/example_dags/example_task_group.py
[2023-11-07T19:44:24.595+0000] {processor.py:839} INFO - DAG(s) dict_keys(['example_task_group']) retrieved from /usr/local/lib/python3.10/dist-packages/airflow/example_dags/example_task_group.py
[2023-11-07T19:44:24.633+0000] {logging_mixin.py:154} INFO - [2023-11-07T19:44:24.633+0000] {dag.py:2941} INFO - Sync 1 DAGs
[2023-11-07T19:44:24.664+0000] {logging_mixin.py:154} INFO - [2023-11-07T19:44:24.664+0000] {dag.py:3722} INFO - Setting next_dagrun for example_task_group to 2023-11-06T19:44:24.664086+00:00, run_after=2023-11-07T19:44:24.664086+00:00
[2023-11-07T19:44:24.690+0000] {processor.py:179} INFO - Processing /usr/local/lib/python3.10/dist-packages/airflow/example_dags/example_task_group.py took 0.126 seconds
[2023-11-07T19:45:01.968+0000] {processor.py:157} INFO - Started process (PID=4376) to work on /usr/local/lib/python3.10/dist-packages/airflow/example_dags/example_task_group.py
[2023-11-07T19:45:01.970+0000] {processor.py:829} INFO - Processing file /usr/local/lib/python3.10/dist-packages/airflow/example_dags/example_task_group.py for tasks to queue
[2023-11-07T19:45:01.972+0000] {logging_mixin.py:154} INFO - [2023-11-07T19:45:01.971+0000] {dagbag.py:536} INFO - Filling up the DagBag from /usr/local/lib/python3.10/dist-packages/airflow/example_dags/example_task_group.py
[2023-11-07T19:45:01.983+0000] {processor.py:839} INFO - DAG(s) dict_keys(['example_task_group']) retrieved from /usr/local/lib/python3.10/dist-packages/airflow/example_dags/example_task_group.py
[2023-11-07T19:45:02.008+0000] {logging_mixin.py:154} INFO - [2023-11-07T19:45:02.008+0000] {dag.py:2941} INFO - Sync 1 DAGs
[2023-11-07T19:45:02.037+0000] {logging_mixin.py:154} INFO - [2023-11-07T19:45:02.036+0000] {dag.py:3722} INFO - Setting next_dagrun for example_task_group to 2023-11-06T19:45:02.036752+00:00, run_after=2023-11-07T19:45:02.036752+00:00
[2023-11-07T19:45:02.076+0000] {processor.py:179} INFO - Processing /usr/local/lib/python3.10/dist-packages/airflow/example_dags/example_task_group.py took 0.113 seconds
[2023-11-07T19:45:39.000+0000] {processor.py:157} INFO - Started process (PID=4413) to work on /usr/local/lib/python3.10/dist-packages/airflow/example_dags/example_task_group.py
[2023-11-07T19:45:39.001+0000] {processor.py:829} INFO - Processing file /usr/local/lib/python3.10/dist-packages/airflow/example_dags/example_task_group.py for tasks to queue
[2023-11-07T19:45:39.001+0000] {logging_mixin.py:154} INFO - [2023-11-07T19:45:39.001+0000] {dagbag.py:536} INFO - Filling up the DagBag from /usr/local/lib/python3.10/dist-packages/airflow/example_dags/example_task_group.py
[2023-11-07T19:45:39.010+0000] {processor.py:839} INFO - DAG(s) dict_keys(['example_task_group']) retrieved from /usr/local/lib/python3.10/dist-packages/airflow/example_dags/example_task_group.py
[2023-11-07T19:45:39.028+0000] {logging_mixin.py:154} INFO - [2023-11-07T19:45:39.028+0000] {dag.py:2941} INFO - Sync 1 DAGs
[2023-11-07T19:45:39.049+0000] {logging_mixin.py:154} INFO - [2023-11-07T19:45:39.049+0000] {dag.py:3722} INFO - Setting next_dagrun for example_task_group to 2023-11-06T19:45:39.049102+00:00, run_after=2023-11-07T19:45:39.049102+00:00
[2023-11-07T19:45:39.072+0000] {processor.py:179} INFO - Processing /usr/local/lib/python3.10/dist-packages/airflow/example_dags/example_task_group.py took 0.076 seconds
[2023-11-07T19:46:14.658+0000] {processor.py:157} INFO - Started process (PID=4448) to work on /usr/local/lib/python3.10/dist-packages/airflow/example_dags/example_task_group.py
[2023-11-07T19:46:14.659+0000] {processor.py:829} INFO - Processing file /usr/local/lib/python3.10/dist-packages/airflow/example_dags/example_task_group.py for tasks to queue
[2023-11-07T19:46:14.660+0000] {logging_mixin.py:154} INFO - [2023-11-07T19:46:14.660+0000] {dagbag.py:536} INFO - Filling up the DagBag from /usr/local/lib/python3.10/dist-packages/airflow/example_dags/example_task_group.py
[2023-11-07T19:46:14.670+0000] {processor.py:839} INFO - DAG(s) dict_keys(['example_task_group']) retrieved from /usr/local/lib/python3.10/dist-packages/airflow/example_dags/example_task_group.py
[2023-11-07T19:46:14.689+0000] {logging_mixin.py:154} INFO - [2023-11-07T19:46:14.688+0000] {dag.py:2941} INFO - Sync 1 DAGs
[2023-11-07T19:46:14.709+0000] {logging_mixin.py:154} INFO - [2023-11-07T19:46:14.709+0000] {dag.py:3722} INFO - Setting next_dagrun for example_task_group to 2023-11-06T19:46:14.709140+00:00, run_after=2023-11-07T19:46:14.709140+00:00
[2023-11-07T19:46:14.739+0000] {processor.py:179} INFO - Processing /usr/local/lib/python3.10/dist-packages/airflow/example_dags/example_task_group.py took 0.086 seconds
[2023-11-07T19:47:04.541+0000] {processor.py:157} INFO - Started process (PID=4499) to work on /usr/local/lib/python3.10/dist-packages/airflow/example_dags/example_task_group.py
[2023-11-07T19:47:04.542+0000] {processor.py:829} INFO - Processing file /usr/local/lib/python3.10/dist-packages/airflow/example_dags/example_task_group.py for tasks to queue
[2023-11-07T19:47:04.543+0000] {logging_mixin.py:154} INFO - [2023-11-07T19:47:04.543+0000] {dagbag.py:536} INFO - Filling up the DagBag from /usr/local/lib/python3.10/dist-packages/airflow/example_dags/example_task_group.py
[2023-11-07T19:47:04.551+0000] {processor.py:839} INFO - DAG(s) dict_keys(['example_task_group']) retrieved from /usr/local/lib/python3.10/dist-packages/airflow/example_dags/example_task_group.py
[2023-11-07T19:47:04.569+0000] {logging_mixin.py:154} INFO - [2023-11-07T19:47:04.568+0000] {dag.py:2941} INFO - Sync 1 DAGs
[2023-11-07T19:47:04.587+0000] {logging_mixin.py:154} INFO - [2023-11-07T19:47:04.587+0000] {dag.py:3722} INFO - Setting next_dagrun for example_task_group to 2023-11-06T19:47:04.587403+00:00, run_after=2023-11-07T19:47:04.587403+00:00
[2023-11-07T19:47:04.610+0000] {processor.py:179} INFO - Processing /usr/local/lib/python3.10/dist-packages/airflow/example_dags/example_task_group.py took 0.072 seconds
[2023-11-07T19:47:41.240+0000] {processor.py:157} INFO - Started process (PID=4536) to work on /usr/local/lib/python3.10/dist-packages/airflow/example_dags/example_task_group.py
[2023-11-07T19:47:41.241+0000] {processor.py:829} INFO - Processing file /usr/local/lib/python3.10/dist-packages/airflow/example_dags/example_task_group.py for tasks to queue
[2023-11-07T19:47:41.242+0000] {logging_mixin.py:154} INFO - [2023-11-07T19:47:41.242+0000] {dagbag.py:536} INFO - Filling up the DagBag from /usr/local/lib/python3.10/dist-packages/airflow/example_dags/example_task_group.py
[2023-11-07T19:47:41.250+0000] {processor.py:839} INFO - DAG(s) dict_keys(['example_task_group']) retrieved from /usr/local/lib/python3.10/dist-packages/airflow/example_dags/example_task_group.py
[2023-11-07T19:47:41.267+0000] {logging_mixin.py:154} INFO - [2023-11-07T19:47:41.267+0000] {dag.py:2941} INFO - Sync 1 DAGs
[2023-11-07T19:47:41.285+0000] {logging_mixin.py:154} INFO - [2023-11-07T19:47:41.285+0000] {dag.py:3722} INFO - Setting next_dagrun for example_task_group to 2023-11-06T19:47:41.285434+00:00, run_after=2023-11-07T19:47:41.285434+00:00
[2023-11-07T19:47:41.312+0000] {processor.py:179} INFO - Processing /usr/local/lib/python3.10/dist-packages/airflow/example_dags/example_task_group.py took 0.075 seconds
[2023-11-07T19:48:30.634+0000] {processor.py:157} INFO - Started process (PID=4587) to work on /usr/local/lib/python3.10/dist-packages/airflow/example_dags/example_task_group.py
[2023-11-07T19:48:30.635+0000] {processor.py:829} INFO - Processing file /usr/local/lib/python3.10/dist-packages/airflow/example_dags/example_task_group.py for tasks to queue
[2023-11-07T19:48:30.635+0000] {logging_mixin.py:154} INFO - [2023-11-07T19:48:30.635+0000] {dagbag.py:536} INFO - Filling up the DagBag from /usr/local/lib/python3.10/dist-packages/airflow/example_dags/example_task_group.py
[2023-11-07T19:48:30.643+0000] {processor.py:839} INFO - DAG(s) dict_keys(['example_task_group']) retrieved from /usr/local/lib/python3.10/dist-packages/airflow/example_dags/example_task_group.py
[2023-11-07T19:48:30.666+0000] {logging_mixin.py:154} INFO - [2023-11-07T19:48:30.665+0000] {dag.py:2941} INFO - Sync 1 DAGs
[2023-11-07T19:48:30.685+0000] {logging_mixin.py:154} INFO - [2023-11-07T19:48:30.685+0000] {dag.py:3722} INFO - Setting next_dagrun for example_task_group to 2023-11-06T19:48:30.685002+00:00, run_after=2023-11-07T19:48:30.685002+00:00
[2023-11-07T19:48:30.712+0000] {processor.py:179} INFO - Processing /usr/local/lib/python3.10/dist-packages/airflow/example_dags/example_task_group.py took 0.081 seconds
[2023-11-07T19:49:18.585+0000] {processor.py:157} INFO - Started process (PID=4637) to work on /usr/local/lib/python3.10/dist-packages/airflow/example_dags/example_task_group.py
[2023-11-07T19:49:18.586+0000] {processor.py:829} INFO - Processing file /usr/local/lib/python3.10/dist-packages/airflow/example_dags/example_task_group.py for tasks to queue
[2023-11-07T19:49:18.587+0000] {logging_mixin.py:154} INFO - [2023-11-07T19:49:18.586+0000] {dagbag.py:536} INFO - Filling up the DagBag from /usr/local/lib/python3.10/dist-packages/airflow/example_dags/example_task_group.py
[2023-11-07T19:49:18.595+0000] {processor.py:839} INFO - DAG(s) dict_keys(['example_task_group']) retrieved from /usr/local/lib/python3.10/dist-packages/airflow/example_dags/example_task_group.py
[2023-11-07T19:49:18.616+0000] {logging_mixin.py:154} INFO - [2023-11-07T19:49:18.616+0000] {dag.py:2941} INFO - Sync 1 DAGs
[2023-11-07T19:49:18.640+0000] {logging_mixin.py:154} INFO - [2023-11-07T19:49:18.640+0000] {dag.py:3722} INFO - Setting next_dagrun for example_task_group to 2023-11-06T19:49:18.640573+00:00, run_after=2023-11-07T19:49:18.640573+00:00
[2023-11-07T19:49:18.663+0000] {processor.py:179} INFO - Processing /usr/local/lib/python3.10/dist-packages/airflow/example_dags/example_task_group.py took 0.082 seconds
[2023-11-07T19:50:05.265+0000] {processor.py:157} INFO - Started process (PID=4686) to work on /usr/local/lib/python3.10/dist-packages/airflow/example_dags/example_task_group.py
[2023-11-07T19:50:05.266+0000] {processor.py:829} INFO - Processing file /usr/local/lib/python3.10/dist-packages/airflow/example_dags/example_task_group.py for tasks to queue
[2023-11-07T19:50:05.266+0000] {logging_mixin.py:154} INFO - [2023-11-07T19:50:05.266+0000] {dagbag.py:536} INFO - Filling up the DagBag from /usr/local/lib/python3.10/dist-packages/airflow/example_dags/example_task_group.py
[2023-11-07T19:50:05.275+0000] {processor.py:839} INFO - DAG(s) dict_keys(['example_task_group']) retrieved from /usr/local/lib/python3.10/dist-packages/airflow/example_dags/example_task_group.py
[2023-11-07T19:50:05.301+0000] {logging_mixin.py:154} INFO - [2023-11-07T19:50:05.301+0000] {dag.py:2941} INFO - Sync 1 DAGs
[2023-11-07T19:50:05.324+0000] {logging_mixin.py:154} INFO - [2023-11-07T19:50:05.323+0000] {dag.py:3722} INFO - Setting next_dagrun for example_task_group to 2023-11-06T19:50:05.322497+00:00, run_after=2023-11-07T19:50:05.322497+00:00
[2023-11-07T19:50:05.354+0000] {processor.py:179} INFO - Processing /usr/local/lib/python3.10/dist-packages/airflow/example_dags/example_task_group.py took 0.093 seconds
[2023-11-07T19:50:55.752+0000] {processor.py:157} INFO - Started process (PID=4737) to work on /usr/local/lib/python3.10/dist-packages/airflow/example_dags/example_task_group.py
[2023-11-07T19:50:55.753+0000] {processor.py:829} INFO - Processing file /usr/local/lib/python3.10/dist-packages/airflow/example_dags/example_task_group.py for tasks to queue
[2023-11-07T19:50:55.754+0000] {logging_mixin.py:154} INFO - [2023-11-07T19:50:55.754+0000] {dagbag.py:536} INFO - Filling up the DagBag from /usr/local/lib/python3.10/dist-packages/airflow/example_dags/example_task_group.py
[2023-11-07T19:50:55.763+0000] {processor.py:839} INFO - DAG(s) dict_keys(['example_task_group']) retrieved from /usr/local/lib/python3.10/dist-packages/airflow/example_dags/example_task_group.py
[2023-11-07T19:50:55.782+0000] {logging_mixin.py:154} INFO - [2023-11-07T19:50:55.781+0000] {dag.py:2941} INFO - Sync 1 DAGs
[2023-11-07T19:50:55.804+0000] {logging_mixin.py:154} INFO - [2023-11-07T19:50:55.803+0000] {dag.py:3722} INFO - Setting next_dagrun for example_task_group to 2023-11-06T19:50:55.803639+00:00, run_after=2023-11-07T19:50:55.803639+00:00
[2023-11-07T19:50:55.827+0000] {processor.py:179} INFO - Processing /usr/local/lib/python3.10/dist-packages/airflow/example_dags/example_task_group.py took 0.079 seconds
[2023-11-07T19:51:45.290+0000] {processor.py:157} INFO - Started process (PID=4789) to work on /usr/local/lib/python3.10/dist-packages/airflow/example_dags/example_task_group.py
[2023-11-07T19:51:45.291+0000] {processor.py:829} INFO - Processing file /usr/local/lib/python3.10/dist-packages/airflow/example_dags/example_task_group.py for tasks to queue
[2023-11-07T19:51:45.292+0000] {logging_mixin.py:154} INFO - [2023-11-07T19:51:45.292+0000] {dagbag.py:536} INFO - Filling up the DagBag from /usr/local/lib/python3.10/dist-packages/airflow/example_dags/example_task_group.py
[2023-11-07T19:51:45.301+0000] {processor.py:839} INFO - DAG(s) dict_keys(['example_task_group']) retrieved from /usr/local/lib/python3.10/dist-packages/airflow/example_dags/example_task_group.py
[2023-11-07T19:51:45.317+0000] {logging_mixin.py:154} INFO - [2023-11-07T19:51:45.317+0000] {dag.py:2941} INFO - Sync 1 DAGs
[2023-11-07T19:51:45.335+0000] {logging_mixin.py:154} INFO - [2023-11-07T19:51:45.335+0000] {dag.py:3722} INFO - Setting next_dagrun for example_task_group to 2023-11-06T19:51:45.335528+00:00, run_after=2023-11-07T19:51:45.335528+00:00
[2023-11-07T19:51:45.356+0000] {processor.py:179} INFO - Processing /usr/local/lib/python3.10/dist-packages/airflow/example_dags/example_task_group.py took 0.069 seconds
[2023-11-07T19:52:20.724+0000] {processor.py:157} INFO - Started process (PID=4824) to work on /usr/local/lib/python3.10/dist-packages/airflow/example_dags/example_task_group.py
[2023-11-07T19:52:20.726+0000] {processor.py:829} INFO - Processing file /usr/local/lib/python3.10/dist-packages/airflow/example_dags/example_task_group.py for tasks to queue
[2023-11-07T19:52:20.726+0000] {logging_mixin.py:154} INFO - [2023-11-07T19:52:20.726+0000] {dagbag.py:536} INFO - Filling up the DagBag from /usr/local/lib/python3.10/dist-packages/airflow/example_dags/example_task_group.py
[2023-11-07T19:52:20.736+0000] {processor.py:839} INFO - DAG(s) dict_keys(['example_task_group']) retrieved from /usr/local/lib/python3.10/dist-packages/airflow/example_dags/example_task_group.py
[2023-11-07T19:52:20.761+0000] {logging_mixin.py:154} INFO - [2023-11-07T19:52:20.761+0000] {dag.py:2941} INFO - Sync 1 DAGs
[2023-11-07T19:52:20.781+0000] {logging_mixin.py:154} INFO - [2023-11-07T19:52:20.781+0000] {dag.py:3722} INFO - Setting next_dagrun for example_task_group to 2023-11-06T19:52:20.781461+00:00, run_after=2023-11-07T19:52:20.781461+00:00
[2023-11-07T19:52:20.815+0000] {processor.py:179} INFO - Processing /usr/local/lib/python3.10/dist-packages/airflow/example_dags/example_task_group.py took 0.094 seconds
[2023-11-07T19:52:56.704+0000] {processor.py:157} INFO - Started process (PID=4861) to work on /usr/local/lib/python3.10/dist-packages/airflow/example_dags/example_task_group.py
[2023-11-07T19:52:56.706+0000] {processor.py:829} INFO - Processing file /usr/local/lib/python3.10/dist-packages/airflow/example_dags/example_task_group.py for tasks to queue
[2023-11-07T19:52:56.707+0000] {logging_mixin.py:154} INFO - [2023-11-07T19:52:56.707+0000] {dagbag.py:536} INFO - Filling up the DagBag from /usr/local/lib/python3.10/dist-packages/airflow/example_dags/example_task_group.py
[2023-11-07T19:52:56.716+0000] {processor.py:839} INFO - DAG(s) dict_keys(['example_task_group']) retrieved from /usr/local/lib/python3.10/dist-packages/airflow/example_dags/example_task_group.py
[2023-11-07T19:52:56.736+0000] {logging_mixin.py:154} INFO - [2023-11-07T19:52:56.736+0000] {dag.py:2941} INFO - Sync 1 DAGs
[2023-11-07T19:52:56.767+0000] {logging_mixin.py:154} INFO - [2023-11-07T19:52:56.767+0000] {dag.py:3722} INFO - Setting next_dagrun for example_task_group to 2023-11-06T19:52:56.767100+00:00, run_after=2023-11-07T19:52:56.767100+00:00
[2023-11-07T19:52:56.803+0000] {processor.py:179} INFO - Processing /usr/local/lib/python3.10/dist-packages/airflow/example_dags/example_task_group.py took 0.103 seconds
[2023-11-07T19:53:50.587+0000] {processor.py:157} INFO - Started process (PID=4914) to work on /usr/local/lib/python3.10/dist-packages/airflow/example_dags/example_task_group.py
[2023-11-07T19:53:50.588+0000] {processor.py:829} INFO - Processing file /usr/local/lib/python3.10/dist-packages/airflow/example_dags/example_task_group.py for tasks to queue
[2023-11-07T19:53:50.589+0000] {logging_mixin.py:154} INFO - [2023-11-07T19:53:50.589+0000] {dagbag.py:536} INFO - Filling up the DagBag from /usr/local/lib/python3.10/dist-packages/airflow/example_dags/example_task_group.py
[2023-11-07T19:53:50.598+0000] {processor.py:839} INFO - DAG(s) dict_keys(['example_task_group']) retrieved from /usr/local/lib/python3.10/dist-packages/airflow/example_dags/example_task_group.py
[2023-11-07T19:53:50.620+0000] {logging_mixin.py:154} INFO - [2023-11-07T19:53:50.620+0000] {dag.py:2941} INFO - Sync 1 DAGs
[2023-11-07T19:53:50.643+0000] {logging_mixin.py:154} INFO - [2023-11-07T19:53:50.642+0000] {dag.py:3722} INFO - Setting next_dagrun for example_task_group to 2023-11-06T19:53:50.642661+00:00, run_after=2023-11-07T19:53:50.642661+00:00
[2023-11-07T19:53:50.671+0000] {processor.py:179} INFO - Processing /usr/local/lib/python3.10/dist-packages/airflow/example_dags/example_task_group.py took 0.088 seconds
[2023-11-07T19:54:43.313+0000] {processor.py:157} INFO - Started process (PID=4967) to work on /usr/local/lib/python3.10/dist-packages/airflow/example_dags/example_task_group.py
[2023-11-07T19:54:43.315+0000] {processor.py:829} INFO - Processing file /usr/local/lib/python3.10/dist-packages/airflow/example_dags/example_task_group.py for tasks to queue
[2023-11-07T19:54:43.316+0000] {logging_mixin.py:154} INFO - [2023-11-07T19:54:43.315+0000] {dagbag.py:536} INFO - Filling up the DagBag from /usr/local/lib/python3.10/dist-packages/airflow/example_dags/example_task_group.py
[2023-11-07T19:54:43.326+0000] {processor.py:839} INFO - DAG(s) dict_keys(['example_task_group']) retrieved from /usr/local/lib/python3.10/dist-packages/airflow/example_dags/example_task_group.py
[2023-11-07T19:54:43.347+0000] {logging_mixin.py:154} INFO - [2023-11-07T19:54:43.347+0000] {dag.py:2941} INFO - Sync 1 DAGs
[2023-11-07T19:54:43.380+0000] {logging_mixin.py:154} INFO - [2023-11-07T19:54:43.380+0000] {dag.py:3722} INFO - Setting next_dagrun for example_task_group to 2023-11-06T19:54:43.380531+00:00, run_after=2023-11-07T19:54:43.380531+00:00
[2023-11-07T19:54:43.406+0000] {processor.py:179} INFO - Processing /usr/local/lib/python3.10/dist-packages/airflow/example_dags/example_task_group.py took 0.096 seconds
[2023-11-07T19:55:34.664+0000] {processor.py:157} INFO - Started process (PID=5018) to work on /usr/local/lib/python3.10/dist-packages/airflow/example_dags/example_task_group.py
[2023-11-07T19:55:34.665+0000] {processor.py:829} INFO - Processing file /usr/local/lib/python3.10/dist-packages/airflow/example_dags/example_task_group.py for tasks to queue
[2023-11-07T19:55:34.666+0000] {logging_mixin.py:154} INFO - [2023-11-07T19:55:34.666+0000] {dagbag.py:536} INFO - Filling up the DagBag from /usr/local/lib/python3.10/dist-packages/airflow/example_dags/example_task_group.py
[2023-11-07T19:55:34.681+0000] {processor.py:839} INFO - DAG(s) dict_keys(['example_task_group']) retrieved from /usr/local/lib/python3.10/dist-packages/airflow/example_dags/example_task_group.py
[2023-11-07T19:55:34.716+0000] {logging_mixin.py:154} INFO - [2023-11-07T19:55:34.716+0000] {dag.py:2941} INFO - Sync 1 DAGs
[2023-11-07T19:55:34.754+0000] {logging_mixin.py:154} INFO - [2023-11-07T19:55:34.753+0000] {dag.py:3722} INFO - Setting next_dagrun for example_task_group to 2023-11-06T19:55:34.753570+00:00, run_after=2023-11-07T19:55:34.753570+00:00
[2023-11-07T19:55:34.781+0000] {processor.py:179} INFO - Processing /usr/local/lib/python3.10/dist-packages/airflow/example_dags/example_task_group.py took 0.120 seconds
[2023-11-07T19:56:11.135+0000] {processor.py:157} INFO - Started process (PID=5054) to work on /usr/local/lib/python3.10/dist-packages/airflow/example_dags/example_task_group.py
[2023-11-07T19:56:11.136+0000] {processor.py:829} INFO - Processing file /usr/local/lib/python3.10/dist-packages/airflow/example_dags/example_task_group.py for tasks to queue
[2023-11-07T19:56:11.137+0000] {logging_mixin.py:154} INFO - [2023-11-07T19:56:11.137+0000] {dagbag.py:536} INFO - Filling up the DagBag from /usr/local/lib/python3.10/dist-packages/airflow/example_dags/example_task_group.py
[2023-11-07T19:56:11.146+0000] {processor.py:839} INFO - DAG(s) dict_keys(['example_task_group']) retrieved from /usr/local/lib/python3.10/dist-packages/airflow/example_dags/example_task_group.py
[2023-11-07T19:56:11.168+0000] {logging_mixin.py:154} INFO - [2023-11-07T19:56:11.168+0000] {dag.py:2941} INFO - Sync 1 DAGs
[2023-11-07T19:56:11.198+0000] {logging_mixin.py:154} INFO - [2023-11-07T19:56:11.198+0000] {dag.py:3722} INFO - Setting next_dagrun for example_task_group to 2023-11-06T19:56:11.198508+00:00, run_after=2023-11-07T19:56:11.198508+00:00
[2023-11-07T19:56:11.240+0000] {processor.py:179} INFO - Processing /usr/local/lib/python3.10/dist-packages/airflow/example_dags/example_task_group.py took 0.109 seconds
[2023-11-07T19:57:04.604+0000] {processor.py:157} INFO - Started process (PID=5107) to work on /usr/local/lib/python3.10/dist-packages/airflow/example_dags/example_task_group.py
[2023-11-07T19:57:04.607+0000] {processor.py:829} INFO - Processing file /usr/local/lib/python3.10/dist-packages/airflow/example_dags/example_task_group.py for tasks to queue
[2023-11-07T19:57:04.607+0000] {logging_mixin.py:154} INFO - [2023-11-07T19:57:04.607+0000] {dagbag.py:536} INFO - Filling up the DagBag from /usr/local/lib/python3.10/dist-packages/airflow/example_dags/example_task_group.py
[2023-11-07T19:57:04.622+0000] {processor.py:839} INFO - DAG(s) dict_keys(['example_task_group']) retrieved from /usr/local/lib/python3.10/dist-packages/airflow/example_dags/example_task_group.py
[2023-11-07T19:57:04.644+0000] {logging_mixin.py:154} INFO - [2023-11-07T19:57:04.643+0000] {dag.py:2941} INFO - Sync 1 DAGs
[2023-11-07T19:57:04.664+0000] {logging_mixin.py:154} INFO - [2023-11-07T19:57:04.664+0000] {dag.py:3722} INFO - Setting next_dagrun for example_task_group to 2023-11-06T19:57:04.664194+00:00, run_after=2023-11-07T19:57:04.664194+00:00
[2023-11-07T19:57:04.700+0000] {processor.py:179} INFO - Processing /usr/local/lib/python3.10/dist-packages/airflow/example_dags/example_task_group.py took 0.099 seconds
[2023-11-07T19:57:56.430+0000] {processor.py:157} INFO - Started process (PID=5159) to work on /usr/local/lib/python3.10/dist-packages/airflow/example_dags/example_task_group.py
[2023-11-07T19:57:56.432+0000] {processor.py:829} INFO - Processing file /usr/local/lib/python3.10/dist-packages/airflow/example_dags/example_task_group.py for tasks to queue
[2023-11-07T19:57:56.433+0000] {logging_mixin.py:154} INFO - [2023-11-07T19:57:56.432+0000] {dagbag.py:536} INFO - Filling up the DagBag from /usr/local/lib/python3.10/dist-packages/airflow/example_dags/example_task_group.py
[2023-11-07T19:57:56.443+0000] {processor.py:839} INFO - DAG(s) dict_keys(['example_task_group']) retrieved from /usr/local/lib/python3.10/dist-packages/airflow/example_dags/example_task_group.py
[2023-11-07T19:57:56.462+0000] {logging_mixin.py:154} INFO - [2023-11-07T19:57:56.462+0000] {dag.py:2941} INFO - Sync 1 DAGs
[2023-11-07T19:57:56.488+0000] {logging_mixin.py:154} INFO - [2023-11-07T19:57:56.488+0000] {dag.py:3722} INFO - Setting next_dagrun for example_task_group to 2023-11-06T19:57:56.488071+00:00, run_after=2023-11-07T19:57:56.488071+00:00
[2023-11-07T19:57:56.523+0000] {processor.py:179} INFO - Processing /usr/local/lib/python3.10/dist-packages/airflow/example_dags/example_task_group.py took 0.096 seconds
[2023-11-07T19:58:43.210+0000] {processor.py:157} INFO - Started process (PID=5207) to work on /usr/local/lib/python3.10/dist-packages/airflow/example_dags/example_task_group.py
[2023-11-07T19:58:43.211+0000] {processor.py:829} INFO - Processing file /usr/local/lib/python3.10/dist-packages/airflow/example_dags/example_task_group.py for tasks to queue
[2023-11-07T19:58:43.212+0000] {logging_mixin.py:154} INFO - [2023-11-07T19:58:43.212+0000] {dagbag.py:536} INFO - Filling up the DagBag from /usr/local/lib/python3.10/dist-packages/airflow/example_dags/example_task_group.py
[2023-11-07T19:58:43.228+0000] {processor.py:839} INFO - DAG(s) dict_keys(['example_task_group']) retrieved from /usr/local/lib/python3.10/dist-packages/airflow/example_dags/example_task_group.py
[2023-11-07T19:58:43.252+0000] {logging_mixin.py:154} INFO - [2023-11-07T19:58:43.251+0000] {dag.py:2941} INFO - Sync 1 DAGs
[2023-11-07T19:58:43.276+0000] {logging_mixin.py:154} INFO - [2023-11-07T19:58:43.276+0000] {dag.py:3722} INFO - Setting next_dagrun for example_task_group to 2023-11-06T19:58:43.276418+00:00, run_after=2023-11-07T19:58:43.276418+00:00
[2023-11-07T19:58:43.303+0000] {processor.py:179} INFO - Processing /usr/local/lib/python3.10/dist-packages/airflow/example_dags/example_task_group.py took 0.098 seconds
[2023-11-07T19:59:33.559+0000] {processor.py:157} INFO - Started process (PID=5259) to work on /usr/local/lib/python3.10/dist-packages/airflow/example_dags/example_task_group.py
[2023-11-07T19:59:33.560+0000] {processor.py:829} INFO - Processing file /usr/local/lib/python3.10/dist-packages/airflow/example_dags/example_task_group.py for tasks to queue
[2023-11-07T19:59:33.561+0000] {logging_mixin.py:154} INFO - [2023-11-07T19:59:33.561+0000] {dagbag.py:536} INFO - Filling up the DagBag from /usr/local/lib/python3.10/dist-packages/airflow/example_dags/example_task_group.py
[2023-11-07T19:59:33.570+0000] {processor.py:839} INFO - DAG(s) dict_keys(['example_task_group']) retrieved from /usr/local/lib/python3.10/dist-packages/airflow/example_dags/example_task_group.py
[2023-11-07T19:59:33.589+0000] {logging_mixin.py:154} INFO - [2023-11-07T19:59:33.589+0000] {dag.py:2941} INFO - Sync 1 DAGs
[2023-11-07T19:59:33.609+0000] {logging_mixin.py:154} INFO - [2023-11-07T19:59:33.609+0000] {dag.py:3722} INFO - Setting next_dagrun for example_task_group to 2023-11-06T19:59:33.609335+00:00, run_after=2023-11-07T19:59:33.609335+00:00
[2023-11-07T19:59:33.639+0000] {processor.py:179} INFO - Processing /usr/local/lib/python3.10/dist-packages/airflow/example_dags/example_task_group.py took 0.083 seconds
[2023-11-07T20:00:25.499+0000] {processor.py:157} INFO - Started process (PID=5310) to work on /usr/local/lib/python3.10/dist-packages/airflow/example_dags/example_task_group.py
[2023-11-07T20:00:25.500+0000] {processor.py:829} INFO - Processing file /usr/local/lib/python3.10/dist-packages/airflow/example_dags/example_task_group.py for tasks to queue
[2023-11-07T20:00:25.501+0000] {logging_mixin.py:154} INFO - [2023-11-07T20:00:25.500+0000] {dagbag.py:536} INFO - Filling up the DagBag from /usr/local/lib/python3.10/dist-packages/airflow/example_dags/example_task_group.py
[2023-11-07T20:00:25.510+0000] {processor.py:839} INFO - DAG(s) dict_keys(['example_task_group']) retrieved from /usr/local/lib/python3.10/dist-packages/airflow/example_dags/example_task_group.py
[2023-11-07T20:00:25.530+0000] {logging_mixin.py:154} INFO - [2023-11-07T20:00:25.530+0000] {dag.py:2941} INFO - Sync 1 DAGs
[2023-11-07T20:00:25.550+0000] {logging_mixin.py:154} INFO - [2023-11-07T20:00:25.550+0000] {dag.py:3722} INFO - Setting next_dagrun for example_task_group to 2023-11-06T20:00:25.549892+00:00, run_after=2023-11-07T20:00:25.549892+00:00
[2023-11-07T20:00:25.572+0000] {processor.py:179} INFO - Processing /usr/local/lib/python3.10/dist-packages/airflow/example_dags/example_task_group.py took 0.077 seconds
[2023-11-07T20:01:02.045+0000] {processor.py:157} INFO - Started process (PID=5346) to work on /usr/local/lib/python3.10/dist-packages/airflow/example_dags/example_task_group.py
[2023-11-07T20:01:02.050+0000] {processor.py:829} INFO - Processing file /usr/local/lib/python3.10/dist-packages/airflow/example_dags/example_task_group.py for tasks to queue
[2023-11-07T20:01:02.050+0000] {logging_mixin.py:154} INFO - [2023-11-07T20:01:02.050+0000] {dagbag.py:536} INFO - Filling up the DagBag from /usr/local/lib/python3.10/dist-packages/airflow/example_dags/example_task_group.py
[2023-11-07T20:01:02.059+0000] {processor.py:839} INFO - DAG(s) dict_keys(['example_task_group']) retrieved from /usr/local/lib/python3.10/dist-packages/airflow/example_dags/example_task_group.py
[2023-11-07T20:01:02.090+0000] {logging_mixin.py:154} INFO - [2023-11-07T20:01:02.090+0000] {dag.py:2941} INFO - Sync 1 DAGs
[2023-11-07T20:01:02.115+0000] {logging_mixin.py:154} INFO - [2023-11-07T20:01:02.115+0000] {dag.py:3722} INFO - Setting next_dagrun for example_task_group to 2023-11-06T20:01:02.115113+00:00, run_after=2023-11-07T20:01:02.115113+00:00
[2023-11-07T20:01:02.147+0000] {processor.py:179} INFO - Processing /usr/local/lib/python3.10/dist-packages/airflow/example_dags/example_task_group.py took 0.105 seconds
[2023-11-07T20:01:45.431+0000] {processor.py:157} INFO - Started process (PID=5393) to work on /usr/local/lib/python3.10/dist-packages/airflow/example_dags/example_task_group.py
[2023-11-07T20:01:45.432+0000] {processor.py:829} INFO - Processing file /usr/local/lib/python3.10/dist-packages/airflow/example_dags/example_task_group.py for tasks to queue
[2023-11-07T20:01:45.433+0000] {logging_mixin.py:154} INFO - [2023-11-07T20:01:45.432+0000] {dagbag.py:536} INFO - Filling up the DagBag from /usr/local/lib/python3.10/dist-packages/airflow/example_dags/example_task_group.py
[2023-11-07T20:01:45.441+0000] {processor.py:839} INFO - DAG(s) dict_keys(['example_task_group']) retrieved from /usr/local/lib/python3.10/dist-packages/airflow/example_dags/example_task_group.py
[2023-11-07T20:01:45.462+0000] {logging_mixin.py:154} INFO - [2023-11-07T20:01:45.462+0000] {dag.py:2941} INFO - Sync 1 DAGs
[2023-11-07T20:01:45.484+0000] {logging_mixin.py:154} INFO - [2023-11-07T20:01:45.484+0000] {dag.py:3722} INFO - Setting next_dagrun for example_task_group to 2023-11-06T20:01:45.484013+00:00, run_after=2023-11-07T20:01:45.484013+00:00
[2023-11-07T20:01:45.510+0000] {processor.py:179} INFO - Processing /usr/local/lib/python3.10/dist-packages/airflow/example_dags/example_task_group.py took 0.085 seconds
[2023-11-07T20:02:34.811+0000] {processor.py:157} INFO - Started process (PID=5443) to work on /usr/local/lib/python3.10/dist-packages/airflow/example_dags/example_task_group.py
[2023-11-07T20:02:34.813+0000] {processor.py:829} INFO - Processing file /usr/local/lib/python3.10/dist-packages/airflow/example_dags/example_task_group.py for tasks to queue
[2023-11-07T20:02:34.814+0000] {logging_mixin.py:154} INFO - [2023-11-07T20:02:34.813+0000] {dagbag.py:536} INFO - Filling up the DagBag from /usr/local/lib/python3.10/dist-packages/airflow/example_dags/example_task_group.py
[2023-11-07T20:02:34.822+0000] {processor.py:839} INFO - DAG(s) dict_keys(['example_task_group']) retrieved from /usr/local/lib/python3.10/dist-packages/airflow/example_dags/example_task_group.py
[2023-11-07T20:02:34.841+0000] {logging_mixin.py:154} INFO - [2023-11-07T20:02:34.840+0000] {dag.py:2941} INFO - Sync 1 DAGs
[2023-11-07T20:02:34.860+0000] {logging_mixin.py:154} INFO - [2023-11-07T20:02:34.860+0000] {dag.py:3722} INFO - Setting next_dagrun for example_task_group to 2023-11-06T20:02:34.860422+00:00, run_after=2023-11-07T20:02:34.860422+00:00
[2023-11-07T20:02:34.886+0000] {processor.py:179} INFO - Processing /usr/local/lib/python3.10/dist-packages/airflow/example_dags/example_task_group.py took 0.078 seconds
[2023-11-07T20:03:24.164+0000] {processor.py:157} INFO - Started process (PID=5494) to work on /usr/local/lib/python3.10/dist-packages/airflow/example_dags/example_task_group.py
[2023-11-07T20:03:24.166+0000] {processor.py:829} INFO - Processing file /usr/local/lib/python3.10/dist-packages/airflow/example_dags/example_task_group.py for tasks to queue
[2023-11-07T20:03:24.166+0000] {logging_mixin.py:154} INFO - [2023-11-07T20:03:24.166+0000] {dagbag.py:536} INFO - Filling up the DagBag from /usr/local/lib/python3.10/dist-packages/airflow/example_dags/example_task_group.py
[2023-11-07T20:03:24.176+0000] {processor.py:839} INFO - DAG(s) dict_keys(['example_task_group']) retrieved from /usr/local/lib/python3.10/dist-packages/airflow/example_dags/example_task_group.py
[2023-11-07T20:03:24.193+0000] {logging_mixin.py:154} INFO - [2023-11-07T20:03:24.193+0000] {dag.py:2941} INFO - Sync 1 DAGs
[2023-11-07T20:03:24.211+0000] {logging_mixin.py:154} INFO - [2023-11-07T20:03:24.211+0000] {dag.py:3722} INFO - Setting next_dagrun for example_task_group to 2023-11-06T20:03:24.210951+00:00, run_after=2023-11-07T20:03:24.210951+00:00
[2023-11-07T20:03:24.233+0000] {processor.py:179} INFO - Processing /usr/local/lib/python3.10/dist-packages/airflow/example_dags/example_task_group.py took 0.072 seconds
[2023-11-07T20:03:58.510+0000] {processor.py:157} INFO - Started process (PID=5529) to work on /usr/local/lib/python3.10/dist-packages/airflow/example_dags/example_task_group.py
[2023-11-07T20:03:58.510+0000] {processor.py:829} INFO - Processing file /usr/local/lib/python3.10/dist-packages/airflow/example_dags/example_task_group.py for tasks to queue
[2023-11-07T20:03:58.511+0000] {logging_mixin.py:154} INFO - [2023-11-07T20:03:58.511+0000] {dagbag.py:536} INFO - Filling up the DagBag from /usr/local/lib/python3.10/dist-packages/airflow/example_dags/example_task_group.py
[2023-11-07T20:03:58.519+0000] {processor.py:839} INFO - DAG(s) dict_keys(['example_task_group']) retrieved from /usr/local/lib/python3.10/dist-packages/airflow/example_dags/example_task_group.py
[2023-11-07T20:03:58.543+0000] {logging_mixin.py:154} INFO - [2023-11-07T20:03:58.543+0000] {dag.py:2941} INFO - Sync 1 DAGs
[2023-11-07T20:03:58.563+0000] {logging_mixin.py:154} INFO - [2023-11-07T20:03:58.562+0000] {dag.py:3722} INFO - Setting next_dagrun for example_task_group to 2023-11-06T20:03:58.562699+00:00, run_after=2023-11-07T20:03:58.562699+00:00
[2023-11-07T20:03:58.584+0000] {processor.py:179} INFO - Processing /usr/local/lib/python3.10/dist-packages/airflow/example_dags/example_task_group.py took 0.078 seconds
[2023-11-07T20:04:44.872+0000] {processor.py:157} INFO - Started process (PID=5579) to work on /usr/local/lib/python3.10/dist-packages/airflow/example_dags/example_task_group.py
[2023-11-07T20:04:44.874+0000] {processor.py:829} INFO - Processing file /usr/local/lib/python3.10/dist-packages/airflow/example_dags/example_task_group.py for tasks to queue
[2023-11-07T20:04:44.875+0000] {logging_mixin.py:154} INFO - [2023-11-07T20:04:44.874+0000] {dagbag.py:536} INFO - Filling up the DagBag from /usr/local/lib/python3.10/dist-packages/airflow/example_dags/example_task_group.py
[2023-11-07T20:04:44.884+0000] {processor.py:839} INFO - DAG(s) dict_keys(['example_task_group']) retrieved from /usr/local/lib/python3.10/dist-packages/airflow/example_dags/example_task_group.py
[2023-11-07T20:04:44.903+0000] {logging_mixin.py:154} INFO - [2023-11-07T20:04:44.903+0000] {dag.py:2941} INFO - Sync 1 DAGs
[2023-11-07T20:04:44.926+0000] {logging_mixin.py:154} INFO - [2023-11-07T20:04:44.925+0000] {dag.py:3722} INFO - Setting next_dagrun for example_task_group to 2023-11-06T20:04:44.925636+00:00, run_after=2023-11-07T20:04:44.925636+00:00
[2023-11-07T20:04:44.948+0000] {processor.py:179} INFO - Processing /usr/local/lib/python3.10/dist-packages/airflow/example_dags/example_task_group.py took 0.079 seconds
[2023-11-07T20:05:34.238+0000] {processor.py:157} INFO - Started process (PID=5629) to work on /usr/local/lib/python3.10/dist-packages/airflow/example_dags/example_task_group.py
[2023-11-07T20:05:34.239+0000] {processor.py:829} INFO - Processing file /usr/local/lib/python3.10/dist-packages/airflow/example_dags/example_task_group.py for tasks to queue
[2023-11-07T20:05:34.240+0000] {logging_mixin.py:154} INFO - [2023-11-07T20:05:34.240+0000] {dagbag.py:536} INFO - Filling up the DagBag from /usr/local/lib/python3.10/dist-packages/airflow/example_dags/example_task_group.py
[2023-11-07T20:05:34.249+0000] {processor.py:839} INFO - DAG(s) dict_keys(['example_task_group']) retrieved from /usr/local/lib/python3.10/dist-packages/airflow/example_dags/example_task_group.py
[2023-11-07T20:05:34.266+0000] {logging_mixin.py:154} INFO - [2023-11-07T20:05:34.266+0000] {dag.py:2941} INFO - Sync 1 DAGs
[2023-11-07T20:05:34.286+0000] {logging_mixin.py:154} INFO - [2023-11-07T20:05:34.286+0000] {dag.py:3722} INFO - Setting next_dagrun for example_task_group to 2023-11-06T20:05:34.286097+00:00, run_after=2023-11-07T20:05:34.286097+00:00
[2023-11-07T20:05:34.308+0000] {processor.py:179} INFO - Processing /usr/local/lib/python3.10/dist-packages/airflow/example_dags/example_task_group.py took 0.073 seconds
[2023-11-07T20:06:11.110+0000] {processor.py:157} INFO - Started process (PID=5667) to work on /usr/local/lib/python3.10/dist-packages/airflow/example_dags/example_task_group.py
[2023-11-07T20:06:11.112+0000] {processor.py:829} INFO - Processing file /usr/local/lib/python3.10/dist-packages/airflow/example_dags/example_task_group.py for tasks to queue
[2023-11-07T20:06:11.113+0000] {logging_mixin.py:154} INFO - [2023-11-07T20:06:11.112+0000] {dagbag.py:536} INFO - Filling up the DagBag from /usr/local/lib/python3.10/dist-packages/airflow/example_dags/example_task_group.py
[2023-11-07T20:06:11.122+0000] {processor.py:839} INFO - DAG(s) dict_keys(['example_task_group']) retrieved from /usr/local/lib/python3.10/dist-packages/airflow/example_dags/example_task_group.py
[2023-11-07T20:06:11.140+0000] {logging_mixin.py:154} INFO - [2023-11-07T20:06:11.140+0000] {dag.py:2941} INFO - Sync 1 DAGs
[2023-11-07T20:06:11.162+0000] {logging_mixin.py:154} INFO - [2023-11-07T20:06:11.162+0000] {dag.py:3722} INFO - Setting next_dagrun for example_task_group to 2023-11-06T20:06:11.162059+00:00, run_after=2023-11-07T20:06:11.162059+00:00
[2023-11-07T20:06:11.186+0000] {processor.py:179} INFO - Processing /usr/local/lib/python3.10/dist-packages/airflow/example_dags/example_task_group.py took 0.080 seconds
[2023-11-07T20:07:02.024+0000] {processor.py:157} INFO - Started process (PID=5718) to work on /usr/local/lib/python3.10/dist-packages/airflow/example_dags/example_task_group.py
[2023-11-07T20:07:02.025+0000] {processor.py:829} INFO - Processing file /usr/local/lib/python3.10/dist-packages/airflow/example_dags/example_task_group.py for tasks to queue
[2023-11-07T20:07:02.026+0000] {logging_mixin.py:154} INFO - [2023-11-07T20:07:02.025+0000] {dagbag.py:536} INFO - Filling up the DagBag from /usr/local/lib/python3.10/dist-packages/airflow/example_dags/example_task_group.py
[2023-11-07T20:07:02.042+0000] {processor.py:839} INFO - DAG(s) dict_keys(['example_task_group']) retrieved from /usr/local/lib/python3.10/dist-packages/airflow/example_dags/example_task_group.py
[2023-11-07T20:07:02.087+0000] {logging_mixin.py:154} INFO - [2023-11-07T20:07:02.086+0000] {dag.py:2941} INFO - Sync 1 DAGs
[2023-11-07T20:07:02.114+0000] {logging_mixin.py:154} INFO - [2023-11-07T20:07:02.114+0000] {dag.py:3722} INFO - Setting next_dagrun for example_task_group to 2023-11-06T20:07:02.113781+00:00, run_after=2023-11-07T20:07:02.113781+00:00
[2023-11-07T20:07:02.141+0000] {processor.py:179} INFO - Processing /usr/local/lib/python3.10/dist-packages/airflow/example_dags/example_task_group.py took 0.125 seconds
[2023-11-07T20:07:51.776+0000] {processor.py:157} INFO - Started process (PID=5771) to work on /usr/local/lib/python3.10/dist-packages/airflow/example_dags/example_task_group.py
[2023-11-07T20:07:51.778+0000] {processor.py:829} INFO - Processing file /usr/local/lib/python3.10/dist-packages/airflow/example_dags/example_task_group.py for tasks to queue
[2023-11-07T20:07:51.779+0000] {logging_mixin.py:154} INFO - [2023-11-07T20:07:51.778+0000] {dagbag.py:536} INFO - Filling up the DagBag from /usr/local/lib/python3.10/dist-packages/airflow/example_dags/example_task_group.py
[2023-11-07T20:07:51.787+0000] {processor.py:839} INFO - DAG(s) dict_keys(['example_task_group']) retrieved from /usr/local/lib/python3.10/dist-packages/airflow/example_dags/example_task_group.py
[2023-11-07T20:07:51.807+0000] {logging_mixin.py:154} INFO - [2023-11-07T20:07:51.807+0000] {dag.py:2941} INFO - Sync 1 DAGs
[2023-11-07T20:07:51.827+0000] {logging_mixin.py:154} INFO - [2023-11-07T20:07:51.827+0000] {dag.py:3722} INFO - Setting next_dagrun for example_task_group to 2023-11-06T20:07:51.827345+00:00, run_after=2023-11-07T20:07:51.827345+00:00
[2023-11-07T20:07:51.851+0000] {processor.py:179} INFO - Processing /usr/local/lib/python3.10/dist-packages/airflow/example_dags/example_task_group.py took 0.078 seconds
