[2023-11-07T19:32:01.489+0000] {processor.py:157} INFO - Started process (PID=3577) to work on /usr/local/lib/python3.10/dist-packages/airflow/example_dags/example_params_ui_tutorial.py
[2023-11-07T19:32:01.490+0000] {processor.py:829} INFO - Processing file /usr/local/lib/python3.10/dist-packages/airflow/example_dags/example_params_ui_tutorial.py for tasks to queue
[2023-11-07T19:32:01.491+0000] {logging_mixin.py:154} INFO - [2023-11-07T19:32:01.491+0000] {dagbag.py:536} INFO - Filling up the DagBag from /usr/local/lib/python3.10/dist-packages/airflow/example_dags/example_params_ui_tutorial.py
[2023-11-07T19:32:01.538+0000] {processor.py:839} INFO - DAG(s) dict_keys(['example_params_ui_tutorial']) retrieved from /usr/local/lib/python3.10/dist-packages/airflow/example_dags/example_params_ui_tutorial.py
[2023-11-07T19:32:01.732+0000] {logging_mixin.py:154} INFO - [2023-11-07T19:32:01.731+0000] {manager.py:499} INFO - Created Permission View: %s
[2023-11-07T19:32:01.763+0000] {logging_mixin.py:154} INFO - [2023-11-07T19:32:01.763+0000] {manager.py:499} INFO - Created Permission View: %s
[2023-11-07T19:32:01.778+0000] {logging_mixin.py:154} INFO - [2023-11-07T19:32:01.777+0000] {manager.py:499} INFO - Created Permission View: %s
[2023-11-07T19:32:01.778+0000] {logging_mixin.py:154} INFO - [2023-11-07T19:32:01.778+0000] {dag.py:2941} INFO - Sync 1 DAGs
[2023-11-07T19:32:01.790+0000] {logging_mixin.py:154} INFO - [2023-11-07T19:32:01.790+0000] {dag.py:2963} INFO - Creating ORM DAG for example_params_ui_tutorial
[2023-11-07T19:32:01.790+0000] {logging_mixin.py:154} INFO - [2023-11-07T19:32:01.790+0000] {dag.py:3722} INFO - Setting next_dagrun for example_params_ui_tutorial to None, run_after=None
[2023-11-07T19:32:01.817+0000] {processor.py:179} INFO - Processing /usr/local/lib/python3.10/dist-packages/airflow/example_dags/example_params_ui_tutorial.py took 0.331 seconds
[2023-11-07T19:32:52.457+0000] {processor.py:157} INFO - Started process (PID=3624) to work on /usr/local/lib/python3.10/dist-packages/airflow/example_dags/example_params_ui_tutorial.py
[2023-11-07T19:32:52.458+0000] {processor.py:829} INFO - Processing file /usr/local/lib/python3.10/dist-packages/airflow/example_dags/example_params_ui_tutorial.py for tasks to queue
[2023-11-07T19:32:52.459+0000] {logging_mixin.py:154} INFO - [2023-11-07T19:32:52.458+0000] {dagbag.py:536} INFO - Filling up the DagBag from /usr/local/lib/python3.10/dist-packages/airflow/example_dags/example_params_ui_tutorial.py
[2023-11-07T19:32:52.498+0000] {processor.py:839} INFO - DAG(s) dict_keys(['example_params_ui_tutorial']) retrieved from /usr/local/lib/python3.10/dist-packages/airflow/example_dags/example_params_ui_tutorial.py
[2023-11-07T19:32:52.546+0000] {logging_mixin.py:154} INFO - [2023-11-07T19:32:52.545+0000] {dag.py:2941} INFO - Sync 1 DAGs
[2023-11-07T19:32:52.565+0000] {logging_mixin.py:154} INFO - [2023-11-07T19:32:52.564+0000] {dag.py:3722} INFO - Setting next_dagrun for example_params_ui_tutorial to None, run_after=None
[2023-11-07T19:32:52.615+0000] {processor.py:179} INFO - Processing /usr/local/lib/python3.10/dist-packages/airflow/example_dags/example_params_ui_tutorial.py took 0.161 seconds
[2023-11-07T19:33:38.458+0000] {processor.py:157} INFO - Started process (PID=3673) to work on /usr/local/lib/python3.10/dist-packages/airflow/example_dags/example_params_ui_tutorial.py
[2023-11-07T19:33:38.459+0000] {processor.py:829} INFO - Processing file /usr/local/lib/python3.10/dist-packages/airflow/example_dags/example_params_ui_tutorial.py for tasks to queue
[2023-11-07T19:33:38.460+0000] {logging_mixin.py:154} INFO - [2023-11-07T19:33:38.459+0000] {dagbag.py:536} INFO - Filling up the DagBag from /usr/local/lib/python3.10/dist-packages/airflow/example_dags/example_params_ui_tutorial.py
[2023-11-07T19:33:38.492+0000] {processor.py:839} INFO - DAG(s) dict_keys(['example_params_ui_tutorial']) retrieved from /usr/local/lib/python3.10/dist-packages/airflow/example_dags/example_params_ui_tutorial.py
[2023-11-07T19:33:38.545+0000] {logging_mixin.py:154} INFO - [2023-11-07T19:33:38.545+0000] {dag.py:2941} INFO - Sync 1 DAGs
[2023-11-07T19:33:38.558+0000] {logging_mixin.py:154} INFO - [2023-11-07T19:33:38.557+0000] {dag.py:3722} INFO - Setting next_dagrun for example_params_ui_tutorial to None, run_after=None
[2023-11-07T19:33:38.578+0000] {processor.py:179} INFO - Processing /usr/local/lib/python3.10/dist-packages/airflow/example_dags/example_params_ui_tutorial.py took 0.124 seconds
[2023-11-07T19:34:27.442+0000] {processor.py:157} INFO - Started process (PID=3724) to work on /usr/local/lib/python3.10/dist-packages/airflow/example_dags/example_params_ui_tutorial.py
[2023-11-07T19:34:27.443+0000] {processor.py:829} INFO - Processing file /usr/local/lib/python3.10/dist-packages/airflow/example_dags/example_params_ui_tutorial.py for tasks to queue
[2023-11-07T19:34:27.444+0000] {logging_mixin.py:154} INFO - [2023-11-07T19:34:27.444+0000] {dagbag.py:536} INFO - Filling up the DagBag from /usr/local/lib/python3.10/dist-packages/airflow/example_dags/example_params_ui_tutorial.py
[2023-11-07T19:34:27.487+0000] {processor.py:839} INFO - DAG(s) dict_keys(['example_params_ui_tutorial']) retrieved from /usr/local/lib/python3.10/dist-packages/airflow/example_dags/example_params_ui_tutorial.py
[2023-11-07T19:34:27.531+0000] {logging_mixin.py:154} INFO - [2023-11-07T19:34:27.531+0000] {dag.py:2941} INFO - Sync 1 DAGs
[2023-11-07T19:34:27.543+0000] {logging_mixin.py:154} INFO - [2023-11-07T19:34:27.543+0000] {dag.py:3722} INFO - Setting next_dagrun for example_params_ui_tutorial to None, run_after=None
[2023-11-07T19:34:27.566+0000] {processor.py:179} INFO - Processing /usr/local/lib/python3.10/dist-packages/airflow/example_dags/example_params_ui_tutorial.py took 0.127 seconds
[2023-11-07T19:35:12.626+0000] {processor.py:157} INFO - Started process (PID=3771) to work on /usr/local/lib/python3.10/dist-packages/airflow/example_dags/example_params_ui_tutorial.py
[2023-11-07T19:35:12.627+0000] {processor.py:829} INFO - Processing file /usr/local/lib/python3.10/dist-packages/airflow/example_dags/example_params_ui_tutorial.py for tasks to queue
[2023-11-07T19:35:12.628+0000] {logging_mixin.py:154} INFO - [2023-11-07T19:35:12.627+0000] {dagbag.py:536} INFO - Filling up the DagBag from /usr/local/lib/python3.10/dist-packages/airflow/example_dags/example_params_ui_tutorial.py
[2023-11-07T19:35:12.654+0000] {processor.py:839} INFO - DAG(s) dict_keys(['example_params_ui_tutorial']) retrieved from /usr/local/lib/python3.10/dist-packages/airflow/example_dags/example_params_ui_tutorial.py
[2023-11-07T19:35:12.696+0000] {logging_mixin.py:154} INFO - [2023-11-07T19:35:12.695+0000] {dag.py:2941} INFO - Sync 1 DAGs
[2023-11-07T19:35:12.707+0000] {logging_mixin.py:154} INFO - [2023-11-07T19:35:12.706+0000] {dag.py:3722} INFO - Setting next_dagrun for example_params_ui_tutorial to None, run_after=None
[2023-11-07T19:35:12.727+0000] {processor.py:179} INFO - Processing /usr/local/lib/python3.10/dist-packages/airflow/example_dags/example_params_ui_tutorial.py took 0.104 seconds
[2023-11-07T19:35:57.021+0000] {processor.py:157} INFO - Started process (PID=3820) to work on /usr/local/lib/python3.10/dist-packages/airflow/example_dags/example_params_ui_tutorial.py
[2023-11-07T19:35:57.022+0000] {processor.py:829} INFO - Processing file /usr/local/lib/python3.10/dist-packages/airflow/example_dags/example_params_ui_tutorial.py for tasks to queue
[2023-11-07T19:35:57.023+0000] {logging_mixin.py:154} INFO - [2023-11-07T19:35:57.022+0000] {dagbag.py:536} INFO - Filling up the DagBag from /usr/local/lib/python3.10/dist-packages/airflow/example_dags/example_params_ui_tutorial.py
[2023-11-07T19:35:57.051+0000] {processor.py:839} INFO - DAG(s) dict_keys(['example_params_ui_tutorial']) retrieved from /usr/local/lib/python3.10/dist-packages/airflow/example_dags/example_params_ui_tutorial.py
[2023-11-07T19:35:57.134+0000] {logging_mixin.py:154} INFO - [2023-11-07T19:35:57.134+0000] {dag.py:2941} INFO - Sync 1 DAGs
[2023-11-07T19:35:57.146+0000] {logging_mixin.py:154} INFO - [2023-11-07T19:35:57.146+0000] {dag.py:3722} INFO - Setting next_dagrun for example_params_ui_tutorial to None, run_after=None
[2023-11-07T19:35:57.170+0000] {processor.py:179} INFO - Processing /usr/local/lib/python3.10/dist-packages/airflow/example_dags/example_params_ui_tutorial.py took 0.153 seconds
[2023-11-07T19:36:50.246+0000] {processor.py:157} INFO - Started process (PID=3872) to work on /usr/local/lib/python3.10/dist-packages/airflow/example_dags/example_params_ui_tutorial.py
[2023-11-07T19:36:50.249+0000] {processor.py:829} INFO - Processing file /usr/local/lib/python3.10/dist-packages/airflow/example_dags/example_params_ui_tutorial.py for tasks to queue
[2023-11-07T19:36:50.250+0000] {logging_mixin.py:154} INFO - [2023-11-07T19:36:50.249+0000] {dagbag.py:536} INFO - Filling up the DagBag from /usr/local/lib/python3.10/dist-packages/airflow/example_dags/example_params_ui_tutorial.py
[2023-11-07T19:36:50.281+0000] {processor.py:839} INFO - DAG(s) dict_keys(['example_params_ui_tutorial']) retrieved from /usr/local/lib/python3.10/dist-packages/airflow/example_dags/example_params_ui_tutorial.py
[2023-11-07T19:36:50.350+0000] {logging_mixin.py:154} INFO - [2023-11-07T19:36:50.350+0000] {dag.py:2941} INFO - Sync 1 DAGs
[2023-11-07T19:36:50.390+0000] {logging_mixin.py:154} INFO - [2023-11-07T19:36:50.389+0000] {dag.py:3722} INFO - Setting next_dagrun for example_params_ui_tutorial to None, run_after=None
[2023-11-07T19:36:50.420+0000] {processor.py:179} INFO - Processing /usr/local/lib/python3.10/dist-packages/airflow/example_dags/example_params_ui_tutorial.py took 0.177 seconds
[2023-11-07T19:37:40.800+0000] {processor.py:157} INFO - Started process (PID=3924) to work on /usr/local/lib/python3.10/dist-packages/airflow/example_dags/example_params_ui_tutorial.py
[2023-11-07T19:37:40.802+0000] {processor.py:829} INFO - Processing file /usr/local/lib/python3.10/dist-packages/airflow/example_dags/example_params_ui_tutorial.py for tasks to queue
[2023-11-07T19:37:40.803+0000] {logging_mixin.py:154} INFO - [2023-11-07T19:37:40.802+0000] {dagbag.py:536} INFO - Filling up the DagBag from /usr/local/lib/python3.10/dist-packages/airflow/example_dags/example_params_ui_tutorial.py
[2023-11-07T19:37:40.835+0000] {processor.py:839} INFO - DAG(s) dict_keys(['example_params_ui_tutorial']) retrieved from /usr/local/lib/python3.10/dist-packages/airflow/example_dags/example_params_ui_tutorial.py
[2023-11-07T19:37:40.880+0000] {logging_mixin.py:154} INFO - [2023-11-07T19:37:40.880+0000] {dag.py:2941} INFO - Sync 1 DAGs
[2023-11-07T19:37:40.896+0000] {logging_mixin.py:154} INFO - [2023-11-07T19:37:40.895+0000] {dag.py:3722} INFO - Setting next_dagrun for example_params_ui_tutorial to None, run_after=None
[2023-11-07T19:37:40.922+0000] {processor.py:179} INFO - Processing /usr/local/lib/python3.10/dist-packages/airflow/example_dags/example_params_ui_tutorial.py took 0.126 seconds
[2023-11-07T19:38:27.847+0000] {processor.py:157} INFO - Started process (PID=3973) to work on /usr/local/lib/python3.10/dist-packages/airflow/example_dags/example_params_ui_tutorial.py
[2023-11-07T19:38:27.848+0000] {processor.py:829} INFO - Processing file /usr/local/lib/python3.10/dist-packages/airflow/example_dags/example_params_ui_tutorial.py for tasks to queue
[2023-11-07T19:38:27.849+0000] {logging_mixin.py:154} INFO - [2023-11-07T19:38:27.848+0000] {dagbag.py:536} INFO - Filling up the DagBag from /usr/local/lib/python3.10/dist-packages/airflow/example_dags/example_params_ui_tutorial.py
[2023-11-07T19:38:27.893+0000] {processor.py:839} INFO - DAG(s) dict_keys(['example_params_ui_tutorial']) retrieved from /usr/local/lib/python3.10/dist-packages/airflow/example_dags/example_params_ui_tutorial.py
[2023-11-07T19:38:27.948+0000] {logging_mixin.py:154} INFO - [2023-11-07T19:38:27.947+0000] {dag.py:2941} INFO - Sync 1 DAGs
[2023-11-07T19:38:27.960+0000] {logging_mixin.py:154} INFO - [2023-11-07T19:38:27.960+0000] {dag.py:3722} INFO - Setting next_dagrun for example_params_ui_tutorial to None, run_after=None
[2023-11-07T19:38:27.982+0000] {processor.py:179} INFO - Processing /usr/local/lib/python3.10/dist-packages/airflow/example_dags/example_params_ui_tutorial.py took 0.139 seconds
[2023-11-07T19:39:13.761+0000] {processor.py:157} INFO - Started process (PID=4022) to work on /usr/local/lib/python3.10/dist-packages/airflow/example_dags/example_params_ui_tutorial.py
[2023-11-07T19:39:13.763+0000] {processor.py:829} INFO - Processing file /usr/local/lib/python3.10/dist-packages/airflow/example_dags/example_params_ui_tutorial.py for tasks to queue
[2023-11-07T19:39:13.763+0000] {logging_mixin.py:154} INFO - [2023-11-07T19:39:13.763+0000] {dagbag.py:536} INFO - Filling up the DagBag from /usr/local/lib/python3.10/dist-packages/airflow/example_dags/example_params_ui_tutorial.py
[2023-11-07T19:39:13.792+0000] {processor.py:839} INFO - DAG(s) dict_keys(['example_params_ui_tutorial']) retrieved from /usr/local/lib/python3.10/dist-packages/airflow/example_dags/example_params_ui_tutorial.py
[2023-11-07T19:39:13.843+0000] {logging_mixin.py:154} INFO - [2023-11-07T19:39:13.843+0000] {dag.py:2941} INFO - Sync 1 DAGs
[2023-11-07T19:39:13.854+0000] {logging_mixin.py:154} INFO - [2023-11-07T19:39:13.854+0000] {dag.py:3722} INFO - Setting next_dagrun for example_params_ui_tutorial to None, run_after=None
[2023-11-07T19:39:13.878+0000] {processor.py:179} INFO - Processing /usr/local/lib/python3.10/dist-packages/airflow/example_dags/example_params_ui_tutorial.py took 0.119 seconds
[2023-11-07T19:40:02.463+0000] {processor.py:157} INFO - Started process (PID=4071) to work on /usr/local/lib/python3.10/dist-packages/airflow/example_dags/example_params_ui_tutorial.py
[2023-11-07T19:40:02.464+0000] {processor.py:829} INFO - Processing file /usr/local/lib/python3.10/dist-packages/airflow/example_dags/example_params_ui_tutorial.py for tasks to queue
[2023-11-07T19:40:02.465+0000] {logging_mixin.py:154} INFO - [2023-11-07T19:40:02.465+0000] {dagbag.py:536} INFO - Filling up the DagBag from /usr/local/lib/python3.10/dist-packages/airflow/example_dags/example_params_ui_tutorial.py
[2023-11-07T19:40:02.518+0000] {processor.py:839} INFO - DAG(s) dict_keys(['example_params_ui_tutorial']) retrieved from /usr/local/lib/python3.10/dist-packages/airflow/example_dags/example_params_ui_tutorial.py
[2023-11-07T19:40:02.603+0000] {logging_mixin.py:154} INFO - [2023-11-07T19:40:02.603+0000] {dag.py:2941} INFO - Sync 1 DAGs
[2023-11-07T19:40:02.615+0000] {logging_mixin.py:154} INFO - [2023-11-07T19:40:02.615+0000] {dag.py:3722} INFO - Setting next_dagrun for example_params_ui_tutorial to None, run_after=None
[2023-11-07T19:40:02.638+0000] {processor.py:179} INFO - Processing /usr/local/lib/python3.10/dist-packages/airflow/example_dags/example_params_ui_tutorial.py took 0.178 seconds
[2023-11-07T19:40:55.069+0000] {processor.py:157} INFO - Started process (PID=4125) to work on /usr/local/lib/python3.10/dist-packages/airflow/example_dags/example_params_ui_tutorial.py
[2023-11-07T19:40:55.070+0000] {processor.py:829} INFO - Processing file /usr/local/lib/python3.10/dist-packages/airflow/example_dags/example_params_ui_tutorial.py for tasks to queue
[2023-11-07T19:40:55.071+0000] {logging_mixin.py:154} INFO - [2023-11-07T19:40:55.070+0000] {dagbag.py:536} INFO - Filling up the DagBag from /usr/local/lib/python3.10/dist-packages/airflow/example_dags/example_params_ui_tutorial.py
[2023-11-07T19:40:55.105+0000] {processor.py:839} INFO - DAG(s) dict_keys(['example_params_ui_tutorial']) retrieved from /usr/local/lib/python3.10/dist-packages/airflow/example_dags/example_params_ui_tutorial.py
[2023-11-07T19:40:55.174+0000] {logging_mixin.py:154} INFO - [2023-11-07T19:40:55.174+0000] {dag.py:2941} INFO - Sync 1 DAGs
[2023-11-07T19:40:55.192+0000] {logging_mixin.py:154} INFO - [2023-11-07T19:40:55.192+0000] {dag.py:3722} INFO - Setting next_dagrun for example_params_ui_tutorial to None, run_after=None
[2023-11-07T19:40:55.220+0000] {processor.py:179} INFO - Processing /usr/local/lib/python3.10/dist-packages/airflow/example_dags/example_params_ui_tutorial.py took 0.155 seconds
[2023-11-07T19:41:44.649+0000] {processor.py:157} INFO - Started process (PID=4176) to work on /usr/local/lib/python3.10/dist-packages/airflow/example_dags/example_params_ui_tutorial.py
[2023-11-07T19:41:44.651+0000] {processor.py:829} INFO - Processing file /usr/local/lib/python3.10/dist-packages/airflow/example_dags/example_params_ui_tutorial.py for tasks to queue
[2023-11-07T19:41:44.651+0000] {logging_mixin.py:154} INFO - [2023-11-07T19:41:44.651+0000] {dagbag.py:536} INFO - Filling up the DagBag from /usr/local/lib/python3.10/dist-packages/airflow/example_dags/example_params_ui_tutorial.py
[2023-11-07T19:41:44.691+0000] {processor.py:839} INFO - DAG(s) dict_keys(['example_params_ui_tutorial']) retrieved from /usr/local/lib/python3.10/dist-packages/airflow/example_dags/example_params_ui_tutorial.py
[2023-11-07T19:41:44.748+0000] {logging_mixin.py:154} INFO - [2023-11-07T19:41:44.747+0000] {dag.py:2941} INFO - Sync 1 DAGs
[2023-11-07T19:41:44.760+0000] {logging_mixin.py:154} INFO - [2023-11-07T19:41:44.759+0000] {dag.py:3722} INFO - Setting next_dagrun for example_params_ui_tutorial to None, run_after=None
[2023-11-07T19:41:44.799+0000] {processor.py:179} INFO - Processing /usr/local/lib/python3.10/dist-packages/airflow/example_dags/example_params_ui_tutorial.py took 0.152 seconds
[2023-11-07T19:42:32.718+0000] {processor.py:157} INFO - Started process (PID=4226) to work on /usr/local/lib/python3.10/dist-packages/airflow/example_dags/example_params_ui_tutorial.py
[2023-11-07T19:42:32.720+0000] {processor.py:829} INFO - Processing file /usr/local/lib/python3.10/dist-packages/airflow/example_dags/example_params_ui_tutorial.py for tasks to queue
[2023-11-07T19:42:32.720+0000] {logging_mixin.py:154} INFO - [2023-11-07T19:42:32.720+0000] {dagbag.py:536} INFO - Filling up the DagBag from /usr/local/lib/python3.10/dist-packages/airflow/example_dags/example_params_ui_tutorial.py
[2023-11-07T19:42:32.750+0000] {processor.py:839} INFO - DAG(s) dict_keys(['example_params_ui_tutorial']) retrieved from /usr/local/lib/python3.10/dist-packages/airflow/example_dags/example_params_ui_tutorial.py
[2023-11-07T19:42:32.806+0000] {logging_mixin.py:154} INFO - [2023-11-07T19:42:32.806+0000] {dag.py:2941} INFO - Sync 1 DAGs
[2023-11-07T19:42:32.818+0000] {logging_mixin.py:154} INFO - [2023-11-07T19:42:32.818+0000] {dag.py:3722} INFO - Setting next_dagrun for example_params_ui_tutorial to None, run_after=None
[2023-11-07T19:42:32.844+0000] {processor.py:179} INFO - Processing /usr/local/lib/python3.10/dist-packages/airflow/example_dags/example_params_ui_tutorial.py took 0.129 seconds
[2023-11-07T19:43:22.230+0000] {processor.py:157} INFO - Started process (PID=4277) to work on /usr/local/lib/python3.10/dist-packages/airflow/example_dags/example_params_ui_tutorial.py
[2023-11-07T19:43:22.231+0000] {processor.py:829} INFO - Processing file /usr/local/lib/python3.10/dist-packages/airflow/example_dags/example_params_ui_tutorial.py for tasks to queue
[2023-11-07T19:43:22.232+0000] {logging_mixin.py:154} INFO - [2023-11-07T19:43:22.231+0000] {dagbag.py:536} INFO - Filling up the DagBag from /usr/local/lib/python3.10/dist-packages/airflow/example_dags/example_params_ui_tutorial.py
[2023-11-07T19:43:22.268+0000] {processor.py:839} INFO - DAG(s) dict_keys(['example_params_ui_tutorial']) retrieved from /usr/local/lib/python3.10/dist-packages/airflow/example_dags/example_params_ui_tutorial.py
[2023-11-07T19:43:22.329+0000] {logging_mixin.py:154} INFO - [2023-11-07T19:43:22.329+0000] {dag.py:2941} INFO - Sync 1 DAGs
[2023-11-07T19:43:22.341+0000] {logging_mixin.py:154} INFO - [2023-11-07T19:43:22.341+0000] {dag.py:3722} INFO - Setting next_dagrun for example_params_ui_tutorial to None, run_after=None
[2023-11-07T19:43:22.366+0000] {processor.py:179} INFO - Processing /usr/local/lib/python3.10/dist-packages/airflow/example_dags/example_params_ui_tutorial.py took 0.140 seconds
[2023-11-07T19:44:11.619+0000] {processor.py:157} INFO - Started process (PID=4327) to work on /usr/local/lib/python3.10/dist-packages/airflow/example_dags/example_params_ui_tutorial.py
[2023-11-07T19:44:11.620+0000] {processor.py:829} INFO - Processing file /usr/local/lib/python3.10/dist-packages/airflow/example_dags/example_params_ui_tutorial.py for tasks to queue
[2023-11-07T19:44:11.621+0000] {logging_mixin.py:154} INFO - [2023-11-07T19:44:11.621+0000] {dagbag.py:536} INFO - Filling up the DagBag from /usr/local/lib/python3.10/dist-packages/airflow/example_dags/example_params_ui_tutorial.py
[2023-11-07T19:44:11.666+0000] {processor.py:839} INFO - DAG(s) dict_keys(['example_params_ui_tutorial']) retrieved from /usr/local/lib/python3.10/dist-packages/airflow/example_dags/example_params_ui_tutorial.py
[2023-11-07T19:44:11.709+0000] {logging_mixin.py:154} INFO - [2023-11-07T19:44:11.709+0000] {dag.py:2941} INFO - Sync 1 DAGs
[2023-11-07T19:44:11.720+0000] {logging_mixin.py:154} INFO - [2023-11-07T19:44:11.719+0000] {dag.py:3722} INFO - Setting next_dagrun for example_params_ui_tutorial to None, run_after=None
[2023-11-07T19:44:11.748+0000] {processor.py:179} INFO - Processing /usr/local/lib/python3.10/dist-packages/airflow/example_dags/example_params_ui_tutorial.py took 0.133 seconds
[2023-11-07T19:45:05.865+0000] {processor.py:157} INFO - Started process (PID=4380) to work on /usr/local/lib/python3.10/dist-packages/airflow/example_dags/example_params_ui_tutorial.py
[2023-11-07T19:45:05.868+0000] {processor.py:829} INFO - Processing file /usr/local/lib/python3.10/dist-packages/airflow/example_dags/example_params_ui_tutorial.py for tasks to queue
[2023-11-07T19:45:05.869+0000] {logging_mixin.py:154} INFO - [2023-11-07T19:45:05.868+0000] {dagbag.py:536} INFO - Filling up the DagBag from /usr/local/lib/python3.10/dist-packages/airflow/example_dags/example_params_ui_tutorial.py
[2023-11-07T19:45:05.911+0000] {processor.py:839} INFO - DAG(s) dict_keys(['example_params_ui_tutorial']) retrieved from /usr/local/lib/python3.10/dist-packages/airflow/example_dags/example_params_ui_tutorial.py
[2023-11-07T19:45:05.978+0000] {logging_mixin.py:154} INFO - [2023-11-07T19:45:05.978+0000] {dag.py:2941} INFO - Sync 1 DAGs
[2023-11-07T19:45:05.990+0000] {logging_mixin.py:154} INFO - [2023-11-07T19:45:05.989+0000] {dag.py:3722} INFO - Setting next_dagrun for example_params_ui_tutorial to None, run_after=None
[2023-11-07T19:45:06.016+0000] {processor.py:179} INFO - Processing /usr/local/lib/python3.10/dist-packages/airflow/example_dags/example_params_ui_tutorial.py took 0.163 seconds
[2023-11-07T19:46:00.563+0000] {processor.py:157} INFO - Started process (PID=4434) to work on /usr/local/lib/python3.10/dist-packages/airflow/example_dags/example_params_ui_tutorial.py
[2023-11-07T19:46:00.564+0000] {processor.py:829} INFO - Processing file /usr/local/lib/python3.10/dist-packages/airflow/example_dags/example_params_ui_tutorial.py for tasks to queue
[2023-11-07T19:46:00.565+0000] {logging_mixin.py:154} INFO - [2023-11-07T19:46:00.565+0000] {dagbag.py:536} INFO - Filling up the DagBag from /usr/local/lib/python3.10/dist-packages/airflow/example_dags/example_params_ui_tutorial.py
[2023-11-07T19:46:00.596+0000] {processor.py:839} INFO - DAG(s) dict_keys(['example_params_ui_tutorial']) retrieved from /usr/local/lib/python3.10/dist-packages/airflow/example_dags/example_params_ui_tutorial.py
[2023-11-07T19:46:00.641+0000] {logging_mixin.py:154} INFO - [2023-11-07T19:46:00.640+0000] {dag.py:2941} INFO - Sync 1 DAGs
[2023-11-07T19:46:00.654+0000] {logging_mixin.py:154} INFO - [2023-11-07T19:46:00.653+0000] {dag.py:3722} INFO - Setting next_dagrun for example_params_ui_tutorial to None, run_after=None
[2023-11-07T19:46:00.686+0000] {processor.py:179} INFO - Processing /usr/local/lib/python3.10/dist-packages/airflow/example_dags/example_params_ui_tutorial.py took 0.126 seconds
[2023-11-07T19:46:51.653+0000] {processor.py:157} INFO - Started process (PID=4486) to work on /usr/local/lib/python3.10/dist-packages/airflow/example_dags/example_params_ui_tutorial.py
[2023-11-07T19:46:51.655+0000] {processor.py:829} INFO - Processing file /usr/local/lib/python3.10/dist-packages/airflow/example_dags/example_params_ui_tutorial.py for tasks to queue
[2023-11-07T19:46:51.655+0000] {logging_mixin.py:154} INFO - [2023-11-07T19:46:51.655+0000] {dagbag.py:536} INFO - Filling up the DagBag from /usr/local/lib/python3.10/dist-packages/airflow/example_dags/example_params_ui_tutorial.py
[2023-11-07T19:46:51.684+0000] {processor.py:839} INFO - DAG(s) dict_keys(['example_params_ui_tutorial']) retrieved from /usr/local/lib/python3.10/dist-packages/airflow/example_dags/example_params_ui_tutorial.py
[2023-11-07T19:46:51.725+0000] {logging_mixin.py:154} INFO - [2023-11-07T19:46:51.725+0000] {dag.py:2941} INFO - Sync 1 DAGs
[2023-11-07T19:46:51.735+0000] {logging_mixin.py:154} INFO - [2023-11-07T19:46:51.735+0000] {dag.py:3722} INFO - Setting next_dagrun for example_params_ui_tutorial to None, run_after=None
[2023-11-07T19:46:51.770+0000] {processor.py:179} INFO - Processing /usr/local/lib/python3.10/dist-packages/airflow/example_dags/example_params_ui_tutorial.py took 0.120 seconds
[2023-11-07T19:47:44.878+0000] {processor.py:157} INFO - Started process (PID=4540) to work on /usr/local/lib/python3.10/dist-packages/airflow/example_dags/example_params_ui_tutorial.py
[2023-11-07T19:47:44.879+0000] {processor.py:829} INFO - Processing file /usr/local/lib/python3.10/dist-packages/airflow/example_dags/example_params_ui_tutorial.py for tasks to queue
[2023-11-07T19:47:44.880+0000] {logging_mixin.py:154} INFO - [2023-11-07T19:47:44.879+0000] {dagbag.py:536} INFO - Filling up the DagBag from /usr/local/lib/python3.10/dist-packages/airflow/example_dags/example_params_ui_tutorial.py
[2023-11-07T19:47:44.913+0000] {processor.py:839} INFO - DAG(s) dict_keys(['example_params_ui_tutorial']) retrieved from /usr/local/lib/python3.10/dist-packages/airflow/example_dags/example_params_ui_tutorial.py
[2023-11-07T19:47:44.966+0000] {logging_mixin.py:154} INFO - [2023-11-07T19:47:44.966+0000] {dag.py:2941} INFO - Sync 1 DAGs
[2023-11-07T19:47:44.979+0000] {logging_mixin.py:154} INFO - [2023-11-07T19:47:44.979+0000] {dag.py:3722} INFO - Setting next_dagrun for example_params_ui_tutorial to None, run_after=None
[2023-11-07T19:47:45.006+0000] {processor.py:179} INFO - Processing /usr/local/lib/python3.10/dist-packages/airflow/example_dags/example_params_ui_tutorial.py took 0.132 seconds
[2023-11-07T19:48:34.804+0000] {processor.py:157} INFO - Started process (PID=4591) to work on /usr/local/lib/python3.10/dist-packages/airflow/example_dags/example_params_ui_tutorial.py
[2023-11-07T19:48:34.808+0000] {processor.py:829} INFO - Processing file /usr/local/lib/python3.10/dist-packages/airflow/example_dags/example_params_ui_tutorial.py for tasks to queue
[2023-11-07T19:48:34.808+0000] {logging_mixin.py:154} INFO - [2023-11-07T19:48:34.808+0000] {dagbag.py:536} INFO - Filling up the DagBag from /usr/local/lib/python3.10/dist-packages/airflow/example_dags/example_params_ui_tutorial.py
[2023-11-07T19:48:34.852+0000] {processor.py:839} INFO - DAG(s) dict_keys(['example_params_ui_tutorial']) retrieved from /usr/local/lib/python3.10/dist-packages/airflow/example_dags/example_params_ui_tutorial.py
[2023-11-07T19:48:34.906+0000] {logging_mixin.py:154} INFO - [2023-11-07T19:48:34.905+0000] {dag.py:2941} INFO - Sync 1 DAGs
[2023-11-07T19:48:34.917+0000] {logging_mixin.py:154} INFO - [2023-11-07T19:48:34.917+0000] {dag.py:3722} INFO - Setting next_dagrun for example_params_ui_tutorial to None, run_after=None
[2023-11-07T19:48:34.961+0000] {processor.py:179} INFO - Processing /usr/local/lib/python3.10/dist-packages/airflow/example_dags/example_params_ui_tutorial.py took 0.161 seconds
[2023-11-07T19:49:23.135+0000] {processor.py:157} INFO - Started process (PID=4641) to work on /usr/local/lib/python3.10/dist-packages/airflow/example_dags/example_params_ui_tutorial.py
[2023-11-07T19:49:23.136+0000] {processor.py:829} INFO - Processing file /usr/local/lib/python3.10/dist-packages/airflow/example_dags/example_params_ui_tutorial.py for tasks to queue
[2023-11-07T19:49:23.137+0000] {logging_mixin.py:154} INFO - [2023-11-07T19:49:23.136+0000] {dagbag.py:536} INFO - Filling up the DagBag from /usr/local/lib/python3.10/dist-packages/airflow/example_dags/example_params_ui_tutorial.py
[2023-11-07T19:49:23.167+0000] {processor.py:839} INFO - DAG(s) dict_keys(['example_params_ui_tutorial']) retrieved from /usr/local/lib/python3.10/dist-packages/airflow/example_dags/example_params_ui_tutorial.py
[2023-11-07T19:49:23.212+0000] {logging_mixin.py:154} INFO - [2023-11-07T19:49:23.212+0000] {dag.py:2941} INFO - Sync 1 DAGs
[2023-11-07T19:49:23.226+0000] {logging_mixin.py:154} INFO - [2023-11-07T19:49:23.226+0000] {dag.py:3722} INFO - Setting next_dagrun for example_params_ui_tutorial to None, run_after=None
[2023-11-07T19:49:23.251+0000] {processor.py:179} INFO - Processing /usr/local/lib/python3.10/dist-packages/airflow/example_dags/example_params_ui_tutorial.py took 0.119 seconds
[2023-11-07T19:50:09.846+0000] {processor.py:157} INFO - Started process (PID=4690) to work on /usr/local/lib/python3.10/dist-packages/airflow/example_dags/example_params_ui_tutorial.py
[2023-11-07T19:50:09.848+0000] {processor.py:829} INFO - Processing file /usr/local/lib/python3.10/dist-packages/airflow/example_dags/example_params_ui_tutorial.py for tasks to queue
[2023-11-07T19:50:09.849+0000] {logging_mixin.py:154} INFO - [2023-11-07T19:50:09.848+0000] {dagbag.py:536} INFO - Filling up the DagBag from /usr/local/lib/python3.10/dist-packages/airflow/example_dags/example_params_ui_tutorial.py
[2023-11-07T19:50:09.884+0000] {processor.py:839} INFO - DAG(s) dict_keys(['example_params_ui_tutorial']) retrieved from /usr/local/lib/python3.10/dist-packages/airflow/example_dags/example_params_ui_tutorial.py
[2023-11-07T19:50:09.952+0000] {logging_mixin.py:154} INFO - [2023-11-07T19:50:09.952+0000] {dag.py:2941} INFO - Sync 1 DAGs
[2023-11-07T19:50:09.968+0000] {logging_mixin.py:154} INFO - [2023-11-07T19:50:09.968+0000] {dag.py:3722} INFO - Setting next_dagrun for example_params_ui_tutorial to None, run_after=None
[2023-11-07T19:50:09.996+0000] {processor.py:179} INFO - Processing /usr/local/lib/python3.10/dist-packages/airflow/example_dags/example_params_ui_tutorial.py took 0.154 seconds
[2023-11-07T19:51:00.337+0000] {processor.py:157} INFO - Started process (PID=4741) to work on /usr/local/lib/python3.10/dist-packages/airflow/example_dags/example_params_ui_tutorial.py
[2023-11-07T19:51:00.339+0000] {processor.py:829} INFO - Processing file /usr/local/lib/python3.10/dist-packages/airflow/example_dags/example_params_ui_tutorial.py for tasks to queue
[2023-11-07T19:51:00.340+0000] {logging_mixin.py:154} INFO - [2023-11-07T19:51:00.339+0000] {dagbag.py:536} INFO - Filling up the DagBag from /usr/local/lib/python3.10/dist-packages/airflow/example_dags/example_params_ui_tutorial.py
[2023-11-07T19:51:00.387+0000] {processor.py:839} INFO - DAG(s) dict_keys(['example_params_ui_tutorial']) retrieved from /usr/local/lib/python3.10/dist-packages/airflow/example_dags/example_params_ui_tutorial.py
[2023-11-07T19:51:00.454+0000] {logging_mixin.py:154} INFO - [2023-11-07T19:51:00.454+0000] {dag.py:2941} INFO - Sync 1 DAGs
[2023-11-07T19:51:00.468+0000] {logging_mixin.py:154} INFO - [2023-11-07T19:51:00.468+0000] {dag.py:3722} INFO - Setting next_dagrun for example_params_ui_tutorial to None, run_after=None
[2023-11-07T19:51:00.493+0000] {processor.py:179} INFO - Processing /usr/local/lib/python3.10/dist-packages/airflow/example_dags/example_params_ui_tutorial.py took 0.158 seconds
[2023-11-07T19:51:49.626+0000] {processor.py:157} INFO - Started process (PID=4793) to work on /usr/local/lib/python3.10/dist-packages/airflow/example_dags/example_params_ui_tutorial.py
[2023-11-07T19:51:49.627+0000] {processor.py:829} INFO - Processing file /usr/local/lib/python3.10/dist-packages/airflow/example_dags/example_params_ui_tutorial.py for tasks to queue
[2023-11-07T19:51:49.628+0000] {logging_mixin.py:154} INFO - [2023-11-07T19:51:49.628+0000] {dagbag.py:536} INFO - Filling up the DagBag from /usr/local/lib/python3.10/dist-packages/airflow/example_dags/example_params_ui_tutorial.py
[2023-11-07T19:51:49.657+0000] {processor.py:839} INFO - DAG(s) dict_keys(['example_params_ui_tutorial']) retrieved from /usr/local/lib/python3.10/dist-packages/airflow/example_dags/example_params_ui_tutorial.py
[2023-11-07T19:51:49.710+0000] {logging_mixin.py:154} INFO - [2023-11-07T19:51:49.709+0000] {dag.py:2941} INFO - Sync 1 DAGs
[2023-11-07T19:51:49.724+0000] {logging_mixin.py:154} INFO - [2023-11-07T19:51:49.723+0000] {dag.py:3722} INFO - Setting next_dagrun for example_params_ui_tutorial to None, run_after=None
[2023-11-07T19:51:49.764+0000] {processor.py:179} INFO - Processing /usr/local/lib/python3.10/dist-packages/airflow/example_dags/example_params_ui_tutorial.py took 0.142 seconds
[2023-11-07T19:52:43.892+0000] {processor.py:157} INFO - Started process (PID=4847) to work on /usr/local/lib/python3.10/dist-packages/airflow/example_dags/example_params_ui_tutorial.py
[2023-11-07T19:52:43.893+0000] {processor.py:829} INFO - Processing file /usr/local/lib/python3.10/dist-packages/airflow/example_dags/example_params_ui_tutorial.py for tasks to queue
[2023-11-07T19:52:43.894+0000] {logging_mixin.py:154} INFO - [2023-11-07T19:52:43.894+0000] {dagbag.py:536} INFO - Filling up the DagBag from /usr/local/lib/python3.10/dist-packages/airflow/example_dags/example_params_ui_tutorial.py
[2023-11-07T19:52:43.927+0000] {processor.py:839} INFO - DAG(s) dict_keys(['example_params_ui_tutorial']) retrieved from /usr/local/lib/python3.10/dist-packages/airflow/example_dags/example_params_ui_tutorial.py
[2023-11-07T19:52:43.969+0000] {logging_mixin.py:154} INFO - [2023-11-07T19:52:43.969+0000] {dag.py:2941} INFO - Sync 1 DAGs
[2023-11-07T19:52:43.979+0000] {logging_mixin.py:154} INFO - [2023-11-07T19:52:43.979+0000] {dag.py:3722} INFO - Setting next_dagrun for example_params_ui_tutorial to None, run_after=None
[2023-11-07T19:52:44.003+0000] {processor.py:179} INFO - Processing /usr/local/lib/python3.10/dist-packages/airflow/example_dags/example_params_ui_tutorial.py took 0.115 seconds
[2023-11-07T19:53:36.586+0000] {processor.py:157} INFO - Started process (PID=4900) to work on /usr/local/lib/python3.10/dist-packages/airflow/example_dags/example_params_ui_tutorial.py
[2023-11-07T19:53:36.588+0000] {processor.py:829} INFO - Processing file /usr/local/lib/python3.10/dist-packages/airflow/example_dags/example_params_ui_tutorial.py for tasks to queue
[2023-11-07T19:53:36.589+0000] {logging_mixin.py:154} INFO - [2023-11-07T19:53:36.588+0000] {dagbag.py:536} INFO - Filling up the DagBag from /usr/local/lib/python3.10/dist-packages/airflow/example_dags/example_params_ui_tutorial.py
[2023-11-07T19:53:36.618+0000] {processor.py:839} INFO - DAG(s) dict_keys(['example_params_ui_tutorial']) retrieved from /usr/local/lib/python3.10/dist-packages/airflow/example_dags/example_params_ui_tutorial.py
[2023-11-07T19:53:36.665+0000] {logging_mixin.py:154} INFO - [2023-11-07T19:53:36.664+0000] {dag.py:2941} INFO - Sync 1 DAGs
[2023-11-07T19:53:36.677+0000] {logging_mixin.py:154} INFO - [2023-11-07T19:53:36.677+0000] {dag.py:3722} INFO - Setting next_dagrun for example_params_ui_tutorial to None, run_after=None
[2023-11-07T19:53:36.700+0000] {processor.py:179} INFO - Processing /usr/local/lib/python3.10/dist-packages/airflow/example_dags/example_params_ui_tutorial.py took 0.118 seconds
[2023-11-07T19:54:29.339+0000] {processor.py:157} INFO - Started process (PID=4953) to work on /usr/local/lib/python3.10/dist-packages/airflow/example_dags/example_params_ui_tutorial.py
[2023-11-07T19:54:29.340+0000] {processor.py:829} INFO - Processing file /usr/local/lib/python3.10/dist-packages/airflow/example_dags/example_params_ui_tutorial.py for tasks to queue
[2023-11-07T19:54:29.341+0000] {logging_mixin.py:154} INFO - [2023-11-07T19:54:29.341+0000] {dagbag.py:536} INFO - Filling up the DagBag from /usr/local/lib/python3.10/dist-packages/airflow/example_dags/example_params_ui_tutorial.py
[2023-11-07T19:54:29.380+0000] {processor.py:839} INFO - DAG(s) dict_keys(['example_params_ui_tutorial']) retrieved from /usr/local/lib/python3.10/dist-packages/airflow/example_dags/example_params_ui_tutorial.py
[2023-11-07T19:54:29.433+0000] {logging_mixin.py:154} INFO - [2023-11-07T19:54:29.432+0000] {dag.py:2941} INFO - Sync 1 DAGs
[2023-11-07T19:54:29.445+0000] {logging_mixin.py:154} INFO - [2023-11-07T19:54:29.444+0000] {dag.py:3722} INFO - Setting next_dagrun for example_params_ui_tutorial to None, run_after=None
[2023-11-07T19:54:29.479+0000] {processor.py:179} INFO - Processing /usr/local/lib/python3.10/dist-packages/airflow/example_dags/example_params_ui_tutorial.py took 0.144 seconds
[2023-11-07T19:55:20.246+0000] {processor.py:157} INFO - Started process (PID=5004) to work on /usr/local/lib/python3.10/dist-packages/airflow/example_dags/example_params_ui_tutorial.py
[2023-11-07T19:55:20.250+0000] {processor.py:829} INFO - Processing file /usr/local/lib/python3.10/dist-packages/airflow/example_dags/example_params_ui_tutorial.py for tasks to queue
[2023-11-07T19:55:20.250+0000] {logging_mixin.py:154} INFO - [2023-11-07T19:55:20.250+0000] {dagbag.py:536} INFO - Filling up the DagBag from /usr/local/lib/python3.10/dist-packages/airflow/example_dags/example_params_ui_tutorial.py
[2023-11-07T19:55:20.286+0000] {processor.py:839} INFO - DAG(s) dict_keys(['example_params_ui_tutorial']) retrieved from /usr/local/lib/python3.10/dist-packages/airflow/example_dags/example_params_ui_tutorial.py
[2023-11-07T19:55:20.331+0000] {logging_mixin.py:154} INFO - [2023-11-07T19:55:20.331+0000] {dag.py:2941} INFO - Sync 1 DAGs
[2023-11-07T19:55:20.342+0000] {logging_mixin.py:154} INFO - [2023-11-07T19:55:20.342+0000] {dag.py:3722} INFO - Setting next_dagrun for example_params_ui_tutorial to None, run_after=None
[2023-11-07T19:55:20.365+0000] {processor.py:179} INFO - Processing /usr/local/lib/python3.10/dist-packages/airflow/example_dags/example_params_ui_tutorial.py took 0.123 seconds
[2023-11-07T19:56:15.407+0000] {processor.py:157} INFO - Started process (PID=5058) to work on /usr/local/lib/python3.10/dist-packages/airflow/example_dags/example_params_ui_tutorial.py
[2023-11-07T19:56:15.408+0000] {processor.py:829} INFO - Processing file /usr/local/lib/python3.10/dist-packages/airflow/example_dags/example_params_ui_tutorial.py for tasks to queue
[2023-11-07T19:56:15.409+0000] {logging_mixin.py:154} INFO - [2023-11-07T19:56:15.408+0000] {dagbag.py:536} INFO - Filling up the DagBag from /usr/local/lib/python3.10/dist-packages/airflow/example_dags/example_params_ui_tutorial.py
[2023-11-07T19:56:15.438+0000] {processor.py:839} INFO - DAG(s) dict_keys(['example_params_ui_tutorial']) retrieved from /usr/local/lib/python3.10/dist-packages/airflow/example_dags/example_params_ui_tutorial.py
[2023-11-07T19:56:15.517+0000] {logging_mixin.py:154} INFO - [2023-11-07T19:56:15.517+0000] {dag.py:2941} INFO - Sync 1 DAGs
[2023-11-07T19:56:15.531+0000] {logging_mixin.py:154} INFO - [2023-11-07T19:56:15.530+0000] {dag.py:3722} INFO - Setting next_dagrun for example_params_ui_tutorial to None, run_after=None
[2023-11-07T19:56:15.561+0000] {processor.py:179} INFO - Processing /usr/local/lib/python3.10/dist-packages/airflow/example_dags/example_params_ui_tutorial.py took 0.157 seconds
[2023-11-07T19:57:08.544+0000] {processor.py:157} INFO - Started process (PID=5111) to work on /usr/local/lib/python3.10/dist-packages/airflow/example_dags/example_params_ui_tutorial.py
[2023-11-07T19:57:08.545+0000] {processor.py:829} INFO - Processing file /usr/local/lib/python3.10/dist-packages/airflow/example_dags/example_params_ui_tutorial.py for tasks to queue
[2023-11-07T19:57:08.546+0000] {logging_mixin.py:154} INFO - [2023-11-07T19:57:08.546+0000] {dagbag.py:536} INFO - Filling up the DagBag from /usr/local/lib/python3.10/dist-packages/airflow/example_dags/example_params_ui_tutorial.py
[2023-11-07T19:57:08.575+0000] {processor.py:839} INFO - DAG(s) dict_keys(['example_params_ui_tutorial']) retrieved from /usr/local/lib/python3.10/dist-packages/airflow/example_dags/example_params_ui_tutorial.py
[2023-11-07T19:57:08.618+0000] {logging_mixin.py:154} INFO - [2023-11-07T19:57:08.618+0000] {dag.py:2941} INFO - Sync 1 DAGs
[2023-11-07T19:57:08.630+0000] {logging_mixin.py:154} INFO - [2023-11-07T19:57:08.630+0000] {dag.py:3722} INFO - Setting next_dagrun for example_params_ui_tutorial to None, run_after=None
[2023-11-07T19:57:08.653+0000] {processor.py:179} INFO - Processing /usr/local/lib/python3.10/dist-packages/airflow/example_dags/example_params_ui_tutorial.py took 0.112 seconds
[2023-11-07T19:58:00.162+0000] {processor.py:157} INFO - Started process (PID=5163) to work on /usr/local/lib/python3.10/dist-packages/airflow/example_dags/example_params_ui_tutorial.py
[2023-11-07T19:58:00.164+0000] {processor.py:829} INFO - Processing file /usr/local/lib/python3.10/dist-packages/airflow/example_dags/example_params_ui_tutorial.py for tasks to queue
[2023-11-07T19:58:00.165+0000] {logging_mixin.py:154} INFO - [2023-11-07T19:58:00.165+0000] {dagbag.py:536} INFO - Filling up the DagBag from /usr/local/lib/python3.10/dist-packages/airflow/example_dags/example_params_ui_tutorial.py
[2023-11-07T19:58:00.193+0000] {processor.py:839} INFO - DAG(s) dict_keys(['example_params_ui_tutorial']) retrieved from /usr/local/lib/python3.10/dist-packages/airflow/example_dags/example_params_ui_tutorial.py
[2023-11-07T19:58:00.235+0000] {logging_mixin.py:154} INFO - [2023-11-07T19:58:00.235+0000] {dag.py:2941} INFO - Sync 1 DAGs
[2023-11-07T19:58:00.247+0000] {logging_mixin.py:154} INFO - [2023-11-07T19:58:00.247+0000] {dag.py:3722} INFO - Setting next_dagrun for example_params_ui_tutorial to None, run_after=None
[2023-11-07T19:58:00.273+0000] {processor.py:179} INFO - Processing /usr/local/lib/python3.10/dist-packages/airflow/example_dags/example_params_ui_tutorial.py took 0.114 seconds
[2023-11-07T19:58:47.444+0000] {processor.py:157} INFO - Started process (PID=5211) to work on /usr/local/lib/python3.10/dist-packages/airflow/example_dags/example_params_ui_tutorial.py
[2023-11-07T19:58:47.445+0000] {processor.py:829} INFO - Processing file /usr/local/lib/python3.10/dist-packages/airflow/example_dags/example_params_ui_tutorial.py for tasks to queue
[2023-11-07T19:58:47.446+0000] {logging_mixin.py:154} INFO - [2023-11-07T19:58:47.446+0000] {dagbag.py:536} INFO - Filling up the DagBag from /usr/local/lib/python3.10/dist-packages/airflow/example_dags/example_params_ui_tutorial.py
[2023-11-07T19:58:47.474+0000] {processor.py:839} INFO - DAG(s) dict_keys(['example_params_ui_tutorial']) retrieved from /usr/local/lib/python3.10/dist-packages/airflow/example_dags/example_params_ui_tutorial.py
[2023-11-07T19:58:47.555+0000] {logging_mixin.py:154} INFO - [2023-11-07T19:58:47.555+0000] {dag.py:2941} INFO - Sync 1 DAGs
[2023-11-07T19:58:47.569+0000] {logging_mixin.py:154} INFO - [2023-11-07T19:58:47.569+0000] {dag.py:3722} INFO - Setting next_dagrun for example_params_ui_tutorial to None, run_after=None
[2023-11-07T19:58:47.591+0000] {processor.py:179} INFO - Processing /usr/local/lib/python3.10/dist-packages/airflow/example_dags/example_params_ui_tutorial.py took 0.150 seconds
[2023-11-07T19:59:37.577+0000] {processor.py:157} INFO - Started process (PID=5263) to work on /usr/local/lib/python3.10/dist-packages/airflow/example_dags/example_params_ui_tutorial.py
[2023-11-07T19:59:37.579+0000] {processor.py:829} INFO - Processing file /usr/local/lib/python3.10/dist-packages/airflow/example_dags/example_params_ui_tutorial.py for tasks to queue
[2023-11-07T19:59:37.581+0000] {logging_mixin.py:154} INFO - [2023-11-07T19:59:37.579+0000] {dagbag.py:536} INFO - Filling up the DagBag from /usr/local/lib/python3.10/dist-packages/airflow/example_dags/example_params_ui_tutorial.py
[2023-11-07T19:59:37.613+0000] {processor.py:839} INFO - DAG(s) dict_keys(['example_params_ui_tutorial']) retrieved from /usr/local/lib/python3.10/dist-packages/airflow/example_dags/example_params_ui_tutorial.py
[2023-11-07T19:59:37.672+0000] {logging_mixin.py:154} INFO - [2023-11-07T19:59:37.672+0000] {dag.py:2941} INFO - Sync 1 DAGs
[2023-11-07T19:59:37.684+0000] {logging_mixin.py:154} INFO - [2023-11-07T19:59:37.684+0000] {dag.py:3722} INFO - Setting next_dagrun for example_params_ui_tutorial to None, run_after=None
[2023-11-07T19:59:37.706+0000] {processor.py:179} INFO - Processing /usr/local/lib/python3.10/dist-packages/airflow/example_dags/example_params_ui_tutorial.py took 0.132 seconds
[2023-11-07T20:00:31.421+0000] {processor.py:157} INFO - Started process (PID=5316) to work on /usr/local/lib/python3.10/dist-packages/airflow/example_dags/example_params_ui_tutorial.py
[2023-11-07T20:00:31.423+0000] {processor.py:829} INFO - Processing file /usr/local/lib/python3.10/dist-packages/airflow/example_dags/example_params_ui_tutorial.py for tasks to queue
[2023-11-07T20:00:31.424+0000] {logging_mixin.py:154} INFO - [2023-11-07T20:00:31.423+0000] {dagbag.py:536} INFO - Filling up the DagBag from /usr/local/lib/python3.10/dist-packages/airflow/example_dags/example_params_ui_tutorial.py
[2023-11-07T20:00:31.467+0000] {processor.py:839} INFO - DAG(s) dict_keys(['example_params_ui_tutorial']) retrieved from /usr/local/lib/python3.10/dist-packages/airflow/example_dags/example_params_ui_tutorial.py
[2023-11-07T20:00:31.515+0000] {logging_mixin.py:154} INFO - [2023-11-07T20:00:31.514+0000] {dag.py:2941} INFO - Sync 1 DAGs
[2023-11-07T20:00:31.535+0000] {logging_mixin.py:154} INFO - [2023-11-07T20:00:31.534+0000] {dag.py:3722} INFO - Setting next_dagrun for example_params_ui_tutorial to None, run_after=None
[2023-11-07T20:00:31.590+0000] {processor.py:179} INFO - Processing /usr/local/lib/python3.10/dist-packages/airflow/example_dags/example_params_ui_tutorial.py took 0.174 seconds
[2023-11-07T20:01:25.680+0000] {processor.py:157} INFO - Started process (PID=5370) to work on /usr/local/lib/python3.10/dist-packages/airflow/example_dags/example_params_ui_tutorial.py
[2023-11-07T20:01:25.681+0000] {processor.py:829} INFO - Processing file /usr/local/lib/python3.10/dist-packages/airflow/example_dags/example_params_ui_tutorial.py for tasks to queue
[2023-11-07T20:01:25.682+0000] {logging_mixin.py:154} INFO - [2023-11-07T20:01:25.682+0000] {dagbag.py:536} INFO - Filling up the DagBag from /usr/local/lib/python3.10/dist-packages/airflow/example_dags/example_params_ui_tutorial.py
[2023-11-07T20:01:25.708+0000] {processor.py:839} INFO - DAG(s) dict_keys(['example_params_ui_tutorial']) retrieved from /usr/local/lib/python3.10/dist-packages/airflow/example_dags/example_params_ui_tutorial.py
[2023-11-07T20:01:25.750+0000] {logging_mixin.py:154} INFO - [2023-11-07T20:01:25.750+0000] {dag.py:2941} INFO - Sync 1 DAGs
[2023-11-07T20:01:25.760+0000] {logging_mixin.py:154} INFO - [2023-11-07T20:01:25.760+0000] {dag.py:3722} INFO - Setting next_dagrun for example_params_ui_tutorial to None, run_after=None
[2023-11-07T20:01:25.783+0000] {processor.py:179} INFO - Processing /usr/local/lib/python3.10/dist-packages/airflow/example_dags/example_params_ui_tutorial.py took 0.106 seconds
[2023-11-07T20:02:07.993+0000] {processor.py:157} INFO - Started process (PID=5416) to work on /usr/local/lib/python3.10/dist-packages/airflow/example_dags/example_params_ui_tutorial.py
[2023-11-07T20:02:07.994+0000] {processor.py:829} INFO - Processing file /usr/local/lib/python3.10/dist-packages/airflow/example_dags/example_params_ui_tutorial.py for tasks to queue
[2023-11-07T20:02:07.995+0000] {logging_mixin.py:154} INFO - [2023-11-07T20:02:07.994+0000] {dagbag.py:536} INFO - Filling up the DagBag from /usr/local/lib/python3.10/dist-packages/airflow/example_dags/example_params_ui_tutorial.py
[2023-11-07T20:02:08.041+0000] {processor.py:839} INFO - DAG(s) dict_keys(['example_params_ui_tutorial']) retrieved from /usr/local/lib/python3.10/dist-packages/airflow/example_dags/example_params_ui_tutorial.py
[2023-11-07T20:02:08.096+0000] {logging_mixin.py:154} INFO - [2023-11-07T20:02:08.095+0000] {dag.py:2941} INFO - Sync 1 DAGs
[2023-11-07T20:02:08.108+0000] {logging_mixin.py:154} INFO - [2023-11-07T20:02:08.108+0000] {dag.py:3722} INFO - Setting next_dagrun for example_params_ui_tutorial to None, run_after=None
[2023-11-07T20:02:08.138+0000] {processor.py:179} INFO - Processing /usr/local/lib/python3.10/dist-packages/airflow/example_dags/example_params_ui_tutorial.py took 0.149 seconds
[2023-11-07T20:02:58.278+0000] {processor.py:157} INFO - Started process (PID=5468) to work on /usr/local/lib/python3.10/dist-packages/airflow/example_dags/example_params_ui_tutorial.py
[2023-11-07T20:02:58.280+0000] {processor.py:829} INFO - Processing file /usr/local/lib/python3.10/dist-packages/airflow/example_dags/example_params_ui_tutorial.py for tasks to queue
[2023-11-07T20:02:58.281+0000] {logging_mixin.py:154} INFO - [2023-11-07T20:02:58.280+0000] {dagbag.py:536} INFO - Filling up the DagBag from /usr/local/lib/python3.10/dist-packages/airflow/example_dags/example_params_ui_tutorial.py
[2023-11-07T20:02:58.311+0000] {processor.py:839} INFO - DAG(s) dict_keys(['example_params_ui_tutorial']) retrieved from /usr/local/lib/python3.10/dist-packages/airflow/example_dags/example_params_ui_tutorial.py
[2023-11-07T20:02:58.352+0000] {logging_mixin.py:154} INFO - [2023-11-07T20:02:58.352+0000] {dag.py:2941} INFO - Sync 1 DAGs
[2023-11-07T20:02:58.364+0000] {logging_mixin.py:154} INFO - [2023-11-07T20:02:58.363+0000] {dag.py:3722} INFO - Setting next_dagrun for example_params_ui_tutorial to None, run_after=None
[2023-11-07T20:02:58.384+0000] {processor.py:179} INFO - Processing /usr/local/lib/python3.10/dist-packages/airflow/example_dags/example_params_ui_tutorial.py took 0.110 seconds
[2023-11-07T20:03:48.674+0000] {processor.py:157} INFO - Started process (PID=5520) to work on /usr/local/lib/python3.10/dist-packages/airflow/example_dags/example_params_ui_tutorial.py
[2023-11-07T20:03:48.675+0000] {processor.py:829} INFO - Processing file /usr/local/lib/python3.10/dist-packages/airflow/example_dags/example_params_ui_tutorial.py for tasks to queue
[2023-11-07T20:03:48.676+0000] {logging_mixin.py:154} INFO - [2023-11-07T20:03:48.676+0000] {dagbag.py:536} INFO - Filling up the DagBag from /usr/local/lib/python3.10/dist-packages/airflow/example_dags/example_params_ui_tutorial.py
[2023-11-07T20:03:48.725+0000] {processor.py:839} INFO - DAG(s) dict_keys(['example_params_ui_tutorial']) retrieved from /usr/local/lib/python3.10/dist-packages/airflow/example_dags/example_params_ui_tutorial.py
[2023-11-07T20:03:48.779+0000] {logging_mixin.py:154} INFO - [2023-11-07T20:03:48.779+0000] {dag.py:2941} INFO - Sync 1 DAGs
[2023-11-07T20:03:48.790+0000] {logging_mixin.py:154} INFO - [2023-11-07T20:03:48.790+0000] {dag.py:3722} INFO - Setting next_dagrun for example_params_ui_tutorial to None, run_after=None
[2023-11-07T20:03:48.811+0000] {processor.py:179} INFO - Processing /usr/local/lib/python3.10/dist-packages/airflow/example_dags/example_params_ui_tutorial.py took 0.142 seconds
[2023-11-07T20:04:36.538+0000] {processor.py:157} INFO - Started process (PID=5569) to work on /usr/local/lib/python3.10/dist-packages/airflow/example_dags/example_params_ui_tutorial.py
[2023-11-07T20:04:36.539+0000] {processor.py:829} INFO - Processing file /usr/local/lib/python3.10/dist-packages/airflow/example_dags/example_params_ui_tutorial.py for tasks to queue
[2023-11-07T20:04:36.540+0000] {logging_mixin.py:154} INFO - [2023-11-07T20:04:36.539+0000] {dagbag.py:536} INFO - Filling up the DagBag from /usr/local/lib/python3.10/dist-packages/airflow/example_dags/example_params_ui_tutorial.py
[2023-11-07T20:04:36.568+0000] {processor.py:839} INFO - DAG(s) dict_keys(['example_params_ui_tutorial']) retrieved from /usr/local/lib/python3.10/dist-packages/airflow/example_dags/example_params_ui_tutorial.py
[2023-11-07T20:04:36.610+0000] {logging_mixin.py:154} INFO - [2023-11-07T20:04:36.610+0000] {dag.py:2941} INFO - Sync 1 DAGs
[2023-11-07T20:04:36.626+0000] {logging_mixin.py:154} INFO - [2023-11-07T20:04:36.626+0000] {dag.py:3722} INFO - Setting next_dagrun for example_params_ui_tutorial to None, run_after=None
[2023-11-07T20:04:36.657+0000] {processor.py:179} INFO - Processing /usr/local/lib/python3.10/dist-packages/airflow/example_dags/example_params_ui_tutorial.py took 0.123 seconds
[2023-11-07T20:05:26.378+0000] {processor.py:157} INFO - Started process (PID=5620) to work on /usr/local/lib/python3.10/dist-packages/airflow/example_dags/example_params_ui_tutorial.py
[2023-11-07T20:05:26.382+0000] {processor.py:829} INFO - Processing file /usr/local/lib/python3.10/dist-packages/airflow/example_dags/example_params_ui_tutorial.py for tasks to queue
[2023-11-07T20:05:26.383+0000] {logging_mixin.py:154} INFO - [2023-11-07T20:05:26.382+0000] {dagbag.py:536} INFO - Filling up the DagBag from /usr/local/lib/python3.10/dist-packages/airflow/example_dags/example_params_ui_tutorial.py
[2023-11-07T20:05:26.428+0000] {processor.py:839} INFO - DAG(s) dict_keys(['example_params_ui_tutorial']) retrieved from /usr/local/lib/python3.10/dist-packages/airflow/example_dags/example_params_ui_tutorial.py
[2023-11-07T20:05:26.495+0000] {logging_mixin.py:154} INFO - [2023-11-07T20:05:26.495+0000] {dag.py:2941} INFO - Sync 1 DAGs
[2023-11-07T20:05:26.512+0000] {logging_mixin.py:154} INFO - [2023-11-07T20:05:26.511+0000] {dag.py:3722} INFO - Setting next_dagrun for example_params_ui_tutorial to None, run_after=None
[2023-11-07T20:05:26.565+0000] {processor.py:179} INFO - Processing /usr/local/lib/python3.10/dist-packages/airflow/example_dags/example_params_ui_tutorial.py took 0.197 seconds
[2023-11-07T20:06:15.679+0000] {processor.py:157} INFO - Started process (PID=5671) to work on /usr/local/lib/python3.10/dist-packages/airflow/example_dags/example_params_ui_tutorial.py
[2023-11-07T20:06:15.680+0000] {processor.py:829} INFO - Processing file /usr/local/lib/python3.10/dist-packages/airflow/example_dags/example_params_ui_tutorial.py for tasks to queue
[2023-11-07T20:06:15.681+0000] {logging_mixin.py:154} INFO - [2023-11-07T20:06:15.681+0000] {dagbag.py:536} INFO - Filling up the DagBag from /usr/local/lib/python3.10/dist-packages/airflow/example_dags/example_params_ui_tutorial.py
[2023-11-07T20:06:15.711+0000] {processor.py:839} INFO - DAG(s) dict_keys(['example_params_ui_tutorial']) retrieved from /usr/local/lib/python3.10/dist-packages/airflow/example_dags/example_params_ui_tutorial.py
[2023-11-07T20:06:15.754+0000] {logging_mixin.py:154} INFO - [2023-11-07T20:06:15.753+0000] {dag.py:2941} INFO - Sync 1 DAGs
[2023-11-07T20:06:15.766+0000] {logging_mixin.py:154} INFO - [2023-11-07T20:06:15.766+0000] {dag.py:3722} INFO - Setting next_dagrun for example_params_ui_tutorial to None, run_after=None
[2023-11-07T20:06:15.788+0000] {processor.py:179} INFO - Processing /usr/local/lib/python3.10/dist-packages/airflow/example_dags/example_params_ui_tutorial.py took 0.113 seconds
[2023-11-07T20:07:05.788+0000] {processor.py:157} INFO - Started process (PID=5722) to work on /usr/local/lib/python3.10/dist-packages/airflow/example_dags/example_params_ui_tutorial.py
[2023-11-07T20:07:05.790+0000] {processor.py:829} INFO - Processing file /usr/local/lib/python3.10/dist-packages/airflow/example_dags/example_params_ui_tutorial.py for tasks to queue
[2023-11-07T20:07:05.790+0000] {logging_mixin.py:154} INFO - [2023-11-07T20:07:05.790+0000] {dagbag.py:536} INFO - Filling up the DagBag from /usr/local/lib/python3.10/dist-packages/airflow/example_dags/example_params_ui_tutorial.py
[2023-11-07T20:07:05.820+0000] {processor.py:839} INFO - DAG(s) dict_keys(['example_params_ui_tutorial']) retrieved from /usr/local/lib/python3.10/dist-packages/airflow/example_dags/example_params_ui_tutorial.py
[2023-11-07T20:07:05.866+0000] {logging_mixin.py:154} INFO - [2023-11-07T20:07:05.866+0000] {dag.py:2941} INFO - Sync 1 DAGs
[2023-11-07T20:07:05.880+0000] {logging_mixin.py:154} INFO - [2023-11-07T20:07:05.880+0000] {dag.py:3722} INFO - Setting next_dagrun for example_params_ui_tutorial to None, run_after=None
[2023-11-07T20:07:05.904+0000] {processor.py:179} INFO - Processing /usr/local/lib/python3.10/dist-packages/airflow/example_dags/example_params_ui_tutorial.py took 0.119 seconds
[2023-11-07T20:07:55.794+0000] {processor.py:157} INFO - Started process (PID=5775) to work on /usr/local/lib/python3.10/dist-packages/airflow/example_dags/example_params_ui_tutorial.py
[2023-11-07T20:07:55.795+0000] {processor.py:829} INFO - Processing file /usr/local/lib/python3.10/dist-packages/airflow/example_dags/example_params_ui_tutorial.py for tasks to queue
[2023-11-07T20:07:55.796+0000] {logging_mixin.py:154} INFO - [2023-11-07T20:07:55.795+0000] {dagbag.py:536} INFO - Filling up the DagBag from /usr/local/lib/python3.10/dist-packages/airflow/example_dags/example_params_ui_tutorial.py
[2023-11-07T20:07:55.826+0000] {processor.py:839} INFO - DAG(s) dict_keys(['example_params_ui_tutorial']) retrieved from /usr/local/lib/python3.10/dist-packages/airflow/example_dags/example_params_ui_tutorial.py
[2023-11-07T20:07:55.875+0000] {logging_mixin.py:154} INFO - [2023-11-07T20:07:55.874+0000] {dag.py:2941} INFO - Sync 1 DAGs
[2023-11-07T20:07:55.886+0000] {logging_mixin.py:154} INFO - [2023-11-07T20:07:55.886+0000] {dag.py:3722} INFO - Setting next_dagrun for example_params_ui_tutorial to None, run_after=None
[2023-11-07T20:07:55.908+0000] {processor.py:179} INFO - Processing /usr/local/lib/python3.10/dist-packages/airflow/example_dags/example_params_ui_tutorial.py took 0.118 seconds
