[2023-11-07T19:31:58.901+0000] {processor.py:157} INFO - Started process (PID=3575) to work on /usr/local/lib/python3.10/dist-packages/airflow/example_dags/example_dynamic_task_mapping_with_no_taskflow_operators.py
[2023-11-07T19:31:58.902+0000] {processor.py:829} INFO - Processing file /usr/local/lib/python3.10/dist-packages/airflow/example_dags/example_dynamic_task_mapping_with_no_taskflow_operators.py for tasks to queue
[2023-11-07T19:31:58.903+0000] {logging_mixin.py:154} INFO - [2023-11-07T19:31:58.902+0000] {dagbag.py:536} INFO - Filling up the DagBag from /usr/local/lib/python3.10/dist-packages/airflow/example_dags/example_dynamic_task_mapping_with_no_taskflow_operators.py
[2023-11-07T19:31:58.910+0000] {processor.py:839} INFO - DAG(s) dict_keys(['example_dynamic_task_mapping_with_no_taskflow_operators']) retrieved from /usr/local/lib/python3.10/dist-packages/airflow/example_dags/example_dynamic_task_mapping_with_no_taskflow_operators.py
[2023-11-07T19:31:59.007+0000] {logging_mixin.py:154} INFO - [2023-11-07T19:31:59.007+0000] {manager.py:499} INFO - Created Permission View: %s
[2023-11-07T19:31:59.019+0000] {logging_mixin.py:154} INFO - [2023-11-07T19:31:59.018+0000] {manager.py:499} INFO - Created Permission View: %s
[2023-11-07T19:31:59.027+0000] {logging_mixin.py:154} INFO - [2023-11-07T19:31:59.026+0000] {manager.py:499} INFO - Created Permission View: %s
[2023-11-07T19:31:59.027+0000] {logging_mixin.py:154} INFO - [2023-11-07T19:31:59.027+0000] {dag.py:2941} INFO - Sync 1 DAGs
[2023-11-07T19:31:59.040+0000] {logging_mixin.py:154} INFO - [2023-11-07T19:31:59.040+0000] {dag.py:2963} INFO - Creating ORM DAG for example_dynamic_task_mapping_with_no_taskflow_operators
[2023-11-07T19:31:59.049+0000] {logging_mixin.py:154} INFO - [2023-11-07T19:31:59.048+0000] {dag.py:3722} INFO - Setting next_dagrun for example_dynamic_task_mapping_with_no_taskflow_operators to 2023-11-06T19:31:59.048678+00:00, run_after=2023-11-07T19:31:59.048678+00:00
[2023-11-07T19:31:59.068+0000] {processor.py:179} INFO - Processing /usr/local/lib/python3.10/dist-packages/airflow/example_dags/example_dynamic_task_mapping_with_no_taskflow_operators.py took 0.170 seconds
[2023-11-07T19:32:49.965+0000] {processor.py:157} INFO - Started process (PID=3622) to work on /usr/local/lib/python3.10/dist-packages/airflow/example_dags/example_dynamic_task_mapping_with_no_taskflow_operators.py
[2023-11-07T19:32:49.967+0000] {processor.py:829} INFO - Processing file /usr/local/lib/python3.10/dist-packages/airflow/example_dags/example_dynamic_task_mapping_with_no_taskflow_operators.py for tasks to queue
[2023-11-07T19:32:49.968+0000] {logging_mixin.py:154} INFO - [2023-11-07T19:32:49.968+0000] {dagbag.py:536} INFO - Filling up the DagBag from /usr/local/lib/python3.10/dist-packages/airflow/example_dags/example_dynamic_task_mapping_with_no_taskflow_operators.py
[2023-11-07T19:32:49.979+0000] {processor.py:839} INFO - DAG(s) dict_keys(['example_dynamic_task_mapping_with_no_taskflow_operators']) retrieved from /usr/local/lib/python3.10/dist-packages/airflow/example_dags/example_dynamic_task_mapping_with_no_taskflow_operators.py
[2023-11-07T19:32:50.000+0000] {logging_mixin.py:154} INFO - [2023-11-07T19:32:50.000+0000] {dag.py:2941} INFO - Sync 1 DAGs
[2023-11-07T19:32:50.044+0000] {logging_mixin.py:154} INFO - [2023-11-07T19:32:50.043+0000] {dag.py:3722} INFO - Setting next_dagrun for example_dynamic_task_mapping_with_no_taskflow_operators to 2023-11-06T19:32:50.043537+00:00, run_after=2023-11-07T19:32:50.043537+00:00
[2023-11-07T19:32:50.083+0000] {processor.py:179} INFO - Processing /usr/local/lib/python3.10/dist-packages/airflow/example_dags/example_dynamic_task_mapping_with_no_taskflow_operators.py took 0.123 seconds
[2023-11-07T19:33:36.588+0000] {processor.py:157} INFO - Started process (PID=3671) to work on /usr/local/lib/python3.10/dist-packages/airflow/example_dags/example_dynamic_task_mapping_with_no_taskflow_operators.py
[2023-11-07T19:33:36.589+0000] {processor.py:829} INFO - Processing file /usr/local/lib/python3.10/dist-packages/airflow/example_dags/example_dynamic_task_mapping_with_no_taskflow_operators.py for tasks to queue
[2023-11-07T19:33:36.590+0000] {logging_mixin.py:154} INFO - [2023-11-07T19:33:36.589+0000] {dagbag.py:536} INFO - Filling up the DagBag from /usr/local/lib/python3.10/dist-packages/airflow/example_dags/example_dynamic_task_mapping_with_no_taskflow_operators.py
[2023-11-07T19:33:36.598+0000] {processor.py:839} INFO - DAG(s) dict_keys(['example_dynamic_task_mapping_with_no_taskflow_operators']) retrieved from /usr/local/lib/python3.10/dist-packages/airflow/example_dags/example_dynamic_task_mapping_with_no_taskflow_operators.py
[2023-11-07T19:33:36.615+0000] {logging_mixin.py:154} INFO - [2023-11-07T19:33:36.615+0000] {dag.py:2941} INFO - Sync 1 DAGs
[2023-11-07T19:33:36.640+0000] {logging_mixin.py:154} INFO - [2023-11-07T19:33:36.640+0000] {dag.py:3722} INFO - Setting next_dagrun for example_dynamic_task_mapping_with_no_taskflow_operators to 2023-11-06T19:33:36.640508+00:00, run_after=2023-11-07T19:33:36.640508+00:00
[2023-11-07T19:33:36.661+0000] {processor.py:179} INFO - Processing /usr/local/lib/python3.10/dist-packages/airflow/example_dags/example_dynamic_task_mapping_with_no_taskflow_operators.py took 0.077 seconds
[2023-11-07T19:34:25.995+0000] {processor.py:157} INFO - Started process (PID=3722) to work on /usr/local/lib/python3.10/dist-packages/airflow/example_dags/example_dynamic_task_mapping_with_no_taskflow_operators.py
[2023-11-07T19:34:25.997+0000] {processor.py:829} INFO - Processing file /usr/local/lib/python3.10/dist-packages/airflow/example_dags/example_dynamic_task_mapping_with_no_taskflow_operators.py for tasks to queue
[2023-11-07T19:34:25.998+0000] {logging_mixin.py:154} INFO - [2023-11-07T19:34:25.997+0000] {dagbag.py:536} INFO - Filling up the DagBag from /usr/local/lib/python3.10/dist-packages/airflow/example_dags/example_dynamic_task_mapping_with_no_taskflow_operators.py
[2023-11-07T19:34:26.013+0000] {processor.py:839} INFO - DAG(s) dict_keys(['example_dynamic_task_mapping_with_no_taskflow_operators']) retrieved from /usr/local/lib/python3.10/dist-packages/airflow/example_dags/example_dynamic_task_mapping_with_no_taskflow_operators.py
[2023-11-07T19:34:26.028+0000] {logging_mixin.py:154} INFO - [2023-11-07T19:34:26.028+0000] {dag.py:2941} INFO - Sync 1 DAGs
[2023-11-07T19:34:26.048+0000] {logging_mixin.py:154} INFO - [2023-11-07T19:34:26.048+0000] {dag.py:3722} INFO - Setting next_dagrun for example_dynamic_task_mapping_with_no_taskflow_operators to 2023-11-06T19:34:26.048446+00:00, run_after=2023-11-07T19:34:26.048446+00:00
[2023-11-07T19:34:26.070+0000] {processor.py:179} INFO - Processing /usr/local/lib/python3.10/dist-packages/airflow/example_dags/example_dynamic_task_mapping_with_no_taskflow_operators.py took 0.078 seconds
[2023-11-07T19:35:10.236+0000] {processor.py:157} INFO - Started process (PID=3769) to work on /usr/local/lib/python3.10/dist-packages/airflow/example_dags/example_dynamic_task_mapping_with_no_taskflow_operators.py
[2023-11-07T19:35:10.239+0000] {processor.py:829} INFO - Processing file /usr/local/lib/python3.10/dist-packages/airflow/example_dags/example_dynamic_task_mapping_with_no_taskflow_operators.py for tasks to queue
[2023-11-07T19:35:10.240+0000] {logging_mixin.py:154} INFO - [2023-11-07T19:35:10.240+0000] {dagbag.py:536} INFO - Filling up the DagBag from /usr/local/lib/python3.10/dist-packages/airflow/example_dags/example_dynamic_task_mapping_with_no_taskflow_operators.py
[2023-11-07T19:35:10.254+0000] {processor.py:839} INFO - DAG(s) dict_keys(['example_dynamic_task_mapping_with_no_taskflow_operators']) retrieved from /usr/local/lib/python3.10/dist-packages/airflow/example_dags/example_dynamic_task_mapping_with_no_taskflow_operators.py
[2023-11-07T19:35:10.269+0000] {logging_mixin.py:154} INFO - [2023-11-07T19:35:10.269+0000] {dag.py:2941} INFO - Sync 1 DAGs
[2023-11-07T19:35:10.299+0000] {logging_mixin.py:154} INFO - [2023-11-07T19:35:10.298+0000] {dag.py:3722} INFO - Setting next_dagrun for example_dynamic_task_mapping_with_no_taskflow_operators to 2023-11-06T19:35:10.298532+00:00, run_after=2023-11-07T19:35:10.298532+00:00
[2023-11-07T19:35:10.322+0000] {processor.py:179} INFO - Processing /usr/local/lib/python3.10/dist-packages/airflow/example_dags/example_dynamic_task_mapping_with_no_taskflow_operators.py took 0.090 seconds
[2023-11-07T19:35:55.458+0000] {processor.py:157} INFO - Started process (PID=3818) to work on /usr/local/lib/python3.10/dist-packages/airflow/example_dags/example_dynamic_task_mapping_with_no_taskflow_operators.py
[2023-11-07T19:35:55.459+0000] {processor.py:829} INFO - Processing file /usr/local/lib/python3.10/dist-packages/airflow/example_dags/example_dynamic_task_mapping_with_no_taskflow_operators.py for tasks to queue
[2023-11-07T19:35:55.460+0000] {logging_mixin.py:154} INFO - [2023-11-07T19:35:55.460+0000] {dagbag.py:536} INFO - Filling up the DagBag from /usr/local/lib/python3.10/dist-packages/airflow/example_dags/example_dynamic_task_mapping_with_no_taskflow_operators.py
[2023-11-07T19:35:55.468+0000] {processor.py:839} INFO - DAG(s) dict_keys(['example_dynamic_task_mapping_with_no_taskflow_operators']) retrieved from /usr/local/lib/python3.10/dist-packages/airflow/example_dags/example_dynamic_task_mapping_with_no_taskflow_operators.py
[2023-11-07T19:35:55.485+0000] {logging_mixin.py:154} INFO - [2023-11-07T19:35:55.485+0000] {dag.py:2941} INFO - Sync 1 DAGs
[2023-11-07T19:35:55.505+0000] {logging_mixin.py:154} INFO - [2023-11-07T19:35:55.505+0000] {dag.py:3722} INFO - Setting next_dagrun for example_dynamic_task_mapping_with_no_taskflow_operators to 2023-11-06T19:35:55.505331+00:00, run_after=2023-11-07T19:35:55.505331+00:00
[2023-11-07T19:35:55.530+0000] {processor.py:179} INFO - Processing /usr/local/lib/python3.10/dist-packages/airflow/example_dags/example_dynamic_task_mapping_with_no_taskflow_operators.py took 0.074 seconds
[2023-11-07T19:36:48.238+0000] {processor.py:157} INFO - Started process (PID=3870) to work on /usr/local/lib/python3.10/dist-packages/airflow/example_dags/example_dynamic_task_mapping_with_no_taskflow_operators.py
[2023-11-07T19:36:48.240+0000] {processor.py:829} INFO - Processing file /usr/local/lib/python3.10/dist-packages/airflow/example_dags/example_dynamic_task_mapping_with_no_taskflow_operators.py for tasks to queue
[2023-11-07T19:36:48.241+0000] {logging_mixin.py:154} INFO - [2023-11-07T19:36:48.240+0000] {dagbag.py:536} INFO - Filling up the DagBag from /usr/local/lib/python3.10/dist-packages/airflow/example_dags/example_dynamic_task_mapping_with_no_taskflow_operators.py
[2023-11-07T19:36:48.250+0000] {processor.py:839} INFO - DAG(s) dict_keys(['example_dynamic_task_mapping_with_no_taskflow_operators']) retrieved from /usr/local/lib/python3.10/dist-packages/airflow/example_dags/example_dynamic_task_mapping_with_no_taskflow_operators.py
[2023-11-07T19:36:48.264+0000] {logging_mixin.py:154} INFO - [2023-11-07T19:36:48.264+0000] {dag.py:2941} INFO - Sync 1 DAGs
[2023-11-07T19:36:48.284+0000] {logging_mixin.py:154} INFO - [2023-11-07T19:36:48.283+0000] {dag.py:3722} INFO - Setting next_dagrun for example_dynamic_task_mapping_with_no_taskflow_operators to 2023-11-06T19:36:48.283722+00:00, run_after=2023-11-07T19:36:48.283722+00:00
[2023-11-07T19:36:48.305+0000] {processor.py:179} INFO - Processing /usr/local/lib/python3.10/dist-packages/airflow/example_dags/example_dynamic_task_mapping_with_no_taskflow_operators.py took 0.070 seconds
[2023-11-07T19:37:38.503+0000] {processor.py:157} INFO - Started process (PID=3922) to work on /usr/local/lib/python3.10/dist-packages/airflow/example_dags/example_dynamic_task_mapping_with_no_taskflow_operators.py
[2023-11-07T19:37:38.504+0000] {processor.py:829} INFO - Processing file /usr/local/lib/python3.10/dist-packages/airflow/example_dags/example_dynamic_task_mapping_with_no_taskflow_operators.py for tasks to queue
[2023-11-07T19:37:38.505+0000] {logging_mixin.py:154} INFO - [2023-11-07T19:37:38.504+0000] {dagbag.py:536} INFO - Filling up the DagBag from /usr/local/lib/python3.10/dist-packages/airflow/example_dags/example_dynamic_task_mapping_with_no_taskflow_operators.py
[2023-11-07T19:37:38.513+0000] {processor.py:839} INFO - DAG(s) dict_keys(['example_dynamic_task_mapping_with_no_taskflow_operators']) retrieved from /usr/local/lib/python3.10/dist-packages/airflow/example_dags/example_dynamic_task_mapping_with_no_taskflow_operators.py
[2023-11-07T19:37:38.528+0000] {logging_mixin.py:154} INFO - [2023-11-07T19:37:38.527+0000] {dag.py:2941} INFO - Sync 1 DAGs
[2023-11-07T19:37:38.565+0000] {logging_mixin.py:154} INFO - [2023-11-07T19:37:38.565+0000] {dag.py:3722} INFO - Setting next_dagrun for example_dynamic_task_mapping_with_no_taskflow_operators to 2023-11-06T19:37:38.565117+00:00, run_after=2023-11-07T19:37:38.565117+00:00
[2023-11-07T19:37:38.587+0000] {processor.py:179} INFO - Processing /usr/local/lib/python3.10/dist-packages/airflow/example_dags/example_dynamic_task_mapping_with_no_taskflow_operators.py took 0.088 seconds
[2023-11-07T19:38:25.301+0000] {processor.py:157} INFO - Started process (PID=3971) to work on /usr/local/lib/python3.10/dist-packages/airflow/example_dags/example_dynamic_task_mapping_with_no_taskflow_operators.py
[2023-11-07T19:38:25.302+0000] {processor.py:829} INFO - Processing file /usr/local/lib/python3.10/dist-packages/airflow/example_dags/example_dynamic_task_mapping_with_no_taskflow_operators.py for tasks to queue
[2023-11-07T19:38:25.303+0000] {logging_mixin.py:154} INFO - [2023-11-07T19:38:25.302+0000] {dagbag.py:536} INFO - Filling up the DagBag from /usr/local/lib/python3.10/dist-packages/airflow/example_dags/example_dynamic_task_mapping_with_no_taskflow_operators.py
[2023-11-07T19:38:25.311+0000] {processor.py:839} INFO - DAG(s) dict_keys(['example_dynamic_task_mapping_with_no_taskflow_operators']) retrieved from /usr/local/lib/python3.10/dist-packages/airflow/example_dags/example_dynamic_task_mapping_with_no_taskflow_operators.py
[2023-11-07T19:38:25.326+0000] {logging_mixin.py:154} INFO - [2023-11-07T19:38:25.326+0000] {dag.py:2941} INFO - Sync 1 DAGs
[2023-11-07T19:38:25.356+0000] {logging_mixin.py:154} INFO - [2023-11-07T19:38:25.356+0000] {dag.py:3722} INFO - Setting next_dagrun for example_dynamic_task_mapping_with_no_taskflow_operators to 2023-11-06T19:38:25.356298+00:00, run_after=2023-11-07T19:38:25.356298+00:00
[2023-11-07T19:38:25.417+0000] {processor.py:179} INFO - Processing /usr/local/lib/python3.10/dist-packages/airflow/example_dags/example_dynamic_task_mapping_with_no_taskflow_operators.py took 0.122 seconds
[2023-11-07T19:39:11.456+0000] {processor.py:157} INFO - Started process (PID=4020) to work on /usr/local/lib/python3.10/dist-packages/airflow/example_dags/example_dynamic_task_mapping_with_no_taskflow_operators.py
[2023-11-07T19:39:11.457+0000] {processor.py:829} INFO - Processing file /usr/local/lib/python3.10/dist-packages/airflow/example_dags/example_dynamic_task_mapping_with_no_taskflow_operators.py for tasks to queue
[2023-11-07T19:39:11.457+0000] {logging_mixin.py:154} INFO - [2023-11-07T19:39:11.457+0000] {dagbag.py:536} INFO - Filling up the DagBag from /usr/local/lib/python3.10/dist-packages/airflow/example_dags/example_dynamic_task_mapping_with_no_taskflow_operators.py
[2023-11-07T19:39:11.465+0000] {processor.py:839} INFO - DAG(s) dict_keys(['example_dynamic_task_mapping_with_no_taskflow_operators']) retrieved from /usr/local/lib/python3.10/dist-packages/airflow/example_dags/example_dynamic_task_mapping_with_no_taskflow_operators.py
[2023-11-07T19:39:11.479+0000] {logging_mixin.py:154} INFO - [2023-11-07T19:39:11.479+0000] {dag.py:2941} INFO - Sync 1 DAGs
[2023-11-07T19:39:11.497+0000] {logging_mixin.py:154} INFO - [2023-11-07T19:39:11.497+0000] {dag.py:3722} INFO - Setting next_dagrun for example_dynamic_task_mapping_with_no_taskflow_operators to 2023-11-06T19:39:11.496965+00:00, run_after=2023-11-07T19:39:11.496965+00:00
[2023-11-07T19:39:11.516+0000] {processor.py:179} INFO - Processing /usr/local/lib/python3.10/dist-packages/airflow/example_dags/example_dynamic_task_mapping_with_no_taskflow_operators.py took 0.064 seconds
[2023-11-07T19:39:59.970+0000] {processor.py:157} INFO - Started process (PID=4069) to work on /usr/local/lib/python3.10/dist-packages/airflow/example_dags/example_dynamic_task_mapping_with_no_taskflow_operators.py
[2023-11-07T19:39:59.972+0000] {processor.py:829} INFO - Processing file /usr/local/lib/python3.10/dist-packages/airflow/example_dags/example_dynamic_task_mapping_with_no_taskflow_operators.py for tasks to queue
[2023-11-07T19:39:59.972+0000] {logging_mixin.py:154} INFO - [2023-11-07T19:39:59.972+0000] {dagbag.py:536} INFO - Filling up the DagBag from /usr/local/lib/python3.10/dist-packages/airflow/example_dags/example_dynamic_task_mapping_with_no_taskflow_operators.py
[2023-11-07T19:39:59.988+0000] {processor.py:839} INFO - DAG(s) dict_keys(['example_dynamic_task_mapping_with_no_taskflow_operators']) retrieved from /usr/local/lib/python3.10/dist-packages/airflow/example_dags/example_dynamic_task_mapping_with_no_taskflow_operators.py
[2023-11-07T19:40:00.033+0000] {logging_mixin.py:154} INFO - [2023-11-07T19:40:00.032+0000] {dag.py:2941} INFO - Sync 1 DAGs
[2023-11-07T19:40:00.087+0000] {logging_mixin.py:154} INFO - [2023-11-07T19:40:00.086+0000] {dag.py:3722} INFO - Setting next_dagrun for example_dynamic_task_mapping_with_no_taskflow_operators to 2023-11-06T19:40:00.086287+00:00, run_after=2023-11-07T19:40:00.086287+00:00
[2023-11-07T19:40:00.124+0000] {processor.py:179} INFO - Processing /usr/local/lib/python3.10/dist-packages/airflow/example_dags/example_dynamic_task_mapping_with_no_taskflow_operators.py took 0.157 seconds
[2023-11-07T19:40:53.466+0000] {processor.py:157} INFO - Started process (PID=4123) to work on /usr/local/lib/python3.10/dist-packages/airflow/example_dags/example_dynamic_task_mapping_with_no_taskflow_operators.py
[2023-11-07T19:40:53.467+0000] {processor.py:829} INFO - Processing file /usr/local/lib/python3.10/dist-packages/airflow/example_dags/example_dynamic_task_mapping_with_no_taskflow_operators.py for tasks to queue
[2023-11-07T19:40:53.468+0000] {logging_mixin.py:154} INFO - [2023-11-07T19:40:53.467+0000] {dagbag.py:536} INFO - Filling up the DagBag from /usr/local/lib/python3.10/dist-packages/airflow/example_dags/example_dynamic_task_mapping_with_no_taskflow_operators.py
[2023-11-07T19:40:53.476+0000] {processor.py:839} INFO - DAG(s) dict_keys(['example_dynamic_task_mapping_with_no_taskflow_operators']) retrieved from /usr/local/lib/python3.10/dist-packages/airflow/example_dags/example_dynamic_task_mapping_with_no_taskflow_operators.py
[2023-11-07T19:40:53.493+0000] {logging_mixin.py:154} INFO - [2023-11-07T19:40:53.493+0000] {dag.py:2941} INFO - Sync 1 DAGs
[2023-11-07T19:40:53.514+0000] {logging_mixin.py:154} INFO - [2023-11-07T19:40:53.514+0000] {dag.py:3722} INFO - Setting next_dagrun for example_dynamic_task_mapping_with_no_taskflow_operators to 2023-11-06T19:40:53.514036+00:00, run_after=2023-11-07T19:40:53.514036+00:00
[2023-11-07T19:40:53.556+0000] {processor.py:179} INFO - Processing /usr/local/lib/python3.10/dist-packages/airflow/example_dags/example_dynamic_task_mapping_with_no_taskflow_operators.py took 0.093 seconds
[2023-11-07T19:41:42.134+0000] {processor.py:157} INFO - Started process (PID=4174) to work on /usr/local/lib/python3.10/dist-packages/airflow/example_dags/example_dynamic_task_mapping_with_no_taskflow_operators.py
[2023-11-07T19:41:42.135+0000] {processor.py:829} INFO - Processing file /usr/local/lib/python3.10/dist-packages/airflow/example_dags/example_dynamic_task_mapping_with_no_taskflow_operators.py for tasks to queue
[2023-11-07T19:41:42.141+0000] {logging_mixin.py:154} INFO - [2023-11-07T19:41:42.140+0000] {dagbag.py:536} INFO - Filling up the DagBag from /usr/local/lib/python3.10/dist-packages/airflow/example_dags/example_dynamic_task_mapping_with_no_taskflow_operators.py
[2023-11-07T19:41:42.152+0000] {processor.py:839} INFO - DAG(s) dict_keys(['example_dynamic_task_mapping_with_no_taskflow_operators']) retrieved from /usr/local/lib/python3.10/dist-packages/airflow/example_dags/example_dynamic_task_mapping_with_no_taskflow_operators.py
[2023-11-07T19:41:42.186+0000] {logging_mixin.py:154} INFO - [2023-11-07T19:41:42.186+0000] {dag.py:2941} INFO - Sync 1 DAGs
[2023-11-07T19:41:42.205+0000] {logging_mixin.py:154} INFO - [2023-11-07T19:41:42.205+0000] {dag.py:3722} INFO - Setting next_dagrun for example_dynamic_task_mapping_with_no_taskflow_operators to 2023-11-06T19:41:42.205264+00:00, run_after=2023-11-07T19:41:42.205264+00:00
[2023-11-07T19:41:42.226+0000] {processor.py:179} INFO - Processing /usr/local/lib/python3.10/dist-packages/airflow/example_dags/example_dynamic_task_mapping_with_no_taskflow_operators.py took 0.098 seconds
[2023-11-07T19:42:30.421+0000] {processor.py:157} INFO - Started process (PID=4224) to work on /usr/local/lib/python3.10/dist-packages/airflow/example_dags/example_dynamic_task_mapping_with_no_taskflow_operators.py
[2023-11-07T19:42:30.422+0000] {processor.py:829} INFO - Processing file /usr/local/lib/python3.10/dist-packages/airflow/example_dags/example_dynamic_task_mapping_with_no_taskflow_operators.py for tasks to queue
[2023-11-07T19:42:30.423+0000] {logging_mixin.py:154} INFO - [2023-11-07T19:42:30.422+0000] {dagbag.py:536} INFO - Filling up the DagBag from /usr/local/lib/python3.10/dist-packages/airflow/example_dags/example_dynamic_task_mapping_with_no_taskflow_operators.py
[2023-11-07T19:42:30.432+0000] {processor.py:839} INFO - DAG(s) dict_keys(['example_dynamic_task_mapping_with_no_taskflow_operators']) retrieved from /usr/local/lib/python3.10/dist-packages/airflow/example_dags/example_dynamic_task_mapping_with_no_taskflow_operators.py
[2023-11-07T19:42:30.452+0000] {logging_mixin.py:154} INFO - [2023-11-07T19:42:30.451+0000] {dag.py:2941} INFO - Sync 1 DAGs
[2023-11-07T19:42:30.478+0000] {logging_mixin.py:154} INFO - [2023-11-07T19:42:30.478+0000] {dag.py:3722} INFO - Setting next_dagrun for example_dynamic_task_mapping_with_no_taskflow_operators to 2023-11-06T19:42:30.478479+00:00, run_after=2023-11-07T19:42:30.478479+00:00
[2023-11-07T19:42:30.513+0000] {processor.py:179} INFO - Processing /usr/local/lib/python3.10/dist-packages/airflow/example_dags/example_dynamic_task_mapping_with_no_taskflow_operators.py took 0.096 seconds
[2023-11-07T19:43:20.698+0000] {processor.py:157} INFO - Started process (PID=4275) to work on /usr/local/lib/python3.10/dist-packages/airflow/example_dags/example_dynamic_task_mapping_with_no_taskflow_operators.py
[2023-11-07T19:43:20.699+0000] {processor.py:829} INFO - Processing file /usr/local/lib/python3.10/dist-packages/airflow/example_dags/example_dynamic_task_mapping_with_no_taskflow_operators.py for tasks to queue
[2023-11-07T19:43:20.700+0000] {logging_mixin.py:154} INFO - [2023-11-07T19:43:20.700+0000] {dagbag.py:536} INFO - Filling up the DagBag from /usr/local/lib/python3.10/dist-packages/airflow/example_dags/example_dynamic_task_mapping_with_no_taskflow_operators.py
[2023-11-07T19:43:20.710+0000] {processor.py:839} INFO - DAG(s) dict_keys(['example_dynamic_task_mapping_with_no_taskflow_operators']) retrieved from /usr/local/lib/python3.10/dist-packages/airflow/example_dags/example_dynamic_task_mapping_with_no_taskflow_operators.py
[2023-11-07T19:43:20.728+0000] {logging_mixin.py:154} INFO - [2023-11-07T19:43:20.728+0000] {dag.py:2941} INFO - Sync 1 DAGs
[2023-11-07T19:43:20.750+0000] {logging_mixin.py:154} INFO - [2023-11-07T19:43:20.750+0000] {dag.py:3722} INFO - Setting next_dagrun for example_dynamic_task_mapping_with_no_taskflow_operators to 2023-11-06T19:43:20.750022+00:00, run_after=2023-11-07T19:43:20.750022+00:00
[2023-11-07T19:43:20.774+0000] {processor.py:179} INFO - Processing /usr/local/lib/python3.10/dist-packages/airflow/example_dags/example_dynamic_task_mapping_with_no_taskflow_operators.py took 0.080 seconds
[2023-11-07T19:44:09.103+0000] {processor.py:157} INFO - Started process (PID=4325) to work on /usr/local/lib/python3.10/dist-packages/airflow/example_dags/example_dynamic_task_mapping_with_no_taskflow_operators.py
[2023-11-07T19:44:09.104+0000] {processor.py:829} INFO - Processing file /usr/local/lib/python3.10/dist-packages/airflow/example_dags/example_dynamic_task_mapping_with_no_taskflow_operators.py for tasks to queue
[2023-11-07T19:44:09.105+0000] {logging_mixin.py:154} INFO - [2023-11-07T19:44:09.105+0000] {dagbag.py:536} INFO - Filling up the DagBag from /usr/local/lib/python3.10/dist-packages/airflow/example_dags/example_dynamic_task_mapping_with_no_taskflow_operators.py
[2023-11-07T19:44:09.114+0000] {processor.py:839} INFO - DAG(s) dict_keys(['example_dynamic_task_mapping_with_no_taskflow_operators']) retrieved from /usr/local/lib/python3.10/dist-packages/airflow/example_dags/example_dynamic_task_mapping_with_no_taskflow_operators.py
[2023-11-07T19:44:09.134+0000] {logging_mixin.py:154} INFO - [2023-11-07T19:44:09.133+0000] {dag.py:2941} INFO - Sync 1 DAGs
[2023-11-07T19:44:09.184+0000] {logging_mixin.py:154} INFO - [2023-11-07T19:44:09.184+0000] {dag.py:3722} INFO - Setting next_dagrun for example_dynamic_task_mapping_with_no_taskflow_operators to 2023-11-06T19:44:09.184238+00:00, run_after=2023-11-07T19:44:09.184238+00:00
[2023-11-07T19:44:09.209+0000] {processor.py:179} INFO - Processing /usr/local/lib/python3.10/dist-packages/airflow/example_dags/example_dynamic_task_mapping_with_no_taskflow_operators.py took 0.109 seconds
[2023-11-07T19:45:04.336+0000] {processor.py:157} INFO - Started process (PID=4378) to work on /usr/local/lib/python3.10/dist-packages/airflow/example_dags/example_dynamic_task_mapping_with_no_taskflow_operators.py
[2023-11-07T19:45:04.338+0000] {processor.py:829} INFO - Processing file /usr/local/lib/python3.10/dist-packages/airflow/example_dags/example_dynamic_task_mapping_with_no_taskflow_operators.py for tasks to queue
[2023-11-07T19:45:04.339+0000] {logging_mixin.py:154} INFO - [2023-11-07T19:45:04.338+0000] {dagbag.py:536} INFO - Filling up the DagBag from /usr/local/lib/python3.10/dist-packages/airflow/example_dags/example_dynamic_task_mapping_with_no_taskflow_operators.py
[2023-11-07T19:45:04.349+0000] {processor.py:839} INFO - DAG(s) dict_keys(['example_dynamic_task_mapping_with_no_taskflow_operators']) retrieved from /usr/local/lib/python3.10/dist-packages/airflow/example_dags/example_dynamic_task_mapping_with_no_taskflow_operators.py
[2023-11-07T19:45:04.373+0000] {logging_mixin.py:154} INFO - [2023-11-07T19:45:04.373+0000] {dag.py:2941} INFO - Sync 1 DAGs
[2023-11-07T19:45:04.396+0000] {logging_mixin.py:154} INFO - [2023-11-07T19:45:04.396+0000] {dag.py:3722} INFO - Setting next_dagrun for example_dynamic_task_mapping_with_no_taskflow_operators to 2023-11-06T19:45:04.395887+00:00, run_after=2023-11-07T19:45:04.395887+00:00
[2023-11-07T19:45:04.419+0000] {processor.py:179} INFO - Processing /usr/local/lib/python3.10/dist-packages/airflow/example_dags/example_dynamic_task_mapping_with_no_taskflow_operators.py took 0.088 seconds
[2023-11-07T19:45:58.857+0000] {processor.py:157} INFO - Started process (PID=4432) to work on /usr/local/lib/python3.10/dist-packages/airflow/example_dags/example_dynamic_task_mapping_with_no_taskflow_operators.py
[2023-11-07T19:45:58.858+0000] {processor.py:829} INFO - Processing file /usr/local/lib/python3.10/dist-packages/airflow/example_dags/example_dynamic_task_mapping_with_no_taskflow_operators.py for tasks to queue
[2023-11-07T19:45:58.859+0000] {logging_mixin.py:154} INFO - [2023-11-07T19:45:58.858+0000] {dagbag.py:536} INFO - Filling up the DagBag from /usr/local/lib/python3.10/dist-packages/airflow/example_dags/example_dynamic_task_mapping_with_no_taskflow_operators.py
[2023-11-07T19:45:58.867+0000] {processor.py:839} INFO - DAG(s) dict_keys(['example_dynamic_task_mapping_with_no_taskflow_operators']) retrieved from /usr/local/lib/python3.10/dist-packages/airflow/example_dags/example_dynamic_task_mapping_with_no_taskflow_operators.py
[2023-11-07T19:45:58.883+0000] {logging_mixin.py:154} INFO - [2023-11-07T19:45:58.883+0000] {dag.py:2941} INFO - Sync 1 DAGs
[2023-11-07T19:45:58.903+0000] {logging_mixin.py:154} INFO - [2023-11-07T19:45:58.903+0000] {dag.py:3722} INFO - Setting next_dagrun for example_dynamic_task_mapping_with_no_taskflow_operators to 2023-11-06T19:45:58.902856+00:00, run_after=2023-11-07T19:45:58.902856+00:00
[2023-11-07T19:45:58.925+0000] {processor.py:179} INFO - Processing /usr/local/lib/python3.10/dist-packages/airflow/example_dags/example_dynamic_task_mapping_with_no_taskflow_operators.py took 0.071 seconds
[2023-11-07T19:46:49.400+0000] {processor.py:157} INFO - Started process (PID=4484) to work on /usr/local/lib/python3.10/dist-packages/airflow/example_dags/example_dynamic_task_mapping_with_no_taskflow_operators.py
[2023-11-07T19:46:49.401+0000] {processor.py:829} INFO - Processing file /usr/local/lib/python3.10/dist-packages/airflow/example_dags/example_dynamic_task_mapping_with_no_taskflow_operators.py for tasks to queue
[2023-11-07T19:46:49.402+0000] {logging_mixin.py:154} INFO - [2023-11-07T19:46:49.402+0000] {dagbag.py:536} INFO - Filling up the DagBag from /usr/local/lib/python3.10/dist-packages/airflow/example_dags/example_dynamic_task_mapping_with_no_taskflow_operators.py
[2023-11-07T19:46:49.412+0000] {processor.py:839} INFO - DAG(s) dict_keys(['example_dynamic_task_mapping_with_no_taskflow_operators']) retrieved from /usr/local/lib/python3.10/dist-packages/airflow/example_dags/example_dynamic_task_mapping_with_no_taskflow_operators.py
[2023-11-07T19:46:49.430+0000] {logging_mixin.py:154} INFO - [2023-11-07T19:46:49.429+0000] {dag.py:2941} INFO - Sync 1 DAGs
[2023-11-07T19:46:49.456+0000] {logging_mixin.py:154} INFO - [2023-11-07T19:46:49.456+0000] {dag.py:3722} INFO - Setting next_dagrun for example_dynamic_task_mapping_with_no_taskflow_operators to 2023-11-06T19:46:49.456255+00:00, run_after=2023-11-07T19:46:49.456255+00:00
[2023-11-07T19:46:49.483+0000] {processor.py:179} INFO - Processing /usr/local/lib/python3.10/dist-packages/airflow/example_dags/example_dynamic_task_mapping_with_no_taskflow_operators.py took 0.089 seconds
[2023-11-07T19:47:42.583+0000] {processor.py:157} INFO - Started process (PID=4538) to work on /usr/local/lib/python3.10/dist-packages/airflow/example_dags/example_dynamic_task_mapping_with_no_taskflow_operators.py
[2023-11-07T19:47:42.584+0000] {processor.py:829} INFO - Processing file /usr/local/lib/python3.10/dist-packages/airflow/example_dags/example_dynamic_task_mapping_with_no_taskflow_operators.py for tasks to queue
[2023-11-07T19:47:42.585+0000] {logging_mixin.py:154} INFO - [2023-11-07T19:47:42.584+0000] {dagbag.py:536} INFO - Filling up the DagBag from /usr/local/lib/python3.10/dist-packages/airflow/example_dags/example_dynamic_task_mapping_with_no_taskflow_operators.py
[2023-11-07T19:47:42.596+0000] {processor.py:839} INFO - DAG(s) dict_keys(['example_dynamic_task_mapping_with_no_taskflow_operators']) retrieved from /usr/local/lib/python3.10/dist-packages/airflow/example_dags/example_dynamic_task_mapping_with_no_taskflow_operators.py
[2023-11-07T19:47:42.611+0000] {logging_mixin.py:154} INFO - [2023-11-07T19:47:42.610+0000] {dag.py:2941} INFO - Sync 1 DAGs
[2023-11-07T19:47:42.629+0000] {logging_mixin.py:154} INFO - [2023-11-07T19:47:42.629+0000] {dag.py:3722} INFO - Setting next_dagrun for example_dynamic_task_mapping_with_no_taskflow_operators to 2023-11-06T19:47:42.629071+00:00, run_after=2023-11-07T19:47:42.629071+00:00
[2023-11-07T19:47:42.649+0000] {processor.py:179} INFO - Processing /usr/local/lib/python3.10/dist-packages/airflow/example_dags/example_dynamic_task_mapping_with_no_taskflow_operators.py took 0.074 seconds
[2023-11-07T19:48:32.307+0000] {processor.py:157} INFO - Started process (PID=4589) to work on /usr/local/lib/python3.10/dist-packages/airflow/example_dags/example_dynamic_task_mapping_with_no_taskflow_operators.py
[2023-11-07T19:48:32.308+0000] {processor.py:829} INFO - Processing file /usr/local/lib/python3.10/dist-packages/airflow/example_dags/example_dynamic_task_mapping_with_no_taskflow_operators.py for tasks to queue
[2023-11-07T19:48:32.308+0000] {logging_mixin.py:154} INFO - [2023-11-07T19:48:32.308+0000] {dagbag.py:536} INFO - Filling up the DagBag from /usr/local/lib/python3.10/dist-packages/airflow/example_dags/example_dynamic_task_mapping_with_no_taskflow_operators.py
[2023-11-07T19:48:32.318+0000] {processor.py:839} INFO - DAG(s) dict_keys(['example_dynamic_task_mapping_with_no_taskflow_operators']) retrieved from /usr/local/lib/python3.10/dist-packages/airflow/example_dags/example_dynamic_task_mapping_with_no_taskflow_operators.py
[2023-11-07T19:48:32.343+0000] {logging_mixin.py:154} INFO - [2023-11-07T19:48:32.342+0000] {dag.py:2941} INFO - Sync 1 DAGs
[2023-11-07T19:48:32.374+0000] {logging_mixin.py:154} INFO - [2023-11-07T19:48:32.374+0000] {dag.py:3722} INFO - Setting next_dagrun for example_dynamic_task_mapping_with_no_taskflow_operators to 2023-11-06T19:48:32.374122+00:00, run_after=2023-11-07T19:48:32.374122+00:00
[2023-11-07T19:48:32.408+0000] {processor.py:179} INFO - Processing /usr/local/lib/python3.10/dist-packages/airflow/example_dags/example_dynamic_task_mapping_with_no_taskflow_operators.py took 0.109 seconds
[2023-11-07T19:49:20.856+0000] {processor.py:157} INFO - Started process (PID=4639) to work on /usr/local/lib/python3.10/dist-packages/airflow/example_dags/example_dynamic_task_mapping_with_no_taskflow_operators.py
[2023-11-07T19:49:20.859+0000] {processor.py:829} INFO - Processing file /usr/local/lib/python3.10/dist-packages/airflow/example_dags/example_dynamic_task_mapping_with_no_taskflow_operators.py for tasks to queue
[2023-11-07T19:49:20.860+0000] {logging_mixin.py:154} INFO - [2023-11-07T19:49:20.859+0000] {dagbag.py:536} INFO - Filling up the DagBag from /usr/local/lib/python3.10/dist-packages/airflow/example_dags/example_dynamic_task_mapping_with_no_taskflow_operators.py
[2023-11-07T19:49:20.872+0000] {processor.py:839} INFO - DAG(s) dict_keys(['example_dynamic_task_mapping_with_no_taskflow_operators']) retrieved from /usr/local/lib/python3.10/dist-packages/airflow/example_dags/example_dynamic_task_mapping_with_no_taskflow_operators.py
[2023-11-07T19:49:20.889+0000] {logging_mixin.py:154} INFO - [2023-11-07T19:49:20.889+0000] {dag.py:2941} INFO - Sync 1 DAGs
[2023-11-07T19:49:20.917+0000] {logging_mixin.py:154} INFO - [2023-11-07T19:49:20.917+0000] {dag.py:3722} INFO - Setting next_dagrun for example_dynamic_task_mapping_with_no_taskflow_operators to 2023-11-06T19:49:20.917432+00:00, run_after=2023-11-07T19:49:20.917432+00:00
[2023-11-07T19:49:20.941+0000] {processor.py:179} INFO - Processing /usr/local/lib/python3.10/dist-packages/airflow/example_dags/example_dynamic_task_mapping_with_no_taskflow_operators.py took 0.092 seconds
[2023-11-07T19:50:07.567+0000] {processor.py:157} INFO - Started process (PID=4688) to work on /usr/local/lib/python3.10/dist-packages/airflow/example_dags/example_dynamic_task_mapping_with_no_taskflow_operators.py
[2023-11-07T19:50:07.568+0000] {processor.py:829} INFO - Processing file /usr/local/lib/python3.10/dist-packages/airflow/example_dags/example_dynamic_task_mapping_with_no_taskflow_operators.py for tasks to queue
[2023-11-07T19:50:07.569+0000] {logging_mixin.py:154} INFO - [2023-11-07T19:50:07.568+0000] {dagbag.py:536} INFO - Filling up the DagBag from /usr/local/lib/python3.10/dist-packages/airflow/example_dags/example_dynamic_task_mapping_with_no_taskflow_operators.py
[2023-11-07T19:50:07.585+0000] {processor.py:839} INFO - DAG(s) dict_keys(['example_dynamic_task_mapping_with_no_taskflow_operators']) retrieved from /usr/local/lib/python3.10/dist-packages/airflow/example_dags/example_dynamic_task_mapping_with_no_taskflow_operators.py
[2023-11-07T19:50:07.604+0000] {logging_mixin.py:154} INFO - [2023-11-07T19:50:07.604+0000] {dag.py:2941} INFO - Sync 1 DAGs
[2023-11-07T19:50:07.628+0000] {logging_mixin.py:154} INFO - [2023-11-07T19:50:07.628+0000] {dag.py:3722} INFO - Setting next_dagrun for example_dynamic_task_mapping_with_no_taskflow_operators to 2023-11-06T19:50:07.628301+00:00, run_after=2023-11-07T19:50:07.628301+00:00
[2023-11-07T19:50:07.652+0000] {processor.py:179} INFO - Processing /usr/local/lib/python3.10/dist-packages/airflow/example_dags/example_dynamic_task_mapping_with_no_taskflow_operators.py took 0.089 seconds
[2023-11-07T19:50:58.056+0000] {processor.py:157} INFO - Started process (PID=4739) to work on /usr/local/lib/python3.10/dist-packages/airflow/example_dags/example_dynamic_task_mapping_with_no_taskflow_operators.py
[2023-11-07T19:50:58.058+0000] {processor.py:829} INFO - Processing file /usr/local/lib/python3.10/dist-packages/airflow/example_dags/example_dynamic_task_mapping_with_no_taskflow_operators.py for tasks to queue
[2023-11-07T19:50:58.058+0000] {logging_mixin.py:154} INFO - [2023-11-07T19:50:58.058+0000] {dagbag.py:536} INFO - Filling up the DagBag from /usr/local/lib/python3.10/dist-packages/airflow/example_dags/example_dynamic_task_mapping_with_no_taskflow_operators.py
[2023-11-07T19:50:58.067+0000] {processor.py:839} INFO - DAG(s) dict_keys(['example_dynamic_task_mapping_with_no_taskflow_operators']) retrieved from /usr/local/lib/python3.10/dist-packages/airflow/example_dags/example_dynamic_task_mapping_with_no_taskflow_operators.py
[2023-11-07T19:50:58.085+0000] {logging_mixin.py:154} INFO - [2023-11-07T19:50:58.084+0000] {dag.py:2941} INFO - Sync 1 DAGs
[2023-11-07T19:50:58.107+0000] {logging_mixin.py:154} INFO - [2023-11-07T19:50:58.106+0000] {dag.py:3722} INFO - Setting next_dagrun for example_dynamic_task_mapping_with_no_taskflow_operators to 2023-11-06T19:50:58.106544+00:00, run_after=2023-11-07T19:50:58.106544+00:00
[2023-11-07T19:50:58.130+0000] {processor.py:179} INFO - Processing /usr/local/lib/python3.10/dist-packages/airflow/example_dags/example_dynamic_task_mapping_with_no_taskflow_operators.py took 0.077 seconds
[2023-11-07T19:51:47.578+0000] {processor.py:157} INFO - Started process (PID=4791) to work on /usr/local/lib/python3.10/dist-packages/airflow/example_dags/example_dynamic_task_mapping_with_no_taskflow_operators.py
[2023-11-07T19:51:47.579+0000] {processor.py:829} INFO - Processing file /usr/local/lib/python3.10/dist-packages/airflow/example_dags/example_dynamic_task_mapping_with_no_taskflow_operators.py for tasks to queue
[2023-11-07T19:51:47.580+0000] {logging_mixin.py:154} INFO - [2023-11-07T19:51:47.580+0000] {dagbag.py:536} INFO - Filling up the DagBag from /usr/local/lib/python3.10/dist-packages/airflow/example_dags/example_dynamic_task_mapping_with_no_taskflow_operators.py
[2023-11-07T19:51:47.590+0000] {processor.py:839} INFO - DAG(s) dict_keys(['example_dynamic_task_mapping_with_no_taskflow_operators']) retrieved from /usr/local/lib/python3.10/dist-packages/airflow/example_dags/example_dynamic_task_mapping_with_no_taskflow_operators.py
[2023-11-07T19:51:47.607+0000] {logging_mixin.py:154} INFO - [2023-11-07T19:51:47.607+0000] {dag.py:2941} INFO - Sync 1 DAGs
[2023-11-07T19:51:47.633+0000] {logging_mixin.py:154} INFO - [2023-11-07T19:51:47.632+0000] {dag.py:3722} INFO - Setting next_dagrun for example_dynamic_task_mapping_with_no_taskflow_operators to 2023-11-06T19:51:47.632775+00:00, run_after=2023-11-07T19:51:47.632775+00:00
[2023-11-07T19:51:47.654+0000] {processor.py:179} INFO - Processing /usr/local/lib/python3.10/dist-packages/airflow/example_dags/example_dynamic_task_mapping_with_no_taskflow_operators.py took 0.079 seconds
[2023-11-07T19:52:41.403+0000] {processor.py:157} INFO - Started process (PID=4845) to work on /usr/local/lib/python3.10/dist-packages/airflow/example_dags/example_dynamic_task_mapping_with_no_taskflow_operators.py
[2023-11-07T19:52:41.404+0000] {processor.py:829} INFO - Processing file /usr/local/lib/python3.10/dist-packages/airflow/example_dags/example_dynamic_task_mapping_with_no_taskflow_operators.py for tasks to queue
[2023-11-07T19:52:41.405+0000] {logging_mixin.py:154} INFO - [2023-11-07T19:52:41.405+0000] {dagbag.py:536} INFO - Filling up the DagBag from /usr/local/lib/python3.10/dist-packages/airflow/example_dags/example_dynamic_task_mapping_with_no_taskflow_operators.py
[2023-11-07T19:52:41.413+0000] {processor.py:839} INFO - DAG(s) dict_keys(['example_dynamic_task_mapping_with_no_taskflow_operators']) retrieved from /usr/local/lib/python3.10/dist-packages/airflow/example_dags/example_dynamic_task_mapping_with_no_taskflow_operators.py
[2023-11-07T19:52:41.430+0000] {logging_mixin.py:154} INFO - [2023-11-07T19:52:41.430+0000] {dag.py:2941} INFO - Sync 1 DAGs
[2023-11-07T19:52:41.459+0000] {logging_mixin.py:154} INFO - [2023-11-07T19:52:41.459+0000] {dag.py:3722} INFO - Setting next_dagrun for example_dynamic_task_mapping_with_no_taskflow_operators to 2023-11-06T19:52:41.459169+00:00, run_after=2023-11-07T19:52:41.459169+00:00
[2023-11-07T19:52:41.506+0000] {processor.py:179} INFO - Processing /usr/local/lib/python3.10/dist-packages/airflow/example_dags/example_dynamic_task_mapping_with_no_taskflow_operators.py took 0.106 seconds
[2023-11-07T19:53:34.284+0000] {processor.py:157} INFO - Started process (PID=4898) to work on /usr/local/lib/python3.10/dist-packages/airflow/example_dags/example_dynamic_task_mapping_with_no_taskflow_operators.py
[2023-11-07T19:53:34.285+0000] {processor.py:829} INFO - Processing file /usr/local/lib/python3.10/dist-packages/airflow/example_dags/example_dynamic_task_mapping_with_no_taskflow_operators.py for tasks to queue
[2023-11-07T19:53:34.286+0000] {logging_mixin.py:154} INFO - [2023-11-07T19:53:34.286+0000] {dagbag.py:536} INFO - Filling up the DagBag from /usr/local/lib/python3.10/dist-packages/airflow/example_dags/example_dynamic_task_mapping_with_no_taskflow_operators.py
[2023-11-07T19:53:34.293+0000] {processor.py:839} INFO - DAG(s) dict_keys(['example_dynamic_task_mapping_with_no_taskflow_operators']) retrieved from /usr/local/lib/python3.10/dist-packages/airflow/example_dags/example_dynamic_task_mapping_with_no_taskflow_operators.py
[2023-11-07T19:53:34.309+0000] {logging_mixin.py:154} INFO - [2023-11-07T19:53:34.308+0000] {dag.py:2941} INFO - Sync 1 DAGs
[2023-11-07T19:53:34.330+0000] {logging_mixin.py:154} INFO - [2023-11-07T19:53:34.330+0000] {dag.py:3722} INFO - Setting next_dagrun for example_dynamic_task_mapping_with_no_taskflow_operators to 2023-11-06T19:53:34.330041+00:00, run_after=2023-11-07T19:53:34.330041+00:00
[2023-11-07T19:53:34.356+0000] {processor.py:179} INFO - Processing /usr/local/lib/python3.10/dist-packages/airflow/example_dags/example_dynamic_task_mapping_with_no_taskflow_operators.py took 0.075 seconds
[2023-11-07T19:54:28.130+0000] {processor.py:157} INFO - Started process (PID=4951) to work on /usr/local/lib/python3.10/dist-packages/airflow/example_dags/example_dynamic_task_mapping_with_no_taskflow_operators.py
[2023-11-07T19:54:28.131+0000] {processor.py:829} INFO - Processing file /usr/local/lib/python3.10/dist-packages/airflow/example_dags/example_dynamic_task_mapping_with_no_taskflow_operators.py for tasks to queue
[2023-11-07T19:54:28.132+0000] {logging_mixin.py:154} INFO - [2023-11-07T19:54:28.132+0000] {dagbag.py:536} INFO - Filling up the DagBag from /usr/local/lib/python3.10/dist-packages/airflow/example_dags/example_dynamic_task_mapping_with_no_taskflow_operators.py
[2023-11-07T19:54:28.140+0000] {processor.py:839} INFO - DAG(s) dict_keys(['example_dynamic_task_mapping_with_no_taskflow_operators']) retrieved from /usr/local/lib/python3.10/dist-packages/airflow/example_dags/example_dynamic_task_mapping_with_no_taskflow_operators.py
[2023-11-07T19:54:28.155+0000] {logging_mixin.py:154} INFO - [2023-11-07T19:54:28.154+0000] {dag.py:2941} INFO - Sync 1 DAGs
[2023-11-07T19:54:28.175+0000] {logging_mixin.py:154} INFO - [2023-11-07T19:54:28.175+0000] {dag.py:3722} INFO - Setting next_dagrun for example_dynamic_task_mapping_with_no_taskflow_operators to 2023-11-06T19:54:28.174886+00:00, run_after=2023-11-07T19:54:28.174886+00:00
[2023-11-07T19:54:28.197+0000] {processor.py:179} INFO - Processing /usr/local/lib/python3.10/dist-packages/airflow/example_dags/example_dynamic_task_mapping_with_no_taskflow_operators.py took 0.070 seconds
[2023-11-07T19:55:18.222+0000] {processor.py:157} INFO - Started process (PID=5002) to work on /usr/local/lib/python3.10/dist-packages/airflow/example_dags/example_dynamic_task_mapping_with_no_taskflow_operators.py
[2023-11-07T19:55:18.225+0000] {processor.py:829} INFO - Processing file /usr/local/lib/python3.10/dist-packages/airflow/example_dags/example_dynamic_task_mapping_with_no_taskflow_operators.py for tasks to queue
[2023-11-07T19:55:18.226+0000] {logging_mixin.py:154} INFO - [2023-11-07T19:55:18.225+0000] {dagbag.py:536} INFO - Filling up the DagBag from /usr/local/lib/python3.10/dist-packages/airflow/example_dags/example_dynamic_task_mapping_with_no_taskflow_operators.py
[2023-11-07T19:55:18.236+0000] {processor.py:839} INFO - DAG(s) dict_keys(['example_dynamic_task_mapping_with_no_taskflow_operators']) retrieved from /usr/local/lib/python3.10/dist-packages/airflow/example_dags/example_dynamic_task_mapping_with_no_taskflow_operators.py
[2023-11-07T19:55:18.258+0000] {logging_mixin.py:154} INFO - [2023-11-07T19:55:18.258+0000] {dag.py:2941} INFO - Sync 1 DAGs
[2023-11-07T19:55:18.283+0000] {logging_mixin.py:154} INFO - [2023-11-07T19:55:18.283+0000] {dag.py:3722} INFO - Setting next_dagrun for example_dynamic_task_mapping_with_no_taskflow_operators to 2023-11-06T19:55:18.282935+00:00, run_after=2023-11-07T19:55:18.282935+00:00
[2023-11-07T19:55:18.305+0000] {processor.py:179} INFO - Processing /usr/local/lib/python3.10/dist-packages/airflow/example_dags/example_dynamic_task_mapping_with_no_taskflow_operators.py took 0.087 seconds
[2023-11-07T19:56:13.120+0000] {processor.py:157} INFO - Started process (PID=5056) to work on /usr/local/lib/python3.10/dist-packages/airflow/example_dags/example_dynamic_task_mapping_with_no_taskflow_operators.py
[2023-11-07T19:56:13.122+0000] {processor.py:829} INFO - Processing file /usr/local/lib/python3.10/dist-packages/airflow/example_dags/example_dynamic_task_mapping_with_no_taskflow_operators.py for tasks to queue
[2023-11-07T19:56:13.122+0000] {logging_mixin.py:154} INFO - [2023-11-07T19:56:13.122+0000] {dagbag.py:536} INFO - Filling up the DagBag from /usr/local/lib/python3.10/dist-packages/airflow/example_dags/example_dynamic_task_mapping_with_no_taskflow_operators.py
[2023-11-07T19:56:13.130+0000] {processor.py:839} INFO - DAG(s) dict_keys(['example_dynamic_task_mapping_with_no_taskflow_operators']) retrieved from /usr/local/lib/python3.10/dist-packages/airflow/example_dags/example_dynamic_task_mapping_with_no_taskflow_operators.py
[2023-11-07T19:56:13.144+0000] {logging_mixin.py:154} INFO - [2023-11-07T19:56:13.144+0000] {dag.py:2941} INFO - Sync 1 DAGs
[2023-11-07T19:56:13.163+0000] {logging_mixin.py:154} INFO - [2023-11-07T19:56:13.163+0000] {dag.py:3722} INFO - Setting next_dagrun for example_dynamic_task_mapping_with_no_taskflow_operators to 2023-11-06T19:56:13.163291+00:00, run_after=2023-11-07T19:56:13.163291+00:00
[2023-11-07T19:56:13.183+0000] {processor.py:179} INFO - Processing /usr/local/lib/python3.10/dist-packages/airflow/example_dags/example_dynamic_task_mapping_with_no_taskflow_operators.py took 0.066 seconds
[2023-11-07T19:57:06.162+0000] {processor.py:157} INFO - Started process (PID=5109) to work on /usr/local/lib/python3.10/dist-packages/airflow/example_dags/example_dynamic_task_mapping_with_no_taskflow_operators.py
[2023-11-07T19:57:06.166+0000] {processor.py:829} INFO - Processing file /usr/local/lib/python3.10/dist-packages/airflow/example_dags/example_dynamic_task_mapping_with_no_taskflow_operators.py for tasks to queue
[2023-11-07T19:57:06.167+0000] {logging_mixin.py:154} INFO - [2023-11-07T19:57:06.167+0000] {dagbag.py:536} INFO - Filling up the DagBag from /usr/local/lib/python3.10/dist-packages/airflow/example_dags/example_dynamic_task_mapping_with_no_taskflow_operators.py
[2023-11-07T19:57:06.193+0000] {processor.py:839} INFO - DAG(s) dict_keys(['example_dynamic_task_mapping_with_no_taskflow_operators']) retrieved from /usr/local/lib/python3.10/dist-packages/airflow/example_dags/example_dynamic_task_mapping_with_no_taskflow_operators.py
[2023-11-07T19:57:06.226+0000] {logging_mixin.py:154} INFO - [2023-11-07T19:57:06.226+0000] {dag.py:2941} INFO - Sync 1 DAGs
[2023-11-07T19:57:06.262+0000] {logging_mixin.py:154} INFO - [2023-11-07T19:57:06.261+0000] {dag.py:3722} INFO - Setting next_dagrun for example_dynamic_task_mapping_with_no_taskflow_operators to 2023-11-06T19:57:06.261389+00:00, run_after=2023-11-07T19:57:06.261389+00:00
[2023-11-07T19:57:06.288+0000] {processor.py:179} INFO - Processing /usr/local/lib/python3.10/dist-packages/airflow/example_dags/example_dynamic_task_mapping_with_no_taskflow_operators.py took 0.133 seconds
[2023-11-07T19:57:57.878+0000] {processor.py:157} INFO - Started process (PID=5161) to work on /usr/local/lib/python3.10/dist-packages/airflow/example_dags/example_dynamic_task_mapping_with_no_taskflow_operators.py
[2023-11-07T19:57:57.879+0000] {processor.py:829} INFO - Processing file /usr/local/lib/python3.10/dist-packages/airflow/example_dags/example_dynamic_task_mapping_with_no_taskflow_operators.py for tasks to queue
[2023-11-07T19:57:57.880+0000] {logging_mixin.py:154} INFO - [2023-11-07T19:57:57.879+0000] {dagbag.py:536} INFO - Filling up the DagBag from /usr/local/lib/python3.10/dist-packages/airflow/example_dags/example_dynamic_task_mapping_with_no_taskflow_operators.py
[2023-11-07T19:57:57.887+0000] {processor.py:839} INFO - DAG(s) dict_keys(['example_dynamic_task_mapping_with_no_taskflow_operators']) retrieved from /usr/local/lib/python3.10/dist-packages/airflow/example_dags/example_dynamic_task_mapping_with_no_taskflow_operators.py
[2023-11-07T19:57:57.902+0000] {logging_mixin.py:154} INFO - [2023-11-07T19:57:57.902+0000] {dag.py:2941} INFO - Sync 1 DAGs
[2023-11-07T19:57:57.921+0000] {logging_mixin.py:154} INFO - [2023-11-07T19:57:57.921+0000] {dag.py:3722} INFO - Setting next_dagrun for example_dynamic_task_mapping_with_no_taskflow_operators to 2023-11-06T19:57:57.920927+00:00, run_after=2023-11-07T19:57:57.920927+00:00
[2023-11-07T19:57:57.940+0000] {processor.py:179} INFO - Processing /usr/local/lib/python3.10/dist-packages/airflow/example_dags/example_dynamic_task_mapping_with_no_taskflow_operators.py took 0.066 seconds
[2023-11-07T19:58:45.060+0000] {processor.py:157} INFO - Started process (PID=5209) to work on /usr/local/lib/python3.10/dist-packages/airflow/example_dags/example_dynamic_task_mapping_with_no_taskflow_operators.py
[2023-11-07T19:58:45.061+0000] {processor.py:829} INFO - Processing file /usr/local/lib/python3.10/dist-packages/airflow/example_dags/example_dynamic_task_mapping_with_no_taskflow_operators.py for tasks to queue
[2023-11-07T19:58:45.064+0000] {logging_mixin.py:154} INFO - [2023-11-07T19:58:45.063+0000] {dagbag.py:536} INFO - Filling up the DagBag from /usr/local/lib/python3.10/dist-packages/airflow/example_dags/example_dynamic_task_mapping_with_no_taskflow_operators.py
[2023-11-07T19:58:45.076+0000] {processor.py:839} INFO - DAG(s) dict_keys(['example_dynamic_task_mapping_with_no_taskflow_operators']) retrieved from /usr/local/lib/python3.10/dist-packages/airflow/example_dags/example_dynamic_task_mapping_with_no_taskflow_operators.py
[2023-11-07T19:58:45.092+0000] {logging_mixin.py:154} INFO - [2023-11-07T19:58:45.092+0000] {dag.py:2941} INFO - Sync 1 DAGs
[2023-11-07T19:58:45.113+0000] {logging_mixin.py:154} INFO - [2023-11-07T19:58:45.112+0000] {dag.py:3722} INFO - Setting next_dagrun for example_dynamic_task_mapping_with_no_taskflow_operators to 2023-11-06T19:58:45.112451+00:00, run_after=2023-11-07T19:58:45.112451+00:00
[2023-11-07T19:58:45.135+0000] {processor.py:179} INFO - Processing /usr/local/lib/python3.10/dist-packages/airflow/example_dags/example_dynamic_task_mapping_with_no_taskflow_operators.py took 0.079 seconds
[2023-11-07T19:59:35.267+0000] {processor.py:157} INFO - Started process (PID=5261) to work on /usr/local/lib/python3.10/dist-packages/airflow/example_dags/example_dynamic_task_mapping_with_no_taskflow_operators.py
[2023-11-07T19:59:35.268+0000] {processor.py:829} INFO - Processing file /usr/local/lib/python3.10/dist-packages/airflow/example_dags/example_dynamic_task_mapping_with_no_taskflow_operators.py for tasks to queue
[2023-11-07T19:59:35.269+0000] {logging_mixin.py:154} INFO - [2023-11-07T19:59:35.269+0000] {dagbag.py:536} INFO - Filling up the DagBag from /usr/local/lib/python3.10/dist-packages/airflow/example_dags/example_dynamic_task_mapping_with_no_taskflow_operators.py
[2023-11-07T19:59:35.278+0000] {processor.py:839} INFO - DAG(s) dict_keys(['example_dynamic_task_mapping_with_no_taskflow_operators']) retrieved from /usr/local/lib/python3.10/dist-packages/airflow/example_dags/example_dynamic_task_mapping_with_no_taskflow_operators.py
[2023-11-07T19:59:35.301+0000] {logging_mixin.py:154} INFO - [2023-11-07T19:59:35.301+0000] {dag.py:2941} INFO - Sync 1 DAGs
[2023-11-07T19:59:35.323+0000] {logging_mixin.py:154} INFO - [2023-11-07T19:59:35.322+0000] {dag.py:3722} INFO - Setting next_dagrun for example_dynamic_task_mapping_with_no_taskflow_operators to 2023-11-06T19:59:35.322587+00:00, run_after=2023-11-07T19:59:35.322587+00:00
[2023-11-07T19:59:35.352+0000] {processor.py:179} INFO - Processing /usr/local/lib/python3.10/dist-packages/airflow/example_dags/example_dynamic_task_mapping_with_no_taskflow_operators.py took 0.089 seconds
[2023-11-07T20:00:29.026+0000] {processor.py:157} INFO - Started process (PID=5314) to work on /usr/local/lib/python3.10/dist-packages/airflow/example_dags/example_dynamic_task_mapping_with_no_taskflow_operators.py
[2023-11-07T20:00:29.027+0000] {processor.py:829} INFO - Processing file /usr/local/lib/python3.10/dist-packages/airflow/example_dags/example_dynamic_task_mapping_with_no_taskflow_operators.py for tasks to queue
[2023-11-07T20:00:29.028+0000] {logging_mixin.py:154} INFO - [2023-11-07T20:00:29.028+0000] {dagbag.py:536} INFO - Filling up the DagBag from /usr/local/lib/python3.10/dist-packages/airflow/example_dags/example_dynamic_task_mapping_with_no_taskflow_operators.py
[2023-11-07T20:00:29.036+0000] {processor.py:839} INFO - DAG(s) dict_keys(['example_dynamic_task_mapping_with_no_taskflow_operators']) retrieved from /usr/local/lib/python3.10/dist-packages/airflow/example_dags/example_dynamic_task_mapping_with_no_taskflow_operators.py
[2023-11-07T20:00:29.053+0000] {logging_mixin.py:154} INFO - [2023-11-07T20:00:29.052+0000] {dag.py:2941} INFO - Sync 1 DAGs
[2023-11-07T20:00:29.076+0000] {logging_mixin.py:154} INFO - [2023-11-07T20:00:29.075+0000] {dag.py:3722} INFO - Setting next_dagrun for example_dynamic_task_mapping_with_no_taskflow_operators to 2023-11-06T20:00:29.075244+00:00, run_after=2023-11-07T20:00:29.075244+00:00
[2023-11-07T20:00:29.100+0000] {processor.py:179} INFO - Processing /usr/local/lib/python3.10/dist-packages/airflow/example_dags/example_dynamic_task_mapping_with_no_taskflow_operators.py took 0.077 seconds
[2023-11-07T20:01:24.033+0000] {processor.py:157} INFO - Started process (PID=5368) to work on /usr/local/lib/python3.10/dist-packages/airflow/example_dags/example_dynamic_task_mapping_with_no_taskflow_operators.py
[2023-11-07T20:01:24.035+0000] {processor.py:829} INFO - Processing file /usr/local/lib/python3.10/dist-packages/airflow/example_dags/example_dynamic_task_mapping_with_no_taskflow_operators.py for tasks to queue
[2023-11-07T20:01:24.036+0000] {logging_mixin.py:154} INFO - [2023-11-07T20:01:24.036+0000] {dagbag.py:536} INFO - Filling up the DagBag from /usr/local/lib/python3.10/dist-packages/airflow/example_dags/example_dynamic_task_mapping_with_no_taskflow_operators.py
[2023-11-07T20:01:24.052+0000] {processor.py:839} INFO - DAG(s) dict_keys(['example_dynamic_task_mapping_with_no_taskflow_operators']) retrieved from /usr/local/lib/python3.10/dist-packages/airflow/example_dags/example_dynamic_task_mapping_with_no_taskflow_operators.py
[2023-11-07T20:01:24.084+0000] {logging_mixin.py:154} INFO - [2023-11-07T20:01:24.083+0000] {dag.py:2941} INFO - Sync 1 DAGs
[2023-11-07T20:01:24.107+0000] {logging_mixin.py:154} INFO - [2023-11-07T20:01:24.106+0000] {dag.py:3722} INFO - Setting next_dagrun for example_dynamic_task_mapping_with_no_taskflow_operators to 2023-11-06T20:01:24.106742+00:00, run_after=2023-11-07T20:01:24.106742+00:00
[2023-11-07T20:01:24.138+0000] {processor.py:179} INFO - Processing /usr/local/lib/python3.10/dist-packages/airflow/example_dags/example_dynamic_task_mapping_with_no_taskflow_operators.py took 0.112 seconds
[2023-11-07T20:02:06.145+0000] {processor.py:157} INFO - Started process (PID=5414) to work on /usr/local/lib/python3.10/dist-packages/airflow/example_dags/example_dynamic_task_mapping_with_no_taskflow_operators.py
[2023-11-07T20:02:06.146+0000] {processor.py:829} INFO - Processing file /usr/local/lib/python3.10/dist-packages/airflow/example_dags/example_dynamic_task_mapping_with_no_taskflow_operators.py for tasks to queue
[2023-11-07T20:02:06.147+0000] {logging_mixin.py:154} INFO - [2023-11-07T20:02:06.147+0000] {dagbag.py:536} INFO - Filling up the DagBag from /usr/local/lib/python3.10/dist-packages/airflow/example_dags/example_dynamic_task_mapping_with_no_taskflow_operators.py
[2023-11-07T20:02:06.154+0000] {processor.py:839} INFO - DAG(s) dict_keys(['example_dynamic_task_mapping_with_no_taskflow_operators']) retrieved from /usr/local/lib/python3.10/dist-packages/airflow/example_dags/example_dynamic_task_mapping_with_no_taskflow_operators.py
[2023-11-07T20:02:06.170+0000] {logging_mixin.py:154} INFO - [2023-11-07T20:02:06.170+0000] {dag.py:2941} INFO - Sync 1 DAGs
[2023-11-07T20:02:06.188+0000] {logging_mixin.py:154} INFO - [2023-11-07T20:02:06.188+0000] {dag.py:3722} INFO - Setting next_dagrun for example_dynamic_task_mapping_with_no_taskflow_operators to 2023-11-06T20:02:06.188469+00:00, run_after=2023-11-07T20:02:06.188469+00:00
[2023-11-07T20:02:06.209+0000] {processor.py:179} INFO - Processing /usr/local/lib/python3.10/dist-packages/airflow/example_dags/example_dynamic_task_mapping_with_no_taskflow_operators.py took 0.067 seconds
[2023-11-07T20:02:56.547+0000] {processor.py:157} INFO - Started process (PID=5466) to work on /usr/local/lib/python3.10/dist-packages/airflow/example_dags/example_dynamic_task_mapping_with_no_taskflow_operators.py
[2023-11-07T20:02:56.549+0000] {processor.py:829} INFO - Processing file /usr/local/lib/python3.10/dist-packages/airflow/example_dags/example_dynamic_task_mapping_with_no_taskflow_operators.py for tasks to queue
[2023-11-07T20:02:56.550+0000] {logging_mixin.py:154} INFO - [2023-11-07T20:02:56.549+0000] {dagbag.py:536} INFO - Filling up the DagBag from /usr/local/lib/python3.10/dist-packages/airflow/example_dags/example_dynamic_task_mapping_with_no_taskflow_operators.py
[2023-11-07T20:02:56.557+0000] {processor.py:839} INFO - DAG(s) dict_keys(['example_dynamic_task_mapping_with_no_taskflow_operators']) retrieved from /usr/local/lib/python3.10/dist-packages/airflow/example_dags/example_dynamic_task_mapping_with_no_taskflow_operators.py
[2023-11-07T20:02:56.572+0000] {logging_mixin.py:154} INFO - [2023-11-07T20:02:56.571+0000] {dag.py:2941} INFO - Sync 1 DAGs
[2023-11-07T20:02:56.590+0000] {logging_mixin.py:154} INFO - [2023-11-07T20:02:56.589+0000] {dag.py:3722} INFO - Setting next_dagrun for example_dynamic_task_mapping_with_no_taskflow_operators to 2023-11-06T20:02:56.589515+00:00, run_after=2023-11-07T20:02:56.589515+00:00
[2023-11-07T20:02:56.615+0000] {processor.py:179} INFO - Processing /usr/local/lib/python3.10/dist-packages/airflow/example_dags/example_dynamic_task_mapping_with_no_taskflow_operators.py took 0.071 seconds
[2023-11-07T20:03:46.386+0000] {processor.py:157} INFO - Started process (PID=5518) to work on /usr/local/lib/python3.10/dist-packages/airflow/example_dags/example_dynamic_task_mapping_with_no_taskflow_operators.py
[2023-11-07T20:03:46.388+0000] {processor.py:829} INFO - Processing file /usr/local/lib/python3.10/dist-packages/airflow/example_dags/example_dynamic_task_mapping_with_no_taskflow_operators.py for tasks to queue
[2023-11-07T20:03:46.389+0000] {logging_mixin.py:154} INFO - [2023-11-07T20:03:46.388+0000] {dagbag.py:536} INFO - Filling up the DagBag from /usr/local/lib/python3.10/dist-packages/airflow/example_dags/example_dynamic_task_mapping_with_no_taskflow_operators.py
[2023-11-07T20:03:46.397+0000] {processor.py:839} INFO - DAG(s) dict_keys(['example_dynamic_task_mapping_with_no_taskflow_operators']) retrieved from /usr/local/lib/python3.10/dist-packages/airflow/example_dags/example_dynamic_task_mapping_with_no_taskflow_operators.py
[2023-11-07T20:03:46.415+0000] {logging_mixin.py:154} INFO - [2023-11-07T20:03:46.414+0000] {dag.py:2941} INFO - Sync 1 DAGs
[2023-11-07T20:03:46.437+0000] {logging_mixin.py:154} INFO - [2023-11-07T20:03:46.437+0000] {dag.py:3722} INFO - Setting next_dagrun for example_dynamic_task_mapping_with_no_taskflow_operators to 2023-11-06T20:03:46.437505+00:00, run_after=2023-11-07T20:03:46.437505+00:00
[2023-11-07T20:03:46.470+0000] {processor.py:179} INFO - Processing /usr/local/lib/python3.10/dist-packages/airflow/example_dags/example_dynamic_task_mapping_with_no_taskflow_operators.py took 0.088 seconds
[2023-11-07T20:04:34.154+0000] {processor.py:157} INFO - Started process (PID=5567) to work on /usr/local/lib/python3.10/dist-packages/airflow/example_dags/example_dynamic_task_mapping_with_no_taskflow_operators.py
[2023-11-07T20:04:34.155+0000] {processor.py:829} INFO - Processing file /usr/local/lib/python3.10/dist-packages/airflow/example_dags/example_dynamic_task_mapping_with_no_taskflow_operators.py for tasks to queue
[2023-11-07T20:04:34.155+0000] {logging_mixin.py:154} INFO - [2023-11-07T20:04:34.155+0000] {dagbag.py:536} INFO - Filling up the DagBag from /usr/local/lib/python3.10/dist-packages/airflow/example_dags/example_dynamic_task_mapping_with_no_taskflow_operators.py
[2023-11-07T20:04:34.163+0000] {processor.py:839} INFO - DAG(s) dict_keys(['example_dynamic_task_mapping_with_no_taskflow_operators']) retrieved from /usr/local/lib/python3.10/dist-packages/airflow/example_dags/example_dynamic_task_mapping_with_no_taskflow_operators.py
[2023-11-07T20:04:34.177+0000] {logging_mixin.py:154} INFO - [2023-11-07T20:04:34.177+0000] {dag.py:2941} INFO - Sync 1 DAGs
[2023-11-07T20:04:34.195+0000] {logging_mixin.py:154} INFO - [2023-11-07T20:04:34.195+0000] {dag.py:3722} INFO - Setting next_dagrun for example_dynamic_task_mapping_with_no_taskflow_operators to 2023-11-06T20:04:34.195489+00:00, run_after=2023-11-07T20:04:34.195489+00:00
[2023-11-07T20:04:34.215+0000] {processor.py:179} INFO - Processing /usr/local/lib/python3.10/dist-packages/airflow/example_dags/example_dynamic_task_mapping_with_no_taskflow_operators.py took 0.065 seconds
[2023-11-07T20:05:23.943+0000] {processor.py:157} INFO - Started process (PID=5618) to work on /usr/local/lib/python3.10/dist-packages/airflow/example_dags/example_dynamic_task_mapping_with_no_taskflow_operators.py
[2023-11-07T20:05:23.944+0000] {processor.py:829} INFO - Processing file /usr/local/lib/python3.10/dist-packages/airflow/example_dags/example_dynamic_task_mapping_with_no_taskflow_operators.py for tasks to queue
[2023-11-07T20:05:23.945+0000] {logging_mixin.py:154} INFO - [2023-11-07T20:05:23.944+0000] {dagbag.py:536} INFO - Filling up the DagBag from /usr/local/lib/python3.10/dist-packages/airflow/example_dags/example_dynamic_task_mapping_with_no_taskflow_operators.py
[2023-11-07T20:05:23.953+0000] {processor.py:839} INFO - DAG(s) dict_keys(['example_dynamic_task_mapping_with_no_taskflow_operators']) retrieved from /usr/local/lib/python3.10/dist-packages/airflow/example_dags/example_dynamic_task_mapping_with_no_taskflow_operators.py
[2023-11-07T20:05:23.970+0000] {logging_mixin.py:154} INFO - [2023-11-07T20:05:23.969+0000] {dag.py:2941} INFO - Sync 1 DAGs
[2023-11-07T20:05:23.993+0000] {logging_mixin.py:154} INFO - [2023-11-07T20:05:23.993+0000] {dag.py:3722} INFO - Setting next_dagrun for example_dynamic_task_mapping_with_no_taskflow_operators to 2023-11-06T20:05:23.993023+00:00, run_after=2023-11-07T20:05:23.993023+00:00
[2023-11-07T20:05:24.016+0000] {processor.py:179} INFO - Processing /usr/local/lib/python3.10/dist-packages/airflow/example_dags/example_dynamic_task_mapping_with_no_taskflow_operators.py took 0.077 seconds
[2023-11-07T20:06:13.396+0000] {processor.py:157} INFO - Started process (PID=5669) to work on /usr/local/lib/python3.10/dist-packages/airflow/example_dags/example_dynamic_task_mapping_with_no_taskflow_operators.py
[2023-11-07T20:06:13.397+0000] {processor.py:829} INFO - Processing file /usr/local/lib/python3.10/dist-packages/airflow/example_dags/example_dynamic_task_mapping_with_no_taskflow_operators.py for tasks to queue
[2023-11-07T20:06:13.397+0000] {logging_mixin.py:154} INFO - [2023-11-07T20:06:13.397+0000] {dagbag.py:536} INFO - Filling up the DagBag from /usr/local/lib/python3.10/dist-packages/airflow/example_dags/example_dynamic_task_mapping_with_no_taskflow_operators.py
[2023-11-07T20:06:13.406+0000] {processor.py:839} INFO - DAG(s) dict_keys(['example_dynamic_task_mapping_with_no_taskflow_operators']) retrieved from /usr/local/lib/python3.10/dist-packages/airflow/example_dags/example_dynamic_task_mapping_with_no_taskflow_operators.py
[2023-11-07T20:06:13.421+0000] {logging_mixin.py:154} INFO - [2023-11-07T20:06:13.421+0000] {dag.py:2941} INFO - Sync 1 DAGs
[2023-11-07T20:06:13.441+0000] {logging_mixin.py:154} INFO - [2023-11-07T20:06:13.441+0000] {dag.py:3722} INFO - Setting next_dagrun for example_dynamic_task_mapping_with_no_taskflow_operators to 2023-11-06T20:06:13.441170+00:00, run_after=2023-11-07T20:06:13.441170+00:00
[2023-11-07T20:06:13.464+0000] {processor.py:179} INFO - Processing /usr/local/lib/python3.10/dist-packages/airflow/example_dags/example_dynamic_task_mapping_with_no_taskflow_operators.py took 0.072 seconds
[2023-11-07T20:07:03.502+0000] {processor.py:157} INFO - Started process (PID=5720) to work on /usr/local/lib/python3.10/dist-packages/airflow/example_dags/example_dynamic_task_mapping_with_no_taskflow_operators.py
[2023-11-07T20:07:03.503+0000] {processor.py:829} INFO - Processing file /usr/local/lib/python3.10/dist-packages/airflow/example_dags/example_dynamic_task_mapping_with_no_taskflow_operators.py for tasks to queue
[2023-11-07T20:07:03.504+0000] {logging_mixin.py:154} INFO - [2023-11-07T20:07:03.504+0000] {dagbag.py:536} INFO - Filling up the DagBag from /usr/local/lib/python3.10/dist-packages/airflow/example_dags/example_dynamic_task_mapping_with_no_taskflow_operators.py
[2023-11-07T20:07:03.516+0000] {processor.py:839} INFO - DAG(s) dict_keys(['example_dynamic_task_mapping_with_no_taskflow_operators']) retrieved from /usr/local/lib/python3.10/dist-packages/airflow/example_dags/example_dynamic_task_mapping_with_no_taskflow_operators.py
[2023-11-07T20:07:03.534+0000] {logging_mixin.py:154} INFO - [2023-11-07T20:07:03.533+0000] {dag.py:2941} INFO - Sync 1 DAGs
[2023-11-07T20:07:03.559+0000] {logging_mixin.py:154} INFO - [2023-11-07T20:07:03.558+0000] {dag.py:3722} INFO - Setting next_dagrun for example_dynamic_task_mapping_with_no_taskflow_operators to 2023-11-06T20:07:03.558578+00:00, run_after=2023-11-07T20:07:03.558578+00:00
[2023-11-07T20:07:03.583+0000] {processor.py:179} INFO - Processing /usr/local/lib/python3.10/dist-packages/airflow/example_dags/example_dynamic_task_mapping_with_no_taskflow_operators.py took 0.085 seconds
[2023-11-07T20:07:53.472+0000] {processor.py:157} INFO - Started process (PID=5773) to work on /usr/local/lib/python3.10/dist-packages/airflow/example_dags/example_dynamic_task_mapping_with_no_taskflow_operators.py
[2023-11-07T20:07:53.473+0000] {processor.py:829} INFO - Processing file /usr/local/lib/python3.10/dist-packages/airflow/example_dags/example_dynamic_task_mapping_with_no_taskflow_operators.py for tasks to queue
[2023-11-07T20:07:53.479+0000] {logging_mixin.py:154} INFO - [2023-11-07T20:07:53.479+0000] {dagbag.py:536} INFO - Filling up the DagBag from /usr/local/lib/python3.10/dist-packages/airflow/example_dags/example_dynamic_task_mapping_with_no_taskflow_operators.py
[2023-11-07T20:07:53.493+0000] {processor.py:839} INFO - DAG(s) dict_keys(['example_dynamic_task_mapping_with_no_taskflow_operators']) retrieved from /usr/local/lib/python3.10/dist-packages/airflow/example_dags/example_dynamic_task_mapping_with_no_taskflow_operators.py
[2023-11-07T20:07:53.517+0000] {logging_mixin.py:154} INFO - [2023-11-07T20:07:53.516+0000] {dag.py:2941} INFO - Sync 1 DAGs
[2023-11-07T20:07:53.535+0000] {logging_mixin.py:154} INFO - [2023-11-07T20:07:53.535+0000] {dag.py:3722} INFO - Setting next_dagrun for example_dynamic_task_mapping_with_no_taskflow_operators to 2023-11-06T20:07:53.535168+00:00, run_after=2023-11-07T20:07:53.535168+00:00
[2023-11-07T20:07:53.557+0000] {processor.py:179} INFO - Processing /usr/local/lib/python3.10/dist-packages/airflow/example_dags/example_dynamic_task_mapping_with_no_taskflow_operators.py took 0.087 seconds
