[2023-11-07T19:32:10.759+0000] {processor.py:157} INFO - Started process (PID=3584) to work on /usr/local/lib/python3.10/dist-packages/airflow/example_dags/example_complex.py
[2023-11-07T19:32:10.760+0000] {processor.py:829} INFO - Processing file /usr/local/lib/python3.10/dist-packages/airflow/example_dags/example_complex.py for tasks to queue
[2023-11-07T19:32:10.760+0000] {logging_mixin.py:154} INFO - [2023-11-07T19:32:10.760+0000] {dagbag.py:536} INFO - Filling up the DagBag from /usr/local/lib/python3.10/dist-packages/airflow/example_dags/example_complex.py
[2023-11-07T19:32:10.771+0000] {processor.py:839} INFO - DAG(s) dict_keys(['example_complex']) retrieved from /usr/local/lib/python3.10/dist-packages/airflow/example_dags/example_complex.py
[2023-11-07T19:32:10.891+0000] {logging_mixin.py:154} INFO - [2023-11-07T19:32:10.891+0000] {manager.py:499} INFO - Created Permission View: %s
[2023-11-07T19:32:10.912+0000] {logging_mixin.py:154} INFO - [2023-11-07T19:32:10.911+0000] {manager.py:499} INFO - Created Permission View: %s
[2023-11-07T19:32:10.931+0000] {logging_mixin.py:154} INFO - [2023-11-07T19:32:10.931+0000] {manager.py:499} INFO - Created Permission View: %s
[2023-11-07T19:32:10.932+0000] {logging_mixin.py:154} INFO - [2023-11-07T19:32:10.932+0000] {dag.py:2941} INFO - Sync 1 DAGs
[2023-11-07T19:32:10.956+0000] {logging_mixin.py:154} INFO - [2023-11-07T19:32:10.955+0000] {dag.py:2963} INFO - Creating ORM DAG for example_complex
[2023-11-07T19:32:10.956+0000] {logging_mixin.py:154} INFO - [2023-11-07T19:32:10.956+0000] {dag.py:3722} INFO - Setting next_dagrun for example_complex to None, run_after=None
[2023-11-07T19:32:10.983+0000] {processor.py:179} INFO - Processing /usr/local/lib/python3.10/dist-packages/airflow/example_dags/example_complex.py took 0.227 seconds
[2023-11-07T19:32:58.948+0000] {processor.py:157} INFO - Started process (PID=3631) to work on /usr/local/lib/python3.10/dist-packages/airflow/example_dags/example_complex.py
[2023-11-07T19:32:58.949+0000] {processor.py:829} INFO - Processing file /usr/local/lib/python3.10/dist-packages/airflow/example_dags/example_complex.py for tasks to queue
[2023-11-07T19:32:58.950+0000] {logging_mixin.py:154} INFO - [2023-11-07T19:32:58.950+0000] {dagbag.py:536} INFO - Filling up the DagBag from /usr/local/lib/python3.10/dist-packages/airflow/example_dags/example_complex.py
[2023-11-07T19:32:58.960+0000] {processor.py:839} INFO - DAG(s) dict_keys(['example_complex']) retrieved from /usr/local/lib/python3.10/dist-packages/airflow/example_dags/example_complex.py
[2023-11-07T19:32:58.985+0000] {logging_mixin.py:154} INFO - [2023-11-07T19:32:58.984+0000] {dag.py:2941} INFO - Sync 1 DAGs
[2023-11-07T19:32:58.995+0000] {logging_mixin.py:154} INFO - [2023-11-07T19:32:58.995+0000] {dag.py:3722} INFO - Setting next_dagrun for example_complex to None, run_after=None
[2023-11-07T19:32:59.015+0000] {processor.py:179} INFO - Processing /usr/local/lib/python3.10/dist-packages/airflow/example_dags/example_complex.py took 0.070 seconds
[2023-11-07T19:33:45.743+0000] {processor.py:157} INFO - Started process (PID=3680) to work on /usr/local/lib/python3.10/dist-packages/airflow/example_dags/example_complex.py
[2023-11-07T19:33:45.744+0000] {processor.py:829} INFO - Processing file /usr/local/lib/python3.10/dist-packages/airflow/example_dags/example_complex.py for tasks to queue
[2023-11-07T19:33:45.745+0000] {logging_mixin.py:154} INFO - [2023-11-07T19:33:45.745+0000] {dagbag.py:536} INFO - Filling up the DagBag from /usr/local/lib/python3.10/dist-packages/airflow/example_dags/example_complex.py
[2023-11-07T19:33:45.755+0000] {processor.py:839} INFO - DAG(s) dict_keys(['example_complex']) retrieved from /usr/local/lib/python3.10/dist-packages/airflow/example_dags/example_complex.py
[2023-11-07T19:33:45.780+0000] {logging_mixin.py:154} INFO - [2023-11-07T19:33:45.780+0000] {dag.py:2941} INFO - Sync 1 DAGs
[2023-11-07T19:33:45.791+0000] {logging_mixin.py:154} INFO - [2023-11-07T19:33:45.791+0000] {dag.py:3722} INFO - Setting next_dagrun for example_complex to None, run_after=None
[2023-11-07T19:33:45.810+0000] {processor.py:179} INFO - Processing /usr/local/lib/python3.10/dist-packages/airflow/example_dags/example_complex.py took 0.070 seconds
[2023-11-07T19:34:35.102+0000] {processor.py:157} INFO - Started process (PID=3731) to work on /usr/local/lib/python3.10/dist-packages/airflow/example_dags/example_complex.py
[2023-11-07T19:34:35.104+0000] {processor.py:829} INFO - Processing file /usr/local/lib/python3.10/dist-packages/airflow/example_dags/example_complex.py for tasks to queue
[2023-11-07T19:34:35.104+0000] {logging_mixin.py:154} INFO - [2023-11-07T19:34:35.104+0000] {dagbag.py:536} INFO - Filling up the DagBag from /usr/local/lib/python3.10/dist-packages/airflow/example_dags/example_complex.py
[2023-11-07T19:34:35.118+0000] {processor.py:839} INFO - DAG(s) dict_keys(['example_complex']) retrieved from /usr/local/lib/python3.10/dist-packages/airflow/example_dags/example_complex.py
[2023-11-07T19:34:35.144+0000] {logging_mixin.py:154} INFO - [2023-11-07T19:34:35.144+0000] {dag.py:2941} INFO - Sync 1 DAGs
[2023-11-07T19:34:35.156+0000] {logging_mixin.py:154} INFO - [2023-11-07T19:34:35.156+0000] {dag.py:3722} INFO - Setting next_dagrun for example_complex to None, run_after=None
[2023-11-07T19:34:35.181+0000] {processor.py:179} INFO - Processing /usr/local/lib/python3.10/dist-packages/airflow/example_dags/example_complex.py took 0.083 seconds
[2023-11-07T19:35:19.403+0000] {processor.py:157} INFO - Started process (PID=3778) to work on /usr/local/lib/python3.10/dist-packages/airflow/example_dags/example_complex.py
[2023-11-07T19:35:19.405+0000] {processor.py:829} INFO - Processing file /usr/local/lib/python3.10/dist-packages/airflow/example_dags/example_complex.py for tasks to queue
[2023-11-07T19:35:19.406+0000] {logging_mixin.py:154} INFO - [2023-11-07T19:35:19.405+0000] {dagbag.py:536} INFO - Filling up the DagBag from /usr/local/lib/python3.10/dist-packages/airflow/example_dags/example_complex.py
[2023-11-07T19:35:19.416+0000] {processor.py:839} INFO - DAG(s) dict_keys(['example_complex']) retrieved from /usr/local/lib/python3.10/dist-packages/airflow/example_dags/example_complex.py
[2023-11-07T19:35:19.442+0000] {logging_mixin.py:154} INFO - [2023-11-07T19:35:19.442+0000] {dag.py:2941} INFO - Sync 1 DAGs
[2023-11-07T19:35:19.454+0000] {logging_mixin.py:154} INFO - [2023-11-07T19:35:19.453+0000] {dag.py:3722} INFO - Setting next_dagrun for example_complex to None, run_after=None
[2023-11-07T19:35:19.476+0000] {processor.py:179} INFO - Processing /usr/local/lib/python3.10/dist-packages/airflow/example_dags/example_complex.py took 0.076 seconds
[2023-11-07T19:36:05.532+0000] {processor.py:157} INFO - Started process (PID=3827) to work on /usr/local/lib/python3.10/dist-packages/airflow/example_dags/example_complex.py
[2023-11-07T19:36:05.533+0000] {processor.py:829} INFO - Processing file /usr/local/lib/python3.10/dist-packages/airflow/example_dags/example_complex.py for tasks to queue
[2023-11-07T19:36:05.534+0000] {logging_mixin.py:154} INFO - [2023-11-07T19:36:05.534+0000] {dagbag.py:536} INFO - Filling up the DagBag from /usr/local/lib/python3.10/dist-packages/airflow/example_dags/example_complex.py
[2023-11-07T19:36:05.545+0000] {processor.py:839} INFO - DAG(s) dict_keys(['example_complex']) retrieved from /usr/local/lib/python3.10/dist-packages/airflow/example_dags/example_complex.py
[2023-11-07T19:36:05.576+0000] {logging_mixin.py:154} INFO - [2023-11-07T19:36:05.576+0000] {dag.py:2941} INFO - Sync 1 DAGs
[2023-11-07T19:36:05.592+0000] {logging_mixin.py:154} INFO - [2023-11-07T19:36:05.592+0000] {dag.py:3722} INFO - Setting next_dagrun for example_complex to None, run_after=None
[2023-11-07T19:36:05.627+0000] {processor.py:179} INFO - Processing /usr/local/lib/python3.10/dist-packages/airflow/example_dags/example_complex.py took 0.099 seconds
[2023-11-07T19:36:57.492+0000] {processor.py:157} INFO - Started process (PID=3879) to work on /usr/local/lib/python3.10/dist-packages/airflow/example_dags/example_complex.py
[2023-11-07T19:36:57.494+0000] {processor.py:829} INFO - Processing file /usr/local/lib/python3.10/dist-packages/airflow/example_dags/example_complex.py for tasks to queue
[2023-11-07T19:36:57.496+0000] {logging_mixin.py:154} INFO - [2023-11-07T19:36:57.495+0000] {dagbag.py:536} INFO - Filling up the DagBag from /usr/local/lib/python3.10/dist-packages/airflow/example_dags/example_complex.py
[2023-11-07T19:36:57.508+0000] {processor.py:839} INFO - DAG(s) dict_keys(['example_complex']) retrieved from /usr/local/lib/python3.10/dist-packages/airflow/example_dags/example_complex.py
[2023-11-07T19:36:57.535+0000] {logging_mixin.py:154} INFO - [2023-11-07T19:36:57.535+0000] {dag.py:2941} INFO - Sync 1 DAGs
[2023-11-07T19:36:57.546+0000] {logging_mixin.py:154} INFO - [2023-11-07T19:36:57.546+0000] {dag.py:3722} INFO - Setting next_dagrun for example_complex to None, run_after=None
[2023-11-07T19:36:57.571+0000] {processor.py:179} INFO - Processing /usr/local/lib/python3.10/dist-packages/airflow/example_dags/example_complex.py took 0.082 seconds
[2023-11-07T19:37:47.221+0000] {processor.py:157} INFO - Started process (PID=3931) to work on /usr/local/lib/python3.10/dist-packages/airflow/example_dags/example_complex.py
[2023-11-07T19:37:47.222+0000] {processor.py:829} INFO - Processing file /usr/local/lib/python3.10/dist-packages/airflow/example_dags/example_complex.py for tasks to queue
[2023-11-07T19:37:47.223+0000] {logging_mixin.py:154} INFO - [2023-11-07T19:37:47.222+0000] {dagbag.py:536} INFO - Filling up the DagBag from /usr/local/lib/python3.10/dist-packages/airflow/example_dags/example_complex.py
[2023-11-07T19:37:47.236+0000] {processor.py:839} INFO - DAG(s) dict_keys(['example_complex']) retrieved from /usr/local/lib/python3.10/dist-packages/airflow/example_dags/example_complex.py
[2023-11-07T19:37:47.281+0000] {logging_mixin.py:154} INFO - [2023-11-07T19:37:47.281+0000] {dag.py:2941} INFO - Sync 1 DAGs
[2023-11-07T19:37:47.294+0000] {logging_mixin.py:154} INFO - [2023-11-07T19:37:47.293+0000] {dag.py:3722} INFO - Setting next_dagrun for example_complex to None, run_after=None
[2023-11-07T19:37:47.320+0000] {processor.py:179} INFO - Processing /usr/local/lib/python3.10/dist-packages/airflow/example_dags/example_complex.py took 0.103 seconds
[2023-11-07T19:38:35.296+0000] {processor.py:157} INFO - Started process (PID=3980) to work on /usr/local/lib/python3.10/dist-packages/airflow/example_dags/example_complex.py
[2023-11-07T19:38:35.297+0000] {processor.py:829} INFO - Processing file /usr/local/lib/python3.10/dist-packages/airflow/example_dags/example_complex.py for tasks to queue
[2023-11-07T19:38:35.298+0000] {logging_mixin.py:154} INFO - [2023-11-07T19:38:35.298+0000] {dagbag.py:536} INFO - Filling up the DagBag from /usr/local/lib/python3.10/dist-packages/airflow/example_dags/example_complex.py
[2023-11-07T19:38:35.308+0000] {processor.py:839} INFO - DAG(s) dict_keys(['example_complex']) retrieved from /usr/local/lib/python3.10/dist-packages/airflow/example_dags/example_complex.py
[2023-11-07T19:38:35.335+0000] {logging_mixin.py:154} INFO - [2023-11-07T19:38:35.335+0000] {dag.py:2941} INFO - Sync 1 DAGs
[2023-11-07T19:38:35.347+0000] {logging_mixin.py:154} INFO - [2023-11-07T19:38:35.347+0000] {dag.py:3722} INFO - Setting next_dagrun for example_complex to None, run_after=None
[2023-11-07T19:38:35.373+0000] {processor.py:179} INFO - Processing /usr/local/lib/python3.10/dist-packages/airflow/example_dags/example_complex.py took 0.080 seconds
[2023-11-07T19:39:21.399+0000] {processor.py:157} INFO - Started process (PID=4029) to work on /usr/local/lib/python3.10/dist-packages/airflow/example_dags/example_complex.py
[2023-11-07T19:39:21.400+0000] {processor.py:829} INFO - Processing file /usr/local/lib/python3.10/dist-packages/airflow/example_dags/example_complex.py for tasks to queue
[2023-11-07T19:39:21.401+0000] {logging_mixin.py:154} INFO - [2023-11-07T19:39:21.400+0000] {dagbag.py:536} INFO - Filling up the DagBag from /usr/local/lib/python3.10/dist-packages/airflow/example_dags/example_complex.py
[2023-11-07T19:39:21.411+0000] {processor.py:839} INFO - DAG(s) dict_keys(['example_complex']) retrieved from /usr/local/lib/python3.10/dist-packages/airflow/example_dags/example_complex.py
[2023-11-07T19:39:21.437+0000] {logging_mixin.py:154} INFO - [2023-11-07T19:39:21.437+0000] {dag.py:2941} INFO - Sync 1 DAGs
[2023-11-07T19:39:21.447+0000] {logging_mixin.py:154} INFO - [2023-11-07T19:39:21.447+0000] {dag.py:3722} INFO - Setting next_dagrun for example_complex to None, run_after=None
[2023-11-07T19:39:21.470+0000] {processor.py:179} INFO - Processing /usr/local/lib/python3.10/dist-packages/airflow/example_dags/example_complex.py took 0.074 seconds
[2023-11-07T19:40:09.561+0000] {processor.py:157} INFO - Started process (PID=4078) to work on /usr/local/lib/python3.10/dist-packages/airflow/example_dags/example_complex.py
[2023-11-07T19:40:09.562+0000] {processor.py:829} INFO - Processing file /usr/local/lib/python3.10/dist-packages/airflow/example_dags/example_complex.py for tasks to queue
[2023-11-07T19:40:09.563+0000] {logging_mixin.py:154} INFO - [2023-11-07T19:40:09.562+0000] {dagbag.py:536} INFO - Filling up the DagBag from /usr/local/lib/python3.10/dist-packages/airflow/example_dags/example_complex.py
[2023-11-07T19:40:09.574+0000] {processor.py:839} INFO - DAG(s) dict_keys(['example_complex']) retrieved from /usr/local/lib/python3.10/dist-packages/airflow/example_dags/example_complex.py
[2023-11-07T19:40:09.614+0000] {logging_mixin.py:154} INFO - [2023-11-07T19:40:09.614+0000] {dag.py:2941} INFO - Sync 1 DAGs
[2023-11-07T19:40:09.628+0000] {logging_mixin.py:154} INFO - [2023-11-07T19:40:09.628+0000] {dag.py:3722} INFO - Setting next_dagrun for example_complex to None, run_after=None
[2023-11-07T19:40:09.649+0000] {processor.py:179} INFO - Processing /usr/local/lib/python3.10/dist-packages/airflow/example_dags/example_complex.py took 0.091 seconds
[2023-11-07T19:41:02.878+0000] {processor.py:157} INFO - Started process (PID=4132) to work on /usr/local/lib/python3.10/dist-packages/airflow/example_dags/example_complex.py
[2023-11-07T19:41:02.882+0000] {processor.py:829} INFO - Processing file /usr/local/lib/python3.10/dist-packages/airflow/example_dags/example_complex.py for tasks to queue
[2023-11-07T19:41:02.883+0000] {logging_mixin.py:154} INFO - [2023-11-07T19:41:02.883+0000] {dagbag.py:536} INFO - Filling up the DagBag from /usr/local/lib/python3.10/dist-packages/airflow/example_dags/example_complex.py
[2023-11-07T19:41:02.907+0000] {processor.py:839} INFO - DAG(s) dict_keys(['example_complex']) retrieved from /usr/local/lib/python3.10/dist-packages/airflow/example_dags/example_complex.py
[2023-11-07T19:41:02.936+0000] {logging_mixin.py:154} INFO - [2023-11-07T19:41:02.936+0000] {dag.py:2941} INFO - Sync 1 DAGs
[2023-11-07T19:41:02.948+0000] {logging_mixin.py:154} INFO - [2023-11-07T19:41:02.948+0000] {dag.py:3722} INFO - Setting next_dagrun for example_complex to None, run_after=None
[2023-11-07T19:41:02.974+0000] {processor.py:179} INFO - Processing /usr/local/lib/python3.10/dist-packages/airflow/example_dags/example_complex.py took 0.104 seconds
[2023-11-07T19:41:51.089+0000] {processor.py:157} INFO - Started process (PID=4183) to work on /usr/local/lib/python3.10/dist-packages/airflow/example_dags/example_complex.py
[2023-11-07T19:41:51.091+0000] {processor.py:829} INFO - Processing file /usr/local/lib/python3.10/dist-packages/airflow/example_dags/example_complex.py for tasks to queue
[2023-11-07T19:41:51.094+0000] {logging_mixin.py:154} INFO - [2023-11-07T19:41:51.093+0000] {dagbag.py:536} INFO - Filling up the DagBag from /usr/local/lib/python3.10/dist-packages/airflow/example_dags/example_complex.py
[2023-11-07T19:41:51.107+0000] {processor.py:839} INFO - DAG(s) dict_keys(['example_complex']) retrieved from /usr/local/lib/python3.10/dist-packages/airflow/example_dags/example_complex.py
[2023-11-07T19:41:51.144+0000] {logging_mixin.py:154} INFO - [2023-11-07T19:41:51.144+0000] {dag.py:2941} INFO - Sync 1 DAGs
[2023-11-07T19:41:51.167+0000] {logging_mixin.py:154} INFO - [2023-11-07T19:41:51.166+0000] {dag.py:3722} INFO - Setting next_dagrun for example_complex to None, run_after=None
[2023-11-07T19:41:51.194+0000] {processor.py:179} INFO - Processing /usr/local/lib/python3.10/dist-packages/airflow/example_dags/example_complex.py took 0.109 seconds
[2023-11-07T19:42:39.598+0000] {processor.py:157} INFO - Started process (PID=4233) to work on /usr/local/lib/python3.10/dist-packages/airflow/example_dags/example_complex.py
[2023-11-07T19:42:39.600+0000] {processor.py:829} INFO - Processing file /usr/local/lib/python3.10/dist-packages/airflow/example_dags/example_complex.py for tasks to queue
[2023-11-07T19:42:39.601+0000] {logging_mixin.py:154} INFO - [2023-11-07T19:42:39.600+0000] {dagbag.py:536} INFO - Filling up the DagBag from /usr/local/lib/python3.10/dist-packages/airflow/example_dags/example_complex.py
[2023-11-07T19:42:39.612+0000] {processor.py:839} INFO - DAG(s) dict_keys(['example_complex']) retrieved from /usr/local/lib/python3.10/dist-packages/airflow/example_dags/example_complex.py
[2023-11-07T19:42:39.639+0000] {logging_mixin.py:154} INFO - [2023-11-07T19:42:39.639+0000] {dag.py:2941} INFO - Sync 1 DAGs
[2023-11-07T19:42:39.652+0000] {logging_mixin.py:154} INFO - [2023-11-07T19:42:39.651+0000] {dag.py:3722} INFO - Setting next_dagrun for example_complex to None, run_after=None
[2023-11-07T19:42:39.679+0000] {processor.py:179} INFO - Processing /usr/local/lib/python3.10/dist-packages/airflow/example_dags/example_complex.py took 0.085 seconds
[2023-11-07T19:43:29.220+0000] {processor.py:157} INFO - Started process (PID=4284) to work on /usr/local/lib/python3.10/dist-packages/airflow/example_dags/example_complex.py
[2023-11-07T19:43:29.221+0000] {processor.py:829} INFO - Processing file /usr/local/lib/python3.10/dist-packages/airflow/example_dags/example_complex.py for tasks to queue
[2023-11-07T19:43:29.222+0000] {logging_mixin.py:154} INFO - [2023-11-07T19:43:29.222+0000] {dagbag.py:536} INFO - Filling up the DagBag from /usr/local/lib/python3.10/dist-packages/airflow/example_dags/example_complex.py
[2023-11-07T19:43:29.240+0000] {processor.py:839} INFO - DAG(s) dict_keys(['example_complex']) retrieved from /usr/local/lib/python3.10/dist-packages/airflow/example_dags/example_complex.py
[2023-11-07T19:43:29.267+0000] {logging_mixin.py:154} INFO - [2023-11-07T19:43:29.267+0000] {dag.py:2941} INFO - Sync 1 DAGs
[2023-11-07T19:43:29.279+0000] {logging_mixin.py:154} INFO - [2023-11-07T19:43:29.279+0000] {dag.py:3722} INFO - Setting next_dagrun for example_complex to None, run_after=None
[2023-11-07T19:43:29.308+0000] {processor.py:179} INFO - Processing /usr/local/lib/python3.10/dist-packages/airflow/example_dags/example_complex.py took 0.092 seconds
[2023-11-07T19:44:18.255+0000] {processor.py:157} INFO - Started process (PID=4334) to work on /usr/local/lib/python3.10/dist-packages/airflow/example_dags/example_complex.py
[2023-11-07T19:44:18.256+0000] {processor.py:829} INFO - Processing file /usr/local/lib/python3.10/dist-packages/airflow/example_dags/example_complex.py for tasks to queue
[2023-11-07T19:44:18.257+0000] {logging_mixin.py:154} INFO - [2023-11-07T19:44:18.256+0000] {dagbag.py:536} INFO - Filling up the DagBag from /usr/local/lib/python3.10/dist-packages/airflow/example_dags/example_complex.py
[2023-11-07T19:44:18.269+0000] {processor.py:839} INFO - DAG(s) dict_keys(['example_complex']) retrieved from /usr/local/lib/python3.10/dist-packages/airflow/example_dags/example_complex.py
[2023-11-07T19:44:18.298+0000] {logging_mixin.py:154} INFO - [2023-11-07T19:44:18.298+0000] {dag.py:2941} INFO - Sync 1 DAGs
[2023-11-07T19:44:18.310+0000] {logging_mixin.py:154} INFO - [2023-11-07T19:44:18.310+0000] {dag.py:3722} INFO - Setting next_dagrun for example_complex to None, run_after=None
[2023-11-07T19:44:18.336+0000] {processor.py:179} INFO - Processing /usr/local/lib/python3.10/dist-packages/airflow/example_dags/example_complex.py took 0.085 seconds
[2023-11-07T19:45:13.425+0000] {processor.py:157} INFO - Started process (PID=4387) to work on /usr/local/lib/python3.10/dist-packages/airflow/example_dags/example_complex.py
[2023-11-07T19:45:13.427+0000] {processor.py:829} INFO - Processing file /usr/local/lib/python3.10/dist-packages/airflow/example_dags/example_complex.py for tasks to queue
[2023-11-07T19:45:13.430+0000] {logging_mixin.py:154} INFO - [2023-11-07T19:45:13.429+0000] {dagbag.py:536} INFO - Filling up the DagBag from /usr/local/lib/python3.10/dist-packages/airflow/example_dags/example_complex.py
[2023-11-07T19:45:13.446+0000] {processor.py:839} INFO - DAG(s) dict_keys(['example_complex']) retrieved from /usr/local/lib/python3.10/dist-packages/airflow/example_dags/example_complex.py
[2023-11-07T19:45:13.474+0000] {logging_mixin.py:154} INFO - [2023-11-07T19:45:13.474+0000] {dag.py:2941} INFO - Sync 1 DAGs
[2023-11-07T19:45:13.493+0000] {logging_mixin.py:154} INFO - [2023-11-07T19:45:13.492+0000] {dag.py:3722} INFO - Setting next_dagrun for example_complex to None, run_after=None
[2023-11-07T19:45:13.526+0000] {processor.py:179} INFO - Processing /usr/local/lib/python3.10/dist-packages/airflow/example_dags/example_complex.py took 0.113 seconds
[2023-11-07T19:46:08.261+0000] {processor.py:157} INFO - Started process (PID=4441) to work on /usr/local/lib/python3.10/dist-packages/airflow/example_dags/example_complex.py
[2023-11-07T19:46:08.263+0000] {processor.py:829} INFO - Processing file /usr/local/lib/python3.10/dist-packages/airflow/example_dags/example_complex.py for tasks to queue
[2023-11-07T19:46:08.263+0000] {logging_mixin.py:154} INFO - [2023-11-07T19:46:08.263+0000] {dagbag.py:536} INFO - Filling up the DagBag from /usr/local/lib/python3.10/dist-packages/airflow/example_dags/example_complex.py
[2023-11-07T19:46:08.274+0000] {processor.py:839} INFO - DAG(s) dict_keys(['example_complex']) retrieved from /usr/local/lib/python3.10/dist-packages/airflow/example_dags/example_complex.py
[2023-11-07T19:46:08.299+0000] {logging_mixin.py:154} INFO - [2023-11-07T19:46:08.298+0000] {dag.py:2941} INFO - Sync 1 DAGs
[2023-11-07T19:46:08.310+0000] {logging_mixin.py:154} INFO - [2023-11-07T19:46:08.310+0000] {dag.py:3722} INFO - Setting next_dagrun for example_complex to None, run_after=None
[2023-11-07T19:46:08.341+0000] {processor.py:179} INFO - Processing /usr/local/lib/python3.10/dist-packages/airflow/example_dags/example_complex.py took 0.082 seconds
[2023-11-07T19:46:58.610+0000] {processor.py:157} INFO - Started process (PID=4493) to work on /usr/local/lib/python3.10/dist-packages/airflow/example_dags/example_complex.py
[2023-11-07T19:46:58.612+0000] {processor.py:829} INFO - Processing file /usr/local/lib/python3.10/dist-packages/airflow/example_dags/example_complex.py for tasks to queue
[2023-11-07T19:46:58.612+0000] {logging_mixin.py:154} INFO - [2023-11-07T19:46:58.612+0000] {dagbag.py:536} INFO - Filling up the DagBag from /usr/local/lib/python3.10/dist-packages/airflow/example_dags/example_complex.py
[2023-11-07T19:46:58.623+0000] {processor.py:839} INFO - DAG(s) dict_keys(['example_complex']) retrieved from /usr/local/lib/python3.10/dist-packages/airflow/example_dags/example_complex.py
[2023-11-07T19:46:58.650+0000] {logging_mixin.py:154} INFO - [2023-11-07T19:46:58.649+0000] {dag.py:2941} INFO - Sync 1 DAGs
[2023-11-07T19:46:58.662+0000] {logging_mixin.py:154} INFO - [2023-11-07T19:46:58.662+0000] {dag.py:3722} INFO - Setting next_dagrun for example_complex to None, run_after=None
[2023-11-07T19:46:58.687+0000] {processor.py:179} INFO - Processing /usr/local/lib/python3.10/dist-packages/airflow/example_dags/example_complex.py took 0.080 seconds
[2023-11-07T19:47:51.580+0000] {processor.py:157} INFO - Started process (PID=4547) to work on /usr/local/lib/python3.10/dist-packages/airflow/example_dags/example_complex.py
[2023-11-07T19:47:51.581+0000] {processor.py:829} INFO - Processing file /usr/local/lib/python3.10/dist-packages/airflow/example_dags/example_complex.py for tasks to queue
[2023-11-07T19:47:51.582+0000] {logging_mixin.py:154} INFO - [2023-11-07T19:47:51.581+0000] {dagbag.py:536} INFO - Filling up the DagBag from /usr/local/lib/python3.10/dist-packages/airflow/example_dags/example_complex.py
[2023-11-07T19:47:51.594+0000] {processor.py:839} INFO - DAG(s) dict_keys(['example_complex']) retrieved from /usr/local/lib/python3.10/dist-packages/airflow/example_dags/example_complex.py
[2023-11-07T19:47:51.619+0000] {logging_mixin.py:154} INFO - [2023-11-07T19:47:51.619+0000] {dag.py:2941} INFO - Sync 1 DAGs
[2023-11-07T19:47:51.629+0000] {logging_mixin.py:154} INFO - [2023-11-07T19:47:51.629+0000] {dag.py:3722} INFO - Setting next_dagrun for example_complex to None, run_after=None
[2023-11-07T19:47:51.650+0000] {processor.py:179} INFO - Processing /usr/local/lib/python3.10/dist-packages/airflow/example_dags/example_complex.py took 0.074 seconds
[2023-11-07T19:48:41.953+0000] {processor.py:157} INFO - Started process (PID=4598) to work on /usr/local/lib/python3.10/dist-packages/airflow/example_dags/example_complex.py
[2023-11-07T19:48:41.954+0000] {processor.py:829} INFO - Processing file /usr/local/lib/python3.10/dist-packages/airflow/example_dags/example_complex.py for tasks to queue
[2023-11-07T19:48:41.955+0000] {logging_mixin.py:154} INFO - [2023-11-07T19:48:41.955+0000] {dagbag.py:536} INFO - Filling up the DagBag from /usr/local/lib/python3.10/dist-packages/airflow/example_dags/example_complex.py
[2023-11-07T19:48:41.965+0000] {processor.py:839} INFO - DAG(s) dict_keys(['example_complex']) retrieved from /usr/local/lib/python3.10/dist-packages/airflow/example_dags/example_complex.py
[2023-11-07T19:48:41.997+0000] {logging_mixin.py:154} INFO - [2023-11-07T19:48:41.997+0000] {dag.py:2941} INFO - Sync 1 DAGs
[2023-11-07T19:48:42.008+0000] {logging_mixin.py:154} INFO - [2023-11-07T19:48:42.008+0000] {dag.py:3722} INFO - Setting next_dagrun for example_complex to None, run_after=None
[2023-11-07T19:48:42.029+0000] {processor.py:179} INFO - Processing /usr/local/lib/python3.10/dist-packages/airflow/example_dags/example_complex.py took 0.079 seconds
[2023-11-07T19:49:28.890+0000] {processor.py:157} INFO - Started process (PID=4648) to work on /usr/local/lib/python3.10/dist-packages/airflow/example_dags/example_complex.py
[2023-11-07T19:49:28.891+0000] {processor.py:829} INFO - Processing file /usr/local/lib/python3.10/dist-packages/airflow/example_dags/example_complex.py for tasks to queue
[2023-11-07T19:49:28.892+0000] {logging_mixin.py:154} INFO - [2023-11-07T19:49:28.891+0000] {dagbag.py:536} INFO - Filling up the DagBag from /usr/local/lib/python3.10/dist-packages/airflow/example_dags/example_complex.py
[2023-11-07T19:49:28.902+0000] {processor.py:839} INFO - DAG(s) dict_keys(['example_complex']) retrieved from /usr/local/lib/python3.10/dist-packages/airflow/example_dags/example_complex.py
[2023-11-07T19:49:28.928+0000] {logging_mixin.py:154} INFO - [2023-11-07T19:49:28.927+0000] {dag.py:2941} INFO - Sync 1 DAGs
[2023-11-07T19:49:28.939+0000] {logging_mixin.py:154} INFO - [2023-11-07T19:49:28.939+0000] {dag.py:3722} INFO - Setting next_dagrun for example_complex to None, run_after=None
[2023-11-07T19:49:28.961+0000] {processor.py:179} INFO - Processing /usr/local/lib/python3.10/dist-packages/airflow/example_dags/example_complex.py took 0.075 seconds
[2023-11-07T19:50:16.947+0000] {processor.py:157} INFO - Started process (PID=4697) to work on /usr/local/lib/python3.10/dist-packages/airflow/example_dags/example_complex.py
[2023-11-07T19:50:16.948+0000] {processor.py:829} INFO - Processing file /usr/local/lib/python3.10/dist-packages/airflow/example_dags/example_complex.py for tasks to queue
[2023-11-07T19:50:16.949+0000] {logging_mixin.py:154} INFO - [2023-11-07T19:50:16.948+0000] {dagbag.py:536} INFO - Filling up the DagBag from /usr/local/lib/python3.10/dist-packages/airflow/example_dags/example_complex.py
[2023-11-07T19:50:16.961+0000] {processor.py:839} INFO - DAG(s) dict_keys(['example_complex']) retrieved from /usr/local/lib/python3.10/dist-packages/airflow/example_dags/example_complex.py
[2023-11-07T19:50:16.994+0000] {logging_mixin.py:154} INFO - [2023-11-07T19:50:16.994+0000] {dag.py:2941} INFO - Sync 1 DAGs
[2023-11-07T19:50:17.007+0000] {logging_mixin.py:154} INFO - [2023-11-07T19:50:17.007+0000] {dag.py:3722} INFO - Setting next_dagrun for example_complex to None, run_after=None
[2023-11-07T19:50:17.032+0000] {processor.py:179} INFO - Processing /usr/local/lib/python3.10/dist-packages/airflow/example_dags/example_complex.py took 0.088 seconds
[2023-11-07T19:51:07.033+0000] {processor.py:157} INFO - Started process (PID=4748) to work on /usr/local/lib/python3.10/dist-packages/airflow/example_dags/example_complex.py
[2023-11-07T19:51:07.035+0000] {processor.py:829} INFO - Processing file /usr/local/lib/python3.10/dist-packages/airflow/example_dags/example_complex.py for tasks to queue
[2023-11-07T19:51:07.036+0000] {logging_mixin.py:154} INFO - [2023-11-07T19:51:07.035+0000] {dagbag.py:536} INFO - Filling up the DagBag from /usr/local/lib/python3.10/dist-packages/airflow/example_dags/example_complex.py
[2023-11-07T19:51:07.047+0000] {processor.py:839} INFO - DAG(s) dict_keys(['example_complex']) retrieved from /usr/local/lib/python3.10/dist-packages/airflow/example_dags/example_complex.py
[2023-11-07T19:51:07.073+0000] {logging_mixin.py:154} INFO - [2023-11-07T19:51:07.073+0000] {dag.py:2941} INFO - Sync 1 DAGs
[2023-11-07T19:51:07.084+0000] {logging_mixin.py:154} INFO - [2023-11-07T19:51:07.084+0000] {dag.py:3722} INFO - Setting next_dagrun for example_complex to None, run_after=None
[2023-11-07T19:51:07.116+0000] {processor.py:179} INFO - Processing /usr/local/lib/python3.10/dist-packages/airflow/example_dags/example_complex.py took 0.092 seconds
[2023-11-07T19:51:56.685+0000] {processor.py:157} INFO - Started process (PID=4800) to work on /usr/local/lib/python3.10/dist-packages/airflow/example_dags/example_complex.py
[2023-11-07T19:51:56.686+0000] {processor.py:829} INFO - Processing file /usr/local/lib/python3.10/dist-packages/airflow/example_dags/example_complex.py for tasks to queue
[2023-11-07T19:51:56.687+0000] {logging_mixin.py:154} INFO - [2023-11-07T19:51:56.687+0000] {dagbag.py:536} INFO - Filling up the DagBag from /usr/local/lib/python3.10/dist-packages/airflow/example_dags/example_complex.py
[2023-11-07T19:51:56.699+0000] {processor.py:839} INFO - DAG(s) dict_keys(['example_complex']) retrieved from /usr/local/lib/python3.10/dist-packages/airflow/example_dags/example_complex.py
[2023-11-07T19:51:56.743+0000] {logging_mixin.py:154} INFO - [2023-11-07T19:51:56.743+0000] {dag.py:2941} INFO - Sync 1 DAGs
[2023-11-07T19:51:56.763+0000] {logging_mixin.py:154} INFO - [2023-11-07T19:51:56.762+0000] {dag.py:3722} INFO - Setting next_dagrun for example_complex to None, run_after=None
[2023-11-07T19:51:56.789+0000] {processor.py:179} INFO - Processing /usr/local/lib/python3.10/dist-packages/airflow/example_dags/example_complex.py took 0.108 seconds
[2023-11-07T19:52:50.558+0000] {processor.py:157} INFO - Started process (PID=4854) to work on /usr/local/lib/python3.10/dist-packages/airflow/example_dags/example_complex.py
[2023-11-07T19:52:50.559+0000] {processor.py:829} INFO - Processing file /usr/local/lib/python3.10/dist-packages/airflow/example_dags/example_complex.py for tasks to queue
[2023-11-07T19:52:50.560+0000] {logging_mixin.py:154} INFO - [2023-11-07T19:52:50.560+0000] {dagbag.py:536} INFO - Filling up the DagBag from /usr/local/lib/python3.10/dist-packages/airflow/example_dags/example_complex.py
[2023-11-07T19:52:50.571+0000] {processor.py:839} INFO - DAG(s) dict_keys(['example_complex']) retrieved from /usr/local/lib/python3.10/dist-packages/airflow/example_dags/example_complex.py
[2023-11-07T19:52:50.606+0000] {logging_mixin.py:154} INFO - [2023-11-07T19:52:50.605+0000] {dag.py:2941} INFO - Sync 1 DAGs
[2023-11-07T19:52:50.624+0000] {logging_mixin.py:154} INFO - [2023-11-07T19:52:50.623+0000] {dag.py:3722} INFO - Setting next_dagrun for example_complex to None, run_after=None
[2023-11-07T19:52:50.653+0000] {processor.py:179} INFO - Processing /usr/local/lib/python3.10/dist-packages/airflow/example_dags/example_complex.py took 0.098 seconds
[2023-11-07T19:53:43.642+0000] {processor.py:157} INFO - Started process (PID=4907) to work on /usr/local/lib/python3.10/dist-packages/airflow/example_dags/example_complex.py
[2023-11-07T19:53:43.643+0000] {processor.py:829} INFO - Processing file /usr/local/lib/python3.10/dist-packages/airflow/example_dags/example_complex.py for tasks to queue
[2023-11-07T19:53:43.644+0000] {logging_mixin.py:154} INFO - [2023-11-07T19:53:43.644+0000] {dagbag.py:536} INFO - Filling up the DagBag from /usr/local/lib/python3.10/dist-packages/airflow/example_dags/example_complex.py
[2023-11-07T19:53:43.655+0000] {processor.py:839} INFO - DAG(s) dict_keys(['example_complex']) retrieved from /usr/local/lib/python3.10/dist-packages/airflow/example_dags/example_complex.py
[2023-11-07T19:53:43.683+0000] {logging_mixin.py:154} INFO - [2023-11-07T19:53:43.683+0000] {dag.py:2941} INFO - Sync 1 DAGs
[2023-11-07T19:53:43.693+0000] {logging_mixin.py:154} INFO - [2023-11-07T19:53:43.693+0000] {dag.py:3722} INFO - Setting next_dagrun for example_complex to None, run_after=None
[2023-11-07T19:53:43.719+0000] {processor.py:179} INFO - Processing /usr/local/lib/python3.10/dist-packages/airflow/example_dags/example_complex.py took 0.081 seconds
[2023-11-07T19:54:37.004+0000] {processor.py:157} INFO - Started process (PID=4960) to work on /usr/local/lib/python3.10/dist-packages/airflow/example_dags/example_complex.py
[2023-11-07T19:54:37.005+0000] {processor.py:829} INFO - Processing file /usr/local/lib/python3.10/dist-packages/airflow/example_dags/example_complex.py for tasks to queue
[2023-11-07T19:54:37.006+0000] {logging_mixin.py:154} INFO - [2023-11-07T19:54:37.006+0000] {dagbag.py:536} INFO - Filling up the DagBag from /usr/local/lib/python3.10/dist-packages/airflow/example_dags/example_complex.py
[2023-11-07T19:54:37.019+0000] {processor.py:839} INFO - DAG(s) dict_keys(['example_complex']) retrieved from /usr/local/lib/python3.10/dist-packages/airflow/example_dags/example_complex.py
[2023-11-07T19:54:37.057+0000] {logging_mixin.py:154} INFO - [2023-11-07T19:54:37.057+0000] {dag.py:2941} INFO - Sync 1 DAGs
[2023-11-07T19:54:37.073+0000] {logging_mixin.py:154} INFO - [2023-11-07T19:54:37.073+0000] {dag.py:3722} INFO - Setting next_dagrun for example_complex to None, run_after=None
[2023-11-07T19:54:37.106+0000] {processor.py:179} INFO - Processing /usr/local/lib/python3.10/dist-packages/airflow/example_dags/example_complex.py took 0.106 seconds
[2023-11-07T19:55:27.236+0000] {processor.py:157} INFO - Started process (PID=5011) to work on /usr/local/lib/python3.10/dist-packages/airflow/example_dags/example_complex.py
[2023-11-07T19:55:27.237+0000] {processor.py:829} INFO - Processing file /usr/local/lib/python3.10/dist-packages/airflow/example_dags/example_complex.py for tasks to queue
[2023-11-07T19:55:27.238+0000] {logging_mixin.py:154} INFO - [2023-11-07T19:55:27.237+0000] {dagbag.py:536} INFO - Filling up the DagBag from /usr/local/lib/python3.10/dist-packages/airflow/example_dags/example_complex.py
[2023-11-07T19:55:27.260+0000] {processor.py:839} INFO - DAG(s) dict_keys(['example_complex']) retrieved from /usr/local/lib/python3.10/dist-packages/airflow/example_dags/example_complex.py
[2023-11-07T19:55:27.286+0000] {logging_mixin.py:154} INFO - [2023-11-07T19:55:27.286+0000] {dag.py:2941} INFO - Sync 1 DAGs
[2023-11-07T19:55:27.300+0000] {logging_mixin.py:154} INFO - [2023-11-07T19:55:27.300+0000] {dag.py:3722} INFO - Setting next_dagrun for example_complex to None, run_after=None
[2023-11-07T19:55:27.324+0000] {processor.py:179} INFO - Processing /usr/local/lib/python3.10/dist-packages/airflow/example_dags/example_complex.py took 0.093 seconds
[2023-11-07T19:56:22.630+0000] {processor.py:157} INFO - Started process (PID=5065) to work on /usr/local/lib/python3.10/dist-packages/airflow/example_dags/example_complex.py
[2023-11-07T19:56:22.631+0000] {processor.py:829} INFO - Processing file /usr/local/lib/python3.10/dist-packages/airflow/example_dags/example_complex.py for tasks to queue
[2023-11-07T19:56:22.632+0000] {logging_mixin.py:154} INFO - [2023-11-07T19:56:22.632+0000] {dagbag.py:536} INFO - Filling up the DagBag from /usr/local/lib/python3.10/dist-packages/airflow/example_dags/example_complex.py
[2023-11-07T19:56:22.643+0000] {processor.py:839} INFO - DAG(s) dict_keys(['example_complex']) retrieved from /usr/local/lib/python3.10/dist-packages/airflow/example_dags/example_complex.py
[2023-11-07T19:56:22.671+0000] {logging_mixin.py:154} INFO - [2023-11-07T19:56:22.670+0000] {dag.py:2941} INFO - Sync 1 DAGs
[2023-11-07T19:56:22.683+0000] {logging_mixin.py:154} INFO - [2023-11-07T19:56:22.683+0000] {dag.py:3722} INFO - Setting next_dagrun for example_complex to None, run_after=None
[2023-11-07T19:56:22.711+0000] {processor.py:179} INFO - Processing /usr/local/lib/python3.10/dist-packages/airflow/example_dags/example_complex.py took 0.084 seconds
[2023-11-07T19:57:15.298+0000] {processor.py:157} INFO - Started process (PID=5118) to work on /usr/local/lib/python3.10/dist-packages/airflow/example_dags/example_complex.py
[2023-11-07T19:57:15.299+0000] {processor.py:829} INFO - Processing file /usr/local/lib/python3.10/dist-packages/airflow/example_dags/example_complex.py for tasks to queue
[2023-11-07T19:57:15.300+0000] {logging_mixin.py:154} INFO - [2023-11-07T19:57:15.300+0000] {dagbag.py:536} INFO - Filling up the DagBag from /usr/local/lib/python3.10/dist-packages/airflow/example_dags/example_complex.py
[2023-11-07T19:57:15.311+0000] {processor.py:839} INFO - DAG(s) dict_keys(['example_complex']) retrieved from /usr/local/lib/python3.10/dist-packages/airflow/example_dags/example_complex.py
[2023-11-07T19:57:15.342+0000] {logging_mixin.py:154} INFO - [2023-11-07T19:57:15.342+0000] {dag.py:2941} INFO - Sync 1 DAGs
[2023-11-07T19:57:15.354+0000] {logging_mixin.py:154} INFO - [2023-11-07T19:57:15.354+0000] {dag.py:3722} INFO - Setting next_dagrun for example_complex to None, run_after=None
[2023-11-07T19:57:15.380+0000] {processor.py:179} INFO - Processing /usr/local/lib/python3.10/dist-packages/airflow/example_dags/example_complex.py took 0.086 seconds
[2023-11-07T19:58:06.750+0000] {processor.py:157} INFO - Started process (PID=5170) to work on /usr/local/lib/python3.10/dist-packages/airflow/example_dags/example_complex.py
[2023-11-07T19:58:06.751+0000] {processor.py:829} INFO - Processing file /usr/local/lib/python3.10/dist-packages/airflow/example_dags/example_complex.py for tasks to queue
[2023-11-07T19:58:06.752+0000] {logging_mixin.py:154} INFO - [2023-11-07T19:58:06.752+0000] {dagbag.py:536} INFO - Filling up the DagBag from /usr/local/lib/python3.10/dist-packages/airflow/example_dags/example_complex.py
[2023-11-07T19:58:06.762+0000] {processor.py:839} INFO - DAG(s) dict_keys(['example_complex']) retrieved from /usr/local/lib/python3.10/dist-packages/airflow/example_dags/example_complex.py
[2023-11-07T19:58:06.787+0000] {logging_mixin.py:154} INFO - [2023-11-07T19:58:06.787+0000] {dag.py:2941} INFO - Sync 1 DAGs
[2023-11-07T19:58:06.799+0000] {logging_mixin.py:154} INFO - [2023-11-07T19:58:06.799+0000] {dag.py:3722} INFO - Setting next_dagrun for example_complex to None, run_after=None
[2023-11-07T19:58:06.821+0000] {processor.py:179} INFO - Processing /usr/local/lib/python3.10/dist-packages/airflow/example_dags/example_complex.py took 0.074 seconds
[2023-11-07T19:58:54.055+0000] {processor.py:157} INFO - Started process (PID=5218) to work on /usr/local/lib/python3.10/dist-packages/airflow/example_dags/example_complex.py
[2023-11-07T19:58:54.056+0000] {processor.py:829} INFO - Processing file /usr/local/lib/python3.10/dist-packages/airflow/example_dags/example_complex.py for tasks to queue
[2023-11-07T19:58:54.057+0000] {logging_mixin.py:154} INFO - [2023-11-07T19:58:54.057+0000] {dagbag.py:536} INFO - Filling up the DagBag from /usr/local/lib/python3.10/dist-packages/airflow/example_dags/example_complex.py
[2023-11-07T19:58:54.070+0000] {processor.py:839} INFO - DAG(s) dict_keys(['example_complex']) retrieved from /usr/local/lib/python3.10/dist-packages/airflow/example_dags/example_complex.py
[2023-11-07T19:58:54.101+0000] {logging_mixin.py:154} INFO - [2023-11-07T19:58:54.101+0000] {dag.py:2941} INFO - Sync 1 DAGs
[2023-11-07T19:58:54.115+0000] {logging_mixin.py:154} INFO - [2023-11-07T19:58:54.115+0000] {dag.py:3722} INFO - Setting next_dagrun for example_complex to None, run_after=None
[2023-11-07T19:58:54.141+0000] {processor.py:179} INFO - Processing /usr/local/lib/python3.10/dist-packages/airflow/example_dags/example_complex.py took 0.089 seconds
[2023-11-07T19:59:44.855+0000] {processor.py:157} INFO - Started process (PID=5270) to work on /usr/local/lib/python3.10/dist-packages/airflow/example_dags/example_complex.py
[2023-11-07T19:59:44.856+0000] {processor.py:829} INFO - Processing file /usr/local/lib/python3.10/dist-packages/airflow/example_dags/example_complex.py for tasks to queue
[2023-11-07T19:59:44.857+0000] {logging_mixin.py:154} INFO - [2023-11-07T19:59:44.856+0000] {dagbag.py:536} INFO - Filling up the DagBag from /usr/local/lib/python3.10/dist-packages/airflow/example_dags/example_complex.py
[2023-11-07T19:59:44.869+0000] {processor.py:839} INFO - DAG(s) dict_keys(['example_complex']) retrieved from /usr/local/lib/python3.10/dist-packages/airflow/example_dags/example_complex.py
[2023-11-07T19:59:44.895+0000] {logging_mixin.py:154} INFO - [2023-11-07T19:59:44.895+0000] {dag.py:2941} INFO - Sync 1 DAGs
[2023-11-07T19:59:44.907+0000] {logging_mixin.py:154} INFO - [2023-11-07T19:59:44.907+0000] {dag.py:3722} INFO - Setting next_dagrun for example_complex to None, run_after=None
[2023-11-07T19:59:44.927+0000] {processor.py:179} INFO - Processing /usr/local/lib/python3.10/dist-packages/airflow/example_dags/example_complex.py took 0.076 seconds
[2023-11-07T20:00:39.081+0000] {processor.py:157} INFO - Started process (PID=5323) to work on /usr/local/lib/python3.10/dist-packages/airflow/example_dags/example_complex.py
[2023-11-07T20:00:39.083+0000] {processor.py:829} INFO - Processing file /usr/local/lib/python3.10/dist-packages/airflow/example_dags/example_complex.py for tasks to queue
[2023-11-07T20:00:39.084+0000] {logging_mixin.py:154} INFO - [2023-11-07T20:00:39.083+0000] {dagbag.py:536} INFO - Filling up the DagBag from /usr/local/lib/python3.10/dist-packages/airflow/example_dags/example_complex.py
[2023-11-07T20:00:39.100+0000] {processor.py:839} INFO - DAG(s) dict_keys(['example_complex']) retrieved from /usr/local/lib/python3.10/dist-packages/airflow/example_dags/example_complex.py
[2023-11-07T20:00:39.130+0000] {logging_mixin.py:154} INFO - [2023-11-07T20:00:39.130+0000] {dag.py:2941} INFO - Sync 1 DAGs
[2023-11-07T20:00:39.141+0000] {logging_mixin.py:154} INFO - [2023-11-07T20:00:39.141+0000] {dag.py:3722} INFO - Setting next_dagrun for example_complex to None, run_after=None
[2023-11-07T20:00:39.162+0000] {processor.py:179} INFO - Processing /usr/local/lib/python3.10/dist-packages/airflow/example_dags/example_complex.py took 0.085 seconds
[2023-11-07T20:01:31.011+0000] {processor.py:157} INFO - Started process (PID=5377) to work on /usr/local/lib/python3.10/dist-packages/airflow/example_dags/example_complex.py
[2023-11-07T20:01:31.013+0000] {processor.py:829} INFO - Processing file /usr/local/lib/python3.10/dist-packages/airflow/example_dags/example_complex.py for tasks to queue
[2023-11-07T20:01:31.013+0000] {logging_mixin.py:154} INFO - [2023-11-07T20:01:31.013+0000] {dagbag.py:536} INFO - Filling up the DagBag from /usr/local/lib/python3.10/dist-packages/airflow/example_dags/example_complex.py
[2023-11-07T20:01:31.027+0000] {processor.py:839} INFO - DAG(s) dict_keys(['example_complex']) retrieved from /usr/local/lib/python3.10/dist-packages/airflow/example_dags/example_complex.py
[2023-11-07T20:01:31.058+0000] {logging_mixin.py:154} INFO - [2023-11-07T20:01:31.057+0000] {dag.py:2941} INFO - Sync 1 DAGs
[2023-11-07T20:01:31.071+0000] {logging_mixin.py:154} INFO - [2023-11-07T20:01:31.071+0000] {dag.py:3722} INFO - Setting next_dagrun for example_complex to None, run_after=None
[2023-11-07T20:01:31.103+0000] {processor.py:179} INFO - Processing /usr/local/lib/python3.10/dist-packages/airflow/example_dags/example_complex.py took 0.095 seconds
[2023-11-07T20:02:26.494+0000] {processor.py:157} INFO - Started process (PID=5433) to work on /usr/local/lib/python3.10/dist-packages/airflow/example_dags/example_complex.py
[2023-11-07T20:02:26.496+0000] {processor.py:829} INFO - Processing file /usr/local/lib/python3.10/dist-packages/airflow/example_dags/example_complex.py for tasks to queue
[2023-11-07T20:02:26.496+0000] {logging_mixin.py:154} INFO - [2023-11-07T20:02:26.496+0000] {dagbag.py:536} INFO - Filling up the DagBag from /usr/local/lib/python3.10/dist-packages/airflow/example_dags/example_complex.py
[2023-11-07T20:02:26.507+0000] {processor.py:839} INFO - DAG(s) dict_keys(['example_complex']) retrieved from /usr/local/lib/python3.10/dist-packages/airflow/example_dags/example_complex.py
[2023-11-07T20:02:26.538+0000] {logging_mixin.py:154} INFO - [2023-11-07T20:02:26.538+0000] {dag.py:2941} INFO - Sync 1 DAGs
[2023-11-07T20:02:26.550+0000] {logging_mixin.py:154} INFO - [2023-11-07T20:02:26.550+0000] {dag.py:3722} INFO - Setting next_dagrun for example_complex to None, run_after=None
[2023-11-07T20:02:26.575+0000] {processor.py:179} INFO - Processing /usr/local/lib/python3.10/dist-packages/airflow/example_dags/example_complex.py took 0.084 seconds
[2023-11-07T20:03:14.943+0000] {processor.py:157} INFO - Started process (PID=5485) to work on /usr/local/lib/python3.10/dist-packages/airflow/example_dags/example_complex.py
[2023-11-07T20:03:14.944+0000] {processor.py:829} INFO - Processing file /usr/local/lib/python3.10/dist-packages/airflow/example_dags/example_complex.py for tasks to queue
[2023-11-07T20:03:14.945+0000] {logging_mixin.py:154} INFO - [2023-11-07T20:03:14.945+0000] {dagbag.py:536} INFO - Filling up the DagBag from /usr/local/lib/python3.10/dist-packages/airflow/example_dags/example_complex.py
[2023-11-07T20:03:14.957+0000] {processor.py:839} INFO - DAG(s) dict_keys(['example_complex']) retrieved from /usr/local/lib/python3.10/dist-packages/airflow/example_dags/example_complex.py
[2023-11-07T20:03:14.982+0000] {logging_mixin.py:154} INFO - [2023-11-07T20:03:14.982+0000] {dag.py:2941} INFO - Sync 1 DAGs
[2023-11-07T20:03:14.994+0000] {logging_mixin.py:154} INFO - [2023-11-07T20:03:14.994+0000] {dag.py:3722} INFO - Setting next_dagrun for example_complex to None, run_after=None
[2023-11-07T20:03:15.018+0000] {processor.py:179} INFO - Processing /usr/local/lib/python3.10/dist-packages/airflow/example_dags/example_complex.py took 0.078 seconds
[2023-11-07T20:04:03.911+0000] {processor.py:157} INFO - Started process (PID=5536) to work on /usr/local/lib/python3.10/dist-packages/airflow/example_dags/example_complex.py
[2023-11-07T20:04:03.912+0000] {processor.py:829} INFO - Processing file /usr/local/lib/python3.10/dist-packages/airflow/example_dags/example_complex.py for tasks to queue
[2023-11-07T20:04:03.913+0000] {logging_mixin.py:154} INFO - [2023-11-07T20:04:03.912+0000] {dagbag.py:536} INFO - Filling up the DagBag from /usr/local/lib/python3.10/dist-packages/airflow/example_dags/example_complex.py
[2023-11-07T20:04:03.924+0000] {processor.py:839} INFO - DAG(s) dict_keys(['example_complex']) retrieved from /usr/local/lib/python3.10/dist-packages/airflow/example_dags/example_complex.py
[2023-11-07T20:04:03.952+0000] {logging_mixin.py:154} INFO - [2023-11-07T20:04:03.952+0000] {dag.py:2941} INFO - Sync 1 DAGs
[2023-11-07T20:04:03.963+0000] {logging_mixin.py:154} INFO - [2023-11-07T20:04:03.963+0000] {dag.py:3722} INFO - Setting next_dagrun for example_complex to None, run_after=None
[2023-11-07T20:04:03.986+0000] {processor.py:179} INFO - Processing /usr/local/lib/python3.10/dist-packages/airflow/example_dags/example_complex.py took 0.079 seconds
[2023-11-07T20:04:52.001+0000] {processor.py:157} INFO - Started process (PID=5586) to work on /usr/local/lib/python3.10/dist-packages/airflow/example_dags/example_complex.py
[2023-11-07T20:04:52.002+0000] {processor.py:829} INFO - Processing file /usr/local/lib/python3.10/dist-packages/airflow/example_dags/example_complex.py for tasks to queue
[2023-11-07T20:04:52.003+0000] {logging_mixin.py:154} INFO - [2023-11-07T20:04:52.003+0000] {dagbag.py:536} INFO - Filling up the DagBag from /usr/local/lib/python3.10/dist-packages/airflow/example_dags/example_complex.py
[2023-11-07T20:04:52.013+0000] {processor.py:839} INFO - DAG(s) dict_keys(['example_complex']) retrieved from /usr/local/lib/python3.10/dist-packages/airflow/example_dags/example_complex.py
[2023-11-07T20:04:52.040+0000] {logging_mixin.py:154} INFO - [2023-11-07T20:04:52.040+0000] {dag.py:2941} INFO - Sync 1 DAGs
[2023-11-07T20:04:52.051+0000] {logging_mixin.py:154} INFO - [2023-11-07T20:04:52.051+0000] {dag.py:3722} INFO - Setting next_dagrun for example_complex to None, run_after=None
[2023-11-07T20:04:52.075+0000] {processor.py:179} INFO - Processing /usr/local/lib/python3.10/dist-packages/airflow/example_dags/example_complex.py took 0.077 seconds
[2023-11-07T20:05:42.960+0000] {processor.py:157} INFO - Started process (PID=5637) to work on /usr/local/lib/python3.10/dist-packages/airflow/example_dags/example_complex.py
[2023-11-07T20:05:42.962+0000] {processor.py:829} INFO - Processing file /usr/local/lib/python3.10/dist-packages/airflow/example_dags/example_complex.py for tasks to queue
[2023-11-07T20:05:42.963+0000] {logging_mixin.py:154} INFO - [2023-11-07T20:05:42.962+0000] {dagbag.py:536} INFO - Filling up the DagBag from /usr/local/lib/python3.10/dist-packages/airflow/example_dags/example_complex.py
[2023-11-07T20:05:42.973+0000] {processor.py:839} INFO - DAG(s) dict_keys(['example_complex']) retrieved from /usr/local/lib/python3.10/dist-packages/airflow/example_dags/example_complex.py
[2023-11-07T20:05:43.018+0000] {logging_mixin.py:154} INFO - [2023-11-07T20:05:43.018+0000] {dag.py:2941} INFO - Sync 1 DAGs
[2023-11-07T20:05:43.031+0000] {logging_mixin.py:154} INFO - [2023-11-07T20:05:43.031+0000] {dag.py:3722} INFO - Setting next_dagrun for example_complex to None, run_after=None
[2023-11-07T20:05:43.054+0000] {processor.py:179} INFO - Processing /usr/local/lib/python3.10/dist-packages/airflow/example_dags/example_complex.py took 0.097 seconds
[2023-11-07T20:06:31.432+0000] {processor.py:157} INFO - Started process (PID=5688) to work on /usr/local/lib/python3.10/dist-packages/airflow/example_dags/example_complex.py
[2023-11-07T20:06:31.433+0000] {processor.py:829} INFO - Processing file /usr/local/lib/python3.10/dist-packages/airflow/example_dags/example_complex.py for tasks to queue
[2023-11-07T20:06:31.434+0000] {logging_mixin.py:154} INFO - [2023-11-07T20:06:31.434+0000] {dagbag.py:536} INFO - Filling up the DagBag from /usr/local/lib/python3.10/dist-packages/airflow/example_dags/example_complex.py
[2023-11-07T20:06:31.445+0000] {processor.py:839} INFO - DAG(s) dict_keys(['example_complex']) retrieved from /usr/local/lib/python3.10/dist-packages/airflow/example_dags/example_complex.py
[2023-11-07T20:06:31.473+0000] {logging_mixin.py:154} INFO - [2023-11-07T20:06:31.473+0000] {dag.py:2941} INFO - Sync 1 DAGs
[2023-11-07T20:06:31.485+0000] {logging_mixin.py:154} INFO - [2023-11-07T20:06:31.485+0000] {dag.py:3722} INFO - Setting next_dagrun for example_complex to None, run_after=None
[2023-11-07T20:06:31.507+0000] {processor.py:179} INFO - Processing /usr/local/lib/python3.10/dist-packages/airflow/example_dags/example_complex.py took 0.079 seconds
[2023-11-07T20:07:23.712+0000] {processor.py:157} INFO - Started process (PID=5740) to work on /usr/local/lib/python3.10/dist-packages/airflow/example_dags/example_complex.py
[2023-11-07T20:07:23.713+0000] {processor.py:829} INFO - Processing file /usr/local/lib/python3.10/dist-packages/airflow/example_dags/example_complex.py for tasks to queue
[2023-11-07T20:07:23.714+0000] {logging_mixin.py:154} INFO - [2023-11-07T20:07:23.714+0000] {dagbag.py:536} INFO - Filling up the DagBag from /usr/local/lib/python3.10/dist-packages/airflow/example_dags/example_complex.py
[2023-11-07T20:07:23.724+0000] {processor.py:839} INFO - DAG(s) dict_keys(['example_complex']) retrieved from /usr/local/lib/python3.10/dist-packages/airflow/example_dags/example_complex.py
[2023-11-07T20:07:23.772+0000] {logging_mixin.py:154} INFO - [2023-11-07T20:07:23.772+0000] {dag.py:2941} INFO - Sync 1 DAGs
[2023-11-07T20:07:23.789+0000] {logging_mixin.py:154} INFO - [2023-11-07T20:07:23.788+0000] {dag.py:3722} INFO - Setting next_dagrun for example_complex to None, run_after=None
[2023-11-07T20:07:23.826+0000] {processor.py:179} INFO - Processing /usr/local/lib/python3.10/dist-packages/airflow/example_dags/example_complex.py took 0.119 seconds
