[2023-11-07T19:31:51.064+0000] {processor.py:157} INFO - Started process (PID=3568) to work on /usr/local/lib/python3.10/dist-packages/airflow/example_dags/example_nested_branch_dag.py
[2023-11-07T19:31:51.065+0000] {processor.py:829} INFO - Processing file /usr/local/lib/python3.10/dist-packages/airflow/example_dags/example_nested_branch_dag.py for tasks to queue
[2023-11-07T19:31:51.066+0000] {logging_mixin.py:154} INFO - [2023-11-07T19:31:51.065+0000] {dagbag.py:536} INFO - Filling up the DagBag from /usr/local/lib/python3.10/dist-packages/airflow/example_dags/example_nested_branch_dag.py
[2023-11-07T19:31:51.075+0000] {processor.py:839} INFO - DAG(s) dict_keys(['example_nested_branch_dag']) retrieved from /usr/local/lib/python3.10/dist-packages/airflow/example_dags/example_nested_branch_dag.py
[2023-11-07T19:31:51.202+0000] {logging_mixin.py:154} INFO - [2023-11-07T19:31:51.201+0000] {manager.py:499} INFO - Created Permission View: %s
[2023-11-07T19:31:51.213+0000] {logging_mixin.py:154} INFO - [2023-11-07T19:31:51.213+0000] {manager.py:499} INFO - Created Permission View: %s
[2023-11-07T19:31:51.223+0000] {logging_mixin.py:154} INFO - [2023-11-07T19:31:51.222+0000] {manager.py:499} INFO - Created Permission View: %s
[2023-11-07T19:31:51.223+0000] {logging_mixin.py:154} INFO - [2023-11-07T19:31:51.223+0000] {dag.py:2941} INFO - Sync 1 DAGs
[2023-11-07T19:31:51.233+0000] {logging_mixin.py:154} INFO - [2023-11-07T19:31:51.233+0000] {dag.py:2963} INFO - Creating ORM DAG for example_nested_branch_dag
[2023-11-07T19:31:51.244+0000] {logging_mixin.py:154} INFO - [2023-11-07T19:31:51.244+0000] {dag.py:3722} INFO - Setting next_dagrun for example_nested_branch_dag to 2023-11-06T00:00:00+00:00, run_after=2023-11-07T00:00:00+00:00
[2023-11-07T19:31:51.267+0000] {processor.py:179} INFO - Processing /usr/local/lib/python3.10/dist-packages/airflow/example_dags/example_nested_branch_dag.py took 0.205 seconds
[2023-11-07T19:32:42.435+0000] {processor.py:157} INFO - Started process (PID=3615) to work on /usr/local/lib/python3.10/dist-packages/airflow/example_dags/example_nested_branch_dag.py
[2023-11-07T19:32:42.437+0000] {processor.py:829} INFO - Processing file /usr/local/lib/python3.10/dist-packages/airflow/example_dags/example_nested_branch_dag.py for tasks to queue
[2023-11-07T19:32:42.438+0000] {logging_mixin.py:154} INFO - [2023-11-07T19:32:42.438+0000] {dagbag.py:536} INFO - Filling up the DagBag from /usr/local/lib/python3.10/dist-packages/airflow/example_dags/example_nested_branch_dag.py
[2023-11-07T19:32:42.457+0000] {processor.py:839} INFO - DAG(s) dict_keys(['example_nested_branch_dag']) retrieved from /usr/local/lib/python3.10/dist-packages/airflow/example_dags/example_nested_branch_dag.py
[2023-11-07T19:32:42.486+0000] {logging_mixin.py:154} INFO - [2023-11-07T19:32:42.485+0000] {dag.py:2941} INFO - Sync 1 DAGs
[2023-11-07T19:32:42.521+0000] {logging_mixin.py:154} INFO - [2023-11-07T19:32:42.521+0000] {dag.py:3722} INFO - Setting next_dagrun for example_nested_branch_dag to 2023-11-06T00:00:00+00:00, run_after=2023-11-07T00:00:00+00:00
[2023-11-07T19:32:42.557+0000] {processor.py:179} INFO - Processing /usr/local/lib/python3.10/dist-packages/airflow/example_dags/example_nested_branch_dag.py took 0.131 seconds
[2023-11-07T19:33:27.059+0000] {processor.py:157} INFO - Started process (PID=3662) to work on /usr/local/lib/python3.10/dist-packages/airflow/example_dags/example_nested_branch_dag.py
[2023-11-07T19:33:27.060+0000] {processor.py:829} INFO - Processing file /usr/local/lib/python3.10/dist-packages/airflow/example_dags/example_nested_branch_dag.py for tasks to queue
[2023-11-07T19:33:27.061+0000] {logging_mixin.py:154} INFO - [2023-11-07T19:33:27.060+0000] {dagbag.py:536} INFO - Filling up the DagBag from /usr/local/lib/python3.10/dist-packages/airflow/example_dags/example_nested_branch_dag.py
[2023-11-07T19:33:27.072+0000] {processor.py:839} INFO - DAG(s) dict_keys(['example_nested_branch_dag']) retrieved from /usr/local/lib/python3.10/dist-packages/airflow/example_dags/example_nested_branch_dag.py
[2023-11-07T19:33:27.104+0000] {logging_mixin.py:154} INFO - [2023-11-07T19:33:27.104+0000] {dag.py:2941} INFO - Sync 1 DAGs
[2023-11-07T19:33:27.137+0000] {logging_mixin.py:154} INFO - [2023-11-07T19:33:27.136+0000] {dag.py:3722} INFO - Setting next_dagrun for example_nested_branch_dag to 2023-11-06T00:00:00+00:00, run_after=2023-11-07T00:00:00+00:00
[2023-11-07T19:33:27.160+0000] {processor.py:179} INFO - Processing /usr/local/lib/python3.10/dist-packages/airflow/example_dags/example_nested_branch_dag.py took 0.105 seconds
[2023-11-07T19:34:15.524+0000] {processor.py:157} INFO - Started process (PID=3710) to work on /usr/local/lib/python3.10/dist-packages/airflow/example_dags/example_nested_branch_dag.py
[2023-11-07T19:34:15.525+0000] {processor.py:829} INFO - Processing file /usr/local/lib/python3.10/dist-packages/airflow/example_dags/example_nested_branch_dag.py for tasks to queue
[2023-11-07T19:34:15.526+0000] {logging_mixin.py:154} INFO - [2023-11-07T19:34:15.526+0000] {dagbag.py:536} INFO - Filling up the DagBag from /usr/local/lib/python3.10/dist-packages/airflow/example_dags/example_nested_branch_dag.py
[2023-11-07T19:34:15.562+0000] {processor.py:839} INFO - DAG(s) dict_keys(['example_nested_branch_dag']) retrieved from /usr/local/lib/python3.10/dist-packages/airflow/example_dags/example_nested_branch_dag.py
[2023-11-07T19:34:15.595+0000] {logging_mixin.py:154} INFO - [2023-11-07T19:34:15.595+0000] {dag.py:2941} INFO - Sync 1 DAGs
[2023-11-07T19:34:15.617+0000] {logging_mixin.py:154} INFO - [2023-11-07T19:34:15.617+0000] {dag.py:3722} INFO - Setting next_dagrun for example_nested_branch_dag to 2023-11-06T00:00:00+00:00, run_after=2023-11-07T00:00:00+00:00
[2023-11-07T19:34:15.642+0000] {processor.py:179} INFO - Processing /usr/local/lib/python3.10/dist-packages/airflow/example_dags/example_nested_branch_dag.py took 0.124 seconds
[2023-11-07T19:35:02.300+0000] {processor.py:157} INFO - Started process (PID=3760) to work on /usr/local/lib/python3.10/dist-packages/airflow/example_dags/example_nested_branch_dag.py
[2023-11-07T19:35:02.301+0000] {processor.py:829} INFO - Processing file /usr/local/lib/python3.10/dist-packages/airflow/example_dags/example_nested_branch_dag.py for tasks to queue
[2023-11-07T19:35:02.302+0000] {logging_mixin.py:154} INFO - [2023-11-07T19:35:02.302+0000] {dagbag.py:536} INFO - Filling up the DagBag from /usr/local/lib/python3.10/dist-packages/airflow/example_dags/example_nested_branch_dag.py
[2023-11-07T19:35:02.313+0000] {processor.py:839} INFO - DAG(s) dict_keys(['example_nested_branch_dag']) retrieved from /usr/local/lib/python3.10/dist-packages/airflow/example_dags/example_nested_branch_dag.py
[2023-11-07T19:35:02.332+0000] {logging_mixin.py:154} INFO - [2023-11-07T19:35:02.332+0000] {dag.py:2941} INFO - Sync 1 DAGs
[2023-11-07T19:35:02.353+0000] {logging_mixin.py:154} INFO - [2023-11-07T19:35:02.353+0000] {dag.py:3722} INFO - Setting next_dagrun for example_nested_branch_dag to 2023-11-06T00:00:00+00:00, run_after=2023-11-07T00:00:00+00:00
[2023-11-07T19:35:02.395+0000] {processor.py:179} INFO - Processing /usr/local/lib/python3.10/dist-packages/airflow/example_dags/example_nested_branch_dag.py took 0.098 seconds
[2023-11-07T19:35:46.299+0000] {processor.py:157} INFO - Started process (PID=3809) to work on /usr/local/lib/python3.10/dist-packages/airflow/example_dags/example_nested_branch_dag.py
[2023-11-07T19:35:46.302+0000] {processor.py:829} INFO - Processing file /usr/local/lib/python3.10/dist-packages/airflow/example_dags/example_nested_branch_dag.py for tasks to queue
[2023-11-07T19:35:46.303+0000] {logging_mixin.py:154} INFO - [2023-11-07T19:35:46.302+0000] {dagbag.py:536} INFO - Filling up the DagBag from /usr/local/lib/python3.10/dist-packages/airflow/example_dags/example_nested_branch_dag.py
[2023-11-07T19:35:46.314+0000] {processor.py:839} INFO - DAG(s) dict_keys(['example_nested_branch_dag']) retrieved from /usr/local/lib/python3.10/dist-packages/airflow/example_dags/example_nested_branch_dag.py
[2023-11-07T19:35:46.332+0000] {logging_mixin.py:154} INFO - [2023-11-07T19:35:46.332+0000] {dag.py:2941} INFO - Sync 1 DAGs
[2023-11-07T19:35:46.352+0000] {logging_mixin.py:154} INFO - [2023-11-07T19:35:46.351+0000] {dag.py:3722} INFO - Setting next_dagrun for example_nested_branch_dag to 2023-11-06T00:00:00+00:00, run_after=2023-11-07T00:00:00+00:00
[2023-11-07T19:35:46.376+0000] {processor.py:179} INFO - Processing /usr/local/lib/python3.10/dist-packages/airflow/example_dags/example_nested_branch_dag.py took 0.081 seconds
[2023-11-07T19:36:36.236+0000] {processor.py:157} INFO - Started process (PID=3858) to work on /usr/local/lib/python3.10/dist-packages/airflow/example_dags/example_nested_branch_dag.py
[2023-11-07T19:36:36.239+0000] {processor.py:829} INFO - Processing file /usr/local/lib/python3.10/dist-packages/airflow/example_dags/example_nested_branch_dag.py for tasks to queue
[2023-11-07T19:36:36.240+0000] {logging_mixin.py:154} INFO - [2023-11-07T19:36:36.239+0000] {dagbag.py:536} INFO - Filling up the DagBag from /usr/local/lib/python3.10/dist-packages/airflow/example_dags/example_nested_branch_dag.py
[2023-11-07T19:36:36.257+0000] {processor.py:839} INFO - DAG(s) dict_keys(['example_nested_branch_dag']) retrieved from /usr/local/lib/python3.10/dist-packages/airflow/example_dags/example_nested_branch_dag.py
[2023-11-07T19:36:36.274+0000] {logging_mixin.py:154} INFO - [2023-11-07T19:36:36.274+0000] {dag.py:2941} INFO - Sync 1 DAGs
[2023-11-07T19:36:36.295+0000] {logging_mixin.py:154} INFO - [2023-11-07T19:36:36.295+0000] {dag.py:3722} INFO - Setting next_dagrun for example_nested_branch_dag to 2023-11-06T00:00:00+00:00, run_after=2023-11-07T00:00:00+00:00
[2023-11-07T19:36:36.315+0000] {processor.py:179} INFO - Processing /usr/local/lib/python3.10/dist-packages/airflow/example_dags/example_nested_branch_dag.py took 0.087 seconds
[2023-11-07T19:37:26.298+0000] {processor.py:157} INFO - Started process (PID=3909) to work on /usr/local/lib/python3.10/dist-packages/airflow/example_dags/example_nested_branch_dag.py
[2023-11-07T19:37:26.299+0000] {processor.py:829} INFO - Processing file /usr/local/lib/python3.10/dist-packages/airflow/example_dags/example_nested_branch_dag.py for tasks to queue
[2023-11-07T19:37:26.300+0000] {logging_mixin.py:154} INFO - [2023-11-07T19:37:26.300+0000] {dagbag.py:536} INFO - Filling up the DagBag from /usr/local/lib/python3.10/dist-packages/airflow/example_dags/example_nested_branch_dag.py
[2023-11-07T19:37:26.311+0000] {processor.py:839} INFO - DAG(s) dict_keys(['example_nested_branch_dag']) retrieved from /usr/local/lib/python3.10/dist-packages/airflow/example_dags/example_nested_branch_dag.py
[2023-11-07T19:37:26.330+0000] {logging_mixin.py:154} INFO - [2023-11-07T19:37:26.330+0000] {dag.py:2941} INFO - Sync 1 DAGs
[2023-11-07T19:37:26.351+0000] {logging_mixin.py:154} INFO - [2023-11-07T19:37:26.351+0000] {dag.py:3722} INFO - Setting next_dagrun for example_nested_branch_dag to 2023-11-06T00:00:00+00:00, run_after=2023-11-07T00:00:00+00:00
[2023-11-07T19:37:26.373+0000] {processor.py:179} INFO - Processing /usr/local/lib/python3.10/dist-packages/airflow/example_dags/example_nested_branch_dag.py took 0.080 seconds
[2023-11-07T19:38:13.942+0000] {processor.py:157} INFO - Started process (PID=3959) to work on /usr/local/lib/python3.10/dist-packages/airflow/example_dags/example_nested_branch_dag.py
[2023-11-07T19:38:13.943+0000] {processor.py:829} INFO - Processing file /usr/local/lib/python3.10/dist-packages/airflow/example_dags/example_nested_branch_dag.py for tasks to queue
[2023-11-07T19:38:13.943+0000] {logging_mixin.py:154} INFO - [2023-11-07T19:38:13.943+0000] {dagbag.py:536} INFO - Filling up the DagBag from /usr/local/lib/python3.10/dist-packages/airflow/example_dags/example_nested_branch_dag.py
[2023-11-07T19:38:13.954+0000] {processor.py:839} INFO - DAG(s) dict_keys(['example_nested_branch_dag']) retrieved from /usr/local/lib/python3.10/dist-packages/airflow/example_dags/example_nested_branch_dag.py
[2023-11-07T19:38:13.971+0000] {logging_mixin.py:154} INFO - [2023-11-07T19:38:13.971+0000] {dag.py:2941} INFO - Sync 1 DAGs
[2023-11-07T19:38:13.993+0000] {logging_mixin.py:154} INFO - [2023-11-07T19:38:13.993+0000] {dag.py:3722} INFO - Setting next_dagrun for example_nested_branch_dag to 2023-11-06T00:00:00+00:00, run_after=2023-11-07T00:00:00+00:00
[2023-11-07T19:38:14.016+0000] {processor.py:179} INFO - Processing /usr/local/lib/python3.10/dist-packages/airflow/example_dags/example_nested_branch_dag.py took 0.078 seconds
[2023-11-07T19:39:02.307+0000] {processor.py:157} INFO - Started process (PID=4009) to work on /usr/local/lib/python3.10/dist-packages/airflow/example_dags/example_nested_branch_dag.py
[2023-11-07T19:39:02.308+0000] {processor.py:829} INFO - Processing file /usr/local/lib/python3.10/dist-packages/airflow/example_dags/example_nested_branch_dag.py for tasks to queue
[2023-11-07T19:39:02.309+0000] {logging_mixin.py:154} INFO - [2023-11-07T19:39:02.309+0000] {dagbag.py:536} INFO - Filling up the DagBag from /usr/local/lib/python3.10/dist-packages/airflow/example_dags/example_nested_branch_dag.py
[2023-11-07T19:39:02.321+0000] {processor.py:839} INFO - DAG(s) dict_keys(['example_nested_branch_dag']) retrieved from /usr/local/lib/python3.10/dist-packages/airflow/example_dags/example_nested_branch_dag.py
[2023-11-07T19:39:02.340+0000] {logging_mixin.py:154} INFO - [2023-11-07T19:39:02.339+0000] {dag.py:2941} INFO - Sync 1 DAGs
[2023-11-07T19:39:02.363+0000] {logging_mixin.py:154} INFO - [2023-11-07T19:39:02.362+0000] {dag.py:3722} INFO - Setting next_dagrun for example_nested_branch_dag to 2023-11-06T00:00:00+00:00, run_after=2023-11-07T00:00:00+00:00
[2023-11-07T19:39:02.390+0000] {processor.py:179} INFO - Processing /usr/local/lib/python3.10/dist-packages/airflow/example_dags/example_nested_branch_dag.py took 0.087 seconds
[2023-11-07T19:39:47.210+0000] {processor.py:157} INFO - Started process (PID=4055) to work on /usr/local/lib/python3.10/dist-packages/airflow/example_dags/example_nested_branch_dag.py
[2023-11-07T19:39:47.212+0000] {processor.py:829} INFO - Processing file /usr/local/lib/python3.10/dist-packages/airflow/example_dags/example_nested_branch_dag.py for tasks to queue
[2023-11-07T19:39:47.213+0000] {logging_mixin.py:154} INFO - [2023-11-07T19:39:47.212+0000] {dagbag.py:536} INFO - Filling up the DagBag from /usr/local/lib/python3.10/dist-packages/airflow/example_dags/example_nested_branch_dag.py
[2023-11-07T19:39:47.227+0000] {processor.py:839} INFO - DAG(s) dict_keys(['example_nested_branch_dag']) retrieved from /usr/local/lib/python3.10/dist-packages/airflow/example_dags/example_nested_branch_dag.py
[2023-11-07T19:39:47.250+0000] {logging_mixin.py:154} INFO - [2023-11-07T19:39:47.250+0000] {dag.py:2941} INFO - Sync 1 DAGs
[2023-11-07T19:39:47.274+0000] {logging_mixin.py:154} INFO - [2023-11-07T19:39:47.273+0000] {dag.py:3722} INFO - Setting next_dagrun for example_nested_branch_dag to 2023-11-06T00:00:00+00:00, run_after=2023-11-07T00:00:00+00:00
[2023-11-07T19:39:47.299+0000] {processor.py:179} INFO - Processing /usr/local/lib/python3.10/dist-packages/airflow/example_dags/example_nested_branch_dag.py took 0.094 seconds
[2023-11-07T19:40:39.392+0000] {processor.py:157} INFO - Started process (PID=4109) to work on /usr/local/lib/python3.10/dist-packages/airflow/example_dags/example_nested_branch_dag.py
[2023-11-07T19:40:39.393+0000] {processor.py:829} INFO - Processing file /usr/local/lib/python3.10/dist-packages/airflow/example_dags/example_nested_branch_dag.py for tasks to queue
[2023-11-07T19:40:39.394+0000] {logging_mixin.py:154} INFO - [2023-11-07T19:40:39.393+0000] {dagbag.py:536} INFO - Filling up the DagBag from /usr/local/lib/python3.10/dist-packages/airflow/example_dags/example_nested_branch_dag.py
[2023-11-07T19:40:39.406+0000] {processor.py:839} INFO - DAG(s) dict_keys(['example_nested_branch_dag']) retrieved from /usr/local/lib/python3.10/dist-packages/airflow/example_dags/example_nested_branch_dag.py
[2023-11-07T19:40:39.426+0000] {logging_mixin.py:154} INFO - [2023-11-07T19:40:39.425+0000] {dag.py:2941} INFO - Sync 1 DAGs
[2023-11-07T19:40:39.451+0000] {logging_mixin.py:154} INFO - [2023-11-07T19:40:39.451+0000] {dag.py:3722} INFO - Setting next_dagrun for example_nested_branch_dag to 2023-11-06T00:00:00+00:00, run_after=2023-11-07T00:00:00+00:00
[2023-11-07T19:40:39.494+0000] {processor.py:179} INFO - Processing /usr/local/lib/python3.10/dist-packages/airflow/example_dags/example_nested_branch_dag.py took 0.106 seconds
[2023-11-07T19:41:29.749+0000] {processor.py:157} INFO - Started process (PID=4161) to work on /usr/local/lib/python3.10/dist-packages/airflow/example_dags/example_nested_branch_dag.py
[2023-11-07T19:41:29.750+0000] {processor.py:829} INFO - Processing file /usr/local/lib/python3.10/dist-packages/airflow/example_dags/example_nested_branch_dag.py for tasks to queue
[2023-11-07T19:41:29.751+0000] {logging_mixin.py:154} INFO - [2023-11-07T19:41:29.750+0000] {dagbag.py:536} INFO - Filling up the DagBag from /usr/local/lib/python3.10/dist-packages/airflow/example_dags/example_nested_branch_dag.py
[2023-11-07T19:41:29.761+0000] {processor.py:839} INFO - DAG(s) dict_keys(['example_nested_branch_dag']) retrieved from /usr/local/lib/python3.10/dist-packages/airflow/example_dags/example_nested_branch_dag.py
[2023-11-07T19:41:29.780+0000] {logging_mixin.py:154} INFO - [2023-11-07T19:41:29.780+0000] {dag.py:2941} INFO - Sync 1 DAGs
[2023-11-07T19:41:29.800+0000] {logging_mixin.py:154} INFO - [2023-11-07T19:41:29.800+0000] {dag.py:3722} INFO - Setting next_dagrun for example_nested_branch_dag to 2023-11-06T00:00:00+00:00, run_after=2023-11-07T00:00:00+00:00
[2023-11-07T19:41:29.823+0000] {processor.py:179} INFO - Processing /usr/local/lib/python3.10/dist-packages/airflow/example_dags/example_nested_branch_dag.py took 0.078 seconds
[2023-11-07T19:42:17.568+0000] {processor.py:157} INFO - Started process (PID=4210) to work on /usr/local/lib/python3.10/dist-packages/airflow/example_dags/example_nested_branch_dag.py
[2023-11-07T19:42:17.569+0000] {processor.py:829} INFO - Processing file /usr/local/lib/python3.10/dist-packages/airflow/example_dags/example_nested_branch_dag.py for tasks to queue
[2023-11-07T19:42:17.570+0000] {logging_mixin.py:154} INFO - [2023-11-07T19:42:17.569+0000] {dagbag.py:536} INFO - Filling up the DagBag from /usr/local/lib/python3.10/dist-packages/airflow/example_dags/example_nested_branch_dag.py
[2023-11-07T19:42:17.579+0000] {processor.py:839} INFO - DAG(s) dict_keys(['example_nested_branch_dag']) retrieved from /usr/local/lib/python3.10/dist-packages/airflow/example_dags/example_nested_branch_dag.py
[2023-11-07T19:42:17.597+0000] {logging_mixin.py:154} INFO - [2023-11-07T19:42:17.597+0000] {dag.py:2941} INFO - Sync 1 DAGs
[2023-11-07T19:42:17.616+0000] {logging_mixin.py:154} INFO - [2023-11-07T19:42:17.616+0000] {dag.py:3722} INFO - Setting next_dagrun for example_nested_branch_dag to 2023-11-06T00:00:00+00:00, run_after=2023-11-07T00:00:00+00:00
[2023-11-07T19:42:17.637+0000] {processor.py:179} INFO - Processing /usr/local/lib/python3.10/dist-packages/airflow/example_dags/example_nested_branch_dag.py took 0.072 seconds
[2023-11-07T19:43:06.513+0000] {processor.py:157} INFO - Started process (PID=4260) to work on /usr/local/lib/python3.10/dist-packages/airflow/example_dags/example_nested_branch_dag.py
[2023-11-07T19:43:06.515+0000] {processor.py:829} INFO - Processing file /usr/local/lib/python3.10/dist-packages/airflow/example_dags/example_nested_branch_dag.py for tasks to queue
[2023-11-07T19:43:06.515+0000] {logging_mixin.py:154} INFO - [2023-11-07T19:43:06.515+0000] {dagbag.py:536} INFO - Filling up the DagBag from /usr/local/lib/python3.10/dist-packages/airflow/example_dags/example_nested_branch_dag.py
[2023-11-07T19:43:06.526+0000] {processor.py:839} INFO - DAG(s) dict_keys(['example_nested_branch_dag']) retrieved from /usr/local/lib/python3.10/dist-packages/airflow/example_dags/example_nested_branch_dag.py
[2023-11-07T19:43:06.543+0000] {logging_mixin.py:154} INFO - [2023-11-07T19:43:06.543+0000] {dag.py:2941} INFO - Sync 1 DAGs
[2023-11-07T19:43:06.566+0000] {logging_mixin.py:154} INFO - [2023-11-07T19:43:06.566+0000] {dag.py:3722} INFO - Setting next_dagrun for example_nested_branch_dag to 2023-11-06T00:00:00+00:00, run_after=2023-11-07T00:00:00+00:00
[2023-11-07T19:43:06.589+0000] {processor.py:179} INFO - Processing /usr/local/lib/python3.10/dist-packages/airflow/example_dags/example_nested_branch_dag.py took 0.078 seconds
[2023-11-07T19:43:57.171+0000] {processor.py:157} INFO - Started process (PID=4312) to work on /usr/local/lib/python3.10/dist-packages/airflow/example_dags/example_nested_branch_dag.py
[2023-11-07T19:43:57.172+0000] {processor.py:829} INFO - Processing file /usr/local/lib/python3.10/dist-packages/airflow/example_dags/example_nested_branch_dag.py for tasks to queue
[2023-11-07T19:43:57.174+0000] {logging_mixin.py:154} INFO - [2023-11-07T19:43:57.173+0000] {dagbag.py:536} INFO - Filling up the DagBag from /usr/local/lib/python3.10/dist-packages/airflow/example_dags/example_nested_branch_dag.py
[2023-11-07T19:43:57.184+0000] {processor.py:839} INFO - DAG(s) dict_keys(['example_nested_branch_dag']) retrieved from /usr/local/lib/python3.10/dist-packages/airflow/example_dags/example_nested_branch_dag.py
[2023-11-07T19:43:57.202+0000] {logging_mixin.py:154} INFO - [2023-11-07T19:43:57.202+0000] {dag.py:2941} INFO - Sync 1 DAGs
[2023-11-07T19:43:57.229+0000] {logging_mixin.py:154} INFO - [2023-11-07T19:43:57.228+0000] {dag.py:3722} INFO - Setting next_dagrun for example_nested_branch_dag to 2023-11-06T00:00:00+00:00, run_after=2023-11-07T00:00:00+00:00
[2023-11-07T19:43:57.258+0000] {processor.py:179} INFO - Processing /usr/local/lib/python3.10/dist-packages/airflow/example_dags/example_nested_branch_dag.py took 0.090 seconds
[2023-11-07T19:44:48.028+0000] {processor.py:157} INFO - Started process (PID=4363) to work on /usr/local/lib/python3.10/dist-packages/airflow/example_dags/example_nested_branch_dag.py
[2023-11-07T19:44:48.029+0000] {processor.py:829} INFO - Processing file /usr/local/lib/python3.10/dist-packages/airflow/example_dags/example_nested_branch_dag.py for tasks to queue
[2023-11-07T19:44:48.030+0000] {logging_mixin.py:154} INFO - [2023-11-07T19:44:48.029+0000] {dagbag.py:536} INFO - Filling up the DagBag from /usr/local/lib/python3.10/dist-packages/airflow/example_dags/example_nested_branch_dag.py
[2023-11-07T19:44:48.040+0000] {processor.py:839} INFO - DAG(s) dict_keys(['example_nested_branch_dag']) retrieved from /usr/local/lib/python3.10/dist-packages/airflow/example_dags/example_nested_branch_dag.py
[2023-11-07T19:44:48.058+0000] {logging_mixin.py:154} INFO - [2023-11-07T19:44:48.058+0000] {dag.py:2941} INFO - Sync 1 DAGs
[2023-11-07T19:44:48.079+0000] {logging_mixin.py:154} INFO - [2023-11-07T19:44:48.079+0000] {dag.py:3722} INFO - Setting next_dagrun for example_nested_branch_dag to 2023-11-06T00:00:00+00:00, run_after=2023-11-07T00:00:00+00:00
[2023-11-07T19:44:48.103+0000] {processor.py:179} INFO - Processing /usr/local/lib/python3.10/dist-packages/airflow/example_dags/example_nested_branch_dag.py took 0.082 seconds
[2023-11-07T19:45:43.487+0000] {processor.py:157} INFO - Started process (PID=4417) to work on /usr/local/lib/python3.10/dist-packages/airflow/example_dags/example_nested_branch_dag.py
[2023-11-07T19:45:43.488+0000] {processor.py:829} INFO - Processing file /usr/local/lib/python3.10/dist-packages/airflow/example_dags/example_nested_branch_dag.py for tasks to queue
[2023-11-07T19:45:43.489+0000] {logging_mixin.py:154} INFO - [2023-11-07T19:45:43.489+0000] {dagbag.py:536} INFO - Filling up the DagBag from /usr/local/lib/python3.10/dist-packages/airflow/example_dags/example_nested_branch_dag.py
[2023-11-07T19:45:43.499+0000] {processor.py:839} INFO - DAG(s) dict_keys(['example_nested_branch_dag']) retrieved from /usr/local/lib/python3.10/dist-packages/airflow/example_dags/example_nested_branch_dag.py
[2023-11-07T19:45:43.517+0000] {logging_mixin.py:154} INFO - [2023-11-07T19:45:43.517+0000] {dag.py:2941} INFO - Sync 1 DAGs
[2023-11-07T19:45:43.538+0000] {logging_mixin.py:154} INFO - [2023-11-07T19:45:43.538+0000] {dag.py:3722} INFO - Setting next_dagrun for example_nested_branch_dag to 2023-11-06T00:00:00+00:00, run_after=2023-11-07T00:00:00+00:00
[2023-11-07T19:45:43.561+0000] {processor.py:179} INFO - Processing /usr/local/lib/python3.10/dist-packages/airflow/example_dags/example_nested_branch_dag.py took 0.077 seconds
[2023-11-07T19:46:35.398+0000] {processor.py:157} INFO - Started process (PID=4470) to work on /usr/local/lib/python3.10/dist-packages/airflow/example_dags/example_nested_branch_dag.py
[2023-11-07T19:46:35.399+0000] {processor.py:829} INFO - Processing file /usr/local/lib/python3.10/dist-packages/airflow/example_dags/example_nested_branch_dag.py for tasks to queue
[2023-11-07T19:46:35.400+0000] {logging_mixin.py:154} INFO - [2023-11-07T19:46:35.399+0000] {dagbag.py:536} INFO - Filling up the DagBag from /usr/local/lib/python3.10/dist-packages/airflow/example_dags/example_nested_branch_dag.py
[2023-11-07T19:46:35.411+0000] {processor.py:839} INFO - DAG(s) dict_keys(['example_nested_branch_dag']) retrieved from /usr/local/lib/python3.10/dist-packages/airflow/example_dags/example_nested_branch_dag.py
[2023-11-07T19:46:35.430+0000] {logging_mixin.py:154} INFO - [2023-11-07T19:46:35.430+0000] {dag.py:2941} INFO - Sync 1 DAGs
[2023-11-07T19:46:35.453+0000] {logging_mixin.py:154} INFO - [2023-11-07T19:46:35.452+0000] {dag.py:3722} INFO - Setting next_dagrun for example_nested_branch_dag to 2023-11-06T00:00:00+00:00, run_after=2023-11-07T00:00:00+00:00
[2023-11-07T19:46:35.476+0000] {processor.py:179} INFO - Processing /usr/local/lib/python3.10/dist-packages/airflow/example_dags/example_nested_branch_dag.py took 0.083 seconds
[2023-11-07T19:47:28.105+0000] {processor.py:157} INFO - Started process (PID=4523) to work on /usr/local/lib/python3.10/dist-packages/airflow/example_dags/example_nested_branch_dag.py
[2023-11-07T19:47:28.107+0000] {processor.py:829} INFO - Processing file /usr/local/lib/python3.10/dist-packages/airflow/example_dags/example_nested_branch_dag.py for tasks to queue
[2023-11-07T19:47:28.107+0000] {logging_mixin.py:154} INFO - [2023-11-07T19:47:28.107+0000] {dagbag.py:536} INFO - Filling up the DagBag from /usr/local/lib/python3.10/dist-packages/airflow/example_dags/example_nested_branch_dag.py
[2023-11-07T19:47:28.120+0000] {processor.py:839} INFO - DAG(s) dict_keys(['example_nested_branch_dag']) retrieved from /usr/local/lib/python3.10/dist-packages/airflow/example_dags/example_nested_branch_dag.py
[2023-11-07T19:47:28.173+0000] {logging_mixin.py:154} INFO - [2023-11-07T19:47:28.173+0000] {dag.py:2941} INFO - Sync 1 DAGs
[2023-11-07T19:47:28.212+0000] {logging_mixin.py:154} INFO - [2023-11-07T19:47:28.212+0000] {dag.py:3722} INFO - Setting next_dagrun for example_nested_branch_dag to 2023-11-06T00:00:00+00:00, run_after=2023-11-07T00:00:00+00:00
[2023-11-07T19:47:28.237+0000] {processor.py:179} INFO - Processing /usr/local/lib/python3.10/dist-packages/airflow/example_dags/example_nested_branch_dag.py took 0.138 seconds
[2023-11-07T19:48:17.549+0000] {processor.py:157} INFO - Started process (PID=4573) to work on /usr/local/lib/python3.10/dist-packages/airflow/example_dags/example_nested_branch_dag.py
[2023-11-07T19:48:17.551+0000] {processor.py:829} INFO - Processing file /usr/local/lib/python3.10/dist-packages/airflow/example_dags/example_nested_branch_dag.py for tasks to queue
[2023-11-07T19:48:17.552+0000] {logging_mixin.py:154} INFO - [2023-11-07T19:48:17.552+0000] {dagbag.py:536} INFO - Filling up the DagBag from /usr/local/lib/python3.10/dist-packages/airflow/example_dags/example_nested_branch_dag.py
[2023-11-07T19:48:17.563+0000] {processor.py:839} INFO - DAG(s) dict_keys(['example_nested_branch_dag']) retrieved from /usr/local/lib/python3.10/dist-packages/airflow/example_dags/example_nested_branch_dag.py
[2023-11-07T19:48:17.583+0000] {logging_mixin.py:154} INFO - [2023-11-07T19:48:17.583+0000] {dag.py:2941} INFO - Sync 1 DAGs
[2023-11-07T19:48:17.612+0000] {logging_mixin.py:154} INFO - [2023-11-07T19:48:17.612+0000] {dag.py:3722} INFO - Setting next_dagrun for example_nested_branch_dag to 2023-11-06T00:00:00+00:00, run_after=2023-11-07T00:00:00+00:00
[2023-11-07T19:48:17.634+0000] {processor.py:179} INFO - Processing /usr/local/lib/python3.10/dist-packages/airflow/example_dags/example_nested_branch_dag.py took 0.091 seconds
[2023-11-07T19:49:06.850+0000] {processor.py:157} INFO - Started process (PID=4625) to work on /usr/local/lib/python3.10/dist-packages/airflow/example_dags/example_nested_branch_dag.py
[2023-11-07T19:49:06.851+0000] {processor.py:829} INFO - Processing file /usr/local/lib/python3.10/dist-packages/airflow/example_dags/example_nested_branch_dag.py for tasks to queue
[2023-11-07T19:49:06.852+0000] {logging_mixin.py:154} INFO - [2023-11-07T19:49:06.851+0000] {dagbag.py:536} INFO - Filling up the DagBag from /usr/local/lib/python3.10/dist-packages/airflow/example_dags/example_nested_branch_dag.py
[2023-11-07T19:49:06.863+0000] {processor.py:839} INFO - DAG(s) dict_keys(['example_nested_branch_dag']) retrieved from /usr/local/lib/python3.10/dist-packages/airflow/example_dags/example_nested_branch_dag.py
[2023-11-07T19:49:06.884+0000] {logging_mixin.py:154} INFO - [2023-11-07T19:49:06.884+0000] {dag.py:2941} INFO - Sync 1 DAGs
[2023-11-07T19:49:06.907+0000] {logging_mixin.py:154} INFO - [2023-11-07T19:49:06.907+0000] {dag.py:3722} INFO - Setting next_dagrun for example_nested_branch_dag to 2023-11-06T00:00:00+00:00, run_after=2023-11-07T00:00:00+00:00
[2023-11-07T19:49:06.941+0000] {processor.py:179} INFO - Processing /usr/local/lib/python3.10/dist-packages/airflow/example_dags/example_nested_branch_dag.py took 0.095 seconds
[2023-11-07T19:49:53.435+0000] {processor.py:157} INFO - Started process (PID=4673) to work on /usr/local/lib/python3.10/dist-packages/airflow/example_dags/example_nested_branch_dag.py
[2023-11-07T19:49:53.436+0000] {processor.py:829} INFO - Processing file /usr/local/lib/python3.10/dist-packages/airflow/example_dags/example_nested_branch_dag.py for tasks to queue
[2023-11-07T19:49:53.437+0000] {logging_mixin.py:154} INFO - [2023-11-07T19:49:53.436+0000] {dagbag.py:536} INFO - Filling up the DagBag from /usr/local/lib/python3.10/dist-packages/airflow/example_dags/example_nested_branch_dag.py
[2023-11-07T19:49:53.455+0000] {processor.py:839} INFO - DAG(s) dict_keys(['example_nested_branch_dag']) retrieved from /usr/local/lib/python3.10/dist-packages/airflow/example_dags/example_nested_branch_dag.py
[2023-11-07T19:49:53.476+0000] {logging_mixin.py:154} INFO - [2023-11-07T19:49:53.476+0000] {dag.py:2941} INFO - Sync 1 DAGs
[2023-11-07T19:49:53.499+0000] {logging_mixin.py:154} INFO - [2023-11-07T19:49:53.499+0000] {dag.py:3722} INFO - Setting next_dagrun for example_nested_branch_dag to 2023-11-06T00:00:00+00:00, run_after=2023-11-07T00:00:00+00:00
[2023-11-07T19:49:53.523+0000] {processor.py:179} INFO - Processing /usr/local/lib/python3.10/dist-packages/airflow/example_dags/example_nested_branch_dag.py took 0.094 seconds
[2023-11-07T19:50:42.724+0000] {processor.py:157} INFO - Started process (PID=4724) to work on /usr/local/lib/python3.10/dist-packages/airflow/example_dags/example_nested_branch_dag.py
[2023-11-07T19:50:42.726+0000] {processor.py:829} INFO - Processing file /usr/local/lib/python3.10/dist-packages/airflow/example_dags/example_nested_branch_dag.py for tasks to queue
[2023-11-07T19:50:42.727+0000] {logging_mixin.py:154} INFO - [2023-11-07T19:50:42.726+0000] {dagbag.py:536} INFO - Filling up the DagBag from /usr/local/lib/python3.10/dist-packages/airflow/example_dags/example_nested_branch_dag.py
[2023-11-07T19:50:42.738+0000] {processor.py:839} INFO - DAG(s) dict_keys(['example_nested_branch_dag']) retrieved from /usr/local/lib/python3.10/dist-packages/airflow/example_dags/example_nested_branch_dag.py
[2023-11-07T19:50:42.757+0000] {logging_mixin.py:154} INFO - [2023-11-07T19:50:42.757+0000] {dag.py:2941} INFO - Sync 1 DAGs
[2023-11-07T19:50:42.783+0000] {logging_mixin.py:154} INFO - [2023-11-07T19:50:42.782+0000] {dag.py:3722} INFO - Setting next_dagrun for example_nested_branch_dag to 2023-11-06T00:00:00+00:00, run_after=2023-11-07T00:00:00+00:00
[2023-11-07T19:50:42.805+0000] {processor.py:179} INFO - Processing /usr/local/lib/python3.10/dist-packages/airflow/example_dags/example_nested_branch_dag.py took 0.084 seconds
[2023-11-07T19:51:33.011+0000] {processor.py:157} INFO - Started process (PID=4776) to work on /usr/local/lib/python3.10/dist-packages/airflow/example_dags/example_nested_branch_dag.py
[2023-11-07T19:51:33.012+0000] {processor.py:829} INFO - Processing file /usr/local/lib/python3.10/dist-packages/airflow/example_dags/example_nested_branch_dag.py for tasks to queue
[2023-11-07T19:51:33.013+0000] {logging_mixin.py:154} INFO - [2023-11-07T19:51:33.012+0000] {dagbag.py:536} INFO - Filling up the DagBag from /usr/local/lib/python3.10/dist-packages/airflow/example_dags/example_nested_branch_dag.py
[2023-11-07T19:51:33.029+0000] {processor.py:839} INFO - DAG(s) dict_keys(['example_nested_branch_dag']) retrieved from /usr/local/lib/python3.10/dist-packages/airflow/example_dags/example_nested_branch_dag.py
[2023-11-07T19:51:33.048+0000] {logging_mixin.py:154} INFO - [2023-11-07T19:51:33.048+0000] {dag.py:2941} INFO - Sync 1 DAGs
[2023-11-07T19:51:33.068+0000] {logging_mixin.py:154} INFO - [2023-11-07T19:51:33.067+0000] {dag.py:3722} INFO - Setting next_dagrun for example_nested_branch_dag to 2023-11-06T00:00:00+00:00, run_after=2023-11-07T00:00:00+00:00
[2023-11-07T19:51:33.090+0000] {processor.py:179} INFO - Processing /usr/local/lib/python3.10/dist-packages/airflow/example_dags/example_nested_branch_dag.py took 0.082 seconds
[2023-11-07T19:52:25.987+0000] {processor.py:157} INFO - Started process (PID=4829) to work on /usr/local/lib/python3.10/dist-packages/airflow/example_dags/example_nested_branch_dag.py
[2023-11-07T19:52:25.988+0000] {processor.py:829} INFO - Processing file /usr/local/lib/python3.10/dist-packages/airflow/example_dags/example_nested_branch_dag.py for tasks to queue
[2023-11-07T19:52:25.989+0000] {logging_mixin.py:154} INFO - [2023-11-07T19:52:25.988+0000] {dagbag.py:536} INFO - Filling up the DagBag from /usr/local/lib/python3.10/dist-packages/airflow/example_dags/example_nested_branch_dag.py
[2023-11-07T19:52:25.999+0000] {processor.py:839} INFO - DAG(s) dict_keys(['example_nested_branch_dag']) retrieved from /usr/local/lib/python3.10/dist-packages/airflow/example_dags/example_nested_branch_dag.py
[2023-11-07T19:52:26.017+0000] {logging_mixin.py:154} INFO - [2023-11-07T19:52:26.017+0000] {dag.py:2941} INFO - Sync 1 DAGs
[2023-11-07T19:52:26.036+0000] {logging_mixin.py:154} INFO - [2023-11-07T19:52:26.036+0000] {dag.py:3722} INFO - Setting next_dagrun for example_nested_branch_dag to 2023-11-06T00:00:00+00:00, run_after=2023-11-07T00:00:00+00:00
[2023-11-07T19:52:26.060+0000] {processor.py:179} INFO - Processing /usr/local/lib/python3.10/dist-packages/airflow/example_dags/example_nested_branch_dag.py took 0.076 seconds
[2023-11-07T19:53:18.476+0000] {processor.py:157} INFO - Started process (PID=4882) to work on /usr/local/lib/python3.10/dist-packages/airflow/example_dags/example_nested_branch_dag.py
[2023-11-07T19:53:18.477+0000] {processor.py:829} INFO - Processing file /usr/local/lib/python3.10/dist-packages/airflow/example_dags/example_nested_branch_dag.py for tasks to queue
[2023-11-07T19:53:18.478+0000] {logging_mixin.py:154} INFO - [2023-11-07T19:53:18.477+0000] {dagbag.py:536} INFO - Filling up the DagBag from /usr/local/lib/python3.10/dist-packages/airflow/example_dags/example_nested_branch_dag.py
[2023-11-07T19:53:18.487+0000] {processor.py:839} INFO - DAG(s) dict_keys(['example_nested_branch_dag']) retrieved from /usr/local/lib/python3.10/dist-packages/airflow/example_dags/example_nested_branch_dag.py
[2023-11-07T19:53:18.506+0000] {logging_mixin.py:154} INFO - [2023-11-07T19:53:18.506+0000] {dag.py:2941} INFO - Sync 1 DAGs
[2023-11-07T19:53:18.531+0000] {logging_mixin.py:154} INFO - [2023-11-07T19:53:18.531+0000] {dag.py:3722} INFO - Setting next_dagrun for example_nested_branch_dag to 2023-11-06T00:00:00+00:00, run_after=2023-11-07T00:00:00+00:00
[2023-11-07T19:53:18.575+0000] {processor.py:179} INFO - Processing /usr/local/lib/python3.10/dist-packages/airflow/example_dags/example_nested_branch_dag.py took 0.103 seconds
[2023-11-07T19:54:11.599+0000] {processor.py:157} INFO - Started process (PID=4935) to work on /usr/local/lib/python3.10/dist-packages/airflow/example_dags/example_nested_branch_dag.py
[2023-11-07T19:54:11.600+0000] {processor.py:829} INFO - Processing file /usr/local/lib/python3.10/dist-packages/airflow/example_dags/example_nested_branch_dag.py for tasks to queue
[2023-11-07T19:54:11.601+0000] {logging_mixin.py:154} INFO - [2023-11-07T19:54:11.601+0000] {dagbag.py:536} INFO - Filling up the DagBag from /usr/local/lib/python3.10/dist-packages/airflow/example_dags/example_nested_branch_dag.py
[2023-11-07T19:54:11.612+0000] {processor.py:839} INFO - DAG(s) dict_keys(['example_nested_branch_dag']) retrieved from /usr/local/lib/python3.10/dist-packages/airflow/example_dags/example_nested_branch_dag.py
[2023-11-07T19:54:11.633+0000] {logging_mixin.py:154} INFO - [2023-11-07T19:54:11.632+0000] {dag.py:2941} INFO - Sync 1 DAGs
[2023-11-07T19:54:11.656+0000] {logging_mixin.py:154} INFO - [2023-11-07T19:54:11.656+0000] {dag.py:3722} INFO - Setting next_dagrun for example_nested_branch_dag to 2023-11-06T00:00:00+00:00, run_after=2023-11-07T00:00:00+00:00
[2023-11-07T19:54:11.679+0000] {processor.py:179} INFO - Processing /usr/local/lib/python3.10/dist-packages/airflow/example_dags/example_nested_branch_dag.py took 0.088 seconds
[2023-11-07T19:55:03.951+0000] {processor.py:157} INFO - Started process (PID=4987) to work on /usr/local/lib/python3.10/dist-packages/airflow/example_dags/example_nested_branch_dag.py
[2023-11-07T19:55:03.952+0000] {processor.py:829} INFO - Processing file /usr/local/lib/python3.10/dist-packages/airflow/example_dags/example_nested_branch_dag.py for tasks to queue
[2023-11-07T19:55:03.953+0000] {logging_mixin.py:154} INFO - [2023-11-07T19:55:03.953+0000] {dagbag.py:536} INFO - Filling up the DagBag from /usr/local/lib/python3.10/dist-packages/airflow/example_dags/example_nested_branch_dag.py
[2023-11-07T19:55:03.968+0000] {processor.py:839} INFO - DAG(s) dict_keys(['example_nested_branch_dag']) retrieved from /usr/local/lib/python3.10/dist-packages/airflow/example_dags/example_nested_branch_dag.py
[2023-11-07T19:55:03.995+0000] {logging_mixin.py:154} INFO - [2023-11-07T19:55:03.995+0000] {dag.py:2941} INFO - Sync 1 DAGs
[2023-11-07T19:55:04.026+0000] {logging_mixin.py:154} INFO - [2023-11-07T19:55:04.026+0000] {dag.py:3722} INFO - Setting next_dagrun for example_nested_branch_dag to 2023-11-06T00:00:00+00:00, run_after=2023-11-07T00:00:00+00:00
[2023-11-07T19:55:04.071+0000] {processor.py:179} INFO - Processing /usr/local/lib/python3.10/dist-packages/airflow/example_dags/example_nested_branch_dag.py took 0.126 seconds
[2023-11-07T19:55:56.322+0000] {processor.py:157} INFO - Started process (PID=5040) to work on /usr/local/lib/python3.10/dist-packages/airflow/example_dags/example_nested_branch_dag.py
[2023-11-07T19:55:56.323+0000] {processor.py:829} INFO - Processing file /usr/local/lib/python3.10/dist-packages/airflow/example_dags/example_nested_branch_dag.py for tasks to queue
[2023-11-07T19:55:56.325+0000] {logging_mixin.py:154} INFO - [2023-11-07T19:55:56.324+0000] {dagbag.py:536} INFO - Filling up the DagBag from /usr/local/lib/python3.10/dist-packages/airflow/example_dags/example_nested_branch_dag.py
[2023-11-07T19:55:56.335+0000] {processor.py:839} INFO - DAG(s) dict_keys(['example_nested_branch_dag']) retrieved from /usr/local/lib/python3.10/dist-packages/airflow/example_dags/example_nested_branch_dag.py
[2023-11-07T19:55:56.353+0000] {logging_mixin.py:154} INFO - [2023-11-07T19:55:56.353+0000] {dag.py:2941} INFO - Sync 1 DAGs
[2023-11-07T19:55:56.376+0000] {logging_mixin.py:154} INFO - [2023-11-07T19:55:56.376+0000] {dag.py:3722} INFO - Setting next_dagrun for example_nested_branch_dag to 2023-11-06T00:00:00+00:00, run_after=2023-11-07T00:00:00+00:00
[2023-11-07T19:55:56.400+0000] {processor.py:179} INFO - Processing /usr/local/lib/python3.10/dist-packages/airflow/example_dags/example_nested_branch_dag.py took 0.082 seconds
[2023-11-07T19:56:50.305+0000] {processor.py:157} INFO - Started process (PID=5093) to work on /usr/local/lib/python3.10/dist-packages/airflow/example_dags/example_nested_branch_dag.py
[2023-11-07T19:56:50.307+0000] {processor.py:829} INFO - Processing file /usr/local/lib/python3.10/dist-packages/airflow/example_dags/example_nested_branch_dag.py for tasks to queue
[2023-11-07T19:56:50.307+0000] {logging_mixin.py:154} INFO - [2023-11-07T19:56:50.307+0000] {dagbag.py:536} INFO - Filling up the DagBag from /usr/local/lib/python3.10/dist-packages/airflow/example_dags/example_nested_branch_dag.py
[2023-11-07T19:56:50.318+0000] {processor.py:839} INFO - DAG(s) dict_keys(['example_nested_branch_dag']) retrieved from /usr/local/lib/python3.10/dist-packages/airflow/example_dags/example_nested_branch_dag.py
[2023-11-07T19:56:50.340+0000] {logging_mixin.py:154} INFO - [2023-11-07T19:56:50.340+0000] {dag.py:2941} INFO - Sync 1 DAGs
[2023-11-07T19:56:50.362+0000] {logging_mixin.py:154} INFO - [2023-11-07T19:56:50.361+0000] {dag.py:3722} INFO - Setting next_dagrun for example_nested_branch_dag to 2023-11-06T00:00:00+00:00, run_after=2023-11-07T00:00:00+00:00
[2023-11-07T19:56:50.383+0000] {processor.py:179} INFO - Processing /usr/local/lib/python3.10/dist-packages/airflow/example_dags/example_nested_branch_dag.py took 0.082 seconds
[2023-11-07T19:57:42.838+0000] {processor.py:157} INFO - Started process (PID=5146) to work on /usr/local/lib/python3.10/dist-packages/airflow/example_dags/example_nested_branch_dag.py
[2023-11-07T19:57:42.840+0000] {processor.py:829} INFO - Processing file /usr/local/lib/python3.10/dist-packages/airflow/example_dags/example_nested_branch_dag.py for tasks to queue
[2023-11-07T19:57:42.842+0000] {logging_mixin.py:154} INFO - [2023-11-07T19:57:42.841+0000] {dagbag.py:536} INFO - Filling up the DagBag from /usr/local/lib/python3.10/dist-packages/airflow/example_dags/example_nested_branch_dag.py
[2023-11-07T19:57:42.856+0000] {processor.py:839} INFO - DAG(s) dict_keys(['example_nested_branch_dag']) retrieved from /usr/local/lib/python3.10/dist-packages/airflow/example_dags/example_nested_branch_dag.py
[2023-11-07T19:57:42.879+0000] {logging_mixin.py:154} INFO - [2023-11-07T19:57:42.879+0000] {dag.py:2941} INFO - Sync 1 DAGs
[2023-11-07T19:57:42.903+0000] {logging_mixin.py:154} INFO - [2023-11-07T19:57:42.903+0000] {dag.py:3722} INFO - Setting next_dagrun for example_nested_branch_dag to 2023-11-06T00:00:00+00:00, run_after=2023-11-07T00:00:00+00:00
[2023-11-07T19:57:42.932+0000] {processor.py:179} INFO - Processing /usr/local/lib/python3.10/dist-packages/airflow/example_dags/example_nested_branch_dag.py took 0.098 seconds
[2023-11-07T19:58:29.886+0000] {processor.py:157} INFO - Started process (PID=5194) to work on /usr/local/lib/python3.10/dist-packages/airflow/example_dags/example_nested_branch_dag.py
[2023-11-07T19:58:29.887+0000] {processor.py:829} INFO - Processing file /usr/local/lib/python3.10/dist-packages/airflow/example_dags/example_nested_branch_dag.py for tasks to queue
[2023-11-07T19:58:29.888+0000] {logging_mixin.py:154} INFO - [2023-11-07T19:58:29.887+0000] {dagbag.py:536} INFO - Filling up the DagBag from /usr/local/lib/python3.10/dist-packages/airflow/example_dags/example_nested_branch_dag.py
[2023-11-07T19:58:29.897+0000] {processor.py:839} INFO - DAG(s) dict_keys(['example_nested_branch_dag']) retrieved from /usr/local/lib/python3.10/dist-packages/airflow/example_dags/example_nested_branch_dag.py
[2023-11-07T19:58:29.924+0000] {logging_mixin.py:154} INFO - [2023-11-07T19:58:29.924+0000] {dag.py:2941} INFO - Sync 1 DAGs
[2023-11-07T19:58:29.943+0000] {logging_mixin.py:154} INFO - [2023-11-07T19:58:29.943+0000] {dag.py:3722} INFO - Setting next_dagrun for example_nested_branch_dag to 2023-11-06T00:00:00+00:00, run_after=2023-11-07T00:00:00+00:00
[2023-11-07T19:58:29.968+0000] {processor.py:179} INFO - Processing /usr/local/lib/python3.10/dist-packages/airflow/example_dags/example_nested_branch_dag.py took 0.085 seconds
[2023-11-07T19:59:21.832+0000] {processor.py:157} INFO - Started process (PID=5246) to work on /usr/local/lib/python3.10/dist-packages/airflow/example_dags/example_nested_branch_dag.py
[2023-11-07T19:59:21.833+0000] {processor.py:829} INFO - Processing file /usr/local/lib/python3.10/dist-packages/airflow/example_dags/example_nested_branch_dag.py for tasks to queue
[2023-11-07T19:59:21.849+0000] {logging_mixin.py:154} INFO - [2023-11-07T19:59:21.848+0000] {dagbag.py:536} INFO - Filling up the DagBag from /usr/local/lib/python3.10/dist-packages/airflow/example_dags/example_nested_branch_dag.py
[2023-11-07T19:59:21.886+0000] {processor.py:839} INFO - DAG(s) dict_keys(['example_nested_branch_dag']) retrieved from /usr/local/lib/python3.10/dist-packages/airflow/example_dags/example_nested_branch_dag.py
[2023-11-07T19:59:21.909+0000] {logging_mixin.py:154} INFO - [2023-11-07T19:59:21.909+0000] {dag.py:2941} INFO - Sync 1 DAGs
[2023-11-07T19:59:21.929+0000] {logging_mixin.py:154} INFO - [2023-11-07T19:59:21.929+0000] {dag.py:3722} INFO - Setting next_dagrun for example_nested_branch_dag to 2023-11-06T00:00:00+00:00, run_after=2023-11-07T00:00:00+00:00
[2023-11-07T19:59:21.968+0000] {processor.py:179} INFO - Processing /usr/local/lib/python3.10/dist-packages/airflow/example_dags/example_nested_branch_dag.py took 0.139 seconds
[2023-11-07T20:00:12.960+0000] {processor.py:157} INFO - Started process (PID=5298) to work on /usr/local/lib/python3.10/dist-packages/airflow/example_dags/example_nested_branch_dag.py
[2023-11-07T20:00:12.961+0000] {processor.py:829} INFO - Processing file /usr/local/lib/python3.10/dist-packages/airflow/example_dags/example_nested_branch_dag.py for tasks to queue
[2023-11-07T20:00:12.962+0000] {logging_mixin.py:154} INFO - [2023-11-07T20:00:12.962+0000] {dagbag.py:536} INFO - Filling up the DagBag from /usr/local/lib/python3.10/dist-packages/airflow/example_dags/example_nested_branch_dag.py
[2023-11-07T20:00:12.972+0000] {processor.py:839} INFO - DAG(s) dict_keys(['example_nested_branch_dag']) retrieved from /usr/local/lib/python3.10/dist-packages/airflow/example_dags/example_nested_branch_dag.py
[2023-11-07T20:00:12.991+0000] {logging_mixin.py:154} INFO - [2023-11-07T20:00:12.990+0000] {dag.py:2941} INFO - Sync 1 DAGs
[2023-11-07T20:00:13.012+0000] {logging_mixin.py:154} INFO - [2023-11-07T20:00:13.011+0000] {dag.py:3722} INFO - Setting next_dagrun for example_nested_branch_dag to 2023-11-06T00:00:00+00:00, run_after=2023-11-07T00:00:00+00:00
[2023-11-07T20:00:13.034+0000] {processor.py:179} INFO - Processing /usr/local/lib/python3.10/dist-packages/airflow/example_dags/example_nested_branch_dag.py took 0.079 seconds
[2023-11-07T20:01:08.241+0000] {processor.py:157} INFO - Started process (PID=5352) to work on /usr/local/lib/python3.10/dist-packages/airflow/example_dags/example_nested_branch_dag.py
[2023-11-07T20:01:08.243+0000] {processor.py:829} INFO - Processing file /usr/local/lib/python3.10/dist-packages/airflow/example_dags/example_nested_branch_dag.py for tasks to queue
[2023-11-07T20:01:08.244+0000] {logging_mixin.py:154} INFO - [2023-11-07T20:01:08.243+0000] {dagbag.py:536} INFO - Filling up the DagBag from /usr/local/lib/python3.10/dist-packages/airflow/example_dags/example_nested_branch_dag.py
[2023-11-07T20:01:08.254+0000] {processor.py:839} INFO - DAG(s) dict_keys(['example_nested_branch_dag']) retrieved from /usr/local/lib/python3.10/dist-packages/airflow/example_dags/example_nested_branch_dag.py
[2023-11-07T20:01:08.272+0000] {logging_mixin.py:154} INFO - [2023-11-07T20:01:08.272+0000] {dag.py:2941} INFO - Sync 1 DAGs
[2023-11-07T20:01:08.292+0000] {logging_mixin.py:154} INFO - [2023-11-07T20:01:08.292+0000] {dag.py:3722} INFO - Setting next_dagrun for example_nested_branch_dag to 2023-11-06T00:00:00+00:00, run_after=2023-11-07T00:00:00+00:00
[2023-11-07T20:01:08.317+0000] {processor.py:179} INFO - Processing /usr/local/lib/python3.10/dist-packages/airflow/example_dags/example_nested_branch_dag.py took 0.079 seconds
[2023-11-07T20:01:51.741+0000] {processor.py:157} INFO - Started process (PID=5399) to work on /usr/local/lib/python3.10/dist-packages/airflow/example_dags/example_nested_branch_dag.py
[2023-11-07T20:01:51.742+0000] {processor.py:829} INFO - Processing file /usr/local/lib/python3.10/dist-packages/airflow/example_dags/example_nested_branch_dag.py for tasks to queue
[2023-11-07T20:01:51.742+0000] {logging_mixin.py:154} INFO - [2023-11-07T20:01:51.742+0000] {dagbag.py:536} INFO - Filling up the DagBag from /usr/local/lib/python3.10/dist-packages/airflow/example_dags/example_nested_branch_dag.py
[2023-11-07T20:01:51.753+0000] {processor.py:839} INFO - DAG(s) dict_keys(['example_nested_branch_dag']) retrieved from /usr/local/lib/python3.10/dist-packages/airflow/example_dags/example_nested_branch_dag.py
[2023-11-07T20:01:51.771+0000] {logging_mixin.py:154} INFO - [2023-11-07T20:01:51.771+0000] {dag.py:2941} INFO - Sync 1 DAGs
[2023-11-07T20:01:51.791+0000] {logging_mixin.py:154} INFO - [2023-11-07T20:01:51.791+0000] {dag.py:3722} INFO - Setting next_dagrun for example_nested_branch_dag to 2023-11-06T00:00:00+00:00, run_after=2023-11-07T00:00:00+00:00
[2023-11-07T20:01:51.812+0000] {processor.py:179} INFO - Processing /usr/local/lib/python3.10/dist-packages/airflow/example_dags/example_nested_branch_dag.py took 0.074 seconds
[2023-11-07T20:02:41.199+0000] {processor.py:157} INFO - Started process (PID=5449) to work on /usr/local/lib/python3.10/dist-packages/airflow/example_dags/example_nested_branch_dag.py
[2023-11-07T20:02:41.200+0000] {processor.py:829} INFO - Processing file /usr/local/lib/python3.10/dist-packages/airflow/example_dags/example_nested_branch_dag.py for tasks to queue
[2023-11-07T20:02:41.201+0000] {logging_mixin.py:154} INFO - [2023-11-07T20:02:41.201+0000] {dagbag.py:536} INFO - Filling up the DagBag from /usr/local/lib/python3.10/dist-packages/airflow/example_dags/example_nested_branch_dag.py
[2023-11-07T20:02:41.211+0000] {processor.py:839} INFO - DAG(s) dict_keys(['example_nested_branch_dag']) retrieved from /usr/local/lib/python3.10/dist-packages/airflow/example_dags/example_nested_branch_dag.py
[2023-11-07T20:02:41.228+0000] {logging_mixin.py:154} INFO - [2023-11-07T20:02:41.228+0000] {dag.py:2941} INFO - Sync 1 DAGs
[2023-11-07T20:02:41.247+0000] {logging_mixin.py:154} INFO - [2023-11-07T20:02:41.247+0000] {dag.py:3722} INFO - Setting next_dagrun for example_nested_branch_dag to 2023-11-06T00:00:00+00:00, run_after=2023-11-07T00:00:00+00:00
[2023-11-07T20:02:41.270+0000] {processor.py:179} INFO - Processing /usr/local/lib/python3.10/dist-packages/airflow/example_dags/example_nested_branch_dag.py took 0.073 seconds
[2023-11-07T20:03:29.546+0000] {processor.py:157} INFO - Started process (PID=5500) to work on /usr/local/lib/python3.10/dist-packages/airflow/example_dags/example_nested_branch_dag.py
[2023-11-07T20:03:29.547+0000] {processor.py:829} INFO - Processing file /usr/local/lib/python3.10/dist-packages/airflow/example_dags/example_nested_branch_dag.py for tasks to queue
[2023-11-07T20:03:29.548+0000] {logging_mixin.py:154} INFO - [2023-11-07T20:03:29.548+0000] {dagbag.py:536} INFO - Filling up the DagBag from /usr/local/lib/python3.10/dist-packages/airflow/example_dags/example_nested_branch_dag.py
[2023-11-07T20:03:29.558+0000] {processor.py:839} INFO - DAG(s) dict_keys(['example_nested_branch_dag']) retrieved from /usr/local/lib/python3.10/dist-packages/airflow/example_dags/example_nested_branch_dag.py
[2023-11-07T20:03:29.578+0000] {logging_mixin.py:154} INFO - [2023-11-07T20:03:29.578+0000] {dag.py:2941} INFO - Sync 1 DAGs
[2023-11-07T20:03:29.597+0000] {logging_mixin.py:154} INFO - [2023-11-07T20:03:29.597+0000] {dag.py:3722} INFO - Setting next_dagrun for example_nested_branch_dag to 2023-11-06T00:00:00+00:00, run_after=2023-11-07T00:00:00+00:00
[2023-11-07T20:03:29.618+0000] {processor.py:179} INFO - Processing /usr/local/lib/python3.10/dist-packages/airflow/example_dags/example_nested_branch_dag.py took 0.079 seconds
[2023-11-07T20:04:18.583+0000] {processor.py:157} INFO - Started process (PID=5551) to work on /usr/local/lib/python3.10/dist-packages/airflow/example_dags/example_nested_branch_dag.py
[2023-11-07T20:04:18.584+0000] {processor.py:829} INFO - Processing file /usr/local/lib/python3.10/dist-packages/airflow/example_dags/example_nested_branch_dag.py for tasks to queue
[2023-11-07T20:04:18.585+0000] {logging_mixin.py:154} INFO - [2023-11-07T20:04:18.585+0000] {dagbag.py:536} INFO - Filling up the DagBag from /usr/local/lib/python3.10/dist-packages/airflow/example_dags/example_nested_branch_dag.py
[2023-11-07T20:04:18.596+0000] {processor.py:839} INFO - DAG(s) dict_keys(['example_nested_branch_dag']) retrieved from /usr/local/lib/python3.10/dist-packages/airflow/example_dags/example_nested_branch_dag.py
[2023-11-07T20:04:18.616+0000] {logging_mixin.py:154} INFO - [2023-11-07T20:04:18.616+0000] {dag.py:2941} INFO - Sync 1 DAGs
[2023-11-07T20:04:18.638+0000] {logging_mixin.py:154} INFO - [2023-11-07T20:04:18.638+0000] {dag.py:3722} INFO - Setting next_dagrun for example_nested_branch_dag to 2023-11-06T00:00:00+00:00, run_after=2023-11-07T00:00:00+00:00
[2023-11-07T20:04:18.661+0000] {processor.py:179} INFO - Processing /usr/local/lib/python3.10/dist-packages/airflow/example_dags/example_nested_branch_dag.py took 0.082 seconds
[2023-11-07T20:05:06.752+0000] {processor.py:157} INFO - Started process (PID=5600) to work on /usr/local/lib/python3.10/dist-packages/airflow/example_dags/example_nested_branch_dag.py
[2023-11-07T20:05:06.753+0000] {processor.py:829} INFO - Processing file /usr/local/lib/python3.10/dist-packages/airflow/example_dags/example_nested_branch_dag.py for tasks to queue
[2023-11-07T20:05:06.754+0000] {logging_mixin.py:154} INFO - [2023-11-07T20:05:06.754+0000] {dagbag.py:536} INFO - Filling up the DagBag from /usr/local/lib/python3.10/dist-packages/airflow/example_dags/example_nested_branch_dag.py
[2023-11-07T20:05:06.766+0000] {processor.py:839} INFO - DAG(s) dict_keys(['example_nested_branch_dag']) retrieved from /usr/local/lib/python3.10/dist-packages/airflow/example_dags/example_nested_branch_dag.py
[2023-11-07T20:05:06.788+0000] {logging_mixin.py:154} INFO - [2023-11-07T20:05:06.788+0000] {dag.py:2941} INFO - Sync 1 DAGs
[2023-11-07T20:05:06.817+0000] {logging_mixin.py:154} INFO - [2023-11-07T20:05:06.817+0000] {dag.py:3722} INFO - Setting next_dagrun for example_nested_branch_dag to 2023-11-06T00:00:00+00:00, run_after=2023-11-07T00:00:00+00:00
[2023-11-07T20:05:06.842+0000] {processor.py:179} INFO - Processing /usr/local/lib/python3.10/dist-packages/airflow/example_dags/example_nested_branch_dag.py took 0.094 seconds
[2023-11-07T20:05:57.536+0000] {processor.py:157} INFO - Started process (PID=5652) to work on /usr/local/lib/python3.10/dist-packages/airflow/example_dags/example_nested_branch_dag.py
[2023-11-07T20:05:57.537+0000] {processor.py:829} INFO - Processing file /usr/local/lib/python3.10/dist-packages/airflow/example_dags/example_nested_branch_dag.py for tasks to queue
[2023-11-07T20:05:57.538+0000] {logging_mixin.py:154} INFO - [2023-11-07T20:05:57.537+0000] {dagbag.py:536} INFO - Filling up the DagBag from /usr/local/lib/python3.10/dist-packages/airflow/example_dags/example_nested_branch_dag.py
[2023-11-07T20:05:57.548+0000] {processor.py:839} INFO - DAG(s) dict_keys(['example_nested_branch_dag']) retrieved from /usr/local/lib/python3.10/dist-packages/airflow/example_dags/example_nested_branch_dag.py
[2023-11-07T20:05:57.569+0000] {logging_mixin.py:154} INFO - [2023-11-07T20:05:57.569+0000] {dag.py:2941} INFO - Sync 1 DAGs
[2023-11-07T20:05:57.592+0000] {logging_mixin.py:154} INFO - [2023-11-07T20:05:57.592+0000] {dag.py:3722} INFO - Setting next_dagrun for example_nested_branch_dag to 2023-11-06T00:00:00+00:00, run_after=2023-11-07T00:00:00+00:00
[2023-11-07T20:05:57.614+0000] {processor.py:179} INFO - Processing /usr/local/lib/python3.10/dist-packages/airflow/example_dags/example_nested_branch_dag.py took 0.082 seconds
[2023-11-07T20:06:46.500+0000] {processor.py:157} INFO - Started process (PID=5702) to work on /usr/local/lib/python3.10/dist-packages/airflow/example_dags/example_nested_branch_dag.py
[2023-11-07T20:06:46.501+0000] {processor.py:829} INFO - Processing file /usr/local/lib/python3.10/dist-packages/airflow/example_dags/example_nested_branch_dag.py for tasks to queue
[2023-11-07T20:06:46.502+0000] {logging_mixin.py:154} INFO - [2023-11-07T20:06:46.502+0000] {dagbag.py:536} INFO - Filling up the DagBag from /usr/local/lib/python3.10/dist-packages/airflow/example_dags/example_nested_branch_dag.py
[2023-11-07T20:06:46.513+0000] {processor.py:839} INFO - DAG(s) dict_keys(['example_nested_branch_dag']) retrieved from /usr/local/lib/python3.10/dist-packages/airflow/example_dags/example_nested_branch_dag.py
[2023-11-07T20:06:46.530+0000] {logging_mixin.py:154} INFO - [2023-11-07T20:06:46.530+0000] {dag.py:2941} INFO - Sync 1 DAGs
[2023-11-07T20:06:46.549+0000] {logging_mixin.py:154} INFO - [2023-11-07T20:06:46.549+0000] {dag.py:3722} INFO - Setting next_dagrun for example_nested_branch_dag to 2023-11-06T00:00:00+00:00, run_after=2023-11-07T00:00:00+00:00
[2023-11-07T20:06:46.573+0000] {processor.py:179} INFO - Processing /usr/local/lib/python3.10/dist-packages/airflow/example_dags/example_nested_branch_dag.py took 0.076 seconds
[2023-11-07T20:07:37.546+0000] {processor.py:157} INFO - Started process (PID=5757) to work on /usr/local/lib/python3.10/dist-packages/airflow/example_dags/example_nested_branch_dag.py
[2023-11-07T20:07:37.547+0000] {processor.py:829} INFO - Processing file /usr/local/lib/python3.10/dist-packages/airflow/example_dags/example_nested_branch_dag.py for tasks to queue
[2023-11-07T20:07:37.547+0000] {logging_mixin.py:154} INFO - [2023-11-07T20:07:37.547+0000] {dagbag.py:536} INFO - Filling up the DagBag from /usr/local/lib/python3.10/dist-packages/airflow/example_dags/example_nested_branch_dag.py
[2023-11-07T20:07:37.560+0000] {processor.py:839} INFO - DAG(s) dict_keys(['example_nested_branch_dag']) retrieved from /usr/local/lib/python3.10/dist-packages/airflow/example_dags/example_nested_branch_dag.py
[2023-11-07T20:07:37.580+0000] {logging_mixin.py:154} INFO - [2023-11-07T20:07:37.580+0000] {dag.py:2941} INFO - Sync 1 DAGs
[2023-11-07T20:07:37.602+0000] {logging_mixin.py:154} INFO - [2023-11-07T20:07:37.602+0000] {dag.py:3722} INFO - Setting next_dagrun for example_nested_branch_dag to 2023-11-06T00:00:00+00:00, run_after=2023-11-07T00:00:00+00:00
[2023-11-07T20:07:37.628+0000] {processor.py:179} INFO - Processing /usr/local/lib/python3.10/dist-packages/airflow/example_dags/example_nested_branch_dag.py took 0.086 seconds
