[2023-11-07T19:31:56.420+0000] {processor.py:157} INFO - Started process (PID=3573) to work on /usr/local/lib/python3.10/dist-packages/airflow/example_dags/example_setup_teardown.py
[2023-11-07T19:31:56.421+0000] {processor.py:829} INFO - Processing file /usr/local/lib/python3.10/dist-packages/airflow/example_dags/example_setup_teardown.py for tasks to queue
[2023-11-07T19:31:56.422+0000] {logging_mixin.py:154} INFO - [2023-11-07T19:31:56.422+0000] {dagbag.py:536} INFO - Filling up the DagBag from /usr/local/lib/python3.10/dist-packages/airflow/example_dags/example_setup_teardown.py
[2023-11-07T19:31:56.435+0000] {processor.py:839} INFO - DAG(s) dict_keys(['example_setup_teardown']) retrieved from /usr/local/lib/python3.10/dist-packages/airflow/example_dags/example_setup_teardown.py
[2023-11-07T19:31:56.580+0000] {logging_mixin.py:154} INFO - [2023-11-07T19:31:56.579+0000] {manager.py:499} INFO - Created Permission View: %s
[2023-11-07T19:31:56.593+0000] {logging_mixin.py:154} INFO - [2023-11-07T19:31:56.593+0000] {manager.py:499} INFO - Created Permission View: %s
[2023-11-07T19:31:56.602+0000] {logging_mixin.py:154} INFO - [2023-11-07T19:31:56.602+0000] {manager.py:499} INFO - Created Permission View: %s
[2023-11-07T19:31:56.602+0000] {logging_mixin.py:154} INFO - [2023-11-07T19:31:56.602+0000] {dag.py:2941} INFO - Sync 1 DAGs
[2023-11-07T19:31:56.615+0000] {logging_mixin.py:154} INFO - [2023-11-07T19:31:56.615+0000] {dag.py:2963} INFO - Creating ORM DAG for example_setup_teardown
[2023-11-07T19:31:56.624+0000] {logging_mixin.py:154} INFO - [2023-11-07T19:31:56.623+0000] {dag.py:3722} INFO - Setting next_dagrun for example_setup_teardown to 2023-11-06T19:31:56.623772+00:00, run_after=2023-11-07T19:31:56.623772+00:00
[2023-11-07T19:31:56.647+0000] {processor.py:179} INFO - Processing /usr/local/lib/python3.10/dist-packages/airflow/example_dags/example_setup_teardown.py took 0.234 seconds
[2023-11-07T19:32:47.592+0000] {processor.py:157} INFO - Started process (PID=3620) to work on /usr/local/lib/python3.10/dist-packages/airflow/example_dags/example_setup_teardown.py
[2023-11-07T19:32:47.595+0000] {processor.py:829} INFO - Processing file /usr/local/lib/python3.10/dist-packages/airflow/example_dags/example_setup_teardown.py for tasks to queue
[2023-11-07T19:32:47.596+0000] {logging_mixin.py:154} INFO - [2023-11-07T19:32:47.596+0000] {dagbag.py:536} INFO - Filling up the DagBag from /usr/local/lib/python3.10/dist-packages/airflow/example_dags/example_setup_teardown.py
[2023-11-07T19:32:47.619+0000] {processor.py:839} INFO - DAG(s) dict_keys(['example_setup_teardown']) retrieved from /usr/local/lib/python3.10/dist-packages/airflow/example_dags/example_setup_teardown.py
[2023-11-07T19:32:47.644+0000] {logging_mixin.py:154} INFO - [2023-11-07T19:32:47.643+0000] {dag.py:2941} INFO - Sync 1 DAGs
[2023-11-07T19:32:47.685+0000] {logging_mixin.py:154} INFO - [2023-11-07T19:32:47.685+0000] {dag.py:3722} INFO - Setting next_dagrun for example_setup_teardown to 2023-11-06T19:32:47.685014+00:00, run_after=2023-11-07T19:32:47.685014+00:00
[2023-11-07T19:32:47.726+0000] {processor.py:179} INFO - Processing /usr/local/lib/python3.10/dist-packages/airflow/example_dags/example_setup_teardown.py took 0.140 seconds
[2023-11-07T19:33:34.872+0000] {processor.py:157} INFO - Started process (PID=3669) to work on /usr/local/lib/python3.10/dist-packages/airflow/example_dags/example_setup_teardown.py
[2023-11-07T19:33:34.873+0000] {processor.py:829} INFO - Processing file /usr/local/lib/python3.10/dist-packages/airflow/example_dags/example_setup_teardown.py for tasks to queue
[2023-11-07T19:33:34.874+0000] {logging_mixin.py:154} INFO - [2023-11-07T19:33:34.873+0000] {dagbag.py:536} INFO - Filling up the DagBag from /usr/local/lib/python3.10/dist-packages/airflow/example_dags/example_setup_teardown.py
[2023-11-07T19:33:34.888+0000] {processor.py:839} INFO - DAG(s) dict_keys(['example_setup_teardown']) retrieved from /usr/local/lib/python3.10/dist-packages/airflow/example_dags/example_setup_teardown.py
[2023-11-07T19:33:34.912+0000] {logging_mixin.py:154} INFO - [2023-11-07T19:33:34.911+0000] {dag.py:2941} INFO - Sync 1 DAGs
[2023-11-07T19:33:34.932+0000] {logging_mixin.py:154} INFO - [2023-11-07T19:33:34.932+0000] {dag.py:3722} INFO - Setting next_dagrun for example_setup_teardown to 2023-11-06T19:33:34.932066+00:00, run_after=2023-11-07T19:33:34.932066+00:00
[2023-11-07T19:33:34.954+0000] {processor.py:179} INFO - Processing /usr/local/lib/python3.10/dist-packages/airflow/example_dags/example_setup_teardown.py took 0.089 seconds
[2023-11-07T19:34:24.671+0000] {processor.py:157} INFO - Started process (PID=3720) to work on /usr/local/lib/python3.10/dist-packages/airflow/example_dags/example_setup_teardown.py
[2023-11-07T19:34:24.673+0000] {processor.py:829} INFO - Processing file /usr/local/lib/python3.10/dist-packages/airflow/example_dags/example_setup_teardown.py for tasks to queue
[2023-11-07T19:34:24.674+0000] {logging_mixin.py:154} INFO - [2023-11-07T19:34:24.673+0000] {dagbag.py:536} INFO - Filling up the DagBag from /usr/local/lib/python3.10/dist-packages/airflow/example_dags/example_setup_teardown.py
[2023-11-07T19:34:24.684+0000] {processor.py:839} INFO - DAG(s) dict_keys(['example_setup_teardown']) retrieved from /usr/local/lib/python3.10/dist-packages/airflow/example_dags/example_setup_teardown.py
[2023-11-07T19:34:24.701+0000] {logging_mixin.py:154} INFO - [2023-11-07T19:34:24.701+0000] {dag.py:2941} INFO - Sync 1 DAGs
[2023-11-07T19:34:24.720+0000] {logging_mixin.py:154} INFO - [2023-11-07T19:34:24.720+0000] {dag.py:3722} INFO - Setting next_dagrun for example_setup_teardown to 2023-11-06T19:34:24.720530+00:00, run_after=2023-11-07T19:34:24.720530+00:00
[2023-11-07T19:34:24.741+0000] {processor.py:179} INFO - Processing /usr/local/lib/python3.10/dist-packages/airflow/example_dags/example_setup_teardown.py took 0.073 seconds
[2023-11-07T19:35:08.909+0000] {processor.py:157} INFO - Started process (PID=3767) to work on /usr/local/lib/python3.10/dist-packages/airflow/example_dags/example_setup_teardown.py
[2023-11-07T19:35:08.910+0000] {processor.py:829} INFO - Processing file /usr/local/lib/python3.10/dist-packages/airflow/example_dags/example_setup_teardown.py for tasks to queue
[2023-11-07T19:35:08.911+0000] {logging_mixin.py:154} INFO - [2023-11-07T19:35:08.911+0000] {dagbag.py:536} INFO - Filling up the DagBag from /usr/local/lib/python3.10/dist-packages/airflow/example_dags/example_setup_teardown.py
[2023-11-07T19:35:08.920+0000] {processor.py:839} INFO - DAG(s) dict_keys(['example_setup_teardown']) retrieved from /usr/local/lib/python3.10/dist-packages/airflow/example_dags/example_setup_teardown.py
[2023-11-07T19:35:08.936+0000] {logging_mixin.py:154} INFO - [2023-11-07T19:35:08.936+0000] {dag.py:2941} INFO - Sync 1 DAGs
[2023-11-07T19:35:08.954+0000] {logging_mixin.py:154} INFO - [2023-11-07T19:35:08.954+0000] {dag.py:3722} INFO - Setting next_dagrun for example_setup_teardown to 2023-11-06T19:35:08.954481+00:00, run_after=2023-11-07T19:35:08.954481+00:00
[2023-11-07T19:35:08.976+0000] {processor.py:179} INFO - Processing /usr/local/lib/python3.10/dist-packages/airflow/example_dags/example_setup_teardown.py took 0.070 seconds
[2023-11-07T19:35:53.840+0000] {processor.py:157} INFO - Started process (PID=3816) to work on /usr/local/lib/python3.10/dist-packages/airflow/example_dags/example_setup_teardown.py
[2023-11-07T19:35:53.842+0000] {processor.py:829} INFO - Processing file /usr/local/lib/python3.10/dist-packages/airflow/example_dags/example_setup_teardown.py for tasks to queue
[2023-11-07T19:35:53.842+0000] {logging_mixin.py:154} INFO - [2023-11-07T19:35:53.842+0000] {dagbag.py:536} INFO - Filling up the DagBag from /usr/local/lib/python3.10/dist-packages/airflow/example_dags/example_setup_teardown.py
[2023-11-07T19:35:53.851+0000] {processor.py:839} INFO - DAG(s) dict_keys(['example_setup_teardown']) retrieved from /usr/local/lib/python3.10/dist-packages/airflow/example_dags/example_setup_teardown.py
[2023-11-07T19:35:53.870+0000] {logging_mixin.py:154} INFO - [2023-11-07T19:35:53.870+0000] {dag.py:2941} INFO - Sync 1 DAGs
[2023-11-07T19:35:53.889+0000] {logging_mixin.py:154} INFO - [2023-11-07T19:35:53.889+0000] {dag.py:3722} INFO - Setting next_dagrun for example_setup_teardown to 2023-11-06T19:35:53.889500+00:00, run_after=2023-11-07T19:35:53.889500+00:00
[2023-11-07T19:35:53.913+0000] {processor.py:179} INFO - Processing /usr/local/lib/python3.10/dist-packages/airflow/example_dags/example_setup_teardown.py took 0.076 seconds
[2023-11-07T19:36:41.243+0000] {processor.py:157} INFO - Started process (PID=3863) to work on /usr/local/lib/python3.10/dist-packages/airflow/example_dags/example_setup_teardown.py
[2023-11-07T19:36:41.244+0000] {processor.py:829} INFO - Processing file /usr/local/lib/python3.10/dist-packages/airflow/example_dags/example_setup_teardown.py for tasks to queue
[2023-11-07T19:36:41.245+0000] {logging_mixin.py:154} INFO - [2023-11-07T19:36:41.245+0000] {dagbag.py:536} INFO - Filling up the DagBag from /usr/local/lib/python3.10/dist-packages/airflow/example_dags/example_setup_teardown.py
[2023-11-07T19:36:41.253+0000] {processor.py:839} INFO - DAG(s) dict_keys(['example_setup_teardown']) retrieved from /usr/local/lib/python3.10/dist-packages/airflow/example_dags/example_setup_teardown.py
[2023-11-07T19:36:41.269+0000] {logging_mixin.py:154} INFO - [2023-11-07T19:36:41.269+0000] {dag.py:2941} INFO - Sync 1 DAGs
[2023-11-07T19:36:41.288+0000] {logging_mixin.py:154} INFO - [2023-11-07T19:36:41.288+0000] {dag.py:3722} INFO - Setting next_dagrun for example_setup_teardown to 2023-11-06T19:36:41.288385+00:00, run_after=2023-11-07T19:36:41.288385+00:00
[2023-11-07T19:36:41.316+0000] {processor.py:179} INFO - Processing /usr/local/lib/python3.10/dist-packages/airflow/example_dags/example_setup_teardown.py took 0.077 seconds
[2023-11-07T19:37:30.894+0000] {processor.py:157} INFO - Started process (PID=3914) to work on /usr/local/lib/python3.10/dist-packages/airflow/example_dags/example_setup_teardown.py
[2023-11-07T19:37:30.896+0000] {processor.py:829} INFO - Processing file /usr/local/lib/python3.10/dist-packages/airflow/example_dags/example_setup_teardown.py for tasks to queue
[2023-11-07T19:37:30.898+0000] {logging_mixin.py:154} INFO - [2023-11-07T19:37:30.898+0000] {dagbag.py:536} INFO - Filling up the DagBag from /usr/local/lib/python3.10/dist-packages/airflow/example_dags/example_setup_teardown.py
[2023-11-07T19:37:30.907+0000] {processor.py:839} INFO - DAG(s) dict_keys(['example_setup_teardown']) retrieved from /usr/local/lib/python3.10/dist-packages/airflow/example_dags/example_setup_teardown.py
[2023-11-07T19:37:30.929+0000] {logging_mixin.py:154} INFO - [2023-11-07T19:37:30.929+0000] {dag.py:2941} INFO - Sync 1 DAGs
[2023-11-07T19:37:30.963+0000] {logging_mixin.py:154} INFO - [2023-11-07T19:37:30.963+0000] {dag.py:3722} INFO - Setting next_dagrun for example_setup_teardown to 2023-11-06T19:37:30.963125+00:00, run_after=2023-11-07T19:37:30.963125+00:00
[2023-11-07T19:37:30.986+0000] {processor.py:179} INFO - Processing /usr/local/lib/python3.10/dist-packages/airflow/example_dags/example_setup_teardown.py took 0.098 seconds
[2023-11-07T19:38:19.365+0000] {processor.py:157} INFO - Started process (PID=3964) to work on /usr/local/lib/python3.10/dist-packages/airflow/example_dags/example_setup_teardown.py
[2023-11-07T19:38:19.366+0000] {processor.py:829} INFO - Processing file /usr/local/lib/python3.10/dist-packages/airflow/example_dags/example_setup_teardown.py for tasks to queue
[2023-11-07T19:38:19.367+0000] {logging_mixin.py:154} INFO - [2023-11-07T19:38:19.366+0000] {dagbag.py:536} INFO - Filling up the DagBag from /usr/local/lib/python3.10/dist-packages/airflow/example_dags/example_setup_teardown.py
[2023-11-07T19:38:19.377+0000] {processor.py:839} INFO - DAG(s) dict_keys(['example_setup_teardown']) retrieved from /usr/local/lib/python3.10/dist-packages/airflow/example_dags/example_setup_teardown.py
[2023-11-07T19:38:19.403+0000] {logging_mixin.py:154} INFO - [2023-11-07T19:38:19.403+0000] {dag.py:2941} INFO - Sync 1 DAGs
[2023-11-07T19:38:19.431+0000] {logging_mixin.py:154} INFO - [2023-11-07T19:38:19.431+0000] {dag.py:3722} INFO - Setting next_dagrun for example_setup_teardown to 2023-11-06T19:38:19.430918+00:00, run_after=2023-11-07T19:38:19.430918+00:00
[2023-11-07T19:38:19.459+0000] {processor.py:179} INFO - Processing /usr/local/lib/python3.10/dist-packages/airflow/example_dags/example_setup_teardown.py took 0.097 seconds
[2023-11-07T19:39:06.305+0000] {processor.py:157} INFO - Started process (PID=4014) to work on /usr/local/lib/python3.10/dist-packages/airflow/example_dags/example_setup_teardown.py
[2023-11-07T19:39:06.307+0000] {processor.py:829} INFO - Processing file /usr/local/lib/python3.10/dist-packages/airflow/example_dags/example_setup_teardown.py for tasks to queue
[2023-11-07T19:39:06.307+0000] {logging_mixin.py:154} INFO - [2023-11-07T19:39:06.307+0000] {dagbag.py:536} INFO - Filling up the DagBag from /usr/local/lib/python3.10/dist-packages/airflow/example_dags/example_setup_teardown.py
[2023-11-07T19:39:06.316+0000] {processor.py:839} INFO - DAG(s) dict_keys(['example_setup_teardown']) retrieved from /usr/local/lib/python3.10/dist-packages/airflow/example_dags/example_setup_teardown.py
[2023-11-07T19:39:06.333+0000] {logging_mixin.py:154} INFO - [2023-11-07T19:39:06.332+0000] {dag.py:2941} INFO - Sync 1 DAGs
[2023-11-07T19:39:06.352+0000] {logging_mixin.py:154} INFO - [2023-11-07T19:39:06.352+0000] {dag.py:3722} INFO - Setting next_dagrun for example_setup_teardown to 2023-11-06T19:39:06.352200+00:00, run_after=2023-11-07T19:39:06.352200+00:00
[2023-11-07T19:39:06.384+0000] {processor.py:179} INFO - Processing /usr/local/lib/python3.10/dist-packages/airflow/example_dags/example_setup_teardown.py took 0.082 seconds
[2023-11-07T19:39:52.120+0000] {processor.py:157} INFO - Started process (PID=4060) to work on /usr/local/lib/python3.10/dist-packages/airflow/example_dags/example_setup_teardown.py
[2023-11-07T19:39:52.121+0000] {processor.py:829} INFO - Processing file /usr/local/lib/python3.10/dist-packages/airflow/example_dags/example_setup_teardown.py for tasks to queue
[2023-11-07T19:39:52.122+0000] {logging_mixin.py:154} INFO - [2023-11-07T19:39:52.122+0000] {dagbag.py:536} INFO - Filling up the DagBag from /usr/local/lib/python3.10/dist-packages/airflow/example_dags/example_setup_teardown.py
[2023-11-07T19:39:52.131+0000] {processor.py:839} INFO - DAG(s) dict_keys(['example_setup_teardown']) retrieved from /usr/local/lib/python3.10/dist-packages/airflow/example_dags/example_setup_teardown.py
[2023-11-07T19:39:52.153+0000] {logging_mixin.py:154} INFO - [2023-11-07T19:39:52.153+0000] {dag.py:2941} INFO - Sync 1 DAGs
[2023-11-07T19:39:52.177+0000] {logging_mixin.py:154} INFO - [2023-11-07T19:39:52.176+0000] {dag.py:3722} INFO - Setting next_dagrun for example_setup_teardown to 2023-11-06T19:39:52.176649+00:00, run_after=2023-11-07T19:39:52.176649+00:00
[2023-11-07T19:39:52.203+0000] {processor.py:179} INFO - Processing /usr/local/lib/python3.10/dist-packages/airflow/example_dags/example_setup_teardown.py took 0.087 seconds
[2023-11-07T19:40:44.391+0000] {processor.py:157} INFO - Started process (PID=4114) to work on /usr/local/lib/python3.10/dist-packages/airflow/example_dags/example_setup_teardown.py
[2023-11-07T19:40:44.392+0000] {processor.py:829} INFO - Processing file /usr/local/lib/python3.10/dist-packages/airflow/example_dags/example_setup_teardown.py for tasks to queue
[2023-11-07T19:40:44.393+0000] {logging_mixin.py:154} INFO - [2023-11-07T19:40:44.393+0000] {dagbag.py:536} INFO - Filling up the DagBag from /usr/local/lib/python3.10/dist-packages/airflow/example_dags/example_setup_teardown.py
[2023-11-07T19:40:44.401+0000] {processor.py:839} INFO - DAG(s) dict_keys(['example_setup_teardown']) retrieved from /usr/local/lib/python3.10/dist-packages/airflow/example_dags/example_setup_teardown.py
[2023-11-07T19:40:44.419+0000] {logging_mixin.py:154} INFO - [2023-11-07T19:40:44.419+0000] {dag.py:2941} INFO - Sync 1 DAGs
[2023-11-07T19:40:44.443+0000] {logging_mixin.py:154} INFO - [2023-11-07T19:40:44.443+0000] {dag.py:3722} INFO - Setting next_dagrun for example_setup_teardown to 2023-11-06T19:40:44.443403+00:00, run_after=2023-11-07T19:40:44.443403+00:00
[2023-11-07T19:40:44.480+0000] {processor.py:179} INFO - Processing /usr/local/lib/python3.10/dist-packages/airflow/example_dags/example_setup_teardown.py took 0.092 seconds
[2023-11-07T19:41:34.980+0000] {processor.py:157} INFO - Started process (PID=4166) to work on /usr/local/lib/python3.10/dist-packages/airflow/example_dags/example_setup_teardown.py
[2023-11-07T19:41:34.981+0000] {processor.py:829} INFO - Processing file /usr/local/lib/python3.10/dist-packages/airflow/example_dags/example_setup_teardown.py for tasks to queue
[2023-11-07T19:41:35.000+0000] {logging_mixin.py:154} INFO - [2023-11-07T19:41:34.997+0000] {dagbag.py:536} INFO - Filling up the DagBag from /usr/local/lib/python3.10/dist-packages/airflow/example_dags/example_setup_teardown.py
[2023-11-07T19:41:35.012+0000] {processor.py:839} INFO - DAG(s) dict_keys(['example_setup_teardown']) retrieved from /usr/local/lib/python3.10/dist-packages/airflow/example_dags/example_setup_teardown.py
[2023-11-07T19:41:35.029+0000] {logging_mixin.py:154} INFO - [2023-11-07T19:41:35.029+0000] {dag.py:2941} INFO - Sync 1 DAGs
[2023-11-07T19:41:35.053+0000] {logging_mixin.py:154} INFO - [2023-11-07T19:41:35.053+0000] {dag.py:3722} INFO - Setting next_dagrun for example_setup_teardown to 2023-11-06T19:41:35.053045+00:00, run_after=2023-11-07T19:41:35.053045+00:00
[2023-11-07T19:41:35.095+0000] {processor.py:179} INFO - Processing /usr/local/lib/python3.10/dist-packages/airflow/example_dags/example_setup_teardown.py took 0.119 seconds
[2023-11-07T19:42:22.384+0000] {processor.py:157} INFO - Started process (PID=4215) to work on /usr/local/lib/python3.10/dist-packages/airflow/example_dags/example_setup_teardown.py
[2023-11-07T19:42:22.385+0000] {processor.py:829} INFO - Processing file /usr/local/lib/python3.10/dist-packages/airflow/example_dags/example_setup_teardown.py for tasks to queue
[2023-11-07T19:42:22.386+0000] {logging_mixin.py:154} INFO - [2023-11-07T19:42:22.385+0000] {dagbag.py:536} INFO - Filling up the DagBag from /usr/local/lib/python3.10/dist-packages/airflow/example_dags/example_setup_teardown.py
[2023-11-07T19:42:22.394+0000] {processor.py:839} INFO - DAG(s) dict_keys(['example_setup_teardown']) retrieved from /usr/local/lib/python3.10/dist-packages/airflow/example_dags/example_setup_teardown.py
[2023-11-07T19:42:22.412+0000] {logging_mixin.py:154} INFO - [2023-11-07T19:42:22.412+0000] {dag.py:2941} INFO - Sync 1 DAGs
[2023-11-07T19:42:22.440+0000] {logging_mixin.py:154} INFO - [2023-11-07T19:42:22.440+0000] {dag.py:3722} INFO - Setting next_dagrun for example_setup_teardown to 2023-11-06T19:42:22.439833+00:00, run_after=2023-11-07T19:42:22.439833+00:00
[2023-11-07T19:42:22.461+0000] {processor.py:179} INFO - Processing /usr/local/lib/python3.10/dist-packages/airflow/example_dags/example_setup_teardown.py took 0.082 seconds
[2023-11-07T19:43:11.915+0000] {processor.py:157} INFO - Started process (PID=4265) to work on /usr/local/lib/python3.10/dist-packages/airflow/example_dags/example_setup_teardown.py
[2023-11-07T19:43:11.917+0000] {processor.py:829} INFO - Processing file /usr/local/lib/python3.10/dist-packages/airflow/example_dags/example_setup_teardown.py for tasks to queue
[2023-11-07T19:43:11.919+0000] {logging_mixin.py:154} INFO - [2023-11-07T19:43:11.917+0000] {dagbag.py:536} INFO - Filling up the DagBag from /usr/local/lib/python3.10/dist-packages/airflow/example_dags/example_setup_teardown.py
[2023-11-07T19:43:11.927+0000] {processor.py:839} INFO - DAG(s) dict_keys(['example_setup_teardown']) retrieved from /usr/local/lib/python3.10/dist-packages/airflow/example_dags/example_setup_teardown.py
[2023-11-07T19:43:11.943+0000] {logging_mixin.py:154} INFO - [2023-11-07T19:43:11.943+0000] {dag.py:2941} INFO - Sync 1 DAGs
[2023-11-07T19:43:11.963+0000] {logging_mixin.py:154} INFO - [2023-11-07T19:43:11.963+0000] {dag.py:3722} INFO - Setting next_dagrun for example_setup_teardown to 2023-11-06T19:43:11.963366+00:00, run_after=2023-11-07T19:43:11.963366+00:00
[2023-11-07T19:43:11.985+0000] {processor.py:179} INFO - Processing /usr/local/lib/python3.10/dist-packages/airflow/example_dags/example_setup_teardown.py took 0.073 seconds
[2023-11-07T19:44:01.192+0000] {processor.py:157} INFO - Started process (PID=4317) to work on /usr/local/lib/python3.10/dist-packages/airflow/example_dags/example_setup_teardown.py
[2023-11-07T19:44:01.196+0000] {processor.py:829} INFO - Processing file /usr/local/lib/python3.10/dist-packages/airflow/example_dags/example_setup_teardown.py for tasks to queue
[2023-11-07T19:44:01.198+0000] {logging_mixin.py:154} INFO - [2023-11-07T19:44:01.198+0000] {dagbag.py:536} INFO - Filling up the DagBag from /usr/local/lib/python3.10/dist-packages/airflow/example_dags/example_setup_teardown.py
[2023-11-07T19:44:01.214+0000] {processor.py:839} INFO - DAG(s) dict_keys(['example_setup_teardown']) retrieved from /usr/local/lib/python3.10/dist-packages/airflow/example_dags/example_setup_teardown.py
[2023-11-07T19:44:01.237+0000] {logging_mixin.py:154} INFO - [2023-11-07T19:44:01.236+0000] {dag.py:2941} INFO - Sync 1 DAGs
[2023-11-07T19:44:01.269+0000] {logging_mixin.py:154} INFO - [2023-11-07T19:44:01.269+0000] {dag.py:3722} INFO - Setting next_dagrun for example_setup_teardown to 2023-11-06T19:44:01.268869+00:00, run_after=2023-11-07T19:44:01.268869+00:00
[2023-11-07T19:44:01.295+0000] {processor.py:179} INFO - Processing /usr/local/lib/python3.10/dist-packages/airflow/example_dags/example_setup_teardown.py took 0.120 seconds
[2023-11-07T19:44:53.986+0000] {processor.py:157} INFO - Started process (PID=4368) to work on /usr/local/lib/python3.10/dist-packages/airflow/example_dags/example_setup_teardown.py
[2023-11-07T19:44:53.988+0000] {processor.py:829} INFO - Processing file /usr/local/lib/python3.10/dist-packages/airflow/example_dags/example_setup_teardown.py for tasks to queue
[2023-11-07T19:44:53.988+0000] {logging_mixin.py:154} INFO - [2023-11-07T19:44:53.988+0000] {dagbag.py:536} INFO - Filling up the DagBag from /usr/local/lib/python3.10/dist-packages/airflow/example_dags/example_setup_teardown.py
[2023-11-07T19:44:54.000+0000] {processor.py:839} INFO - DAG(s) dict_keys(['example_setup_teardown']) retrieved from /usr/local/lib/python3.10/dist-packages/airflow/example_dags/example_setup_teardown.py
[2023-11-07T19:44:54.032+0000] {logging_mixin.py:154} INFO - [2023-11-07T19:44:54.031+0000] {dag.py:2941} INFO - Sync 1 DAGs
[2023-11-07T19:44:54.078+0000] {logging_mixin.py:154} INFO - [2023-11-07T19:44:54.072+0000] {dag.py:3722} INFO - Setting next_dagrun for example_setup_teardown to 2023-11-06T19:44:54.072244+00:00, run_after=2023-11-07T19:44:54.072244+00:00
[2023-11-07T19:44:54.112+0000] {processor.py:179} INFO - Processing /usr/local/lib/python3.10/dist-packages/airflow/example_dags/example_setup_teardown.py took 0.133 seconds
[2023-11-07T19:45:48.673+0000] {processor.py:157} INFO - Started process (PID=4422) to work on /usr/local/lib/python3.10/dist-packages/airflow/example_dags/example_setup_teardown.py
[2023-11-07T19:45:48.678+0000] {processor.py:829} INFO - Processing file /usr/local/lib/python3.10/dist-packages/airflow/example_dags/example_setup_teardown.py for tasks to queue
[2023-11-07T19:45:48.680+0000] {logging_mixin.py:154} INFO - [2023-11-07T19:45:48.679+0000] {dagbag.py:536} INFO - Filling up the DagBag from /usr/local/lib/python3.10/dist-packages/airflow/example_dags/example_setup_teardown.py
[2023-11-07T19:45:48.688+0000] {processor.py:839} INFO - DAG(s) dict_keys(['example_setup_teardown']) retrieved from /usr/local/lib/python3.10/dist-packages/airflow/example_dags/example_setup_teardown.py
[2023-11-07T19:45:48.718+0000] {logging_mixin.py:154} INFO - [2023-11-07T19:45:48.718+0000] {dag.py:2941} INFO - Sync 1 DAGs
[2023-11-07T19:45:48.753+0000] {logging_mixin.py:154} INFO - [2023-11-07T19:45:48.753+0000] {dag.py:3722} INFO - Setting next_dagrun for example_setup_teardown to 2023-11-06T19:45:48.751131+00:00, run_after=2023-11-07T19:45:48.751131+00:00
[2023-11-07T19:45:48.791+0000] {processor.py:179} INFO - Processing /usr/local/lib/python3.10/dist-packages/airflow/example_dags/example_setup_teardown.py took 0.127 seconds
[2023-11-07T19:46:40.265+0000] {processor.py:157} INFO - Started process (PID=4475) to work on /usr/local/lib/python3.10/dist-packages/airflow/example_dags/example_setup_teardown.py
[2023-11-07T19:46:40.269+0000] {processor.py:829} INFO - Processing file /usr/local/lib/python3.10/dist-packages/airflow/example_dags/example_setup_teardown.py for tasks to queue
[2023-11-07T19:46:40.270+0000] {logging_mixin.py:154} INFO - [2023-11-07T19:46:40.269+0000] {dagbag.py:536} INFO - Filling up the DagBag from /usr/local/lib/python3.10/dist-packages/airflow/example_dags/example_setup_teardown.py
[2023-11-07T19:46:40.280+0000] {processor.py:839} INFO - DAG(s) dict_keys(['example_setup_teardown']) retrieved from /usr/local/lib/python3.10/dist-packages/airflow/example_dags/example_setup_teardown.py
[2023-11-07T19:46:40.309+0000] {logging_mixin.py:154} INFO - [2023-11-07T19:46:40.308+0000] {dag.py:2941} INFO - Sync 1 DAGs
[2023-11-07T19:46:40.355+0000] {logging_mixin.py:154} INFO - [2023-11-07T19:46:40.354+0000] {dag.py:3722} INFO - Setting next_dagrun for example_setup_teardown to 2023-11-06T19:46:40.354773+00:00, run_after=2023-11-07T19:46:40.354773+00:00
[2023-11-07T19:46:40.377+0000] {processor.py:179} INFO - Processing /usr/local/lib/python3.10/dist-packages/airflow/example_dags/example_setup_teardown.py took 0.118 seconds
[2023-11-07T19:47:32.446+0000] {processor.py:157} INFO - Started process (PID=4528) to work on /usr/local/lib/python3.10/dist-packages/airflow/example_dags/example_setup_teardown.py
[2023-11-07T19:47:32.449+0000] {processor.py:829} INFO - Processing file /usr/local/lib/python3.10/dist-packages/airflow/example_dags/example_setup_teardown.py for tasks to queue
[2023-11-07T19:47:32.450+0000] {logging_mixin.py:154} INFO - [2023-11-07T19:47:32.449+0000] {dagbag.py:536} INFO - Filling up the DagBag from /usr/local/lib/python3.10/dist-packages/airflow/example_dags/example_setup_teardown.py
[2023-11-07T19:47:32.459+0000] {processor.py:839} INFO - DAG(s) dict_keys(['example_setup_teardown']) retrieved from /usr/local/lib/python3.10/dist-packages/airflow/example_dags/example_setup_teardown.py
[2023-11-07T19:47:32.480+0000] {logging_mixin.py:154} INFO - [2023-11-07T19:47:32.480+0000] {dag.py:2941} INFO - Sync 1 DAGs
[2023-11-07T19:47:32.502+0000] {logging_mixin.py:154} INFO - [2023-11-07T19:47:32.502+0000] {dag.py:3722} INFO - Setting next_dagrun for example_setup_teardown to 2023-11-06T19:47:32.502432+00:00, run_after=2023-11-07T19:47:32.502432+00:00
[2023-11-07T19:47:32.526+0000] {processor.py:179} INFO - Processing /usr/local/lib/python3.10/dist-packages/airflow/example_dags/example_setup_teardown.py took 0.084 seconds
[2023-11-07T19:48:22.156+0000] {processor.py:157} INFO - Started process (PID=4578) to work on /usr/local/lib/python3.10/dist-packages/airflow/example_dags/example_setup_teardown.py
[2023-11-07T19:48:22.157+0000] {processor.py:829} INFO - Processing file /usr/local/lib/python3.10/dist-packages/airflow/example_dags/example_setup_teardown.py for tasks to queue
[2023-11-07T19:48:22.158+0000] {logging_mixin.py:154} INFO - [2023-11-07T19:48:22.157+0000] {dagbag.py:536} INFO - Filling up the DagBag from /usr/local/lib/python3.10/dist-packages/airflow/example_dags/example_setup_teardown.py
[2023-11-07T19:48:22.166+0000] {processor.py:839} INFO - DAG(s) dict_keys(['example_setup_teardown']) retrieved from /usr/local/lib/python3.10/dist-packages/airflow/example_dags/example_setup_teardown.py
[2023-11-07T19:48:22.183+0000] {logging_mixin.py:154} INFO - [2023-11-07T19:48:22.183+0000] {dag.py:2941} INFO - Sync 1 DAGs
[2023-11-07T19:48:22.206+0000] {logging_mixin.py:154} INFO - [2023-11-07T19:48:22.206+0000] {dag.py:3722} INFO - Setting next_dagrun for example_setup_teardown to 2023-11-06T19:48:22.206104+00:00, run_after=2023-11-07T19:48:22.206104+00:00
[2023-11-07T19:48:22.234+0000] {processor.py:179} INFO - Processing /usr/local/lib/python3.10/dist-packages/airflow/example_dags/example_setup_teardown.py took 0.082 seconds
[2023-11-07T19:49:11.844+0000] {processor.py:157} INFO - Started process (PID=4630) to work on /usr/local/lib/python3.10/dist-packages/airflow/example_dags/example_setup_teardown.py
[2023-11-07T19:49:11.845+0000] {processor.py:829} INFO - Processing file /usr/local/lib/python3.10/dist-packages/airflow/example_dags/example_setup_teardown.py for tasks to queue
[2023-11-07T19:49:11.846+0000] {logging_mixin.py:154} INFO - [2023-11-07T19:49:11.846+0000] {dagbag.py:536} INFO - Filling up the DagBag from /usr/local/lib/python3.10/dist-packages/airflow/example_dags/example_setup_teardown.py
[2023-11-07T19:49:11.854+0000] {processor.py:839} INFO - DAG(s) dict_keys(['example_setup_teardown']) retrieved from /usr/local/lib/python3.10/dist-packages/airflow/example_dags/example_setup_teardown.py
[2023-11-07T19:49:11.874+0000] {logging_mixin.py:154} INFO - [2023-11-07T19:49:11.874+0000] {dag.py:2941} INFO - Sync 1 DAGs
[2023-11-07T19:49:11.896+0000] {logging_mixin.py:154} INFO - [2023-11-07T19:49:11.896+0000] {dag.py:3722} INFO - Setting next_dagrun for example_setup_teardown to 2023-11-06T19:49:11.896259+00:00, run_after=2023-11-07T19:49:11.896259+00:00
[2023-11-07T19:49:11.926+0000] {processor.py:179} INFO - Processing /usr/local/lib/python3.10/dist-packages/airflow/example_dags/example_setup_teardown.py took 0.088 seconds
[2023-11-07T19:49:58.405+0000] {processor.py:157} INFO - Started process (PID=4678) to work on /usr/local/lib/python3.10/dist-packages/airflow/example_dags/example_setup_teardown.py
[2023-11-07T19:49:58.406+0000] {processor.py:829} INFO - Processing file /usr/local/lib/python3.10/dist-packages/airflow/example_dags/example_setup_teardown.py for tasks to queue
[2023-11-07T19:49:58.407+0000] {logging_mixin.py:154} INFO - [2023-11-07T19:49:58.407+0000] {dagbag.py:536} INFO - Filling up the DagBag from /usr/local/lib/python3.10/dist-packages/airflow/example_dags/example_setup_teardown.py
[2023-11-07T19:49:58.414+0000] {processor.py:839} INFO - DAG(s) dict_keys(['example_setup_teardown']) retrieved from /usr/local/lib/python3.10/dist-packages/airflow/example_dags/example_setup_teardown.py
[2023-11-07T19:49:58.432+0000] {logging_mixin.py:154} INFO - [2023-11-07T19:49:58.432+0000] {dag.py:2941} INFO - Sync 1 DAGs
[2023-11-07T19:49:58.452+0000] {logging_mixin.py:154} INFO - [2023-11-07T19:49:58.452+0000] {dag.py:3722} INFO - Setting next_dagrun for example_setup_teardown to 2023-11-06T19:49:58.452150+00:00, run_after=2023-11-07T19:49:58.452150+00:00
[2023-11-07T19:49:58.475+0000] {processor.py:179} INFO - Processing /usr/local/lib/python3.10/dist-packages/airflow/example_dags/example_setup_teardown.py took 0.073 seconds
[2023-11-07T19:50:48.002+0000] {processor.py:157} INFO - Started process (PID=4729) to work on /usr/local/lib/python3.10/dist-packages/airflow/example_dags/example_setup_teardown.py
[2023-11-07T19:50:48.003+0000] {processor.py:829} INFO - Processing file /usr/local/lib/python3.10/dist-packages/airflow/example_dags/example_setup_teardown.py for tasks to queue
[2023-11-07T19:50:48.004+0000] {logging_mixin.py:154} INFO - [2023-11-07T19:50:48.004+0000] {dagbag.py:536} INFO - Filling up the DagBag from /usr/local/lib/python3.10/dist-packages/airflow/example_dags/example_setup_teardown.py
[2023-11-07T19:50:48.013+0000] {processor.py:839} INFO - DAG(s) dict_keys(['example_setup_teardown']) retrieved from /usr/local/lib/python3.10/dist-packages/airflow/example_dags/example_setup_teardown.py
[2023-11-07T19:50:48.030+0000] {logging_mixin.py:154} INFO - [2023-11-07T19:50:48.030+0000] {dag.py:2941} INFO - Sync 1 DAGs
[2023-11-07T19:50:48.050+0000] {logging_mixin.py:154} INFO - [2023-11-07T19:50:48.050+0000] {dag.py:3722} INFO - Setting next_dagrun for example_setup_teardown to 2023-11-06T19:50:48.050408+00:00, run_after=2023-11-07T19:50:48.050408+00:00
[2023-11-07T19:50:48.073+0000] {processor.py:179} INFO - Processing /usr/local/lib/python3.10/dist-packages/airflow/example_dags/example_setup_teardown.py took 0.075 seconds
[2023-11-07T19:51:38.165+0000] {processor.py:157} INFO - Started process (PID=4781) to work on /usr/local/lib/python3.10/dist-packages/airflow/example_dags/example_setup_teardown.py
[2023-11-07T19:51:38.167+0000] {processor.py:829} INFO - Processing file /usr/local/lib/python3.10/dist-packages/airflow/example_dags/example_setup_teardown.py for tasks to queue
[2023-11-07T19:51:38.168+0000] {logging_mixin.py:154} INFO - [2023-11-07T19:51:38.167+0000] {dagbag.py:536} INFO - Filling up the DagBag from /usr/local/lib/python3.10/dist-packages/airflow/example_dags/example_setup_teardown.py
[2023-11-07T19:51:38.176+0000] {processor.py:839} INFO - DAG(s) dict_keys(['example_setup_teardown']) retrieved from /usr/local/lib/python3.10/dist-packages/airflow/example_dags/example_setup_teardown.py
[2023-11-07T19:51:38.191+0000] {logging_mixin.py:154} INFO - [2023-11-07T19:51:38.191+0000] {dag.py:2941} INFO - Sync 1 DAGs
[2023-11-07T19:51:38.210+0000] {logging_mixin.py:154} INFO - [2023-11-07T19:51:38.210+0000] {dag.py:3722} INFO - Setting next_dagrun for example_setup_teardown to 2023-11-06T19:51:38.209866+00:00, run_after=2023-11-07T19:51:38.209866+00:00
[2023-11-07T19:51:38.235+0000] {processor.py:179} INFO - Processing /usr/local/lib/python3.10/dist-packages/airflow/example_dags/example_setup_teardown.py took 0.074 seconds
[2023-11-07T19:52:31.105+0000] {processor.py:157} INFO - Started process (PID=4834) to work on /usr/local/lib/python3.10/dist-packages/airflow/example_dags/example_setup_teardown.py
[2023-11-07T19:52:31.106+0000] {processor.py:829} INFO - Processing file /usr/local/lib/python3.10/dist-packages/airflow/example_dags/example_setup_teardown.py for tasks to queue
[2023-11-07T19:52:31.107+0000] {logging_mixin.py:154} INFO - [2023-11-07T19:52:31.107+0000] {dagbag.py:536} INFO - Filling up the DagBag from /usr/local/lib/python3.10/dist-packages/airflow/example_dags/example_setup_teardown.py
[2023-11-07T19:52:31.116+0000] {processor.py:839} INFO - DAG(s) dict_keys(['example_setup_teardown']) retrieved from /usr/local/lib/python3.10/dist-packages/airflow/example_dags/example_setup_teardown.py
[2023-11-07T19:52:31.136+0000] {logging_mixin.py:154} INFO - [2023-11-07T19:52:31.136+0000] {dag.py:2941} INFO - Sync 1 DAGs
[2023-11-07T19:52:31.157+0000] {logging_mixin.py:154} INFO - [2023-11-07T19:52:31.157+0000] {dag.py:3722} INFO - Setting next_dagrun for example_setup_teardown to 2023-11-06T19:52:31.156968+00:00, run_after=2023-11-07T19:52:31.156968+00:00
[2023-11-07T19:52:31.187+0000] {processor.py:179} INFO - Processing /usr/local/lib/python3.10/dist-packages/airflow/example_dags/example_setup_teardown.py took 0.085 seconds
[2023-11-07T19:53:23.676+0000] {processor.py:157} INFO - Started process (PID=4887) to work on /usr/local/lib/python3.10/dist-packages/airflow/example_dags/example_setup_teardown.py
[2023-11-07T19:53:23.677+0000] {processor.py:829} INFO - Processing file /usr/local/lib/python3.10/dist-packages/airflow/example_dags/example_setup_teardown.py for tasks to queue
[2023-11-07T19:53:23.678+0000] {logging_mixin.py:154} INFO - [2023-11-07T19:53:23.678+0000] {dagbag.py:536} INFO - Filling up the DagBag from /usr/local/lib/python3.10/dist-packages/airflow/example_dags/example_setup_teardown.py
[2023-11-07T19:53:23.686+0000] {processor.py:839} INFO - DAG(s) dict_keys(['example_setup_teardown']) retrieved from /usr/local/lib/python3.10/dist-packages/airflow/example_dags/example_setup_teardown.py
[2023-11-07T19:53:23.706+0000] {logging_mixin.py:154} INFO - [2023-11-07T19:53:23.706+0000] {dag.py:2941} INFO - Sync 1 DAGs
[2023-11-07T19:53:23.728+0000] {logging_mixin.py:154} INFO - [2023-11-07T19:53:23.727+0000] {dag.py:3722} INFO - Setting next_dagrun for example_setup_teardown to 2023-11-06T19:53:23.727575+00:00, run_after=2023-11-07T19:53:23.727575+00:00
[2023-11-07T19:53:23.759+0000] {processor.py:179} INFO - Processing /usr/local/lib/python3.10/dist-packages/airflow/example_dags/example_setup_teardown.py took 0.086 seconds
[2023-11-07T19:54:17.433+0000] {processor.py:157} INFO - Started process (PID=4940) to work on /usr/local/lib/python3.10/dist-packages/airflow/example_dags/example_setup_teardown.py
[2023-11-07T19:54:17.434+0000] {processor.py:829} INFO - Processing file /usr/local/lib/python3.10/dist-packages/airflow/example_dags/example_setup_teardown.py for tasks to queue
[2023-11-07T19:54:17.436+0000] {logging_mixin.py:154} INFO - [2023-11-07T19:54:17.435+0000] {dagbag.py:536} INFO - Filling up the DagBag from /usr/local/lib/python3.10/dist-packages/airflow/example_dags/example_setup_teardown.py
[2023-11-07T19:54:17.443+0000] {processor.py:839} INFO - DAG(s) dict_keys(['example_setup_teardown']) retrieved from /usr/local/lib/python3.10/dist-packages/airflow/example_dags/example_setup_teardown.py
[2023-11-07T19:54:17.459+0000] {logging_mixin.py:154} INFO - [2023-11-07T19:54:17.459+0000] {dag.py:2941} INFO - Sync 1 DAGs
[2023-11-07T19:54:17.478+0000] {logging_mixin.py:154} INFO - [2023-11-07T19:54:17.478+0000] {dag.py:3722} INFO - Setting next_dagrun for example_setup_teardown to 2023-11-06T19:54:17.478326+00:00, run_after=2023-11-07T19:54:17.478326+00:00
[2023-11-07T19:54:17.504+0000] {processor.py:179} INFO - Processing /usr/local/lib/python3.10/dist-packages/airflow/example_dags/example_setup_teardown.py took 0.074 seconds
[2023-11-07T19:55:09.081+0000] {processor.py:157} INFO - Started process (PID=4992) to work on /usr/local/lib/python3.10/dist-packages/airflow/example_dags/example_setup_teardown.py
[2023-11-07T19:55:09.082+0000] {processor.py:829} INFO - Processing file /usr/local/lib/python3.10/dist-packages/airflow/example_dags/example_setup_teardown.py for tasks to queue
[2023-11-07T19:55:09.083+0000] {logging_mixin.py:154} INFO - [2023-11-07T19:55:09.082+0000] {dagbag.py:536} INFO - Filling up the DagBag from /usr/local/lib/python3.10/dist-packages/airflow/example_dags/example_setup_teardown.py
[2023-11-07T19:55:09.091+0000] {processor.py:839} INFO - DAG(s) dict_keys(['example_setup_teardown']) retrieved from /usr/local/lib/python3.10/dist-packages/airflow/example_dags/example_setup_teardown.py
[2023-11-07T19:55:09.111+0000] {logging_mixin.py:154} INFO - [2023-11-07T19:55:09.111+0000] {dag.py:2941} INFO - Sync 1 DAGs
[2023-11-07T19:55:09.133+0000] {logging_mixin.py:154} INFO - [2023-11-07T19:55:09.133+0000] {dag.py:3722} INFO - Setting next_dagrun for example_setup_teardown to 2023-11-06T19:55:09.133212+00:00, run_after=2023-11-07T19:55:09.133212+00:00
[2023-11-07T19:55:09.156+0000] {processor.py:179} INFO - Processing /usr/local/lib/python3.10/dist-packages/airflow/example_dags/example_setup_teardown.py took 0.080 seconds
[2023-11-07T19:56:02.148+0000] {processor.py:157} INFO - Started process (PID=5045) to work on /usr/local/lib/python3.10/dist-packages/airflow/example_dags/example_setup_teardown.py
[2023-11-07T19:56:02.149+0000] {processor.py:829} INFO - Processing file /usr/local/lib/python3.10/dist-packages/airflow/example_dags/example_setup_teardown.py for tasks to queue
[2023-11-07T19:56:02.150+0000] {logging_mixin.py:154} INFO - [2023-11-07T19:56:02.150+0000] {dagbag.py:536} INFO - Filling up the DagBag from /usr/local/lib/python3.10/dist-packages/airflow/example_dags/example_setup_teardown.py
[2023-11-07T19:56:02.164+0000] {processor.py:839} INFO - DAG(s) dict_keys(['example_setup_teardown']) retrieved from /usr/local/lib/python3.10/dist-packages/airflow/example_dags/example_setup_teardown.py
[2023-11-07T19:56:02.186+0000] {logging_mixin.py:154} INFO - [2023-11-07T19:56:02.186+0000] {dag.py:2941} INFO - Sync 1 DAGs
[2023-11-07T19:56:02.208+0000] {logging_mixin.py:154} INFO - [2023-11-07T19:56:02.208+0000] {dag.py:3722} INFO - Setting next_dagrun for example_setup_teardown to 2023-11-06T19:56:02.208423+00:00, run_after=2023-11-07T19:56:02.208423+00:00
[2023-11-07T19:56:02.243+0000] {processor.py:179} INFO - Processing /usr/local/lib/python3.10/dist-packages/airflow/example_dags/example_setup_teardown.py took 0.109 seconds
[2023-11-07T19:56:55.499+0000] {processor.py:157} INFO - Started process (PID=5098) to work on /usr/local/lib/python3.10/dist-packages/airflow/example_dags/example_setup_teardown.py
[2023-11-07T19:56:55.502+0000] {processor.py:829} INFO - Processing file /usr/local/lib/python3.10/dist-packages/airflow/example_dags/example_setup_teardown.py for tasks to queue
[2023-11-07T19:56:55.502+0000] {logging_mixin.py:154} INFO - [2023-11-07T19:56:55.502+0000] {dagbag.py:536} INFO - Filling up the DagBag from /usr/local/lib/python3.10/dist-packages/airflow/example_dags/example_setup_teardown.py
[2023-11-07T19:56:55.522+0000] {processor.py:839} INFO - DAG(s) dict_keys(['example_setup_teardown']) retrieved from /usr/local/lib/python3.10/dist-packages/airflow/example_dags/example_setup_teardown.py
[2023-11-07T19:56:55.545+0000] {logging_mixin.py:154} INFO - [2023-11-07T19:56:55.545+0000] {dag.py:2941} INFO - Sync 1 DAGs
[2023-11-07T19:56:55.577+0000] {logging_mixin.py:154} INFO - [2023-11-07T19:56:55.577+0000] {dag.py:3722} INFO - Setting next_dagrun for example_setup_teardown to 2023-11-06T19:56:55.576810+00:00, run_after=2023-11-07T19:56:55.576810+00:00
[2023-11-07T19:56:55.598+0000] {processor.py:179} INFO - Processing /usr/local/lib/python3.10/dist-packages/airflow/example_dags/example_setup_teardown.py took 0.110 seconds
[2023-11-07T19:57:48.835+0000] {processor.py:157} INFO - Started process (PID=5151) to work on /usr/local/lib/python3.10/dist-packages/airflow/example_dags/example_setup_teardown.py
[2023-11-07T19:57:48.838+0000] {processor.py:829} INFO - Processing file /usr/local/lib/python3.10/dist-packages/airflow/example_dags/example_setup_teardown.py for tasks to queue
[2023-11-07T19:57:48.839+0000] {logging_mixin.py:154} INFO - [2023-11-07T19:57:48.838+0000] {dagbag.py:536} INFO - Filling up the DagBag from /usr/local/lib/python3.10/dist-packages/airflow/example_dags/example_setup_teardown.py
[2023-11-07T19:57:48.848+0000] {processor.py:839} INFO - DAG(s) dict_keys(['example_setup_teardown']) retrieved from /usr/local/lib/python3.10/dist-packages/airflow/example_dags/example_setup_teardown.py
[2023-11-07T19:57:48.866+0000] {logging_mixin.py:154} INFO - [2023-11-07T19:57:48.866+0000] {dag.py:2941} INFO - Sync 1 DAGs
[2023-11-07T19:57:48.889+0000] {logging_mixin.py:154} INFO - [2023-11-07T19:57:48.888+0000] {dag.py:3722} INFO - Setting next_dagrun for example_setup_teardown to 2023-11-06T19:57:48.888791+00:00, run_after=2023-11-07T19:57:48.888791+00:00
[2023-11-07T19:57:48.921+0000] {processor.py:179} INFO - Processing /usr/local/lib/python3.10/dist-packages/airflow/example_dags/example_setup_teardown.py took 0.090 seconds
[2023-11-07T19:58:34.902+0000] {processor.py:157} INFO - Started process (PID=5199) to work on /usr/local/lib/python3.10/dist-packages/airflow/example_dags/example_setup_teardown.py
[2023-11-07T19:58:34.903+0000] {processor.py:829} INFO - Processing file /usr/local/lib/python3.10/dist-packages/airflow/example_dags/example_setup_teardown.py for tasks to queue
[2023-11-07T19:58:34.904+0000] {logging_mixin.py:154} INFO - [2023-11-07T19:58:34.904+0000] {dagbag.py:536} INFO - Filling up the DagBag from /usr/local/lib/python3.10/dist-packages/airflow/example_dags/example_setup_teardown.py
[2023-11-07T19:58:34.912+0000] {processor.py:839} INFO - DAG(s) dict_keys(['example_setup_teardown']) retrieved from /usr/local/lib/python3.10/dist-packages/airflow/example_dags/example_setup_teardown.py
[2023-11-07T19:58:34.929+0000] {logging_mixin.py:154} INFO - [2023-11-07T19:58:34.928+0000] {dag.py:2941} INFO - Sync 1 DAGs
[2023-11-07T19:58:34.948+0000] {logging_mixin.py:154} INFO - [2023-11-07T19:58:34.947+0000] {dag.py:3722} INFO - Setting next_dagrun for example_setup_teardown to 2023-11-06T19:58:34.947723+00:00, run_after=2023-11-07T19:58:34.947723+00:00
[2023-11-07T19:58:34.969+0000] {processor.py:179} INFO - Processing /usr/local/lib/python3.10/dist-packages/airflow/example_dags/example_setup_teardown.py took 0.070 seconds
[2023-11-07T19:59:26.351+0000] {processor.py:157} INFO - Started process (PID=5251) to work on /usr/local/lib/python3.10/dist-packages/airflow/example_dags/example_setup_teardown.py
[2023-11-07T19:59:26.353+0000] {processor.py:829} INFO - Processing file /usr/local/lib/python3.10/dist-packages/airflow/example_dags/example_setup_teardown.py for tasks to queue
[2023-11-07T19:59:26.353+0000] {logging_mixin.py:154} INFO - [2023-11-07T19:59:26.353+0000] {dagbag.py:536} INFO - Filling up the DagBag from /usr/local/lib/python3.10/dist-packages/airflow/example_dags/example_setup_teardown.py
[2023-11-07T19:59:26.361+0000] {processor.py:839} INFO - DAG(s) dict_keys(['example_setup_teardown']) retrieved from /usr/local/lib/python3.10/dist-packages/airflow/example_dags/example_setup_teardown.py
[2023-11-07T19:59:26.378+0000] {logging_mixin.py:154} INFO - [2023-11-07T19:59:26.377+0000] {dag.py:2941} INFO - Sync 1 DAGs
[2023-11-07T19:59:26.396+0000] {logging_mixin.py:154} INFO - [2023-11-07T19:59:26.396+0000] {dag.py:3722} INFO - Setting next_dagrun for example_setup_teardown to 2023-11-06T19:59:26.396554+00:00, run_after=2023-11-07T19:59:26.396554+00:00
[2023-11-07T19:59:26.419+0000] {processor.py:179} INFO - Processing /usr/local/lib/python3.10/dist-packages/airflow/example_dags/example_setup_teardown.py took 0.070 seconds
[2023-11-07T20:00:18.233+0000] {processor.py:157} INFO - Started process (PID=5303) to work on /usr/local/lib/python3.10/dist-packages/airflow/example_dags/example_setup_teardown.py
[2023-11-07T20:00:18.234+0000] {processor.py:829} INFO - Processing file /usr/local/lib/python3.10/dist-packages/airflow/example_dags/example_setup_teardown.py for tasks to queue
[2023-11-07T20:00:18.235+0000] {logging_mixin.py:154} INFO - [2023-11-07T20:00:18.235+0000] {dagbag.py:536} INFO - Filling up the DagBag from /usr/local/lib/python3.10/dist-packages/airflow/example_dags/example_setup_teardown.py
[2023-11-07T20:00:18.250+0000] {processor.py:839} INFO - DAG(s) dict_keys(['example_setup_teardown']) retrieved from /usr/local/lib/python3.10/dist-packages/airflow/example_dags/example_setup_teardown.py
[2023-11-07T20:00:18.270+0000] {logging_mixin.py:154} INFO - [2023-11-07T20:00:18.270+0000] {dag.py:2941} INFO - Sync 1 DAGs
[2023-11-07T20:00:18.291+0000] {logging_mixin.py:154} INFO - [2023-11-07T20:00:18.291+0000] {dag.py:3722} INFO - Setting next_dagrun for example_setup_teardown to 2023-11-06T20:00:18.291243+00:00, run_after=2023-11-07T20:00:18.291243+00:00
[2023-11-07T20:00:18.313+0000] {processor.py:179} INFO - Processing /usr/local/lib/python3.10/dist-packages/airflow/example_dags/example_setup_teardown.py took 0.090 seconds
[2023-11-07T20:01:13.655+0000] {processor.py:157} INFO - Started process (PID=5357) to work on /usr/local/lib/python3.10/dist-packages/airflow/example_dags/example_setup_teardown.py
[2023-11-07T20:01:13.656+0000] {processor.py:829} INFO - Processing file /usr/local/lib/python3.10/dist-packages/airflow/example_dags/example_setup_teardown.py for tasks to queue
[2023-11-07T20:01:13.657+0000] {logging_mixin.py:154} INFO - [2023-11-07T20:01:13.657+0000] {dagbag.py:536} INFO - Filling up the DagBag from /usr/local/lib/python3.10/dist-packages/airflow/example_dags/example_setup_teardown.py
[2023-11-07T20:01:13.665+0000] {processor.py:839} INFO - DAG(s) dict_keys(['example_setup_teardown']) retrieved from /usr/local/lib/python3.10/dist-packages/airflow/example_dags/example_setup_teardown.py
[2023-11-07T20:01:13.682+0000] {logging_mixin.py:154} INFO - [2023-11-07T20:01:13.682+0000] {dag.py:2941} INFO - Sync 1 DAGs
[2023-11-07T20:01:13.701+0000] {logging_mixin.py:154} INFO - [2023-11-07T20:01:13.701+0000] {dag.py:3722} INFO - Setting next_dagrun for example_setup_teardown to 2023-11-06T20:01:13.700939+00:00, run_after=2023-11-07T20:01:13.700939+00:00
[2023-11-07T20:01:13.723+0000] {processor.py:179} INFO - Processing /usr/local/lib/python3.10/dist-packages/airflow/example_dags/example_setup_teardown.py took 0.071 seconds
[2023-11-07T20:01:56.686+0000] {processor.py:157} INFO - Started process (PID=5404) to work on /usr/local/lib/python3.10/dist-packages/airflow/example_dags/example_setup_teardown.py
[2023-11-07T20:01:56.687+0000] {processor.py:829} INFO - Processing file /usr/local/lib/python3.10/dist-packages/airflow/example_dags/example_setup_teardown.py for tasks to queue
[2023-11-07T20:01:56.688+0000] {logging_mixin.py:154} INFO - [2023-11-07T20:01:56.687+0000] {dagbag.py:536} INFO - Filling up the DagBag from /usr/local/lib/python3.10/dist-packages/airflow/example_dags/example_setup_teardown.py
[2023-11-07T20:01:56.700+0000] {processor.py:839} INFO - DAG(s) dict_keys(['example_setup_teardown']) retrieved from /usr/local/lib/python3.10/dist-packages/airflow/example_dags/example_setup_teardown.py
[2023-11-07T20:01:56.719+0000] {logging_mixin.py:154} INFO - [2023-11-07T20:01:56.718+0000] {dag.py:2941} INFO - Sync 1 DAGs
[2023-11-07T20:01:56.741+0000] {logging_mixin.py:154} INFO - [2023-11-07T20:01:56.741+0000] {dag.py:3722} INFO - Setting next_dagrun for example_setup_teardown to 2023-11-06T20:01:56.741060+00:00, run_after=2023-11-07T20:01:56.741060+00:00
[2023-11-07T20:01:56.763+0000] {processor.py:179} INFO - Processing /usr/local/lib/python3.10/dist-packages/airflow/example_dags/example_setup_teardown.py took 0.083 seconds
[2023-11-07T20:02:45.781+0000] {processor.py:157} INFO - Started process (PID=5454) to work on /usr/local/lib/python3.10/dist-packages/airflow/example_dags/example_setup_teardown.py
[2023-11-07T20:02:45.783+0000] {processor.py:829} INFO - Processing file /usr/local/lib/python3.10/dist-packages/airflow/example_dags/example_setup_teardown.py for tasks to queue
[2023-11-07T20:02:45.783+0000] {logging_mixin.py:154} INFO - [2023-11-07T20:02:45.783+0000] {dagbag.py:536} INFO - Filling up the DagBag from /usr/local/lib/python3.10/dist-packages/airflow/example_dags/example_setup_teardown.py
[2023-11-07T20:02:45.793+0000] {processor.py:839} INFO - DAG(s) dict_keys(['example_setup_teardown']) retrieved from /usr/local/lib/python3.10/dist-packages/airflow/example_dags/example_setup_teardown.py
[2023-11-07T20:02:45.822+0000] {logging_mixin.py:154} INFO - [2023-11-07T20:02:45.822+0000] {dag.py:2941} INFO - Sync 1 DAGs
[2023-11-07T20:02:45.850+0000] {logging_mixin.py:154} INFO - [2023-11-07T20:02:45.850+0000] {dag.py:3722} INFO - Setting next_dagrun for example_setup_teardown to 2023-11-06T20:02:45.849972+00:00, run_after=2023-11-07T20:02:45.849972+00:00
[2023-11-07T20:02:45.875+0000] {processor.py:179} INFO - Processing /usr/local/lib/python3.10/dist-packages/airflow/example_dags/example_setup_teardown.py took 0.096 seconds
[2023-11-07T20:03:34.425+0000] {processor.py:157} INFO - Started process (PID=5505) to work on /usr/local/lib/python3.10/dist-packages/airflow/example_dags/example_setup_teardown.py
[2023-11-07T20:03:34.427+0000] {processor.py:829} INFO - Processing file /usr/local/lib/python3.10/dist-packages/airflow/example_dags/example_setup_teardown.py for tasks to queue
[2023-11-07T20:03:34.428+0000] {logging_mixin.py:154} INFO - [2023-11-07T20:03:34.427+0000] {dagbag.py:536} INFO - Filling up the DagBag from /usr/local/lib/python3.10/dist-packages/airflow/example_dags/example_setup_teardown.py
[2023-11-07T20:03:34.444+0000] {processor.py:839} INFO - DAG(s) dict_keys(['example_setup_teardown']) retrieved from /usr/local/lib/python3.10/dist-packages/airflow/example_dags/example_setup_teardown.py
[2023-11-07T20:03:34.470+0000] {logging_mixin.py:154} INFO - [2023-11-07T20:03:34.470+0000] {dag.py:2941} INFO - Sync 1 DAGs
[2023-11-07T20:03:34.493+0000] {logging_mixin.py:154} INFO - [2023-11-07T20:03:34.493+0000] {dag.py:3722} INFO - Setting next_dagrun for example_setup_teardown to 2023-11-06T20:03:34.492221+00:00, run_after=2023-11-07T20:03:34.492221+00:00
[2023-11-07T20:03:34.543+0000] {processor.py:179} INFO - Processing /usr/local/lib/python3.10/dist-packages/airflow/example_dags/example_setup_teardown.py took 0.121 seconds
[2023-11-07T20:04:23.835+0000] {processor.py:157} INFO - Started process (PID=5556) to work on /usr/local/lib/python3.10/dist-packages/airflow/example_dags/example_setup_teardown.py
[2023-11-07T20:04:23.836+0000] {processor.py:829} INFO - Processing file /usr/local/lib/python3.10/dist-packages/airflow/example_dags/example_setup_teardown.py for tasks to queue
[2023-11-07T20:04:23.837+0000] {logging_mixin.py:154} INFO - [2023-11-07T20:04:23.837+0000] {dagbag.py:536} INFO - Filling up the DagBag from /usr/local/lib/python3.10/dist-packages/airflow/example_dags/example_setup_teardown.py
[2023-11-07T20:04:23.845+0000] {processor.py:839} INFO - DAG(s) dict_keys(['example_setup_teardown']) retrieved from /usr/local/lib/python3.10/dist-packages/airflow/example_dags/example_setup_teardown.py
[2023-11-07T20:04:23.861+0000] {logging_mixin.py:154} INFO - [2023-11-07T20:04:23.861+0000] {dag.py:2941} INFO - Sync 1 DAGs
[2023-11-07T20:04:23.882+0000] {logging_mixin.py:154} INFO - [2023-11-07T20:04:23.882+0000] {dag.py:3722} INFO - Setting next_dagrun for example_setup_teardown to 2023-11-06T20:04:23.882045+00:00, run_after=2023-11-07T20:04:23.882045+00:00
[2023-11-07T20:04:23.903+0000] {processor.py:179} INFO - Processing /usr/local/lib/python3.10/dist-packages/airflow/example_dags/example_setup_teardown.py took 0.071 seconds
[2023-11-07T20:05:11.200+0000] {processor.py:157} INFO - Started process (PID=5605) to work on /usr/local/lib/python3.10/dist-packages/airflow/example_dags/example_setup_teardown.py
[2023-11-07T20:05:11.206+0000] {processor.py:829} INFO - Processing file /usr/local/lib/python3.10/dist-packages/airflow/example_dags/example_setup_teardown.py for tasks to queue
[2023-11-07T20:05:11.209+0000] {logging_mixin.py:154} INFO - [2023-11-07T20:05:11.206+0000] {dagbag.py:536} INFO - Filling up the DagBag from /usr/local/lib/python3.10/dist-packages/airflow/example_dags/example_setup_teardown.py
[2023-11-07T20:05:11.225+0000] {processor.py:839} INFO - DAG(s) dict_keys(['example_setup_teardown']) retrieved from /usr/local/lib/python3.10/dist-packages/airflow/example_dags/example_setup_teardown.py
[2023-11-07T20:05:11.243+0000] {logging_mixin.py:154} INFO - [2023-11-07T20:05:11.243+0000] {dag.py:2941} INFO - Sync 1 DAGs
[2023-11-07T20:05:11.263+0000] {logging_mixin.py:154} INFO - [2023-11-07T20:05:11.262+0000] {dag.py:3722} INFO - Setting next_dagrun for example_setup_teardown to 2023-11-06T20:05:11.262665+00:00, run_after=2023-11-07T20:05:11.262665+00:00
[2023-11-07T20:05:11.296+0000] {processor.py:179} INFO - Processing /usr/local/lib/python3.10/dist-packages/airflow/example_dags/example_setup_teardown.py took 0.105 seconds
[2023-11-07T20:06:01.801+0000] {processor.py:157} INFO - Started process (PID=5657) to work on /usr/local/lib/python3.10/dist-packages/airflow/example_dags/example_setup_teardown.py
[2023-11-07T20:06:01.806+0000] {processor.py:829} INFO - Processing file /usr/local/lib/python3.10/dist-packages/airflow/example_dags/example_setup_teardown.py for tasks to queue
[2023-11-07T20:06:01.808+0000] {logging_mixin.py:154} INFO - [2023-11-07T20:06:01.806+0000] {dagbag.py:536} INFO - Filling up the DagBag from /usr/local/lib/python3.10/dist-packages/airflow/example_dags/example_setup_teardown.py
[2023-11-07T20:06:01.827+0000] {processor.py:839} INFO - DAG(s) dict_keys(['example_setup_teardown']) retrieved from /usr/local/lib/python3.10/dist-packages/airflow/example_dags/example_setup_teardown.py
[2023-11-07T20:06:01.907+0000] {logging_mixin.py:154} INFO - [2023-11-07T20:06:01.907+0000] {dag.py:2941} INFO - Sync 1 DAGs
[2023-11-07T20:06:01.931+0000] {logging_mixin.py:154} INFO - [2023-11-07T20:06:01.931+0000] {dag.py:3722} INFO - Setting next_dagrun for example_setup_teardown to 2023-11-06T20:06:01.931397+00:00, run_after=2023-11-07T20:06:01.931397+00:00
[2023-11-07T20:06:01.958+0000] {processor.py:179} INFO - Processing /usr/local/lib/python3.10/dist-packages/airflow/example_dags/example_setup_teardown.py took 0.165 seconds
[2023-11-07T20:06:50.734+0000] {processor.py:157} INFO - Started process (PID=5707) to work on /usr/local/lib/python3.10/dist-packages/airflow/example_dags/example_setup_teardown.py
[2023-11-07T20:06:50.735+0000] {processor.py:829} INFO - Processing file /usr/local/lib/python3.10/dist-packages/airflow/example_dags/example_setup_teardown.py for tasks to queue
[2023-11-07T20:06:50.736+0000] {logging_mixin.py:154} INFO - [2023-11-07T20:06:50.736+0000] {dagbag.py:536} INFO - Filling up the DagBag from /usr/local/lib/python3.10/dist-packages/airflow/example_dags/example_setup_teardown.py
[2023-11-07T20:06:50.744+0000] {processor.py:839} INFO - DAG(s) dict_keys(['example_setup_teardown']) retrieved from /usr/local/lib/python3.10/dist-packages/airflow/example_dags/example_setup_teardown.py
[2023-11-07T20:06:50.759+0000] {logging_mixin.py:154} INFO - [2023-11-07T20:06:50.759+0000] {dag.py:2941} INFO - Sync 1 DAGs
[2023-11-07T20:06:50.778+0000] {logging_mixin.py:154} INFO - [2023-11-07T20:06:50.778+0000] {dag.py:3722} INFO - Setting next_dagrun for example_setup_teardown to 2023-11-06T20:06:50.778062+00:00, run_after=2023-11-07T20:06:50.778062+00:00
[2023-11-07T20:06:50.802+0000] {processor.py:179} INFO - Processing /usr/local/lib/python3.10/dist-packages/airflow/example_dags/example_setup_teardown.py took 0.071 seconds
[2023-11-07T20:07:42.696+0000] {processor.py:157} INFO - Started process (PID=5762) to work on /usr/local/lib/python3.10/dist-packages/airflow/example_dags/example_setup_teardown.py
[2023-11-07T20:07:42.697+0000] {processor.py:829} INFO - Processing file /usr/local/lib/python3.10/dist-packages/airflow/example_dags/example_setup_teardown.py for tasks to queue
[2023-11-07T20:07:42.698+0000] {logging_mixin.py:154} INFO - [2023-11-07T20:07:42.697+0000] {dagbag.py:536} INFO - Filling up the DagBag from /usr/local/lib/python3.10/dist-packages/airflow/example_dags/example_setup_teardown.py
[2023-11-07T20:07:42.706+0000] {processor.py:839} INFO - DAG(s) dict_keys(['example_setup_teardown']) retrieved from /usr/local/lib/python3.10/dist-packages/airflow/example_dags/example_setup_teardown.py
[2023-11-07T20:07:42.725+0000] {logging_mixin.py:154} INFO - [2023-11-07T20:07:42.725+0000] {dag.py:2941} INFO - Sync 1 DAGs
[2023-11-07T20:07:42.744+0000] {logging_mixin.py:154} INFO - [2023-11-07T20:07:42.744+0000] {dag.py:3722} INFO - Setting next_dagrun for example_setup_teardown to 2023-11-06T20:07:42.744390+00:00, run_after=2023-11-07T20:07:42.744390+00:00
[2023-11-07T20:07:42.769+0000] {processor.py:179} INFO - Processing /usr/local/lib/python3.10/dist-packages/airflow/example_dags/example_setup_teardown.py took 0.077 seconds
