[2023-11-07T19:32:00.149+0000] {processor.py:157} INFO - Started process (PID=3576) to work on /usr/local/lib/python3.10/dist-packages/airflow/example_dags/example_branch_python_dop_operator_3.py
[2023-11-07T19:32:00.150+0000] {processor.py:829} INFO - Processing file /usr/local/lib/python3.10/dist-packages/airflow/example_dags/example_branch_python_dop_operator_3.py for tasks to queue
[2023-11-07T19:32:00.151+0000] {logging_mixin.py:154} INFO - [2023-11-07T19:32:00.151+0000] {dagbag.py:536} INFO - Filling up the DagBag from /usr/local/lib/python3.10/dist-packages/airflow/example_dags/example_branch_python_dop_operator_3.py
[2023-11-07T19:32:00.161+0000] {processor.py:839} INFO - DAG(s) dict_keys(['example_branch_dop_operator_v3']) retrieved from /usr/local/lib/python3.10/dist-packages/airflow/example_dags/example_branch_python_dop_operator_3.py
[2023-11-07T19:32:00.283+0000] {logging_mixin.py:154} INFO - [2023-11-07T19:32:00.283+0000] {manager.py:499} INFO - Created Permission View: %s
[2023-11-07T19:32:00.295+0000] {logging_mixin.py:154} INFO - [2023-11-07T19:32:00.295+0000] {manager.py:499} INFO - Created Permission View: %s
[2023-11-07T19:32:00.305+0000] {logging_mixin.py:154} INFO - [2023-11-07T19:32:00.304+0000] {manager.py:499} INFO - Created Permission View: %s
[2023-11-07T19:32:00.305+0000] {logging_mixin.py:154} INFO - [2023-11-07T19:32:00.305+0000] {dag.py:2941} INFO - Sync 1 DAGs
[2023-11-07T19:32:00.316+0000] {logging_mixin.py:154} INFO - [2023-11-07T19:32:00.316+0000] {dag.py:2963} INFO - Creating ORM DAG for example_branch_dop_operator_v3
[2023-11-07T19:32:00.330+0000] {logging_mixin.py:154} INFO - [2023-11-07T19:32:00.330+0000] {dag.py:3722} INFO - Setting next_dagrun for example_branch_dop_operator_v3 to 2023-11-07T19:31:00+00:00, run_after=2023-11-07T19:32:00+00:00
[2023-11-07T19:32:00.355+0000] {processor.py:179} INFO - Processing /usr/local/lib/python3.10/dist-packages/airflow/example_dags/example_branch_python_dop_operator_3.py took 0.210 seconds
[2023-11-07T19:32:51.216+0000] {processor.py:157} INFO - Started process (PID=3623) to work on /usr/local/lib/python3.10/dist-packages/airflow/example_dags/example_branch_python_dop_operator_3.py
[2023-11-07T19:32:51.217+0000] {processor.py:829} INFO - Processing file /usr/local/lib/python3.10/dist-packages/airflow/example_dags/example_branch_python_dop_operator_3.py for tasks to queue
[2023-11-07T19:32:51.219+0000] {logging_mixin.py:154} INFO - [2023-11-07T19:32:51.218+0000] {dagbag.py:536} INFO - Filling up the DagBag from /usr/local/lib/python3.10/dist-packages/airflow/example_dags/example_branch_python_dop_operator_3.py
[2023-11-07T19:32:51.235+0000] {processor.py:839} INFO - DAG(s) dict_keys(['example_branch_dop_operator_v3']) retrieved from /usr/local/lib/python3.10/dist-packages/airflow/example_dags/example_branch_python_dop_operator_3.py
[2023-11-07T19:32:51.256+0000] {logging_mixin.py:154} INFO - [2023-11-07T19:32:51.256+0000] {dag.py:2941} INFO - Sync 1 DAGs
[2023-11-07T19:32:51.294+0000] {logging_mixin.py:154} INFO - [2023-11-07T19:32:51.294+0000] {dag.py:3722} INFO - Setting next_dagrun for example_branch_dop_operator_v3 to 2023-11-07T19:31:00+00:00, run_after=2023-11-07T19:32:00+00:00
[2023-11-07T19:32:51.325+0000] {processor.py:179} INFO - Processing /usr/local/lib/python3.10/dist-packages/airflow/example_dags/example_branch_python_dop_operator_3.py took 0.114 seconds
[2023-11-07T19:33:37.301+0000] {processor.py:157} INFO - Started process (PID=3672) to work on /usr/local/lib/python3.10/dist-packages/airflow/example_dags/example_branch_python_dop_operator_3.py
[2023-11-07T19:33:37.302+0000] {processor.py:829} INFO - Processing file /usr/local/lib/python3.10/dist-packages/airflow/example_dags/example_branch_python_dop_operator_3.py for tasks to queue
[2023-11-07T19:33:37.303+0000] {logging_mixin.py:154} INFO - [2023-11-07T19:33:37.302+0000] {dagbag.py:536} INFO - Filling up the DagBag from /usr/local/lib/python3.10/dist-packages/airflow/example_dags/example_branch_python_dop_operator_3.py
[2023-11-07T19:33:37.312+0000] {processor.py:839} INFO - DAG(s) dict_keys(['example_branch_dop_operator_v3']) retrieved from /usr/local/lib/python3.10/dist-packages/airflow/example_dags/example_branch_python_dop_operator_3.py
[2023-11-07T19:33:37.328+0000] {logging_mixin.py:154} INFO - [2023-11-07T19:33:37.328+0000] {dag.py:2941} INFO - Sync 1 DAGs
[2023-11-07T19:33:37.351+0000] {logging_mixin.py:154} INFO - [2023-11-07T19:33:37.351+0000] {dag.py:3722} INFO - Setting next_dagrun for example_branch_dop_operator_v3 to 2023-11-07T19:32:00+00:00, run_after=2023-11-07T19:33:00+00:00
[2023-11-07T19:33:37.372+0000] {processor.py:179} INFO - Processing /usr/local/lib/python3.10/dist-packages/airflow/example_dags/example_branch_python_dop_operator_3.py took 0.074 seconds
[2023-11-07T19:34:27.149+0000] {processor.py:157} INFO - Started process (PID=3723) to work on /usr/local/lib/python3.10/dist-packages/airflow/example_dags/example_branch_python_dop_operator_3.py
[2023-11-07T19:34:27.151+0000] {processor.py:829} INFO - Processing file /usr/local/lib/python3.10/dist-packages/airflow/example_dags/example_branch_python_dop_operator_3.py for tasks to queue
[2023-11-07T19:34:27.152+0000] {logging_mixin.py:154} INFO - [2023-11-07T19:34:27.151+0000] {dagbag.py:536} INFO - Filling up the DagBag from /usr/local/lib/python3.10/dist-packages/airflow/example_dags/example_branch_python_dop_operator_3.py
[2023-11-07T19:34:27.162+0000] {processor.py:839} INFO - DAG(s) dict_keys(['example_branch_dop_operator_v3']) retrieved from /usr/local/lib/python3.10/dist-packages/airflow/example_dags/example_branch_python_dop_operator_3.py
[2023-11-07T19:34:27.181+0000] {logging_mixin.py:154} INFO - [2023-11-07T19:34:27.181+0000] {dag.py:2941} INFO - Sync 1 DAGs
[2023-11-07T19:34:27.206+0000] {logging_mixin.py:154} INFO - [2023-11-07T19:34:27.206+0000] {dag.py:3722} INFO - Setting next_dagrun for example_branch_dop_operator_v3 to 2023-11-07T19:33:00+00:00, run_after=2023-11-07T19:34:00+00:00
[2023-11-07T19:34:27.231+0000] {processor.py:179} INFO - Processing /usr/local/lib/python3.10/dist-packages/airflow/example_dags/example_branch_python_dop_operator_3.py took 0.085 seconds
[2023-11-07T19:35:11.378+0000] {processor.py:157} INFO - Started process (PID=3770) to work on /usr/local/lib/python3.10/dist-packages/airflow/example_dags/example_branch_python_dop_operator_3.py
[2023-11-07T19:35:11.379+0000] {processor.py:829} INFO - Processing file /usr/local/lib/python3.10/dist-packages/airflow/example_dags/example_branch_python_dop_operator_3.py for tasks to queue
[2023-11-07T19:35:11.380+0000] {logging_mixin.py:154} INFO - [2023-11-07T19:35:11.380+0000] {dagbag.py:536} INFO - Filling up the DagBag from /usr/local/lib/python3.10/dist-packages/airflow/example_dags/example_branch_python_dop_operator_3.py
[2023-11-07T19:35:11.391+0000] {processor.py:839} INFO - DAG(s) dict_keys(['example_branch_dop_operator_v3']) retrieved from /usr/local/lib/python3.10/dist-packages/airflow/example_dags/example_branch_python_dop_operator_3.py
[2023-11-07T19:35:11.414+0000] {logging_mixin.py:154} INFO - [2023-11-07T19:35:11.414+0000] {dag.py:2941} INFO - Sync 1 DAGs
[2023-11-07T19:35:11.455+0000] {logging_mixin.py:154} INFO - [2023-11-07T19:35:11.454+0000] {dag.py:3722} INFO - Setting next_dagrun for example_branch_dop_operator_v3 to 2023-11-07T19:34:00+00:00, run_after=2023-11-07T19:35:00+00:00
[2023-11-07T19:35:11.481+0000] {processor.py:179} INFO - Processing /usr/local/lib/python3.10/dist-packages/airflow/example_dags/example_branch_python_dop_operator_3.py took 0.106 seconds
[2023-11-07T19:35:56.621+0000] {processor.py:157} INFO - Started process (PID=3819) to work on /usr/local/lib/python3.10/dist-packages/airflow/example_dags/example_branch_python_dop_operator_3.py
[2023-11-07T19:35:56.622+0000] {processor.py:829} INFO - Processing file /usr/local/lib/python3.10/dist-packages/airflow/example_dags/example_branch_python_dop_operator_3.py for tasks to queue
[2023-11-07T19:35:56.624+0000] {logging_mixin.py:154} INFO - [2023-11-07T19:35:56.624+0000] {dagbag.py:536} INFO - Filling up the DagBag from /usr/local/lib/python3.10/dist-packages/airflow/example_dags/example_branch_python_dop_operator_3.py
[2023-11-07T19:35:56.636+0000] {processor.py:839} INFO - DAG(s) dict_keys(['example_branch_dop_operator_v3']) retrieved from /usr/local/lib/python3.10/dist-packages/airflow/example_dags/example_branch_python_dop_operator_3.py
[2023-11-07T19:35:56.655+0000] {logging_mixin.py:154} INFO - [2023-11-07T19:35:56.655+0000] {dag.py:2941} INFO - Sync 1 DAGs
[2023-11-07T19:35:56.679+0000] {logging_mixin.py:154} INFO - [2023-11-07T19:35:56.679+0000] {dag.py:3722} INFO - Setting next_dagrun for example_branch_dop_operator_v3 to 2023-11-07T19:34:00+00:00, run_after=2023-11-07T19:35:00+00:00
[2023-11-07T19:35:56.714+0000] {processor.py:179} INFO - Processing /usr/local/lib/python3.10/dist-packages/airflow/example_dags/example_branch_python_dop_operator_3.py took 0.100 seconds
[2023-11-07T19:36:49.387+0000] {processor.py:157} INFO - Started process (PID=3871) to work on /usr/local/lib/python3.10/dist-packages/airflow/example_dags/example_branch_python_dop_operator_3.py
[2023-11-07T19:36:49.388+0000] {processor.py:829} INFO - Processing file /usr/local/lib/python3.10/dist-packages/airflow/example_dags/example_branch_python_dop_operator_3.py for tasks to queue
[2023-11-07T19:36:49.389+0000] {logging_mixin.py:154} INFO - [2023-11-07T19:36:49.389+0000] {dagbag.py:536} INFO - Filling up the DagBag from /usr/local/lib/python3.10/dist-packages/airflow/example_dags/example_branch_python_dop_operator_3.py
[2023-11-07T19:36:49.403+0000] {processor.py:839} INFO - DAG(s) dict_keys(['example_branch_dop_operator_v3']) retrieved from /usr/local/lib/python3.10/dist-packages/airflow/example_dags/example_branch_python_dop_operator_3.py
[2023-11-07T19:36:49.429+0000] {logging_mixin.py:154} INFO - [2023-11-07T19:36:49.429+0000] {dag.py:2941} INFO - Sync 1 DAGs
[2023-11-07T19:36:49.457+0000] {logging_mixin.py:154} INFO - [2023-11-07T19:36:49.457+0000] {dag.py:3722} INFO - Setting next_dagrun for example_branch_dop_operator_v3 to 2023-11-07T19:35:00+00:00, run_after=2023-11-07T19:36:00+00:00
[2023-11-07T19:36:49.488+0000] {processor.py:179} INFO - Processing /usr/local/lib/python3.10/dist-packages/airflow/example_dags/example_branch_python_dop_operator_3.py took 0.110 seconds
[2023-11-07T19:37:39.659+0000] {processor.py:157} INFO - Started process (PID=3923) to work on /usr/local/lib/python3.10/dist-packages/airflow/example_dags/example_branch_python_dop_operator_3.py
[2023-11-07T19:37:39.661+0000] {processor.py:829} INFO - Processing file /usr/local/lib/python3.10/dist-packages/airflow/example_dags/example_branch_python_dop_operator_3.py for tasks to queue
[2023-11-07T19:37:39.662+0000] {logging_mixin.py:154} INFO - [2023-11-07T19:37:39.661+0000] {dagbag.py:536} INFO - Filling up the DagBag from /usr/local/lib/python3.10/dist-packages/airflow/example_dags/example_branch_python_dop_operator_3.py
[2023-11-07T19:37:39.671+0000] {processor.py:839} INFO - DAG(s) dict_keys(['example_branch_dop_operator_v3']) retrieved from /usr/local/lib/python3.10/dist-packages/airflow/example_dags/example_branch_python_dop_operator_3.py
[2023-11-07T19:37:39.687+0000] {logging_mixin.py:154} INFO - [2023-11-07T19:37:39.687+0000] {dag.py:2941} INFO - Sync 1 DAGs
[2023-11-07T19:37:39.714+0000] {logging_mixin.py:154} INFO - [2023-11-07T19:37:39.714+0000] {dag.py:3722} INFO - Setting next_dagrun for example_branch_dop_operator_v3 to 2023-11-07T19:36:00+00:00, run_after=2023-11-07T19:37:00+00:00
[2023-11-07T19:37:39.740+0000] {processor.py:179} INFO - Processing /usr/local/lib/python3.10/dist-packages/airflow/example_dags/example_branch_python_dop_operator_3.py took 0.084 seconds
[2023-11-07T19:38:26.625+0000] {processor.py:157} INFO - Started process (PID=3972) to work on /usr/local/lib/python3.10/dist-packages/airflow/example_dags/example_branch_python_dop_operator_3.py
[2023-11-07T19:38:26.626+0000] {processor.py:829} INFO - Processing file /usr/local/lib/python3.10/dist-packages/airflow/example_dags/example_branch_python_dop_operator_3.py for tasks to queue
[2023-11-07T19:38:26.627+0000] {logging_mixin.py:154} INFO - [2023-11-07T19:38:26.626+0000] {dagbag.py:536} INFO - Filling up the DagBag from /usr/local/lib/python3.10/dist-packages/airflow/example_dags/example_branch_python_dop_operator_3.py
[2023-11-07T19:38:26.695+0000] {processor.py:839} INFO - DAG(s) dict_keys(['example_branch_dop_operator_v3']) retrieved from /usr/local/lib/python3.10/dist-packages/airflow/example_dags/example_branch_python_dop_operator_3.py
[2023-11-07T19:38:26.720+0000] {logging_mixin.py:154} INFO - [2023-11-07T19:38:26.720+0000] {dag.py:2941} INFO - Sync 1 DAGs
[2023-11-07T19:38:26.752+0000] {logging_mixin.py:154} INFO - [2023-11-07T19:38:26.752+0000] {dag.py:3722} INFO - Setting next_dagrun for example_branch_dop_operator_v3 to 2023-11-07T19:37:00+00:00, run_after=2023-11-07T19:38:00+00:00
[2023-11-07T19:38:26.794+0000] {processor.py:179} INFO - Processing /usr/local/lib/python3.10/dist-packages/airflow/example_dags/example_branch_python_dop_operator_3.py took 0.180 seconds
[2023-11-07T19:39:12.607+0000] {processor.py:157} INFO - Started process (PID=4021) to work on /usr/local/lib/python3.10/dist-packages/airflow/example_dags/example_branch_python_dop_operator_3.py
[2023-11-07T19:39:12.608+0000] {processor.py:829} INFO - Processing file /usr/local/lib/python3.10/dist-packages/airflow/example_dags/example_branch_python_dop_operator_3.py for tasks to queue
[2023-11-07T19:39:12.609+0000] {logging_mixin.py:154} INFO - [2023-11-07T19:39:12.608+0000] {dagbag.py:536} INFO - Filling up the DagBag from /usr/local/lib/python3.10/dist-packages/airflow/example_dags/example_branch_python_dop_operator_3.py
[2023-11-07T19:39:12.618+0000] {processor.py:839} INFO - DAG(s) dict_keys(['example_branch_dop_operator_v3']) retrieved from /usr/local/lib/python3.10/dist-packages/airflow/example_dags/example_branch_python_dop_operator_3.py
[2023-11-07T19:39:12.642+0000] {logging_mixin.py:154} INFO - [2023-11-07T19:39:12.641+0000] {dag.py:2941} INFO - Sync 1 DAGs
[2023-11-07T19:39:12.664+0000] {logging_mixin.py:154} INFO - [2023-11-07T19:39:12.664+0000] {dag.py:3722} INFO - Setting next_dagrun for example_branch_dop_operator_v3 to 2023-11-07T19:38:00+00:00, run_after=2023-11-07T19:39:00+00:00
[2023-11-07T19:39:12.685+0000] {processor.py:179} INFO - Processing /usr/local/lib/python3.10/dist-packages/airflow/example_dags/example_branch_python_dop_operator_3.py took 0.082 seconds
[2023-11-07T19:40:01.226+0000] {processor.py:157} INFO - Started process (PID=4070) to work on /usr/local/lib/python3.10/dist-packages/airflow/example_dags/example_branch_python_dop_operator_3.py
[2023-11-07T19:40:01.228+0000] {processor.py:829} INFO - Processing file /usr/local/lib/python3.10/dist-packages/airflow/example_dags/example_branch_python_dop_operator_3.py for tasks to queue
[2023-11-07T19:40:01.229+0000] {logging_mixin.py:154} INFO - [2023-11-07T19:40:01.229+0000] {dagbag.py:536} INFO - Filling up the DagBag from /usr/local/lib/python3.10/dist-packages/airflow/example_dags/example_branch_python_dop_operator_3.py
[2023-11-07T19:40:01.257+0000] {processor.py:839} INFO - DAG(s) dict_keys(['example_branch_dop_operator_v3']) retrieved from /usr/local/lib/python3.10/dist-packages/airflow/example_dags/example_branch_python_dop_operator_3.py
[2023-11-07T19:40:01.279+0000] {logging_mixin.py:154} INFO - [2023-11-07T19:40:01.279+0000] {dag.py:2941} INFO - Sync 1 DAGs
[2023-11-07T19:40:01.305+0000] {logging_mixin.py:154} INFO - [2023-11-07T19:40:01.304+0000] {dag.py:3722} INFO - Setting next_dagrun for example_branch_dop_operator_v3 to 2023-11-07T19:39:00+00:00, run_after=2023-11-07T19:40:00+00:00
[2023-11-07T19:40:01.334+0000] {processor.py:179} INFO - Processing /usr/local/lib/python3.10/dist-packages/airflow/example_dags/example_branch_python_dop_operator_3.py took 0.113 seconds
[2023-11-07T19:40:54.563+0000] {processor.py:157} INFO - Started process (PID=4124) to work on /usr/local/lib/python3.10/dist-packages/airflow/example_dags/example_branch_python_dop_operator_3.py
[2023-11-07T19:40:54.569+0000] {processor.py:829} INFO - Processing file /usr/local/lib/python3.10/dist-packages/airflow/example_dags/example_branch_python_dop_operator_3.py for tasks to queue
[2023-11-07T19:40:54.570+0000] {logging_mixin.py:154} INFO - [2023-11-07T19:40:54.570+0000] {dagbag.py:536} INFO - Filling up the DagBag from /usr/local/lib/python3.10/dist-packages/airflow/example_dags/example_branch_python_dop_operator_3.py
[2023-11-07T19:40:54.585+0000] {processor.py:839} INFO - DAG(s) dict_keys(['example_branch_dop_operator_v3']) retrieved from /usr/local/lib/python3.10/dist-packages/airflow/example_dags/example_branch_python_dop_operator_3.py
[2023-11-07T19:40:54.601+0000] {logging_mixin.py:154} INFO - [2023-11-07T19:40:54.601+0000] {dag.py:2941} INFO - Sync 1 DAGs
[2023-11-07T19:40:54.636+0000] {logging_mixin.py:154} INFO - [2023-11-07T19:40:54.636+0000] {dag.py:3722} INFO - Setting next_dagrun for example_branch_dop_operator_v3 to 2023-11-07T19:39:00+00:00, run_after=2023-11-07T19:40:00+00:00
[2023-11-07T19:40:54.680+0000] {processor.py:179} INFO - Processing /usr/local/lib/python3.10/dist-packages/airflow/example_dags/example_branch_python_dop_operator_3.py took 0.122 seconds
[2023-11-07T19:41:43.392+0000] {processor.py:157} INFO - Started process (PID=4175) to work on /usr/local/lib/python3.10/dist-packages/airflow/example_dags/example_branch_python_dop_operator_3.py
[2023-11-07T19:41:43.394+0000] {processor.py:829} INFO - Processing file /usr/local/lib/python3.10/dist-packages/airflow/example_dags/example_branch_python_dop_operator_3.py for tasks to queue
[2023-11-07T19:41:43.394+0000] {logging_mixin.py:154} INFO - [2023-11-07T19:41:43.394+0000] {dagbag.py:536} INFO - Filling up the DagBag from /usr/local/lib/python3.10/dist-packages/airflow/example_dags/example_branch_python_dop_operator_3.py
[2023-11-07T19:41:43.405+0000] {processor.py:839} INFO - DAG(s) dict_keys(['example_branch_dop_operator_v3']) retrieved from /usr/local/lib/python3.10/dist-packages/airflow/example_dags/example_branch_python_dop_operator_3.py
[2023-11-07T19:41:43.432+0000] {logging_mixin.py:154} INFO - [2023-11-07T19:41:43.431+0000] {dag.py:2941} INFO - Sync 1 DAGs
[2023-11-07T19:41:43.467+0000] {logging_mixin.py:154} INFO - [2023-11-07T19:41:43.467+0000] {dag.py:3722} INFO - Setting next_dagrun for example_branch_dop_operator_v3 to 2023-11-07T19:40:00+00:00, run_after=2023-11-07T19:41:00+00:00
[2023-11-07T19:41:43.499+0000] {processor.py:179} INFO - Processing /usr/local/lib/python3.10/dist-packages/airflow/example_dags/example_branch_python_dop_operator_3.py took 0.111 seconds
[2023-11-07T19:42:31.575+0000] {processor.py:157} INFO - Started process (PID=4225) to work on /usr/local/lib/python3.10/dist-packages/airflow/example_dags/example_branch_python_dop_operator_3.py
[2023-11-07T19:42:31.577+0000] {processor.py:829} INFO - Processing file /usr/local/lib/python3.10/dist-packages/airflow/example_dags/example_branch_python_dop_operator_3.py for tasks to queue
[2023-11-07T19:42:31.577+0000] {logging_mixin.py:154} INFO - [2023-11-07T19:42:31.577+0000] {dagbag.py:536} INFO - Filling up the DagBag from /usr/local/lib/python3.10/dist-packages/airflow/example_dags/example_branch_python_dop_operator_3.py
[2023-11-07T19:42:31.587+0000] {processor.py:839} INFO - DAG(s) dict_keys(['example_branch_dop_operator_v3']) retrieved from /usr/local/lib/python3.10/dist-packages/airflow/example_dags/example_branch_python_dop_operator_3.py
[2023-11-07T19:42:31.603+0000] {logging_mixin.py:154} INFO - [2023-11-07T19:42:31.603+0000] {dag.py:2941} INFO - Sync 1 DAGs
[2023-11-07T19:42:31.628+0000] {logging_mixin.py:154} INFO - [2023-11-07T19:42:31.627+0000] {dag.py:3722} INFO - Setting next_dagrun for example_branch_dop_operator_v3 to 2023-11-07T19:41:00+00:00, run_after=2023-11-07T19:42:00+00:00
[2023-11-07T19:42:31.651+0000] {processor.py:179} INFO - Processing /usr/local/lib/python3.10/dist-packages/airflow/example_dags/example_branch_python_dop_operator_3.py took 0.079 seconds
[2023-11-07T19:43:21.075+0000] {processor.py:157} INFO - Started process (PID=4276) to work on /usr/local/lib/python3.10/dist-packages/airflow/example_dags/example_branch_python_dop_operator_3.py
[2023-11-07T19:43:21.077+0000] {processor.py:829} INFO - Processing file /usr/local/lib/python3.10/dist-packages/airflow/example_dags/example_branch_python_dop_operator_3.py for tasks to queue
[2023-11-07T19:43:21.077+0000] {logging_mixin.py:154} INFO - [2023-11-07T19:43:21.077+0000] {dagbag.py:536} INFO - Filling up the DagBag from /usr/local/lib/python3.10/dist-packages/airflow/example_dags/example_branch_python_dop_operator_3.py
[2023-11-07T19:43:21.087+0000] {processor.py:839} INFO - DAG(s) dict_keys(['example_branch_dop_operator_v3']) retrieved from /usr/local/lib/python3.10/dist-packages/airflow/example_dags/example_branch_python_dop_operator_3.py
[2023-11-07T19:43:21.106+0000] {logging_mixin.py:154} INFO - [2023-11-07T19:43:21.106+0000] {dag.py:2941} INFO - Sync 1 DAGs
[2023-11-07T19:43:21.137+0000] {logging_mixin.py:154} INFO - [2023-11-07T19:43:21.136+0000] {dag.py:3722} INFO - Setting next_dagrun for example_branch_dop_operator_v3 to 2023-11-07T19:42:00+00:00, run_after=2023-11-07T19:43:00+00:00
[2023-11-07T19:43:21.160+0000] {processor.py:179} INFO - Processing /usr/local/lib/python3.10/dist-packages/airflow/example_dags/example_branch_python_dop_operator_3.py took 0.088 seconds
[2023-11-07T19:44:10.375+0000] {processor.py:157} INFO - Started process (PID=4326) to work on /usr/local/lib/python3.10/dist-packages/airflow/example_dags/example_branch_python_dop_operator_3.py
[2023-11-07T19:44:10.378+0000] {processor.py:829} INFO - Processing file /usr/local/lib/python3.10/dist-packages/airflow/example_dags/example_branch_python_dop_operator_3.py for tasks to queue
[2023-11-07T19:44:10.379+0000] {logging_mixin.py:154} INFO - [2023-11-07T19:44:10.379+0000] {dagbag.py:536} INFO - Filling up the DagBag from /usr/local/lib/python3.10/dist-packages/airflow/example_dags/example_branch_python_dop_operator_3.py
[2023-11-07T19:44:10.403+0000] {processor.py:839} INFO - DAG(s) dict_keys(['example_branch_dop_operator_v3']) retrieved from /usr/local/lib/python3.10/dist-packages/airflow/example_dags/example_branch_python_dop_operator_3.py
[2023-11-07T19:44:10.421+0000] {logging_mixin.py:154} INFO - [2023-11-07T19:44:10.421+0000] {dag.py:2941} INFO - Sync 1 DAGs
[2023-11-07T19:44:10.446+0000] {logging_mixin.py:154} INFO - [2023-11-07T19:44:10.446+0000] {dag.py:3722} INFO - Setting next_dagrun for example_branch_dop_operator_v3 to 2023-11-07T19:43:00+00:00, run_after=2023-11-07T19:44:00+00:00
[2023-11-07T19:44:10.475+0000] {processor.py:179} INFO - Processing /usr/local/lib/python3.10/dist-packages/airflow/example_dags/example_branch_python_dop_operator_3.py took 0.107 seconds
[2023-11-07T19:45:04.678+0000] {processor.py:157} INFO - Started process (PID=4379) to work on /usr/local/lib/python3.10/dist-packages/airflow/example_dags/example_branch_python_dop_operator_3.py
[2023-11-07T19:45:04.679+0000] {processor.py:829} INFO - Processing file /usr/local/lib/python3.10/dist-packages/airflow/example_dags/example_branch_python_dop_operator_3.py for tasks to queue
[2023-11-07T19:45:04.680+0000] {logging_mixin.py:154} INFO - [2023-11-07T19:45:04.680+0000] {dagbag.py:536} INFO - Filling up the DagBag from /usr/local/lib/python3.10/dist-packages/airflow/example_dags/example_branch_python_dop_operator_3.py
[2023-11-07T19:45:04.691+0000] {processor.py:839} INFO - DAG(s) dict_keys(['example_branch_dop_operator_v3']) retrieved from /usr/local/lib/python3.10/dist-packages/airflow/example_dags/example_branch_python_dop_operator_3.py
[2023-11-07T19:45:04.709+0000] {logging_mixin.py:154} INFO - [2023-11-07T19:45:04.709+0000] {dag.py:2941} INFO - Sync 1 DAGs
[2023-11-07T19:45:04.740+0000] {logging_mixin.py:154} INFO - [2023-11-07T19:45:04.740+0000] {dag.py:3722} INFO - Setting next_dagrun for example_branch_dop_operator_v3 to 2023-11-07T19:44:00+00:00, run_after=2023-11-07T19:45:00+00:00
[2023-11-07T19:45:04.770+0000] {processor.py:179} INFO - Processing /usr/local/lib/python3.10/dist-packages/airflow/example_dags/example_branch_python_dop_operator_3.py took 0.096 seconds
[2023-11-07T19:45:59.307+0000] {processor.py:157} INFO - Started process (PID=4433) to work on /usr/local/lib/python3.10/dist-packages/airflow/example_dags/example_branch_python_dop_operator_3.py
[2023-11-07T19:45:59.308+0000] {processor.py:829} INFO - Processing file /usr/local/lib/python3.10/dist-packages/airflow/example_dags/example_branch_python_dop_operator_3.py for tasks to queue
[2023-11-07T19:45:59.309+0000] {logging_mixin.py:154} INFO - [2023-11-07T19:45:59.309+0000] {dagbag.py:536} INFO - Filling up the DagBag from /usr/local/lib/python3.10/dist-packages/airflow/example_dags/example_branch_python_dop_operator_3.py
[2023-11-07T19:45:59.319+0000] {processor.py:839} INFO - DAG(s) dict_keys(['example_branch_dop_operator_v3']) retrieved from /usr/local/lib/python3.10/dist-packages/airflow/example_dags/example_branch_python_dop_operator_3.py
[2023-11-07T19:45:59.341+0000] {logging_mixin.py:154} INFO - [2023-11-07T19:45:59.341+0000] {dag.py:2941} INFO - Sync 1 DAGs
[2023-11-07T19:45:59.374+0000] {logging_mixin.py:154} INFO - [2023-11-07T19:45:59.373+0000] {dag.py:3722} INFO - Setting next_dagrun for example_branch_dop_operator_v3 to 2023-11-07T19:44:00+00:00, run_after=2023-11-07T19:45:00+00:00
[2023-11-07T19:45:59.417+0000] {processor.py:179} INFO - Processing /usr/local/lib/python3.10/dist-packages/airflow/example_dags/example_branch_python_dop_operator_3.py took 0.113 seconds
[2023-11-07T19:46:50.506+0000] {processor.py:157} INFO - Started process (PID=4485) to work on /usr/local/lib/python3.10/dist-packages/airflow/example_dags/example_branch_python_dop_operator_3.py
[2023-11-07T19:46:50.507+0000] {processor.py:829} INFO - Processing file /usr/local/lib/python3.10/dist-packages/airflow/example_dags/example_branch_python_dop_operator_3.py for tasks to queue
[2023-11-07T19:46:50.508+0000] {logging_mixin.py:154} INFO - [2023-11-07T19:46:50.508+0000] {dagbag.py:536} INFO - Filling up the DagBag from /usr/local/lib/python3.10/dist-packages/airflow/example_dags/example_branch_python_dop_operator_3.py
[2023-11-07T19:46:50.519+0000] {processor.py:839} INFO - DAG(s) dict_keys(['example_branch_dop_operator_v3']) retrieved from /usr/local/lib/python3.10/dist-packages/airflow/example_dags/example_branch_python_dop_operator_3.py
[2023-11-07T19:46:50.538+0000] {logging_mixin.py:154} INFO - [2023-11-07T19:46:50.538+0000] {dag.py:2941} INFO - Sync 1 DAGs
[2023-11-07T19:46:50.562+0000] {logging_mixin.py:154} INFO - [2023-11-07T19:46:50.562+0000] {dag.py:3722} INFO - Setting next_dagrun for example_branch_dop_operator_v3 to 2023-11-07T19:45:00+00:00, run_after=2023-11-07T19:46:00+00:00
[2023-11-07T19:46:50.586+0000] {processor.py:179} INFO - Processing /usr/local/lib/python3.10/dist-packages/airflow/example_dags/example_branch_python_dop_operator_3.py took 0.083 seconds
[2023-11-07T19:47:43.726+0000] {processor.py:157} INFO - Started process (PID=4539) to work on /usr/local/lib/python3.10/dist-packages/airflow/example_dags/example_branch_python_dop_operator_3.py
[2023-11-07T19:47:43.729+0000] {processor.py:829} INFO - Processing file /usr/local/lib/python3.10/dist-packages/airflow/example_dags/example_branch_python_dop_operator_3.py for tasks to queue
[2023-11-07T19:47:43.731+0000] {logging_mixin.py:154} INFO - [2023-11-07T19:47:43.730+0000] {dagbag.py:536} INFO - Filling up the DagBag from /usr/local/lib/python3.10/dist-packages/airflow/example_dags/example_branch_python_dop_operator_3.py
[2023-11-07T19:47:43.747+0000] {processor.py:839} INFO - DAG(s) dict_keys(['example_branch_dop_operator_v3']) retrieved from /usr/local/lib/python3.10/dist-packages/airflow/example_dags/example_branch_python_dop_operator_3.py
[2023-11-07T19:47:43.764+0000] {logging_mixin.py:154} INFO - [2023-11-07T19:47:43.764+0000] {dag.py:2941} INFO - Sync 1 DAGs
[2023-11-07T19:47:43.787+0000] {logging_mixin.py:154} INFO - [2023-11-07T19:47:43.787+0000] {dag.py:3722} INFO - Setting next_dagrun for example_branch_dop_operator_v3 to 2023-11-07T19:46:00+00:00, run_after=2023-11-07T19:47:00+00:00
[2023-11-07T19:47:43.810+0000] {processor.py:179} INFO - Processing /usr/local/lib/python3.10/dist-packages/airflow/example_dags/example_branch_python_dop_operator_3.py took 0.093 seconds
[2023-11-07T19:48:33.554+0000] {processor.py:157} INFO - Started process (PID=4590) to work on /usr/local/lib/python3.10/dist-packages/airflow/example_dags/example_branch_python_dop_operator_3.py
[2023-11-07T19:48:33.556+0000] {processor.py:829} INFO - Processing file /usr/local/lib/python3.10/dist-packages/airflow/example_dags/example_branch_python_dop_operator_3.py for tasks to queue
[2023-11-07T19:48:33.557+0000] {logging_mixin.py:154} INFO - [2023-11-07T19:48:33.556+0000] {dagbag.py:536} INFO - Filling up the DagBag from /usr/local/lib/python3.10/dist-packages/airflow/example_dags/example_branch_python_dop_operator_3.py
[2023-11-07T19:48:33.570+0000] {processor.py:839} INFO - DAG(s) dict_keys(['example_branch_dop_operator_v3']) retrieved from /usr/local/lib/python3.10/dist-packages/airflow/example_dags/example_branch_python_dop_operator_3.py
[2023-11-07T19:48:33.590+0000] {logging_mixin.py:154} INFO - [2023-11-07T19:48:33.590+0000] {dag.py:2941} INFO - Sync 1 DAGs
[2023-11-07T19:48:33.615+0000] {logging_mixin.py:154} INFO - [2023-11-07T19:48:33.615+0000] {dag.py:3722} INFO - Setting next_dagrun for example_branch_dop_operator_v3 to 2023-11-07T19:47:00+00:00, run_after=2023-11-07T19:48:00+00:00
[2023-11-07T19:48:33.648+0000] {processor.py:179} INFO - Processing /usr/local/lib/python3.10/dist-packages/airflow/example_dags/example_branch_python_dop_operator_3.py took 0.098 seconds
[2023-11-07T19:49:22.000+0000] {processor.py:157} INFO - Started process (PID=4640) to work on /usr/local/lib/python3.10/dist-packages/airflow/example_dags/example_branch_python_dop_operator_3.py
[2023-11-07T19:49:22.002+0000] {processor.py:829} INFO - Processing file /usr/local/lib/python3.10/dist-packages/airflow/example_dags/example_branch_python_dop_operator_3.py for tasks to queue
[2023-11-07T19:49:22.002+0000] {logging_mixin.py:154} INFO - [2023-11-07T19:49:22.002+0000] {dagbag.py:536} INFO - Filling up the DagBag from /usr/local/lib/python3.10/dist-packages/airflow/example_dags/example_branch_python_dop_operator_3.py
[2023-11-07T19:49:22.013+0000] {processor.py:839} INFO - DAG(s) dict_keys(['example_branch_dop_operator_v3']) retrieved from /usr/local/lib/python3.10/dist-packages/airflow/example_dags/example_branch_python_dop_operator_3.py
[2023-11-07T19:49:22.030+0000] {logging_mixin.py:154} INFO - [2023-11-07T19:49:22.030+0000] {dag.py:2941} INFO - Sync 1 DAGs
[2023-11-07T19:49:22.057+0000] {logging_mixin.py:154} INFO - [2023-11-07T19:49:22.057+0000] {dag.py:3722} INFO - Setting next_dagrun for example_branch_dop_operator_v3 to 2023-11-07T19:48:00+00:00, run_after=2023-11-07T19:49:00+00:00
[2023-11-07T19:49:22.086+0000] {processor.py:179} INFO - Processing /usr/local/lib/python3.10/dist-packages/airflow/example_dags/example_branch_python_dop_operator_3.py took 0.088 seconds
[2023-11-07T19:50:08.705+0000] {processor.py:157} INFO - Started process (PID=4689) to work on /usr/local/lib/python3.10/dist-packages/airflow/example_dags/example_branch_python_dop_operator_3.py
[2023-11-07T19:50:08.706+0000] {processor.py:829} INFO - Processing file /usr/local/lib/python3.10/dist-packages/airflow/example_dags/example_branch_python_dop_operator_3.py for tasks to queue
[2023-11-07T19:50:08.707+0000] {logging_mixin.py:154} INFO - [2023-11-07T19:50:08.707+0000] {dagbag.py:536} INFO - Filling up the DagBag from /usr/local/lib/python3.10/dist-packages/airflow/example_dags/example_branch_python_dop_operator_3.py
[2023-11-07T19:50:08.717+0000] {processor.py:839} INFO - DAG(s) dict_keys(['example_branch_dop_operator_v3']) retrieved from /usr/local/lib/python3.10/dist-packages/airflow/example_dags/example_branch_python_dop_operator_3.py
[2023-11-07T19:50:08.733+0000] {logging_mixin.py:154} INFO - [2023-11-07T19:50:08.733+0000] {dag.py:2941} INFO - Sync 1 DAGs
[2023-11-07T19:50:08.757+0000] {logging_mixin.py:154} INFO - [2023-11-07T19:50:08.757+0000] {dag.py:3722} INFO - Setting next_dagrun for example_branch_dop_operator_v3 to 2023-11-07T19:49:00+00:00, run_after=2023-11-07T19:50:00+00:00
[2023-11-07T19:50:08.782+0000] {processor.py:179} INFO - Processing /usr/local/lib/python3.10/dist-packages/airflow/example_dags/example_branch_python_dop_operator_3.py took 0.080 seconds
[2023-11-07T19:50:59.198+0000] {processor.py:157} INFO - Started process (PID=4740) to work on /usr/local/lib/python3.10/dist-packages/airflow/example_dags/example_branch_python_dop_operator_3.py
[2023-11-07T19:50:59.199+0000] {processor.py:829} INFO - Processing file /usr/local/lib/python3.10/dist-packages/airflow/example_dags/example_branch_python_dop_operator_3.py for tasks to queue
[2023-11-07T19:50:59.200+0000] {logging_mixin.py:154} INFO - [2023-11-07T19:50:59.199+0000] {dagbag.py:536} INFO - Filling up the DagBag from /usr/local/lib/python3.10/dist-packages/airflow/example_dags/example_branch_python_dop_operator_3.py
[2023-11-07T19:50:59.209+0000] {processor.py:839} INFO - DAG(s) dict_keys(['example_branch_dop_operator_v3']) retrieved from /usr/local/lib/python3.10/dist-packages/airflow/example_dags/example_branch_python_dop_operator_3.py
[2023-11-07T19:50:59.226+0000] {logging_mixin.py:154} INFO - [2023-11-07T19:50:59.226+0000] {dag.py:2941} INFO - Sync 1 DAGs
[2023-11-07T19:50:59.254+0000] {logging_mixin.py:154} INFO - [2023-11-07T19:50:59.253+0000] {dag.py:3722} INFO - Setting next_dagrun for example_branch_dop_operator_v3 to 2023-11-07T19:49:00+00:00, run_after=2023-11-07T19:50:00+00:00
[2023-11-07T19:50:59.279+0000] {processor.py:179} INFO - Processing /usr/local/lib/python3.10/dist-packages/airflow/example_dags/example_branch_python_dop_operator_3.py took 0.085 seconds
[2023-11-07T19:51:48.465+0000] {processor.py:157} INFO - Started process (PID=4792) to work on /usr/local/lib/python3.10/dist-packages/airflow/example_dags/example_branch_python_dop_operator_3.py
[2023-11-07T19:51:48.466+0000] {processor.py:829} INFO - Processing file /usr/local/lib/python3.10/dist-packages/airflow/example_dags/example_branch_python_dop_operator_3.py for tasks to queue
[2023-11-07T19:51:48.467+0000] {logging_mixin.py:154} INFO - [2023-11-07T19:51:48.466+0000] {dagbag.py:536} INFO - Filling up the DagBag from /usr/local/lib/python3.10/dist-packages/airflow/example_dags/example_branch_python_dop_operator_3.py
[2023-11-07T19:51:48.476+0000] {processor.py:839} INFO - DAG(s) dict_keys(['example_branch_dop_operator_v3']) retrieved from /usr/local/lib/python3.10/dist-packages/airflow/example_dags/example_branch_python_dop_operator_3.py
[2023-11-07T19:51:48.492+0000] {logging_mixin.py:154} INFO - [2023-11-07T19:51:48.492+0000] {dag.py:2941} INFO - Sync 1 DAGs
[2023-11-07T19:51:48.517+0000] {logging_mixin.py:154} INFO - [2023-11-07T19:51:48.517+0000] {dag.py:3722} INFO - Setting next_dagrun for example_branch_dop_operator_v3 to 2023-11-07T19:50:00+00:00, run_after=2023-11-07T19:51:00+00:00
[2023-11-07T19:51:48.543+0000] {processor.py:179} INFO - Processing /usr/local/lib/python3.10/dist-packages/airflow/example_dags/example_branch_python_dop_operator_3.py took 0.082 seconds
[2023-11-07T19:52:42.648+0000] {processor.py:157} INFO - Started process (PID=4846) to work on /usr/local/lib/python3.10/dist-packages/airflow/example_dags/example_branch_python_dop_operator_3.py
[2023-11-07T19:52:42.650+0000] {processor.py:829} INFO - Processing file /usr/local/lib/python3.10/dist-packages/airflow/example_dags/example_branch_python_dop_operator_3.py for tasks to queue
[2023-11-07T19:52:42.650+0000] {logging_mixin.py:154} INFO - [2023-11-07T19:52:42.650+0000] {dagbag.py:536} INFO - Filling up the DagBag from /usr/local/lib/python3.10/dist-packages/airflow/example_dags/example_branch_python_dop_operator_3.py
[2023-11-07T19:52:42.663+0000] {processor.py:839} INFO - DAG(s) dict_keys(['example_branch_dop_operator_v3']) retrieved from /usr/local/lib/python3.10/dist-packages/airflow/example_dags/example_branch_python_dop_operator_3.py
[2023-11-07T19:52:42.680+0000] {logging_mixin.py:154} INFO - [2023-11-07T19:52:42.679+0000] {dag.py:2941} INFO - Sync 1 DAGs
[2023-11-07T19:52:42.716+0000] {logging_mixin.py:154} INFO - [2023-11-07T19:52:42.716+0000] {dag.py:3722} INFO - Setting next_dagrun for example_branch_dop_operator_v3 to 2023-11-07T19:51:00+00:00, run_after=2023-11-07T19:52:00+00:00
[2023-11-07T19:52:42.762+0000] {processor.py:179} INFO - Processing /usr/local/lib/python3.10/dist-packages/airflow/example_dags/example_branch_python_dop_operator_3.py took 0.117 seconds
[2023-11-07T19:53:35.444+0000] {processor.py:157} INFO - Started process (PID=4899) to work on /usr/local/lib/python3.10/dist-packages/airflow/example_dags/example_branch_python_dop_operator_3.py
[2023-11-07T19:53:35.446+0000] {processor.py:829} INFO - Processing file /usr/local/lib/python3.10/dist-packages/airflow/example_dags/example_branch_python_dop_operator_3.py for tasks to queue
[2023-11-07T19:53:35.447+0000] {logging_mixin.py:154} INFO - [2023-11-07T19:53:35.446+0000] {dagbag.py:536} INFO - Filling up the DagBag from /usr/local/lib/python3.10/dist-packages/airflow/example_dags/example_branch_python_dop_operator_3.py
[2023-11-07T19:53:35.460+0000] {processor.py:839} INFO - DAG(s) dict_keys(['example_branch_dop_operator_v3']) retrieved from /usr/local/lib/python3.10/dist-packages/airflow/example_dags/example_branch_python_dop_operator_3.py
[2023-11-07T19:53:35.477+0000] {logging_mixin.py:154} INFO - [2023-11-07T19:53:35.476+0000] {dag.py:2941} INFO - Sync 1 DAGs
[2023-11-07T19:53:35.501+0000] {logging_mixin.py:154} INFO - [2023-11-07T19:53:35.501+0000] {dag.py:3722} INFO - Setting next_dagrun for example_branch_dop_operator_v3 to 2023-11-07T19:52:00+00:00, run_after=2023-11-07T19:53:00+00:00
[2023-11-07T19:53:35.525+0000] {processor.py:179} INFO - Processing /usr/local/lib/python3.10/dist-packages/airflow/example_dags/example_branch_python_dop_operator_3.py took 0.084 seconds
[2023-11-07T19:54:28.721+0000] {processor.py:157} INFO - Started process (PID=4952) to work on /usr/local/lib/python3.10/dist-packages/airflow/example_dags/example_branch_python_dop_operator_3.py
[2023-11-07T19:54:28.722+0000] {processor.py:829} INFO - Processing file /usr/local/lib/python3.10/dist-packages/airflow/example_dags/example_branch_python_dop_operator_3.py for tasks to queue
[2023-11-07T19:54:28.723+0000] {logging_mixin.py:154} INFO - [2023-11-07T19:54:28.722+0000] {dagbag.py:536} INFO - Filling up the DagBag from /usr/local/lib/python3.10/dist-packages/airflow/example_dags/example_branch_python_dop_operator_3.py
[2023-11-07T19:54:28.736+0000] {processor.py:839} INFO - DAG(s) dict_keys(['example_branch_dop_operator_v3']) retrieved from /usr/local/lib/python3.10/dist-packages/airflow/example_dags/example_branch_python_dop_operator_3.py
[2023-11-07T19:54:28.772+0000] {logging_mixin.py:154} INFO - [2023-11-07T19:54:28.772+0000] {dag.py:2941} INFO - Sync 1 DAGs
[2023-11-07T19:54:28.801+0000] {logging_mixin.py:154} INFO - [2023-11-07T19:54:28.801+0000] {dag.py:3722} INFO - Setting next_dagrun for example_branch_dop_operator_v3 to 2023-11-07T19:53:00+00:00, run_after=2023-11-07T19:54:00+00:00
[2023-11-07T19:54:28.826+0000] {processor.py:179} INFO - Processing /usr/local/lib/python3.10/dist-packages/airflow/example_dags/example_branch_python_dop_operator_3.py took 0.108 seconds
[2023-11-07T19:55:19.364+0000] {processor.py:157} INFO - Started process (PID=5003) to work on /usr/local/lib/python3.10/dist-packages/airflow/example_dags/example_branch_python_dop_operator_3.py
[2023-11-07T19:55:19.366+0000] {processor.py:829} INFO - Processing file /usr/local/lib/python3.10/dist-packages/airflow/example_dags/example_branch_python_dop_operator_3.py for tasks to queue
[2023-11-07T19:55:19.367+0000] {logging_mixin.py:154} INFO - [2023-11-07T19:55:19.367+0000] {dagbag.py:536} INFO - Filling up the DagBag from /usr/local/lib/python3.10/dist-packages/airflow/example_dags/example_branch_python_dop_operator_3.py
[2023-11-07T19:55:19.377+0000] {processor.py:839} INFO - DAG(s) dict_keys(['example_branch_dop_operator_v3']) retrieved from /usr/local/lib/python3.10/dist-packages/airflow/example_dags/example_branch_python_dop_operator_3.py
[2023-11-07T19:55:19.395+0000] {logging_mixin.py:154} INFO - [2023-11-07T19:55:19.394+0000] {dag.py:2941} INFO - Sync 1 DAGs
[2023-11-07T19:55:19.419+0000] {logging_mixin.py:154} INFO - [2023-11-07T19:55:19.419+0000] {dag.py:3722} INFO - Setting next_dagrun for example_branch_dop_operator_v3 to 2023-11-07T19:54:00+00:00, run_after=2023-11-07T19:55:00+00:00
[2023-11-07T19:55:19.441+0000] {processor.py:179} INFO - Processing /usr/local/lib/python3.10/dist-packages/airflow/example_dags/example_branch_python_dop_operator_3.py took 0.080 seconds
[2023-11-07T19:56:14.266+0000] {processor.py:157} INFO - Started process (PID=5057) to work on /usr/local/lib/python3.10/dist-packages/airflow/example_dags/example_branch_python_dop_operator_3.py
[2023-11-07T19:56:14.267+0000] {processor.py:829} INFO - Processing file /usr/local/lib/python3.10/dist-packages/airflow/example_dags/example_branch_python_dop_operator_3.py for tasks to queue
[2023-11-07T19:56:14.268+0000] {logging_mixin.py:154} INFO - [2023-11-07T19:56:14.267+0000] {dagbag.py:536} INFO - Filling up the DagBag from /usr/local/lib/python3.10/dist-packages/airflow/example_dags/example_branch_python_dop_operator_3.py
[2023-11-07T19:56:14.278+0000] {processor.py:839} INFO - DAG(s) dict_keys(['example_branch_dop_operator_v3']) retrieved from /usr/local/lib/python3.10/dist-packages/airflow/example_dags/example_branch_python_dop_operator_3.py
[2023-11-07T19:56:14.295+0000] {logging_mixin.py:154} INFO - [2023-11-07T19:56:14.295+0000] {dag.py:2941} INFO - Sync 1 DAGs
[2023-11-07T19:56:14.323+0000] {logging_mixin.py:154} INFO - [2023-11-07T19:56:14.323+0000] {dag.py:3722} INFO - Setting next_dagrun for example_branch_dop_operator_v3 to 2023-11-07T19:55:00+00:00, run_after=2023-11-07T19:56:00+00:00
[2023-11-07T19:56:14.348+0000] {processor.py:179} INFO - Processing /usr/local/lib/python3.10/dist-packages/airflow/example_dags/example_branch_python_dop_operator_3.py took 0.085 seconds
[2023-11-07T19:57:07.400+0000] {processor.py:157} INFO - Started process (PID=5110) to work on /usr/local/lib/python3.10/dist-packages/airflow/example_dags/example_branch_python_dop_operator_3.py
[2023-11-07T19:57:07.402+0000] {processor.py:829} INFO - Processing file /usr/local/lib/python3.10/dist-packages/airflow/example_dags/example_branch_python_dop_operator_3.py for tasks to queue
[2023-11-07T19:57:07.403+0000] {logging_mixin.py:154} INFO - [2023-11-07T19:57:07.402+0000] {dagbag.py:536} INFO - Filling up the DagBag from /usr/local/lib/python3.10/dist-packages/airflow/example_dags/example_branch_python_dop_operator_3.py
[2023-11-07T19:57:07.412+0000] {processor.py:839} INFO - DAG(s) dict_keys(['example_branch_dop_operator_v3']) retrieved from /usr/local/lib/python3.10/dist-packages/airflow/example_dags/example_branch_python_dop_operator_3.py
[2023-11-07T19:57:07.428+0000] {logging_mixin.py:154} INFO - [2023-11-07T19:57:07.428+0000] {dag.py:2941} INFO - Sync 1 DAGs
[2023-11-07T19:57:07.455+0000] {logging_mixin.py:154} INFO - [2023-11-07T19:57:07.455+0000] {dag.py:3722} INFO - Setting next_dagrun for example_branch_dop_operator_v3 to 2023-11-07T19:56:00+00:00, run_after=2023-11-07T19:57:00+00:00
[2023-11-07T19:57:07.477+0000] {processor.py:179} INFO - Processing /usr/local/lib/python3.10/dist-packages/airflow/example_dags/example_branch_python_dop_operator_3.py took 0.080 seconds
[2023-11-07T19:57:59.023+0000] {processor.py:157} INFO - Started process (PID=5162) to work on /usr/local/lib/python3.10/dist-packages/airflow/example_dags/example_branch_python_dop_operator_3.py
[2023-11-07T19:57:59.024+0000] {processor.py:829} INFO - Processing file /usr/local/lib/python3.10/dist-packages/airflow/example_dags/example_branch_python_dop_operator_3.py for tasks to queue
[2023-11-07T19:57:59.025+0000] {logging_mixin.py:154} INFO - [2023-11-07T19:57:59.024+0000] {dagbag.py:536} INFO - Filling up the DagBag from /usr/local/lib/python3.10/dist-packages/airflow/example_dags/example_branch_python_dop_operator_3.py
[2023-11-07T19:57:59.034+0000] {processor.py:839} INFO - DAG(s) dict_keys(['example_branch_dop_operator_v3']) retrieved from /usr/local/lib/python3.10/dist-packages/airflow/example_dags/example_branch_python_dop_operator_3.py
[2023-11-07T19:57:59.051+0000] {logging_mixin.py:154} INFO - [2023-11-07T19:57:59.051+0000] {dag.py:2941} INFO - Sync 1 DAGs
[2023-11-07T19:57:59.074+0000] {logging_mixin.py:154} INFO - [2023-11-07T19:57:59.074+0000] {dag.py:3722} INFO - Setting next_dagrun for example_branch_dop_operator_v3 to 2023-11-07T19:56:00+00:00, run_after=2023-11-07T19:57:00+00:00
[2023-11-07T19:57:59.097+0000] {processor.py:179} INFO - Processing /usr/local/lib/python3.10/dist-packages/airflow/example_dags/example_branch_python_dop_operator_3.py took 0.077 seconds
[2023-11-07T19:58:46.202+0000] {processor.py:157} INFO - Started process (PID=5210) to work on /usr/local/lib/python3.10/dist-packages/airflow/example_dags/example_branch_python_dop_operator_3.py
[2023-11-07T19:58:46.204+0000] {processor.py:829} INFO - Processing file /usr/local/lib/python3.10/dist-packages/airflow/example_dags/example_branch_python_dop_operator_3.py for tasks to queue
[2023-11-07T19:58:46.204+0000] {logging_mixin.py:154} INFO - [2023-11-07T19:58:46.204+0000] {dagbag.py:536} INFO - Filling up the DagBag from /usr/local/lib/python3.10/dist-packages/airflow/example_dags/example_branch_python_dop_operator_3.py
[2023-11-07T19:58:46.215+0000] {processor.py:839} INFO - DAG(s) dict_keys(['example_branch_dop_operator_v3']) retrieved from /usr/local/lib/python3.10/dist-packages/airflow/example_dags/example_branch_python_dop_operator_3.py
[2023-11-07T19:58:46.232+0000] {logging_mixin.py:154} INFO - [2023-11-07T19:58:46.232+0000] {dag.py:2941} INFO - Sync 1 DAGs
[2023-11-07T19:58:46.271+0000] {logging_mixin.py:154} INFO - [2023-11-07T19:58:46.271+0000] {dag.py:3722} INFO - Setting next_dagrun for example_branch_dop_operator_v3 to 2023-11-07T19:57:00+00:00, run_after=2023-11-07T19:58:00+00:00
[2023-11-07T19:58:46.303+0000] {processor.py:179} INFO - Processing /usr/local/lib/python3.10/dist-packages/airflow/example_dags/example_branch_python_dop_operator_3.py took 0.104 seconds
[2023-11-07T19:59:36.423+0000] {processor.py:157} INFO - Started process (PID=5262) to work on /usr/local/lib/python3.10/dist-packages/airflow/example_dags/example_branch_python_dop_operator_3.py
[2023-11-07T19:59:36.425+0000] {processor.py:829} INFO - Processing file /usr/local/lib/python3.10/dist-packages/airflow/example_dags/example_branch_python_dop_operator_3.py for tasks to queue
[2023-11-07T19:59:36.425+0000] {logging_mixin.py:154} INFO - [2023-11-07T19:59:36.425+0000] {dagbag.py:536} INFO - Filling up the DagBag from /usr/local/lib/python3.10/dist-packages/airflow/example_dags/example_branch_python_dop_operator_3.py
[2023-11-07T19:59:36.435+0000] {processor.py:839} INFO - DAG(s) dict_keys(['example_branch_dop_operator_v3']) retrieved from /usr/local/lib/python3.10/dist-packages/airflow/example_dags/example_branch_python_dop_operator_3.py
[2023-11-07T19:59:36.455+0000] {logging_mixin.py:154} INFO - [2023-11-07T19:59:36.455+0000] {dag.py:2941} INFO - Sync 1 DAGs
[2023-11-07T19:59:36.481+0000] {logging_mixin.py:154} INFO - [2023-11-07T19:59:36.480+0000] {dag.py:3722} INFO - Setting next_dagrun for example_branch_dop_operator_v3 to 2023-11-07T19:58:00+00:00, run_after=2023-11-07T19:59:00+00:00
[2023-11-07T19:59:36.508+0000] {processor.py:179} INFO - Processing /usr/local/lib/python3.10/dist-packages/airflow/example_dags/example_branch_python_dop_operator_3.py took 0.089 seconds
[2023-11-07T20:00:30.175+0000] {processor.py:157} INFO - Started process (PID=5315) to work on /usr/local/lib/python3.10/dist-packages/airflow/example_dags/example_branch_python_dop_operator_3.py
[2023-11-07T20:00:30.176+0000] {processor.py:829} INFO - Processing file /usr/local/lib/python3.10/dist-packages/airflow/example_dags/example_branch_python_dop_operator_3.py for tasks to queue
[2023-11-07T20:00:30.177+0000] {logging_mixin.py:154} INFO - [2023-11-07T20:00:30.177+0000] {dagbag.py:536} INFO - Filling up the DagBag from /usr/local/lib/python3.10/dist-packages/airflow/example_dags/example_branch_python_dop_operator_3.py
[2023-11-07T20:00:30.197+0000] {processor.py:839} INFO - DAG(s) dict_keys(['example_branch_dop_operator_v3']) retrieved from /usr/local/lib/python3.10/dist-packages/airflow/example_dags/example_branch_python_dop_operator_3.py
[2023-11-07T20:00:30.224+0000] {logging_mixin.py:154} INFO - [2023-11-07T20:00:30.223+0000] {dag.py:2941} INFO - Sync 1 DAGs
[2023-11-07T20:00:30.257+0000] {logging_mixin.py:154} INFO - [2023-11-07T20:00:30.257+0000] {dag.py:3722} INFO - Setting next_dagrun for example_branch_dop_operator_v3 to 2023-11-07T19:59:00+00:00, run_after=2023-11-07T20:00:00+00:00
[2023-11-07T20:00:30.293+0000] {processor.py:179} INFO - Processing /usr/local/lib/python3.10/dist-packages/airflow/example_dags/example_branch_python_dop_operator_3.py took 0.123 seconds
[2023-11-07T20:01:24.498+0000] {processor.py:157} INFO - Started process (PID=5369) to work on /usr/local/lib/python3.10/dist-packages/airflow/example_dags/example_branch_python_dop_operator_3.py
[2023-11-07T20:01:24.502+0000] {processor.py:829} INFO - Processing file /usr/local/lib/python3.10/dist-packages/airflow/example_dags/example_branch_python_dop_operator_3.py for tasks to queue
[2023-11-07T20:01:24.504+0000] {logging_mixin.py:154} INFO - [2023-11-07T20:01:24.502+0000] {dagbag.py:536} INFO - Filling up the DagBag from /usr/local/lib/python3.10/dist-packages/airflow/example_dags/example_branch_python_dop_operator_3.py
[2023-11-07T20:01:24.517+0000] {processor.py:839} INFO - DAG(s) dict_keys(['example_branch_dop_operator_v3']) retrieved from /usr/local/lib/python3.10/dist-packages/airflow/example_dags/example_branch_python_dop_operator_3.py
[2023-11-07T20:01:24.543+0000] {logging_mixin.py:154} INFO - [2023-11-07T20:01:24.541+0000] {dag.py:2941} INFO - Sync 1 DAGs
[2023-11-07T20:01:24.570+0000] {logging_mixin.py:154} INFO - [2023-11-07T20:01:24.570+0000] {dag.py:3722} INFO - Setting next_dagrun for example_branch_dop_operator_v3 to 2023-11-07T20:00:00+00:00, run_after=2023-11-07T20:01:00+00:00
[2023-11-07T20:01:24.591+0000] {processor.py:179} INFO - Processing /usr/local/lib/python3.10/dist-packages/airflow/example_dags/example_branch_python_dop_operator_3.py took 0.096 seconds
[2023-11-07T20:02:06.847+0000] {processor.py:157} INFO - Started process (PID=5415) to work on /usr/local/lib/python3.10/dist-packages/airflow/example_dags/example_branch_python_dop_operator_3.py
[2023-11-07T20:02:06.848+0000] {processor.py:829} INFO - Processing file /usr/local/lib/python3.10/dist-packages/airflow/example_dags/example_branch_python_dop_operator_3.py for tasks to queue
[2023-11-07T20:02:06.849+0000] {logging_mixin.py:154} INFO - [2023-11-07T20:02:06.849+0000] {dagbag.py:536} INFO - Filling up the DagBag from /usr/local/lib/python3.10/dist-packages/airflow/example_dags/example_branch_python_dop_operator_3.py
[2023-11-07T20:02:06.861+0000] {processor.py:839} INFO - DAG(s) dict_keys(['example_branch_dop_operator_v3']) retrieved from /usr/local/lib/python3.10/dist-packages/airflow/example_dags/example_branch_python_dop_operator_3.py
[2023-11-07T20:02:06.879+0000] {logging_mixin.py:154} INFO - [2023-11-07T20:02:06.878+0000] {dag.py:2941} INFO - Sync 1 DAGs
[2023-11-07T20:02:06.902+0000] {logging_mixin.py:154} INFO - [2023-11-07T20:02:06.902+0000] {dag.py:3722} INFO - Setting next_dagrun for example_branch_dop_operator_v3 to 2023-11-07T20:01:00+00:00, run_after=2023-11-07T20:02:00+00:00
[2023-11-07T20:02:06.924+0000] {processor.py:179} INFO - Processing /usr/local/lib/python3.10/dist-packages/airflow/example_dags/example_branch_python_dop_operator_3.py took 0.080 seconds
[2023-11-07T20:02:57.581+0000] {processor.py:157} INFO - Started process (PID=5467) to work on /usr/local/lib/python3.10/dist-packages/airflow/example_dags/example_branch_python_dop_operator_3.py
[2023-11-07T20:02:57.583+0000] {processor.py:829} INFO - Processing file /usr/local/lib/python3.10/dist-packages/airflow/example_dags/example_branch_python_dop_operator_3.py for tasks to queue
[2023-11-07T20:02:57.584+0000] {logging_mixin.py:154} INFO - [2023-11-07T20:02:57.583+0000] {dagbag.py:536} INFO - Filling up the DagBag from /usr/local/lib/python3.10/dist-packages/airflow/example_dags/example_branch_python_dop_operator_3.py
[2023-11-07T20:02:57.592+0000] {processor.py:839} INFO - DAG(s) dict_keys(['example_branch_dop_operator_v3']) retrieved from /usr/local/lib/python3.10/dist-packages/airflow/example_dags/example_branch_python_dop_operator_3.py
[2023-11-07T20:02:57.615+0000] {logging_mixin.py:154} INFO - [2023-11-07T20:02:57.615+0000] {dag.py:2941} INFO - Sync 1 DAGs
[2023-11-07T20:02:57.638+0000] {logging_mixin.py:154} INFO - [2023-11-07T20:02:57.638+0000] {dag.py:3722} INFO - Setting next_dagrun for example_branch_dop_operator_v3 to 2023-11-07T20:01:00+00:00, run_after=2023-11-07T20:02:00+00:00
[2023-11-07T20:02:57.659+0000] {processor.py:179} INFO - Processing /usr/local/lib/python3.10/dist-packages/airflow/example_dags/example_branch_python_dop_operator_3.py took 0.081 seconds
[2023-11-07T20:03:47.531+0000] {processor.py:157} INFO - Started process (PID=5519) to work on /usr/local/lib/python3.10/dist-packages/airflow/example_dags/example_branch_python_dop_operator_3.py
[2023-11-07T20:03:47.532+0000] {processor.py:829} INFO - Processing file /usr/local/lib/python3.10/dist-packages/airflow/example_dags/example_branch_python_dop_operator_3.py for tasks to queue
[2023-11-07T20:03:47.533+0000] {logging_mixin.py:154} INFO - [2023-11-07T20:03:47.533+0000] {dagbag.py:536} INFO - Filling up the DagBag from /usr/local/lib/python3.10/dist-packages/airflow/example_dags/example_branch_python_dop_operator_3.py
[2023-11-07T20:03:47.542+0000] {processor.py:839} INFO - DAG(s) dict_keys(['example_branch_dop_operator_v3']) retrieved from /usr/local/lib/python3.10/dist-packages/airflow/example_dags/example_branch_python_dop_operator_3.py
[2023-11-07T20:03:47.557+0000] {logging_mixin.py:154} INFO - [2023-11-07T20:03:47.557+0000] {dag.py:2941} INFO - Sync 1 DAGs
[2023-11-07T20:03:47.584+0000] {logging_mixin.py:154} INFO - [2023-11-07T20:03:47.584+0000] {dag.py:3722} INFO - Setting next_dagrun for example_branch_dop_operator_v3 to 2023-11-07T20:02:00+00:00, run_after=2023-11-07T20:03:00+00:00
[2023-11-07T20:03:47.605+0000] {processor.py:179} INFO - Processing /usr/local/lib/python3.10/dist-packages/airflow/example_dags/example_branch_python_dop_operator_3.py took 0.077 seconds
[2023-11-07T20:04:35.302+0000] {processor.py:157} INFO - Started process (PID=5568) to work on /usr/local/lib/python3.10/dist-packages/airflow/example_dags/example_branch_python_dop_operator_3.py
[2023-11-07T20:04:35.308+0000] {processor.py:829} INFO - Processing file /usr/local/lib/python3.10/dist-packages/airflow/example_dags/example_branch_python_dop_operator_3.py for tasks to queue
[2023-11-07T20:04:35.309+0000] {logging_mixin.py:154} INFO - [2023-11-07T20:04:35.308+0000] {dagbag.py:536} INFO - Filling up the DagBag from /usr/local/lib/python3.10/dist-packages/airflow/example_dags/example_branch_python_dop_operator_3.py
[2023-11-07T20:04:35.333+0000] {processor.py:839} INFO - DAG(s) dict_keys(['example_branch_dop_operator_v3']) retrieved from /usr/local/lib/python3.10/dist-packages/airflow/example_dags/example_branch_python_dop_operator_3.py
[2023-11-07T20:04:35.368+0000] {logging_mixin.py:154} INFO - [2023-11-07T20:04:35.368+0000] {dag.py:2941} INFO - Sync 1 DAGs
[2023-11-07T20:04:35.403+0000] {logging_mixin.py:154} INFO - [2023-11-07T20:04:35.403+0000] {dag.py:3722} INFO - Setting next_dagrun for example_branch_dop_operator_v3 to 2023-11-07T20:03:00+00:00, run_after=2023-11-07T20:04:00+00:00
[2023-11-07T20:04:35.427+0000] {processor.py:179} INFO - Processing /usr/local/lib/python3.10/dist-packages/airflow/example_dags/example_branch_python_dop_operator_3.py took 0.128 seconds
[2023-11-07T20:05:25.101+0000] {processor.py:157} INFO - Started process (PID=5619) to work on /usr/local/lib/python3.10/dist-packages/airflow/example_dags/example_branch_python_dop_operator_3.py
[2023-11-07T20:05:25.104+0000] {processor.py:829} INFO - Processing file /usr/local/lib/python3.10/dist-packages/airflow/example_dags/example_branch_python_dop_operator_3.py for tasks to queue
[2023-11-07T20:05:25.105+0000] {logging_mixin.py:154} INFO - [2023-11-07T20:05:25.104+0000] {dagbag.py:536} INFO - Filling up the DagBag from /usr/local/lib/python3.10/dist-packages/airflow/example_dags/example_branch_python_dop_operator_3.py
[2023-11-07T20:05:25.125+0000] {processor.py:839} INFO - DAG(s) dict_keys(['example_branch_dop_operator_v3']) retrieved from /usr/local/lib/python3.10/dist-packages/airflow/example_dags/example_branch_python_dop_operator_3.py
[2023-11-07T20:05:25.143+0000] {logging_mixin.py:154} INFO - [2023-11-07T20:05:25.143+0000] {dag.py:2941} INFO - Sync 1 DAGs
[2023-11-07T20:05:25.177+0000] {logging_mixin.py:154} INFO - [2023-11-07T20:05:25.177+0000] {dag.py:3722} INFO - Setting next_dagrun for example_branch_dop_operator_v3 to 2023-11-07T20:04:00+00:00, run_after=2023-11-07T20:05:00+00:00
[2023-11-07T20:05:25.220+0000] {processor.py:179} INFO - Processing /usr/local/lib/python3.10/dist-packages/airflow/example_dags/example_branch_python_dop_operator_3.py took 0.129 seconds
[2023-11-07T20:06:14.535+0000] {processor.py:157} INFO - Started process (PID=5670) to work on /usr/local/lib/python3.10/dist-packages/airflow/example_dags/example_branch_python_dop_operator_3.py
[2023-11-07T20:06:14.537+0000] {processor.py:829} INFO - Processing file /usr/local/lib/python3.10/dist-packages/airflow/example_dags/example_branch_python_dop_operator_3.py for tasks to queue
[2023-11-07T20:06:14.538+0000] {logging_mixin.py:154} INFO - [2023-11-07T20:06:14.537+0000] {dagbag.py:536} INFO - Filling up the DagBag from /usr/local/lib/python3.10/dist-packages/airflow/example_dags/example_branch_python_dop_operator_3.py
[2023-11-07T20:06:14.547+0000] {processor.py:839} INFO - DAG(s) dict_keys(['example_branch_dop_operator_v3']) retrieved from /usr/local/lib/python3.10/dist-packages/airflow/example_dags/example_branch_python_dop_operator_3.py
[2023-11-07T20:06:14.564+0000] {logging_mixin.py:154} INFO - [2023-11-07T20:06:14.564+0000] {dag.py:2941} INFO - Sync 1 DAGs
[2023-11-07T20:06:14.587+0000] {logging_mixin.py:154} INFO - [2023-11-07T20:06:14.587+0000] {dag.py:3722} INFO - Setting next_dagrun for example_branch_dop_operator_v3 to 2023-11-07T20:05:00+00:00, run_after=2023-11-07T20:06:00+00:00
[2023-11-07T20:06:14.613+0000] {processor.py:179} INFO - Processing /usr/local/lib/python3.10/dist-packages/airflow/example_dags/example_branch_python_dop_operator_3.py took 0.081 seconds
[2023-11-07T20:07:04.649+0000] {processor.py:157} INFO - Started process (PID=5721) to work on /usr/local/lib/python3.10/dist-packages/airflow/example_dags/example_branch_python_dop_operator_3.py
[2023-11-07T20:07:04.651+0000] {processor.py:829} INFO - Processing file /usr/local/lib/python3.10/dist-packages/airflow/example_dags/example_branch_python_dop_operator_3.py for tasks to queue
[2023-11-07T20:07:04.651+0000] {logging_mixin.py:154} INFO - [2023-11-07T20:07:04.651+0000] {dagbag.py:536} INFO - Filling up the DagBag from /usr/local/lib/python3.10/dist-packages/airflow/example_dags/example_branch_python_dop_operator_3.py
[2023-11-07T20:07:04.661+0000] {processor.py:839} INFO - DAG(s) dict_keys(['example_branch_dop_operator_v3']) retrieved from /usr/local/lib/python3.10/dist-packages/airflow/example_dags/example_branch_python_dop_operator_3.py
[2023-11-07T20:07:04.680+0000] {logging_mixin.py:154} INFO - [2023-11-07T20:07:04.680+0000] {dag.py:2941} INFO - Sync 1 DAGs
[2023-11-07T20:07:04.711+0000] {logging_mixin.py:154} INFO - [2023-11-07T20:07:04.711+0000] {dag.py:3722} INFO - Setting next_dagrun for example_branch_dop_operator_v3 to 2023-11-07T20:06:00+00:00, run_after=2023-11-07T20:07:00+00:00
[2023-11-07T20:07:04.734+0000] {processor.py:179} INFO - Processing /usr/local/lib/python3.10/dist-packages/airflow/example_dags/example_branch_python_dop_operator_3.py took 0.090 seconds
[2023-11-07T20:07:54.633+0000] {processor.py:157} INFO - Started process (PID=5774) to work on /usr/local/lib/python3.10/dist-packages/airflow/example_dags/example_branch_python_dop_operator_3.py
[2023-11-07T20:07:54.635+0000] {processor.py:829} INFO - Processing file /usr/local/lib/python3.10/dist-packages/airflow/example_dags/example_branch_python_dop_operator_3.py for tasks to queue
[2023-11-07T20:07:54.636+0000] {logging_mixin.py:154} INFO - [2023-11-07T20:07:54.635+0000] {dagbag.py:536} INFO - Filling up the DagBag from /usr/local/lib/python3.10/dist-packages/airflow/example_dags/example_branch_python_dop_operator_3.py
[2023-11-07T20:07:54.647+0000] {processor.py:839} INFO - DAG(s) dict_keys(['example_branch_dop_operator_v3']) retrieved from /usr/local/lib/python3.10/dist-packages/airflow/example_dags/example_branch_python_dop_operator_3.py
[2023-11-07T20:07:54.666+0000] {logging_mixin.py:154} INFO - [2023-11-07T20:07:54.666+0000] {dag.py:2941} INFO - Sync 1 DAGs
[2023-11-07T20:07:54.696+0000] {logging_mixin.py:154} INFO - [2023-11-07T20:07:54.695+0000] {dag.py:3722} INFO - Setting next_dagrun for example_branch_dop_operator_v3 to 2023-11-07T20:06:00+00:00, run_after=2023-11-07T20:07:00+00:00
[2023-11-07T20:07:54.723+0000] {processor.py:179} INFO - Processing /usr/local/lib/python3.10/dist-packages/airflow/example_dags/example_branch_python_dop_operator_3.py took 0.093 seconds
