[2023-11-07T19:32:18.797+0000] {processor.py:157} INFO - Started process (PID=3591) to work on /usr/local/lib/python3.10/dist-packages/airflow/example_dags/example_branch_labels.py
[2023-11-07T19:32:18.798+0000] {processor.py:829} INFO - Processing file /usr/local/lib/python3.10/dist-packages/airflow/example_dags/example_branch_labels.py for tasks to queue
[2023-11-07T19:32:18.799+0000] {logging_mixin.py:154} INFO - [2023-11-07T19:32:18.799+0000] {dagbag.py:536} INFO - Filling up the DagBag from /usr/local/lib/python3.10/dist-packages/airflow/example_dags/example_branch_labels.py
[2023-11-07T19:32:18.808+0000] {processor.py:839} INFO - DAG(s) dict_keys(['example_branch_labels']) retrieved from /usr/local/lib/python3.10/dist-packages/airflow/example_dags/example_branch_labels.py
[2023-11-07T19:32:18.997+0000] {logging_mixin.py:154} INFO - [2023-11-07T19:32:18.997+0000] {manager.py:499} INFO - Created Permission View: %s
[2023-11-07T19:32:19.011+0000] {logging_mixin.py:154} INFO - [2023-11-07T19:32:19.011+0000] {manager.py:499} INFO - Created Permission View: %s
[2023-11-07T19:32:19.021+0000] {logging_mixin.py:154} INFO - [2023-11-07T19:32:19.021+0000] {manager.py:499} INFO - Created Permission View: %s
[2023-11-07T19:32:19.021+0000] {logging_mixin.py:154} INFO - [2023-11-07T19:32:19.021+0000] {dag.py:2941} INFO - Sync 1 DAGs
[2023-11-07T19:32:19.032+0000] {logging_mixin.py:154} INFO - [2023-11-07T19:32:19.031+0000] {dag.py:2963} INFO - Creating ORM DAG for example_branch_labels
[2023-11-07T19:32:19.043+0000] {logging_mixin.py:154} INFO - [2023-11-07T19:32:19.043+0000] {dag.py:3722} INFO - Setting next_dagrun for example_branch_labels to 2023-11-06T00:00:00+00:00, run_after=2023-11-07T00:00:00+00:00
[2023-11-07T19:32:19.064+0000] {processor.py:179} INFO - Processing /usr/local/lib/python3.10/dist-packages/airflow/example_dags/example_branch_labels.py took 0.270 seconds
[2023-11-07T19:33:15.856+0000] {processor.py:157} INFO - Started process (PID=3649) to work on /usr/local/lib/python3.10/dist-packages/airflow/example_dags/example_branch_labels.py
[2023-11-07T19:33:15.858+0000] {processor.py:829} INFO - Processing file /usr/local/lib/python3.10/dist-packages/airflow/example_dags/example_branch_labels.py for tasks to queue
[2023-11-07T19:33:15.860+0000] {logging_mixin.py:154} INFO - [2023-11-07T19:33:15.860+0000] {dagbag.py:536} INFO - Filling up the DagBag from /usr/local/lib/python3.10/dist-packages/airflow/example_dags/example_branch_labels.py
[2023-11-07T19:33:15.871+0000] {processor.py:839} INFO - DAG(s) dict_keys(['example_branch_labels']) retrieved from /usr/local/lib/python3.10/dist-packages/airflow/example_dags/example_branch_labels.py
[2023-11-07T19:33:15.904+0000] {logging_mixin.py:154} INFO - [2023-11-07T19:33:15.903+0000] {dag.py:2941} INFO - Sync 1 DAGs
[2023-11-07T19:33:15.935+0000] {logging_mixin.py:154} INFO - [2023-11-07T19:33:15.935+0000] {dag.py:3722} INFO - Setting next_dagrun for example_branch_labels to 2023-11-06T00:00:00+00:00, run_after=2023-11-07T00:00:00+00:00
[2023-11-07T19:33:15.971+0000] {processor.py:179} INFO - Processing /usr/local/lib/python3.10/dist-packages/airflow/example_dags/example_branch_labels.py took 0.125 seconds
[2023-11-07T19:34:02.576+0000] {processor.py:157} INFO - Started process (PID=3697) to work on /usr/local/lib/python3.10/dist-packages/airflow/example_dags/example_branch_labels.py
[2023-11-07T19:34:02.578+0000] {processor.py:829} INFO - Processing file /usr/local/lib/python3.10/dist-packages/airflow/example_dags/example_branch_labels.py for tasks to queue
[2023-11-07T19:34:02.579+0000] {logging_mixin.py:154} INFO - [2023-11-07T19:34:02.578+0000] {dagbag.py:536} INFO - Filling up the DagBag from /usr/local/lib/python3.10/dist-packages/airflow/example_dags/example_branch_labels.py
[2023-11-07T19:34:02.586+0000] {processor.py:839} INFO - DAG(s) dict_keys(['example_branch_labels']) retrieved from /usr/local/lib/python3.10/dist-packages/airflow/example_dags/example_branch_labels.py
[2023-11-07T19:34:02.608+0000] {logging_mixin.py:154} INFO - [2023-11-07T19:34:02.608+0000] {dag.py:2941} INFO - Sync 1 DAGs
[2023-11-07T19:34:02.633+0000] {logging_mixin.py:154} INFO - [2023-11-07T19:34:02.633+0000] {dag.py:3722} INFO - Setting next_dagrun for example_branch_labels to 2023-11-06T00:00:00+00:00, run_after=2023-11-07T00:00:00+00:00
[2023-11-07T19:34:02.661+0000] {processor.py:179} INFO - Processing /usr/local/lib/python3.10/dist-packages/airflow/example_dags/example_branch_labels.py took 0.087 seconds
[2023-11-07T19:34:51.082+0000] {processor.py:157} INFO - Started process (PID=3748) to work on /usr/local/lib/python3.10/dist-packages/airflow/example_dags/example_branch_labels.py
[2023-11-07T19:34:51.083+0000] {processor.py:829} INFO - Processing file /usr/local/lib/python3.10/dist-packages/airflow/example_dags/example_branch_labels.py for tasks to queue
[2023-11-07T19:34:51.084+0000] {logging_mixin.py:154} INFO - [2023-11-07T19:34:51.084+0000] {dagbag.py:536} INFO - Filling up the DagBag from /usr/local/lib/python3.10/dist-packages/airflow/example_dags/example_branch_labels.py
[2023-11-07T19:34:51.094+0000] {processor.py:839} INFO - DAG(s) dict_keys(['example_branch_labels']) retrieved from /usr/local/lib/python3.10/dist-packages/airflow/example_dags/example_branch_labels.py
[2023-11-07T19:34:51.122+0000] {logging_mixin.py:154} INFO - [2023-11-07T19:34:51.122+0000] {dag.py:2941} INFO - Sync 1 DAGs
[2023-11-07T19:34:51.151+0000] {logging_mixin.py:154} INFO - [2023-11-07T19:34:51.150+0000] {dag.py:3722} INFO - Setting next_dagrun for example_branch_labels to 2023-11-06T00:00:00+00:00, run_after=2023-11-07T00:00:00+00:00
[2023-11-07T19:34:51.194+0000] {processor.py:179} INFO - Processing /usr/local/lib/python3.10/dist-packages/airflow/example_dags/example_branch_labels.py took 0.116 seconds
[2023-11-07T19:35:34.849+0000] {processor.py:157} INFO - Started process (PID=3797) to work on /usr/local/lib/python3.10/dist-packages/airflow/example_dags/example_branch_labels.py
[2023-11-07T19:35:34.850+0000] {processor.py:829} INFO - Processing file /usr/local/lib/python3.10/dist-packages/airflow/example_dags/example_branch_labels.py for tasks to queue
[2023-11-07T19:35:34.850+0000] {logging_mixin.py:154} INFO - [2023-11-07T19:35:34.850+0000] {dagbag.py:536} INFO - Filling up the DagBag from /usr/local/lib/python3.10/dist-packages/airflow/example_dags/example_branch_labels.py
[2023-11-07T19:35:34.859+0000] {processor.py:839} INFO - DAG(s) dict_keys(['example_branch_labels']) retrieved from /usr/local/lib/python3.10/dist-packages/airflow/example_dags/example_branch_labels.py
[2023-11-07T19:35:34.877+0000] {logging_mixin.py:154} INFO - [2023-11-07T19:35:34.877+0000] {dag.py:2941} INFO - Sync 1 DAGs
[2023-11-07T19:35:34.898+0000] {logging_mixin.py:154} INFO - [2023-11-07T19:35:34.898+0000] {dag.py:3722} INFO - Setting next_dagrun for example_branch_labels to 2023-11-06T00:00:00+00:00, run_after=2023-11-07T00:00:00+00:00
[2023-11-07T19:35:34.920+0000] {processor.py:179} INFO - Processing /usr/local/lib/python3.10/dist-packages/airflow/example_dags/example_branch_labels.py took 0.075 seconds
[2023-11-07T19:36:23.488+0000] {processor.py:157} INFO - Started process (PID=3845) to work on /usr/local/lib/python3.10/dist-packages/airflow/example_dags/example_branch_labels.py
[2023-11-07T19:36:23.489+0000] {processor.py:829} INFO - Processing file /usr/local/lib/python3.10/dist-packages/airflow/example_dags/example_branch_labels.py for tasks to queue
[2023-11-07T19:36:23.490+0000] {logging_mixin.py:154} INFO - [2023-11-07T19:36:23.489+0000] {dagbag.py:536} INFO - Filling up the DagBag from /usr/local/lib/python3.10/dist-packages/airflow/example_dags/example_branch_labels.py
[2023-11-07T19:36:23.499+0000] {processor.py:839} INFO - DAG(s) dict_keys(['example_branch_labels']) retrieved from /usr/local/lib/python3.10/dist-packages/airflow/example_dags/example_branch_labels.py
[2023-11-07T19:36:23.517+0000] {logging_mixin.py:154} INFO - [2023-11-07T19:36:23.517+0000] {dag.py:2941} INFO - Sync 1 DAGs
[2023-11-07T19:36:23.538+0000] {logging_mixin.py:154} INFO - [2023-11-07T19:36:23.538+0000] {dag.py:3722} INFO - Setting next_dagrun for example_branch_labels to 2023-11-06T00:00:00+00:00, run_after=2023-11-07T00:00:00+00:00
[2023-11-07T19:36:23.560+0000] {processor.py:179} INFO - Processing /usr/local/lib/python3.10/dist-packages/airflow/example_dags/example_branch_labels.py took 0.075 seconds
[2023-11-07T19:37:14.535+0000] {processor.py:157} INFO - Started process (PID=3897) to work on /usr/local/lib/python3.10/dist-packages/airflow/example_dags/example_branch_labels.py
[2023-11-07T19:37:14.537+0000] {processor.py:829} INFO - Processing file /usr/local/lib/python3.10/dist-packages/airflow/example_dags/example_branch_labels.py for tasks to queue
[2023-11-07T19:37:14.538+0000] {logging_mixin.py:154} INFO - [2023-11-07T19:37:14.537+0000] {dagbag.py:536} INFO - Filling up the DagBag from /usr/local/lib/python3.10/dist-packages/airflow/example_dags/example_branch_labels.py
[2023-11-07T19:37:14.548+0000] {processor.py:839} INFO - DAG(s) dict_keys(['example_branch_labels']) retrieved from /usr/local/lib/python3.10/dist-packages/airflow/example_dags/example_branch_labels.py
[2023-11-07T19:37:14.566+0000] {logging_mixin.py:154} INFO - [2023-11-07T19:37:14.566+0000] {dag.py:2941} INFO - Sync 1 DAGs
[2023-11-07T19:37:14.586+0000] {logging_mixin.py:154} INFO - [2023-11-07T19:37:14.586+0000] {dag.py:3722} INFO - Setting next_dagrun for example_branch_labels to 2023-11-06T00:00:00+00:00, run_after=2023-11-07T00:00:00+00:00
[2023-11-07T19:37:14.610+0000] {processor.py:179} INFO - Processing /usr/local/lib/python3.10/dist-packages/airflow/example_dags/example_branch_labels.py took 0.077 seconds
[2023-11-07T19:38:02.635+0000] {processor.py:157} INFO - Started process (PID=3947) to work on /usr/local/lib/python3.10/dist-packages/airflow/example_dags/example_branch_labels.py
[2023-11-07T19:38:02.636+0000] {processor.py:829} INFO - Processing file /usr/local/lib/python3.10/dist-packages/airflow/example_dags/example_branch_labels.py for tasks to queue
[2023-11-07T19:38:02.637+0000] {logging_mixin.py:154} INFO - [2023-11-07T19:38:02.637+0000] {dagbag.py:536} INFO - Filling up the DagBag from /usr/local/lib/python3.10/dist-packages/airflow/example_dags/example_branch_labels.py
[2023-11-07T19:38:02.646+0000] {processor.py:839} INFO - DAG(s) dict_keys(['example_branch_labels']) retrieved from /usr/local/lib/python3.10/dist-packages/airflow/example_dags/example_branch_labels.py
[2023-11-07T19:38:02.665+0000] {logging_mixin.py:154} INFO - [2023-11-07T19:38:02.665+0000] {dag.py:2941} INFO - Sync 1 DAGs
[2023-11-07T19:38:02.686+0000] {logging_mixin.py:154} INFO - [2023-11-07T19:38:02.685+0000] {dag.py:3722} INFO - Setting next_dagrun for example_branch_labels to 2023-11-06T00:00:00+00:00, run_after=2023-11-07T00:00:00+00:00
[2023-11-07T19:38:02.709+0000] {processor.py:179} INFO - Processing /usr/local/lib/python3.10/dist-packages/airflow/example_dags/example_branch_labels.py took 0.077 seconds
[2023-11-07T19:38:52.009+0000] {processor.py:157} INFO - Started process (PID=3998) to work on /usr/local/lib/python3.10/dist-packages/airflow/example_dags/example_branch_labels.py
[2023-11-07T19:38:52.010+0000] {processor.py:829} INFO - Processing file /usr/local/lib/python3.10/dist-packages/airflow/example_dags/example_branch_labels.py for tasks to queue
[2023-11-07T19:38:52.011+0000] {logging_mixin.py:154} INFO - [2023-11-07T19:38:52.011+0000] {dagbag.py:536} INFO - Filling up the DagBag from /usr/local/lib/python3.10/dist-packages/airflow/example_dags/example_branch_labels.py
[2023-11-07T19:38:52.020+0000] {processor.py:839} INFO - DAG(s) dict_keys(['example_branch_labels']) retrieved from /usr/local/lib/python3.10/dist-packages/airflow/example_dags/example_branch_labels.py
[2023-11-07T19:38:52.040+0000] {logging_mixin.py:154} INFO - [2023-11-07T19:38:52.040+0000] {dag.py:2941} INFO - Sync 1 DAGs
[2023-11-07T19:38:52.062+0000] {logging_mixin.py:154} INFO - [2023-11-07T19:38:52.062+0000] {dag.py:3722} INFO - Setting next_dagrun for example_branch_labels to 2023-11-06T00:00:00+00:00, run_after=2023-11-07T00:00:00+00:00
[2023-11-07T19:38:52.084+0000] {processor.py:179} INFO - Processing /usr/local/lib/python3.10/dist-packages/airflow/example_dags/example_branch_labels.py took 0.078 seconds
[2023-11-07T19:39:52.611+0000] {processor.py:157} INFO - Started process (PID=4061) to work on /usr/local/lib/python3.10/dist-packages/airflow/example_dags/example_branch_labels.py
[2023-11-07T19:39:52.615+0000] {processor.py:829} INFO - Processing file /usr/local/lib/python3.10/dist-packages/airflow/example_dags/example_branch_labels.py for tasks to queue
[2023-11-07T19:39:52.618+0000] {logging_mixin.py:154} INFO - [2023-11-07T19:39:52.618+0000] {dagbag.py:536} INFO - Filling up the DagBag from /usr/local/lib/python3.10/dist-packages/airflow/example_dags/example_branch_labels.py
[2023-11-07T19:39:52.630+0000] {processor.py:839} INFO - DAG(s) dict_keys(['example_branch_labels']) retrieved from /usr/local/lib/python3.10/dist-packages/airflow/example_dags/example_branch_labels.py
[2023-11-07T19:39:52.670+0000] {logging_mixin.py:154} INFO - [2023-11-07T19:39:52.670+0000] {dag.py:2941} INFO - Sync 1 DAGs
[2023-11-07T19:39:52.699+0000] {logging_mixin.py:154} INFO - [2023-11-07T19:39:52.699+0000] {dag.py:3722} INFO - Setting next_dagrun for example_branch_labels to 2023-11-06T00:00:00+00:00, run_after=2023-11-07T00:00:00+00:00
[2023-11-07T19:39:52.720+0000] {processor.py:179} INFO - Processing /usr/local/lib/python3.10/dist-packages/airflow/example_dags/example_branch_labels.py took 0.114 seconds
[2023-11-07T19:40:44.653+0000] {processor.py:157} INFO - Started process (PID=4115) to work on /usr/local/lib/python3.10/dist-packages/airflow/example_dags/example_branch_labels.py
[2023-11-07T19:40:44.654+0000] {processor.py:829} INFO - Processing file /usr/local/lib/python3.10/dist-packages/airflow/example_dags/example_branch_labels.py for tasks to queue
[2023-11-07T19:40:44.655+0000] {logging_mixin.py:154} INFO - [2023-11-07T19:40:44.654+0000] {dagbag.py:536} INFO - Filling up the DagBag from /usr/local/lib/python3.10/dist-packages/airflow/example_dags/example_branch_labels.py
[2023-11-07T19:40:44.663+0000] {processor.py:839} INFO - DAG(s) dict_keys(['example_branch_labels']) retrieved from /usr/local/lib/python3.10/dist-packages/airflow/example_dags/example_branch_labels.py
[2023-11-07T19:40:44.685+0000] {logging_mixin.py:154} INFO - [2023-11-07T19:40:44.685+0000] {dag.py:2941} INFO - Sync 1 DAGs
[2023-11-07T19:40:44.706+0000] {logging_mixin.py:154} INFO - [2023-11-07T19:40:44.706+0000] {dag.py:3722} INFO - Setting next_dagrun for example_branch_labels to 2023-11-06T00:00:00+00:00, run_after=2023-11-07T00:00:00+00:00
[2023-11-07T19:40:44.751+0000] {processor.py:179} INFO - Processing /usr/local/lib/python3.10/dist-packages/airflow/example_dags/example_branch_labels.py took 0.102 seconds
[2023-11-07T19:41:36.238+0000] {processor.py:157} INFO - Started process (PID=4167) to work on /usr/local/lib/python3.10/dist-packages/airflow/example_dags/example_branch_labels.py
[2023-11-07T19:41:36.239+0000] {processor.py:829} INFO - Processing file /usr/local/lib/python3.10/dist-packages/airflow/example_dags/example_branch_labels.py for tasks to queue
[2023-11-07T19:41:36.240+0000] {logging_mixin.py:154} INFO - [2023-11-07T19:41:36.239+0000] {dagbag.py:536} INFO - Filling up the DagBag from /usr/local/lib/python3.10/dist-packages/airflow/example_dags/example_branch_labels.py
[2023-11-07T19:41:36.259+0000] {processor.py:839} INFO - DAG(s) dict_keys(['example_branch_labels']) retrieved from /usr/local/lib/python3.10/dist-packages/airflow/example_dags/example_branch_labels.py
[2023-11-07T19:41:36.292+0000] {logging_mixin.py:154} INFO - [2023-11-07T19:41:36.291+0000] {dag.py:2941} INFO - Sync 1 DAGs
[2023-11-07T19:41:36.320+0000] {logging_mixin.py:154} INFO - [2023-11-07T19:41:36.320+0000] {dag.py:3722} INFO - Setting next_dagrun for example_branch_labels to 2023-11-06T00:00:00+00:00, run_after=2023-11-07T00:00:00+00:00
[2023-11-07T19:41:36.352+0000] {processor.py:179} INFO - Processing /usr/local/lib/python3.10/dist-packages/airflow/example_dags/example_branch_labels.py took 0.118 seconds
[2023-11-07T19:42:23.519+0000] {processor.py:157} INFO - Started process (PID=4216) to work on /usr/local/lib/python3.10/dist-packages/airflow/example_dags/example_branch_labels.py
[2023-11-07T19:42:23.520+0000] {processor.py:829} INFO - Processing file /usr/local/lib/python3.10/dist-packages/airflow/example_dags/example_branch_labels.py for tasks to queue
[2023-11-07T19:42:23.521+0000] {logging_mixin.py:154} INFO - [2023-11-07T19:42:23.520+0000] {dagbag.py:536} INFO - Filling up the DagBag from /usr/local/lib/python3.10/dist-packages/airflow/example_dags/example_branch_labels.py
[2023-11-07T19:42:23.529+0000] {processor.py:839} INFO - DAG(s) dict_keys(['example_branch_labels']) retrieved from /usr/local/lib/python3.10/dist-packages/airflow/example_dags/example_branch_labels.py
[2023-11-07T19:42:23.546+0000] {logging_mixin.py:154} INFO - [2023-11-07T19:42:23.546+0000] {dag.py:2941} INFO - Sync 1 DAGs
[2023-11-07T19:42:23.566+0000] {logging_mixin.py:154} INFO - [2023-11-07T19:42:23.566+0000] {dag.py:3722} INFO - Setting next_dagrun for example_branch_labels to 2023-11-06T00:00:00+00:00, run_after=2023-11-07T00:00:00+00:00
[2023-11-07T19:42:23.586+0000] {processor.py:179} INFO - Processing /usr/local/lib/python3.10/dist-packages/airflow/example_dags/example_branch_labels.py took 0.070 seconds
[2023-11-07T19:43:13.054+0000] {processor.py:157} INFO - Started process (PID=4266) to work on /usr/local/lib/python3.10/dist-packages/airflow/example_dags/example_branch_labels.py
[2023-11-07T19:43:13.055+0000] {processor.py:829} INFO - Processing file /usr/local/lib/python3.10/dist-packages/airflow/example_dags/example_branch_labels.py for tasks to queue
[2023-11-07T19:43:13.056+0000] {logging_mixin.py:154} INFO - [2023-11-07T19:43:13.055+0000] {dagbag.py:536} INFO - Filling up the DagBag from /usr/local/lib/python3.10/dist-packages/airflow/example_dags/example_branch_labels.py
[2023-11-07T19:43:13.064+0000] {processor.py:839} INFO - DAG(s) dict_keys(['example_branch_labels']) retrieved from /usr/local/lib/python3.10/dist-packages/airflow/example_dags/example_branch_labels.py
[2023-11-07T19:43:13.081+0000] {logging_mixin.py:154} INFO - [2023-11-07T19:43:13.081+0000] {dag.py:2941} INFO - Sync 1 DAGs
[2023-11-07T19:43:13.104+0000] {logging_mixin.py:154} INFO - [2023-11-07T19:43:13.104+0000] {dag.py:3722} INFO - Setting next_dagrun for example_branch_labels to 2023-11-06T00:00:00+00:00, run_after=2023-11-07T00:00:00+00:00
[2023-11-07T19:43:13.126+0000] {processor.py:179} INFO - Processing /usr/local/lib/python3.10/dist-packages/airflow/example_dags/example_branch_labels.py took 0.075 seconds
[2023-11-07T19:44:02.415+0000] {processor.py:157} INFO - Started process (PID=4318) to work on /usr/local/lib/python3.10/dist-packages/airflow/example_dags/example_branch_labels.py
[2023-11-07T19:44:02.416+0000] {processor.py:829} INFO - Processing file /usr/local/lib/python3.10/dist-packages/airflow/example_dags/example_branch_labels.py for tasks to queue
[2023-11-07T19:44:02.417+0000] {logging_mixin.py:154} INFO - [2023-11-07T19:44:02.416+0000] {dagbag.py:536} INFO - Filling up the DagBag from /usr/local/lib/python3.10/dist-packages/airflow/example_dags/example_branch_labels.py
[2023-11-07T19:44:02.432+0000] {processor.py:839} INFO - DAG(s) dict_keys(['example_branch_labels']) retrieved from /usr/local/lib/python3.10/dist-packages/airflow/example_dags/example_branch_labels.py
[2023-11-07T19:44:02.470+0000] {logging_mixin.py:154} INFO - [2023-11-07T19:44:02.470+0000] {dag.py:2941} INFO - Sync 1 DAGs
[2023-11-07T19:44:02.494+0000] {logging_mixin.py:154} INFO - [2023-11-07T19:44:02.494+0000] {dag.py:3722} INFO - Setting next_dagrun for example_branch_labels to 2023-11-06T00:00:00+00:00, run_after=2023-11-07T00:00:00+00:00
[2023-11-07T19:44:02.529+0000] {processor.py:179} INFO - Processing /usr/local/lib/python3.10/dist-packages/airflow/example_dags/example_branch_labels.py took 0.118 seconds
[2023-11-07T19:44:54.446+0000] {processor.py:157} INFO - Started process (PID=4369) to work on /usr/local/lib/python3.10/dist-packages/airflow/example_dags/example_branch_labels.py
[2023-11-07T19:44:54.447+0000] {processor.py:829} INFO - Processing file /usr/local/lib/python3.10/dist-packages/airflow/example_dags/example_branch_labels.py for tasks to queue
[2023-11-07T19:44:54.448+0000] {logging_mixin.py:154} INFO - [2023-11-07T19:44:54.447+0000] {dagbag.py:536} INFO - Filling up the DagBag from /usr/local/lib/python3.10/dist-packages/airflow/example_dags/example_branch_labels.py
[2023-11-07T19:44:54.456+0000] {processor.py:839} INFO - DAG(s) dict_keys(['example_branch_labels']) retrieved from /usr/local/lib/python3.10/dist-packages/airflow/example_dags/example_branch_labels.py
[2023-11-07T19:44:54.474+0000] {logging_mixin.py:154} INFO - [2023-11-07T19:44:54.474+0000] {dag.py:2941} INFO - Sync 1 DAGs
[2023-11-07T19:44:54.500+0000] {logging_mixin.py:154} INFO - [2023-11-07T19:44:54.500+0000] {dag.py:3722} INFO - Setting next_dagrun for example_branch_labels to 2023-11-06T00:00:00+00:00, run_after=2023-11-07T00:00:00+00:00
[2023-11-07T19:44:54.522+0000] {processor.py:179} INFO - Processing /usr/local/lib/python3.10/dist-packages/airflow/example_dags/example_branch_labels.py took 0.080 seconds
[2023-11-07T19:45:49.143+0000] {processor.py:157} INFO - Started process (PID=4423) to work on /usr/local/lib/python3.10/dist-packages/airflow/example_dags/example_branch_labels.py
[2023-11-07T19:45:49.145+0000] {processor.py:829} INFO - Processing file /usr/local/lib/python3.10/dist-packages/airflow/example_dags/example_branch_labels.py for tasks to queue
[2023-11-07T19:45:49.146+0000] {logging_mixin.py:154} INFO - [2023-11-07T19:45:49.145+0000] {dagbag.py:536} INFO - Filling up the DagBag from /usr/local/lib/python3.10/dist-packages/airflow/example_dags/example_branch_labels.py
[2023-11-07T19:45:49.153+0000] {processor.py:839} INFO - DAG(s) dict_keys(['example_branch_labels']) retrieved from /usr/local/lib/python3.10/dist-packages/airflow/example_dags/example_branch_labels.py
[2023-11-07T19:45:49.173+0000] {logging_mixin.py:154} INFO - [2023-11-07T19:45:49.173+0000] {dag.py:2941} INFO - Sync 1 DAGs
[2023-11-07T19:45:49.194+0000] {logging_mixin.py:154} INFO - [2023-11-07T19:45:49.194+0000] {dag.py:3722} INFO - Setting next_dagrun for example_branch_labels to 2023-11-06T00:00:00+00:00, run_after=2023-11-07T00:00:00+00:00
[2023-11-07T19:45:49.216+0000] {processor.py:179} INFO - Processing /usr/local/lib/python3.10/dist-packages/airflow/example_dags/example_branch_labels.py took 0.076 seconds
[2023-11-07T19:46:41.510+0000] {processor.py:157} INFO - Started process (PID=4476) to work on /usr/local/lib/python3.10/dist-packages/airflow/example_dags/example_branch_labels.py
[2023-11-07T19:46:41.512+0000] {processor.py:829} INFO - Processing file /usr/local/lib/python3.10/dist-packages/airflow/example_dags/example_branch_labels.py for tasks to queue
[2023-11-07T19:46:41.512+0000] {logging_mixin.py:154} INFO - [2023-11-07T19:46:41.512+0000] {dagbag.py:536} INFO - Filling up the DagBag from /usr/local/lib/python3.10/dist-packages/airflow/example_dags/example_branch_labels.py
[2023-11-07T19:46:41.521+0000] {processor.py:839} INFO - DAG(s) dict_keys(['example_branch_labels']) retrieved from /usr/local/lib/python3.10/dist-packages/airflow/example_dags/example_branch_labels.py
[2023-11-07T19:46:41.541+0000] {logging_mixin.py:154} INFO - [2023-11-07T19:46:41.541+0000] {dag.py:2941} INFO - Sync 1 DAGs
[2023-11-07T19:46:41.562+0000] {logging_mixin.py:154} INFO - [2023-11-07T19:46:41.562+0000] {dag.py:3722} INFO - Setting next_dagrun for example_branch_labels to 2023-11-06T00:00:00+00:00, run_after=2023-11-07T00:00:00+00:00
[2023-11-07T19:46:41.585+0000] {processor.py:179} INFO - Processing /usr/local/lib/python3.10/dist-packages/airflow/example_dags/example_branch_labels.py took 0.079 seconds
[2023-11-07T19:47:34.731+0000] {processor.py:157} INFO - Started process (PID=4530) to work on /usr/local/lib/python3.10/dist-packages/airflow/example_dags/example_branch_labels.py
[2023-11-07T19:47:34.736+0000] {processor.py:829} INFO - Processing file /usr/local/lib/python3.10/dist-packages/airflow/example_dags/example_branch_labels.py for tasks to queue
[2023-11-07T19:47:34.738+0000] {logging_mixin.py:154} INFO - [2023-11-07T19:47:34.738+0000] {dagbag.py:536} INFO - Filling up the DagBag from /usr/local/lib/python3.10/dist-packages/airflow/example_dags/example_branch_labels.py
[2023-11-07T19:47:34.748+0000] {processor.py:839} INFO - DAG(s) dict_keys(['example_branch_labels']) retrieved from /usr/local/lib/python3.10/dist-packages/airflow/example_dags/example_branch_labels.py
[2023-11-07T19:47:34.771+0000] {logging_mixin.py:154} INFO - [2023-11-07T19:47:34.770+0000] {dag.py:2941} INFO - Sync 1 DAGs
[2023-11-07T19:47:34.794+0000] {logging_mixin.py:154} INFO - [2023-11-07T19:47:34.794+0000] {dag.py:3722} INFO - Setting next_dagrun for example_branch_labels to 2023-11-06T00:00:00+00:00, run_after=2023-11-07T00:00:00+00:00
[2023-11-07T19:47:34.832+0000] {processor.py:179} INFO - Processing /usr/local/lib/python3.10/dist-packages/airflow/example_dags/example_branch_labels.py took 0.104 seconds
[2023-11-07T19:48:24.439+0000] {processor.py:157} INFO - Started process (PID=4580) to work on /usr/local/lib/python3.10/dist-packages/airflow/example_dags/example_branch_labels.py
[2023-11-07T19:48:24.440+0000] {processor.py:829} INFO - Processing file /usr/local/lib/python3.10/dist-packages/airflow/example_dags/example_branch_labels.py for tasks to queue
[2023-11-07T19:48:24.441+0000] {logging_mixin.py:154} INFO - [2023-11-07T19:48:24.440+0000] {dagbag.py:536} INFO - Filling up the DagBag from /usr/local/lib/python3.10/dist-packages/airflow/example_dags/example_branch_labels.py
[2023-11-07T19:48:24.448+0000] {processor.py:839} INFO - DAG(s) dict_keys(['example_branch_labels']) retrieved from /usr/local/lib/python3.10/dist-packages/airflow/example_dags/example_branch_labels.py
[2023-11-07T19:48:24.466+0000] {logging_mixin.py:154} INFO - [2023-11-07T19:48:24.466+0000] {dag.py:2941} INFO - Sync 1 DAGs
[2023-11-07T19:48:24.486+0000] {logging_mixin.py:154} INFO - [2023-11-07T19:48:24.486+0000] {dag.py:3722} INFO - Setting next_dagrun for example_branch_labels to 2023-11-06T00:00:00+00:00, run_after=2023-11-07T00:00:00+00:00
[2023-11-07T19:48:24.506+0000] {processor.py:179} INFO - Processing /usr/local/lib/python3.10/dist-packages/airflow/example_dags/example_branch_labels.py took 0.070 seconds
[2023-11-07T19:49:13.427+0000] {processor.py:157} INFO - Started process (PID=4632) to work on /usr/local/lib/python3.10/dist-packages/airflow/example_dags/example_branch_labels.py
[2023-11-07T19:49:13.428+0000] {processor.py:829} INFO - Processing file /usr/local/lib/python3.10/dist-packages/airflow/example_dags/example_branch_labels.py for tasks to queue
[2023-11-07T19:49:13.429+0000] {logging_mixin.py:154} INFO - [2023-11-07T19:49:13.429+0000] {dagbag.py:536} INFO - Filling up the DagBag from /usr/local/lib/python3.10/dist-packages/airflow/example_dags/example_branch_labels.py
[2023-11-07T19:49:13.438+0000] {processor.py:839} INFO - DAG(s) dict_keys(['example_branch_labels']) retrieved from /usr/local/lib/python3.10/dist-packages/airflow/example_dags/example_branch_labels.py
[2023-11-07T19:49:13.460+0000] {logging_mixin.py:154} INFO - [2023-11-07T19:49:13.460+0000] {dag.py:2941} INFO - Sync 1 DAGs
[2023-11-07T19:49:13.485+0000] {logging_mixin.py:154} INFO - [2023-11-07T19:49:13.485+0000] {dag.py:3722} INFO - Setting next_dagrun for example_branch_labels to 2023-11-06T00:00:00+00:00, run_after=2023-11-07T00:00:00+00:00
[2023-11-07T19:49:13.510+0000] {processor.py:179} INFO - Processing /usr/local/lib/python3.10/dist-packages/airflow/example_dags/example_branch_labels.py took 0.087 seconds
[2023-11-07T19:50:00.002+0000] {processor.py:157} INFO - Started process (PID=4680) to work on /usr/local/lib/python3.10/dist-packages/airflow/example_dags/example_branch_labels.py
[2023-11-07T19:50:00.003+0000] {processor.py:829} INFO - Processing file /usr/local/lib/python3.10/dist-packages/airflow/example_dags/example_branch_labels.py for tasks to queue
[2023-11-07T19:50:00.004+0000] {logging_mixin.py:154} INFO - [2023-11-07T19:50:00.004+0000] {dagbag.py:536} INFO - Filling up the DagBag from /usr/local/lib/python3.10/dist-packages/airflow/example_dags/example_branch_labels.py
[2023-11-07T19:50:00.013+0000] {processor.py:839} INFO - DAG(s) dict_keys(['example_branch_labels']) retrieved from /usr/local/lib/python3.10/dist-packages/airflow/example_dags/example_branch_labels.py
[2023-11-07T19:50:00.038+0000] {logging_mixin.py:154} INFO - [2023-11-07T19:50:00.038+0000] {dag.py:2941} INFO - Sync 1 DAGs
[2023-11-07T19:50:00.083+0000] {logging_mixin.py:154} INFO - [2023-11-07T19:50:00.083+0000] {dag.py:3722} INFO - Setting next_dagrun for example_branch_labels to 2023-11-06T00:00:00+00:00, run_after=2023-11-07T00:00:00+00:00
[2023-11-07T19:50:00.105+0000] {processor.py:179} INFO - Processing /usr/local/lib/python3.10/dist-packages/airflow/example_dags/example_branch_labels.py took 0.108 seconds
[2023-11-07T19:50:50.300+0000] {processor.py:157} INFO - Started process (PID=4731) to work on /usr/local/lib/python3.10/dist-packages/airflow/example_dags/example_branch_labels.py
[2023-11-07T19:50:50.301+0000] {processor.py:829} INFO - Processing file /usr/local/lib/python3.10/dist-packages/airflow/example_dags/example_branch_labels.py for tasks to queue
[2023-11-07T19:50:50.302+0000] {logging_mixin.py:154} INFO - [2023-11-07T19:50:50.301+0000] {dagbag.py:536} INFO - Filling up the DagBag from /usr/local/lib/python3.10/dist-packages/airflow/example_dags/example_branch_labels.py
[2023-11-07T19:50:50.311+0000] {processor.py:839} INFO - DAG(s) dict_keys(['example_branch_labels']) retrieved from /usr/local/lib/python3.10/dist-packages/airflow/example_dags/example_branch_labels.py
[2023-11-07T19:50:50.329+0000] {logging_mixin.py:154} INFO - [2023-11-07T19:50:50.329+0000] {dag.py:2941} INFO - Sync 1 DAGs
[2023-11-07T19:50:50.349+0000] {logging_mixin.py:154} INFO - [2023-11-07T19:50:50.349+0000] {dag.py:3722} INFO - Setting next_dagrun for example_branch_labels to 2023-11-06T00:00:00+00:00, run_after=2023-11-07T00:00:00+00:00
[2023-11-07T19:50:50.378+0000] {processor.py:179} INFO - Processing /usr/local/lib/python3.10/dist-packages/airflow/example_dags/example_branch_labels.py took 0.081 seconds
[2023-11-07T19:51:40.454+0000] {processor.py:157} INFO - Started process (PID=4783) to work on /usr/local/lib/python3.10/dist-packages/airflow/example_dags/example_branch_labels.py
[2023-11-07T19:51:40.455+0000] {processor.py:829} INFO - Processing file /usr/local/lib/python3.10/dist-packages/airflow/example_dags/example_branch_labels.py for tasks to queue
[2023-11-07T19:51:40.456+0000] {logging_mixin.py:154} INFO - [2023-11-07T19:51:40.456+0000] {dagbag.py:536} INFO - Filling up the DagBag from /usr/local/lib/python3.10/dist-packages/airflow/example_dags/example_branch_labels.py
[2023-11-07T19:51:40.464+0000] {processor.py:839} INFO - DAG(s) dict_keys(['example_branch_labels']) retrieved from /usr/local/lib/python3.10/dist-packages/airflow/example_dags/example_branch_labels.py
[2023-11-07T19:51:40.487+0000] {logging_mixin.py:154} INFO - [2023-11-07T19:51:40.486+0000] {dag.py:2941} INFO - Sync 1 DAGs
[2023-11-07T19:51:40.512+0000] {logging_mixin.py:154} INFO - [2023-11-07T19:51:40.512+0000] {dag.py:3722} INFO - Setting next_dagrun for example_branch_labels to 2023-11-06T00:00:00+00:00, run_after=2023-11-07T00:00:00+00:00
[2023-11-07T19:51:40.535+0000] {processor.py:179} INFO - Processing /usr/local/lib/python3.10/dist-packages/airflow/example_dags/example_branch_labels.py took 0.084 seconds
[2023-11-07T19:52:33.415+0000] {processor.py:157} INFO - Started process (PID=4836) to work on /usr/local/lib/python3.10/dist-packages/airflow/example_dags/example_branch_labels.py
[2023-11-07T19:52:33.417+0000] {processor.py:829} INFO - Processing file /usr/local/lib/python3.10/dist-packages/airflow/example_dags/example_branch_labels.py for tasks to queue
[2023-11-07T19:52:33.417+0000] {logging_mixin.py:154} INFO - [2023-11-07T19:52:33.417+0000] {dagbag.py:536} INFO - Filling up the DagBag from /usr/local/lib/python3.10/dist-packages/airflow/example_dags/example_branch_labels.py
[2023-11-07T19:52:33.425+0000] {processor.py:839} INFO - DAG(s) dict_keys(['example_branch_labels']) retrieved from /usr/local/lib/python3.10/dist-packages/airflow/example_dags/example_branch_labels.py
[2023-11-07T19:52:33.445+0000] {logging_mixin.py:154} INFO - [2023-11-07T19:52:33.445+0000] {dag.py:2941} INFO - Sync 1 DAGs
[2023-11-07T19:52:33.466+0000] {logging_mixin.py:154} INFO - [2023-11-07T19:52:33.466+0000] {dag.py:3722} INFO - Setting next_dagrun for example_branch_labels to 2023-11-06T00:00:00+00:00, run_after=2023-11-07T00:00:00+00:00
[2023-11-07T19:52:33.487+0000] {processor.py:179} INFO - Processing /usr/local/lib/python3.10/dist-packages/airflow/example_dags/example_branch_labels.py took 0.080 seconds
[2023-11-07T19:53:25.967+0000] {processor.py:157} INFO - Started process (PID=4889) to work on /usr/local/lib/python3.10/dist-packages/airflow/example_dags/example_branch_labels.py
[2023-11-07T19:53:25.969+0000] {processor.py:829} INFO - Processing file /usr/local/lib/python3.10/dist-packages/airflow/example_dags/example_branch_labels.py for tasks to queue
[2023-11-07T19:53:25.970+0000] {logging_mixin.py:154} INFO - [2023-11-07T19:53:25.970+0000] {dagbag.py:536} INFO - Filling up the DagBag from /usr/local/lib/python3.10/dist-packages/airflow/example_dags/example_branch_labels.py
[2023-11-07T19:53:25.979+0000] {processor.py:839} INFO - DAG(s) dict_keys(['example_branch_labels']) retrieved from /usr/local/lib/python3.10/dist-packages/airflow/example_dags/example_branch_labels.py
[2023-11-07T19:53:26.004+0000] {logging_mixin.py:154} INFO - [2023-11-07T19:53:26.003+0000] {dag.py:2941} INFO - Sync 1 DAGs
[2023-11-07T19:53:26.038+0000] {logging_mixin.py:154} INFO - [2023-11-07T19:53:26.038+0000] {dag.py:3722} INFO - Setting next_dagrun for example_branch_labels to 2023-11-06T00:00:00+00:00, run_after=2023-11-07T00:00:00+00:00
[2023-11-07T19:53:26.063+0000] {processor.py:179} INFO - Processing /usr/local/lib/python3.10/dist-packages/airflow/example_dags/example_branch_labels.py took 0.100 seconds
[2023-11-07T19:54:19.034+0000] {processor.py:157} INFO - Started process (PID=4942) to work on /usr/local/lib/python3.10/dist-packages/airflow/example_dags/example_branch_labels.py
[2023-11-07T19:54:19.035+0000] {processor.py:829} INFO - Processing file /usr/local/lib/python3.10/dist-packages/airflow/example_dags/example_branch_labels.py for tasks to queue
[2023-11-07T19:54:19.036+0000] {logging_mixin.py:154} INFO - [2023-11-07T19:54:19.035+0000] {dagbag.py:536} INFO - Filling up the DagBag from /usr/local/lib/python3.10/dist-packages/airflow/example_dags/example_branch_labels.py
[2023-11-07T19:54:19.044+0000] {processor.py:839} INFO - DAG(s) dict_keys(['example_branch_labels']) retrieved from /usr/local/lib/python3.10/dist-packages/airflow/example_dags/example_branch_labels.py
[2023-11-07T19:54:19.061+0000] {logging_mixin.py:154} INFO - [2023-11-07T19:54:19.061+0000] {dag.py:2941} INFO - Sync 1 DAGs
[2023-11-07T19:54:19.097+0000] {logging_mixin.py:154} INFO - [2023-11-07T19:54:19.096+0000] {dag.py:3722} INFO - Setting next_dagrun for example_branch_labels to 2023-11-06T00:00:00+00:00, run_after=2023-11-07T00:00:00+00:00
[2023-11-07T19:54:19.118+0000] {processor.py:179} INFO - Processing /usr/local/lib/python3.10/dist-packages/airflow/example_dags/example_branch_labels.py took 0.088 seconds
[2023-11-07T19:55:10.085+0000] {processor.py:157} INFO - Started process (PID=4994) to work on /usr/local/lib/python3.10/dist-packages/airflow/example_dags/example_branch_labels.py
[2023-11-07T19:55:10.087+0000] {processor.py:829} INFO - Processing file /usr/local/lib/python3.10/dist-packages/airflow/example_dags/example_branch_labels.py for tasks to queue
[2023-11-07T19:55:10.088+0000] {logging_mixin.py:154} INFO - [2023-11-07T19:55:10.087+0000] {dagbag.py:536} INFO - Filling up the DagBag from /usr/local/lib/python3.10/dist-packages/airflow/example_dags/example_branch_labels.py
[2023-11-07T19:55:10.098+0000] {processor.py:839} INFO - DAG(s) dict_keys(['example_branch_labels']) retrieved from /usr/local/lib/python3.10/dist-packages/airflow/example_dags/example_branch_labels.py
[2023-11-07T19:55:10.119+0000] {logging_mixin.py:154} INFO - [2023-11-07T19:55:10.119+0000] {dag.py:2941} INFO - Sync 1 DAGs
[2023-11-07T19:55:10.144+0000] {logging_mixin.py:154} INFO - [2023-11-07T19:55:10.144+0000] {dag.py:3722} INFO - Setting next_dagrun for example_branch_labels to 2023-11-06T00:00:00+00:00, run_after=2023-11-07T00:00:00+00:00
[2023-11-07T19:55:10.168+0000] {processor.py:179} INFO - Processing /usr/local/lib/python3.10/dist-packages/airflow/example_dags/example_branch_labels.py took 0.087 seconds
[2023-11-07T19:56:03.870+0000] {processor.py:157} INFO - Started process (PID=5047) to work on /usr/local/lib/python3.10/dist-packages/airflow/example_dags/example_branch_labels.py
[2023-11-07T19:56:03.871+0000] {processor.py:829} INFO - Processing file /usr/local/lib/python3.10/dist-packages/airflow/example_dags/example_branch_labels.py for tasks to queue
[2023-11-07T19:56:03.872+0000] {logging_mixin.py:154} INFO - [2023-11-07T19:56:03.872+0000] {dagbag.py:536} INFO - Filling up the DagBag from /usr/local/lib/python3.10/dist-packages/airflow/example_dags/example_branch_labels.py
[2023-11-07T19:56:03.880+0000] {processor.py:839} INFO - DAG(s) dict_keys(['example_branch_labels']) retrieved from /usr/local/lib/python3.10/dist-packages/airflow/example_dags/example_branch_labels.py
[2023-11-07T19:56:03.902+0000] {logging_mixin.py:154} INFO - [2023-11-07T19:56:03.902+0000] {dag.py:2941} INFO - Sync 1 DAGs
[2023-11-07T19:56:03.933+0000] {logging_mixin.py:154} INFO - [2023-11-07T19:56:03.933+0000] {dag.py:3722} INFO - Setting next_dagrun for example_branch_labels to 2023-11-06T00:00:00+00:00, run_after=2023-11-07T00:00:00+00:00
[2023-11-07T19:56:03.956+0000] {processor.py:179} INFO - Processing /usr/local/lib/python3.10/dist-packages/airflow/example_dags/example_branch_labels.py took 0.089 seconds
[2023-11-07T19:56:57.048+0000] {processor.py:157} INFO - Started process (PID=5100) to work on /usr/local/lib/python3.10/dist-packages/airflow/example_dags/example_branch_labels.py
[2023-11-07T19:56:57.049+0000] {processor.py:829} INFO - Processing file /usr/local/lib/python3.10/dist-packages/airflow/example_dags/example_branch_labels.py for tasks to queue
[2023-11-07T19:56:57.050+0000] {logging_mixin.py:154} INFO - [2023-11-07T19:56:57.049+0000] {dagbag.py:536} INFO - Filling up the DagBag from /usr/local/lib/python3.10/dist-packages/airflow/example_dags/example_branch_labels.py
[2023-11-07T19:56:57.057+0000] {processor.py:839} INFO - DAG(s) dict_keys(['example_branch_labels']) retrieved from /usr/local/lib/python3.10/dist-packages/airflow/example_dags/example_branch_labels.py
[2023-11-07T19:56:57.078+0000] {logging_mixin.py:154} INFO - [2023-11-07T19:56:57.078+0000] {dag.py:2941} INFO - Sync 1 DAGs
[2023-11-07T19:56:57.101+0000] {logging_mixin.py:154} INFO - [2023-11-07T19:56:57.101+0000] {dag.py:3722} INFO - Setting next_dagrun for example_branch_labels to 2023-11-06T00:00:00+00:00, run_after=2023-11-07T00:00:00+00:00
[2023-11-07T19:56:57.122+0000] {processor.py:179} INFO - Processing /usr/local/lib/python3.10/dist-packages/airflow/example_dags/example_branch_labels.py took 0.077 seconds
[2023-11-07T19:57:51.136+0000] {processor.py:157} INFO - Started process (PID=5153) to work on /usr/local/lib/python3.10/dist-packages/airflow/example_dags/example_branch_labels.py
[2023-11-07T19:57:51.137+0000] {processor.py:829} INFO - Processing file /usr/local/lib/python3.10/dist-packages/airflow/example_dags/example_branch_labels.py for tasks to queue
[2023-11-07T19:57:51.138+0000] {logging_mixin.py:154} INFO - [2023-11-07T19:57:51.138+0000] {dagbag.py:536} INFO - Filling up the DagBag from /usr/local/lib/python3.10/dist-packages/airflow/example_dags/example_branch_labels.py
[2023-11-07T19:57:51.146+0000] {processor.py:839} INFO - DAG(s) dict_keys(['example_branch_labels']) retrieved from /usr/local/lib/python3.10/dist-packages/airflow/example_dags/example_branch_labels.py
[2023-11-07T19:57:51.165+0000] {logging_mixin.py:154} INFO - [2023-11-07T19:57:51.165+0000] {dag.py:2941} INFO - Sync 1 DAGs
[2023-11-07T19:57:51.186+0000] {logging_mixin.py:154} INFO - [2023-11-07T19:57:51.186+0000] {dag.py:3722} INFO - Setting next_dagrun for example_branch_labels to 2023-11-06T00:00:00+00:00, run_after=2023-11-07T00:00:00+00:00
[2023-11-07T19:57:51.212+0000] {processor.py:179} INFO - Processing /usr/local/lib/python3.10/dist-packages/airflow/example_dags/example_branch_labels.py took 0.080 seconds
[2023-11-07T19:58:37.240+0000] {processor.py:157} INFO - Started process (PID=5201) to work on /usr/local/lib/python3.10/dist-packages/airflow/example_dags/example_branch_labels.py
[2023-11-07T19:58:37.242+0000] {processor.py:829} INFO - Processing file /usr/local/lib/python3.10/dist-packages/airflow/example_dags/example_branch_labels.py for tasks to queue
[2023-11-07T19:58:37.243+0000] {logging_mixin.py:154} INFO - [2023-11-07T19:58:37.242+0000] {dagbag.py:536} INFO - Filling up the DagBag from /usr/local/lib/python3.10/dist-packages/airflow/example_dags/example_branch_labels.py
[2023-11-07T19:58:37.252+0000] {processor.py:839} INFO - DAG(s) dict_keys(['example_branch_labels']) retrieved from /usr/local/lib/python3.10/dist-packages/airflow/example_dags/example_branch_labels.py
[2023-11-07T19:58:37.271+0000] {logging_mixin.py:154} INFO - [2023-11-07T19:58:37.270+0000] {dag.py:2941} INFO - Sync 1 DAGs
[2023-11-07T19:58:37.291+0000] {logging_mixin.py:154} INFO - [2023-11-07T19:58:37.290+0000] {dag.py:3722} INFO - Setting next_dagrun for example_branch_labels to 2023-11-06T00:00:00+00:00, run_after=2023-11-07T00:00:00+00:00
[2023-11-07T19:58:37.311+0000] {processor.py:179} INFO - Processing /usr/local/lib/python3.10/dist-packages/airflow/example_dags/example_branch_labels.py took 0.074 seconds
[2023-11-07T19:59:28.653+0000] {processor.py:157} INFO - Started process (PID=5253) to work on /usr/local/lib/python3.10/dist-packages/airflow/example_dags/example_branch_labels.py
[2023-11-07T19:59:28.655+0000] {processor.py:829} INFO - Processing file /usr/local/lib/python3.10/dist-packages/airflow/example_dags/example_branch_labels.py for tasks to queue
[2023-11-07T19:59:28.656+0000] {logging_mixin.py:154} INFO - [2023-11-07T19:59:28.656+0000] {dagbag.py:536} INFO - Filling up the DagBag from /usr/local/lib/python3.10/dist-packages/airflow/example_dags/example_branch_labels.py
[2023-11-07T19:59:28.673+0000] {processor.py:839} INFO - DAG(s) dict_keys(['example_branch_labels']) retrieved from /usr/local/lib/python3.10/dist-packages/airflow/example_dags/example_branch_labels.py
[2023-11-07T19:59:28.693+0000] {logging_mixin.py:154} INFO - [2023-11-07T19:59:28.693+0000] {dag.py:2941} INFO - Sync 1 DAGs
[2023-11-07T19:59:28.715+0000] {logging_mixin.py:154} INFO - [2023-11-07T19:59:28.714+0000] {dag.py:3722} INFO - Setting next_dagrun for example_branch_labels to 2023-11-06T00:00:00+00:00, run_after=2023-11-07T00:00:00+00:00
[2023-11-07T19:59:28.764+0000] {processor.py:179} INFO - Processing /usr/local/lib/python3.10/dist-packages/airflow/example_dags/example_branch_labels.py took 0.121 seconds
[2023-11-07T20:00:20.523+0000] {processor.py:157} INFO - Started process (PID=5305) to work on /usr/local/lib/python3.10/dist-packages/airflow/example_dags/example_branch_labels.py
[2023-11-07T20:00:20.526+0000] {processor.py:829} INFO - Processing file /usr/local/lib/python3.10/dist-packages/airflow/example_dags/example_branch_labels.py for tasks to queue
[2023-11-07T20:00:20.529+0000] {logging_mixin.py:154} INFO - [2023-11-07T20:00:20.528+0000] {dagbag.py:536} INFO - Filling up the DagBag from /usr/local/lib/python3.10/dist-packages/airflow/example_dags/example_branch_labels.py
[2023-11-07T20:00:20.574+0000] {processor.py:839} INFO - DAG(s) dict_keys(['example_branch_labels']) retrieved from /usr/local/lib/python3.10/dist-packages/airflow/example_dags/example_branch_labels.py
[2023-11-07T20:00:20.612+0000] {logging_mixin.py:154} INFO - [2023-11-07T20:00:20.612+0000] {dag.py:2941} INFO - Sync 1 DAGs
[2023-11-07T20:00:20.646+0000] {logging_mixin.py:154} INFO - [2023-11-07T20:00:20.646+0000] {dag.py:3722} INFO - Setting next_dagrun for example_branch_labels to 2023-11-06T00:00:00+00:00, run_after=2023-11-07T00:00:00+00:00
[2023-11-07T20:00:20.669+0000] {processor.py:179} INFO - Processing /usr/local/lib/python3.10/dist-packages/airflow/example_dags/example_branch_labels.py took 0.154 seconds
[2023-11-07T20:01:15.330+0000] {processor.py:157} INFO - Started process (PID=5359) to work on /usr/local/lib/python3.10/dist-packages/airflow/example_dags/example_branch_labels.py
[2023-11-07T20:01:15.332+0000] {processor.py:829} INFO - Processing file /usr/local/lib/python3.10/dist-packages/airflow/example_dags/example_branch_labels.py for tasks to queue
[2023-11-07T20:01:15.333+0000] {logging_mixin.py:154} INFO - [2023-11-07T20:01:15.332+0000] {dagbag.py:536} INFO - Filling up the DagBag from /usr/local/lib/python3.10/dist-packages/airflow/example_dags/example_branch_labels.py
[2023-11-07T20:01:15.345+0000] {processor.py:839} INFO - DAG(s) dict_keys(['example_branch_labels']) retrieved from /usr/local/lib/python3.10/dist-packages/airflow/example_dags/example_branch_labels.py
[2023-11-07T20:01:15.374+0000] {logging_mixin.py:154} INFO - [2023-11-07T20:01:15.374+0000] {dag.py:2941} INFO - Sync 1 DAGs
[2023-11-07T20:01:15.405+0000] {logging_mixin.py:154} INFO - [2023-11-07T20:01:15.405+0000] {dag.py:3722} INFO - Setting next_dagrun for example_branch_labels to 2023-11-06T00:00:00+00:00, run_after=2023-11-07T00:00:00+00:00
[2023-11-07T20:01:15.431+0000] {processor.py:179} INFO - Processing /usr/local/lib/python3.10/dist-packages/airflow/example_dags/example_branch_labels.py took 0.104 seconds
[2023-11-07T20:02:13.587+0000] {processor.py:157} INFO - Started process (PID=5421) to work on /usr/local/lib/python3.10/dist-packages/airflow/example_dags/example_branch_labels.py
[2023-11-07T20:02:13.589+0000] {processor.py:829} INFO - Processing file /usr/local/lib/python3.10/dist-packages/airflow/example_dags/example_branch_labels.py for tasks to queue
[2023-11-07T20:02:13.589+0000] {logging_mixin.py:154} INFO - [2023-11-07T20:02:13.589+0000] {dagbag.py:536} INFO - Filling up the DagBag from /usr/local/lib/python3.10/dist-packages/airflow/example_dags/example_branch_labels.py
[2023-11-07T20:02:13.597+0000] {processor.py:839} INFO - DAG(s) dict_keys(['example_branch_labels']) retrieved from /usr/local/lib/python3.10/dist-packages/airflow/example_dags/example_branch_labels.py
[2023-11-07T20:02:13.615+0000] {logging_mixin.py:154} INFO - [2023-11-07T20:02:13.615+0000] {dag.py:2941} INFO - Sync 1 DAGs
[2023-11-07T20:02:13.637+0000] {logging_mixin.py:154} INFO - [2023-11-07T20:02:13.637+0000] {dag.py:3722} INFO - Setting next_dagrun for example_branch_labels to 2023-11-06T00:00:00+00:00, run_after=2023-11-07T00:00:00+00:00
[2023-11-07T20:02:13.664+0000] {processor.py:179} INFO - Processing /usr/local/lib/python3.10/dist-packages/airflow/example_dags/example_branch_labels.py took 0.080 seconds
[2023-11-07T20:03:03.351+0000] {processor.py:157} INFO - Started process (PID=5473) to work on /usr/local/lib/python3.10/dist-packages/airflow/example_dags/example_branch_labels.py
[2023-11-07T20:03:03.357+0000] {processor.py:829} INFO - Processing file /usr/local/lib/python3.10/dist-packages/airflow/example_dags/example_branch_labels.py for tasks to queue
[2023-11-07T20:03:03.358+0000] {logging_mixin.py:154} INFO - [2023-11-07T20:03:03.357+0000] {dagbag.py:536} INFO - Filling up the DagBag from /usr/local/lib/python3.10/dist-packages/airflow/example_dags/example_branch_labels.py
[2023-11-07T20:03:03.373+0000] {processor.py:839} INFO - DAG(s) dict_keys(['example_branch_labels']) retrieved from /usr/local/lib/python3.10/dist-packages/airflow/example_dags/example_branch_labels.py
[2023-11-07T20:03:03.397+0000] {logging_mixin.py:154} INFO - [2023-11-07T20:03:03.397+0000] {dag.py:2941} INFO - Sync 1 DAGs
[2023-11-07T20:03:03.436+0000] {logging_mixin.py:154} INFO - [2023-11-07T20:03:03.436+0000] {dag.py:3722} INFO - Setting next_dagrun for example_branch_labels to 2023-11-06T00:00:00+00:00, run_after=2023-11-07T00:00:00+00:00
[2023-11-07T20:03:03.472+0000] {processor.py:179} INFO - Processing /usr/local/lib/python3.10/dist-packages/airflow/example_dags/example_branch_labels.py took 0.128 seconds
[2023-11-07T20:03:54.504+0000] {processor.py:157} INFO - Started process (PID=5525) to work on /usr/local/lib/python3.10/dist-packages/airflow/example_dags/example_branch_labels.py
[2023-11-07T20:03:54.505+0000] {processor.py:829} INFO - Processing file /usr/local/lib/python3.10/dist-packages/airflow/example_dags/example_branch_labels.py for tasks to queue
[2023-11-07T20:03:54.506+0000] {logging_mixin.py:154} INFO - [2023-11-07T20:03:54.506+0000] {dagbag.py:536} INFO - Filling up the DagBag from /usr/local/lib/python3.10/dist-packages/airflow/example_dags/example_branch_labels.py
[2023-11-07T20:03:54.514+0000] {processor.py:839} INFO - DAG(s) dict_keys(['example_branch_labels']) retrieved from /usr/local/lib/python3.10/dist-packages/airflow/example_dags/example_branch_labels.py
[2023-11-07T20:03:54.531+0000] {logging_mixin.py:154} INFO - [2023-11-07T20:03:54.530+0000] {dag.py:2941} INFO - Sync 1 DAGs
[2023-11-07T20:03:54.560+0000] {logging_mixin.py:154} INFO - [2023-11-07T20:03:54.560+0000] {dag.py:3722} INFO - Setting next_dagrun for example_branch_labels to 2023-11-06T00:00:00+00:00, run_after=2023-11-07T00:00:00+00:00
[2023-11-07T20:03:54.584+0000] {processor.py:179} INFO - Processing /usr/local/lib/python3.10/dist-packages/airflow/example_dags/example_branch_labels.py took 0.083 seconds
[2023-11-07T20:04:40.597+0000] {processor.py:157} INFO - Started process (PID=5574) to work on /usr/local/lib/python3.10/dist-packages/airflow/example_dags/example_branch_labels.py
[2023-11-07T20:04:40.598+0000] {processor.py:829} INFO - Processing file /usr/local/lib/python3.10/dist-packages/airflow/example_dags/example_branch_labels.py for tasks to queue
[2023-11-07T20:04:40.599+0000] {logging_mixin.py:154} INFO - [2023-11-07T20:04:40.599+0000] {dagbag.py:536} INFO - Filling up the DagBag from /usr/local/lib/python3.10/dist-packages/airflow/example_dags/example_branch_labels.py
[2023-11-07T20:04:40.608+0000] {processor.py:839} INFO - DAG(s) dict_keys(['example_branch_labels']) retrieved from /usr/local/lib/python3.10/dist-packages/airflow/example_dags/example_branch_labels.py
[2023-11-07T20:04:40.638+0000] {logging_mixin.py:154} INFO - [2023-11-07T20:04:40.638+0000] {dag.py:2941} INFO - Sync 1 DAGs
[2023-11-07T20:04:40.662+0000] {logging_mixin.py:154} INFO - [2023-11-07T20:04:40.662+0000] {dag.py:3722} INFO - Setting next_dagrun for example_branch_labels to 2023-11-06T00:00:00+00:00, run_after=2023-11-07T00:00:00+00:00
[2023-11-07T20:04:40.684+0000] {processor.py:179} INFO - Processing /usr/local/lib/python3.10/dist-packages/airflow/example_dags/example_branch_labels.py took 0.090 seconds
[2023-11-07T20:05:30.333+0000] {processor.py:157} INFO - Started process (PID=5625) to work on /usr/local/lib/python3.10/dist-packages/airflow/example_dags/example_branch_labels.py
[2023-11-07T20:05:30.334+0000] {processor.py:829} INFO - Processing file /usr/local/lib/python3.10/dist-packages/airflow/example_dags/example_branch_labels.py for tasks to queue
[2023-11-07T20:05:30.335+0000] {logging_mixin.py:154} INFO - [2023-11-07T20:05:30.335+0000] {dagbag.py:536} INFO - Filling up the DagBag from /usr/local/lib/python3.10/dist-packages/airflow/example_dags/example_branch_labels.py
[2023-11-07T20:05:30.343+0000] {processor.py:839} INFO - DAG(s) dict_keys(['example_branch_labels']) retrieved from /usr/local/lib/python3.10/dist-packages/airflow/example_dags/example_branch_labels.py
[2023-11-07T20:05:30.370+0000] {logging_mixin.py:154} INFO - [2023-11-07T20:05:30.369+0000] {dag.py:2941} INFO - Sync 1 DAGs
[2023-11-07T20:05:30.393+0000] {logging_mixin.py:154} INFO - [2023-11-07T20:05:30.393+0000] {dag.py:3722} INFO - Setting next_dagrun for example_branch_labels to 2023-11-06T00:00:00+00:00, run_after=2023-11-07T00:00:00+00:00
[2023-11-07T20:05:30.418+0000] {processor.py:179} INFO - Processing /usr/local/lib/python3.10/dist-packages/airflow/example_dags/example_branch_labels.py took 0.088 seconds
[2023-11-07T20:06:20.929+0000] {processor.py:157} INFO - Started process (PID=5676) to work on /usr/local/lib/python3.10/dist-packages/airflow/example_dags/example_branch_labels.py
[2023-11-07T20:06:20.930+0000] {processor.py:829} INFO - Processing file /usr/local/lib/python3.10/dist-packages/airflow/example_dags/example_branch_labels.py for tasks to queue
[2023-11-07T20:06:20.931+0000] {logging_mixin.py:154} INFO - [2023-11-07T20:06:20.930+0000] {dagbag.py:536} INFO - Filling up the DagBag from /usr/local/lib/python3.10/dist-packages/airflow/example_dags/example_branch_labels.py
[2023-11-07T20:06:20.938+0000] {processor.py:839} INFO - DAG(s) dict_keys(['example_branch_labels']) retrieved from /usr/local/lib/python3.10/dist-packages/airflow/example_dags/example_branch_labels.py
[2023-11-07T20:06:20.955+0000] {logging_mixin.py:154} INFO - [2023-11-07T20:06:20.955+0000] {dag.py:2941} INFO - Sync 1 DAGs
[2023-11-07T20:06:20.976+0000] {logging_mixin.py:154} INFO - [2023-11-07T20:06:20.976+0000] {dag.py:3722} INFO - Setting next_dagrun for example_branch_labels to 2023-11-06T00:00:00+00:00, run_after=2023-11-07T00:00:00+00:00
[2023-11-07T20:06:20.996+0000] {processor.py:179} INFO - Processing /usr/local/lib/python3.10/dist-packages/airflow/example_dags/example_branch_labels.py took 0.071 seconds
[2023-11-07T20:07:10.726+0000] {processor.py:157} INFO - Started process (PID=5727) to work on /usr/local/lib/python3.10/dist-packages/airflow/example_dags/example_branch_labels.py
[2023-11-07T20:07:10.728+0000] {processor.py:829} INFO - Processing file /usr/local/lib/python3.10/dist-packages/airflow/example_dags/example_branch_labels.py for tasks to queue
[2023-11-07T20:07:10.729+0000] {logging_mixin.py:154} INFO - [2023-11-07T20:07:10.729+0000] {dagbag.py:536} INFO - Filling up the DagBag from /usr/local/lib/python3.10/dist-packages/airflow/example_dags/example_branch_labels.py
[2023-11-07T20:07:10.737+0000] {processor.py:839} INFO - DAG(s) dict_keys(['example_branch_labels']) retrieved from /usr/local/lib/python3.10/dist-packages/airflow/example_dags/example_branch_labels.py
[2023-11-07T20:07:10.766+0000] {logging_mixin.py:154} INFO - [2023-11-07T20:07:10.766+0000] {dag.py:2941} INFO - Sync 1 DAGs
[2023-11-07T20:07:10.791+0000] {logging_mixin.py:154} INFO - [2023-11-07T20:07:10.790+0000] {dag.py:3722} INFO - Setting next_dagrun for example_branch_labels to 2023-11-06T00:00:00+00:00, run_after=2023-11-07T00:00:00+00:00
[2023-11-07T20:07:10.838+0000] {processor.py:179} INFO - Processing /usr/local/lib/python3.10/dist-packages/airflow/example_dags/example_branch_labels.py took 0.117 seconds
[2023-11-07T20:08:01.067+0000] {processor.py:157} INFO - Started process (PID=5780) to work on /usr/local/lib/python3.10/dist-packages/airflow/example_dags/example_branch_labels.py
[2023-11-07T20:08:01.068+0000] {processor.py:829} INFO - Processing file /usr/local/lib/python3.10/dist-packages/airflow/example_dags/example_branch_labels.py for tasks to queue
[2023-11-07T20:08:01.069+0000] {logging_mixin.py:154} INFO - [2023-11-07T20:08:01.069+0000] {dagbag.py:536} INFO - Filling up the DagBag from /usr/local/lib/python3.10/dist-packages/airflow/example_dags/example_branch_labels.py
[2023-11-07T20:08:01.078+0000] {processor.py:839} INFO - DAG(s) dict_keys(['example_branch_labels']) retrieved from /usr/local/lib/python3.10/dist-packages/airflow/example_dags/example_branch_labels.py
[2023-11-07T20:08:01.101+0000] {logging_mixin.py:154} INFO - [2023-11-07T20:08:01.100+0000] {dag.py:2941} INFO - Sync 1 DAGs
[2023-11-07T20:08:01.123+0000] {logging_mixin.py:154} INFO - [2023-11-07T20:08:01.122+0000] {dag.py:3722} INFO - Setting next_dagrun for example_branch_labels to 2023-11-06T00:00:00+00:00, run_after=2023-11-07T00:00:00+00:00
[2023-11-07T20:08:01.148+0000] {processor.py:179} INFO - Processing /usr/local/lib/python3.10/dist-packages/airflow/example_dags/example_branch_labels.py took 0.084 seconds
