[2023-11-07T19:32:12.098+0000] {processor.py:157} INFO - Started process (PID=3585) to work on /usr/local/lib/python3.10/dist-packages/airflow/example_dags/example_params_trigger_ui.py
[2023-11-07T19:32:12.099+0000] {processor.py:829} INFO - Processing file /usr/local/lib/python3.10/dist-packages/airflow/example_dags/example_params_trigger_ui.py for tasks to queue
[2023-11-07T19:32:12.100+0000] {logging_mixin.py:154} INFO - [2023-11-07T19:32:12.100+0000] {dagbag.py:536} INFO - Filling up the DagBag from /usr/local/lib/python3.10/dist-packages/airflow/example_dags/example_params_trigger_ui.py
[2023-11-07T19:32:12.119+0000] {processor.py:839} INFO - DAG(s) dict_keys(['example_params_trigger_ui']) retrieved from /usr/local/lib/python3.10/dist-packages/airflow/example_dags/example_params_trigger_ui.py
[2023-11-07T19:32:12.245+0000] {logging_mixin.py:154} INFO - [2023-11-07T19:32:12.245+0000] {manager.py:499} INFO - Created Permission View: %s
[2023-11-07T19:32:12.258+0000] {logging_mixin.py:154} INFO - [2023-11-07T19:32:12.258+0000] {manager.py:499} INFO - Created Permission View: %s
[2023-11-07T19:32:12.267+0000] {logging_mixin.py:154} INFO - [2023-11-07T19:32:12.267+0000] {manager.py:499} INFO - Created Permission View: %s
[2023-11-07T19:32:12.268+0000] {logging_mixin.py:154} INFO - [2023-11-07T19:32:12.268+0000] {dag.py:2941} INFO - Sync 1 DAGs
[2023-11-07T19:32:12.279+0000] {logging_mixin.py:154} INFO - [2023-11-07T19:32:12.279+0000] {dag.py:2963} INFO - Creating ORM DAG for example_params_trigger_ui
[2023-11-07T19:32:12.280+0000] {logging_mixin.py:154} INFO - [2023-11-07T19:32:12.279+0000] {dag.py:3722} INFO - Setting next_dagrun for example_params_trigger_ui to None, run_after=None
[2023-11-07T19:32:12.300+0000] {processor.py:179} INFO - Processing /usr/local/lib/python3.10/dist-packages/airflow/example_dags/example_params_trigger_ui.py took 0.205 seconds
[2023-11-07T19:32:59.120+0000] {processor.py:157} INFO - Started process (PID=3632) to work on /usr/local/lib/python3.10/dist-packages/airflow/example_dags/example_params_trigger_ui.py
[2023-11-07T19:32:59.121+0000] {processor.py:829} INFO - Processing file /usr/local/lib/python3.10/dist-packages/airflow/example_dags/example_params_trigger_ui.py for tasks to queue
[2023-11-07T19:32:59.122+0000] {logging_mixin.py:154} INFO - [2023-11-07T19:32:59.121+0000] {dagbag.py:536} INFO - Filling up the DagBag from /usr/local/lib/python3.10/dist-packages/airflow/example_dags/example_params_trigger_ui.py
[2023-11-07T19:32:59.139+0000] {processor.py:839} INFO - DAG(s) dict_keys(['example_params_trigger_ui']) retrieved from /usr/local/lib/python3.10/dist-packages/airflow/example_dags/example_params_trigger_ui.py
[2023-11-07T19:32:59.177+0000] {logging_mixin.py:154} INFO - [2023-11-07T19:32:59.177+0000] {dag.py:2941} INFO - Sync 1 DAGs
[2023-11-07T19:32:59.188+0000] {logging_mixin.py:154} INFO - [2023-11-07T19:32:59.188+0000] {dag.py:3722} INFO - Setting next_dagrun for example_params_trigger_ui to None, run_after=None
[2023-11-07T19:32:59.208+0000] {processor.py:179} INFO - Processing /usr/local/lib/python3.10/dist-packages/airflow/example_dags/example_params_trigger_ui.py took 0.091 seconds
[2023-11-07T19:33:46.891+0000] {processor.py:157} INFO - Started process (PID=3681) to work on /usr/local/lib/python3.10/dist-packages/airflow/example_dags/example_params_trigger_ui.py
[2023-11-07T19:33:46.892+0000] {processor.py:829} INFO - Processing file /usr/local/lib/python3.10/dist-packages/airflow/example_dags/example_params_trigger_ui.py for tasks to queue
[2023-11-07T19:33:46.893+0000] {logging_mixin.py:154} INFO - [2023-11-07T19:33:46.893+0000] {dagbag.py:536} INFO - Filling up the DagBag from /usr/local/lib/python3.10/dist-packages/airflow/example_dags/example_params_trigger_ui.py
[2023-11-07T19:33:46.919+0000] {processor.py:839} INFO - DAG(s) dict_keys(['example_params_trigger_ui']) retrieved from /usr/local/lib/python3.10/dist-packages/airflow/example_dags/example_params_trigger_ui.py
[2023-11-07T19:33:46.974+0000] {logging_mixin.py:154} INFO - [2023-11-07T19:33:46.973+0000] {dag.py:2941} INFO - Sync 1 DAGs
[2023-11-07T19:33:46.985+0000] {logging_mixin.py:154} INFO - [2023-11-07T19:33:46.984+0000] {dag.py:3722} INFO - Setting next_dagrun for example_params_trigger_ui to None, run_after=None
[2023-11-07T19:33:47.016+0000] {processor.py:179} INFO - Processing /usr/local/lib/python3.10/dist-packages/airflow/example_dags/example_params_trigger_ui.py took 0.127 seconds
[2023-11-07T19:34:36.239+0000] {processor.py:157} INFO - Started process (PID=3732) to work on /usr/local/lib/python3.10/dist-packages/airflow/example_dags/example_params_trigger_ui.py
[2023-11-07T19:34:36.241+0000] {processor.py:829} INFO - Processing file /usr/local/lib/python3.10/dist-packages/airflow/example_dags/example_params_trigger_ui.py for tasks to queue
[2023-11-07T19:34:36.242+0000] {logging_mixin.py:154} INFO - [2023-11-07T19:34:36.242+0000] {dagbag.py:536} INFO - Filling up the DagBag from /usr/local/lib/python3.10/dist-packages/airflow/example_dags/example_params_trigger_ui.py
[2023-11-07T19:34:36.260+0000] {processor.py:839} INFO - DAG(s) dict_keys(['example_params_trigger_ui']) retrieved from /usr/local/lib/python3.10/dist-packages/airflow/example_dags/example_params_trigger_ui.py
[2023-11-07T19:34:36.305+0000] {logging_mixin.py:154} INFO - [2023-11-07T19:34:36.304+0000] {dag.py:2941} INFO - Sync 1 DAGs
[2023-11-07T19:34:36.319+0000] {logging_mixin.py:154} INFO - [2023-11-07T19:34:36.318+0000] {dag.py:3722} INFO - Setting next_dagrun for example_params_trigger_ui to None, run_after=None
[2023-11-07T19:34:36.341+0000] {processor.py:179} INFO - Processing /usr/local/lib/python3.10/dist-packages/airflow/example_dags/example_params_trigger_ui.py took 0.105 seconds
[2023-11-07T19:35:20.556+0000] {processor.py:157} INFO - Started process (PID=3779) to work on /usr/local/lib/python3.10/dist-packages/airflow/example_dags/example_params_trigger_ui.py
[2023-11-07T19:35:20.558+0000] {processor.py:829} INFO - Processing file /usr/local/lib/python3.10/dist-packages/airflow/example_dags/example_params_trigger_ui.py for tasks to queue
[2023-11-07T19:35:20.559+0000] {logging_mixin.py:154} INFO - [2023-11-07T19:35:20.558+0000] {dagbag.py:536} INFO - Filling up the DagBag from /usr/local/lib/python3.10/dist-packages/airflow/example_dags/example_params_trigger_ui.py
[2023-11-07T19:35:20.579+0000] {processor.py:839} INFO - DAG(s) dict_keys(['example_params_trigger_ui']) retrieved from /usr/local/lib/python3.10/dist-packages/airflow/example_dags/example_params_trigger_ui.py
[2023-11-07T19:35:20.625+0000] {logging_mixin.py:154} INFO - [2023-11-07T19:35:20.625+0000] {dag.py:2941} INFO - Sync 1 DAGs
[2023-11-07T19:35:20.642+0000] {logging_mixin.py:154} INFO - [2023-11-07T19:35:20.642+0000] {dag.py:3722} INFO - Setting next_dagrun for example_params_trigger_ui to None, run_after=None
[2023-11-07T19:35:20.666+0000] {processor.py:179} INFO - Processing /usr/local/lib/python3.10/dist-packages/airflow/example_dags/example_params_trigger_ui.py took 0.114 seconds
[2023-11-07T19:36:17.210+0000] {processor.py:157} INFO - Started process (PID=3839) to work on /usr/local/lib/python3.10/dist-packages/airflow/example_dags/example_params_trigger_ui.py
[2023-11-07T19:36:17.212+0000] {processor.py:829} INFO - Processing file /usr/local/lib/python3.10/dist-packages/airflow/example_dags/example_params_trigger_ui.py for tasks to queue
[2023-11-07T19:36:17.213+0000] {logging_mixin.py:154} INFO - [2023-11-07T19:36:17.213+0000] {dagbag.py:536} INFO - Filling up the DagBag from /usr/local/lib/python3.10/dist-packages/airflow/example_dags/example_params_trigger_ui.py
[2023-11-07T19:36:17.263+0000] {processor.py:839} INFO - DAG(s) dict_keys(['example_params_trigger_ui']) retrieved from /usr/local/lib/python3.10/dist-packages/airflow/example_dags/example_params_trigger_ui.py
[2023-11-07T19:36:17.320+0000] {logging_mixin.py:154} INFO - [2023-11-07T19:36:17.319+0000] {dag.py:2941} INFO - Sync 1 DAGs
[2023-11-07T19:36:17.330+0000] {logging_mixin.py:154} INFO - [2023-11-07T19:36:17.330+0000] {dag.py:3722} INFO - Setting next_dagrun for example_params_trigger_ui to None, run_after=None
[2023-11-07T19:36:17.355+0000] {processor.py:179} INFO - Processing /usr/local/lib/python3.10/dist-packages/airflow/example_dags/example_params_trigger_ui.py took 0.147 seconds
[2023-11-07T19:37:08.963+0000] {processor.py:157} INFO - Started process (PID=3891) to work on /usr/local/lib/python3.10/dist-packages/airflow/example_dags/example_params_trigger_ui.py
[2023-11-07T19:37:08.966+0000] {processor.py:829} INFO - Processing file /usr/local/lib/python3.10/dist-packages/airflow/example_dags/example_params_trigger_ui.py for tasks to queue
[2023-11-07T19:37:08.970+0000] {logging_mixin.py:154} INFO - [2023-11-07T19:37:08.967+0000] {dagbag.py:536} INFO - Filling up the DagBag from /usr/local/lib/python3.10/dist-packages/airflow/example_dags/example_params_trigger_ui.py
[2023-11-07T19:37:08.999+0000] {processor.py:839} INFO - DAG(s) dict_keys(['example_params_trigger_ui']) retrieved from /usr/local/lib/python3.10/dist-packages/airflow/example_dags/example_params_trigger_ui.py
[2023-11-07T19:37:09.048+0000] {logging_mixin.py:154} INFO - [2023-11-07T19:37:09.047+0000] {dag.py:2941} INFO - Sync 1 DAGs
[2023-11-07T19:37:09.059+0000] {logging_mixin.py:154} INFO - [2023-11-07T19:37:09.058+0000] {dag.py:3722} INFO - Setting next_dagrun for example_params_trigger_ui to None, run_after=None
[2023-11-07T19:37:09.078+0000] {processor.py:179} INFO - Processing /usr/local/lib/python3.10/dist-packages/airflow/example_dags/example_params_trigger_ui.py took 0.123 seconds
[2023-11-07T19:37:56.350+0000] {processor.py:157} INFO - Started process (PID=3941) to work on /usr/local/lib/python3.10/dist-packages/airflow/example_dags/example_params_trigger_ui.py
[2023-11-07T19:37:56.352+0000] {processor.py:829} INFO - Processing file /usr/local/lib/python3.10/dist-packages/airflow/example_dags/example_params_trigger_ui.py for tasks to queue
[2023-11-07T19:37:56.352+0000] {logging_mixin.py:154} INFO - [2023-11-07T19:37:56.352+0000] {dagbag.py:536} INFO - Filling up the DagBag from /usr/local/lib/python3.10/dist-packages/airflow/example_dags/example_params_trigger_ui.py
[2023-11-07T19:37:56.371+0000] {processor.py:839} INFO - DAG(s) dict_keys(['example_params_trigger_ui']) retrieved from /usr/local/lib/python3.10/dist-packages/airflow/example_dags/example_params_trigger_ui.py
[2023-11-07T19:37:56.416+0000] {logging_mixin.py:154} INFO - [2023-11-07T19:37:56.416+0000] {dag.py:2941} INFO - Sync 1 DAGs
[2023-11-07T19:37:56.428+0000] {logging_mixin.py:154} INFO - [2023-11-07T19:37:56.428+0000] {dag.py:3722} INFO - Setting next_dagrun for example_params_trigger_ui to None, run_after=None
[2023-11-07T19:37:56.451+0000] {processor.py:179} INFO - Processing /usr/local/lib/python3.10/dist-packages/airflow/example_dags/example_params_trigger_ui.py took 0.103 seconds
[2023-11-07T19:38:45.606+0000] {processor.py:157} INFO - Started process (PID=3992) to work on /usr/local/lib/python3.10/dist-packages/airflow/example_dags/example_params_trigger_ui.py
[2023-11-07T19:38:45.608+0000] {processor.py:829} INFO - Processing file /usr/local/lib/python3.10/dist-packages/airflow/example_dags/example_params_trigger_ui.py for tasks to queue
[2023-11-07T19:38:45.609+0000] {logging_mixin.py:154} INFO - [2023-11-07T19:38:45.609+0000] {dagbag.py:536} INFO - Filling up the DagBag from /usr/local/lib/python3.10/dist-packages/airflow/example_dags/example_params_trigger_ui.py
[2023-11-07T19:38:45.626+0000] {processor.py:839} INFO - DAG(s) dict_keys(['example_params_trigger_ui']) retrieved from /usr/local/lib/python3.10/dist-packages/airflow/example_dags/example_params_trigger_ui.py
[2023-11-07T19:38:45.668+0000] {logging_mixin.py:154} INFO - [2023-11-07T19:38:45.668+0000] {dag.py:2941} INFO - Sync 1 DAGs
[2023-11-07T19:38:45.679+0000] {logging_mixin.py:154} INFO - [2023-11-07T19:38:45.679+0000] {dag.py:3722} INFO - Setting next_dagrun for example_params_trigger_ui to None, run_after=None
[2023-11-07T19:38:45.706+0000] {processor.py:179} INFO - Processing /usr/local/lib/python3.10/dist-packages/airflow/example_dags/example_params_trigger_ui.py took 0.103 seconds
[2023-11-07T19:39:30.820+0000] {processor.py:157} INFO - Started process (PID=4039) to work on /usr/local/lib/python3.10/dist-packages/airflow/example_dags/example_params_trigger_ui.py
[2023-11-07T19:39:30.822+0000] {processor.py:829} INFO - Processing file /usr/local/lib/python3.10/dist-packages/airflow/example_dags/example_params_trigger_ui.py for tasks to queue
[2023-11-07T19:39:30.822+0000] {logging_mixin.py:154} INFO - [2023-11-07T19:39:30.822+0000] {dagbag.py:536} INFO - Filling up the DagBag from /usr/local/lib/python3.10/dist-packages/airflow/example_dags/example_params_trigger_ui.py
[2023-11-07T19:39:30.838+0000] {processor.py:839} INFO - DAG(s) dict_keys(['example_params_trigger_ui']) retrieved from /usr/local/lib/python3.10/dist-packages/airflow/example_dags/example_params_trigger_ui.py
[2023-11-07T19:39:30.876+0000] {logging_mixin.py:154} INFO - [2023-11-07T19:39:30.876+0000] {dag.py:2941} INFO - Sync 1 DAGs
[2023-11-07T19:39:30.888+0000] {logging_mixin.py:154} INFO - [2023-11-07T19:39:30.887+0000] {dag.py:3722} INFO - Setting next_dagrun for example_params_trigger_ui to None, run_after=None
[2023-11-07T19:39:30.908+0000] {processor.py:179} INFO - Processing /usr/local/lib/python3.10/dist-packages/airflow/example_dags/example_params_trigger_ui.py took 0.091 seconds
[2023-11-07T19:40:22.268+0000] {processor.py:157} INFO - Started process (PID=4090) to work on /usr/local/lib/python3.10/dist-packages/airflow/example_dags/example_params_trigger_ui.py
[2023-11-07T19:40:22.270+0000] {processor.py:829} INFO - Processing file /usr/local/lib/python3.10/dist-packages/airflow/example_dags/example_params_trigger_ui.py for tasks to queue
[2023-11-07T19:40:22.271+0000] {logging_mixin.py:154} INFO - [2023-11-07T19:40:22.271+0000] {dagbag.py:536} INFO - Filling up the DagBag from /usr/local/lib/python3.10/dist-packages/airflow/example_dags/example_params_trigger_ui.py
[2023-11-07T19:40:22.297+0000] {processor.py:839} INFO - DAG(s) dict_keys(['example_params_trigger_ui']) retrieved from /usr/local/lib/python3.10/dist-packages/airflow/example_dags/example_params_trigger_ui.py
[2023-11-07T19:40:22.341+0000] {logging_mixin.py:154} INFO - [2023-11-07T19:40:22.340+0000] {dag.py:2941} INFO - Sync 1 DAGs
[2023-11-07T19:40:22.351+0000] {logging_mixin.py:154} INFO - [2023-11-07T19:40:22.351+0000] {dag.py:3722} INFO - Setting next_dagrun for example_params_trigger_ui to None, run_after=None
[2023-11-07T19:40:22.379+0000] {processor.py:179} INFO - Processing /usr/local/lib/python3.10/dist-packages/airflow/example_dags/example_params_trigger_ui.py took 0.117 seconds
[2023-11-07T19:41:14.959+0000] {processor.py:157} INFO - Started process (PID=4145) to work on /usr/local/lib/python3.10/dist-packages/airflow/example_dags/example_params_trigger_ui.py
[2023-11-07T19:41:14.960+0000] {processor.py:829} INFO - Processing file /usr/local/lib/python3.10/dist-packages/airflow/example_dags/example_params_trigger_ui.py for tasks to queue
[2023-11-07T19:41:14.961+0000] {logging_mixin.py:154} INFO - [2023-11-07T19:41:14.960+0000] {dagbag.py:536} INFO - Filling up the DagBag from /usr/local/lib/python3.10/dist-packages/airflow/example_dags/example_params_trigger_ui.py
[2023-11-07T19:41:14.977+0000] {processor.py:839} INFO - DAG(s) dict_keys(['example_params_trigger_ui']) retrieved from /usr/local/lib/python3.10/dist-packages/airflow/example_dags/example_params_trigger_ui.py
[2023-11-07T19:41:15.016+0000] {logging_mixin.py:154} INFO - [2023-11-07T19:41:15.015+0000] {dag.py:2941} INFO - Sync 1 DAGs
[2023-11-07T19:41:15.027+0000] {logging_mixin.py:154} INFO - [2023-11-07T19:41:15.026+0000] {dag.py:3722} INFO - Setting next_dagrun for example_params_trigger_ui to None, run_after=None
[2023-11-07T19:41:15.051+0000] {processor.py:179} INFO - Processing /usr/local/lib/python3.10/dist-packages/airflow/example_dags/example_params_trigger_ui.py took 0.096 seconds
[2023-11-07T19:42:02.420+0000] {processor.py:157} INFO - Started process (PID=4194) to work on /usr/local/lib/python3.10/dist-packages/airflow/example_dags/example_params_trigger_ui.py
[2023-11-07T19:42:02.422+0000] {processor.py:829} INFO - Processing file /usr/local/lib/python3.10/dist-packages/airflow/example_dags/example_params_trigger_ui.py for tasks to queue
[2023-11-07T19:42:02.422+0000] {logging_mixin.py:154} INFO - [2023-11-07T19:42:02.422+0000] {dagbag.py:536} INFO - Filling up the DagBag from /usr/local/lib/python3.10/dist-packages/airflow/example_dags/example_params_trigger_ui.py
[2023-11-07T19:42:02.441+0000] {processor.py:839} INFO - DAG(s) dict_keys(['example_params_trigger_ui']) retrieved from /usr/local/lib/python3.10/dist-packages/airflow/example_dags/example_params_trigger_ui.py
[2023-11-07T19:42:02.488+0000] {logging_mixin.py:154} INFO - [2023-11-07T19:42:02.488+0000] {dag.py:2941} INFO - Sync 1 DAGs
[2023-11-07T19:42:02.505+0000] {logging_mixin.py:154} INFO - [2023-11-07T19:42:02.504+0000] {dag.py:3722} INFO - Setting next_dagrun for example_params_trigger_ui to None, run_after=None
[2023-11-07T19:42:02.536+0000] {processor.py:179} INFO - Processing /usr/local/lib/python3.10/dist-packages/airflow/example_dags/example_params_trigger_ui.py took 0.120 seconds
[2023-11-07T19:42:49.850+0000] {processor.py:157} INFO - Started process (PID=4244) to work on /usr/local/lib/python3.10/dist-packages/airflow/example_dags/example_params_trigger_ui.py
[2023-11-07T19:42:49.851+0000] {processor.py:829} INFO - Processing file /usr/local/lib/python3.10/dist-packages/airflow/example_dags/example_params_trigger_ui.py for tasks to queue
[2023-11-07T19:42:49.852+0000] {logging_mixin.py:154} INFO - [2023-11-07T19:42:49.852+0000] {dagbag.py:536} INFO - Filling up the DagBag from /usr/local/lib/python3.10/dist-packages/airflow/example_dags/example_params_trigger_ui.py
[2023-11-07T19:42:49.871+0000] {processor.py:839} INFO - DAG(s) dict_keys(['example_params_trigger_ui']) retrieved from /usr/local/lib/python3.10/dist-packages/airflow/example_dags/example_params_trigger_ui.py
[2023-11-07T19:42:49.911+0000] {logging_mixin.py:154} INFO - [2023-11-07T19:42:49.911+0000] {dag.py:2941} INFO - Sync 1 DAGs
[2023-11-07T19:42:49.924+0000] {logging_mixin.py:154} INFO - [2023-11-07T19:42:49.923+0000] {dag.py:3722} INFO - Setting next_dagrun for example_params_trigger_ui to None, run_after=None
[2023-11-07T19:42:49.946+0000] {processor.py:179} INFO - Processing /usr/local/lib/python3.10/dist-packages/airflow/example_dags/example_params_trigger_ui.py took 0.100 seconds
[2023-11-07T19:43:40.399+0000] {processor.py:157} INFO - Started process (PID=4295) to work on /usr/local/lib/python3.10/dist-packages/airflow/example_dags/example_params_trigger_ui.py
[2023-11-07T19:43:40.400+0000] {processor.py:829} INFO - Processing file /usr/local/lib/python3.10/dist-packages/airflow/example_dags/example_params_trigger_ui.py for tasks to queue
[2023-11-07T19:43:40.401+0000] {logging_mixin.py:154} INFO - [2023-11-07T19:43:40.400+0000] {dagbag.py:536} INFO - Filling up the DagBag from /usr/local/lib/python3.10/dist-packages/airflow/example_dags/example_params_trigger_ui.py
[2023-11-07T19:43:40.417+0000] {processor.py:839} INFO - DAG(s) dict_keys(['example_params_trigger_ui']) retrieved from /usr/local/lib/python3.10/dist-packages/airflow/example_dags/example_params_trigger_ui.py
[2023-11-07T19:43:40.455+0000] {logging_mixin.py:154} INFO - [2023-11-07T19:43:40.455+0000] {dag.py:2941} INFO - Sync 1 DAGs
[2023-11-07T19:43:40.466+0000] {logging_mixin.py:154} INFO - [2023-11-07T19:43:40.465+0000] {dag.py:3722} INFO - Setting next_dagrun for example_params_trigger_ui to None, run_after=None
[2023-11-07T19:43:40.487+0000] {processor.py:179} INFO - Processing /usr/local/lib/python3.10/dist-packages/airflow/example_dags/example_params_trigger_ui.py took 0.093 seconds
[2023-11-07T19:44:30.863+0000] {processor.py:157} INFO - Started process (PID=4346) to work on /usr/local/lib/python3.10/dist-packages/airflow/example_dags/example_params_trigger_ui.py
[2023-11-07T19:44:30.865+0000] {processor.py:829} INFO - Processing file /usr/local/lib/python3.10/dist-packages/airflow/example_dags/example_params_trigger_ui.py for tasks to queue
[2023-11-07T19:44:30.866+0000] {logging_mixin.py:154} INFO - [2023-11-07T19:44:30.866+0000] {dagbag.py:536} INFO - Filling up the DagBag from /usr/local/lib/python3.10/dist-packages/airflow/example_dags/example_params_trigger_ui.py
[2023-11-07T19:44:30.893+0000] {processor.py:839} INFO - DAG(s) dict_keys(['example_params_trigger_ui']) retrieved from /usr/local/lib/python3.10/dist-packages/airflow/example_dags/example_params_trigger_ui.py
[2023-11-07T19:44:30.954+0000] {logging_mixin.py:154} INFO - [2023-11-07T19:44:30.953+0000] {dag.py:2941} INFO - Sync 1 DAGs
[2023-11-07T19:44:30.966+0000] {logging_mixin.py:154} INFO - [2023-11-07T19:44:30.965+0000] {dag.py:3722} INFO - Setting next_dagrun for example_params_trigger_ui to None, run_after=None
[2023-11-07T19:44:30.997+0000] {processor.py:179} INFO - Processing /usr/local/lib/python3.10/dist-packages/airflow/example_dags/example_params_trigger_ui.py took 0.137 seconds
[2023-11-07T19:45:26.563+0000] {processor.py:157} INFO - Started process (PID=4401) to work on /usr/local/lib/python3.10/dist-packages/airflow/example_dags/example_params_trigger_ui.py
[2023-11-07T19:45:26.564+0000] {processor.py:829} INFO - Processing file /usr/local/lib/python3.10/dist-packages/airflow/example_dags/example_params_trigger_ui.py for tasks to queue
[2023-11-07T19:45:26.565+0000] {logging_mixin.py:154} INFO - [2023-11-07T19:45:26.564+0000] {dagbag.py:536} INFO - Filling up the DagBag from /usr/local/lib/python3.10/dist-packages/airflow/example_dags/example_params_trigger_ui.py
[2023-11-07T19:45:26.581+0000] {processor.py:839} INFO - DAG(s) dict_keys(['example_params_trigger_ui']) retrieved from /usr/local/lib/python3.10/dist-packages/airflow/example_dags/example_params_trigger_ui.py
[2023-11-07T19:45:26.621+0000] {logging_mixin.py:154} INFO - [2023-11-07T19:45:26.621+0000] {dag.py:2941} INFO - Sync 1 DAGs
[2023-11-07T19:45:26.632+0000] {logging_mixin.py:154} INFO - [2023-11-07T19:45:26.632+0000] {dag.py:3722} INFO - Setting next_dagrun for example_params_trigger_ui to None, run_after=None
[2023-11-07T19:45:26.659+0000] {processor.py:179} INFO - Processing /usr/local/lib/python3.10/dist-packages/airflow/example_dags/example_params_trigger_ui.py took 0.099 seconds
[2023-11-07T19:46:21.004+0000] {processor.py:157} INFO - Started process (PID=4455) to work on /usr/local/lib/python3.10/dist-packages/airflow/example_dags/example_params_trigger_ui.py
[2023-11-07T19:46:21.006+0000] {processor.py:829} INFO - Processing file /usr/local/lib/python3.10/dist-packages/airflow/example_dags/example_params_trigger_ui.py for tasks to queue
[2023-11-07T19:46:21.006+0000] {logging_mixin.py:154} INFO - [2023-11-07T19:46:21.006+0000] {dagbag.py:536} INFO - Filling up the DagBag from /usr/local/lib/python3.10/dist-packages/airflow/example_dags/example_params_trigger_ui.py
[2023-11-07T19:46:21.035+0000] {processor.py:839} INFO - DAG(s) dict_keys(['example_params_trigger_ui']) retrieved from /usr/local/lib/python3.10/dist-packages/airflow/example_dags/example_params_trigger_ui.py
[2023-11-07T19:46:21.087+0000] {logging_mixin.py:154} INFO - [2023-11-07T19:46:21.087+0000] {dag.py:2941} INFO - Sync 1 DAGs
[2023-11-07T19:46:21.117+0000] {logging_mixin.py:154} INFO - [2023-11-07T19:46:21.115+0000] {dag.py:3722} INFO - Setting next_dagrun for example_params_trigger_ui to None, run_after=None
[2023-11-07T19:46:21.139+0000] {processor.py:179} INFO - Processing /usr/local/lib/python3.10/dist-packages/airflow/example_dags/example_params_trigger_ui.py took 0.138 seconds
[2023-11-07T19:47:12.058+0000] {processor.py:157} INFO - Started process (PID=4506) to work on /usr/local/lib/python3.10/dist-packages/airflow/example_dags/example_params_trigger_ui.py
[2023-11-07T19:47:12.060+0000] {processor.py:829} INFO - Processing file /usr/local/lib/python3.10/dist-packages/airflow/example_dags/example_params_trigger_ui.py for tasks to queue
[2023-11-07T19:47:12.062+0000] {logging_mixin.py:154} INFO - [2023-11-07T19:47:12.060+0000] {dagbag.py:536} INFO - Filling up the DagBag from /usr/local/lib/python3.10/dist-packages/airflow/example_dags/example_params_trigger_ui.py
[2023-11-07T19:47:12.083+0000] {processor.py:839} INFO - DAG(s) dict_keys(['example_params_trigger_ui']) retrieved from /usr/local/lib/python3.10/dist-packages/airflow/example_dags/example_params_trigger_ui.py
[2023-11-07T19:47:12.125+0000] {logging_mixin.py:154} INFO - [2023-11-07T19:47:12.125+0000] {dag.py:2941} INFO - Sync 1 DAGs
[2023-11-07T19:47:12.141+0000] {logging_mixin.py:154} INFO - [2023-11-07T19:47:12.141+0000] {dag.py:3722} INFO - Setting next_dagrun for example_params_trigger_ui to None, run_after=None
[2023-11-07T19:47:12.165+0000] {processor.py:179} INFO - Processing /usr/local/lib/python3.10/dist-packages/airflow/example_dags/example_params_trigger_ui.py took 0.113 seconds
[2023-11-07T19:48:02.998+0000] {processor.py:157} INFO - Started process (PID=4559) to work on /usr/local/lib/python3.10/dist-packages/airflow/example_dags/example_params_trigger_ui.py
[2023-11-07T19:48:03.000+0000] {processor.py:829} INFO - Processing file /usr/local/lib/python3.10/dist-packages/airflow/example_dags/example_params_trigger_ui.py for tasks to queue
[2023-11-07T19:48:03.001+0000] {logging_mixin.py:154} INFO - [2023-11-07T19:48:03.001+0000] {dagbag.py:536} INFO - Filling up the DagBag from /usr/local/lib/python3.10/dist-packages/airflow/example_dags/example_params_trigger_ui.py
[2023-11-07T19:48:03.020+0000] {processor.py:839} INFO - DAG(s) dict_keys(['example_params_trigger_ui']) retrieved from /usr/local/lib/python3.10/dist-packages/airflow/example_dags/example_params_trigger_ui.py
[2023-11-07T19:48:03.062+0000] {logging_mixin.py:154} INFO - [2023-11-07T19:48:03.061+0000] {dag.py:2941} INFO - Sync 1 DAGs
[2023-11-07T19:48:03.074+0000] {logging_mixin.py:154} INFO - [2023-11-07T19:48:03.074+0000] {dag.py:3722} INFO - Setting next_dagrun for example_params_trigger_ui to None, run_after=None
[2023-11-07T19:48:03.102+0000] {processor.py:179} INFO - Processing /usr/local/lib/python3.10/dist-packages/airflow/example_dags/example_params_trigger_ui.py took 0.106 seconds
[2023-11-07T19:48:52.709+0000] {processor.py:157} INFO - Started process (PID=4610) to work on /usr/local/lib/python3.10/dist-packages/airflow/example_dags/example_params_trigger_ui.py
[2023-11-07T19:48:52.710+0000] {processor.py:829} INFO - Processing file /usr/local/lib/python3.10/dist-packages/airflow/example_dags/example_params_trigger_ui.py for tasks to queue
[2023-11-07T19:48:52.711+0000] {logging_mixin.py:154} INFO - [2023-11-07T19:48:52.711+0000] {dagbag.py:536} INFO - Filling up the DagBag from /usr/local/lib/python3.10/dist-packages/airflow/example_dags/example_params_trigger_ui.py
[2023-11-07T19:48:52.731+0000] {processor.py:839} INFO - DAG(s) dict_keys(['example_params_trigger_ui']) retrieved from /usr/local/lib/python3.10/dist-packages/airflow/example_dags/example_params_trigger_ui.py
[2023-11-07T19:48:52.781+0000] {logging_mixin.py:154} INFO - [2023-11-07T19:48:52.781+0000] {dag.py:2941} INFO - Sync 1 DAGs
[2023-11-07T19:48:52.792+0000] {logging_mixin.py:154} INFO - [2023-11-07T19:48:52.792+0000] {dag.py:3722} INFO - Setting next_dagrun for example_params_trigger_ui to None, run_after=None
[2023-11-07T19:48:52.819+0000] {processor.py:179} INFO - Processing /usr/local/lib/python3.10/dist-packages/airflow/example_dags/example_params_trigger_ui.py took 0.119 seconds
[2023-11-07T19:49:39.197+0000] {processor.py:157} INFO - Started process (PID=4659) to work on /usr/local/lib/python3.10/dist-packages/airflow/example_dags/example_params_trigger_ui.py
[2023-11-07T19:49:39.198+0000] {processor.py:829} INFO - Processing file /usr/local/lib/python3.10/dist-packages/airflow/example_dags/example_params_trigger_ui.py for tasks to queue
[2023-11-07T19:49:39.199+0000] {logging_mixin.py:154} INFO - [2023-11-07T19:49:39.199+0000] {dagbag.py:536} INFO - Filling up the DagBag from /usr/local/lib/python3.10/dist-packages/airflow/example_dags/example_params_trigger_ui.py
[2023-11-07T19:49:39.216+0000] {processor.py:839} INFO - DAG(s) dict_keys(['example_params_trigger_ui']) retrieved from /usr/local/lib/python3.10/dist-packages/airflow/example_dags/example_params_trigger_ui.py
[2023-11-07T19:49:39.255+0000] {logging_mixin.py:154} INFO - [2023-11-07T19:49:39.255+0000] {dag.py:2941} INFO - Sync 1 DAGs
[2023-11-07T19:49:39.267+0000] {logging_mixin.py:154} INFO - [2023-11-07T19:49:39.267+0000] {dag.py:3722} INFO - Setting next_dagrun for example_params_trigger_ui to None, run_after=None
[2023-11-07T19:49:39.292+0000] {processor.py:179} INFO - Processing /usr/local/lib/python3.10/dist-packages/airflow/example_dags/example_params_trigger_ui.py took 0.098 seconds
[2023-11-07T19:50:28.403+0000] {processor.py:157} INFO - Started process (PID=4709) to work on /usr/local/lib/python3.10/dist-packages/airflow/example_dags/example_params_trigger_ui.py
[2023-11-07T19:50:28.404+0000] {processor.py:829} INFO - Processing file /usr/local/lib/python3.10/dist-packages/airflow/example_dags/example_params_trigger_ui.py for tasks to queue
[2023-11-07T19:50:28.405+0000] {logging_mixin.py:154} INFO - [2023-11-07T19:50:28.404+0000] {dagbag.py:536} INFO - Filling up the DagBag from /usr/local/lib/python3.10/dist-packages/airflow/example_dags/example_params_trigger_ui.py
[2023-11-07T19:50:28.422+0000] {processor.py:839} INFO - DAG(s) dict_keys(['example_params_trigger_ui']) retrieved from /usr/local/lib/python3.10/dist-packages/airflow/example_dags/example_params_trigger_ui.py
[2023-11-07T19:50:28.462+0000] {logging_mixin.py:154} INFO - [2023-11-07T19:50:28.462+0000] {dag.py:2941} INFO - Sync 1 DAGs
[2023-11-07T19:50:28.475+0000] {logging_mixin.py:154} INFO - [2023-11-07T19:50:28.475+0000] {dag.py:3722} INFO - Setting next_dagrun for example_params_trigger_ui to None, run_after=None
[2023-11-07T19:50:28.497+0000] {processor.py:179} INFO - Processing /usr/local/lib/python3.10/dist-packages/airflow/example_dags/example_params_trigger_ui.py took 0.098 seconds
[2023-11-07T19:51:19.758+0000] {processor.py:157} INFO - Started process (PID=4761) to work on /usr/local/lib/python3.10/dist-packages/airflow/example_dags/example_params_trigger_ui.py
[2023-11-07T19:51:19.759+0000] {processor.py:829} INFO - Processing file /usr/local/lib/python3.10/dist-packages/airflow/example_dags/example_params_trigger_ui.py for tasks to queue
[2023-11-07T19:51:19.760+0000] {logging_mixin.py:154} INFO - [2023-11-07T19:51:19.760+0000] {dagbag.py:536} INFO - Filling up the DagBag from /usr/local/lib/python3.10/dist-packages/airflow/example_dags/example_params_trigger_ui.py
[2023-11-07T19:51:19.801+0000] {processor.py:839} INFO - DAG(s) dict_keys(['example_params_trigger_ui']) retrieved from /usr/local/lib/python3.10/dist-packages/airflow/example_dags/example_params_trigger_ui.py
[2023-11-07T19:51:19.880+0000] {logging_mixin.py:154} INFO - [2023-11-07T19:51:19.880+0000] {dag.py:2941} INFO - Sync 1 DAGs
[2023-11-07T19:51:19.892+0000] {logging_mixin.py:154} INFO - [2023-11-07T19:51:19.892+0000] {dag.py:3722} INFO - Setting next_dagrun for example_params_trigger_ui to None, run_after=None
[2023-11-07T19:51:19.917+0000] {processor.py:179} INFO - Processing /usr/local/lib/python3.10/dist-packages/airflow/example_dags/example_params_trigger_ui.py took 0.164 seconds
[2023-11-07T19:52:08.935+0000] {processor.py:157} INFO - Started process (PID=4812) to work on /usr/local/lib/python3.10/dist-packages/airflow/example_dags/example_params_trigger_ui.py
[2023-11-07T19:52:08.936+0000] {processor.py:829} INFO - Processing file /usr/local/lib/python3.10/dist-packages/airflow/example_dags/example_params_trigger_ui.py for tasks to queue
[2023-11-07T19:52:08.937+0000] {logging_mixin.py:154} INFO - [2023-11-07T19:52:08.936+0000] {dagbag.py:536} INFO - Filling up the DagBag from /usr/local/lib/python3.10/dist-packages/airflow/example_dags/example_params_trigger_ui.py
[2023-11-07T19:52:08.967+0000] {processor.py:839} INFO - DAG(s) dict_keys(['example_params_trigger_ui']) retrieved from /usr/local/lib/python3.10/dist-packages/airflow/example_dags/example_params_trigger_ui.py
[2023-11-07T19:52:09.019+0000] {logging_mixin.py:154} INFO - [2023-11-07T19:52:09.018+0000] {dag.py:2941} INFO - Sync 1 DAGs
[2023-11-07T19:52:09.032+0000] {logging_mixin.py:154} INFO - [2023-11-07T19:52:09.032+0000] {dag.py:3722} INFO - Setting next_dagrun for example_params_trigger_ui to None, run_after=None
[2023-11-07T19:52:09.056+0000] {processor.py:179} INFO - Processing /usr/local/lib/python3.10/dist-packages/airflow/example_dags/example_params_trigger_ui.py took 0.124 seconds
[2023-11-07T19:53:02.126+0000] {processor.py:157} INFO - Started process (PID=4866) to work on /usr/local/lib/python3.10/dist-packages/airflow/example_dags/example_params_trigger_ui.py
[2023-11-07T19:53:02.127+0000] {processor.py:829} INFO - Processing file /usr/local/lib/python3.10/dist-packages/airflow/example_dags/example_params_trigger_ui.py for tasks to queue
[2023-11-07T19:53:02.128+0000] {logging_mixin.py:154} INFO - [2023-11-07T19:53:02.128+0000] {dagbag.py:536} INFO - Filling up the DagBag from /usr/local/lib/python3.10/dist-packages/airflow/example_dags/example_params_trigger_ui.py
[2023-11-07T19:53:02.144+0000] {processor.py:839} INFO - DAG(s) dict_keys(['example_params_trigger_ui']) retrieved from /usr/local/lib/python3.10/dist-packages/airflow/example_dags/example_params_trigger_ui.py
[2023-11-07T19:53:02.188+0000] {logging_mixin.py:154} INFO - [2023-11-07T19:53:02.188+0000] {dag.py:2941} INFO - Sync 1 DAGs
[2023-11-07T19:53:02.200+0000] {logging_mixin.py:154} INFO - [2023-11-07T19:53:02.200+0000] {dag.py:3722} INFO - Setting next_dagrun for example_params_trigger_ui to None, run_after=None
[2023-11-07T19:53:02.222+0000] {processor.py:179} INFO - Processing /usr/local/lib/python3.10/dist-packages/airflow/example_dags/example_params_trigger_ui.py took 0.099 seconds
[2023-11-07T19:53:56.239+0000] {processor.py:157} INFO - Started process (PID=4919) to work on /usr/local/lib/python3.10/dist-packages/airflow/example_dags/example_params_trigger_ui.py
[2023-11-07T19:53:56.240+0000] {processor.py:829} INFO - Processing file /usr/local/lib/python3.10/dist-packages/airflow/example_dags/example_params_trigger_ui.py for tasks to queue
[2023-11-07T19:53:56.241+0000] {logging_mixin.py:154} INFO - [2023-11-07T19:53:56.241+0000] {dagbag.py:536} INFO - Filling up the DagBag from /usr/local/lib/python3.10/dist-packages/airflow/example_dags/example_params_trigger_ui.py
[2023-11-07T19:53:56.257+0000] {processor.py:839} INFO - DAG(s) dict_keys(['example_params_trigger_ui']) retrieved from /usr/local/lib/python3.10/dist-packages/airflow/example_dags/example_params_trigger_ui.py
[2023-11-07T19:53:56.299+0000] {logging_mixin.py:154} INFO - [2023-11-07T19:53:56.298+0000] {dag.py:2941} INFO - Sync 1 DAGs
[2023-11-07T19:53:56.312+0000] {logging_mixin.py:154} INFO - [2023-11-07T19:53:56.311+0000] {dag.py:3722} INFO - Setting next_dagrun for example_params_trigger_ui to None, run_after=None
[2023-11-07T19:53:56.335+0000] {processor.py:179} INFO - Processing /usr/local/lib/python3.10/dist-packages/airflow/example_dags/example_params_trigger_ui.py took 0.099 seconds
[2023-11-07T19:54:48.368+0000] {processor.py:157} INFO - Started process (PID=4972) to work on /usr/local/lib/python3.10/dist-packages/airflow/example_dags/example_params_trigger_ui.py
[2023-11-07T19:54:48.369+0000] {processor.py:829} INFO - Processing file /usr/local/lib/python3.10/dist-packages/airflow/example_dags/example_params_trigger_ui.py for tasks to queue
[2023-11-07T19:54:48.370+0000] {logging_mixin.py:154} INFO - [2023-11-07T19:54:48.370+0000] {dagbag.py:536} INFO - Filling up the DagBag from /usr/local/lib/python3.10/dist-packages/airflow/example_dags/example_params_trigger_ui.py
[2023-11-07T19:54:48.394+0000] {processor.py:839} INFO - DAG(s) dict_keys(['example_params_trigger_ui']) retrieved from /usr/local/lib/python3.10/dist-packages/airflow/example_dags/example_params_trigger_ui.py
[2023-11-07T19:54:48.439+0000] {logging_mixin.py:154} INFO - [2023-11-07T19:54:48.439+0000] {dag.py:2941} INFO - Sync 1 DAGs
[2023-11-07T19:54:48.456+0000] {logging_mixin.py:154} INFO - [2023-11-07T19:54:48.455+0000] {dag.py:3722} INFO - Setting next_dagrun for example_params_trigger_ui to None, run_after=None
[2023-11-07T19:54:48.490+0000] {processor.py:179} INFO - Processing /usr/local/lib/python3.10/dist-packages/airflow/example_dags/example_params_trigger_ui.py took 0.125 seconds
[2023-11-07T19:55:39.822+0000] {processor.py:157} INFO - Started process (PID=5023) to work on /usr/local/lib/python3.10/dist-packages/airflow/example_dags/example_params_trigger_ui.py
[2023-11-07T19:55:39.823+0000] {processor.py:829} INFO - Processing file /usr/local/lib/python3.10/dist-packages/airflow/example_dags/example_params_trigger_ui.py for tasks to queue
[2023-11-07T19:55:39.824+0000] {logging_mixin.py:154} INFO - [2023-11-07T19:55:39.824+0000] {dagbag.py:536} INFO - Filling up the DagBag from /usr/local/lib/python3.10/dist-packages/airflow/example_dags/example_params_trigger_ui.py
[2023-11-07T19:55:39.849+0000] {processor.py:839} INFO - DAG(s) dict_keys(['example_params_trigger_ui']) retrieved from /usr/local/lib/python3.10/dist-packages/airflow/example_dags/example_params_trigger_ui.py
[2023-11-07T19:55:39.894+0000] {logging_mixin.py:154} INFO - [2023-11-07T19:55:39.894+0000] {dag.py:2941} INFO - Sync 1 DAGs
[2023-11-07T19:55:39.906+0000] {logging_mixin.py:154} INFO - [2023-11-07T19:55:39.905+0000] {dag.py:3722} INFO - Setting next_dagrun for example_params_trigger_ui to None, run_after=None
[2023-11-07T19:55:39.928+0000] {processor.py:179} INFO - Processing /usr/local/lib/python3.10/dist-packages/airflow/example_dags/example_params_trigger_ui.py took 0.109 seconds
[2023-11-07T19:56:34.751+0000] {processor.py:157} INFO - Started process (PID=5078) to work on /usr/local/lib/python3.10/dist-packages/airflow/example_dags/example_params_trigger_ui.py
[2023-11-07T19:56:34.753+0000] {processor.py:829} INFO - Processing file /usr/local/lib/python3.10/dist-packages/airflow/example_dags/example_params_trigger_ui.py for tasks to queue
[2023-11-07T19:56:34.753+0000] {logging_mixin.py:154} INFO - [2023-11-07T19:56:34.753+0000] {dagbag.py:536} INFO - Filling up the DagBag from /usr/local/lib/python3.10/dist-packages/airflow/example_dags/example_params_trigger_ui.py
[2023-11-07T19:56:34.772+0000] {processor.py:839} INFO - DAG(s) dict_keys(['example_params_trigger_ui']) retrieved from /usr/local/lib/python3.10/dist-packages/airflow/example_dags/example_params_trigger_ui.py
[2023-11-07T19:56:34.828+0000] {logging_mixin.py:154} INFO - [2023-11-07T19:56:34.828+0000] {dag.py:2941} INFO - Sync 1 DAGs
[2023-11-07T19:56:34.840+0000] {logging_mixin.py:154} INFO - [2023-11-07T19:56:34.840+0000] {dag.py:3722} INFO - Setting next_dagrun for example_params_trigger_ui to None, run_after=None
[2023-11-07T19:56:34.866+0000] {processor.py:179} INFO - Processing /usr/local/lib/python3.10/dist-packages/airflow/example_dags/example_params_trigger_ui.py took 0.119 seconds
[2023-11-07T19:57:27.358+0000] {processor.py:157} INFO - Started process (PID=5130) to work on /usr/local/lib/python3.10/dist-packages/airflow/example_dags/example_params_trigger_ui.py
[2023-11-07T19:57:27.359+0000] {processor.py:829} INFO - Processing file /usr/local/lib/python3.10/dist-packages/airflow/example_dags/example_params_trigger_ui.py for tasks to queue
[2023-11-07T19:57:27.360+0000] {logging_mixin.py:154} INFO - [2023-11-07T19:57:27.360+0000] {dagbag.py:536} INFO - Filling up the DagBag from /usr/local/lib/python3.10/dist-packages/airflow/example_dags/example_params_trigger_ui.py
[2023-11-07T19:57:27.379+0000] {processor.py:839} INFO - DAG(s) dict_keys(['example_params_trigger_ui']) retrieved from /usr/local/lib/python3.10/dist-packages/airflow/example_dags/example_params_trigger_ui.py
[2023-11-07T19:57:27.425+0000] {logging_mixin.py:154} INFO - [2023-11-07T19:57:27.425+0000] {dag.py:2941} INFO - Sync 1 DAGs
[2023-11-07T19:57:27.437+0000] {logging_mixin.py:154} INFO - [2023-11-07T19:57:27.436+0000] {dag.py:3722} INFO - Setting next_dagrun for example_params_trigger_ui to None, run_after=None
[2023-11-07T19:57:27.459+0000] {processor.py:179} INFO - Processing /usr/local/lib/python3.10/dist-packages/airflow/example_dags/example_params_trigger_ui.py took 0.104 seconds
[2023-11-07T19:58:16.766+0000] {processor.py:157} INFO - Started process (PID=5181) to work on /usr/local/lib/python3.10/dist-packages/airflow/example_dags/example_params_trigger_ui.py
[2023-11-07T19:58:16.768+0000] {processor.py:829} INFO - Processing file /usr/local/lib/python3.10/dist-packages/airflow/example_dags/example_params_trigger_ui.py for tasks to queue
[2023-11-07T19:58:16.768+0000] {logging_mixin.py:154} INFO - [2023-11-07T19:58:16.768+0000] {dagbag.py:536} INFO - Filling up the DagBag from /usr/local/lib/python3.10/dist-packages/airflow/example_dags/example_params_trigger_ui.py
[2023-11-07T19:58:16.786+0000] {processor.py:839} INFO - DAG(s) dict_keys(['example_params_trigger_ui']) retrieved from /usr/local/lib/python3.10/dist-packages/airflow/example_dags/example_params_trigger_ui.py
[2023-11-07T19:58:16.833+0000] {logging_mixin.py:154} INFO - [2023-11-07T19:58:16.833+0000] {dag.py:2941} INFO - Sync 1 DAGs
[2023-11-07T19:58:16.844+0000] {logging_mixin.py:154} INFO - [2023-11-07T19:58:16.844+0000] {dag.py:3722} INFO - Setting next_dagrun for example_params_trigger_ui to None, run_after=None
[2023-11-07T19:58:16.868+0000] {processor.py:179} INFO - Processing /usr/local/lib/python3.10/dist-packages/airflow/example_dags/example_params_trigger_ui.py took 0.105 seconds
[2023-11-07T19:59:05.347+0000] {processor.py:157} INFO - Started process (PID=5231) to work on /usr/local/lib/python3.10/dist-packages/airflow/example_dags/example_params_trigger_ui.py
[2023-11-07T19:59:05.348+0000] {processor.py:829} INFO - Processing file /usr/local/lib/python3.10/dist-packages/airflow/example_dags/example_params_trigger_ui.py for tasks to queue
[2023-11-07T19:59:05.349+0000] {logging_mixin.py:154} INFO - [2023-11-07T19:59:05.349+0000] {dagbag.py:536} INFO - Filling up the DagBag from /usr/local/lib/python3.10/dist-packages/airflow/example_dags/example_params_trigger_ui.py
[2023-11-07T19:59:05.367+0000] {processor.py:839} INFO - DAG(s) dict_keys(['example_params_trigger_ui']) retrieved from /usr/local/lib/python3.10/dist-packages/airflow/example_dags/example_params_trigger_ui.py
[2023-11-07T19:59:05.416+0000] {logging_mixin.py:154} INFO - [2023-11-07T19:59:05.416+0000] {dag.py:2941} INFO - Sync 1 DAGs
[2023-11-07T19:59:05.428+0000] {logging_mixin.py:154} INFO - [2023-11-07T19:59:05.427+0000] {dag.py:3722} INFO - Setting next_dagrun for example_params_trigger_ui to None, run_after=None
[2023-11-07T19:59:05.455+0000] {processor.py:179} INFO - Processing /usr/local/lib/python3.10/dist-packages/airflow/example_dags/example_params_trigger_ui.py took 0.112 seconds
[2023-11-07T19:59:56.081+0000] {processor.py:157} INFO - Started process (PID=5281) to work on /usr/local/lib/python3.10/dist-packages/airflow/example_dags/example_params_trigger_ui.py
[2023-11-07T19:59:56.082+0000] {processor.py:829} INFO - Processing file /usr/local/lib/python3.10/dist-packages/airflow/example_dags/example_params_trigger_ui.py for tasks to queue
[2023-11-07T19:59:56.083+0000] {logging_mixin.py:154} INFO - [2023-11-07T19:59:56.083+0000] {dagbag.py:536} INFO - Filling up the DagBag from /usr/local/lib/python3.10/dist-packages/airflow/example_dags/example_params_trigger_ui.py
[2023-11-07T19:59:56.101+0000] {processor.py:839} INFO - DAG(s) dict_keys(['example_params_trigger_ui']) retrieved from /usr/local/lib/python3.10/dist-packages/airflow/example_dags/example_params_trigger_ui.py
[2023-11-07T19:59:56.145+0000] {logging_mixin.py:154} INFO - [2023-11-07T19:59:56.145+0000] {dag.py:2941} INFO - Sync 1 DAGs
[2023-11-07T19:59:56.159+0000] {logging_mixin.py:154} INFO - [2023-11-07T19:59:56.159+0000] {dag.py:3722} INFO - Setting next_dagrun for example_params_trigger_ui to None, run_after=None
[2023-11-07T19:59:56.187+0000] {processor.py:179} INFO - Processing /usr/local/lib/python3.10/dist-packages/airflow/example_dags/example_params_trigger_ui.py took 0.110 seconds
[2023-11-07T20:00:51.798+0000] {processor.py:157} INFO - Started process (PID=5336) to work on /usr/local/lib/python3.10/dist-packages/airflow/example_dags/example_params_trigger_ui.py
[2023-11-07T20:00:51.800+0000] {processor.py:829} INFO - Processing file /usr/local/lib/python3.10/dist-packages/airflow/example_dags/example_params_trigger_ui.py for tasks to queue
[2023-11-07T20:00:51.802+0000] {logging_mixin.py:154} INFO - [2023-11-07T20:00:51.802+0000] {dagbag.py:536} INFO - Filling up the DagBag from /usr/local/lib/python3.10/dist-packages/airflow/example_dags/example_params_trigger_ui.py
[2023-11-07T20:00:51.827+0000] {processor.py:839} INFO - DAG(s) dict_keys(['example_params_trigger_ui']) retrieved from /usr/local/lib/python3.10/dist-packages/airflow/example_dags/example_params_trigger_ui.py
[2023-11-07T20:00:51.865+0000] {logging_mixin.py:154} INFO - [2023-11-07T20:00:51.865+0000] {dag.py:2941} INFO - Sync 1 DAGs
[2023-11-07T20:00:51.875+0000] {logging_mixin.py:154} INFO - [2023-11-07T20:00:51.875+0000] {dag.py:3722} INFO - Setting next_dagrun for example_params_trigger_ui to None, run_after=None
[2023-11-07T20:00:51.898+0000] {processor.py:179} INFO - Processing /usr/local/lib/python3.10/dist-packages/airflow/example_dags/example_params_trigger_ui.py took 0.107 seconds
[2023-11-07T20:01:40.180+0000] {processor.py:157} INFO - Started process (PID=5387) to work on /usr/local/lib/python3.10/dist-packages/airflow/example_dags/example_params_trigger_ui.py
[2023-11-07T20:01:40.181+0000] {processor.py:829} INFO - Processing file /usr/local/lib/python3.10/dist-packages/airflow/example_dags/example_params_trigger_ui.py for tasks to queue
[2023-11-07T20:01:40.182+0000] {logging_mixin.py:154} INFO - [2023-11-07T20:01:40.182+0000] {dagbag.py:536} INFO - Filling up the DagBag from /usr/local/lib/python3.10/dist-packages/airflow/example_dags/example_params_trigger_ui.py
[2023-11-07T20:01:40.199+0000] {processor.py:839} INFO - DAG(s) dict_keys(['example_params_trigger_ui']) retrieved from /usr/local/lib/python3.10/dist-packages/airflow/example_dags/example_params_trigger_ui.py
[2023-11-07T20:01:40.253+0000] {logging_mixin.py:154} INFO - [2023-11-07T20:01:40.253+0000] {dag.py:2941} INFO - Sync 1 DAGs
[2023-11-07T20:01:40.265+0000] {logging_mixin.py:154} INFO - [2023-11-07T20:01:40.265+0000] {dag.py:3722} INFO - Setting next_dagrun for example_params_trigger_ui to None, run_after=None
[2023-11-07T20:01:40.290+0000] {processor.py:179} INFO - Processing /usr/local/lib/python3.10/dist-packages/airflow/example_dags/example_params_trigger_ui.py took 0.113 seconds
[2023-11-07T20:02:26.833+0000] {processor.py:157} INFO - Started process (PID=5434) to work on /usr/local/lib/python3.10/dist-packages/airflow/example_dags/example_params_trigger_ui.py
[2023-11-07T20:02:26.834+0000] {processor.py:829} INFO - Processing file /usr/local/lib/python3.10/dist-packages/airflow/example_dags/example_params_trigger_ui.py for tasks to queue
[2023-11-07T20:02:26.835+0000] {logging_mixin.py:154} INFO - [2023-11-07T20:02:26.835+0000] {dagbag.py:536} INFO - Filling up the DagBag from /usr/local/lib/python3.10/dist-packages/airflow/example_dags/example_params_trigger_ui.py
[2023-11-07T20:02:26.855+0000] {processor.py:839} INFO - DAG(s) dict_keys(['example_params_trigger_ui']) retrieved from /usr/local/lib/python3.10/dist-packages/airflow/example_dags/example_params_trigger_ui.py
[2023-11-07T20:02:26.893+0000] {logging_mixin.py:154} INFO - [2023-11-07T20:02:26.893+0000] {dag.py:2941} INFO - Sync 1 DAGs
[2023-11-07T20:02:26.904+0000] {logging_mixin.py:154} INFO - [2023-11-07T20:02:26.904+0000] {dag.py:3722} INFO - Setting next_dagrun for example_params_trigger_ui to None, run_after=None
[2023-11-07T20:02:26.925+0000] {processor.py:179} INFO - Processing /usr/local/lib/python3.10/dist-packages/airflow/example_dags/example_params_trigger_ui.py took 0.095 seconds
[2023-11-07T20:03:16.088+0000] {processor.py:157} INFO - Started process (PID=5486) to work on /usr/local/lib/python3.10/dist-packages/airflow/example_dags/example_params_trigger_ui.py
[2023-11-07T20:03:16.089+0000] {processor.py:829} INFO - Processing file /usr/local/lib/python3.10/dist-packages/airflow/example_dags/example_params_trigger_ui.py for tasks to queue
[2023-11-07T20:03:16.090+0000] {logging_mixin.py:154} INFO - [2023-11-07T20:03:16.090+0000] {dagbag.py:536} INFO - Filling up the DagBag from /usr/local/lib/python3.10/dist-packages/airflow/example_dags/example_params_trigger_ui.py
[2023-11-07T20:03:16.109+0000] {processor.py:839} INFO - DAG(s) dict_keys(['example_params_trigger_ui']) retrieved from /usr/local/lib/python3.10/dist-packages/airflow/example_dags/example_params_trigger_ui.py
[2023-11-07T20:03:16.149+0000] {logging_mixin.py:154} INFO - [2023-11-07T20:03:16.148+0000] {dag.py:2941} INFO - Sync 1 DAGs
[2023-11-07T20:03:16.160+0000] {logging_mixin.py:154} INFO - [2023-11-07T20:03:16.160+0000] {dag.py:3722} INFO - Setting next_dagrun for example_params_trigger_ui to None, run_after=None
[2023-11-07T20:03:16.181+0000] {processor.py:179} INFO - Processing /usr/local/lib/python3.10/dist-packages/airflow/example_dags/example_params_trigger_ui.py took 0.097 seconds
[2023-11-07T20:04:05.050+0000] {processor.py:157} INFO - Started process (PID=5537) to work on /usr/local/lib/python3.10/dist-packages/airflow/example_dags/example_params_trigger_ui.py
[2023-11-07T20:04:05.051+0000] {processor.py:829} INFO - Processing file /usr/local/lib/python3.10/dist-packages/airflow/example_dags/example_params_trigger_ui.py for tasks to queue
[2023-11-07T20:04:05.052+0000] {logging_mixin.py:154} INFO - [2023-11-07T20:04:05.051+0000] {dagbag.py:536} INFO - Filling up the DagBag from /usr/local/lib/python3.10/dist-packages/airflow/example_dags/example_params_trigger_ui.py
[2023-11-07T20:04:05.070+0000] {processor.py:839} INFO - DAG(s) dict_keys(['example_params_trigger_ui']) retrieved from /usr/local/lib/python3.10/dist-packages/airflow/example_dags/example_params_trigger_ui.py
[2023-11-07T20:04:05.109+0000] {logging_mixin.py:154} INFO - [2023-11-07T20:04:05.109+0000] {dag.py:2941} INFO - Sync 1 DAGs
[2023-11-07T20:04:05.127+0000] {logging_mixin.py:154} INFO - [2023-11-07T20:04:05.127+0000] {dag.py:3722} INFO - Setting next_dagrun for example_params_trigger_ui to None, run_after=None
[2023-11-07T20:04:05.154+0000] {processor.py:179} INFO - Processing /usr/local/lib/python3.10/dist-packages/airflow/example_dags/example_params_trigger_ui.py took 0.107 seconds
[2023-11-07T20:04:52.764+0000] {processor.py:157} INFO - Started process (PID=5587) to work on /usr/local/lib/python3.10/dist-packages/airflow/example_dags/example_params_trigger_ui.py
[2023-11-07T20:04:52.765+0000] {processor.py:829} INFO - Processing file /usr/local/lib/python3.10/dist-packages/airflow/example_dags/example_params_trigger_ui.py for tasks to queue
[2023-11-07T20:04:52.766+0000] {logging_mixin.py:154} INFO - [2023-11-07T20:04:52.766+0000] {dagbag.py:536} INFO - Filling up the DagBag from /usr/local/lib/python3.10/dist-packages/airflow/example_dags/example_params_trigger_ui.py
[2023-11-07T20:04:52.783+0000] {processor.py:839} INFO - DAG(s) dict_keys(['example_params_trigger_ui']) retrieved from /usr/local/lib/python3.10/dist-packages/airflow/example_dags/example_params_trigger_ui.py
[2023-11-07T20:04:52.847+0000] {logging_mixin.py:154} INFO - [2023-11-07T20:04:52.847+0000] {dag.py:2941} INFO - Sync 1 DAGs
[2023-11-07T20:04:52.864+0000] {logging_mixin.py:154} INFO - [2023-11-07T20:04:52.864+0000] {dag.py:3722} INFO - Setting next_dagrun for example_params_trigger_ui to None, run_after=None
[2023-11-07T20:04:52.885+0000] {processor.py:179} INFO - Processing /usr/local/lib/python3.10/dist-packages/airflow/example_dags/example_params_trigger_ui.py took 0.125 seconds
[2023-11-07T20:05:44.112+0000] {processor.py:157} INFO - Started process (PID=5638) to work on /usr/local/lib/python3.10/dist-packages/airflow/example_dags/example_params_trigger_ui.py
[2023-11-07T20:05:44.114+0000] {processor.py:829} INFO - Processing file /usr/local/lib/python3.10/dist-packages/airflow/example_dags/example_params_trigger_ui.py for tasks to queue
[2023-11-07T20:05:44.115+0000] {logging_mixin.py:154} INFO - [2023-11-07T20:05:44.114+0000] {dagbag.py:536} INFO - Filling up the DagBag from /usr/local/lib/python3.10/dist-packages/airflow/example_dags/example_params_trigger_ui.py
[2023-11-07T20:05:44.133+0000] {processor.py:839} INFO - DAG(s) dict_keys(['example_params_trigger_ui']) retrieved from /usr/local/lib/python3.10/dist-packages/airflow/example_dags/example_params_trigger_ui.py
[2023-11-07T20:05:44.207+0000] {logging_mixin.py:154} INFO - [2023-11-07T20:05:44.207+0000] {dag.py:2941} INFO - Sync 1 DAGs
[2023-11-07T20:05:44.220+0000] {logging_mixin.py:154} INFO - [2023-11-07T20:05:44.220+0000] {dag.py:3722} INFO - Setting next_dagrun for example_params_trigger_ui to None, run_after=None
[2023-11-07T20:05:44.243+0000] {processor.py:179} INFO - Processing /usr/local/lib/python3.10/dist-packages/airflow/example_dags/example_params_trigger_ui.py took 0.139 seconds
[2023-11-07T20:06:32.074+0000] {processor.py:157} INFO - Started process (PID=5689) to work on /usr/local/lib/python3.10/dist-packages/airflow/example_dags/example_params_trigger_ui.py
[2023-11-07T20:06:32.075+0000] {processor.py:829} INFO - Processing file /usr/local/lib/python3.10/dist-packages/airflow/example_dags/example_params_trigger_ui.py for tasks to queue
[2023-11-07T20:06:32.076+0000] {logging_mixin.py:154} INFO - [2023-11-07T20:06:32.075+0000] {dagbag.py:536} INFO - Filling up the DagBag from /usr/local/lib/python3.10/dist-packages/airflow/example_dags/example_params_trigger_ui.py
[2023-11-07T20:06:32.092+0000] {processor.py:839} INFO - DAG(s) dict_keys(['example_params_trigger_ui']) retrieved from /usr/local/lib/python3.10/dist-packages/airflow/example_dags/example_params_trigger_ui.py
[2023-11-07T20:06:32.130+0000] {logging_mixin.py:154} INFO - [2023-11-07T20:06:32.129+0000] {dag.py:2941} INFO - Sync 1 DAGs
[2023-11-07T20:06:32.140+0000] {logging_mixin.py:154} INFO - [2023-11-07T20:06:32.140+0000] {dag.py:3722} INFO - Setting next_dagrun for example_params_trigger_ui to None, run_after=None
[2023-11-07T20:06:32.161+0000] {processor.py:179} INFO - Processing /usr/local/lib/python3.10/dist-packages/airflow/example_dags/example_params_trigger_ui.py took 0.091 seconds
[2023-11-07T20:07:24.949+0000] {processor.py:157} INFO - Started process (PID=5741) to work on /usr/local/lib/python3.10/dist-packages/airflow/example_dags/example_params_trigger_ui.py
[2023-11-07T20:07:24.950+0000] {processor.py:829} INFO - Processing file /usr/local/lib/python3.10/dist-packages/airflow/example_dags/example_params_trigger_ui.py for tasks to queue
[2023-11-07T20:07:24.951+0000] {logging_mixin.py:154} INFO - [2023-11-07T20:07:24.951+0000] {dagbag.py:536} INFO - Filling up the DagBag from /usr/local/lib/python3.10/dist-packages/airflow/example_dags/example_params_trigger_ui.py
[2023-11-07T20:07:24.969+0000] {processor.py:839} INFO - DAG(s) dict_keys(['example_params_trigger_ui']) retrieved from /usr/local/lib/python3.10/dist-packages/airflow/example_dags/example_params_trigger_ui.py
[2023-11-07T20:07:25.037+0000] {logging_mixin.py:154} INFO - [2023-11-07T20:07:25.037+0000] {dag.py:2941} INFO - Sync 1 DAGs
[2023-11-07T20:07:25.050+0000] {logging_mixin.py:154} INFO - [2023-11-07T20:07:25.050+0000] {dag.py:3722} INFO - Setting next_dagrun for example_params_trigger_ui to None, run_after=None
[2023-11-07T20:07:25.073+0000] {processor.py:179} INFO - Processing /usr/local/lib/python3.10/dist-packages/airflow/example_dags/example_params_trigger_ui.py took 0.127 seconds
