[2023-11-07T19:31:44.852+0000] {processor.py:157} INFO - Started process (PID=3563) to work on /usr/local/lib/python3.10/dist-packages/airflow/example_dags/tutorial.py
[2023-11-07T19:31:44.854+0000] {processor.py:829} INFO - Processing file /usr/local/lib/python3.10/dist-packages/airflow/example_dags/tutorial.py for tasks to queue
[2023-11-07T19:31:44.856+0000] {logging_mixin.py:154} INFO - [2023-11-07T19:31:44.855+0000] {dagbag.py:536} INFO - Filling up the DagBag from /usr/local/lib/python3.10/dist-packages/airflow/example_dags/tutorial.py
[2023-11-07T19:31:44.866+0000] {processor.py:839} INFO - DAG(s) dict_keys(['tutorial']) retrieved from /usr/local/lib/python3.10/dist-packages/airflow/example_dags/tutorial.py
[2023-11-07T19:31:44.987+0000] {logging_mixin.py:154} INFO - [2023-11-07T19:31:44.987+0000] {manager.py:499} INFO - Created Permission View: %s
[2023-11-07T19:31:45.001+0000] {logging_mixin.py:154} INFO - [2023-11-07T19:31:45.001+0000] {manager.py:499} INFO - Created Permission View: %s
[2023-11-07T19:31:45.015+0000] {logging_mixin.py:154} INFO - [2023-11-07T19:31:45.015+0000] {manager.py:499} INFO - Created Permission View: %s
[2023-11-07T19:31:45.016+0000] {logging_mixin.py:154} INFO - [2023-11-07T19:31:45.015+0000] {dag.py:2941} INFO - Sync 1 DAGs
[2023-11-07T19:31:45.031+0000] {logging_mixin.py:154} INFO - [2023-11-07T19:31:45.030+0000] {dag.py:2963} INFO - Creating ORM DAG for tutorial
[2023-11-07T19:31:45.045+0000] {logging_mixin.py:154} INFO - [2023-11-07T19:31:45.045+0000] {dag.py:3722} INFO - Setting next_dagrun for tutorial to 2023-11-06T19:31:45.045262+00:00, run_after=2023-11-07T19:31:45.045262+00:00
[2023-11-07T19:31:45.071+0000] {processor.py:179} INFO - Processing /usr/local/lib/python3.10/dist-packages/airflow/example_dags/tutorial.py took 0.223 seconds
[2023-11-07T19:32:37.330+0000] {processor.py:157} INFO - Started process (PID=3610) to work on /usr/local/lib/python3.10/dist-packages/airflow/example_dags/tutorial.py
[2023-11-07T19:32:37.331+0000] {processor.py:829} INFO - Processing file /usr/local/lib/python3.10/dist-packages/airflow/example_dags/tutorial.py for tasks to queue
[2023-11-07T19:32:37.332+0000] {logging_mixin.py:154} INFO - [2023-11-07T19:32:37.332+0000] {dagbag.py:536} INFO - Filling up the DagBag from /usr/local/lib/python3.10/dist-packages/airflow/example_dags/tutorial.py
[2023-11-07T19:32:37.340+0000] {processor.py:839} INFO - DAG(s) dict_keys(['tutorial']) retrieved from /usr/local/lib/python3.10/dist-packages/airflow/example_dags/tutorial.py
[2023-11-07T19:32:37.357+0000] {logging_mixin.py:154} INFO - [2023-11-07T19:32:37.357+0000] {dag.py:2941} INFO - Sync 1 DAGs
[2023-11-07T19:32:37.380+0000] {logging_mixin.py:154} INFO - [2023-11-07T19:32:37.379+0000] {dag.py:3722} INFO - Setting next_dagrun for tutorial to 2023-11-06T19:32:37.379601+00:00, run_after=2023-11-07T19:32:37.379601+00:00
[2023-11-07T19:32:37.409+0000] {processor.py:179} INFO - Processing /usr/local/lib/python3.10/dist-packages/airflow/example_dags/tutorial.py took 0.086 seconds
[2023-11-07T19:33:24.499+0000] {processor.py:157} INFO - Started process (PID=3657) to work on /usr/local/lib/python3.10/dist-packages/airflow/example_dags/tutorial.py
[2023-11-07T19:33:24.500+0000] {processor.py:829} INFO - Processing file /usr/local/lib/python3.10/dist-packages/airflow/example_dags/tutorial.py for tasks to queue
[2023-11-07T19:33:24.501+0000] {logging_mixin.py:154} INFO - [2023-11-07T19:33:24.501+0000] {dagbag.py:536} INFO - Filling up the DagBag from /usr/local/lib/python3.10/dist-packages/airflow/example_dags/tutorial.py
[2023-11-07T19:33:24.508+0000] {processor.py:839} INFO - DAG(s) dict_keys(['tutorial']) retrieved from /usr/local/lib/python3.10/dist-packages/airflow/example_dags/tutorial.py
[2023-11-07T19:33:24.523+0000] {logging_mixin.py:154} INFO - [2023-11-07T19:33:24.523+0000] {dag.py:2941} INFO - Sync 1 DAGs
[2023-11-07T19:33:24.541+0000] {logging_mixin.py:154} INFO - [2023-11-07T19:33:24.541+0000] {dag.py:3722} INFO - Setting next_dagrun for tutorial to 2023-11-06T19:33:24.541066+00:00, run_after=2023-11-07T19:33:24.541066+00:00
[2023-11-07T19:33:24.562+0000] {processor.py:179} INFO - Processing /usr/local/lib/python3.10/dist-packages/airflow/example_dags/tutorial.py took 0.072 seconds
[2023-11-07T19:34:10.351+0000] {processor.py:157} INFO - Started process (PID=3705) to work on /usr/local/lib/python3.10/dist-packages/airflow/example_dags/tutorial.py
[2023-11-07T19:34:10.354+0000] {processor.py:829} INFO - Processing file /usr/local/lib/python3.10/dist-packages/airflow/example_dags/tutorial.py for tasks to queue
[2023-11-07T19:34:10.356+0000] {logging_mixin.py:154} INFO - [2023-11-07T19:34:10.355+0000] {dagbag.py:536} INFO - Filling up the DagBag from /usr/local/lib/python3.10/dist-packages/airflow/example_dags/tutorial.py
[2023-11-07T19:34:10.371+0000] {processor.py:839} INFO - DAG(s) dict_keys(['tutorial']) retrieved from /usr/local/lib/python3.10/dist-packages/airflow/example_dags/tutorial.py
[2023-11-07T19:34:10.402+0000] {logging_mixin.py:154} INFO - [2023-11-07T19:34:10.402+0000] {dag.py:2941} INFO - Sync 1 DAGs
[2023-11-07T19:34:10.426+0000] {logging_mixin.py:154} INFO - [2023-11-07T19:34:10.426+0000] {dag.py:3722} INFO - Setting next_dagrun for tutorial to 2023-11-06T19:34:10.426109+00:00, run_after=2023-11-07T19:34:10.426109+00:00
[2023-11-07T19:34:10.458+0000] {processor.py:179} INFO - Processing /usr/local/lib/python3.10/dist-packages/airflow/example_dags/tutorial.py took 0.116 seconds
[2023-11-07T19:34:57.424+0000] {processor.py:157} INFO - Started process (PID=3755) to work on /usr/local/lib/python3.10/dist-packages/airflow/example_dags/tutorial.py
[2023-11-07T19:34:57.425+0000] {processor.py:829} INFO - Processing file /usr/local/lib/python3.10/dist-packages/airflow/example_dags/tutorial.py for tasks to queue
[2023-11-07T19:34:57.426+0000] {logging_mixin.py:154} INFO - [2023-11-07T19:34:57.426+0000] {dagbag.py:536} INFO - Filling up the DagBag from /usr/local/lib/python3.10/dist-packages/airflow/example_dags/tutorial.py
[2023-11-07T19:34:57.433+0000] {processor.py:839} INFO - DAG(s) dict_keys(['tutorial']) retrieved from /usr/local/lib/python3.10/dist-packages/airflow/example_dags/tutorial.py
[2023-11-07T19:34:57.449+0000] {logging_mixin.py:154} INFO - [2023-11-07T19:34:57.449+0000] {dag.py:2941} INFO - Sync 1 DAGs
[2023-11-07T19:34:57.468+0000] {logging_mixin.py:154} INFO - [2023-11-07T19:34:57.468+0000] {dag.py:3722} INFO - Setting next_dagrun for tutorial to 2023-11-06T19:34:57.468530+00:00, run_after=2023-11-07T19:34:57.468530+00:00
[2023-11-07T19:34:57.491+0000] {processor.py:179} INFO - Processing /usr/local/lib/python3.10/dist-packages/airflow/example_dags/tutorial.py took 0.071 seconds
[2023-11-07T19:35:41.160+0000] {processor.py:157} INFO - Started process (PID=3804) to work on /usr/local/lib/python3.10/dist-packages/airflow/example_dags/tutorial.py
[2023-11-07T19:35:41.162+0000] {processor.py:829} INFO - Processing file /usr/local/lib/python3.10/dist-packages/airflow/example_dags/tutorial.py for tasks to queue
[2023-11-07T19:35:41.162+0000] {logging_mixin.py:154} INFO - [2023-11-07T19:35:41.162+0000] {dagbag.py:536} INFO - Filling up the DagBag from /usr/local/lib/python3.10/dist-packages/airflow/example_dags/tutorial.py
[2023-11-07T19:35:41.175+0000] {processor.py:839} INFO - DAG(s) dict_keys(['tutorial']) retrieved from /usr/local/lib/python3.10/dist-packages/airflow/example_dags/tutorial.py
[2023-11-07T19:35:41.193+0000] {logging_mixin.py:154} INFO - [2023-11-07T19:35:41.193+0000] {dag.py:2941} INFO - Sync 1 DAGs
[2023-11-07T19:35:41.213+0000] {logging_mixin.py:154} INFO - [2023-11-07T19:35:41.212+0000] {dag.py:3722} INFO - Setting next_dagrun for tutorial to 2023-11-06T19:35:41.212726+00:00, run_after=2023-11-07T19:35:41.212726+00:00
[2023-11-07T19:35:41.235+0000] {processor.py:179} INFO - Processing /usr/local/lib/python3.10/dist-packages/airflow/example_dags/tutorial.py took 0.083 seconds
[2023-11-07T19:36:30.970+0000] {processor.py:157} INFO - Started process (PID=3853) to work on /usr/local/lib/python3.10/dist-packages/airflow/example_dags/tutorial.py
[2023-11-07T19:36:30.971+0000] {processor.py:829} INFO - Processing file /usr/local/lib/python3.10/dist-packages/airflow/example_dags/tutorial.py for tasks to queue
[2023-11-07T19:36:30.972+0000] {logging_mixin.py:154} INFO - [2023-11-07T19:36:30.972+0000] {dagbag.py:536} INFO - Filling up the DagBag from /usr/local/lib/python3.10/dist-packages/airflow/example_dags/tutorial.py
[2023-11-07T19:36:30.981+0000] {processor.py:839} INFO - DAG(s) dict_keys(['tutorial']) retrieved from /usr/local/lib/python3.10/dist-packages/airflow/example_dags/tutorial.py
[2023-11-07T19:36:30.997+0000] {logging_mixin.py:154} INFO - [2023-11-07T19:36:30.996+0000] {dag.py:2941} INFO - Sync 1 DAGs
[2023-11-07T19:36:31.032+0000] {logging_mixin.py:154} INFO - [2023-11-07T19:36:31.032+0000] {dag.py:3722} INFO - Setting next_dagrun for tutorial to 2023-11-06T19:36:31.032457+00:00, run_after=2023-11-07T19:36:31.032457+00:00
[2023-11-07T19:36:31.074+0000] {processor.py:179} INFO - Processing /usr/local/lib/python3.10/dist-packages/airflow/example_dags/tutorial.py took 0.107 seconds
[2023-11-07T19:37:21.903+0000] {processor.py:157} INFO - Started process (PID=3904) to work on /usr/local/lib/python3.10/dist-packages/airflow/example_dags/tutorial.py
[2023-11-07T19:37:21.904+0000] {processor.py:829} INFO - Processing file /usr/local/lib/python3.10/dist-packages/airflow/example_dags/tutorial.py for tasks to queue
[2023-11-07T19:37:21.905+0000] {logging_mixin.py:154} INFO - [2023-11-07T19:37:21.905+0000] {dagbag.py:536} INFO - Filling up the DagBag from /usr/local/lib/python3.10/dist-packages/airflow/example_dags/tutorial.py
[2023-11-07T19:37:21.913+0000] {processor.py:839} INFO - DAG(s) dict_keys(['tutorial']) retrieved from /usr/local/lib/python3.10/dist-packages/airflow/example_dags/tutorial.py
[2023-11-07T19:37:21.936+0000] {logging_mixin.py:154} INFO - [2023-11-07T19:37:21.936+0000] {dag.py:2941} INFO - Sync 1 DAGs
[2023-11-07T19:37:21.960+0000] {logging_mixin.py:154} INFO - [2023-11-07T19:37:21.959+0000] {dag.py:3722} INFO - Setting next_dagrun for tutorial to 2023-11-06T19:37:21.959746+00:00, run_after=2023-11-07T19:37:21.959746+00:00
[2023-11-07T19:37:21.992+0000] {processor.py:179} INFO - Processing /usr/local/lib/python3.10/dist-packages/airflow/example_dags/tutorial.py took 0.093 seconds
[2023-11-07T19:38:08.956+0000] {processor.py:157} INFO - Started process (PID=3954) to work on /usr/local/lib/python3.10/dist-packages/airflow/example_dags/tutorial.py
[2023-11-07T19:38:08.957+0000] {processor.py:829} INFO - Processing file /usr/local/lib/python3.10/dist-packages/airflow/example_dags/tutorial.py for tasks to queue
[2023-11-07T19:38:08.958+0000] {logging_mixin.py:154} INFO - [2023-11-07T19:38:08.958+0000] {dagbag.py:536} INFO - Filling up the DagBag from /usr/local/lib/python3.10/dist-packages/airflow/example_dags/tutorial.py
[2023-11-07T19:38:08.974+0000] {processor.py:839} INFO - DAG(s) dict_keys(['tutorial']) retrieved from /usr/local/lib/python3.10/dist-packages/airflow/example_dags/tutorial.py
[2023-11-07T19:38:08.990+0000] {logging_mixin.py:154} INFO - [2023-11-07T19:38:08.990+0000] {dag.py:2941} INFO - Sync 1 DAGs
[2023-11-07T19:38:09.013+0000] {logging_mixin.py:154} INFO - [2023-11-07T19:38:09.012+0000] {dag.py:3722} INFO - Setting next_dagrun for tutorial to 2023-11-06T19:38:09.012656+00:00, run_after=2023-11-07T19:38:09.012656+00:00
[2023-11-07T19:38:09.037+0000] {processor.py:179} INFO - Processing /usr/local/lib/python3.10/dist-packages/airflow/example_dags/tutorial.py took 0.090 seconds
[2023-11-07T19:38:57.164+0000] {processor.py:157} INFO - Started process (PID=4004) to work on /usr/local/lib/python3.10/dist-packages/airflow/example_dags/tutorial.py
[2023-11-07T19:38:57.166+0000] {processor.py:829} INFO - Processing file /usr/local/lib/python3.10/dist-packages/airflow/example_dags/tutorial.py for tasks to queue
[2023-11-07T19:38:57.167+0000] {logging_mixin.py:154} INFO - [2023-11-07T19:38:57.167+0000] {dagbag.py:536} INFO - Filling up the DagBag from /usr/local/lib/python3.10/dist-packages/airflow/example_dags/tutorial.py
[2023-11-07T19:38:57.181+0000] {processor.py:839} INFO - DAG(s) dict_keys(['tutorial']) retrieved from /usr/local/lib/python3.10/dist-packages/airflow/example_dags/tutorial.py
[2023-11-07T19:38:57.197+0000] {logging_mixin.py:154} INFO - [2023-11-07T19:38:57.197+0000] {dag.py:2941} INFO - Sync 1 DAGs
[2023-11-07T19:38:57.216+0000] {logging_mixin.py:154} INFO - [2023-11-07T19:38:57.216+0000] {dag.py:3722} INFO - Setting next_dagrun for tutorial to 2023-11-06T19:38:57.216499+00:00, run_after=2023-11-07T19:38:57.216499+00:00
[2023-11-07T19:38:57.238+0000] {processor.py:179} INFO - Processing /usr/local/lib/python3.10/dist-packages/airflow/example_dags/tutorial.py took 0.089 seconds
[2023-11-07T19:39:42.270+0000] {processor.py:157} INFO - Started process (PID=4050) to work on /usr/local/lib/python3.10/dist-packages/airflow/example_dags/tutorial.py
[2023-11-07T19:39:42.271+0000] {processor.py:829} INFO - Processing file /usr/local/lib/python3.10/dist-packages/airflow/example_dags/tutorial.py for tasks to queue
[2023-11-07T19:39:42.272+0000] {logging_mixin.py:154} INFO - [2023-11-07T19:39:42.272+0000] {dagbag.py:536} INFO - Filling up the DagBag from /usr/local/lib/python3.10/dist-packages/airflow/example_dags/tutorial.py
[2023-11-07T19:39:42.281+0000] {processor.py:839} INFO - DAG(s) dict_keys(['tutorial']) retrieved from /usr/local/lib/python3.10/dist-packages/airflow/example_dags/tutorial.py
[2023-11-07T19:39:42.302+0000] {logging_mixin.py:154} INFO - [2023-11-07T19:39:42.302+0000] {dag.py:2941} INFO - Sync 1 DAGs
[2023-11-07T19:39:42.324+0000] {logging_mixin.py:154} INFO - [2023-11-07T19:39:42.324+0000] {dag.py:3722} INFO - Setting next_dagrun for tutorial to 2023-11-06T19:39:42.323339+00:00, run_after=2023-11-07T19:39:42.323339+00:00
[2023-11-07T19:39:42.349+0000] {processor.py:179} INFO - Processing /usr/local/lib/python3.10/dist-packages/airflow/example_dags/tutorial.py took 0.082 seconds
[2023-11-07T19:40:34.159+0000] {processor.py:157} INFO - Started process (PID=4104) to work on /usr/local/lib/python3.10/dist-packages/airflow/example_dags/tutorial.py
[2023-11-07T19:40:34.162+0000] {processor.py:829} INFO - Processing file /usr/local/lib/python3.10/dist-packages/airflow/example_dags/tutorial.py for tasks to queue
[2023-11-07T19:40:34.166+0000] {logging_mixin.py:154} INFO - [2023-11-07T19:40:34.165+0000] {dagbag.py:536} INFO - Filling up the DagBag from /usr/local/lib/python3.10/dist-packages/airflow/example_dags/tutorial.py
[2023-11-07T19:40:34.187+0000] {processor.py:839} INFO - DAG(s) dict_keys(['tutorial']) retrieved from /usr/local/lib/python3.10/dist-packages/airflow/example_dags/tutorial.py
[2023-11-07T19:40:34.228+0000] {logging_mixin.py:154} INFO - [2023-11-07T19:40:34.227+0000] {dag.py:2941} INFO - Sync 1 DAGs
[2023-11-07T19:40:34.260+0000] {logging_mixin.py:154} INFO - [2023-11-07T19:40:34.260+0000] {dag.py:3722} INFO - Setting next_dagrun for tutorial to 2023-11-06T19:40:34.260245+00:00, run_after=2023-11-07T19:40:34.260245+00:00
[2023-11-07T19:40:34.282+0000] {processor.py:179} INFO - Processing /usr/local/lib/python3.10/dist-packages/airflow/example_dags/tutorial.py took 0.138 seconds
[2023-11-07T19:41:25.003+0000] {processor.py:157} INFO - Started process (PID=4156) to work on /usr/local/lib/python3.10/dist-packages/airflow/example_dags/tutorial.py
[2023-11-07T19:41:25.004+0000] {processor.py:829} INFO - Processing file /usr/local/lib/python3.10/dist-packages/airflow/example_dags/tutorial.py for tasks to queue
[2023-11-07T19:41:25.005+0000] {logging_mixin.py:154} INFO - [2023-11-07T19:41:25.004+0000] {dagbag.py:536} INFO - Filling up the DagBag from /usr/local/lib/python3.10/dist-packages/airflow/example_dags/tutorial.py
[2023-11-07T19:41:25.013+0000] {processor.py:839} INFO - DAG(s) dict_keys(['tutorial']) retrieved from /usr/local/lib/python3.10/dist-packages/airflow/example_dags/tutorial.py
[2023-11-07T19:41:25.028+0000] {logging_mixin.py:154} INFO - [2023-11-07T19:41:25.028+0000] {dag.py:2941} INFO - Sync 1 DAGs
[2023-11-07T19:41:25.046+0000] {logging_mixin.py:154} INFO - [2023-11-07T19:41:25.046+0000] {dag.py:3722} INFO - Setting next_dagrun for tutorial to 2023-11-06T19:41:25.046457+00:00, run_after=2023-11-07T19:41:25.046457+00:00
[2023-11-07T19:41:25.077+0000] {processor.py:179} INFO - Processing /usr/local/lib/python3.10/dist-packages/airflow/example_dags/tutorial.py took 0.078 seconds
[2023-11-07T19:42:13.319+0000] {processor.py:157} INFO - Started process (PID=4205) to work on /usr/local/lib/python3.10/dist-packages/airflow/example_dags/tutorial.py
[2023-11-07T19:42:13.320+0000] {processor.py:829} INFO - Processing file /usr/local/lib/python3.10/dist-packages/airflow/example_dags/tutorial.py for tasks to queue
[2023-11-07T19:42:13.323+0000] {logging_mixin.py:154} INFO - [2023-11-07T19:42:13.323+0000] {dagbag.py:536} INFO - Filling up the DagBag from /usr/local/lib/python3.10/dist-packages/airflow/example_dags/tutorial.py
[2023-11-07T19:42:13.331+0000] {processor.py:839} INFO - DAG(s) dict_keys(['tutorial']) retrieved from /usr/local/lib/python3.10/dist-packages/airflow/example_dags/tutorial.py
[2023-11-07T19:42:13.348+0000] {logging_mixin.py:154} INFO - [2023-11-07T19:42:13.348+0000] {dag.py:2941} INFO - Sync 1 DAGs
[2023-11-07T19:42:13.383+0000] {logging_mixin.py:154} INFO - [2023-11-07T19:42:13.383+0000] {dag.py:3722} INFO - Setting next_dagrun for tutorial to 2023-11-06T19:42:13.382674+00:00, run_after=2023-11-07T19:42:13.382674+00:00
[2023-11-07T19:42:13.406+0000] {processor.py:179} INFO - Processing /usr/local/lib/python3.10/dist-packages/airflow/example_dags/tutorial.py took 0.091 seconds
[2023-11-07T19:43:01.521+0000] {processor.py:157} INFO - Started process (PID=4255) to work on /usr/local/lib/python3.10/dist-packages/airflow/example_dags/tutorial.py
[2023-11-07T19:43:01.524+0000] {processor.py:829} INFO - Processing file /usr/local/lib/python3.10/dist-packages/airflow/example_dags/tutorial.py for tasks to queue
[2023-11-07T19:43:01.526+0000] {logging_mixin.py:154} INFO - [2023-11-07T19:43:01.525+0000] {dagbag.py:536} INFO - Filling up the DagBag from /usr/local/lib/python3.10/dist-packages/airflow/example_dags/tutorial.py
[2023-11-07T19:43:01.541+0000] {processor.py:839} INFO - DAG(s) dict_keys(['tutorial']) retrieved from /usr/local/lib/python3.10/dist-packages/airflow/example_dags/tutorial.py
[2023-11-07T19:43:01.559+0000] {logging_mixin.py:154} INFO - [2023-11-07T19:43:01.558+0000] {dag.py:2941} INFO - Sync 1 DAGs
[2023-11-07T19:43:01.579+0000] {logging_mixin.py:154} INFO - [2023-11-07T19:43:01.578+0000] {dag.py:3722} INFO - Setting next_dagrun for tutorial to 2023-11-06T19:43:01.578611+00:00, run_after=2023-11-07T19:43:01.578611+00:00
[2023-11-07T19:43:01.601+0000] {processor.py:179} INFO - Processing /usr/local/lib/python3.10/dist-packages/airflow/example_dags/tutorial.py took 0.083 seconds
[2023-11-07T19:43:52.007+0000] {processor.py:157} INFO - Started process (PID=4307) to work on /usr/local/lib/python3.10/dist-packages/airflow/example_dags/tutorial.py
[2023-11-07T19:43:52.008+0000] {processor.py:829} INFO - Processing file /usr/local/lib/python3.10/dist-packages/airflow/example_dags/tutorial.py for tasks to queue
[2023-11-07T19:43:52.009+0000] {logging_mixin.py:154} INFO - [2023-11-07T19:43:52.008+0000] {dagbag.py:536} INFO - Filling up the DagBag from /usr/local/lib/python3.10/dist-packages/airflow/example_dags/tutorial.py
[2023-11-07T19:43:52.018+0000] {processor.py:839} INFO - DAG(s) dict_keys(['tutorial']) retrieved from /usr/local/lib/python3.10/dist-packages/airflow/example_dags/tutorial.py
[2023-11-07T19:43:52.036+0000] {logging_mixin.py:154} INFO - [2023-11-07T19:43:52.036+0000] {dag.py:2941} INFO - Sync 1 DAGs
[2023-11-07T19:43:52.058+0000] {logging_mixin.py:154} INFO - [2023-11-07T19:43:52.058+0000] {dag.py:3722} INFO - Setting next_dagrun for tutorial to 2023-11-06T19:43:52.057602+00:00, run_after=2023-11-07T19:43:52.057602+00:00
[2023-11-07T19:43:52.083+0000] {processor.py:179} INFO - Processing /usr/local/lib/python3.10/dist-packages/airflow/example_dags/tutorial.py took 0.080 seconds
[2023-11-07T19:44:43.548+0000] {processor.py:157} INFO - Started process (PID=4358) to work on /usr/local/lib/python3.10/dist-packages/airflow/example_dags/tutorial.py
[2023-11-07T19:44:43.549+0000] {processor.py:829} INFO - Processing file /usr/local/lib/python3.10/dist-packages/airflow/example_dags/tutorial.py for tasks to queue
[2023-11-07T19:44:43.550+0000] {logging_mixin.py:154} INFO - [2023-11-07T19:44:43.550+0000] {dagbag.py:536} INFO - Filling up the DagBag from /usr/local/lib/python3.10/dist-packages/airflow/example_dags/tutorial.py
[2023-11-07T19:44:43.557+0000] {processor.py:839} INFO - DAG(s) dict_keys(['tutorial']) retrieved from /usr/local/lib/python3.10/dist-packages/airflow/example_dags/tutorial.py
[2023-11-07T19:44:43.581+0000] {logging_mixin.py:154} INFO - [2023-11-07T19:44:43.580+0000] {dag.py:2941} INFO - Sync 1 DAGs
[2023-11-07T19:44:43.603+0000] {logging_mixin.py:154} INFO - [2023-11-07T19:44:43.602+0000] {dag.py:3722} INFO - Setting next_dagrun for tutorial to 2023-11-06T19:44:43.602596+00:00, run_after=2023-11-07T19:44:43.602596+00:00
[2023-11-07T19:44:43.626+0000] {processor.py:179} INFO - Processing /usr/local/lib/python3.10/dist-packages/airflow/example_dags/tutorial.py took 0.081 seconds
[2023-11-07T19:45:24.868+0000] {processor.py:157} INFO - Started process (PID=4399) to work on /usr/local/lib/python3.10/dist-packages/airflow/example_dags/tutorial.py
[2023-11-07T19:45:24.869+0000] {processor.py:829} INFO - Processing file /usr/local/lib/python3.10/dist-packages/airflow/example_dags/tutorial.py for tasks to queue
[2023-11-07T19:45:24.870+0000] {logging_mixin.py:154} INFO - [2023-11-07T19:45:24.870+0000] {dagbag.py:536} INFO - Filling up the DagBag from /usr/local/lib/python3.10/dist-packages/airflow/example_dags/tutorial.py
[2023-11-07T19:45:24.877+0000] {processor.py:839} INFO - DAG(s) dict_keys(['tutorial']) retrieved from /usr/local/lib/python3.10/dist-packages/airflow/example_dags/tutorial.py
[2023-11-07T19:45:24.893+0000] {logging_mixin.py:154} INFO - [2023-11-07T19:45:24.893+0000] {dag.py:2941} INFO - Sync 1 DAGs
[2023-11-07T19:45:24.913+0000] {logging_mixin.py:154} INFO - [2023-11-07T19:45:24.912+0000] {dag.py:3722} INFO - Setting next_dagrun for tutorial to 2023-11-06T19:45:24.912733+00:00, run_after=2023-11-07T19:45:24.912733+00:00
[2023-11-07T19:45:24.937+0000] {processor.py:179} INFO - Processing /usr/local/lib/python3.10/dist-packages/airflow/example_dags/tutorial.py took 0.073 seconds
[2023-11-07T19:46:19.065+0000] {processor.py:157} INFO - Started process (PID=4453) to work on /usr/local/lib/python3.10/dist-packages/airflow/example_dags/tutorial.py
[2023-11-07T19:46:19.066+0000] {processor.py:829} INFO - Processing file /usr/local/lib/python3.10/dist-packages/airflow/example_dags/tutorial.py for tasks to queue
[2023-11-07T19:46:19.067+0000] {logging_mixin.py:154} INFO - [2023-11-07T19:46:19.067+0000] {dagbag.py:536} INFO - Filling up the DagBag from /usr/local/lib/python3.10/dist-packages/airflow/example_dags/tutorial.py
[2023-11-07T19:46:19.074+0000] {processor.py:839} INFO - DAG(s) dict_keys(['tutorial']) retrieved from /usr/local/lib/python3.10/dist-packages/airflow/example_dags/tutorial.py
[2023-11-07T19:46:19.091+0000] {logging_mixin.py:154} INFO - [2023-11-07T19:46:19.090+0000] {dag.py:2941} INFO - Sync 1 DAGs
[2023-11-07T19:46:19.113+0000] {logging_mixin.py:154} INFO - [2023-11-07T19:46:19.113+0000] {dag.py:3722} INFO - Setting next_dagrun for tutorial to 2023-11-06T19:46:19.112917+00:00, run_after=2023-11-07T19:46:19.112917+00:00
[2023-11-07T19:46:19.134+0000] {processor.py:179} INFO - Processing /usr/local/lib/python3.10/dist-packages/airflow/example_dags/tutorial.py took 0.073 seconds
[2023-11-07T19:47:10.178+0000] {processor.py:157} INFO - Started process (PID=4504) to work on /usr/local/lib/python3.10/dist-packages/airflow/example_dags/tutorial.py
[2023-11-07T19:47:10.179+0000] {processor.py:829} INFO - Processing file /usr/local/lib/python3.10/dist-packages/airflow/example_dags/tutorial.py for tasks to queue
[2023-11-07T19:47:10.181+0000] {logging_mixin.py:154} INFO - [2023-11-07T19:47:10.180+0000] {dagbag.py:536} INFO - Filling up the DagBag from /usr/local/lib/python3.10/dist-packages/airflow/example_dags/tutorial.py
[2023-11-07T19:47:10.191+0000] {processor.py:839} INFO - DAG(s) dict_keys(['tutorial']) retrieved from /usr/local/lib/python3.10/dist-packages/airflow/example_dags/tutorial.py
[2023-11-07T19:47:10.223+0000] {logging_mixin.py:154} INFO - [2023-11-07T19:47:10.223+0000] {dag.py:2941} INFO - Sync 1 DAGs
[2023-11-07T19:47:10.263+0000] {logging_mixin.py:154} INFO - [2023-11-07T19:47:10.263+0000] {dag.py:3722} INFO - Setting next_dagrun for tutorial to 2023-11-06T19:47:10.263324+00:00, run_after=2023-11-07T19:47:10.263324+00:00
[2023-11-07T19:47:10.308+0000] {processor.py:179} INFO - Processing /usr/local/lib/python3.10/dist-packages/airflow/example_dags/tutorial.py took 0.136 seconds
[2023-11-07T19:48:00.812+0000] {processor.py:157} INFO - Started process (PID=4557) to work on /usr/local/lib/python3.10/dist-packages/airflow/example_dags/tutorial.py
[2023-11-07T19:48:00.813+0000] {processor.py:829} INFO - Processing file /usr/local/lib/python3.10/dist-packages/airflow/example_dags/tutorial.py for tasks to queue
[2023-11-07T19:48:00.814+0000] {logging_mixin.py:154} INFO - [2023-11-07T19:48:00.814+0000] {dagbag.py:536} INFO - Filling up the DagBag from /usr/local/lib/python3.10/dist-packages/airflow/example_dags/tutorial.py
[2023-11-07T19:48:00.821+0000] {processor.py:839} INFO - DAG(s) dict_keys(['tutorial']) retrieved from /usr/local/lib/python3.10/dist-packages/airflow/example_dags/tutorial.py
[2023-11-07T19:48:00.837+0000] {logging_mixin.py:154} INFO - [2023-11-07T19:48:00.837+0000] {dag.py:2941} INFO - Sync 1 DAGs
[2023-11-07T19:48:00.856+0000] {logging_mixin.py:154} INFO - [2023-11-07T19:48:00.856+0000] {dag.py:3722} INFO - Setting next_dagrun for tutorial to 2023-11-06T19:48:00.856353+00:00, run_after=2023-11-07T19:48:00.856353+00:00
[2023-11-07T19:48:00.880+0000] {processor.py:179} INFO - Processing /usr/local/lib/python3.10/dist-packages/airflow/example_dags/tutorial.py took 0.071 seconds
[2023-11-07T19:48:50.564+0000] {processor.py:157} INFO - Started process (PID=4608) to work on /usr/local/lib/python3.10/dist-packages/airflow/example_dags/tutorial.py
[2023-11-07T19:48:50.565+0000] {processor.py:829} INFO - Processing file /usr/local/lib/python3.10/dist-packages/airflow/example_dags/tutorial.py for tasks to queue
[2023-11-07T19:48:50.566+0000] {logging_mixin.py:154} INFO - [2023-11-07T19:48:50.565+0000] {dagbag.py:536} INFO - Filling up the DagBag from /usr/local/lib/python3.10/dist-packages/airflow/example_dags/tutorial.py
[2023-11-07T19:48:50.573+0000] {processor.py:839} INFO - DAG(s) dict_keys(['tutorial']) retrieved from /usr/local/lib/python3.10/dist-packages/airflow/example_dags/tutorial.py
[2023-11-07T19:48:50.588+0000] {logging_mixin.py:154} INFO - [2023-11-07T19:48:50.588+0000] {dag.py:2941} INFO - Sync 1 DAGs
[2023-11-07T19:48:50.608+0000] {logging_mixin.py:154} INFO - [2023-11-07T19:48:50.608+0000] {dag.py:3722} INFO - Setting next_dagrun for tutorial to 2023-11-06T19:48:50.607825+00:00, run_after=2023-11-07T19:48:50.607825+00:00
[2023-11-07T19:48:50.630+0000] {processor.py:179} INFO - Processing /usr/local/lib/python3.10/dist-packages/airflow/example_dags/tutorial.py took 0.070 seconds
[2023-11-07T19:49:37.137+0000] {processor.py:157} INFO - Started process (PID=4657) to work on /usr/local/lib/python3.10/dist-packages/airflow/example_dags/tutorial.py
[2023-11-07T19:49:37.138+0000] {processor.py:829} INFO - Processing file /usr/local/lib/python3.10/dist-packages/airflow/example_dags/tutorial.py for tasks to queue
[2023-11-07T19:49:37.139+0000] {logging_mixin.py:154} INFO - [2023-11-07T19:49:37.139+0000] {dagbag.py:536} INFO - Filling up the DagBag from /usr/local/lib/python3.10/dist-packages/airflow/example_dags/tutorial.py
[2023-11-07T19:49:37.147+0000] {processor.py:839} INFO - DAG(s) dict_keys(['tutorial']) retrieved from /usr/local/lib/python3.10/dist-packages/airflow/example_dags/tutorial.py
[2023-11-07T19:49:37.162+0000] {logging_mixin.py:154} INFO - [2023-11-07T19:49:37.162+0000] {dag.py:2941} INFO - Sync 1 DAGs
[2023-11-07T19:49:37.180+0000] {logging_mixin.py:154} INFO - [2023-11-07T19:49:37.180+0000] {dag.py:3722} INFO - Setting next_dagrun for tutorial to 2023-11-06T19:49:37.180523+00:00, run_after=2023-11-07T19:49:37.180523+00:00
[2023-11-07T19:49:37.203+0000] {processor.py:179} INFO - Processing /usr/local/lib/python3.10/dist-packages/airflow/example_dags/tutorial.py took 0.070 seconds
[2023-11-07T19:50:26.108+0000] {processor.py:157} INFO - Started process (PID=4707) to work on /usr/local/lib/python3.10/dist-packages/airflow/example_dags/tutorial.py
[2023-11-07T19:50:26.109+0000] {processor.py:829} INFO - Processing file /usr/local/lib/python3.10/dist-packages/airflow/example_dags/tutorial.py for tasks to queue
[2023-11-07T19:50:26.110+0000] {logging_mixin.py:154} INFO - [2023-11-07T19:50:26.110+0000] {dagbag.py:536} INFO - Filling up the DagBag from /usr/local/lib/python3.10/dist-packages/airflow/example_dags/tutorial.py
[2023-11-07T19:50:26.119+0000] {processor.py:839} INFO - DAG(s) dict_keys(['tutorial']) retrieved from /usr/local/lib/python3.10/dist-packages/airflow/example_dags/tutorial.py
[2023-11-07T19:50:26.135+0000] {logging_mixin.py:154} INFO - [2023-11-07T19:50:26.135+0000] {dag.py:2941} INFO - Sync 1 DAGs
[2023-11-07T19:50:26.155+0000] {logging_mixin.py:154} INFO - [2023-11-07T19:50:26.154+0000] {dag.py:3722} INFO - Setting next_dagrun for tutorial to 2023-11-06T19:50:26.154726+00:00, run_after=2023-11-07T19:50:26.154726+00:00
[2023-11-07T19:50:26.178+0000] {processor.py:179} INFO - Processing /usr/local/lib/python3.10/dist-packages/airflow/example_dags/tutorial.py took 0.073 seconds
[2023-11-07T19:51:17.456+0000] {processor.py:157} INFO - Started process (PID=4759) to work on /usr/local/lib/python3.10/dist-packages/airflow/example_dags/tutorial.py
[2023-11-07T19:51:17.457+0000] {processor.py:829} INFO - Processing file /usr/local/lib/python3.10/dist-packages/airflow/example_dags/tutorial.py for tasks to queue
[2023-11-07T19:51:17.458+0000] {logging_mixin.py:154} INFO - [2023-11-07T19:51:17.457+0000] {dagbag.py:536} INFO - Filling up the DagBag from /usr/local/lib/python3.10/dist-packages/airflow/example_dags/tutorial.py
[2023-11-07T19:51:17.465+0000] {processor.py:839} INFO - DAG(s) dict_keys(['tutorial']) retrieved from /usr/local/lib/python3.10/dist-packages/airflow/example_dags/tutorial.py
[2023-11-07T19:51:17.480+0000] {logging_mixin.py:154} INFO - [2023-11-07T19:51:17.480+0000] {dag.py:2941} INFO - Sync 1 DAGs
[2023-11-07T19:51:17.499+0000] {logging_mixin.py:154} INFO - [2023-11-07T19:51:17.499+0000] {dag.py:3722} INFO - Setting next_dagrun for tutorial to 2023-11-06T19:51:17.498845+00:00, run_after=2023-11-07T19:51:17.498845+00:00
[2023-11-07T19:51:17.520+0000] {processor.py:179} INFO - Processing /usr/local/lib/python3.10/dist-packages/airflow/example_dags/tutorial.py took 0.068 seconds
[2023-11-07T19:52:06.823+0000] {processor.py:157} INFO - Started process (PID=4810) to work on /usr/local/lib/python3.10/dist-packages/airflow/example_dags/tutorial.py
[2023-11-07T19:52:06.824+0000] {processor.py:829} INFO - Processing file /usr/local/lib/python3.10/dist-packages/airflow/example_dags/tutorial.py for tasks to queue
[2023-11-07T19:52:06.824+0000] {logging_mixin.py:154} INFO - [2023-11-07T19:52:06.824+0000] {dagbag.py:536} INFO - Filling up the DagBag from /usr/local/lib/python3.10/dist-packages/airflow/example_dags/tutorial.py
[2023-11-07T19:52:06.831+0000] {processor.py:839} INFO - DAG(s) dict_keys(['tutorial']) retrieved from /usr/local/lib/python3.10/dist-packages/airflow/example_dags/tutorial.py
[2023-11-07T19:52:06.848+0000] {logging_mixin.py:154} INFO - [2023-11-07T19:52:06.848+0000] {dag.py:2941} INFO - Sync 1 DAGs
[2023-11-07T19:52:06.868+0000] {logging_mixin.py:154} INFO - [2023-11-07T19:52:06.868+0000] {dag.py:3722} INFO - Setting next_dagrun for tutorial to 2023-11-06T19:52:06.867873+00:00, run_after=2023-11-07T19:52:06.867873+00:00
[2023-11-07T19:52:06.890+0000] {processor.py:179} INFO - Processing /usr/local/lib/python3.10/dist-packages/airflow/example_dags/tutorial.py took 0.071 seconds
[2023-11-07T19:53:00.245+0000] {processor.py:157} INFO - Started process (PID=4864) to work on /usr/local/lib/python3.10/dist-packages/airflow/example_dags/tutorial.py
[2023-11-07T19:53:00.247+0000] {processor.py:829} INFO - Processing file /usr/local/lib/python3.10/dist-packages/airflow/example_dags/tutorial.py for tasks to queue
[2023-11-07T19:53:00.248+0000] {logging_mixin.py:154} INFO - [2023-11-07T19:53:00.248+0000] {dagbag.py:536} INFO - Filling up the DagBag from /usr/local/lib/python3.10/dist-packages/airflow/example_dags/tutorial.py
[2023-11-07T19:53:00.263+0000] {processor.py:839} INFO - DAG(s) dict_keys(['tutorial']) retrieved from /usr/local/lib/python3.10/dist-packages/airflow/example_dags/tutorial.py
[2023-11-07T19:53:00.281+0000] {logging_mixin.py:154} INFO - [2023-11-07T19:53:00.281+0000] {dag.py:2941} INFO - Sync 1 DAGs
[2023-11-07T19:53:00.306+0000] {logging_mixin.py:154} INFO - [2023-11-07T19:53:00.305+0000] {dag.py:3722} INFO - Setting next_dagrun for tutorial to 2023-11-06T19:53:00.305605+00:00, run_after=2023-11-07T19:53:00.305605+00:00
[2023-11-07T19:53:00.328+0000] {processor.py:179} INFO - Processing /usr/local/lib/python3.10/dist-packages/airflow/example_dags/tutorial.py took 0.086 seconds
[2023-11-07T19:53:53.954+0000] {processor.py:157} INFO - Started process (PID=4917) to work on /usr/local/lib/python3.10/dist-packages/airflow/example_dags/tutorial.py
[2023-11-07T19:53:53.955+0000] {processor.py:829} INFO - Processing file /usr/local/lib/python3.10/dist-packages/airflow/example_dags/tutorial.py for tasks to queue
[2023-11-07T19:53:53.956+0000] {logging_mixin.py:154} INFO - [2023-11-07T19:53:53.955+0000] {dagbag.py:536} INFO - Filling up the DagBag from /usr/local/lib/python3.10/dist-packages/airflow/example_dags/tutorial.py
[2023-11-07T19:53:53.963+0000] {processor.py:839} INFO - DAG(s) dict_keys(['tutorial']) retrieved from /usr/local/lib/python3.10/dist-packages/airflow/example_dags/tutorial.py
[2023-11-07T19:53:53.979+0000] {logging_mixin.py:154} INFO - [2023-11-07T19:53:53.979+0000] {dag.py:2941} INFO - Sync 1 DAGs
[2023-11-07T19:53:53.999+0000] {logging_mixin.py:154} INFO - [2023-11-07T19:53:53.998+0000] {dag.py:3722} INFO - Setting next_dagrun for tutorial to 2023-11-06T19:53:53.998761+00:00, run_after=2023-11-07T19:53:53.998761+00:00
[2023-11-07T19:53:54.021+0000] {processor.py:179} INFO - Processing /usr/local/lib/python3.10/dist-packages/airflow/example_dags/tutorial.py took 0.070 seconds
[2023-11-07T19:54:46.075+0000] {processor.py:157} INFO - Started process (PID=4970) to work on /usr/local/lib/python3.10/dist-packages/airflow/example_dags/tutorial.py
[2023-11-07T19:54:46.076+0000] {processor.py:829} INFO - Processing file /usr/local/lib/python3.10/dist-packages/airflow/example_dags/tutorial.py for tasks to queue
[2023-11-07T19:54:46.077+0000] {logging_mixin.py:154} INFO - [2023-11-07T19:54:46.077+0000] {dagbag.py:536} INFO - Filling up the DagBag from /usr/local/lib/python3.10/dist-packages/airflow/example_dags/tutorial.py
[2023-11-07T19:54:46.084+0000] {processor.py:839} INFO - DAG(s) dict_keys(['tutorial']) retrieved from /usr/local/lib/python3.10/dist-packages/airflow/example_dags/tutorial.py
[2023-11-07T19:54:46.100+0000] {logging_mixin.py:154} INFO - [2023-11-07T19:54:46.100+0000] {dag.py:2941} INFO - Sync 1 DAGs
[2023-11-07T19:54:46.122+0000] {logging_mixin.py:154} INFO - [2023-11-07T19:54:46.122+0000] {dag.py:3722} INFO - Setting next_dagrun for tutorial to 2023-11-06T19:54:46.122267+00:00, run_after=2023-11-07T19:54:46.122267+00:00
[2023-11-07T19:54:46.147+0000] {processor.py:179} INFO - Processing /usr/local/lib/python3.10/dist-packages/airflow/example_dags/tutorial.py took 0.076 seconds
[2023-11-07T19:55:37.536+0000] {processor.py:157} INFO - Started process (PID=5021) to work on /usr/local/lib/python3.10/dist-packages/airflow/example_dags/tutorial.py
[2023-11-07T19:55:37.537+0000] {processor.py:829} INFO - Processing file /usr/local/lib/python3.10/dist-packages/airflow/example_dags/tutorial.py for tasks to queue
[2023-11-07T19:55:37.538+0000] {logging_mixin.py:154} INFO - [2023-11-07T19:55:37.538+0000] {dagbag.py:536} INFO - Filling up the DagBag from /usr/local/lib/python3.10/dist-packages/airflow/example_dags/tutorial.py
[2023-11-07T19:55:37.547+0000] {processor.py:839} INFO - DAG(s) dict_keys(['tutorial']) retrieved from /usr/local/lib/python3.10/dist-packages/airflow/example_dags/tutorial.py
[2023-11-07T19:55:37.563+0000] {logging_mixin.py:154} INFO - [2023-11-07T19:55:37.563+0000] {dag.py:2941} INFO - Sync 1 DAGs
[2023-11-07T19:55:37.583+0000] {logging_mixin.py:154} INFO - [2023-11-07T19:55:37.582+0000] {dag.py:3722} INFO - Setting next_dagrun for tutorial to 2023-11-06T19:55:37.582676+00:00, run_after=2023-11-07T19:55:37.582676+00:00
[2023-11-07T19:55:37.605+0000] {processor.py:179} INFO - Processing /usr/local/lib/python3.10/dist-packages/airflow/example_dags/tutorial.py took 0.072 seconds
[2023-11-07T19:56:32.786+0000] {processor.py:157} INFO - Started process (PID=5076) to work on /usr/local/lib/python3.10/dist-packages/airflow/example_dags/tutorial.py
[2023-11-07T19:56:32.787+0000] {processor.py:829} INFO - Processing file /usr/local/lib/python3.10/dist-packages/airflow/example_dags/tutorial.py for tasks to queue
[2023-11-07T19:56:32.788+0000] {logging_mixin.py:154} INFO - [2023-11-07T19:56:32.787+0000] {dagbag.py:536} INFO - Filling up the DagBag from /usr/local/lib/python3.10/dist-packages/airflow/example_dags/tutorial.py
[2023-11-07T19:56:32.796+0000] {processor.py:839} INFO - DAG(s) dict_keys(['tutorial']) retrieved from /usr/local/lib/python3.10/dist-packages/airflow/example_dags/tutorial.py
[2023-11-07T19:56:32.816+0000] {logging_mixin.py:154} INFO - [2023-11-07T19:56:32.816+0000] {dag.py:2941} INFO - Sync 1 DAGs
[2023-11-07T19:56:32.838+0000] {logging_mixin.py:154} INFO - [2023-11-07T19:56:32.838+0000] {dag.py:3722} INFO - Setting next_dagrun for tutorial to 2023-11-06T19:56:32.837917+00:00, run_after=2023-11-07T19:56:32.837917+00:00
[2023-11-07T19:56:32.868+0000] {processor.py:179} INFO - Processing /usr/local/lib/python3.10/dist-packages/airflow/example_dags/tutorial.py took 0.086 seconds
[2023-11-07T19:57:25.701+0000] {processor.py:157} INFO - Started process (PID=5128) to work on /usr/local/lib/python3.10/dist-packages/airflow/example_dags/tutorial.py
[2023-11-07T19:57:25.702+0000] {processor.py:829} INFO - Processing file /usr/local/lib/python3.10/dist-packages/airflow/example_dags/tutorial.py for tasks to queue
[2023-11-07T19:57:25.703+0000] {logging_mixin.py:154} INFO - [2023-11-07T19:57:25.702+0000] {dagbag.py:536} INFO - Filling up the DagBag from /usr/local/lib/python3.10/dist-packages/airflow/example_dags/tutorial.py
[2023-11-07T19:57:25.712+0000] {processor.py:839} INFO - DAG(s) dict_keys(['tutorial']) retrieved from /usr/local/lib/python3.10/dist-packages/airflow/example_dags/tutorial.py
[2023-11-07T19:57:25.731+0000] {logging_mixin.py:154} INFO - [2023-11-07T19:57:25.731+0000] {dag.py:2941} INFO - Sync 1 DAGs
[2023-11-07T19:57:25.755+0000] {logging_mixin.py:154} INFO - [2023-11-07T19:57:25.755+0000] {dag.py:3722} INFO - Setting next_dagrun for tutorial to 2023-11-06T19:57:25.754841+00:00, run_after=2023-11-07T19:57:25.754841+00:00
[2023-11-07T19:57:25.780+0000] {processor.py:179} INFO - Processing /usr/local/lib/python3.10/dist-packages/airflow/example_dags/tutorial.py took 0.083 seconds
[2023-11-07T19:58:14.488+0000] {processor.py:157} INFO - Started process (PID=5179) to work on /usr/local/lib/python3.10/dist-packages/airflow/example_dags/tutorial.py
[2023-11-07T19:58:14.490+0000] {processor.py:829} INFO - Processing file /usr/local/lib/python3.10/dist-packages/airflow/example_dags/tutorial.py for tasks to queue
[2023-11-07T19:58:14.491+0000] {logging_mixin.py:154} INFO - [2023-11-07T19:58:14.490+0000] {dagbag.py:536} INFO - Filling up the DagBag from /usr/local/lib/python3.10/dist-packages/airflow/example_dags/tutorial.py
[2023-11-07T19:58:14.498+0000] {processor.py:839} INFO - DAG(s) dict_keys(['tutorial']) retrieved from /usr/local/lib/python3.10/dist-packages/airflow/example_dags/tutorial.py
[2023-11-07T19:58:14.514+0000] {logging_mixin.py:154} INFO - [2023-11-07T19:58:14.514+0000] {dag.py:2941} INFO - Sync 1 DAGs
[2023-11-07T19:58:14.538+0000] {logging_mixin.py:154} INFO - [2023-11-07T19:58:14.537+0000] {dag.py:3722} INFO - Setting next_dagrun for tutorial to 2023-11-06T19:58:14.537424+00:00, run_after=2023-11-07T19:58:14.537424+00:00
[2023-11-07T19:58:14.567+0000] {processor.py:179} INFO - Processing /usr/local/lib/python3.10/dist-packages/airflow/example_dags/tutorial.py took 0.081 seconds
[2023-11-07T19:59:04.022+0000] {processor.py:157} INFO - Started process (PID=5229) to work on /usr/local/lib/python3.10/dist-packages/airflow/example_dags/tutorial.py
[2023-11-07T19:59:04.024+0000] {processor.py:829} INFO - Processing file /usr/local/lib/python3.10/dist-packages/airflow/example_dags/tutorial.py for tasks to queue
[2023-11-07T19:59:04.025+0000] {logging_mixin.py:154} INFO - [2023-11-07T19:59:04.024+0000] {dagbag.py:536} INFO - Filling up the DagBag from /usr/local/lib/python3.10/dist-packages/airflow/example_dags/tutorial.py
[2023-11-07T19:59:04.034+0000] {processor.py:839} INFO - DAG(s) dict_keys(['tutorial']) retrieved from /usr/local/lib/python3.10/dist-packages/airflow/example_dags/tutorial.py
[2023-11-07T19:59:04.050+0000] {logging_mixin.py:154} INFO - [2023-11-07T19:59:04.049+0000] {dag.py:2941} INFO - Sync 1 DAGs
[2023-11-07T19:59:04.068+0000] {logging_mixin.py:154} INFO - [2023-11-07T19:59:04.068+0000] {dag.py:3722} INFO - Setting next_dagrun for tutorial to 2023-11-06T19:59:04.068246+00:00, run_after=2023-11-07T19:59:04.068246+00:00
[2023-11-07T19:59:04.092+0000] {processor.py:179} INFO - Processing /usr/local/lib/python3.10/dist-packages/airflow/example_dags/tutorial.py took 0.073 seconds
[2023-11-07T19:59:54.365+0000] {processor.py:157} INFO - Started process (PID=5279) to work on /usr/local/lib/python3.10/dist-packages/airflow/example_dags/tutorial.py
[2023-11-07T19:59:54.367+0000] {processor.py:829} INFO - Processing file /usr/local/lib/python3.10/dist-packages/airflow/example_dags/tutorial.py for tasks to queue
[2023-11-07T19:59:54.368+0000] {logging_mixin.py:154} INFO - [2023-11-07T19:59:54.368+0000] {dagbag.py:536} INFO - Filling up the DagBag from /usr/local/lib/python3.10/dist-packages/airflow/example_dags/tutorial.py
[2023-11-07T19:59:54.375+0000] {processor.py:839} INFO - DAG(s) dict_keys(['tutorial']) retrieved from /usr/local/lib/python3.10/dist-packages/airflow/example_dags/tutorial.py
[2023-11-07T19:59:54.391+0000] {logging_mixin.py:154} INFO - [2023-11-07T19:59:54.391+0000] {dag.py:2941} INFO - Sync 1 DAGs
[2023-11-07T19:59:54.413+0000] {logging_mixin.py:154} INFO - [2023-11-07T19:59:54.413+0000] {dag.py:3722} INFO - Setting next_dagrun for tutorial to 2023-11-06T19:59:54.413062+00:00, run_after=2023-11-07T19:59:54.413062+00:00
[2023-11-07T19:59:54.437+0000] {processor.py:179} INFO - Processing /usr/local/lib/python3.10/dist-packages/airflow/example_dags/tutorial.py took 0.076 seconds
[2023-11-07T20:00:49.397+0000] {processor.py:157} INFO - Started process (PID=5334) to work on /usr/local/lib/python3.10/dist-packages/airflow/example_dags/tutorial.py
[2023-11-07T20:00:49.398+0000] {processor.py:829} INFO - Processing file /usr/local/lib/python3.10/dist-packages/airflow/example_dags/tutorial.py for tasks to queue
[2023-11-07T20:00:49.400+0000] {logging_mixin.py:154} INFO - [2023-11-07T20:00:49.399+0000] {dagbag.py:536} INFO - Filling up the DagBag from /usr/local/lib/python3.10/dist-packages/airflow/example_dags/tutorial.py
[2023-11-07T20:00:49.413+0000] {processor.py:839} INFO - DAG(s) dict_keys(['tutorial']) retrieved from /usr/local/lib/python3.10/dist-packages/airflow/example_dags/tutorial.py
[2023-11-07T20:00:49.446+0000] {logging_mixin.py:154} INFO - [2023-11-07T20:00:49.446+0000] {dag.py:2941} INFO - Sync 1 DAGs
[2023-11-07T20:00:49.489+0000] {logging_mixin.py:154} INFO - [2023-11-07T20:00:49.487+0000] {dag.py:3722} INFO - Setting next_dagrun for tutorial to 2023-11-06T20:00:49.486779+00:00, run_after=2023-11-07T20:00:49.486779+00:00
[2023-11-07T20:00:49.532+0000] {processor.py:179} INFO - Processing /usr/local/lib/python3.10/dist-packages/airflow/example_dags/tutorial.py took 0.147 seconds
[2023-11-07T20:01:38.700+0000] {processor.py:157} INFO - Started process (PID=5385) to work on /usr/local/lib/python3.10/dist-packages/airflow/example_dags/tutorial.py
[2023-11-07T20:01:38.701+0000] {processor.py:829} INFO - Processing file /usr/local/lib/python3.10/dist-packages/airflow/example_dags/tutorial.py for tasks to queue
[2023-11-07T20:01:38.702+0000] {logging_mixin.py:154} INFO - [2023-11-07T20:01:38.702+0000] {dagbag.py:536} INFO - Filling up the DagBag from /usr/local/lib/python3.10/dist-packages/airflow/example_dags/tutorial.py
[2023-11-07T20:01:38.710+0000] {processor.py:839} INFO - DAG(s) dict_keys(['tutorial']) retrieved from /usr/local/lib/python3.10/dist-packages/airflow/example_dags/tutorial.py
[2023-11-07T20:01:38.726+0000] {logging_mixin.py:154} INFO - [2023-11-07T20:01:38.726+0000] {dag.py:2941} INFO - Sync 1 DAGs
[2023-11-07T20:01:38.744+0000] {logging_mixin.py:154} INFO - [2023-11-07T20:01:38.744+0000] {dag.py:3722} INFO - Setting next_dagrun for tutorial to 2023-11-06T20:01:38.744443+00:00, run_after=2023-11-07T20:01:38.744443+00:00
[2023-11-07T20:01:38.766+0000] {processor.py:179} INFO - Processing /usr/local/lib/python3.10/dist-packages/airflow/example_dags/tutorial.py took 0.069 seconds
[2023-11-07T20:02:21.592+0000] {processor.py:157} INFO - Started process (PID=5429) to work on /usr/local/lib/python3.10/dist-packages/airflow/example_dags/tutorial.py
[2023-11-07T20:02:21.595+0000] {processor.py:829} INFO - Processing file /usr/local/lib/python3.10/dist-packages/airflow/example_dags/tutorial.py for tasks to queue
[2023-11-07T20:02:21.596+0000] {logging_mixin.py:154} INFO - [2023-11-07T20:02:21.596+0000] {dagbag.py:536} INFO - Filling up the DagBag from /usr/local/lib/python3.10/dist-packages/airflow/example_dags/tutorial.py
[2023-11-07T20:02:21.605+0000] {processor.py:839} INFO - DAG(s) dict_keys(['tutorial']) retrieved from /usr/local/lib/python3.10/dist-packages/airflow/example_dags/tutorial.py
[2023-11-07T20:02:21.623+0000] {logging_mixin.py:154} INFO - [2023-11-07T20:02:21.623+0000] {dag.py:2941} INFO - Sync 1 DAGs
[2023-11-07T20:02:21.648+0000] {logging_mixin.py:154} INFO - [2023-11-07T20:02:21.648+0000] {dag.py:3722} INFO - Setting next_dagrun for tutorial to 2023-11-06T20:02:21.647967+00:00, run_after=2023-11-07T20:02:21.647967+00:00
[2023-11-07T20:02:21.697+0000] {processor.py:179} INFO - Processing /usr/local/lib/python3.10/dist-packages/airflow/example_dags/tutorial.py took 0.116 seconds
[2023-11-07T20:03:10.922+0000] {processor.py:157} INFO - Started process (PID=5481) to work on /usr/local/lib/python3.10/dist-packages/airflow/example_dags/tutorial.py
[2023-11-07T20:03:10.924+0000] {processor.py:829} INFO - Processing file /usr/local/lib/python3.10/dist-packages/airflow/example_dags/tutorial.py for tasks to queue
[2023-11-07T20:03:10.925+0000] {logging_mixin.py:154} INFO - [2023-11-07T20:03:10.924+0000] {dagbag.py:536} INFO - Filling up the DagBag from /usr/local/lib/python3.10/dist-packages/airflow/example_dags/tutorial.py
[2023-11-07T20:03:10.941+0000] {processor.py:839} INFO - DAG(s) dict_keys(['tutorial']) retrieved from /usr/local/lib/python3.10/dist-packages/airflow/example_dags/tutorial.py
[2023-11-07T20:03:10.962+0000] {logging_mixin.py:154} INFO - [2023-11-07T20:03:10.961+0000] {dag.py:2941} INFO - Sync 1 DAGs
[2023-11-07T20:03:10.981+0000] {logging_mixin.py:154} INFO - [2023-11-07T20:03:10.981+0000] {dag.py:3722} INFO - Setting next_dagrun for tutorial to 2023-11-06T20:03:10.981101+00:00, run_after=2023-11-07T20:03:10.981101+00:00
[2023-11-07T20:03:11.008+0000] {processor.py:179} INFO - Processing /usr/local/lib/python3.10/dist-packages/airflow/example_dags/tutorial.py took 0.096 seconds
[2023-11-07T20:04:00.220+0000] {processor.py:157} INFO - Started process (PID=5532) to work on /usr/local/lib/python3.10/dist-packages/airflow/example_dags/tutorial.py
[2023-11-07T20:04:00.221+0000] {processor.py:829} INFO - Processing file /usr/local/lib/python3.10/dist-packages/airflow/example_dags/tutorial.py for tasks to queue
[2023-11-07T20:04:00.222+0000] {logging_mixin.py:154} INFO - [2023-11-07T20:04:00.222+0000] {dagbag.py:536} INFO - Filling up the DagBag from /usr/local/lib/python3.10/dist-packages/airflow/example_dags/tutorial.py
[2023-11-07T20:04:00.229+0000] {processor.py:839} INFO - DAG(s) dict_keys(['tutorial']) retrieved from /usr/local/lib/python3.10/dist-packages/airflow/example_dags/tutorial.py
[2023-11-07T20:04:00.245+0000] {logging_mixin.py:154} INFO - [2023-11-07T20:04:00.245+0000] {dag.py:2941} INFO - Sync 1 DAGs
[2023-11-07T20:04:00.266+0000] {logging_mixin.py:154} INFO - [2023-11-07T20:04:00.266+0000] {dag.py:3722} INFO - Setting next_dagrun for tutorial to 2023-11-06T20:04:00.265975+00:00, run_after=2023-11-07T20:04:00.265975+00:00
[2023-11-07T20:04:00.291+0000] {processor.py:179} INFO - Processing /usr/local/lib/python3.10/dist-packages/airflow/example_dags/tutorial.py took 0.074 seconds
[2023-11-07T20:04:47.619+0000] {processor.py:157} INFO - Started process (PID=5582) to work on /usr/local/lib/python3.10/dist-packages/airflow/example_dags/tutorial.py
[2023-11-07T20:04:47.620+0000] {processor.py:829} INFO - Processing file /usr/local/lib/python3.10/dist-packages/airflow/example_dags/tutorial.py for tasks to queue
[2023-11-07T20:04:47.622+0000] {logging_mixin.py:154} INFO - [2023-11-07T20:04:47.621+0000] {dagbag.py:536} INFO - Filling up the DagBag from /usr/local/lib/python3.10/dist-packages/airflow/example_dags/tutorial.py
[2023-11-07T20:04:47.634+0000] {processor.py:839} INFO - DAG(s) dict_keys(['tutorial']) retrieved from /usr/local/lib/python3.10/dist-packages/airflow/example_dags/tutorial.py
[2023-11-07T20:04:47.650+0000] {logging_mixin.py:154} INFO - [2023-11-07T20:04:47.650+0000] {dag.py:2941} INFO - Sync 1 DAGs
[2023-11-07T20:04:47.670+0000] {logging_mixin.py:154} INFO - [2023-11-07T20:04:47.670+0000] {dag.py:3722} INFO - Setting next_dagrun for tutorial to 2023-11-06T20:04:47.670040+00:00, run_after=2023-11-07T20:04:47.670040+00:00
[2023-11-07T20:04:47.692+0000] {processor.py:179} INFO - Processing /usr/local/lib/python3.10/dist-packages/airflow/example_dags/tutorial.py took 0.078 seconds
[2023-11-07T20:05:38.924+0000] {processor.py:157} INFO - Started process (PID=5633) to work on /usr/local/lib/python3.10/dist-packages/airflow/example_dags/tutorial.py
[2023-11-07T20:05:38.926+0000] {processor.py:829} INFO - Processing file /usr/local/lib/python3.10/dist-packages/airflow/example_dags/tutorial.py for tasks to queue
[2023-11-07T20:05:38.927+0000] {logging_mixin.py:154} INFO - [2023-11-07T20:05:38.926+0000] {dagbag.py:536} INFO - Filling up the DagBag from /usr/local/lib/python3.10/dist-packages/airflow/example_dags/tutorial.py
[2023-11-07T20:05:38.934+0000] {processor.py:839} INFO - DAG(s) dict_keys(['tutorial']) retrieved from /usr/local/lib/python3.10/dist-packages/airflow/example_dags/tutorial.py
[2023-11-07T20:05:38.950+0000] {logging_mixin.py:154} INFO - [2023-11-07T20:05:38.950+0000] {dag.py:2941} INFO - Sync 1 DAGs
[2023-11-07T20:05:38.974+0000] {logging_mixin.py:154} INFO - [2023-11-07T20:05:38.974+0000] {dag.py:3722} INFO - Setting next_dagrun for tutorial to 2023-11-06T20:05:38.973902+00:00, run_after=2023-11-07T20:05:38.973902+00:00
[2023-11-07T20:05:38.997+0000] {processor.py:179} INFO - Processing /usr/local/lib/python3.10/dist-packages/airflow/example_dags/tutorial.py took 0.082 seconds
[2023-11-07T20:06:28.289+0000] {processor.py:157} INFO - Started process (PID=5684) to work on /usr/local/lib/python3.10/dist-packages/airflow/example_dags/tutorial.py
[2023-11-07T20:06:28.290+0000] {processor.py:829} INFO - Processing file /usr/local/lib/python3.10/dist-packages/airflow/example_dags/tutorial.py for tasks to queue
[2023-11-07T20:06:28.290+0000] {logging_mixin.py:154} INFO - [2023-11-07T20:06:28.290+0000] {dagbag.py:536} INFO - Filling up the DagBag from /usr/local/lib/python3.10/dist-packages/airflow/example_dags/tutorial.py
[2023-11-07T20:06:28.299+0000] {processor.py:839} INFO - DAG(s) dict_keys(['tutorial']) retrieved from /usr/local/lib/python3.10/dist-packages/airflow/example_dags/tutorial.py
[2023-11-07T20:06:28.319+0000] {logging_mixin.py:154} INFO - [2023-11-07T20:06:28.318+0000] {dag.py:2941} INFO - Sync 1 DAGs
[2023-11-07T20:06:28.340+0000] {logging_mixin.py:154} INFO - [2023-11-07T20:06:28.340+0000] {dag.py:3722} INFO - Setting next_dagrun for tutorial to 2023-11-06T20:06:28.339804+00:00, run_after=2023-11-07T20:06:28.339804+00:00
[2023-11-07T20:06:28.376+0000] {processor.py:179} INFO - Processing /usr/local/lib/python3.10/dist-packages/airflow/example_dags/tutorial.py took 0.092 seconds
[2023-11-07T20:07:19.758+0000] {processor.py:157} INFO - Started process (PID=5736) to work on /usr/local/lib/python3.10/dist-packages/airflow/example_dags/tutorial.py
[2023-11-07T20:07:19.760+0000] {processor.py:829} INFO - Processing file /usr/local/lib/python3.10/dist-packages/airflow/example_dags/tutorial.py for tasks to queue
[2023-11-07T20:07:19.761+0000] {logging_mixin.py:154} INFO - [2023-11-07T20:07:19.760+0000] {dagbag.py:536} INFO - Filling up the DagBag from /usr/local/lib/python3.10/dist-packages/airflow/example_dags/tutorial.py
[2023-11-07T20:07:19.768+0000] {processor.py:839} INFO - DAG(s) dict_keys(['tutorial']) retrieved from /usr/local/lib/python3.10/dist-packages/airflow/example_dags/tutorial.py
[2023-11-07T20:07:19.785+0000] {logging_mixin.py:154} INFO - [2023-11-07T20:07:19.785+0000] {dag.py:2941} INFO - Sync 1 DAGs
[2023-11-07T20:07:19.829+0000] {logging_mixin.py:154} INFO - [2023-11-07T20:07:19.829+0000] {dag.py:3722} INFO - Setting next_dagrun for tutorial to 2023-11-06T20:07:19.828940+00:00, run_after=2023-11-07T20:07:19.828940+00:00
[2023-11-07T20:07:19.860+0000] {processor.py:179} INFO - Processing /usr/local/lib/python3.10/dist-packages/airflow/example_dags/tutorial.py took 0.105 seconds
