[2023-11-07T19:31:41.873+0000] {processor.py:157} INFO - Started process (PID=3560) to work on /usr/local/lib/python3.10/dist-packages/airflow/example_dags/tutorial_taskflow_api.py
[2023-11-07T19:31:41.874+0000] {processor.py:829} INFO - Processing file /usr/local/lib/python3.10/dist-packages/airflow/example_dags/tutorial_taskflow_api.py for tasks to queue
[2023-11-07T19:31:41.875+0000] {logging_mixin.py:154} INFO - [2023-11-07T19:31:41.875+0000] {dagbag.py:536} INFO - Filling up the DagBag from /usr/local/lib/python3.10/dist-packages/airflow/example_dags/tutorial_taskflow_api.py
[2023-11-07T19:31:41.881+0000] {processor.py:839} INFO - DAG(s) dict_keys(['tutorial_taskflow_api']) retrieved from /usr/local/lib/python3.10/dist-packages/airflow/example_dags/tutorial_taskflow_api.py
[2023-11-07T19:31:41.995+0000] {logging_mixin.py:154} INFO - [2023-11-07T19:31:41.995+0000] {manager.py:499} INFO - Created Permission View: %s
[2023-11-07T19:31:42.009+0000] {logging_mixin.py:154} INFO - [2023-11-07T19:31:42.009+0000] {manager.py:499} INFO - Created Permission View: %s
[2023-11-07T19:31:42.019+0000] {logging_mixin.py:154} INFO - [2023-11-07T19:31:42.019+0000] {manager.py:499} INFO - Created Permission View: %s
[2023-11-07T19:31:42.020+0000] {logging_mixin.py:154} INFO - [2023-11-07T19:31:42.020+0000] {dag.py:2941} INFO - Sync 1 DAGs
[2023-11-07T19:31:42.029+0000] {logging_mixin.py:154} INFO - [2023-11-07T19:31:42.029+0000] {dag.py:2963} INFO - Creating ORM DAG for tutorial_taskflow_api
[2023-11-07T19:31:42.030+0000] {logging_mixin.py:154} INFO - [2023-11-07T19:31:42.030+0000] {dag.py:3722} INFO - Setting next_dagrun for tutorial_taskflow_api to None, run_after=None
[2023-11-07T19:31:42.049+0000] {processor.py:179} INFO - Processing /usr/local/lib/python3.10/dist-packages/airflow/example_dags/tutorial_taskflow_api.py took 0.179 seconds
[2023-11-07T19:32:34.483+0000] {processor.py:157} INFO - Started process (PID=3607) to work on /usr/local/lib/python3.10/dist-packages/airflow/example_dags/tutorial_taskflow_api.py
[2023-11-07T19:32:34.485+0000] {processor.py:829} INFO - Processing file /usr/local/lib/python3.10/dist-packages/airflow/example_dags/tutorial_taskflow_api.py for tasks to queue
[2023-11-07T19:32:34.486+0000] {logging_mixin.py:154} INFO - [2023-11-07T19:32:34.485+0000] {dagbag.py:536} INFO - Filling up the DagBag from /usr/local/lib/python3.10/dist-packages/airflow/example_dags/tutorial_taskflow_api.py
[2023-11-07T19:32:34.492+0000] {processor.py:839} INFO - DAG(s) dict_keys(['tutorial_taskflow_api']) retrieved from /usr/local/lib/python3.10/dist-packages/airflow/example_dags/tutorial_taskflow_api.py
[2023-11-07T19:32:34.509+0000] {logging_mixin.py:154} INFO - [2023-11-07T19:32:34.509+0000] {dag.py:2941} INFO - Sync 1 DAGs
[2023-11-07T19:32:34.522+0000] {logging_mixin.py:154} INFO - [2023-11-07T19:32:34.522+0000] {dag.py:3722} INFO - Setting next_dagrun for tutorial_taskflow_api to None, run_after=None
[2023-11-07T19:32:34.547+0000] {processor.py:179} INFO - Processing /usr/local/lib/python3.10/dist-packages/airflow/example_dags/tutorial_taskflow_api.py took 0.066 seconds
[2023-11-07T19:33:21.115+0000] {processor.py:157} INFO - Started process (PID=3654) to work on /usr/local/lib/python3.10/dist-packages/airflow/example_dags/tutorial_taskflow_api.py
[2023-11-07T19:33:21.116+0000] {processor.py:829} INFO - Processing file /usr/local/lib/python3.10/dist-packages/airflow/example_dags/tutorial_taskflow_api.py for tasks to queue
[2023-11-07T19:33:21.117+0000] {logging_mixin.py:154} INFO - [2023-11-07T19:33:21.117+0000] {dagbag.py:536} INFO - Filling up the DagBag from /usr/local/lib/python3.10/dist-packages/airflow/example_dags/tutorial_taskflow_api.py
[2023-11-07T19:33:21.125+0000] {processor.py:839} INFO - DAG(s) dict_keys(['tutorial_taskflow_api']) retrieved from /usr/local/lib/python3.10/dist-packages/airflow/example_dags/tutorial_taskflow_api.py
[2023-11-07T19:33:21.144+0000] {logging_mixin.py:154} INFO - [2023-11-07T19:33:21.144+0000] {dag.py:2941} INFO - Sync 1 DAGs
[2023-11-07T19:33:21.155+0000] {logging_mixin.py:154} INFO - [2023-11-07T19:33:21.155+0000] {dag.py:3722} INFO - Setting next_dagrun for tutorial_taskflow_api to None, run_after=None
[2023-11-07T19:33:21.177+0000] {processor.py:179} INFO - Processing /usr/local/lib/python3.10/dist-packages/airflow/example_dags/tutorial_taskflow_api.py took 0.066 seconds
[2023-11-07T19:34:07.836+0000] {processor.py:157} INFO - Started process (PID=3702) to work on /usr/local/lib/python3.10/dist-packages/airflow/example_dags/tutorial_taskflow_api.py
[2023-11-07T19:34:07.837+0000] {processor.py:829} INFO - Processing file /usr/local/lib/python3.10/dist-packages/airflow/example_dags/tutorial_taskflow_api.py for tasks to queue
[2023-11-07T19:34:07.839+0000] {logging_mixin.py:154} INFO - [2023-11-07T19:34:07.838+0000] {dagbag.py:536} INFO - Filling up the DagBag from /usr/local/lib/python3.10/dist-packages/airflow/example_dags/tutorial_taskflow_api.py
[2023-11-07T19:34:07.845+0000] {processor.py:839} INFO - DAG(s) dict_keys(['tutorial_taskflow_api']) retrieved from /usr/local/lib/python3.10/dist-packages/airflow/example_dags/tutorial_taskflow_api.py
[2023-11-07T19:34:07.864+0000] {logging_mixin.py:154} INFO - [2023-11-07T19:34:07.864+0000] {dag.py:2941} INFO - Sync 1 DAGs
[2023-11-07T19:34:07.876+0000] {logging_mixin.py:154} INFO - [2023-11-07T19:34:07.876+0000] {dag.py:3722} INFO - Setting next_dagrun for tutorial_taskflow_api to None, run_after=None
[2023-11-07T19:34:07.899+0000] {processor.py:179} INFO - Processing /usr/local/lib/python3.10/dist-packages/airflow/example_dags/tutorial_taskflow_api.py took 0.067 seconds
[2023-11-07T19:34:54.752+0000] {processor.py:157} INFO - Started process (PID=3752) to work on /usr/local/lib/python3.10/dist-packages/airflow/example_dags/tutorial_taskflow_api.py
[2023-11-07T19:34:54.754+0000] {processor.py:829} INFO - Processing file /usr/local/lib/python3.10/dist-packages/airflow/example_dags/tutorial_taskflow_api.py for tasks to queue
[2023-11-07T19:34:54.755+0000] {logging_mixin.py:154} INFO - [2023-11-07T19:34:54.754+0000] {dagbag.py:536} INFO - Filling up the DagBag from /usr/local/lib/python3.10/dist-packages/airflow/example_dags/tutorial_taskflow_api.py
[2023-11-07T19:34:54.763+0000] {processor.py:839} INFO - DAG(s) dict_keys(['tutorial_taskflow_api']) retrieved from /usr/local/lib/python3.10/dist-packages/airflow/example_dags/tutorial_taskflow_api.py
[2023-11-07T19:34:54.792+0000] {logging_mixin.py:154} INFO - [2023-11-07T19:34:54.791+0000] {dag.py:2941} INFO - Sync 1 DAGs
[2023-11-07T19:34:54.814+0000] {logging_mixin.py:154} INFO - [2023-11-07T19:34:54.814+0000] {dag.py:3722} INFO - Setting next_dagrun for tutorial_taskflow_api to None, run_after=None
[2023-11-07T19:34:54.837+0000] {processor.py:179} INFO - Processing /usr/local/lib/python3.10/dist-packages/airflow/example_dags/tutorial_taskflow_api.py took 0.088 seconds
[2023-11-07T19:35:38.589+0000] {processor.py:157} INFO - Started process (PID=3801) to work on /usr/local/lib/python3.10/dist-packages/airflow/example_dags/tutorial_taskflow_api.py
[2023-11-07T19:35:38.590+0000] {processor.py:829} INFO - Processing file /usr/local/lib/python3.10/dist-packages/airflow/example_dags/tutorial_taskflow_api.py for tasks to queue
[2023-11-07T19:35:38.591+0000] {logging_mixin.py:154} INFO - [2023-11-07T19:35:38.591+0000] {dagbag.py:536} INFO - Filling up the DagBag from /usr/local/lib/python3.10/dist-packages/airflow/example_dags/tutorial_taskflow_api.py
[2023-11-07T19:35:38.601+0000] {processor.py:839} INFO - DAG(s) dict_keys(['tutorial_taskflow_api']) retrieved from /usr/local/lib/python3.10/dist-packages/airflow/example_dags/tutorial_taskflow_api.py
[2023-11-07T19:35:38.618+0000] {logging_mixin.py:154} INFO - [2023-11-07T19:35:38.618+0000] {dag.py:2941} INFO - Sync 1 DAGs
[2023-11-07T19:35:38.630+0000] {logging_mixin.py:154} INFO - [2023-11-07T19:35:38.629+0000] {dag.py:3722} INFO - Setting next_dagrun for tutorial_taskflow_api to None, run_after=None
[2023-11-07T19:35:38.655+0000] {processor.py:179} INFO - Processing /usr/local/lib/python3.10/dist-packages/airflow/example_dags/tutorial_taskflow_api.py took 0.069 seconds
[2023-11-07T19:36:27.441+0000] {processor.py:157} INFO - Started process (PID=3850) to work on /usr/local/lib/python3.10/dist-packages/airflow/example_dags/tutorial_taskflow_api.py
[2023-11-07T19:36:27.442+0000] {processor.py:829} INFO - Processing file /usr/local/lib/python3.10/dist-packages/airflow/example_dags/tutorial_taskflow_api.py for tasks to queue
[2023-11-07T19:36:27.443+0000] {logging_mixin.py:154} INFO - [2023-11-07T19:36:27.443+0000] {dagbag.py:536} INFO - Filling up the DagBag from /usr/local/lib/python3.10/dist-packages/airflow/example_dags/tutorial_taskflow_api.py
[2023-11-07T19:36:27.466+0000] {processor.py:839} INFO - DAG(s) dict_keys(['tutorial_taskflow_api']) retrieved from /usr/local/lib/python3.10/dist-packages/airflow/example_dags/tutorial_taskflow_api.py
[2023-11-07T19:36:27.490+0000] {logging_mixin.py:154} INFO - [2023-11-07T19:36:27.490+0000] {dag.py:2941} INFO - Sync 1 DAGs
[2023-11-07T19:36:27.510+0000] {logging_mixin.py:154} INFO - [2023-11-07T19:36:27.509+0000] {dag.py:3722} INFO - Setting next_dagrun for tutorial_taskflow_api to None, run_after=None
[2023-11-07T19:36:27.564+0000] {processor.py:179} INFO - Processing /usr/local/lib/python3.10/dist-packages/airflow/example_dags/tutorial_taskflow_api.py took 0.131 seconds
[2023-11-07T19:37:07.801+0000] {processor.py:157} INFO - Started process (PID=3890) to work on /usr/local/lib/python3.10/dist-packages/airflow/example_dags/tutorial_taskflow_api.py
[2023-11-07T19:37:07.804+0000] {processor.py:829} INFO - Processing file /usr/local/lib/python3.10/dist-packages/airflow/example_dags/tutorial_taskflow_api.py for tasks to queue
[2023-11-07T19:37:07.805+0000] {logging_mixin.py:154} INFO - [2023-11-07T19:37:07.805+0000] {dagbag.py:536} INFO - Filling up the DagBag from /usr/local/lib/python3.10/dist-packages/airflow/example_dags/tutorial_taskflow_api.py
[2023-11-07T19:37:07.815+0000] {processor.py:839} INFO - DAG(s) dict_keys(['tutorial_taskflow_api']) retrieved from /usr/local/lib/python3.10/dist-packages/airflow/example_dags/tutorial_taskflow_api.py
[2023-11-07T19:37:07.831+0000] {logging_mixin.py:154} INFO - [2023-11-07T19:37:07.831+0000] {dag.py:2941} INFO - Sync 1 DAGs
[2023-11-07T19:37:07.842+0000] {logging_mixin.py:154} INFO - [2023-11-07T19:37:07.842+0000] {dag.py:3722} INFO - Setting next_dagrun for tutorial_taskflow_api to None, run_after=None
[2023-11-07T19:37:07.863+0000] {processor.py:179} INFO - Processing /usr/local/lib/python3.10/dist-packages/airflow/example_dags/tutorial_taskflow_api.py took 0.069 seconds
[2023-11-07T19:37:55.210+0000] {processor.py:157} INFO - Started process (PID=3940) to work on /usr/local/lib/python3.10/dist-packages/airflow/example_dags/tutorial_taskflow_api.py
[2023-11-07T19:37:55.212+0000] {processor.py:829} INFO - Processing file /usr/local/lib/python3.10/dist-packages/airflow/example_dags/tutorial_taskflow_api.py for tasks to queue
[2023-11-07T19:37:55.212+0000] {logging_mixin.py:154} INFO - [2023-11-07T19:37:55.212+0000] {dagbag.py:536} INFO - Filling up the DagBag from /usr/local/lib/python3.10/dist-packages/airflow/example_dags/tutorial_taskflow_api.py
[2023-11-07T19:37:55.219+0000] {processor.py:839} INFO - DAG(s) dict_keys(['tutorial_taskflow_api']) retrieved from /usr/local/lib/python3.10/dist-packages/airflow/example_dags/tutorial_taskflow_api.py
[2023-11-07T19:37:55.235+0000] {logging_mixin.py:154} INFO - [2023-11-07T19:37:55.235+0000] {dag.py:2941} INFO - Sync 1 DAGs
[2023-11-07T19:37:55.247+0000] {logging_mixin.py:154} INFO - [2023-11-07T19:37:55.246+0000] {dag.py:3722} INFO - Setting next_dagrun for tutorial_taskflow_api to None, run_after=None
[2023-11-07T19:37:55.268+0000] {processor.py:179} INFO - Processing /usr/local/lib/python3.10/dist-packages/airflow/example_dags/tutorial_taskflow_api.py took 0.061 seconds
[2023-11-07T19:38:45.381+0000] {processor.py:157} INFO - Started process (PID=3991) to work on /usr/local/lib/python3.10/dist-packages/airflow/example_dags/tutorial_taskflow_api.py
[2023-11-07T19:38:45.383+0000] {processor.py:829} INFO - Processing file /usr/local/lib/python3.10/dist-packages/airflow/example_dags/tutorial_taskflow_api.py for tasks to queue
[2023-11-07T19:38:45.384+0000] {logging_mixin.py:154} INFO - [2023-11-07T19:38:45.384+0000] {dagbag.py:536} INFO - Filling up the DagBag from /usr/local/lib/python3.10/dist-packages/airflow/example_dags/tutorial_taskflow_api.py
[2023-11-07T19:38:45.392+0000] {processor.py:839} INFO - DAG(s) dict_keys(['tutorial_taskflow_api']) retrieved from /usr/local/lib/python3.10/dist-packages/airflow/example_dags/tutorial_taskflow_api.py
[2023-11-07T19:38:45.415+0000] {logging_mixin.py:154} INFO - [2023-11-07T19:38:45.415+0000] {dag.py:2941} INFO - Sync 1 DAGs
[2023-11-07T19:38:45.428+0000] {logging_mixin.py:154} INFO - [2023-11-07T19:38:45.428+0000] {dag.py:3722} INFO - Setting next_dagrun for tutorial_taskflow_api to None, run_after=None
[2023-11-07T19:38:45.471+0000] {processor.py:179} INFO - Processing /usr/local/lib/python3.10/dist-packages/airflow/example_dags/tutorial_taskflow_api.py took 0.095 seconds
[2023-11-07T19:39:29.680+0000] {processor.py:157} INFO - Started process (PID=4038) to work on /usr/local/lib/python3.10/dist-packages/airflow/example_dags/tutorial_taskflow_api.py
[2023-11-07T19:39:29.681+0000] {processor.py:829} INFO - Processing file /usr/local/lib/python3.10/dist-packages/airflow/example_dags/tutorial_taskflow_api.py for tasks to queue
[2023-11-07T19:39:29.682+0000] {logging_mixin.py:154} INFO - [2023-11-07T19:39:29.681+0000] {dagbag.py:536} INFO - Filling up the DagBag from /usr/local/lib/python3.10/dist-packages/airflow/example_dags/tutorial_taskflow_api.py
[2023-11-07T19:39:29.688+0000] {processor.py:839} INFO - DAG(s) dict_keys(['tutorial_taskflow_api']) retrieved from /usr/local/lib/python3.10/dist-packages/airflow/example_dags/tutorial_taskflow_api.py
[2023-11-07T19:39:29.710+0000] {logging_mixin.py:154} INFO - [2023-11-07T19:39:29.710+0000] {dag.py:2941} INFO - Sync 1 DAGs
[2023-11-07T19:39:29.722+0000] {logging_mixin.py:154} INFO - [2023-11-07T19:39:29.721+0000] {dag.py:3722} INFO - Setting next_dagrun for tutorial_taskflow_api to None, run_after=None
[2023-11-07T19:39:29.754+0000] {processor.py:179} INFO - Processing /usr/local/lib/python3.10/dist-packages/airflow/example_dags/tutorial_taskflow_api.py took 0.077 seconds
[2023-11-07T19:40:19.975+0000] {processor.py:157} INFO - Started process (PID=4088) to work on /usr/local/lib/python3.10/dist-packages/airflow/example_dags/tutorial_taskflow_api.py
[2023-11-07T19:40:19.976+0000] {processor.py:829} INFO - Processing file /usr/local/lib/python3.10/dist-packages/airflow/example_dags/tutorial_taskflow_api.py for tasks to queue
[2023-11-07T19:40:19.976+0000] {logging_mixin.py:154} INFO - [2023-11-07T19:40:19.976+0000] {dagbag.py:536} INFO - Filling up the DagBag from /usr/local/lib/python3.10/dist-packages/airflow/example_dags/tutorial_taskflow_api.py
[2023-11-07T19:40:19.985+0000] {processor.py:839} INFO - DAG(s) dict_keys(['tutorial_taskflow_api']) retrieved from /usr/local/lib/python3.10/dist-packages/airflow/example_dags/tutorial_taskflow_api.py
[2023-11-07T19:40:20.005+0000] {logging_mixin.py:154} INFO - [2023-11-07T19:40:20.005+0000] {dag.py:2941} INFO - Sync 1 DAGs
[2023-11-07T19:40:20.017+0000] {logging_mixin.py:154} INFO - [2023-11-07T19:40:20.017+0000] {dag.py:3722} INFO - Setting next_dagrun for tutorial_taskflow_api to None, run_after=None
[2023-11-07T19:40:20.042+0000] {processor.py:179} INFO - Processing /usr/local/lib/python3.10/dist-packages/airflow/example_dags/tutorial_taskflow_api.py took 0.071 seconds
[2023-11-07T19:41:11.939+0000] {processor.py:157} INFO - Started process (PID=4142) to work on /usr/local/lib/python3.10/dist-packages/airflow/example_dags/tutorial_taskflow_api.py
[2023-11-07T19:41:11.941+0000] {processor.py:829} INFO - Processing file /usr/local/lib/python3.10/dist-packages/airflow/example_dags/tutorial_taskflow_api.py for tasks to queue
[2023-11-07T19:41:11.942+0000] {logging_mixin.py:154} INFO - [2023-11-07T19:41:11.941+0000] {dagbag.py:536} INFO - Filling up the DagBag from /usr/local/lib/python3.10/dist-packages/airflow/example_dags/tutorial_taskflow_api.py
[2023-11-07T19:41:11.949+0000] {processor.py:839} INFO - DAG(s) dict_keys(['tutorial_taskflow_api']) retrieved from /usr/local/lib/python3.10/dist-packages/airflow/example_dags/tutorial_taskflow_api.py
[2023-11-07T19:41:11.971+0000] {logging_mixin.py:154} INFO - [2023-11-07T19:41:11.971+0000] {dag.py:2941} INFO - Sync 1 DAGs
[2023-11-07T19:41:11.996+0000] {logging_mixin.py:154} INFO - [2023-11-07T19:41:11.995+0000] {dag.py:3722} INFO - Setting next_dagrun for tutorial_taskflow_api to None, run_after=None
[2023-11-07T19:41:12.036+0000] {processor.py:179} INFO - Processing /usr/local/lib/python3.10/dist-packages/airflow/example_dags/tutorial_taskflow_api.py took 0.100 seconds
[2023-11-07T19:41:58.967+0000] {processor.py:157} INFO - Started process (PID=4191) to work on /usr/local/lib/python3.10/dist-packages/airflow/example_dags/tutorial_taskflow_api.py
[2023-11-07T19:41:58.968+0000] {processor.py:829} INFO - Processing file /usr/local/lib/python3.10/dist-packages/airflow/example_dags/tutorial_taskflow_api.py for tasks to queue
[2023-11-07T19:41:58.969+0000] {logging_mixin.py:154} INFO - [2023-11-07T19:41:58.968+0000] {dagbag.py:536} INFO - Filling up the DagBag from /usr/local/lib/python3.10/dist-packages/airflow/example_dags/tutorial_taskflow_api.py
[2023-11-07T19:41:58.975+0000] {processor.py:839} INFO - DAG(s) dict_keys(['tutorial_taskflow_api']) retrieved from /usr/local/lib/python3.10/dist-packages/airflow/example_dags/tutorial_taskflow_api.py
[2023-11-07T19:41:58.992+0000] {logging_mixin.py:154} INFO - [2023-11-07T19:41:58.991+0000] {dag.py:2941} INFO - Sync 1 DAGs
[2023-11-07T19:41:59.003+0000] {logging_mixin.py:154} INFO - [2023-11-07T19:41:59.003+0000] {dag.py:3722} INFO - Setting next_dagrun for tutorial_taskflow_api to None, run_after=None
[2023-11-07T19:41:59.041+0000] {processor.py:179} INFO - Processing /usr/local/lib/python3.10/dist-packages/airflow/example_dags/tutorial_taskflow_api.py took 0.077 seconds
[2023-11-07T19:42:46.729+0000] {processor.py:157} INFO - Started process (PID=4241) to work on /usr/local/lib/python3.10/dist-packages/airflow/example_dags/tutorial_taskflow_api.py
[2023-11-07T19:42:46.731+0000] {processor.py:829} INFO - Processing file /usr/local/lib/python3.10/dist-packages/airflow/example_dags/tutorial_taskflow_api.py for tasks to queue
[2023-11-07T19:42:46.731+0000] {logging_mixin.py:154} INFO - [2023-11-07T19:42:46.731+0000] {dagbag.py:536} INFO - Filling up the DagBag from /usr/local/lib/python3.10/dist-packages/airflow/example_dags/tutorial_taskflow_api.py
[2023-11-07T19:42:46.741+0000] {processor.py:839} INFO - DAG(s) dict_keys(['tutorial_taskflow_api']) retrieved from /usr/local/lib/python3.10/dist-packages/airflow/example_dags/tutorial_taskflow_api.py
[2023-11-07T19:42:46.757+0000] {logging_mixin.py:154} INFO - [2023-11-07T19:42:46.756+0000] {dag.py:2941} INFO - Sync 1 DAGs
[2023-11-07T19:42:46.768+0000] {logging_mixin.py:154} INFO - [2023-11-07T19:42:46.768+0000] {dag.py:3722} INFO - Setting next_dagrun for tutorial_taskflow_api to None, run_after=None
[2023-11-07T19:42:46.800+0000] {processor.py:179} INFO - Processing /usr/local/lib/python3.10/dist-packages/airflow/example_dags/tutorial_taskflow_api.py took 0.079 seconds
[2023-11-07T19:43:36.968+0000] {processor.py:157} INFO - Started process (PID=4292) to work on /usr/local/lib/python3.10/dist-packages/airflow/example_dags/tutorial_taskflow_api.py
[2023-11-07T19:43:36.969+0000] {processor.py:829} INFO - Processing file /usr/local/lib/python3.10/dist-packages/airflow/example_dags/tutorial_taskflow_api.py for tasks to queue
[2023-11-07T19:43:36.970+0000] {logging_mixin.py:154} INFO - [2023-11-07T19:43:36.970+0000] {dagbag.py:536} INFO - Filling up the DagBag from /usr/local/lib/python3.10/dist-packages/airflow/example_dags/tutorial_taskflow_api.py
[2023-11-07T19:43:36.978+0000] {processor.py:839} INFO - DAG(s) dict_keys(['tutorial_taskflow_api']) retrieved from /usr/local/lib/python3.10/dist-packages/airflow/example_dags/tutorial_taskflow_api.py
[2023-11-07T19:43:36.996+0000] {logging_mixin.py:154} INFO - [2023-11-07T19:43:36.996+0000] {dag.py:2941} INFO - Sync 1 DAGs
[2023-11-07T19:43:37.008+0000] {logging_mixin.py:154} INFO - [2023-11-07T19:43:37.008+0000] {dag.py:3722} INFO - Setting next_dagrun for tutorial_taskflow_api to None, run_after=None
[2023-11-07T19:43:37.031+0000] {processor.py:179} INFO - Processing /usr/local/lib/python3.10/dist-packages/airflow/example_dags/tutorial_taskflow_api.py took 0.067 seconds
[2023-11-07T19:44:27.747+0000] {processor.py:157} INFO - Started process (PID=4343) to work on /usr/local/lib/python3.10/dist-packages/airflow/example_dags/tutorial_taskflow_api.py
[2023-11-07T19:44:27.748+0000] {processor.py:829} INFO - Processing file /usr/local/lib/python3.10/dist-packages/airflow/example_dags/tutorial_taskflow_api.py for tasks to queue
[2023-11-07T19:44:27.749+0000] {logging_mixin.py:154} INFO - [2023-11-07T19:44:27.748+0000] {dagbag.py:536} INFO - Filling up the DagBag from /usr/local/lib/python3.10/dist-packages/airflow/example_dags/tutorial_taskflow_api.py
[2023-11-07T19:44:27.756+0000] {processor.py:839} INFO - DAG(s) dict_keys(['tutorial_taskflow_api']) retrieved from /usr/local/lib/python3.10/dist-packages/airflow/example_dags/tutorial_taskflow_api.py
[2023-11-07T19:44:27.773+0000] {logging_mixin.py:154} INFO - [2023-11-07T19:44:27.773+0000] {dag.py:2941} INFO - Sync 1 DAGs
[2023-11-07T19:44:27.785+0000] {logging_mixin.py:154} INFO - [2023-11-07T19:44:27.785+0000] {dag.py:3722} INFO - Setting next_dagrun for tutorial_taskflow_api to None, run_after=None
[2023-11-07T19:44:27.810+0000] {processor.py:179} INFO - Processing /usr/local/lib/python3.10/dist-packages/airflow/example_dags/tutorial_taskflow_api.py took 0.067 seconds
[2023-11-07T19:45:21.445+0000] {processor.py:157} INFO - Started process (PID=4396) to work on /usr/local/lib/python3.10/dist-packages/airflow/example_dags/tutorial_taskflow_api.py
[2023-11-07T19:45:21.446+0000] {processor.py:829} INFO - Processing file /usr/local/lib/python3.10/dist-packages/airflow/example_dags/tutorial_taskflow_api.py for tasks to queue
[2023-11-07T19:45:21.447+0000] {logging_mixin.py:154} INFO - [2023-11-07T19:45:21.446+0000] {dagbag.py:536} INFO - Filling up the DagBag from /usr/local/lib/python3.10/dist-packages/airflow/example_dags/tutorial_taskflow_api.py
[2023-11-07T19:45:21.453+0000] {processor.py:839} INFO - DAG(s) dict_keys(['tutorial_taskflow_api']) retrieved from /usr/local/lib/python3.10/dist-packages/airflow/example_dags/tutorial_taskflow_api.py
[2023-11-07T19:45:21.470+0000] {logging_mixin.py:154} INFO - [2023-11-07T19:45:21.470+0000] {dag.py:2941} INFO - Sync 1 DAGs
[2023-11-07T19:45:21.481+0000] {logging_mixin.py:154} INFO - [2023-11-07T19:45:21.480+0000] {dag.py:3722} INFO - Setting next_dagrun for tutorial_taskflow_api to None, run_after=None
[2023-11-07T19:45:21.508+0000] {processor.py:179} INFO - Processing /usr/local/lib/python3.10/dist-packages/airflow/example_dags/tutorial_taskflow_api.py took 0.068 seconds
[2023-11-07T19:46:17.040+0000] {processor.py:157} INFO - Started process (PID=4450) to work on /usr/local/lib/python3.10/dist-packages/airflow/example_dags/tutorial_taskflow_api.py
[2023-11-07T19:46:17.042+0000] {processor.py:829} INFO - Processing file /usr/local/lib/python3.10/dist-packages/airflow/example_dags/tutorial_taskflow_api.py for tasks to queue
[2023-11-07T19:46:17.042+0000] {logging_mixin.py:154} INFO - [2023-11-07T19:46:17.042+0000] {dagbag.py:536} INFO - Filling up the DagBag from /usr/local/lib/python3.10/dist-packages/airflow/example_dags/tutorial_taskflow_api.py
[2023-11-07T19:46:17.049+0000] {processor.py:839} INFO - DAG(s) dict_keys(['tutorial_taskflow_api']) retrieved from /usr/local/lib/python3.10/dist-packages/airflow/example_dags/tutorial_taskflow_api.py
[2023-11-07T19:46:17.067+0000] {logging_mixin.py:154} INFO - [2023-11-07T19:46:17.066+0000] {dag.py:2941} INFO - Sync 1 DAGs
[2023-11-07T19:46:17.078+0000] {logging_mixin.py:154} INFO - [2023-11-07T19:46:17.078+0000] {dag.py:3722} INFO - Setting next_dagrun for tutorial_taskflow_api to None, run_after=None
[2023-11-07T19:46:17.103+0000] {processor.py:179} INFO - Processing /usr/local/lib/python3.10/dist-packages/airflow/example_dags/tutorial_taskflow_api.py took 0.066 seconds
[2023-11-07T19:47:06.934+0000] {processor.py:157} INFO - Started process (PID=4501) to work on /usr/local/lib/python3.10/dist-packages/airflow/example_dags/tutorial_taskflow_api.py
[2023-11-07T19:47:06.936+0000] {processor.py:829} INFO - Processing file /usr/local/lib/python3.10/dist-packages/airflow/example_dags/tutorial_taskflow_api.py for tasks to queue
[2023-11-07T19:47:06.936+0000] {logging_mixin.py:154} INFO - [2023-11-07T19:47:06.936+0000] {dagbag.py:536} INFO - Filling up the DagBag from /usr/local/lib/python3.10/dist-packages/airflow/example_dags/tutorial_taskflow_api.py
[2023-11-07T19:47:06.943+0000] {processor.py:839} INFO - DAG(s) dict_keys(['tutorial_taskflow_api']) retrieved from /usr/local/lib/python3.10/dist-packages/airflow/example_dags/tutorial_taskflow_api.py
[2023-11-07T19:47:06.959+0000] {logging_mixin.py:154} INFO - [2023-11-07T19:47:06.959+0000] {dag.py:2941} INFO - Sync 1 DAGs
[2023-11-07T19:47:06.974+0000] {logging_mixin.py:154} INFO - [2023-11-07T19:47:06.974+0000] {dag.py:3722} INFO - Setting next_dagrun for tutorial_taskflow_api to None, run_after=None
[2023-11-07T19:47:07.009+0000] {processor.py:179} INFO - Processing /usr/local/lib/python3.10/dist-packages/airflow/example_dags/tutorial_taskflow_api.py took 0.078 seconds
[2023-11-07T19:47:58.060+0000] {processor.py:157} INFO - Started process (PID=4554) to work on /usr/local/lib/python3.10/dist-packages/airflow/example_dags/tutorial_taskflow_api.py
[2023-11-07T19:47:58.061+0000] {processor.py:829} INFO - Processing file /usr/local/lib/python3.10/dist-packages/airflow/example_dags/tutorial_taskflow_api.py for tasks to queue
[2023-11-07T19:47:58.062+0000] {logging_mixin.py:154} INFO - [2023-11-07T19:47:58.062+0000] {dagbag.py:536} INFO - Filling up the DagBag from /usr/local/lib/python3.10/dist-packages/airflow/example_dags/tutorial_taskflow_api.py
[2023-11-07T19:47:58.074+0000] {processor.py:839} INFO - DAG(s) dict_keys(['tutorial_taskflow_api']) retrieved from /usr/local/lib/python3.10/dist-packages/airflow/example_dags/tutorial_taskflow_api.py
[2023-11-07T19:47:58.100+0000] {logging_mixin.py:154} INFO - [2023-11-07T19:47:58.100+0000] {dag.py:2941} INFO - Sync 1 DAGs
[2023-11-07T19:47:58.112+0000] {logging_mixin.py:154} INFO - [2023-11-07T19:47:58.112+0000] {dag.py:3722} INFO - Setting next_dagrun for tutorial_taskflow_api to None, run_after=None
[2023-11-07T19:47:58.143+0000] {processor.py:179} INFO - Processing /usr/local/lib/python3.10/dist-packages/airflow/example_dags/tutorial_taskflow_api.py took 0.088 seconds
[2023-11-07T19:48:47.495+0000] {processor.py:157} INFO - Started process (PID=4605) to work on /usr/local/lib/python3.10/dist-packages/airflow/example_dags/tutorial_taskflow_api.py
[2023-11-07T19:48:47.496+0000] {processor.py:829} INFO - Processing file /usr/local/lib/python3.10/dist-packages/airflow/example_dags/tutorial_taskflow_api.py for tasks to queue
[2023-11-07T19:48:47.497+0000] {logging_mixin.py:154} INFO - [2023-11-07T19:48:47.496+0000] {dagbag.py:536} INFO - Filling up the DagBag from /usr/local/lib/python3.10/dist-packages/airflow/example_dags/tutorial_taskflow_api.py
[2023-11-07T19:48:47.505+0000] {processor.py:839} INFO - DAG(s) dict_keys(['tutorial_taskflow_api']) retrieved from /usr/local/lib/python3.10/dist-packages/airflow/example_dags/tutorial_taskflow_api.py
[2023-11-07T19:48:47.526+0000] {logging_mixin.py:154} INFO - [2023-11-07T19:48:47.526+0000] {dag.py:2941} INFO - Sync 1 DAGs
[2023-11-07T19:48:47.579+0000] {logging_mixin.py:154} INFO - [2023-11-07T19:48:47.578+0000] {dag.py:3722} INFO - Setting next_dagrun for tutorial_taskflow_api to None, run_after=None
[2023-11-07T19:48:47.610+0000] {processor.py:179} INFO - Processing /usr/local/lib/python3.10/dist-packages/airflow/example_dags/tutorial_taskflow_api.py took 0.120 seconds
[2023-11-07T19:49:34.041+0000] {processor.py:157} INFO - Started process (PID=4654) to work on /usr/local/lib/python3.10/dist-packages/airflow/example_dags/tutorial_taskflow_api.py
[2023-11-07T19:49:34.042+0000] {processor.py:829} INFO - Processing file /usr/local/lib/python3.10/dist-packages/airflow/example_dags/tutorial_taskflow_api.py for tasks to queue
[2023-11-07T19:49:34.043+0000] {logging_mixin.py:154} INFO - [2023-11-07T19:49:34.043+0000] {dagbag.py:536} INFO - Filling up the DagBag from /usr/local/lib/python3.10/dist-packages/airflow/example_dags/tutorial_taskflow_api.py
[2023-11-07T19:49:34.052+0000] {processor.py:839} INFO - DAG(s) dict_keys(['tutorial_taskflow_api']) retrieved from /usr/local/lib/python3.10/dist-packages/airflow/example_dags/tutorial_taskflow_api.py
[2023-11-07T19:49:34.085+0000] {logging_mixin.py:154} INFO - [2023-11-07T19:49:34.084+0000] {dag.py:2941} INFO - Sync 1 DAGs
[2023-11-07T19:49:34.096+0000] {logging_mixin.py:154} INFO - [2023-11-07T19:49:34.096+0000] {dag.py:3722} INFO - Setting next_dagrun for tutorial_taskflow_api to None, run_after=None
[2023-11-07T19:49:34.119+0000] {processor.py:179} INFO - Processing /usr/local/lib/python3.10/dist-packages/airflow/example_dags/tutorial_taskflow_api.py took 0.083 seconds
[2023-11-07T19:50:23.844+0000] {processor.py:157} INFO - Started process (PID=4704) to work on /usr/local/lib/python3.10/dist-packages/airflow/example_dags/tutorial_taskflow_api.py
[2023-11-07T19:50:23.845+0000] {processor.py:829} INFO - Processing file /usr/local/lib/python3.10/dist-packages/airflow/example_dags/tutorial_taskflow_api.py for tasks to queue
[2023-11-07T19:50:23.846+0000] {logging_mixin.py:154} INFO - [2023-11-07T19:50:23.846+0000] {dagbag.py:536} INFO - Filling up the DagBag from /usr/local/lib/python3.10/dist-packages/airflow/example_dags/tutorial_taskflow_api.py
[2023-11-07T19:50:23.852+0000] {processor.py:839} INFO - DAG(s) dict_keys(['tutorial_taskflow_api']) retrieved from /usr/local/lib/python3.10/dist-packages/airflow/example_dags/tutorial_taskflow_api.py
[2023-11-07T19:50:23.869+0000] {logging_mixin.py:154} INFO - [2023-11-07T19:50:23.869+0000] {dag.py:2941} INFO - Sync 1 DAGs
[2023-11-07T19:50:23.892+0000] {logging_mixin.py:154} INFO - [2023-11-07T19:50:23.892+0000] {dag.py:3722} INFO - Setting next_dagrun for tutorial_taskflow_api to None, run_after=None
[2023-11-07T19:50:23.917+0000] {processor.py:179} INFO - Processing /usr/local/lib/python3.10/dist-packages/airflow/example_dags/tutorial_taskflow_api.py took 0.077 seconds
[2023-11-07T19:51:14.761+0000] {processor.py:157} INFO - Started process (PID=4756) to work on /usr/local/lib/python3.10/dist-packages/airflow/example_dags/tutorial_taskflow_api.py
[2023-11-07T19:51:14.767+0000] {processor.py:829} INFO - Processing file /usr/local/lib/python3.10/dist-packages/airflow/example_dags/tutorial_taskflow_api.py for tasks to queue
[2023-11-07T19:51:14.767+0000] {logging_mixin.py:154} INFO - [2023-11-07T19:51:14.767+0000] {dagbag.py:536} INFO - Filling up the DagBag from /usr/local/lib/python3.10/dist-packages/airflow/example_dags/tutorial_taskflow_api.py
[2023-11-07T19:51:14.789+0000] {processor.py:839} INFO - DAG(s) dict_keys(['tutorial_taskflow_api']) retrieved from /usr/local/lib/python3.10/dist-packages/airflow/example_dags/tutorial_taskflow_api.py
[2023-11-07T19:51:14.823+0000] {logging_mixin.py:154} INFO - [2023-11-07T19:51:14.823+0000] {dag.py:2941} INFO - Sync 1 DAGs
[2023-11-07T19:51:14.843+0000] {logging_mixin.py:154} INFO - [2023-11-07T19:51:14.843+0000] {dag.py:3722} INFO - Setting next_dagrun for tutorial_taskflow_api to None, run_after=None
[2023-11-07T19:51:14.876+0000] {processor.py:179} INFO - Processing /usr/local/lib/python3.10/dist-packages/airflow/example_dags/tutorial_taskflow_api.py took 0.139 seconds
[2023-11-07T19:52:03.912+0000] {processor.py:157} INFO - Started process (PID=4807) to work on /usr/local/lib/python3.10/dist-packages/airflow/example_dags/tutorial_taskflow_api.py
[2023-11-07T19:52:03.913+0000] {processor.py:829} INFO - Processing file /usr/local/lib/python3.10/dist-packages/airflow/example_dags/tutorial_taskflow_api.py for tasks to queue
[2023-11-07T19:52:03.914+0000] {logging_mixin.py:154} INFO - [2023-11-07T19:52:03.914+0000] {dagbag.py:536} INFO - Filling up the DagBag from /usr/local/lib/python3.10/dist-packages/airflow/example_dags/tutorial_taskflow_api.py
[2023-11-07T19:52:03.921+0000] {processor.py:839} INFO - DAG(s) dict_keys(['tutorial_taskflow_api']) retrieved from /usr/local/lib/python3.10/dist-packages/airflow/example_dags/tutorial_taskflow_api.py
[2023-11-07T19:52:03.938+0000] {logging_mixin.py:154} INFO - [2023-11-07T19:52:03.937+0000] {dag.py:2941} INFO - Sync 1 DAGs
[2023-11-07T19:52:03.949+0000] {logging_mixin.py:154} INFO - [2023-11-07T19:52:03.948+0000] {dag.py:3722} INFO - Setting next_dagrun for tutorial_taskflow_api to None, run_after=None
[2023-11-07T19:52:03.970+0000] {processor.py:179} INFO - Processing /usr/local/lib/python3.10/dist-packages/airflow/example_dags/tutorial_taskflow_api.py took 0.061 seconds
[2023-11-07T19:52:40.251+0000] {processor.py:157} INFO - Started process (PID=4844) to work on /usr/local/lib/python3.10/dist-packages/airflow/example_dags/tutorial_taskflow_api.py
[2023-11-07T19:52:40.252+0000] {processor.py:829} INFO - Processing file /usr/local/lib/python3.10/dist-packages/airflow/example_dags/tutorial_taskflow_api.py for tasks to queue
[2023-11-07T19:52:40.253+0000] {logging_mixin.py:154} INFO - [2023-11-07T19:52:40.252+0000] {dagbag.py:536} INFO - Filling up the DagBag from /usr/local/lib/python3.10/dist-packages/airflow/example_dags/tutorial_taskflow_api.py
[2023-11-07T19:52:40.263+0000] {processor.py:839} INFO - DAG(s) dict_keys(['tutorial_taskflow_api']) retrieved from /usr/local/lib/python3.10/dist-packages/airflow/example_dags/tutorial_taskflow_api.py
[2023-11-07T19:52:40.293+0000] {logging_mixin.py:154} INFO - [2023-11-07T19:52:40.293+0000] {dag.py:2941} INFO - Sync 1 DAGs
[2023-11-07T19:52:40.305+0000] {logging_mixin.py:154} INFO - [2023-11-07T19:52:40.305+0000] {dag.py:3722} INFO - Setting next_dagrun for tutorial_taskflow_api to None, run_after=None
[2023-11-07T19:52:40.327+0000] {processor.py:179} INFO - Processing /usr/local/lib/python3.10/dist-packages/airflow/example_dags/tutorial_taskflow_api.py took 0.080 seconds
[2023-11-07T19:53:33.131+0000] {processor.py:157} INFO - Started process (PID=4897) to work on /usr/local/lib/python3.10/dist-packages/airflow/example_dags/tutorial_taskflow_api.py
[2023-11-07T19:53:33.132+0000] {processor.py:829} INFO - Processing file /usr/local/lib/python3.10/dist-packages/airflow/example_dags/tutorial_taskflow_api.py for tasks to queue
[2023-11-07T19:53:33.133+0000] {logging_mixin.py:154} INFO - [2023-11-07T19:53:33.133+0000] {dagbag.py:536} INFO - Filling up the DagBag from /usr/local/lib/python3.10/dist-packages/airflow/example_dags/tutorial_taskflow_api.py
[2023-11-07T19:53:33.140+0000] {processor.py:839} INFO - DAG(s) dict_keys(['tutorial_taskflow_api']) retrieved from /usr/local/lib/python3.10/dist-packages/airflow/example_dags/tutorial_taskflow_api.py
[2023-11-07T19:53:33.158+0000] {logging_mixin.py:154} INFO - [2023-11-07T19:53:33.158+0000] {dag.py:2941} INFO - Sync 1 DAGs
[2023-11-07T19:53:33.182+0000] {logging_mixin.py:154} INFO - [2023-11-07T19:53:33.182+0000] {dag.py:3722} INFO - Setting next_dagrun for tutorial_taskflow_api to None, run_after=None
[2023-11-07T19:53:33.216+0000] {processor.py:179} INFO - Processing /usr/local/lib/python3.10/dist-packages/airflow/example_dags/tutorial_taskflow_api.py took 0.089 seconds
[2023-11-07T19:54:27.727+0000] {processor.py:157} INFO - Started process (PID=4950) to work on /usr/local/lib/python3.10/dist-packages/airflow/example_dags/tutorial_taskflow_api.py
[2023-11-07T19:54:27.728+0000] {processor.py:829} INFO - Processing file /usr/local/lib/python3.10/dist-packages/airflow/example_dags/tutorial_taskflow_api.py for tasks to queue
[2023-11-07T19:54:27.729+0000] {logging_mixin.py:154} INFO - [2023-11-07T19:54:27.729+0000] {dagbag.py:536} INFO - Filling up the DagBag from /usr/local/lib/python3.10/dist-packages/airflow/example_dags/tutorial_taskflow_api.py
[2023-11-07T19:54:27.743+0000] {processor.py:839} INFO - DAG(s) dict_keys(['tutorial_taskflow_api']) retrieved from /usr/local/lib/python3.10/dist-packages/airflow/example_dags/tutorial_taskflow_api.py
[2023-11-07T19:54:27.762+0000] {logging_mixin.py:154} INFO - [2023-11-07T19:54:27.762+0000] {dag.py:2941} INFO - Sync 1 DAGs
[2023-11-07T19:54:27.773+0000] {logging_mixin.py:154} INFO - [2023-11-07T19:54:27.773+0000] {dag.py:3722} INFO - Setting next_dagrun for tutorial_taskflow_api to None, run_after=None
[2023-11-07T19:54:27.799+0000] {processor.py:179} INFO - Processing /usr/local/lib/python3.10/dist-packages/airflow/example_dags/tutorial_taskflow_api.py took 0.077 seconds
[2023-11-07T19:55:17.069+0000] {processor.py:157} INFO - Started process (PID=5001) to work on /usr/local/lib/python3.10/dist-packages/airflow/example_dags/tutorial_taskflow_api.py
[2023-11-07T19:55:17.070+0000] {processor.py:829} INFO - Processing file /usr/local/lib/python3.10/dist-packages/airflow/example_dags/tutorial_taskflow_api.py for tasks to queue
[2023-11-07T19:55:17.072+0000] {logging_mixin.py:154} INFO - [2023-11-07T19:55:17.071+0000] {dagbag.py:536} INFO - Filling up the DagBag from /usr/local/lib/python3.10/dist-packages/airflow/example_dags/tutorial_taskflow_api.py
[2023-11-07T19:55:17.081+0000] {processor.py:839} INFO - DAG(s) dict_keys(['tutorial_taskflow_api']) retrieved from /usr/local/lib/python3.10/dist-packages/airflow/example_dags/tutorial_taskflow_api.py
[2023-11-07T19:55:17.120+0000] {logging_mixin.py:154} INFO - [2023-11-07T19:55:17.119+0000] {dag.py:2941} INFO - Sync 1 DAGs
[2023-11-07T19:55:17.139+0000] {logging_mixin.py:154} INFO - [2023-11-07T19:55:17.138+0000] {dag.py:3722} INFO - Setting next_dagrun for tutorial_taskflow_api to None, run_after=None
[2023-11-07T19:55:17.162+0000] {processor.py:179} INFO - Processing /usr/local/lib/python3.10/dist-packages/airflow/example_dags/tutorial_taskflow_api.py took 0.096 seconds
[2023-11-07T19:56:12.381+0000] {processor.py:157} INFO - Started process (PID=5055) to work on /usr/local/lib/python3.10/dist-packages/airflow/example_dags/tutorial_taskflow_api.py
[2023-11-07T19:56:12.382+0000] {processor.py:829} INFO - Processing file /usr/local/lib/python3.10/dist-packages/airflow/example_dags/tutorial_taskflow_api.py for tasks to queue
[2023-11-07T19:56:12.383+0000] {logging_mixin.py:154} INFO - [2023-11-07T19:56:12.383+0000] {dagbag.py:536} INFO - Filling up the DagBag from /usr/local/lib/python3.10/dist-packages/airflow/example_dags/tutorial_taskflow_api.py
[2023-11-07T19:56:12.390+0000] {processor.py:839} INFO - DAG(s) dict_keys(['tutorial_taskflow_api']) retrieved from /usr/local/lib/python3.10/dist-packages/airflow/example_dags/tutorial_taskflow_api.py
[2023-11-07T19:56:12.406+0000] {logging_mixin.py:154} INFO - [2023-11-07T19:56:12.406+0000] {dag.py:2941} INFO - Sync 1 DAGs
[2023-11-07T19:56:12.417+0000] {logging_mixin.py:154} INFO - [2023-11-07T19:56:12.417+0000] {dag.py:3722} INFO - Setting next_dagrun for tutorial_taskflow_api to None, run_after=None
[2023-11-07T19:56:12.439+0000] {processor.py:179} INFO - Processing /usr/local/lib/python3.10/dist-packages/airflow/example_dags/tutorial_taskflow_api.py took 0.060 seconds
[2023-11-07T19:57:05.004+0000] {processor.py:157} INFO - Started process (PID=5108) to work on /usr/local/lib/python3.10/dist-packages/airflow/example_dags/tutorial_taskflow_api.py
[2023-11-07T19:57:05.006+0000] {processor.py:829} INFO - Processing file /usr/local/lib/python3.10/dist-packages/airflow/example_dags/tutorial_taskflow_api.py for tasks to queue
[2023-11-07T19:57:05.007+0000] {logging_mixin.py:154} INFO - [2023-11-07T19:57:05.007+0000] {dagbag.py:536} INFO - Filling up the DagBag from /usr/local/lib/python3.10/dist-packages/airflow/example_dags/tutorial_taskflow_api.py
[2023-11-07T19:57:05.014+0000] {processor.py:839} INFO - DAG(s) dict_keys(['tutorial_taskflow_api']) retrieved from /usr/local/lib/python3.10/dist-packages/airflow/example_dags/tutorial_taskflow_api.py
[2023-11-07T19:57:05.037+0000] {logging_mixin.py:154} INFO - [2023-11-07T19:57:05.037+0000] {dag.py:2941} INFO - Sync 1 DAGs
[2023-11-07T19:57:05.049+0000] {logging_mixin.py:154} INFO - [2023-11-07T19:57:05.049+0000] {dag.py:3722} INFO - Setting next_dagrun for tutorial_taskflow_api to None, run_after=None
[2023-11-07T19:57:05.071+0000] {processor.py:179} INFO - Processing /usr/local/lib/python3.10/dist-packages/airflow/example_dags/tutorial_taskflow_api.py took 0.072 seconds
[2023-11-07T19:57:56.726+0000] {processor.py:157} INFO - Started process (PID=5160) to work on /usr/local/lib/python3.10/dist-packages/airflow/example_dags/tutorial_taskflow_api.py
[2023-11-07T19:57:56.727+0000] {processor.py:829} INFO - Processing file /usr/local/lib/python3.10/dist-packages/airflow/example_dags/tutorial_taskflow_api.py for tasks to queue
[2023-11-07T19:57:56.728+0000] {logging_mixin.py:154} INFO - [2023-11-07T19:57:56.728+0000] {dagbag.py:536} INFO - Filling up the DagBag from /usr/local/lib/python3.10/dist-packages/airflow/example_dags/tutorial_taskflow_api.py
[2023-11-07T19:57:56.738+0000] {processor.py:839} INFO - DAG(s) dict_keys(['tutorial_taskflow_api']) retrieved from /usr/local/lib/python3.10/dist-packages/airflow/example_dags/tutorial_taskflow_api.py
[2023-11-07T19:57:56.762+0000] {logging_mixin.py:154} INFO - [2023-11-07T19:57:56.762+0000] {dag.py:2941} INFO - Sync 1 DAGs
[2023-11-07T19:57:56.776+0000] {logging_mixin.py:154} INFO - [2023-11-07T19:57:56.775+0000] {dag.py:3722} INFO - Setting next_dagrun for tutorial_taskflow_api to None, run_after=None
[2023-11-07T19:57:56.801+0000] {processor.py:179} INFO - Processing /usr/local/lib/python3.10/dist-packages/airflow/example_dags/tutorial_taskflow_api.py took 0.079 seconds
[2023-11-07T19:58:43.902+0000] {processor.py:157} INFO - Started process (PID=5208) to work on /usr/local/lib/python3.10/dist-packages/airflow/example_dags/tutorial_taskflow_api.py
[2023-11-07T19:58:43.903+0000] {processor.py:829} INFO - Processing file /usr/local/lib/python3.10/dist-packages/airflow/example_dags/tutorial_taskflow_api.py for tasks to queue
[2023-11-07T19:58:43.904+0000] {logging_mixin.py:154} INFO - [2023-11-07T19:58:43.904+0000] {dagbag.py:536} INFO - Filling up the DagBag from /usr/local/lib/python3.10/dist-packages/airflow/example_dags/tutorial_taskflow_api.py
[2023-11-07T19:58:43.911+0000] {processor.py:839} INFO - DAG(s) dict_keys(['tutorial_taskflow_api']) retrieved from /usr/local/lib/python3.10/dist-packages/airflow/example_dags/tutorial_taskflow_api.py
[2023-11-07T19:58:43.929+0000] {logging_mixin.py:154} INFO - [2023-11-07T19:58:43.928+0000] {dag.py:2941} INFO - Sync 1 DAGs
[2023-11-07T19:58:43.941+0000] {logging_mixin.py:154} INFO - [2023-11-07T19:58:43.941+0000] {dag.py:3722} INFO - Setting next_dagrun for tutorial_taskflow_api to None, run_after=None
[2023-11-07T19:58:43.963+0000] {processor.py:179} INFO - Processing /usr/local/lib/python3.10/dist-packages/airflow/example_dags/tutorial_taskflow_api.py took 0.064 seconds
[2023-11-07T19:59:34.703+0000] {processor.py:157} INFO - Started process (PID=5260) to work on /usr/local/lib/python3.10/dist-packages/airflow/example_dags/tutorial_taskflow_api.py
[2023-11-07T19:59:34.704+0000] {processor.py:829} INFO - Processing file /usr/local/lib/python3.10/dist-packages/airflow/example_dags/tutorial_taskflow_api.py for tasks to queue
[2023-11-07T19:59:34.705+0000] {logging_mixin.py:154} INFO - [2023-11-07T19:59:34.704+0000] {dagbag.py:536} INFO - Filling up the DagBag from /usr/local/lib/python3.10/dist-packages/airflow/example_dags/tutorial_taskflow_api.py
[2023-11-07T19:59:34.718+0000] {processor.py:839} INFO - DAG(s) dict_keys(['tutorial_taskflow_api']) retrieved from /usr/local/lib/python3.10/dist-packages/airflow/example_dags/tutorial_taskflow_api.py
[2023-11-07T19:59:34.752+0000] {logging_mixin.py:154} INFO - [2023-11-07T19:59:34.752+0000] {dag.py:2941} INFO - Sync 1 DAGs
[2023-11-07T19:59:34.765+0000] {logging_mixin.py:154} INFO - [2023-11-07T19:59:34.764+0000] {dag.py:3722} INFO - Setting next_dagrun for tutorial_taskflow_api to None, run_after=None
[2023-11-07T19:59:34.794+0000] {processor.py:179} INFO - Processing /usr/local/lib/python3.10/dist-packages/airflow/example_dags/tutorial_taskflow_api.py took 0.095 seconds
[2023-11-07T20:00:28.102+0000] {processor.py:157} INFO - Started process (PID=5313) to work on /usr/local/lib/python3.10/dist-packages/airflow/example_dags/tutorial_taskflow_api.py
[2023-11-07T20:00:28.103+0000] {processor.py:829} INFO - Processing file /usr/local/lib/python3.10/dist-packages/airflow/example_dags/tutorial_taskflow_api.py for tasks to queue
[2023-11-07T20:00:28.104+0000] {logging_mixin.py:154} INFO - [2023-11-07T20:00:28.104+0000] {dagbag.py:536} INFO - Filling up the DagBag from /usr/local/lib/python3.10/dist-packages/airflow/example_dags/tutorial_taskflow_api.py
[2023-11-07T20:00:28.112+0000] {processor.py:839} INFO - DAG(s) dict_keys(['tutorial_taskflow_api']) retrieved from /usr/local/lib/python3.10/dist-packages/airflow/example_dags/tutorial_taskflow_api.py
[2023-11-07T20:00:28.128+0000] {logging_mixin.py:154} INFO - [2023-11-07T20:00:28.128+0000] {dag.py:2941} INFO - Sync 1 DAGs
[2023-11-07T20:00:28.140+0000] {logging_mixin.py:154} INFO - [2023-11-07T20:00:28.140+0000] {dag.py:3722} INFO - Setting next_dagrun for tutorial_taskflow_api to None, run_after=None
[2023-11-07T20:00:28.162+0000] {processor.py:179} INFO - Processing /usr/local/lib/python3.10/dist-packages/airflow/example_dags/tutorial_taskflow_api.py took 0.064 seconds
[2023-11-07T20:01:22.887+0000] {processor.py:157} INFO - Started process (PID=5367) to work on /usr/local/lib/python3.10/dist-packages/airflow/example_dags/tutorial_taskflow_api.py
[2023-11-07T20:01:22.889+0000] {processor.py:829} INFO - Processing file /usr/local/lib/python3.10/dist-packages/airflow/example_dags/tutorial_taskflow_api.py for tasks to queue
[2023-11-07T20:01:22.889+0000] {logging_mixin.py:154} INFO - [2023-11-07T20:01:22.889+0000] {dagbag.py:536} INFO - Filling up the DagBag from /usr/local/lib/python3.10/dist-packages/airflow/example_dags/tutorial_taskflow_api.py
[2023-11-07T20:01:22.896+0000] {processor.py:839} INFO - DAG(s) dict_keys(['tutorial_taskflow_api']) retrieved from /usr/local/lib/python3.10/dist-packages/airflow/example_dags/tutorial_taskflow_api.py
[2023-11-07T20:01:22.912+0000] {logging_mixin.py:154} INFO - [2023-11-07T20:01:22.912+0000] {dag.py:2941} INFO - Sync 1 DAGs
[2023-11-07T20:01:22.923+0000] {logging_mixin.py:154} INFO - [2023-11-07T20:01:22.923+0000] {dag.py:3722} INFO - Setting next_dagrun for tutorial_taskflow_api to None, run_after=None
[2023-11-07T20:01:22.947+0000] {processor.py:179} INFO - Processing /usr/local/lib/python3.10/dist-packages/airflow/example_dags/tutorial_taskflow_api.py took 0.062 seconds
[2023-11-07T20:02:05.587+0000] {processor.py:157} INFO - Started process (PID=5413) to work on /usr/local/lib/python3.10/dist-packages/airflow/example_dags/tutorial_taskflow_api.py
[2023-11-07T20:02:05.589+0000] {processor.py:829} INFO - Processing file /usr/local/lib/python3.10/dist-packages/airflow/example_dags/tutorial_taskflow_api.py for tasks to queue
[2023-11-07T20:02:05.590+0000] {logging_mixin.py:154} INFO - [2023-11-07T20:02:05.589+0000] {dagbag.py:536} INFO - Filling up the DagBag from /usr/local/lib/python3.10/dist-packages/airflow/example_dags/tutorial_taskflow_api.py
[2023-11-07T20:02:05.597+0000] {processor.py:839} INFO - DAG(s) dict_keys(['tutorial_taskflow_api']) retrieved from /usr/local/lib/python3.10/dist-packages/airflow/example_dags/tutorial_taskflow_api.py
[2023-11-07T20:02:05.619+0000] {logging_mixin.py:154} INFO - [2023-11-07T20:02:05.619+0000] {dag.py:2941} INFO - Sync 1 DAGs
[2023-11-07T20:02:05.633+0000] {logging_mixin.py:154} INFO - [2023-11-07T20:02:05.633+0000] {dag.py:3722} INFO - Setting next_dagrun for tutorial_taskflow_api to None, run_after=None
[2023-11-07T20:02:05.656+0000] {processor.py:179} INFO - Processing /usr/local/lib/python3.10/dist-packages/airflow/example_dags/tutorial_taskflow_api.py took 0.072 seconds
[2023-11-07T20:02:55.411+0000] {processor.py:157} INFO - Started process (PID=5465) to work on /usr/local/lib/python3.10/dist-packages/airflow/example_dags/tutorial_taskflow_api.py
[2023-11-07T20:02:55.412+0000] {processor.py:829} INFO - Processing file /usr/local/lib/python3.10/dist-packages/airflow/example_dags/tutorial_taskflow_api.py for tasks to queue
[2023-11-07T20:02:55.413+0000] {logging_mixin.py:154} INFO - [2023-11-07T20:02:55.413+0000] {dagbag.py:536} INFO - Filling up the DagBag from /usr/local/lib/python3.10/dist-packages/airflow/example_dags/tutorial_taskflow_api.py
[2023-11-07T20:02:55.420+0000] {processor.py:839} INFO - DAG(s) dict_keys(['tutorial_taskflow_api']) retrieved from /usr/local/lib/python3.10/dist-packages/airflow/example_dags/tutorial_taskflow_api.py
[2023-11-07T20:02:55.436+0000] {logging_mixin.py:154} INFO - [2023-11-07T20:02:55.436+0000] {dag.py:2941} INFO - Sync 1 DAGs
[2023-11-07T20:02:55.447+0000] {logging_mixin.py:154} INFO - [2023-11-07T20:02:55.447+0000] {dag.py:3722} INFO - Setting next_dagrun for tutorial_taskflow_api to None, run_after=None
[2023-11-07T20:02:55.468+0000] {processor.py:179} INFO - Processing /usr/local/lib/python3.10/dist-packages/airflow/example_dags/tutorial_taskflow_api.py took 0.060 seconds
[2023-11-07T20:03:45.237+0000] {processor.py:157} INFO - Started process (PID=5517) to work on /usr/local/lib/python3.10/dist-packages/airflow/example_dags/tutorial_taskflow_api.py
[2023-11-07T20:03:45.239+0000] {processor.py:829} INFO - Processing file /usr/local/lib/python3.10/dist-packages/airflow/example_dags/tutorial_taskflow_api.py for tasks to queue
[2023-11-07T20:03:45.239+0000] {logging_mixin.py:154} INFO - [2023-11-07T20:03:45.239+0000] {dagbag.py:536} INFO - Filling up the DagBag from /usr/local/lib/python3.10/dist-packages/airflow/example_dags/tutorial_taskflow_api.py
[2023-11-07T20:03:45.246+0000] {processor.py:839} INFO - DAG(s) dict_keys(['tutorial_taskflow_api']) retrieved from /usr/local/lib/python3.10/dist-packages/airflow/example_dags/tutorial_taskflow_api.py
[2023-11-07T20:03:45.263+0000] {logging_mixin.py:154} INFO - [2023-11-07T20:03:45.262+0000] {dag.py:2941} INFO - Sync 1 DAGs
[2023-11-07T20:03:45.273+0000] {logging_mixin.py:154} INFO - [2023-11-07T20:03:45.273+0000] {dag.py:3722} INFO - Setting next_dagrun for tutorial_taskflow_api to None, run_after=None
[2023-11-07T20:03:45.296+0000] {processor.py:179} INFO - Processing /usr/local/lib/python3.10/dist-packages/airflow/example_dags/tutorial_taskflow_api.py took 0.062 seconds
[2023-11-07T20:04:32.924+0000] {processor.py:157} INFO - Started process (PID=5566) to work on /usr/local/lib/python3.10/dist-packages/airflow/example_dags/tutorial_taskflow_api.py
[2023-11-07T20:04:32.928+0000] {processor.py:829} INFO - Processing file /usr/local/lib/python3.10/dist-packages/airflow/example_dags/tutorial_taskflow_api.py for tasks to queue
[2023-11-07T20:04:32.929+0000] {logging_mixin.py:154} INFO - [2023-11-07T20:04:32.929+0000] {dagbag.py:536} INFO - Filling up the DagBag from /usr/local/lib/python3.10/dist-packages/airflow/example_dags/tutorial_taskflow_api.py
[2023-11-07T20:04:32.936+0000] {processor.py:839} INFO - DAG(s) dict_keys(['tutorial_taskflow_api']) retrieved from /usr/local/lib/python3.10/dist-packages/airflow/example_dags/tutorial_taskflow_api.py
[2023-11-07T20:04:32.962+0000] {logging_mixin.py:154} INFO - [2023-11-07T20:04:32.962+0000] {dag.py:2941} INFO - Sync 1 DAGs
[2023-11-07T20:04:32.981+0000] {logging_mixin.py:154} INFO - [2023-11-07T20:04:32.981+0000] {dag.py:3722} INFO - Setting next_dagrun for tutorial_taskflow_api to None, run_after=None
[2023-11-07T20:04:33.018+0000] {processor.py:179} INFO - Processing /usr/local/lib/python3.10/dist-packages/airflow/example_dags/tutorial_taskflow_api.py took 0.102 seconds
[2023-11-07T20:05:23.717+0000] {processor.py:157} INFO - Started process (PID=5617) to work on /usr/local/lib/python3.10/dist-packages/airflow/example_dags/tutorial_taskflow_api.py
[2023-11-07T20:05:23.718+0000] {processor.py:829} INFO - Processing file /usr/local/lib/python3.10/dist-packages/airflow/example_dags/tutorial_taskflow_api.py for tasks to queue
[2023-11-07T20:05:23.719+0000] {logging_mixin.py:154} INFO - [2023-11-07T20:05:23.719+0000] {dagbag.py:536} INFO - Filling up the DagBag from /usr/local/lib/python3.10/dist-packages/airflow/example_dags/tutorial_taskflow_api.py
[2023-11-07T20:05:23.725+0000] {processor.py:839} INFO - DAG(s) dict_keys(['tutorial_taskflow_api']) retrieved from /usr/local/lib/python3.10/dist-packages/airflow/example_dags/tutorial_taskflow_api.py
[2023-11-07T20:05:23.742+0000] {logging_mixin.py:154} INFO - [2023-11-07T20:05:23.742+0000] {dag.py:2941} INFO - Sync 1 DAGs
[2023-11-07T20:05:23.754+0000] {logging_mixin.py:154} INFO - [2023-11-07T20:05:23.754+0000] {dag.py:3722} INFO - Setting next_dagrun for tutorial_taskflow_api to None, run_after=None
[2023-11-07T20:05:23.776+0000] {processor.py:179} INFO - Processing /usr/local/lib/python3.10/dist-packages/airflow/example_dags/tutorial_taskflow_api.py took 0.062 seconds
[2023-11-07T20:06:12.252+0000] {processor.py:157} INFO - Started process (PID=5668) to work on /usr/local/lib/python3.10/dist-packages/airflow/example_dags/tutorial_taskflow_api.py
[2023-11-07T20:06:12.253+0000] {processor.py:829} INFO - Processing file /usr/local/lib/python3.10/dist-packages/airflow/example_dags/tutorial_taskflow_api.py for tasks to queue
[2023-11-07T20:06:12.254+0000] {logging_mixin.py:154} INFO - [2023-11-07T20:06:12.253+0000] {dagbag.py:536} INFO - Filling up the DagBag from /usr/local/lib/python3.10/dist-packages/airflow/example_dags/tutorial_taskflow_api.py
[2023-11-07T20:06:12.261+0000] {processor.py:839} INFO - DAG(s) dict_keys(['tutorial_taskflow_api']) retrieved from /usr/local/lib/python3.10/dist-packages/airflow/example_dags/tutorial_taskflow_api.py
[2023-11-07T20:06:12.281+0000] {logging_mixin.py:154} INFO - [2023-11-07T20:06:12.281+0000] {dag.py:2941} INFO - Sync 1 DAGs
[2023-11-07T20:06:12.293+0000] {logging_mixin.py:154} INFO - [2023-11-07T20:06:12.292+0000] {dag.py:3722} INFO - Setting next_dagrun for tutorial_taskflow_api to None, run_after=None
[2023-11-07T20:06:12.317+0000] {processor.py:179} INFO - Processing /usr/local/lib/python3.10/dist-packages/airflow/example_dags/tutorial_taskflow_api.py took 0.069 seconds
[2023-11-07T20:07:02.359+0000] {processor.py:157} INFO - Started process (PID=5719) to work on /usr/local/lib/python3.10/dist-packages/airflow/example_dags/tutorial_taskflow_api.py
[2023-11-07T20:07:02.360+0000] {processor.py:829} INFO - Processing file /usr/local/lib/python3.10/dist-packages/airflow/example_dags/tutorial_taskflow_api.py for tasks to queue
[2023-11-07T20:07:02.361+0000] {logging_mixin.py:154} INFO - [2023-11-07T20:07:02.360+0000] {dagbag.py:536} INFO - Filling up the DagBag from /usr/local/lib/python3.10/dist-packages/airflow/example_dags/tutorial_taskflow_api.py
[2023-11-07T20:07:02.368+0000] {processor.py:839} INFO - DAG(s) dict_keys(['tutorial_taskflow_api']) retrieved from /usr/local/lib/python3.10/dist-packages/airflow/example_dags/tutorial_taskflow_api.py
[2023-11-07T20:07:02.386+0000] {logging_mixin.py:154} INFO - [2023-11-07T20:07:02.386+0000] {dag.py:2941} INFO - Sync 1 DAGs
[2023-11-07T20:07:02.399+0000] {logging_mixin.py:154} INFO - [2023-11-07T20:07:02.399+0000] {dag.py:3722} INFO - Setting next_dagrun for tutorial_taskflow_api to None, run_after=None
[2023-11-07T20:07:02.428+0000] {processor.py:179} INFO - Processing /usr/local/lib/python3.10/dist-packages/airflow/example_dags/tutorial_taskflow_api.py took 0.073 seconds
[2023-11-07T20:07:52.840+0000] {processor.py:157} INFO - Started process (PID=5772) to work on /usr/local/lib/python3.10/dist-packages/airflow/example_dags/tutorial_taskflow_api.py
[2023-11-07T20:07:52.841+0000] {processor.py:829} INFO - Processing file /usr/local/lib/python3.10/dist-packages/airflow/example_dags/tutorial_taskflow_api.py for tasks to queue
[2023-11-07T20:07:52.842+0000] {logging_mixin.py:154} INFO - [2023-11-07T20:07:52.842+0000] {dagbag.py:536} INFO - Filling up the DagBag from /usr/local/lib/python3.10/dist-packages/airflow/example_dags/tutorial_taskflow_api.py
[2023-11-07T20:07:52.849+0000] {processor.py:839} INFO - DAG(s) dict_keys(['tutorial_taskflow_api']) retrieved from /usr/local/lib/python3.10/dist-packages/airflow/example_dags/tutorial_taskflow_api.py
[2023-11-07T20:07:52.866+0000] {logging_mixin.py:154} INFO - [2023-11-07T20:07:52.866+0000] {dag.py:2941} INFO - Sync 1 DAGs
[2023-11-07T20:07:52.877+0000] {logging_mixin.py:154} INFO - [2023-11-07T20:07:52.877+0000] {dag.py:3722} INFO - Setting next_dagrun for tutorial_taskflow_api to None, run_after=None
[2023-11-07T20:07:52.898+0000] {processor.py:179} INFO - Processing /usr/local/lib/python3.10/dist-packages/airflow/example_dags/tutorial_taskflow_api.py took 0.061 seconds
