[2023-11-07T19:31:45.872+0000] {processor.py:157} INFO - Started process (PID=3564) to work on /usr/local/lib/python3.10/dist-packages/airflow/example_dags/tutorial_dag.py
[2023-11-07T19:31:45.873+0000] {processor.py:829} INFO - Processing file /usr/local/lib/python3.10/dist-packages/airflow/example_dags/tutorial_dag.py for tasks to queue
[2023-11-07T19:31:45.874+0000] {logging_mixin.py:154} INFO - [2023-11-07T19:31:45.874+0000] {dagbag.py:536} INFO - Filling up the DagBag from /usr/local/lib/python3.10/dist-packages/airflow/example_dags/tutorial_dag.py
[2023-11-07T19:31:45.881+0000] {processor.py:839} INFO - DAG(s) dict_keys(['tutorial_dag']) retrieved from /usr/local/lib/python3.10/dist-packages/airflow/example_dags/tutorial_dag.py
[2023-11-07T19:31:45.986+0000] {logging_mixin.py:154} INFO - [2023-11-07T19:31:45.985+0000] {manager.py:499} INFO - Created Permission View: %s
[2023-11-07T19:31:45.997+0000] {logging_mixin.py:154} INFO - [2023-11-07T19:31:45.997+0000] {manager.py:499} INFO - Created Permission View: %s
[2023-11-07T19:31:46.006+0000] {logging_mixin.py:154} INFO - [2023-11-07T19:31:46.006+0000] {manager.py:499} INFO - Created Permission View: %s
[2023-11-07T19:31:46.007+0000] {logging_mixin.py:154} INFO - [2023-11-07T19:31:46.007+0000] {dag.py:2941} INFO - Sync 1 DAGs
[2023-11-07T19:31:46.021+0000] {logging_mixin.py:154} INFO - [2023-11-07T19:31:46.020+0000] {dag.py:2963} INFO - Creating ORM DAG for tutorial_dag
[2023-11-07T19:31:46.021+0000] {logging_mixin.py:154} INFO - [2023-11-07T19:31:46.021+0000] {dag.py:3722} INFO - Setting next_dagrun for tutorial_dag to None, run_after=None
[2023-11-07T19:31:46.048+0000] {processor.py:179} INFO - Processing /usr/local/lib/python3.10/dist-packages/airflow/example_dags/tutorial_dag.py took 0.179 seconds
[2023-11-07T19:32:38.478+0000] {processor.py:157} INFO - Started process (PID=3611) to work on /usr/local/lib/python3.10/dist-packages/airflow/example_dags/tutorial_dag.py
[2023-11-07T19:32:38.479+0000] {processor.py:829} INFO - Processing file /usr/local/lib/python3.10/dist-packages/airflow/example_dags/tutorial_dag.py for tasks to queue
[2023-11-07T19:32:38.480+0000] {logging_mixin.py:154} INFO - [2023-11-07T19:32:38.480+0000] {dagbag.py:536} INFO - Filling up the DagBag from /usr/local/lib/python3.10/dist-packages/airflow/example_dags/tutorial_dag.py
[2023-11-07T19:32:38.486+0000] {processor.py:839} INFO - DAG(s) dict_keys(['tutorial_dag']) retrieved from /usr/local/lib/python3.10/dist-packages/airflow/example_dags/tutorial_dag.py
[2023-11-07T19:32:38.524+0000] {logging_mixin.py:154} INFO - [2023-11-07T19:32:38.524+0000] {dag.py:2941} INFO - Sync 1 DAGs
[2023-11-07T19:32:38.538+0000] {logging_mixin.py:154} INFO - [2023-11-07T19:32:38.537+0000] {dag.py:3722} INFO - Setting next_dagrun for tutorial_dag to None, run_after=None
[2023-11-07T19:32:38.558+0000] {processor.py:179} INFO - Processing /usr/local/lib/python3.10/dist-packages/airflow/example_dags/tutorial_dag.py took 0.084 seconds
[2023-11-07T19:33:24.643+0000] {processor.py:157} INFO - Started process (PID=3658) to work on /usr/local/lib/python3.10/dist-packages/airflow/example_dags/tutorial_dag.py
[2023-11-07T19:33:24.644+0000] {processor.py:829} INFO - Processing file /usr/local/lib/python3.10/dist-packages/airflow/example_dags/tutorial_dag.py for tasks to queue
[2023-11-07T19:33:24.645+0000] {logging_mixin.py:154} INFO - [2023-11-07T19:33:24.644+0000] {dagbag.py:536} INFO - Filling up the DagBag from /usr/local/lib/python3.10/dist-packages/airflow/example_dags/tutorial_dag.py
[2023-11-07T19:33:24.650+0000] {processor.py:839} INFO - DAG(s) dict_keys(['tutorial_dag']) retrieved from /usr/local/lib/python3.10/dist-packages/airflow/example_dags/tutorial_dag.py
[2023-11-07T19:33:24.666+0000] {logging_mixin.py:154} INFO - [2023-11-07T19:33:24.666+0000] {dag.py:2941} INFO - Sync 1 DAGs
[2023-11-07T19:33:24.677+0000] {logging_mixin.py:154} INFO - [2023-11-07T19:33:24.677+0000] {dag.py:3722} INFO - Setting next_dagrun for tutorial_dag to None, run_after=None
[2023-11-07T19:33:24.697+0000] {processor.py:179} INFO - Processing /usr/local/lib/python3.10/dist-packages/airflow/example_dags/tutorial_dag.py took 0.057 seconds
[2023-11-07T19:34:10.852+0000] {processor.py:157} INFO - Started process (PID=3706) to work on /usr/local/lib/python3.10/dist-packages/airflow/example_dags/tutorial_dag.py
[2023-11-07T19:34:10.854+0000] {processor.py:829} INFO - Processing file /usr/local/lib/python3.10/dist-packages/airflow/example_dags/tutorial_dag.py for tasks to queue
[2023-11-07T19:34:10.855+0000] {logging_mixin.py:154} INFO - [2023-11-07T19:34:10.854+0000] {dagbag.py:536} INFO - Filling up the DagBag from /usr/local/lib/python3.10/dist-packages/airflow/example_dags/tutorial_dag.py
[2023-11-07T19:34:10.863+0000] {processor.py:839} INFO - DAG(s) dict_keys(['tutorial_dag']) retrieved from /usr/local/lib/python3.10/dist-packages/airflow/example_dags/tutorial_dag.py
[2023-11-07T19:34:10.887+0000] {logging_mixin.py:154} INFO - [2023-11-07T19:34:10.887+0000] {dag.py:2941} INFO - Sync 1 DAGs
[2023-11-07T19:34:10.903+0000] {logging_mixin.py:154} INFO - [2023-11-07T19:34:10.903+0000] {dag.py:3722} INFO - Setting next_dagrun for tutorial_dag to None, run_after=None
[2023-11-07T19:34:10.931+0000] {processor.py:179} INFO - Processing /usr/local/lib/python3.10/dist-packages/airflow/example_dags/tutorial_dag.py took 0.084 seconds
[2023-11-07T19:34:58.567+0000] {processor.py:157} INFO - Started process (PID=3756) to work on /usr/local/lib/python3.10/dist-packages/airflow/example_dags/tutorial_dag.py
[2023-11-07T19:34:58.569+0000] {processor.py:829} INFO - Processing file /usr/local/lib/python3.10/dist-packages/airflow/example_dags/tutorial_dag.py for tasks to queue
[2023-11-07T19:34:58.570+0000] {logging_mixin.py:154} INFO - [2023-11-07T19:34:58.569+0000] {dagbag.py:536} INFO - Filling up the DagBag from /usr/local/lib/python3.10/dist-packages/airflow/example_dags/tutorial_dag.py
[2023-11-07T19:34:58.575+0000] {processor.py:839} INFO - DAG(s) dict_keys(['tutorial_dag']) retrieved from /usr/local/lib/python3.10/dist-packages/airflow/example_dags/tutorial_dag.py
[2023-11-07T19:34:58.594+0000] {logging_mixin.py:154} INFO - [2023-11-07T19:34:58.594+0000] {dag.py:2941} INFO - Sync 1 DAGs
[2023-11-07T19:34:58.613+0000] {logging_mixin.py:154} INFO - [2023-11-07T19:34:58.612+0000] {dag.py:3722} INFO - Setting next_dagrun for tutorial_dag to None, run_after=None
[2023-11-07T19:34:58.641+0000] {processor.py:179} INFO - Processing /usr/local/lib/python3.10/dist-packages/airflow/example_dags/tutorial_dag.py took 0.077 seconds
[2023-11-07T19:35:41.877+0000] {processor.py:157} INFO - Started process (PID=3805) to work on /usr/local/lib/python3.10/dist-packages/airflow/example_dags/tutorial_dag.py
[2023-11-07T19:35:41.878+0000] {processor.py:829} INFO - Processing file /usr/local/lib/python3.10/dist-packages/airflow/example_dags/tutorial_dag.py for tasks to queue
[2023-11-07T19:35:41.878+0000] {logging_mixin.py:154} INFO - [2023-11-07T19:35:41.878+0000] {dagbag.py:536} INFO - Filling up the DagBag from /usr/local/lib/python3.10/dist-packages/airflow/example_dags/tutorial_dag.py
[2023-11-07T19:35:41.884+0000] {processor.py:839} INFO - DAG(s) dict_keys(['tutorial_dag']) retrieved from /usr/local/lib/python3.10/dist-packages/airflow/example_dags/tutorial_dag.py
[2023-11-07T19:35:41.902+0000] {logging_mixin.py:154} INFO - [2023-11-07T19:35:41.901+0000] {dag.py:2941} INFO - Sync 1 DAGs
[2023-11-07T19:35:41.912+0000] {logging_mixin.py:154} INFO - [2023-11-07T19:35:41.911+0000] {dag.py:3722} INFO - Setting next_dagrun for tutorial_dag to None, run_after=None
[2023-11-07T19:35:41.932+0000] {processor.py:179} INFO - Processing /usr/local/lib/python3.10/dist-packages/airflow/example_dags/tutorial_dag.py took 0.059 seconds
[2023-11-07T19:36:31.637+0000] {processor.py:157} INFO - Started process (PID=3854) to work on /usr/local/lib/python3.10/dist-packages/airflow/example_dags/tutorial_dag.py
[2023-11-07T19:36:31.639+0000] {processor.py:829} INFO - Processing file /usr/local/lib/python3.10/dist-packages/airflow/example_dags/tutorial_dag.py for tasks to queue
[2023-11-07T19:36:31.640+0000] {logging_mixin.py:154} INFO - [2023-11-07T19:36:31.639+0000] {dagbag.py:536} INFO - Filling up the DagBag from /usr/local/lib/python3.10/dist-packages/airflow/example_dags/tutorial_dag.py
[2023-11-07T19:36:31.646+0000] {processor.py:839} INFO - DAG(s) dict_keys(['tutorial_dag']) retrieved from /usr/local/lib/python3.10/dist-packages/airflow/example_dags/tutorial_dag.py
[2023-11-07T19:36:31.671+0000] {logging_mixin.py:154} INFO - [2023-11-07T19:36:31.670+0000] {dag.py:2941} INFO - Sync 1 DAGs
[2023-11-07T19:36:31.683+0000] {logging_mixin.py:154} INFO - [2023-11-07T19:36:31.683+0000] {dag.py:3722} INFO - Setting next_dagrun for tutorial_dag to None, run_after=None
[2023-11-07T19:36:31.709+0000] {processor.py:179} INFO - Processing /usr/local/lib/python3.10/dist-packages/airflow/example_dags/tutorial_dag.py took 0.075 seconds
[2023-11-07T19:37:23.042+0000] {processor.py:157} INFO - Started process (PID=3905) to work on /usr/local/lib/python3.10/dist-packages/airflow/example_dags/tutorial_dag.py
[2023-11-07T19:37:23.045+0000] {processor.py:829} INFO - Processing file /usr/local/lib/python3.10/dist-packages/airflow/example_dags/tutorial_dag.py for tasks to queue
[2023-11-07T19:37:23.046+0000] {logging_mixin.py:154} INFO - [2023-11-07T19:37:23.045+0000] {dagbag.py:536} INFO - Filling up the DagBag from /usr/local/lib/python3.10/dist-packages/airflow/example_dags/tutorial_dag.py
[2023-11-07T19:37:23.051+0000] {processor.py:839} INFO - DAG(s) dict_keys(['tutorial_dag']) retrieved from /usr/local/lib/python3.10/dist-packages/airflow/example_dags/tutorial_dag.py
[2023-11-07T19:37:23.069+0000] {logging_mixin.py:154} INFO - [2023-11-07T19:37:23.069+0000] {dag.py:2941} INFO - Sync 1 DAGs
[2023-11-07T19:37:23.081+0000] {logging_mixin.py:154} INFO - [2023-11-07T19:37:23.081+0000] {dag.py:3722} INFO - Setting next_dagrun for tutorial_dag to None, run_after=None
[2023-11-07T19:37:23.104+0000] {processor.py:179} INFO - Processing /usr/local/lib/python3.10/dist-packages/airflow/example_dags/tutorial_dag.py took 0.066 seconds
[2023-11-07T19:38:09.511+0000] {processor.py:157} INFO - Started process (PID=3955) to work on /usr/local/lib/python3.10/dist-packages/airflow/example_dags/tutorial_dag.py
[2023-11-07T19:38:09.512+0000] {processor.py:829} INFO - Processing file /usr/local/lib/python3.10/dist-packages/airflow/example_dags/tutorial_dag.py for tasks to queue
[2023-11-07T19:38:09.512+0000] {logging_mixin.py:154} INFO - [2023-11-07T19:38:09.512+0000] {dagbag.py:536} INFO - Filling up the DagBag from /usr/local/lib/python3.10/dist-packages/airflow/example_dags/tutorial_dag.py
[2023-11-07T19:38:09.518+0000] {processor.py:839} INFO - DAG(s) dict_keys(['tutorial_dag']) retrieved from /usr/local/lib/python3.10/dist-packages/airflow/example_dags/tutorial_dag.py
[2023-11-07T19:38:09.538+0000] {logging_mixin.py:154} INFO - [2023-11-07T19:38:09.537+0000] {dag.py:2941} INFO - Sync 1 DAGs
[2023-11-07T19:38:09.549+0000] {logging_mixin.py:154} INFO - [2023-11-07T19:38:09.549+0000] {dag.py:3722} INFO - Setting next_dagrun for tutorial_dag to None, run_after=None
[2023-11-07T19:38:09.574+0000] {processor.py:179} INFO - Processing /usr/local/lib/python3.10/dist-packages/airflow/example_dags/tutorial_dag.py took 0.066 seconds
[2023-11-07T19:38:58.312+0000] {processor.py:157} INFO - Started process (PID=4005) to work on /usr/local/lib/python3.10/dist-packages/airflow/example_dags/tutorial_dag.py
[2023-11-07T19:38:58.313+0000] {processor.py:829} INFO - Processing file /usr/local/lib/python3.10/dist-packages/airflow/example_dags/tutorial_dag.py for tasks to queue
[2023-11-07T19:38:58.314+0000] {logging_mixin.py:154} INFO - [2023-11-07T19:38:58.314+0000] {dagbag.py:536} INFO - Filling up the DagBag from /usr/local/lib/python3.10/dist-packages/airflow/example_dags/tutorial_dag.py
[2023-11-07T19:38:58.320+0000] {processor.py:839} INFO - DAG(s) dict_keys(['tutorial_dag']) retrieved from /usr/local/lib/python3.10/dist-packages/airflow/example_dags/tutorial_dag.py
[2023-11-07T19:38:58.338+0000] {logging_mixin.py:154} INFO - [2023-11-07T19:38:58.338+0000] {dag.py:2941} INFO - Sync 1 DAGs
[2023-11-07T19:38:58.365+0000] {logging_mixin.py:154} INFO - [2023-11-07T19:38:58.365+0000] {dag.py:3722} INFO - Setting next_dagrun for tutorial_dag to None, run_after=None
[2023-11-07T19:38:58.393+0000] {processor.py:179} INFO - Processing /usr/local/lib/python3.10/dist-packages/airflow/example_dags/tutorial_dag.py took 0.084 seconds
[2023-11-07T19:39:43.181+0000] {processor.py:157} INFO - Started process (PID=4051) to work on /usr/local/lib/python3.10/dist-packages/airflow/example_dags/tutorial_dag.py
[2023-11-07T19:39:43.183+0000] {processor.py:829} INFO - Processing file /usr/local/lib/python3.10/dist-packages/airflow/example_dags/tutorial_dag.py for tasks to queue
[2023-11-07T19:39:43.184+0000] {logging_mixin.py:154} INFO - [2023-11-07T19:39:43.184+0000] {dagbag.py:536} INFO - Filling up the DagBag from /usr/local/lib/python3.10/dist-packages/airflow/example_dags/tutorial_dag.py
[2023-11-07T19:39:43.190+0000] {processor.py:839} INFO - DAG(s) dict_keys(['tutorial_dag']) retrieved from /usr/local/lib/python3.10/dist-packages/airflow/example_dags/tutorial_dag.py
[2023-11-07T19:39:43.208+0000] {logging_mixin.py:154} INFO - [2023-11-07T19:39:43.207+0000] {dag.py:2941} INFO - Sync 1 DAGs
[2023-11-07T19:39:43.219+0000] {logging_mixin.py:154} INFO - [2023-11-07T19:39:43.219+0000] {dag.py:3722} INFO - Setting next_dagrun for tutorial_dag to None, run_after=None
[2023-11-07T19:39:43.244+0000] {processor.py:179} INFO - Processing /usr/local/lib/python3.10/dist-packages/airflow/example_dags/tutorial_dag.py took 0.067 seconds
[2023-11-07T19:40:35.393+0000] {processor.py:157} INFO - Started process (PID=4105) to work on /usr/local/lib/python3.10/dist-packages/airflow/example_dags/tutorial_dag.py
[2023-11-07T19:40:35.394+0000] {processor.py:829} INFO - Processing file /usr/local/lib/python3.10/dist-packages/airflow/example_dags/tutorial_dag.py for tasks to queue
[2023-11-07T19:40:35.395+0000] {logging_mixin.py:154} INFO - [2023-11-07T19:40:35.394+0000] {dagbag.py:536} INFO - Filling up the DagBag from /usr/local/lib/python3.10/dist-packages/airflow/example_dags/tutorial_dag.py
[2023-11-07T19:40:35.401+0000] {processor.py:839} INFO - DAG(s) dict_keys(['tutorial_dag']) retrieved from /usr/local/lib/python3.10/dist-packages/airflow/example_dags/tutorial_dag.py
[2023-11-07T19:40:35.418+0000] {logging_mixin.py:154} INFO - [2023-11-07T19:40:35.418+0000] {dag.py:2941} INFO - Sync 1 DAGs
[2023-11-07T19:40:35.429+0000] {logging_mixin.py:154} INFO - [2023-11-07T19:40:35.429+0000] {dag.py:3722} INFO - Setting next_dagrun for tutorial_dag to None, run_after=None
[2023-11-07T19:40:35.451+0000] {processor.py:179} INFO - Processing /usr/local/lib/python3.10/dist-packages/airflow/example_dags/tutorial_dag.py took 0.061 seconds
[2023-11-07T19:41:25.944+0000] {processor.py:157} INFO - Started process (PID=4157) to work on /usr/local/lib/python3.10/dist-packages/airflow/example_dags/tutorial_dag.py
[2023-11-07T19:41:25.948+0000] {processor.py:829} INFO - Processing file /usr/local/lib/python3.10/dist-packages/airflow/example_dags/tutorial_dag.py for tasks to queue
[2023-11-07T19:41:25.949+0000] {logging_mixin.py:154} INFO - [2023-11-07T19:41:25.948+0000] {dagbag.py:536} INFO - Filling up the DagBag from /usr/local/lib/python3.10/dist-packages/airflow/example_dags/tutorial_dag.py
[2023-11-07T19:41:25.958+0000] {processor.py:839} INFO - DAG(s) dict_keys(['tutorial_dag']) retrieved from /usr/local/lib/python3.10/dist-packages/airflow/example_dags/tutorial_dag.py
[2023-11-07T19:41:25.983+0000] {logging_mixin.py:154} INFO - [2023-11-07T19:41:25.982+0000] {dag.py:2941} INFO - Sync 1 DAGs
[2023-11-07T19:41:26.001+0000] {logging_mixin.py:154} INFO - [2023-11-07T19:41:26.001+0000] {dag.py:3722} INFO - Setting next_dagrun for tutorial_dag to None, run_after=None
[2023-11-07T19:41:26.044+0000] {processor.py:179} INFO - Processing /usr/local/lib/python3.10/dist-packages/airflow/example_dags/tutorial_dag.py took 0.105 seconds
[2023-11-07T19:42:13.797+0000] {processor.py:157} INFO - Started process (PID=4206) to work on /usr/local/lib/python3.10/dist-packages/airflow/example_dags/tutorial_dag.py
[2023-11-07T19:42:13.798+0000] {processor.py:829} INFO - Processing file /usr/local/lib/python3.10/dist-packages/airflow/example_dags/tutorial_dag.py for tasks to queue
[2023-11-07T19:42:13.799+0000] {logging_mixin.py:154} INFO - [2023-11-07T19:42:13.798+0000] {dagbag.py:536} INFO - Filling up the DagBag from /usr/local/lib/python3.10/dist-packages/airflow/example_dags/tutorial_dag.py
[2023-11-07T19:42:13.804+0000] {processor.py:839} INFO - DAG(s) dict_keys(['tutorial_dag']) retrieved from /usr/local/lib/python3.10/dist-packages/airflow/example_dags/tutorial_dag.py
[2023-11-07T19:42:13.822+0000] {logging_mixin.py:154} INFO - [2023-11-07T19:42:13.822+0000] {dag.py:2941} INFO - Sync 1 DAGs
[2023-11-07T19:42:13.833+0000] {logging_mixin.py:154} INFO - [2023-11-07T19:42:13.833+0000] {dag.py:3722} INFO - Setting next_dagrun for tutorial_dag to None, run_after=None
[2023-11-07T19:42:13.874+0000] {processor.py:179} INFO - Processing /usr/local/lib/python3.10/dist-packages/airflow/example_dags/tutorial_dag.py took 0.081 seconds
[2023-11-07T19:43:01.864+0000] {processor.py:157} INFO - Started process (PID=4256) to work on /usr/local/lib/python3.10/dist-packages/airflow/example_dags/tutorial_dag.py
[2023-11-07T19:43:01.866+0000] {processor.py:829} INFO - Processing file /usr/local/lib/python3.10/dist-packages/airflow/example_dags/tutorial_dag.py for tasks to queue
[2023-11-07T19:43:01.866+0000] {logging_mixin.py:154} INFO - [2023-11-07T19:43:01.866+0000] {dagbag.py:536} INFO - Filling up the DagBag from /usr/local/lib/python3.10/dist-packages/airflow/example_dags/tutorial_dag.py
[2023-11-07T19:43:01.872+0000] {processor.py:839} INFO - DAG(s) dict_keys(['tutorial_dag']) retrieved from /usr/local/lib/python3.10/dist-packages/airflow/example_dags/tutorial_dag.py
[2023-11-07T19:43:01.896+0000] {logging_mixin.py:154} INFO - [2023-11-07T19:43:01.896+0000] {dag.py:2941} INFO - Sync 1 DAGs
[2023-11-07T19:43:01.920+0000] {logging_mixin.py:154} INFO - [2023-11-07T19:43:01.919+0000] {dag.py:3722} INFO - Setting next_dagrun for tutorial_dag to None, run_after=None
[2023-11-07T19:43:01.978+0000] {processor.py:179} INFO - Processing /usr/local/lib/python3.10/dist-packages/airflow/example_dags/tutorial_dag.py took 0.117 seconds
[2023-11-07T19:43:52.359+0000] {processor.py:157} INFO - Started process (PID=4308) to work on /usr/local/lib/python3.10/dist-packages/airflow/example_dags/tutorial_dag.py
[2023-11-07T19:43:52.362+0000] {processor.py:829} INFO - Processing file /usr/local/lib/python3.10/dist-packages/airflow/example_dags/tutorial_dag.py for tasks to queue
[2023-11-07T19:43:52.363+0000] {logging_mixin.py:154} INFO - [2023-11-07T19:43:52.362+0000] {dagbag.py:536} INFO - Filling up the DagBag from /usr/local/lib/python3.10/dist-packages/airflow/example_dags/tutorial_dag.py
[2023-11-07T19:43:52.370+0000] {processor.py:839} INFO - DAG(s) dict_keys(['tutorial_dag']) retrieved from /usr/local/lib/python3.10/dist-packages/airflow/example_dags/tutorial_dag.py
[2023-11-07T19:43:52.397+0000] {logging_mixin.py:154} INFO - [2023-11-07T19:43:52.397+0000] {dag.py:2941} INFO - Sync 1 DAGs
[2023-11-07T19:43:52.413+0000] {logging_mixin.py:154} INFO - [2023-11-07T19:43:52.413+0000] {dag.py:3722} INFO - Setting next_dagrun for tutorial_dag to None, run_after=None
[2023-11-07T19:43:52.458+0000] {processor.py:179} INFO - Processing /usr/local/lib/python3.10/dist-packages/airflow/example_dags/tutorial_dag.py took 0.103 seconds
[2023-11-07T19:44:44.131+0000] {processor.py:157} INFO - Started process (PID=4359) to work on /usr/local/lib/python3.10/dist-packages/airflow/example_dags/tutorial_dag.py
[2023-11-07T19:44:44.133+0000] {processor.py:829} INFO - Processing file /usr/local/lib/python3.10/dist-packages/airflow/example_dags/tutorial_dag.py for tasks to queue
[2023-11-07T19:44:44.134+0000] {logging_mixin.py:154} INFO - [2023-11-07T19:44:44.133+0000] {dagbag.py:536} INFO - Filling up the DagBag from /usr/local/lib/python3.10/dist-packages/airflow/example_dags/tutorial_dag.py
[2023-11-07T19:44:44.139+0000] {processor.py:839} INFO - DAG(s) dict_keys(['tutorial_dag']) retrieved from /usr/local/lib/python3.10/dist-packages/airflow/example_dags/tutorial_dag.py
[2023-11-07T19:44:44.156+0000] {logging_mixin.py:154} INFO - [2023-11-07T19:44:44.156+0000] {dag.py:2941} INFO - Sync 1 DAGs
[2023-11-07T19:44:44.168+0000] {logging_mixin.py:154} INFO - [2023-11-07T19:44:44.167+0000] {dag.py:3722} INFO - Setting next_dagrun for tutorial_dag to None, run_after=None
[2023-11-07T19:44:44.190+0000] {processor.py:179} INFO - Processing /usr/local/lib/python3.10/dist-packages/airflow/example_dags/tutorial_dag.py took 0.063 seconds
[2023-11-07T19:45:25.410+0000] {processor.py:157} INFO - Started process (PID=4400) to work on /usr/local/lib/python3.10/dist-packages/airflow/example_dags/tutorial_dag.py
[2023-11-07T19:45:25.411+0000] {processor.py:829} INFO - Processing file /usr/local/lib/python3.10/dist-packages/airflow/example_dags/tutorial_dag.py for tasks to queue
[2023-11-07T19:45:25.412+0000] {logging_mixin.py:154} INFO - [2023-11-07T19:45:25.412+0000] {dagbag.py:536} INFO - Filling up the DagBag from /usr/local/lib/python3.10/dist-packages/airflow/example_dags/tutorial_dag.py
[2023-11-07T19:45:25.418+0000] {processor.py:839} INFO - DAG(s) dict_keys(['tutorial_dag']) retrieved from /usr/local/lib/python3.10/dist-packages/airflow/example_dags/tutorial_dag.py
[2023-11-07T19:45:25.439+0000] {logging_mixin.py:154} INFO - [2023-11-07T19:45:25.439+0000] {dag.py:2941} INFO - Sync 1 DAGs
[2023-11-07T19:45:25.451+0000] {logging_mixin.py:154} INFO - [2023-11-07T19:45:25.450+0000] {dag.py:3722} INFO - Setting next_dagrun for tutorial_dag to None, run_after=None
[2023-11-07T19:45:25.479+0000] {processor.py:179} INFO - Processing /usr/local/lib/python3.10/dist-packages/airflow/example_dags/tutorial_dag.py took 0.072 seconds
[2023-11-07T19:46:19.861+0000] {processor.py:157} INFO - Started process (PID=4454) to work on /usr/local/lib/python3.10/dist-packages/airflow/example_dags/tutorial_dag.py
[2023-11-07T19:46:19.863+0000] {processor.py:829} INFO - Processing file /usr/local/lib/python3.10/dist-packages/airflow/example_dags/tutorial_dag.py for tasks to queue
[2023-11-07T19:46:19.863+0000] {logging_mixin.py:154} INFO - [2023-11-07T19:46:19.863+0000] {dagbag.py:536} INFO - Filling up the DagBag from /usr/local/lib/python3.10/dist-packages/airflow/example_dags/tutorial_dag.py
[2023-11-07T19:46:19.870+0000] {processor.py:839} INFO - DAG(s) dict_keys(['tutorial_dag']) retrieved from /usr/local/lib/python3.10/dist-packages/airflow/example_dags/tutorial_dag.py
[2023-11-07T19:46:19.888+0000] {logging_mixin.py:154} INFO - [2023-11-07T19:46:19.887+0000] {dag.py:2941} INFO - Sync 1 DAGs
[2023-11-07T19:46:19.899+0000] {logging_mixin.py:154} INFO - [2023-11-07T19:46:19.899+0000] {dag.py:3722} INFO - Setting next_dagrun for tutorial_dag to None, run_after=None
[2023-11-07T19:46:19.921+0000] {processor.py:179} INFO - Processing /usr/local/lib/python3.10/dist-packages/airflow/example_dags/tutorial_dag.py took 0.063 seconds
[2023-11-07T19:47:10.806+0000] {processor.py:157} INFO - Started process (PID=4505) to work on /usr/local/lib/python3.10/dist-packages/airflow/example_dags/tutorial_dag.py
[2023-11-07T19:47:10.807+0000] {processor.py:829} INFO - Processing file /usr/local/lib/python3.10/dist-packages/airflow/example_dags/tutorial_dag.py for tasks to queue
[2023-11-07T19:47:10.808+0000] {logging_mixin.py:154} INFO - [2023-11-07T19:47:10.808+0000] {dagbag.py:536} INFO - Filling up the DagBag from /usr/local/lib/python3.10/dist-packages/airflow/example_dags/tutorial_dag.py
[2023-11-07T19:47:10.817+0000] {processor.py:839} INFO - DAG(s) dict_keys(['tutorial_dag']) retrieved from /usr/local/lib/python3.10/dist-packages/airflow/example_dags/tutorial_dag.py
[2023-11-07T19:47:10.856+0000] {logging_mixin.py:154} INFO - [2023-11-07T19:47:10.855+0000] {dag.py:2941} INFO - Sync 1 DAGs
[2023-11-07T19:47:10.873+0000] {logging_mixin.py:154} INFO - [2023-11-07T19:47:10.873+0000] {dag.py:3722} INFO - Setting next_dagrun for tutorial_dag to None, run_after=None
[2023-11-07T19:47:10.896+0000] {processor.py:179} INFO - Processing /usr/local/lib/python3.10/dist-packages/airflow/example_dags/tutorial_dag.py took 0.099 seconds
[2023-11-07T19:48:01.734+0000] {processor.py:157} INFO - Started process (PID=4558) to work on /usr/local/lib/python3.10/dist-packages/airflow/example_dags/tutorial_dag.py
[2023-11-07T19:48:01.737+0000] {processor.py:829} INFO - Processing file /usr/local/lib/python3.10/dist-packages/airflow/example_dags/tutorial_dag.py for tasks to queue
[2023-11-07T19:48:01.739+0000] {logging_mixin.py:154} INFO - [2023-11-07T19:48:01.737+0000] {dagbag.py:536} INFO - Filling up the DagBag from /usr/local/lib/python3.10/dist-packages/airflow/example_dags/tutorial_dag.py
[2023-11-07T19:48:01.749+0000] {processor.py:839} INFO - DAG(s) dict_keys(['tutorial_dag']) retrieved from /usr/local/lib/python3.10/dist-packages/airflow/example_dags/tutorial_dag.py
[2023-11-07T19:48:01.787+0000] {logging_mixin.py:154} INFO - [2023-11-07T19:48:01.787+0000] {dag.py:2941} INFO - Sync 1 DAGs
[2023-11-07T19:48:01.812+0000] {logging_mixin.py:154} INFO - [2023-11-07T19:48:01.812+0000] {dag.py:3722} INFO - Setting next_dagrun for tutorial_dag to None, run_after=None
[2023-11-07T19:48:01.855+0000] {processor.py:179} INFO - Processing /usr/local/lib/python3.10/dist-packages/airflow/example_dags/tutorial_dag.py took 0.127 seconds
[2023-11-07T19:48:51.705+0000] {processor.py:157} INFO - Started process (PID=4609) to work on /usr/local/lib/python3.10/dist-packages/airflow/example_dags/tutorial_dag.py
[2023-11-07T19:48:51.706+0000] {processor.py:829} INFO - Processing file /usr/local/lib/python3.10/dist-packages/airflow/example_dags/tutorial_dag.py for tasks to queue
[2023-11-07T19:48:51.707+0000] {logging_mixin.py:154} INFO - [2023-11-07T19:48:51.707+0000] {dagbag.py:536} INFO - Filling up the DagBag from /usr/local/lib/python3.10/dist-packages/airflow/example_dags/tutorial_dag.py
[2023-11-07T19:48:51.713+0000] {processor.py:839} INFO - DAG(s) dict_keys(['tutorial_dag']) retrieved from /usr/local/lib/python3.10/dist-packages/airflow/example_dags/tutorial_dag.py
[2023-11-07T19:48:51.731+0000] {logging_mixin.py:154} INFO - [2023-11-07T19:48:51.730+0000] {dag.py:2941} INFO - Sync 1 DAGs
[2023-11-07T19:48:51.742+0000] {logging_mixin.py:154} INFO - [2023-11-07T19:48:51.742+0000] {dag.py:3722} INFO - Setting next_dagrun for tutorial_dag to None, run_after=None
[2023-11-07T19:48:51.764+0000] {processor.py:179} INFO - Processing /usr/local/lib/python3.10/dist-packages/airflow/example_dags/tutorial_dag.py took 0.062 seconds
[2023-11-07T19:49:38.280+0000] {processor.py:157} INFO - Started process (PID=4658) to work on /usr/local/lib/python3.10/dist-packages/airflow/example_dags/tutorial_dag.py
[2023-11-07T19:49:38.281+0000] {processor.py:829} INFO - Processing file /usr/local/lib/python3.10/dist-packages/airflow/example_dags/tutorial_dag.py for tasks to queue
[2023-11-07T19:49:38.282+0000] {logging_mixin.py:154} INFO - [2023-11-07T19:49:38.282+0000] {dagbag.py:536} INFO - Filling up the DagBag from /usr/local/lib/python3.10/dist-packages/airflow/example_dags/tutorial_dag.py
[2023-11-07T19:49:38.288+0000] {processor.py:839} INFO - DAG(s) dict_keys(['tutorial_dag']) retrieved from /usr/local/lib/python3.10/dist-packages/airflow/example_dags/tutorial_dag.py
[2023-11-07T19:49:38.311+0000] {logging_mixin.py:154} INFO - [2023-11-07T19:49:38.311+0000] {dag.py:2941} INFO - Sync 1 DAGs
[2023-11-07T19:49:38.332+0000] {logging_mixin.py:154} INFO - [2023-11-07T19:49:38.332+0000] {dag.py:3722} INFO - Setting next_dagrun for tutorial_dag to None, run_after=None
[2023-11-07T19:49:38.370+0000] {processor.py:179} INFO - Processing /usr/local/lib/python3.10/dist-packages/airflow/example_dags/tutorial_dag.py took 0.094 seconds
[2023-11-07T19:50:27.258+0000] {processor.py:157} INFO - Started process (PID=4708) to work on /usr/local/lib/python3.10/dist-packages/airflow/example_dags/tutorial_dag.py
[2023-11-07T19:50:27.260+0000] {processor.py:829} INFO - Processing file /usr/local/lib/python3.10/dist-packages/airflow/example_dags/tutorial_dag.py for tasks to queue
[2023-11-07T19:50:27.260+0000] {logging_mixin.py:154} INFO - [2023-11-07T19:50:27.260+0000] {dagbag.py:536} INFO - Filling up the DagBag from /usr/local/lib/python3.10/dist-packages/airflow/example_dags/tutorial_dag.py
[2023-11-07T19:50:27.266+0000] {processor.py:839} INFO - DAG(s) dict_keys(['tutorial_dag']) retrieved from /usr/local/lib/python3.10/dist-packages/airflow/example_dags/tutorial_dag.py
[2023-11-07T19:50:27.284+0000] {logging_mixin.py:154} INFO - [2023-11-07T19:50:27.283+0000] {dag.py:2941} INFO - Sync 1 DAGs
[2023-11-07T19:50:27.295+0000] {logging_mixin.py:154} INFO - [2023-11-07T19:50:27.295+0000] {dag.py:3722} INFO - Setting next_dagrun for tutorial_dag to None, run_after=None
[2023-11-07T19:50:27.317+0000] {processor.py:179} INFO - Processing /usr/local/lib/python3.10/dist-packages/airflow/example_dags/tutorial_dag.py took 0.062 seconds
[2023-11-07T19:51:18.615+0000] {processor.py:157} INFO - Started process (PID=4760) to work on /usr/local/lib/python3.10/dist-packages/airflow/example_dags/tutorial_dag.py
[2023-11-07T19:51:18.616+0000] {processor.py:829} INFO - Processing file /usr/local/lib/python3.10/dist-packages/airflow/example_dags/tutorial_dag.py for tasks to queue
[2023-11-07T19:51:18.617+0000] {logging_mixin.py:154} INFO - [2023-11-07T19:51:18.616+0000] {dagbag.py:536} INFO - Filling up the DagBag from /usr/local/lib/python3.10/dist-packages/airflow/example_dags/tutorial_dag.py
[2023-11-07T19:51:18.628+0000] {processor.py:839} INFO - DAG(s) dict_keys(['tutorial_dag']) retrieved from /usr/local/lib/python3.10/dist-packages/airflow/example_dags/tutorial_dag.py
[2023-11-07T19:51:18.651+0000] {logging_mixin.py:154} INFO - [2023-11-07T19:51:18.651+0000] {dag.py:2941} INFO - Sync 1 DAGs
[2023-11-07T19:51:18.663+0000] {logging_mixin.py:154} INFO - [2023-11-07T19:51:18.663+0000] {dag.py:3722} INFO - Setting next_dagrun for tutorial_dag to None, run_after=None
[2023-11-07T19:51:18.685+0000] {processor.py:179} INFO - Processing /usr/local/lib/python3.10/dist-packages/airflow/example_dags/tutorial_dag.py took 0.077 seconds
[2023-11-07T19:52:07.793+0000] {processor.py:157} INFO - Started process (PID=4811) to work on /usr/local/lib/python3.10/dist-packages/airflow/example_dags/tutorial_dag.py
[2023-11-07T19:52:07.795+0000] {processor.py:829} INFO - Processing file /usr/local/lib/python3.10/dist-packages/airflow/example_dags/tutorial_dag.py for tasks to queue
[2023-11-07T19:52:07.795+0000] {logging_mixin.py:154} INFO - [2023-11-07T19:52:07.795+0000] {dagbag.py:536} INFO - Filling up the DagBag from /usr/local/lib/python3.10/dist-packages/airflow/example_dags/tutorial_dag.py
[2023-11-07T19:52:07.802+0000] {processor.py:839} INFO - DAG(s) dict_keys(['tutorial_dag']) retrieved from /usr/local/lib/python3.10/dist-packages/airflow/example_dags/tutorial_dag.py
[2023-11-07T19:52:07.818+0000] {logging_mixin.py:154} INFO - [2023-11-07T19:52:07.818+0000] {dag.py:2941} INFO - Sync 1 DAGs
[2023-11-07T19:52:07.828+0000] {logging_mixin.py:154} INFO - [2023-11-07T19:52:07.828+0000] {dag.py:3722} INFO - Setting next_dagrun for tutorial_dag to None, run_after=None
[2023-11-07T19:52:07.849+0000] {processor.py:179} INFO - Processing /usr/local/lib/python3.10/dist-packages/airflow/example_dags/tutorial_dag.py took 0.061 seconds
[2023-11-07T19:53:00.976+0000] {processor.py:157} INFO - Started process (PID=4865) to work on /usr/local/lib/python3.10/dist-packages/airflow/example_dags/tutorial_dag.py
[2023-11-07T19:53:00.977+0000] {processor.py:829} INFO - Processing file /usr/local/lib/python3.10/dist-packages/airflow/example_dags/tutorial_dag.py for tasks to queue
[2023-11-07T19:53:00.978+0000] {logging_mixin.py:154} INFO - [2023-11-07T19:53:00.977+0000] {dagbag.py:536} INFO - Filling up the DagBag from /usr/local/lib/python3.10/dist-packages/airflow/example_dags/tutorial_dag.py
[2023-11-07T19:53:00.983+0000] {processor.py:839} INFO - DAG(s) dict_keys(['tutorial_dag']) retrieved from /usr/local/lib/python3.10/dist-packages/airflow/example_dags/tutorial_dag.py
[2023-11-07T19:53:00.999+0000] {logging_mixin.py:154} INFO - [2023-11-07T19:53:00.999+0000] {dag.py:2941} INFO - Sync 1 DAGs
[2023-11-07T19:53:01.013+0000] {logging_mixin.py:154} INFO - [2023-11-07T19:53:01.013+0000] {dag.py:3722} INFO - Setting next_dagrun for tutorial_dag to None, run_after=None
[2023-11-07T19:53:01.036+0000] {processor.py:179} INFO - Processing /usr/local/lib/python3.10/dist-packages/airflow/example_dags/tutorial_dag.py took 0.064 seconds
[2023-11-07T19:53:55.096+0000] {processor.py:157} INFO - Started process (PID=4918) to work on /usr/local/lib/python3.10/dist-packages/airflow/example_dags/tutorial_dag.py
[2023-11-07T19:53:55.098+0000] {processor.py:829} INFO - Processing file /usr/local/lib/python3.10/dist-packages/airflow/example_dags/tutorial_dag.py for tasks to queue
[2023-11-07T19:53:55.099+0000] {logging_mixin.py:154} INFO - [2023-11-07T19:53:55.098+0000] {dagbag.py:536} INFO - Filling up the DagBag from /usr/local/lib/python3.10/dist-packages/airflow/example_dags/tutorial_dag.py
[2023-11-07T19:53:55.104+0000] {processor.py:839} INFO - DAG(s) dict_keys(['tutorial_dag']) retrieved from /usr/local/lib/python3.10/dist-packages/airflow/example_dags/tutorial_dag.py
[2023-11-07T19:53:55.121+0000] {logging_mixin.py:154} INFO - [2023-11-07T19:53:55.121+0000] {dag.py:2941} INFO - Sync 1 DAGs
[2023-11-07T19:53:55.134+0000] {logging_mixin.py:154} INFO - [2023-11-07T19:53:55.133+0000] {dag.py:3722} INFO - Setting next_dagrun for tutorial_dag to None, run_after=None
[2023-11-07T19:53:55.154+0000] {processor.py:179} INFO - Processing /usr/local/lib/python3.10/dist-packages/airflow/example_dags/tutorial_dag.py took 0.061 seconds
[2023-11-07T19:54:47.222+0000] {processor.py:157} INFO - Started process (PID=4971) to work on /usr/local/lib/python3.10/dist-packages/airflow/example_dags/tutorial_dag.py
[2023-11-07T19:54:47.224+0000] {processor.py:829} INFO - Processing file /usr/local/lib/python3.10/dist-packages/airflow/example_dags/tutorial_dag.py for tasks to queue
[2023-11-07T19:54:47.225+0000] {logging_mixin.py:154} INFO - [2023-11-07T19:54:47.224+0000] {dagbag.py:536} INFO - Filling up the DagBag from /usr/local/lib/python3.10/dist-packages/airflow/example_dags/tutorial_dag.py
[2023-11-07T19:54:47.231+0000] {processor.py:839} INFO - DAG(s) dict_keys(['tutorial_dag']) retrieved from /usr/local/lib/python3.10/dist-packages/airflow/example_dags/tutorial_dag.py
[2023-11-07T19:54:47.251+0000] {logging_mixin.py:154} INFO - [2023-11-07T19:54:47.250+0000] {dag.py:2941} INFO - Sync 1 DAGs
[2023-11-07T19:54:47.266+0000] {logging_mixin.py:154} INFO - [2023-11-07T19:54:47.266+0000] {dag.py:3722} INFO - Setting next_dagrun for tutorial_dag to None, run_after=None
[2023-11-07T19:54:47.292+0000] {processor.py:179} INFO - Processing /usr/local/lib/python3.10/dist-packages/airflow/example_dags/tutorial_dag.py took 0.073 seconds
[2023-11-07T19:55:38.684+0000] {processor.py:157} INFO - Started process (PID=5022) to work on /usr/local/lib/python3.10/dist-packages/airflow/example_dags/tutorial_dag.py
[2023-11-07T19:55:38.685+0000] {processor.py:829} INFO - Processing file /usr/local/lib/python3.10/dist-packages/airflow/example_dags/tutorial_dag.py for tasks to queue
[2023-11-07T19:55:38.686+0000] {logging_mixin.py:154} INFO - [2023-11-07T19:55:38.685+0000] {dagbag.py:536} INFO - Filling up the DagBag from /usr/local/lib/python3.10/dist-packages/airflow/example_dags/tutorial_dag.py
[2023-11-07T19:55:38.691+0000] {processor.py:839} INFO - DAG(s) dict_keys(['tutorial_dag']) retrieved from /usr/local/lib/python3.10/dist-packages/airflow/example_dags/tutorial_dag.py
[2023-11-07T19:55:38.712+0000] {logging_mixin.py:154} INFO - [2023-11-07T19:55:38.711+0000] {dag.py:2941} INFO - Sync 1 DAGs
[2023-11-07T19:55:38.724+0000] {logging_mixin.py:154} INFO - [2023-11-07T19:55:38.723+0000] {dag.py:3722} INFO - Setting next_dagrun for tutorial_dag to None, run_after=None
[2023-11-07T19:55:38.746+0000] {processor.py:179} INFO - Processing /usr/local/lib/python3.10/dist-packages/airflow/example_dags/tutorial_dag.py took 0.065 seconds
[2023-11-07T19:56:33.599+0000] {processor.py:157} INFO - Started process (PID=5077) to work on /usr/local/lib/python3.10/dist-packages/airflow/example_dags/tutorial_dag.py
[2023-11-07T19:56:33.600+0000] {processor.py:829} INFO - Processing file /usr/local/lib/python3.10/dist-packages/airflow/example_dags/tutorial_dag.py for tasks to queue
[2023-11-07T19:56:33.601+0000] {logging_mixin.py:154} INFO - [2023-11-07T19:56:33.600+0000] {dagbag.py:536} INFO - Filling up the DagBag from /usr/local/lib/python3.10/dist-packages/airflow/example_dags/tutorial_dag.py
[2023-11-07T19:56:33.607+0000] {processor.py:839} INFO - DAG(s) dict_keys(['tutorial_dag']) retrieved from /usr/local/lib/python3.10/dist-packages/airflow/example_dags/tutorial_dag.py
[2023-11-07T19:56:33.625+0000] {logging_mixin.py:154} INFO - [2023-11-07T19:56:33.624+0000] {dag.py:2941} INFO - Sync 1 DAGs
[2023-11-07T19:56:33.638+0000] {logging_mixin.py:154} INFO - [2023-11-07T19:56:33.637+0000] {dag.py:3722} INFO - Setting next_dagrun for tutorial_dag to None, run_after=None
[2023-11-07T19:56:33.660+0000] {processor.py:179} INFO - Processing /usr/local/lib/python3.10/dist-packages/airflow/example_dags/tutorial_dag.py took 0.065 seconds
[2023-11-07T19:57:26.201+0000] {processor.py:157} INFO - Started process (PID=5129) to work on /usr/local/lib/python3.10/dist-packages/airflow/example_dags/tutorial_dag.py
[2023-11-07T19:57:26.202+0000] {processor.py:829} INFO - Processing file /usr/local/lib/python3.10/dist-packages/airflow/example_dags/tutorial_dag.py for tasks to queue
[2023-11-07T19:57:26.203+0000] {logging_mixin.py:154} INFO - [2023-11-07T19:57:26.203+0000] {dagbag.py:536} INFO - Filling up the DagBag from /usr/local/lib/python3.10/dist-packages/airflow/example_dags/tutorial_dag.py
[2023-11-07T19:57:26.210+0000] {processor.py:839} INFO - DAG(s) dict_keys(['tutorial_dag']) retrieved from /usr/local/lib/python3.10/dist-packages/airflow/example_dags/tutorial_dag.py
[2023-11-07T19:57:26.238+0000] {logging_mixin.py:154} INFO - [2023-11-07T19:57:26.236+0000] {dag.py:2941} INFO - Sync 1 DAGs
[2023-11-07T19:57:26.256+0000] {logging_mixin.py:154} INFO - [2023-11-07T19:57:26.256+0000] {dag.py:3722} INFO - Setting next_dagrun for tutorial_dag to None, run_after=None
[2023-11-07T19:57:26.284+0000] {processor.py:179} INFO - Processing /usr/local/lib/python3.10/dist-packages/airflow/example_dags/tutorial_dag.py took 0.088 seconds
[2023-11-07T19:58:15.627+0000] {processor.py:157} INFO - Started process (PID=5180) to work on /usr/local/lib/python3.10/dist-packages/airflow/example_dags/tutorial_dag.py
[2023-11-07T19:58:15.628+0000] {processor.py:829} INFO - Processing file /usr/local/lib/python3.10/dist-packages/airflow/example_dags/tutorial_dag.py for tasks to queue
[2023-11-07T19:58:15.629+0000] {logging_mixin.py:154} INFO - [2023-11-07T19:58:15.629+0000] {dagbag.py:536} INFO - Filling up the DagBag from /usr/local/lib/python3.10/dist-packages/airflow/example_dags/tutorial_dag.py
[2023-11-07T19:58:15.635+0000] {processor.py:839} INFO - DAG(s) dict_keys(['tutorial_dag']) retrieved from /usr/local/lib/python3.10/dist-packages/airflow/example_dags/tutorial_dag.py
[2023-11-07T19:58:15.651+0000] {logging_mixin.py:154} INFO - [2023-11-07T19:58:15.651+0000] {dag.py:2941} INFO - Sync 1 DAGs
[2023-11-07T19:58:15.662+0000] {logging_mixin.py:154} INFO - [2023-11-07T19:58:15.662+0000] {dag.py:3722} INFO - Setting next_dagrun for tutorial_dag to None, run_after=None
[2023-11-07T19:58:15.690+0000] {processor.py:179} INFO - Processing /usr/local/lib/python3.10/dist-packages/airflow/example_dags/tutorial_dag.py took 0.067 seconds
[2023-11-07T19:59:04.201+0000] {processor.py:157} INFO - Started process (PID=5230) to work on /usr/local/lib/python3.10/dist-packages/airflow/example_dags/tutorial_dag.py
[2023-11-07T19:59:04.204+0000] {processor.py:829} INFO - Processing file /usr/local/lib/python3.10/dist-packages/airflow/example_dags/tutorial_dag.py for tasks to queue
[2023-11-07T19:59:04.205+0000] {logging_mixin.py:154} INFO - [2023-11-07T19:59:04.204+0000] {dagbag.py:536} INFO - Filling up the DagBag from /usr/local/lib/python3.10/dist-packages/airflow/example_dags/tutorial_dag.py
[2023-11-07T19:59:04.211+0000] {processor.py:839} INFO - DAG(s) dict_keys(['tutorial_dag']) retrieved from /usr/local/lib/python3.10/dist-packages/airflow/example_dags/tutorial_dag.py
[2023-11-07T19:59:04.229+0000] {logging_mixin.py:154} INFO - [2023-11-07T19:59:04.229+0000] {dag.py:2941} INFO - Sync 1 DAGs
[2023-11-07T19:59:04.241+0000] {logging_mixin.py:154} INFO - [2023-11-07T19:59:04.240+0000] {dag.py:3722} INFO - Setting next_dagrun for tutorial_dag to None, run_after=None
[2023-11-07T19:59:04.264+0000] {processor.py:179} INFO - Processing /usr/local/lib/python3.10/dist-packages/airflow/example_dags/tutorial_dag.py took 0.066 seconds
[2023-11-07T19:59:54.998+0000] {processor.py:157} INFO - Started process (PID=5280) to work on /usr/local/lib/python3.10/dist-packages/airflow/example_dags/tutorial_dag.py
[2023-11-07T19:59:54.999+0000] {processor.py:829} INFO - Processing file /usr/local/lib/python3.10/dist-packages/airflow/example_dags/tutorial_dag.py for tasks to queue
[2023-11-07T19:59:55.000+0000] {logging_mixin.py:154} INFO - [2023-11-07T19:59:54.999+0000] {dagbag.py:536} INFO - Filling up the DagBag from /usr/local/lib/python3.10/dist-packages/airflow/example_dags/tutorial_dag.py
[2023-11-07T19:59:55.006+0000] {processor.py:839} INFO - DAG(s) dict_keys(['tutorial_dag']) retrieved from /usr/local/lib/python3.10/dist-packages/airflow/example_dags/tutorial_dag.py
[2023-11-07T19:59:55.023+0000] {logging_mixin.py:154} INFO - [2023-11-07T19:59:55.023+0000] {dag.py:2941} INFO - Sync 1 DAGs
[2023-11-07T19:59:55.035+0000] {logging_mixin.py:154} INFO - [2023-11-07T19:59:55.035+0000] {dag.py:3722} INFO - Setting next_dagrun for tutorial_dag to None, run_after=None
[2023-11-07T19:59:55.056+0000] {processor.py:179} INFO - Processing /usr/local/lib/python3.10/dist-packages/airflow/example_dags/tutorial_dag.py took 0.062 seconds
[2023-11-07T20:00:50.661+0000] {processor.py:157} INFO - Started process (PID=5335) to work on /usr/local/lib/python3.10/dist-packages/airflow/example_dags/tutorial_dag.py
[2023-11-07T20:00:50.662+0000] {processor.py:829} INFO - Processing file /usr/local/lib/python3.10/dist-packages/airflow/example_dags/tutorial_dag.py for tasks to queue
[2023-11-07T20:00:50.663+0000] {logging_mixin.py:154} INFO - [2023-11-07T20:00:50.663+0000] {dagbag.py:536} INFO - Filling up the DagBag from /usr/local/lib/python3.10/dist-packages/airflow/example_dags/tutorial_dag.py
[2023-11-07T20:00:50.671+0000] {processor.py:839} INFO - DAG(s) dict_keys(['tutorial_dag']) retrieved from /usr/local/lib/python3.10/dist-packages/airflow/example_dags/tutorial_dag.py
[2023-11-07T20:00:50.689+0000] {logging_mixin.py:154} INFO - [2023-11-07T20:00:50.689+0000] {dag.py:2941} INFO - Sync 1 DAGs
[2023-11-07T20:00:50.700+0000] {logging_mixin.py:154} INFO - [2023-11-07T20:00:50.700+0000] {dag.py:3722} INFO - Setting next_dagrun for tutorial_dag to None, run_after=None
[2023-11-07T20:00:50.724+0000] {processor.py:179} INFO - Processing /usr/local/lib/python3.10/dist-packages/airflow/example_dags/tutorial_dag.py took 0.068 seconds
[2023-11-07T20:01:39.841+0000] {processor.py:157} INFO - Started process (PID=5386) to work on /usr/local/lib/python3.10/dist-packages/airflow/example_dags/tutorial_dag.py
[2023-11-07T20:01:39.842+0000] {processor.py:829} INFO - Processing file /usr/local/lib/python3.10/dist-packages/airflow/example_dags/tutorial_dag.py for tasks to queue
[2023-11-07T20:01:39.843+0000] {logging_mixin.py:154} INFO - [2023-11-07T20:01:39.842+0000] {dagbag.py:536} INFO - Filling up the DagBag from /usr/local/lib/python3.10/dist-packages/airflow/example_dags/tutorial_dag.py
[2023-11-07T20:01:39.849+0000] {processor.py:839} INFO - DAG(s) dict_keys(['tutorial_dag']) retrieved from /usr/local/lib/python3.10/dist-packages/airflow/example_dags/tutorial_dag.py
[2023-11-07T20:01:39.866+0000] {logging_mixin.py:154} INFO - [2023-11-07T20:01:39.865+0000] {dag.py:2941} INFO - Sync 1 DAGs
[2023-11-07T20:01:39.878+0000] {logging_mixin.py:154} INFO - [2023-11-07T20:01:39.878+0000] {dag.py:3722} INFO - Setting next_dagrun for tutorial_dag to None, run_after=None
[2023-11-07T20:01:39.904+0000] {processor.py:179} INFO - Processing /usr/local/lib/python3.10/dist-packages/airflow/example_dags/tutorial_dag.py took 0.067 seconds
[2023-11-07T20:02:22.839+0000] {processor.py:157} INFO - Started process (PID=5430) to work on /usr/local/lib/python3.10/dist-packages/airflow/example_dags/tutorial_dag.py
[2023-11-07T20:02:22.840+0000] {processor.py:829} INFO - Processing file /usr/local/lib/python3.10/dist-packages/airflow/example_dags/tutorial_dag.py for tasks to queue
[2023-11-07T20:02:22.841+0000] {logging_mixin.py:154} INFO - [2023-11-07T20:02:22.841+0000] {dagbag.py:536} INFO - Filling up the DagBag from /usr/local/lib/python3.10/dist-packages/airflow/example_dags/tutorial_dag.py
[2023-11-07T20:02:22.846+0000] {processor.py:839} INFO - DAG(s) dict_keys(['tutorial_dag']) retrieved from /usr/local/lib/python3.10/dist-packages/airflow/example_dags/tutorial_dag.py
[2023-11-07T20:02:22.863+0000] {logging_mixin.py:154} INFO - [2023-11-07T20:02:22.863+0000] {dag.py:2941} INFO - Sync 1 DAGs
[2023-11-07T20:02:22.874+0000] {logging_mixin.py:154} INFO - [2023-11-07T20:02:22.874+0000] {dag.py:3722} INFO - Setting next_dagrun for tutorial_dag to None, run_after=None
[2023-11-07T20:02:22.897+0000] {processor.py:179} INFO - Processing /usr/local/lib/python3.10/dist-packages/airflow/example_dags/tutorial_dag.py took 0.061 seconds
[2023-11-07T20:03:12.061+0000] {processor.py:157} INFO - Started process (PID=5482) to work on /usr/local/lib/python3.10/dist-packages/airflow/example_dags/tutorial_dag.py
[2023-11-07T20:03:12.062+0000] {processor.py:829} INFO - Processing file /usr/local/lib/python3.10/dist-packages/airflow/example_dags/tutorial_dag.py for tasks to queue
[2023-11-07T20:03:12.063+0000] {logging_mixin.py:154} INFO - [2023-11-07T20:03:12.062+0000] {dagbag.py:536} INFO - Filling up the DagBag from /usr/local/lib/python3.10/dist-packages/airflow/example_dags/tutorial_dag.py
[2023-11-07T20:03:12.068+0000] {processor.py:839} INFO - DAG(s) dict_keys(['tutorial_dag']) retrieved from /usr/local/lib/python3.10/dist-packages/airflow/example_dags/tutorial_dag.py
[2023-11-07T20:03:12.086+0000] {logging_mixin.py:154} INFO - [2023-11-07T20:03:12.086+0000] {dag.py:2941} INFO - Sync 1 DAGs
[2023-11-07T20:03:12.100+0000] {logging_mixin.py:154} INFO - [2023-11-07T20:03:12.100+0000] {dag.py:3722} INFO - Setting next_dagrun for tutorial_dag to None, run_after=None
[2023-11-07T20:03:12.124+0000] {processor.py:179} INFO - Processing /usr/local/lib/python3.10/dist-packages/airflow/example_dags/tutorial_dag.py took 0.067 seconds
[2023-11-07T20:04:00.386+0000] {processor.py:157} INFO - Started process (PID=5533) to work on /usr/local/lib/python3.10/dist-packages/airflow/example_dags/tutorial_dag.py
[2023-11-07T20:04:00.387+0000] {processor.py:829} INFO - Processing file /usr/local/lib/python3.10/dist-packages/airflow/example_dags/tutorial_dag.py for tasks to queue
[2023-11-07T20:04:00.387+0000] {logging_mixin.py:154} INFO - [2023-11-07T20:04:00.387+0000] {dagbag.py:536} INFO - Filling up the DagBag from /usr/local/lib/python3.10/dist-packages/airflow/example_dags/tutorial_dag.py
[2023-11-07T20:04:00.393+0000] {processor.py:839} INFO - DAG(s) dict_keys(['tutorial_dag']) retrieved from /usr/local/lib/python3.10/dist-packages/airflow/example_dags/tutorial_dag.py
[2023-11-07T20:04:00.413+0000] {logging_mixin.py:154} INFO - [2023-11-07T20:04:00.412+0000] {dag.py:2941} INFO - Sync 1 DAGs
[2023-11-07T20:04:00.426+0000] {logging_mixin.py:154} INFO - [2023-11-07T20:04:00.426+0000] {dag.py:3722} INFO - Setting next_dagrun for tutorial_dag to None, run_after=None
[2023-11-07T20:04:00.447+0000] {processor.py:179} INFO - Processing /usr/local/lib/python3.10/dist-packages/airflow/example_dags/tutorial_dag.py took 0.064 seconds
[2023-11-07T20:04:48.770+0000] {processor.py:157} INFO - Started process (PID=5583) to work on /usr/local/lib/python3.10/dist-packages/airflow/example_dags/tutorial_dag.py
[2023-11-07T20:04:48.771+0000] {processor.py:829} INFO - Processing file /usr/local/lib/python3.10/dist-packages/airflow/example_dags/tutorial_dag.py for tasks to queue
[2023-11-07T20:04:48.772+0000] {logging_mixin.py:154} INFO - [2023-11-07T20:04:48.771+0000] {dagbag.py:536} INFO - Filling up the DagBag from /usr/local/lib/python3.10/dist-packages/airflow/example_dags/tutorial_dag.py
[2023-11-07T20:04:48.779+0000] {processor.py:839} INFO - DAG(s) dict_keys(['tutorial_dag']) retrieved from /usr/local/lib/python3.10/dist-packages/airflow/example_dags/tutorial_dag.py
[2023-11-07T20:04:48.797+0000] {logging_mixin.py:154} INFO - [2023-11-07T20:04:48.797+0000] {dag.py:2941} INFO - Sync 1 DAGs
[2023-11-07T20:04:48.809+0000] {logging_mixin.py:154} INFO - [2023-11-07T20:04:48.809+0000] {dag.py:3722} INFO - Setting next_dagrun for tutorial_dag to None, run_after=None
[2023-11-07T20:04:48.839+0000] {processor.py:179} INFO - Processing /usr/local/lib/python3.10/dist-packages/airflow/example_dags/tutorial_dag.py took 0.072 seconds
[2023-11-07T20:05:39.389+0000] {processor.py:157} INFO - Started process (PID=5634) to work on /usr/local/lib/python3.10/dist-packages/airflow/example_dags/tutorial_dag.py
[2023-11-07T20:05:39.390+0000] {processor.py:829} INFO - Processing file /usr/local/lib/python3.10/dist-packages/airflow/example_dags/tutorial_dag.py for tasks to queue
[2023-11-07T20:05:39.391+0000] {logging_mixin.py:154} INFO - [2023-11-07T20:05:39.391+0000] {dagbag.py:536} INFO - Filling up the DagBag from /usr/local/lib/python3.10/dist-packages/airflow/example_dags/tutorial_dag.py
[2023-11-07T20:05:39.397+0000] {processor.py:839} INFO - DAG(s) dict_keys(['tutorial_dag']) retrieved from /usr/local/lib/python3.10/dist-packages/airflow/example_dags/tutorial_dag.py
[2023-11-07T20:05:39.429+0000] {logging_mixin.py:154} INFO - [2023-11-07T20:05:39.429+0000] {dag.py:2941} INFO - Sync 1 DAGs
[2023-11-07T20:05:39.445+0000] {logging_mixin.py:154} INFO - [2023-11-07T20:05:39.445+0000] {dag.py:3722} INFO - Setting next_dagrun for tutorial_dag to None, run_after=None
[2023-11-07T20:05:39.469+0000] {processor.py:179} INFO - Processing /usr/local/lib/python3.10/dist-packages/airflow/example_dags/tutorial_dag.py took 0.083 seconds
[2023-11-07T20:06:29.433+0000] {processor.py:157} INFO - Started process (PID=5685) to work on /usr/local/lib/python3.10/dist-packages/airflow/example_dags/tutorial_dag.py
[2023-11-07T20:06:29.434+0000] {processor.py:829} INFO - Processing file /usr/local/lib/python3.10/dist-packages/airflow/example_dags/tutorial_dag.py for tasks to queue
[2023-11-07T20:06:29.435+0000] {logging_mixin.py:154} INFO - [2023-11-07T20:06:29.435+0000] {dagbag.py:536} INFO - Filling up the DagBag from /usr/local/lib/python3.10/dist-packages/airflow/example_dags/tutorial_dag.py
[2023-11-07T20:06:29.440+0000] {processor.py:839} INFO - DAG(s) dict_keys(['tutorial_dag']) retrieved from /usr/local/lib/python3.10/dist-packages/airflow/example_dags/tutorial_dag.py
[2023-11-07T20:06:29.459+0000] {logging_mixin.py:154} INFO - [2023-11-07T20:06:29.459+0000] {dag.py:2941} INFO - Sync 1 DAGs
[2023-11-07T20:06:29.470+0000] {logging_mixin.py:154} INFO - [2023-11-07T20:06:29.470+0000] {dag.py:3722} INFO - Setting next_dagrun for tutorial_dag to None, run_after=None
[2023-11-07T20:06:29.494+0000] {processor.py:179} INFO - Processing /usr/local/lib/python3.10/dist-packages/airflow/example_dags/tutorial_dag.py took 0.064 seconds
[2023-11-07T20:07:20.997+0000] {processor.py:157} INFO - Started process (PID=5737) to work on /usr/local/lib/python3.10/dist-packages/airflow/example_dags/tutorial_dag.py
[2023-11-07T20:07:20.998+0000] {processor.py:829} INFO - Processing file /usr/local/lib/python3.10/dist-packages/airflow/example_dags/tutorial_dag.py for tasks to queue
[2023-11-07T20:07:20.998+0000] {logging_mixin.py:154} INFO - [2023-11-07T20:07:20.998+0000] {dagbag.py:536} INFO - Filling up the DagBag from /usr/local/lib/python3.10/dist-packages/airflow/example_dags/tutorial_dag.py
[2023-11-07T20:07:21.004+0000] {processor.py:839} INFO - DAG(s) dict_keys(['tutorial_dag']) retrieved from /usr/local/lib/python3.10/dist-packages/airflow/example_dags/tutorial_dag.py
[2023-11-07T20:07:21.020+0000] {logging_mixin.py:154} INFO - [2023-11-07T20:07:21.020+0000] {dag.py:2941} INFO - Sync 1 DAGs
[2023-11-07T20:07:21.032+0000] {logging_mixin.py:154} INFO - [2023-11-07T20:07:21.032+0000] {dag.py:3722} INFO - Setting next_dagrun for tutorial_dag to None, run_after=None
[2023-11-07T20:07:21.054+0000] {processor.py:179} INFO - Processing /usr/local/lib/python3.10/dist-packages/airflow/example_dags/tutorial_dag.py took 0.061 seconds
