[2023-11-07T19:31:43.110+0000] {processor.py:157} INFO - Started process (PID=3561) to work on /usr/local/lib/python3.10/dist-packages/airflow/example_dags/tutorial_taskflow_api_virtualenv.py
[2023-11-07T19:31:43.111+0000] {processor.py:829} INFO - Processing file /usr/local/lib/python3.10/dist-packages/airflow/example_dags/tutorial_taskflow_api_virtualenv.py for tasks to queue
[2023-11-07T19:31:43.112+0000] {logging_mixin.py:154} INFO - [2023-11-07T19:31:43.112+0000] {dagbag.py:536} INFO - Filling up the DagBag from /usr/local/lib/python3.10/dist-packages/airflow/example_dags/tutorial_taskflow_api_virtualenv.py
[2023-11-07T19:31:43.115+0000] {logging_mixin.py:154} INFO - [2023-11-07T19:31:43.115+0000] {tutorial_taskflow_api_virtualenv.py:29} WARNING - The tutorial_taskflow_api_virtualenv example DAG requires virtualenv, please install it.
[2023-11-07T19:31:43.115+0000] {processor.py:841} WARNING - No viable dags retrieved from /usr/local/lib/python3.10/dist-packages/airflow/example_dags/tutorial_taskflow_api_virtualenv.py
[2023-11-07T19:31:43.126+0000] {processor.py:179} INFO - Processing /usr/local/lib/python3.10/dist-packages/airflow/example_dags/tutorial_taskflow_api_virtualenv.py took 0.019 seconds
[2023-11-07T19:32:35.628+0000] {processor.py:157} INFO - Started process (PID=3608) to work on /usr/local/lib/python3.10/dist-packages/airflow/example_dags/tutorial_taskflow_api_virtualenv.py
[2023-11-07T19:32:35.631+0000] {processor.py:829} INFO - Processing file /usr/local/lib/python3.10/dist-packages/airflow/example_dags/tutorial_taskflow_api_virtualenv.py for tasks to queue
[2023-11-07T19:32:35.633+0000] {logging_mixin.py:154} INFO - [2023-11-07T19:32:35.633+0000] {dagbag.py:536} INFO - Filling up the DagBag from /usr/local/lib/python3.10/dist-packages/airflow/example_dags/tutorial_taskflow_api_virtualenv.py
[2023-11-07T19:32:35.640+0000] {logging_mixin.py:154} INFO - [2023-11-07T19:32:35.639+0000] {tutorial_taskflow_api_virtualenv.py:29} WARNING - The tutorial_taskflow_api_virtualenv example DAG requires virtualenv, please install it.
[2023-11-07T19:32:35.640+0000] {processor.py:841} WARNING - No viable dags retrieved from /usr/local/lib/python3.10/dist-packages/airflow/example_dags/tutorial_taskflow_api_virtualenv.py
[2023-11-07T19:32:35.651+0000] {processor.py:179} INFO - Processing /usr/local/lib/python3.10/dist-packages/airflow/example_dags/tutorial_taskflow_api_virtualenv.py took 0.026 seconds
[2023-11-07T19:33:22.256+0000] {processor.py:157} INFO - Started process (PID=3655) to work on /usr/local/lib/python3.10/dist-packages/airflow/example_dags/tutorial_taskflow_api_virtualenv.py
[2023-11-07T19:33:22.257+0000] {processor.py:829} INFO - Processing file /usr/local/lib/python3.10/dist-packages/airflow/example_dags/tutorial_taskflow_api_virtualenv.py for tasks to queue
[2023-11-07T19:33:22.258+0000] {logging_mixin.py:154} INFO - [2023-11-07T19:33:22.258+0000] {dagbag.py:536} INFO - Filling up the DagBag from /usr/local/lib/python3.10/dist-packages/airflow/example_dags/tutorial_taskflow_api_virtualenv.py
[2023-11-07T19:33:22.261+0000] {logging_mixin.py:154} INFO - [2023-11-07T19:33:22.261+0000] {tutorial_taskflow_api_virtualenv.py:29} WARNING - The tutorial_taskflow_api_virtualenv example DAG requires virtualenv, please install it.
[2023-11-07T19:33:22.261+0000] {processor.py:841} WARNING - No viable dags retrieved from /usr/local/lib/python3.10/dist-packages/airflow/example_dags/tutorial_taskflow_api_virtualenv.py
[2023-11-07T19:33:22.271+0000] {processor.py:179} INFO - Processing /usr/local/lib/python3.10/dist-packages/airflow/example_dags/tutorial_taskflow_api_virtualenv.py took 0.018 seconds
[2023-11-07T19:34:08.033+0000] {processor.py:157} INFO - Started process (PID=3703) to work on /usr/local/lib/python3.10/dist-packages/airflow/example_dags/tutorial_taskflow_api_virtualenv.py
[2023-11-07T19:34:08.034+0000] {processor.py:829} INFO - Processing file /usr/local/lib/python3.10/dist-packages/airflow/example_dags/tutorial_taskflow_api_virtualenv.py for tasks to queue
[2023-11-07T19:34:08.036+0000] {logging_mixin.py:154} INFO - [2023-11-07T19:34:08.035+0000] {dagbag.py:536} INFO - Filling up the DagBag from /usr/local/lib/python3.10/dist-packages/airflow/example_dags/tutorial_taskflow_api_virtualenv.py
[2023-11-07T19:34:08.040+0000] {logging_mixin.py:154} INFO - [2023-11-07T19:34:08.040+0000] {tutorial_taskflow_api_virtualenv.py:29} WARNING - The tutorial_taskflow_api_virtualenv example DAG requires virtualenv, please install it.
[2023-11-07T19:34:08.040+0000] {processor.py:841} WARNING - No viable dags retrieved from /usr/local/lib/python3.10/dist-packages/airflow/example_dags/tutorial_taskflow_api_virtualenv.py
[2023-11-07T19:34:08.052+0000] {processor.py:179} INFO - Processing /usr/local/lib/python3.10/dist-packages/airflow/example_dags/tutorial_taskflow_api_virtualenv.py took 0.023 seconds
[2023-11-07T19:34:55.894+0000] {processor.py:157} INFO - Started process (PID=3753) to work on /usr/local/lib/python3.10/dist-packages/airflow/example_dags/tutorial_taskflow_api_virtualenv.py
[2023-11-07T19:34:55.896+0000] {processor.py:829} INFO - Processing file /usr/local/lib/python3.10/dist-packages/airflow/example_dags/tutorial_taskflow_api_virtualenv.py for tasks to queue
[2023-11-07T19:34:55.896+0000] {logging_mixin.py:154} INFO - [2023-11-07T19:34:55.896+0000] {dagbag.py:536} INFO - Filling up the DagBag from /usr/local/lib/python3.10/dist-packages/airflow/example_dags/tutorial_taskflow_api_virtualenv.py
[2023-11-07T19:34:55.900+0000] {logging_mixin.py:154} INFO - [2023-11-07T19:34:55.900+0000] {tutorial_taskflow_api_virtualenv.py:29} WARNING - The tutorial_taskflow_api_virtualenv example DAG requires virtualenv, please install it.
[2023-11-07T19:34:55.900+0000] {processor.py:841} WARNING - No viable dags retrieved from /usr/local/lib/python3.10/dist-packages/airflow/example_dags/tutorial_taskflow_api_virtualenv.py
[2023-11-07T19:34:55.914+0000] {processor.py:179} INFO - Processing /usr/local/lib/python3.10/dist-packages/airflow/example_dags/tutorial_taskflow_api_virtualenv.py took 0.024 seconds
[2023-11-07T19:35:39.340+0000] {processor.py:157} INFO - Started process (PID=3802) to work on /usr/local/lib/python3.10/dist-packages/airflow/example_dags/tutorial_taskflow_api_virtualenv.py
[2023-11-07T19:35:39.341+0000] {processor.py:829} INFO - Processing file /usr/local/lib/python3.10/dist-packages/airflow/example_dags/tutorial_taskflow_api_virtualenv.py for tasks to queue
[2023-11-07T19:35:39.342+0000] {logging_mixin.py:154} INFO - [2023-11-07T19:35:39.341+0000] {dagbag.py:536} INFO - Filling up the DagBag from /usr/local/lib/python3.10/dist-packages/airflow/example_dags/tutorial_taskflow_api_virtualenv.py
[2023-11-07T19:35:39.344+0000] {logging_mixin.py:154} INFO - [2023-11-07T19:35:39.344+0000] {tutorial_taskflow_api_virtualenv.py:29} WARNING - The tutorial_taskflow_api_virtualenv example DAG requires virtualenv, please install it.
[2023-11-07T19:35:39.344+0000] {processor.py:841} WARNING - No viable dags retrieved from /usr/local/lib/python3.10/dist-packages/airflow/example_dags/tutorial_taskflow_api_virtualenv.py
[2023-11-07T19:35:39.354+0000] {processor.py:179} INFO - Processing /usr/local/lib/python3.10/dist-packages/airflow/example_dags/tutorial_taskflow_api_virtualenv.py took 0.018 seconds
[2023-11-07T19:36:28.673+0000] {processor.py:157} INFO - Started process (PID=3851) to work on /usr/local/lib/python3.10/dist-packages/airflow/example_dags/tutorial_taskflow_api_virtualenv.py
[2023-11-07T19:36:28.675+0000] {processor.py:829} INFO - Processing file /usr/local/lib/python3.10/dist-packages/airflow/example_dags/tutorial_taskflow_api_virtualenv.py for tasks to queue
[2023-11-07T19:36:28.676+0000] {logging_mixin.py:154} INFO - [2023-11-07T19:36:28.675+0000] {dagbag.py:536} INFO - Filling up the DagBag from /usr/local/lib/python3.10/dist-packages/airflow/example_dags/tutorial_taskflow_api_virtualenv.py
[2023-11-07T19:36:28.679+0000] {logging_mixin.py:154} INFO - [2023-11-07T19:36:28.678+0000] {tutorial_taskflow_api_virtualenv.py:29} WARNING - The tutorial_taskflow_api_virtualenv example DAG requires virtualenv, please install it.
[2023-11-07T19:36:28.679+0000] {processor.py:841} WARNING - No viable dags retrieved from /usr/local/lib/python3.10/dist-packages/airflow/example_dags/tutorial_taskflow_api_virtualenv.py
[2023-11-07T19:36:28.689+0000] {processor.py:179} INFO - Processing /usr/local/lib/python3.10/dist-packages/airflow/example_dags/tutorial_taskflow_api_virtualenv.py took 0.019 seconds
[2023-11-07T19:37:20.273+0000] {processor.py:157} INFO - Started process (PID=3902) to work on /usr/local/lib/python3.10/dist-packages/airflow/example_dags/tutorial_taskflow_api_virtualenv.py
[2023-11-07T19:37:20.275+0000] {processor.py:829} INFO - Processing file /usr/local/lib/python3.10/dist-packages/airflow/example_dags/tutorial_taskflow_api_virtualenv.py for tasks to queue
[2023-11-07T19:37:20.276+0000] {logging_mixin.py:154} INFO - [2023-11-07T19:37:20.275+0000] {dagbag.py:536} INFO - Filling up the DagBag from /usr/local/lib/python3.10/dist-packages/airflow/example_dags/tutorial_taskflow_api_virtualenv.py
[2023-11-07T19:37:20.280+0000] {logging_mixin.py:154} INFO - [2023-11-07T19:37:20.280+0000] {tutorial_taskflow_api_virtualenv.py:29} WARNING - The tutorial_taskflow_api_virtualenv example DAG requires virtualenv, please install it.
[2023-11-07T19:37:20.280+0000] {processor.py:841} WARNING - No viable dags retrieved from /usr/local/lib/python3.10/dist-packages/airflow/example_dags/tutorial_taskflow_api_virtualenv.py
[2023-11-07T19:37:20.291+0000] {processor.py:179} INFO - Processing /usr/local/lib/python3.10/dist-packages/airflow/example_dags/tutorial_taskflow_api_virtualenv.py took 0.021 seconds
[2023-11-07T19:38:06.662+0000] {processor.py:157} INFO - Started process (PID=3952) to work on /usr/local/lib/python3.10/dist-packages/airflow/example_dags/tutorial_taskflow_api_virtualenv.py
[2023-11-07T19:38:06.663+0000] {processor.py:829} INFO - Processing file /usr/local/lib/python3.10/dist-packages/airflow/example_dags/tutorial_taskflow_api_virtualenv.py for tasks to queue
[2023-11-07T19:38:06.664+0000] {logging_mixin.py:154} INFO - [2023-11-07T19:38:06.664+0000] {dagbag.py:536} INFO - Filling up the DagBag from /usr/local/lib/python3.10/dist-packages/airflow/example_dags/tutorial_taskflow_api_virtualenv.py
[2023-11-07T19:38:06.668+0000] {logging_mixin.py:154} INFO - [2023-11-07T19:38:06.668+0000] {tutorial_taskflow_api_virtualenv.py:29} WARNING - The tutorial_taskflow_api_virtualenv example DAG requires virtualenv, please install it.
[2023-11-07T19:38:06.668+0000] {processor.py:841} WARNING - No viable dags retrieved from /usr/local/lib/python3.10/dist-packages/airflow/example_dags/tutorial_taskflow_api_virtualenv.py
[2023-11-07T19:38:06.679+0000] {processor.py:179} INFO - Processing /usr/local/lib/python3.10/dist-packages/airflow/example_dags/tutorial_taskflow_api_virtualenv.py took 0.021 seconds
[2023-11-07T19:38:55.797+0000] {processor.py:157} INFO - Started process (PID=4002) to work on /usr/local/lib/python3.10/dist-packages/airflow/example_dags/tutorial_taskflow_api_virtualenv.py
[2023-11-07T19:38:55.798+0000] {processor.py:829} INFO - Processing file /usr/local/lib/python3.10/dist-packages/airflow/example_dags/tutorial_taskflow_api_virtualenv.py for tasks to queue
[2023-11-07T19:38:55.799+0000] {logging_mixin.py:154} INFO - [2023-11-07T19:38:55.798+0000] {dagbag.py:536} INFO - Filling up the DagBag from /usr/local/lib/python3.10/dist-packages/airflow/example_dags/tutorial_taskflow_api_virtualenv.py
[2023-11-07T19:38:55.802+0000] {logging_mixin.py:154} INFO - [2023-11-07T19:38:55.802+0000] {tutorial_taskflow_api_virtualenv.py:29} WARNING - The tutorial_taskflow_api_virtualenv example DAG requires virtualenv, please install it.
[2023-11-07T19:38:55.802+0000] {processor.py:841} WARNING - No viable dags retrieved from /usr/local/lib/python3.10/dist-packages/airflow/example_dags/tutorial_taskflow_api_virtualenv.py
[2023-11-07T19:38:55.813+0000] {processor.py:179} INFO - Processing /usr/local/lib/python3.10/dist-packages/airflow/example_dags/tutorial_taskflow_api_virtualenv.py took 0.018 seconds
[2023-11-07T19:39:40.545+0000] {processor.py:157} INFO - Started process (PID=4048) to work on /usr/local/lib/python3.10/dist-packages/airflow/example_dags/tutorial_taskflow_api_virtualenv.py
[2023-11-07T19:39:40.546+0000] {processor.py:829} INFO - Processing file /usr/local/lib/python3.10/dist-packages/airflow/example_dags/tutorial_taskflow_api_virtualenv.py for tasks to queue
[2023-11-07T19:39:40.547+0000] {logging_mixin.py:154} INFO - [2023-11-07T19:39:40.547+0000] {dagbag.py:536} INFO - Filling up the DagBag from /usr/local/lib/python3.10/dist-packages/airflow/example_dags/tutorial_taskflow_api_virtualenv.py
[2023-11-07T19:39:40.550+0000] {logging_mixin.py:154} INFO - [2023-11-07T19:39:40.550+0000] {tutorial_taskflow_api_virtualenv.py:29} WARNING - The tutorial_taskflow_api_virtualenv example DAG requires virtualenv, please install it.
[2023-11-07T19:39:40.550+0000] {processor.py:841} WARNING - No viable dags retrieved from /usr/local/lib/python3.10/dist-packages/airflow/example_dags/tutorial_taskflow_api_virtualenv.py
[2023-11-07T19:39:40.562+0000] {processor.py:179} INFO - Processing /usr/local/lib/python3.10/dist-packages/airflow/example_dags/tutorial_taskflow_api_virtualenv.py took 0.019 seconds
[2023-11-07T19:40:21.122+0000] {processor.py:157} INFO - Started process (PID=4089) to work on /usr/local/lib/python3.10/dist-packages/airflow/example_dags/tutorial_taskflow_api_virtualenv.py
[2023-11-07T19:40:21.123+0000] {processor.py:829} INFO - Processing file /usr/local/lib/python3.10/dist-packages/airflow/example_dags/tutorial_taskflow_api_virtualenv.py for tasks to queue
[2023-11-07T19:40:21.123+0000] {logging_mixin.py:154} INFO - [2023-11-07T19:40:21.123+0000] {dagbag.py:536} INFO - Filling up the DagBag from /usr/local/lib/python3.10/dist-packages/airflow/example_dags/tutorial_taskflow_api_virtualenv.py
[2023-11-07T19:40:21.126+0000] {logging_mixin.py:154} INFO - [2023-11-07T19:40:21.126+0000] {tutorial_taskflow_api_virtualenv.py:29} WARNING - The tutorial_taskflow_api_virtualenv example DAG requires virtualenv, please install it.
[2023-11-07T19:40:21.126+0000] {processor.py:841} WARNING - No viable dags retrieved from /usr/local/lib/python3.10/dist-packages/airflow/example_dags/tutorial_taskflow_api_virtualenv.py
[2023-11-07T19:40:21.136+0000] {processor.py:179} INFO - Processing /usr/local/lib/python3.10/dist-packages/airflow/example_dags/tutorial_taskflow_api_virtualenv.py took 0.017 seconds
[2023-11-07T19:41:13.189+0000] {processor.py:157} INFO - Started process (PID=4143) to work on /usr/local/lib/python3.10/dist-packages/airflow/example_dags/tutorial_taskflow_api_virtualenv.py
[2023-11-07T19:41:13.190+0000] {processor.py:829} INFO - Processing file /usr/local/lib/python3.10/dist-packages/airflow/example_dags/tutorial_taskflow_api_virtualenv.py for tasks to queue
[2023-11-07T19:41:13.191+0000] {logging_mixin.py:154} INFO - [2023-11-07T19:41:13.191+0000] {dagbag.py:536} INFO - Filling up the DagBag from /usr/local/lib/python3.10/dist-packages/airflow/example_dags/tutorial_taskflow_api_virtualenv.py
[2023-11-07T19:41:13.194+0000] {logging_mixin.py:154} INFO - [2023-11-07T19:41:13.194+0000] {tutorial_taskflow_api_virtualenv.py:29} WARNING - The tutorial_taskflow_api_virtualenv example DAG requires virtualenv, please install it.
[2023-11-07T19:41:13.194+0000] {processor.py:841} WARNING - No viable dags retrieved from /usr/local/lib/python3.10/dist-packages/airflow/example_dags/tutorial_taskflow_api_virtualenv.py
[2023-11-07T19:41:13.205+0000] {processor.py:179} INFO - Processing /usr/local/lib/python3.10/dist-packages/airflow/example_dags/tutorial_taskflow_api_virtualenv.py took 0.019 seconds
[2023-11-07T19:42:00.111+0000] {processor.py:157} INFO - Started process (PID=4192) to work on /usr/local/lib/python3.10/dist-packages/airflow/example_dags/tutorial_taskflow_api_virtualenv.py
[2023-11-07T19:42:00.112+0000] {processor.py:829} INFO - Processing file /usr/local/lib/python3.10/dist-packages/airflow/example_dags/tutorial_taskflow_api_virtualenv.py for tasks to queue
[2023-11-07T19:42:00.112+0000] {logging_mixin.py:154} INFO - [2023-11-07T19:42:00.112+0000] {dagbag.py:536} INFO - Filling up the DagBag from /usr/local/lib/python3.10/dist-packages/airflow/example_dags/tutorial_taskflow_api_virtualenv.py
[2023-11-07T19:42:00.115+0000] {logging_mixin.py:154} INFO - [2023-11-07T19:42:00.115+0000] {tutorial_taskflow_api_virtualenv.py:29} WARNING - The tutorial_taskflow_api_virtualenv example DAG requires virtualenv, please install it.
[2023-11-07T19:42:00.116+0000] {processor.py:841} WARNING - No viable dags retrieved from /usr/local/lib/python3.10/dist-packages/airflow/example_dags/tutorial_taskflow_api_virtualenv.py
[2023-11-07T19:42:00.128+0000] {processor.py:179} INFO - Processing /usr/local/lib/python3.10/dist-packages/airflow/example_dags/tutorial_taskflow_api_virtualenv.py took 0.022 seconds
[2023-11-07T19:42:47.865+0000] {processor.py:157} INFO - Started process (PID=4242) to work on /usr/local/lib/python3.10/dist-packages/airflow/example_dags/tutorial_taskflow_api_virtualenv.py
[2023-11-07T19:42:47.866+0000] {processor.py:829} INFO - Processing file /usr/local/lib/python3.10/dist-packages/airflow/example_dags/tutorial_taskflow_api_virtualenv.py for tasks to queue
[2023-11-07T19:42:47.866+0000] {logging_mixin.py:154} INFO - [2023-11-07T19:42:47.866+0000] {dagbag.py:536} INFO - Filling up the DagBag from /usr/local/lib/python3.10/dist-packages/airflow/example_dags/tutorial_taskflow_api_virtualenv.py
[2023-11-07T19:42:47.869+0000] {logging_mixin.py:154} INFO - [2023-11-07T19:42:47.869+0000] {tutorial_taskflow_api_virtualenv.py:29} WARNING - The tutorial_taskflow_api_virtualenv example DAG requires virtualenv, please install it.
[2023-11-07T19:42:47.870+0000] {processor.py:841} WARNING - No viable dags retrieved from /usr/local/lib/python3.10/dist-packages/airflow/example_dags/tutorial_taskflow_api_virtualenv.py
[2023-11-07T19:42:47.884+0000] {processor.py:179} INFO - Processing /usr/local/lib/python3.10/dist-packages/airflow/example_dags/tutorial_taskflow_api_virtualenv.py took 0.022 seconds
[2023-11-07T19:43:38.109+0000] {processor.py:157} INFO - Started process (PID=4293) to work on /usr/local/lib/python3.10/dist-packages/airflow/example_dags/tutorial_taskflow_api_virtualenv.py
[2023-11-07T19:43:38.111+0000] {processor.py:829} INFO - Processing file /usr/local/lib/python3.10/dist-packages/airflow/example_dags/tutorial_taskflow_api_virtualenv.py for tasks to queue
[2023-11-07T19:43:38.112+0000] {logging_mixin.py:154} INFO - [2023-11-07T19:43:38.111+0000] {dagbag.py:536} INFO - Filling up the DagBag from /usr/local/lib/python3.10/dist-packages/airflow/example_dags/tutorial_taskflow_api_virtualenv.py
[2023-11-07T19:43:38.115+0000] {logging_mixin.py:154} INFO - [2023-11-07T19:43:38.115+0000] {tutorial_taskflow_api_virtualenv.py:29} WARNING - The tutorial_taskflow_api_virtualenv example DAG requires virtualenv, please install it.
[2023-11-07T19:43:38.115+0000] {processor.py:841} WARNING - No viable dags retrieved from /usr/local/lib/python3.10/dist-packages/airflow/example_dags/tutorial_taskflow_api_virtualenv.py
[2023-11-07T19:43:38.127+0000] {processor.py:179} INFO - Processing /usr/local/lib/python3.10/dist-packages/airflow/example_dags/tutorial_taskflow_api_virtualenv.py took 0.021 seconds
[2023-11-07T19:44:28.569+0000] {processor.py:157} INFO - Started process (PID=4344) to work on /usr/local/lib/python3.10/dist-packages/airflow/example_dags/tutorial_taskflow_api_virtualenv.py
[2023-11-07T19:44:28.571+0000] {processor.py:829} INFO - Processing file /usr/local/lib/python3.10/dist-packages/airflow/example_dags/tutorial_taskflow_api_virtualenv.py for tasks to queue
[2023-11-07T19:44:28.572+0000] {logging_mixin.py:154} INFO - [2023-11-07T19:44:28.571+0000] {dagbag.py:536} INFO - Filling up the DagBag from /usr/local/lib/python3.10/dist-packages/airflow/example_dags/tutorial_taskflow_api_virtualenv.py
[2023-11-07T19:44:28.575+0000] {logging_mixin.py:154} INFO - [2023-11-07T19:44:28.575+0000] {tutorial_taskflow_api_virtualenv.py:29} WARNING - The tutorial_taskflow_api_virtualenv example DAG requires virtualenv, please install it.
[2023-11-07T19:44:28.576+0000] {processor.py:841} WARNING - No viable dags retrieved from /usr/local/lib/python3.10/dist-packages/airflow/example_dags/tutorial_taskflow_api_virtualenv.py
[2023-11-07T19:44:28.589+0000] {processor.py:179} INFO - Processing /usr/local/lib/python3.10/dist-packages/airflow/example_dags/tutorial_taskflow_api_virtualenv.py took 0.024 seconds
[2023-11-07T19:45:22.584+0000] {processor.py:157} INFO - Started process (PID=4397) to work on /usr/local/lib/python3.10/dist-packages/airflow/example_dags/tutorial_taskflow_api_virtualenv.py
[2023-11-07T19:45:22.585+0000] {processor.py:829} INFO - Processing file /usr/local/lib/python3.10/dist-packages/airflow/example_dags/tutorial_taskflow_api_virtualenv.py for tasks to queue
[2023-11-07T19:45:22.586+0000] {logging_mixin.py:154} INFO - [2023-11-07T19:45:22.586+0000] {dagbag.py:536} INFO - Filling up the DagBag from /usr/local/lib/python3.10/dist-packages/airflow/example_dags/tutorial_taskflow_api_virtualenv.py
[2023-11-07T19:45:22.589+0000] {logging_mixin.py:154} INFO - [2023-11-07T19:45:22.589+0000] {tutorial_taskflow_api_virtualenv.py:29} WARNING - The tutorial_taskflow_api_virtualenv example DAG requires virtualenv, please install it.
[2023-11-07T19:45:22.589+0000] {processor.py:841} WARNING - No viable dags retrieved from /usr/local/lib/python3.10/dist-packages/airflow/example_dags/tutorial_taskflow_api_virtualenv.py
[2023-11-07T19:45:22.600+0000] {processor.py:179} INFO - Processing /usr/local/lib/python3.10/dist-packages/airflow/example_dags/tutorial_taskflow_api_virtualenv.py took 0.019 seconds
[2023-11-07T19:46:17.410+0000] {processor.py:157} INFO - Started process (PID=4451) to work on /usr/local/lib/python3.10/dist-packages/airflow/example_dags/tutorial_taskflow_api_virtualenv.py
[2023-11-07T19:46:17.411+0000] {processor.py:829} INFO - Processing file /usr/local/lib/python3.10/dist-packages/airflow/example_dags/tutorial_taskflow_api_virtualenv.py for tasks to queue
[2023-11-07T19:46:17.413+0000] {logging_mixin.py:154} INFO - [2023-11-07T19:46:17.412+0000] {dagbag.py:536} INFO - Filling up the DagBag from /usr/local/lib/python3.10/dist-packages/airflow/example_dags/tutorial_taskflow_api_virtualenv.py
[2023-11-07T19:46:17.417+0000] {logging_mixin.py:154} INFO - [2023-11-07T19:46:17.416+0000] {tutorial_taskflow_api_virtualenv.py:29} WARNING - The tutorial_taskflow_api_virtualenv example DAG requires virtualenv, please install it.
[2023-11-07T19:46:17.417+0000] {processor.py:841} WARNING - No viable dags retrieved from /usr/local/lib/python3.10/dist-packages/airflow/example_dags/tutorial_taskflow_api_virtualenv.py
[2023-11-07T19:46:17.428+0000] {processor.py:179} INFO - Processing /usr/local/lib/python3.10/dist-packages/airflow/example_dags/tutorial_taskflow_api_virtualenv.py took 0.021 seconds
[2023-11-07T19:47:08.091+0000] {processor.py:157} INFO - Started process (PID=4502) to work on /usr/local/lib/python3.10/dist-packages/airflow/example_dags/tutorial_taskflow_api_virtualenv.py
[2023-11-07T19:47:08.094+0000] {processor.py:829} INFO - Processing file /usr/local/lib/python3.10/dist-packages/airflow/example_dags/tutorial_taskflow_api_virtualenv.py for tasks to queue
[2023-11-07T19:47:08.094+0000] {logging_mixin.py:154} INFO - [2023-11-07T19:47:08.094+0000] {dagbag.py:536} INFO - Filling up the DagBag from /usr/local/lib/python3.10/dist-packages/airflow/example_dags/tutorial_taskflow_api_virtualenv.py
[2023-11-07T19:47:08.097+0000] {logging_mixin.py:154} INFO - [2023-11-07T19:47:08.097+0000] {tutorial_taskflow_api_virtualenv.py:29} WARNING - The tutorial_taskflow_api_virtualenv example DAG requires virtualenv, please install it.
[2023-11-07T19:47:08.097+0000] {processor.py:841} WARNING - No viable dags retrieved from /usr/local/lib/python3.10/dist-packages/airflow/example_dags/tutorial_taskflow_api_virtualenv.py
[2023-11-07T19:47:08.108+0000] {processor.py:179} INFO - Processing /usr/local/lib/python3.10/dist-packages/airflow/example_dags/tutorial_taskflow_api_virtualenv.py took 0.023 seconds
[2023-11-07T19:47:59.203+0000] {processor.py:157} INFO - Started process (PID=4555) to work on /usr/local/lib/python3.10/dist-packages/airflow/example_dags/tutorial_taskflow_api_virtualenv.py
[2023-11-07T19:47:59.204+0000] {processor.py:829} INFO - Processing file /usr/local/lib/python3.10/dist-packages/airflow/example_dags/tutorial_taskflow_api_virtualenv.py for tasks to queue
[2023-11-07T19:47:59.205+0000] {logging_mixin.py:154} INFO - [2023-11-07T19:47:59.205+0000] {dagbag.py:536} INFO - Filling up the DagBag from /usr/local/lib/python3.10/dist-packages/airflow/example_dags/tutorial_taskflow_api_virtualenv.py
[2023-11-07T19:47:59.208+0000] {logging_mixin.py:154} INFO - [2023-11-07T19:47:59.208+0000] {tutorial_taskflow_api_virtualenv.py:29} WARNING - The tutorial_taskflow_api_virtualenv example DAG requires virtualenv, please install it.
[2023-11-07T19:47:59.208+0000] {processor.py:841} WARNING - No viable dags retrieved from /usr/local/lib/python3.10/dist-packages/airflow/example_dags/tutorial_taskflow_api_virtualenv.py
[2023-11-07T19:47:59.236+0000] {processor.py:179} INFO - Processing /usr/local/lib/python3.10/dist-packages/airflow/example_dags/tutorial_taskflow_api_virtualenv.py took 0.037 seconds
[2023-11-07T19:48:48.745+0000] {processor.py:157} INFO - Started process (PID=4606) to work on /usr/local/lib/python3.10/dist-packages/airflow/example_dags/tutorial_taskflow_api_virtualenv.py
[2023-11-07T19:48:48.746+0000] {processor.py:829} INFO - Processing file /usr/local/lib/python3.10/dist-packages/airflow/example_dags/tutorial_taskflow_api_virtualenv.py for tasks to queue
[2023-11-07T19:48:48.747+0000] {logging_mixin.py:154} INFO - [2023-11-07T19:48:48.746+0000] {dagbag.py:536} INFO - Filling up the DagBag from /usr/local/lib/python3.10/dist-packages/airflow/example_dags/tutorial_taskflow_api_virtualenv.py
[2023-11-07T19:48:48.749+0000] {logging_mixin.py:154} INFO - [2023-11-07T19:48:48.749+0000] {tutorial_taskflow_api_virtualenv.py:29} WARNING - The tutorial_taskflow_api_virtualenv example DAG requires virtualenv, please install it.
[2023-11-07T19:48:48.750+0000] {processor.py:841} WARNING - No viable dags retrieved from /usr/local/lib/python3.10/dist-packages/airflow/example_dags/tutorial_taskflow_api_virtualenv.py
[2023-11-07T19:48:48.760+0000] {processor.py:179} INFO - Processing /usr/local/lib/python3.10/dist-packages/airflow/example_dags/tutorial_taskflow_api_virtualenv.py took 0.018 seconds
[2023-11-07T19:49:35.186+0000] {processor.py:157} INFO - Started process (PID=4655) to work on /usr/local/lib/python3.10/dist-packages/airflow/example_dags/tutorial_taskflow_api_virtualenv.py
[2023-11-07T19:49:35.187+0000] {processor.py:829} INFO - Processing file /usr/local/lib/python3.10/dist-packages/airflow/example_dags/tutorial_taskflow_api_virtualenv.py for tasks to queue
[2023-11-07T19:49:35.188+0000] {logging_mixin.py:154} INFO - [2023-11-07T19:49:35.188+0000] {dagbag.py:536} INFO - Filling up the DagBag from /usr/local/lib/python3.10/dist-packages/airflow/example_dags/tutorial_taskflow_api_virtualenv.py
[2023-11-07T19:49:35.192+0000] {logging_mixin.py:154} INFO - [2023-11-07T19:49:35.192+0000] {tutorial_taskflow_api_virtualenv.py:29} WARNING - The tutorial_taskflow_api_virtualenv example DAG requires virtualenv, please install it.
[2023-11-07T19:49:35.192+0000] {processor.py:841} WARNING - No viable dags retrieved from /usr/local/lib/python3.10/dist-packages/airflow/example_dags/tutorial_taskflow_api_virtualenv.py
[2023-11-07T19:49:35.203+0000] {processor.py:179} INFO - Processing /usr/local/lib/python3.10/dist-packages/airflow/example_dags/tutorial_taskflow_api_virtualenv.py took 0.020 seconds
[2023-11-07T19:50:24.147+0000] {processor.py:157} INFO - Started process (PID=4705) to work on /usr/local/lib/python3.10/dist-packages/airflow/example_dags/tutorial_taskflow_api_virtualenv.py
[2023-11-07T19:50:24.148+0000] {processor.py:829} INFO - Processing file /usr/local/lib/python3.10/dist-packages/airflow/example_dags/tutorial_taskflow_api_virtualenv.py for tasks to queue
[2023-11-07T19:50:24.149+0000] {logging_mixin.py:154} INFO - [2023-11-07T19:50:24.148+0000] {dagbag.py:536} INFO - Filling up the DagBag from /usr/local/lib/python3.10/dist-packages/airflow/example_dags/tutorial_taskflow_api_virtualenv.py
[2023-11-07T19:50:24.152+0000] {logging_mixin.py:154} INFO - [2023-11-07T19:50:24.151+0000] {tutorial_taskflow_api_virtualenv.py:29} WARNING - The tutorial_taskflow_api_virtualenv example DAG requires virtualenv, please install it.
[2023-11-07T19:50:24.152+0000] {processor.py:841} WARNING - No viable dags retrieved from /usr/local/lib/python3.10/dist-packages/airflow/example_dags/tutorial_taskflow_api_virtualenv.py
[2023-11-07T19:50:24.162+0000] {processor.py:179} INFO - Processing /usr/local/lib/python3.10/dist-packages/airflow/example_dags/tutorial_taskflow_api_virtualenv.py took 0.018 seconds
[2023-11-07T19:51:15.987+0000] {processor.py:157} INFO - Started process (PID=4757) to work on /usr/local/lib/python3.10/dist-packages/airflow/example_dags/tutorial_taskflow_api_virtualenv.py
[2023-11-07T19:51:15.992+0000] {processor.py:829} INFO - Processing file /usr/local/lib/python3.10/dist-packages/airflow/example_dags/tutorial_taskflow_api_virtualenv.py for tasks to queue
[2023-11-07T19:51:15.994+0000] {logging_mixin.py:154} INFO - [2023-11-07T19:51:15.994+0000] {dagbag.py:536} INFO - Filling up the DagBag from /usr/local/lib/python3.10/dist-packages/airflow/example_dags/tutorial_taskflow_api_virtualenv.py
[2023-11-07T19:51:15.997+0000] {logging_mixin.py:154} INFO - [2023-11-07T19:51:15.997+0000] {tutorial_taskflow_api_virtualenv.py:29} WARNING - The tutorial_taskflow_api_virtualenv example DAG requires virtualenv, please install it.
[2023-11-07T19:51:15.997+0000] {processor.py:841} WARNING - No viable dags retrieved from /usr/local/lib/python3.10/dist-packages/airflow/example_dags/tutorial_taskflow_api_virtualenv.py
[2023-11-07T19:51:16.010+0000] {processor.py:179} INFO - Processing /usr/local/lib/python3.10/dist-packages/airflow/example_dags/tutorial_taskflow_api_virtualenv.py took 0.026 seconds
[2023-11-07T19:52:05.064+0000] {processor.py:157} INFO - Started process (PID=4808) to work on /usr/local/lib/python3.10/dist-packages/airflow/example_dags/tutorial_taskflow_api_virtualenv.py
[2023-11-07T19:52:05.065+0000] {processor.py:829} INFO - Processing file /usr/local/lib/python3.10/dist-packages/airflow/example_dags/tutorial_taskflow_api_virtualenv.py for tasks to queue
[2023-11-07T19:52:05.066+0000] {logging_mixin.py:154} INFO - [2023-11-07T19:52:05.066+0000] {dagbag.py:536} INFO - Filling up the DagBag from /usr/local/lib/python3.10/dist-packages/airflow/example_dags/tutorial_taskflow_api_virtualenv.py
[2023-11-07T19:52:05.069+0000] {logging_mixin.py:154} INFO - [2023-11-07T19:52:05.068+0000] {tutorial_taskflow_api_virtualenv.py:29} WARNING - The tutorial_taskflow_api_virtualenv example DAG requires virtualenv, please install it.
[2023-11-07T19:52:05.069+0000] {processor.py:841} WARNING - No viable dags retrieved from /usr/local/lib/python3.10/dist-packages/airflow/example_dags/tutorial_taskflow_api_virtualenv.py
[2023-11-07T19:52:05.080+0000] {processor.py:179} INFO - Processing /usr/local/lib/python3.10/dist-packages/airflow/example_dags/tutorial_taskflow_api_virtualenv.py took 0.019 seconds
[2023-11-07T19:52:57.955+0000] {processor.py:157} INFO - Started process (PID=4862) to work on /usr/local/lib/python3.10/dist-packages/airflow/example_dags/tutorial_taskflow_api_virtualenv.py
[2023-11-07T19:52:57.956+0000] {processor.py:829} INFO - Processing file /usr/local/lib/python3.10/dist-packages/airflow/example_dags/tutorial_taskflow_api_virtualenv.py for tasks to queue
[2023-11-07T19:52:57.957+0000] {logging_mixin.py:154} INFO - [2023-11-07T19:52:57.956+0000] {dagbag.py:536} INFO - Filling up the DagBag from /usr/local/lib/python3.10/dist-packages/airflow/example_dags/tutorial_taskflow_api_virtualenv.py
[2023-11-07T19:52:57.960+0000] {logging_mixin.py:154} INFO - [2023-11-07T19:52:57.960+0000] {tutorial_taskflow_api_virtualenv.py:29} WARNING - The tutorial_taskflow_api_virtualenv example DAG requires virtualenv, please install it.
[2023-11-07T19:52:57.960+0000] {processor.py:841} WARNING - No viable dags retrieved from /usr/local/lib/python3.10/dist-packages/airflow/example_dags/tutorial_taskflow_api_virtualenv.py
[2023-11-07T19:52:57.971+0000] {processor.py:179} INFO - Processing /usr/local/lib/python3.10/dist-packages/airflow/example_dags/tutorial_taskflow_api_virtualenv.py took 0.020 seconds
[2023-11-07T19:53:51.725+0000] {processor.py:157} INFO - Started process (PID=4915) to work on /usr/local/lib/python3.10/dist-packages/airflow/example_dags/tutorial_taskflow_api_virtualenv.py
[2023-11-07T19:53:51.726+0000] {processor.py:829} INFO - Processing file /usr/local/lib/python3.10/dist-packages/airflow/example_dags/tutorial_taskflow_api_virtualenv.py for tasks to queue
[2023-11-07T19:53:51.727+0000] {logging_mixin.py:154} INFO - [2023-11-07T19:53:51.726+0000] {dagbag.py:536} INFO - Filling up the DagBag from /usr/local/lib/python3.10/dist-packages/airflow/example_dags/tutorial_taskflow_api_virtualenv.py
[2023-11-07T19:53:51.730+0000] {logging_mixin.py:154} INFO - [2023-11-07T19:53:51.729+0000] {tutorial_taskflow_api_virtualenv.py:29} WARNING - The tutorial_taskflow_api_virtualenv example DAG requires virtualenv, please install it.
[2023-11-07T19:53:51.730+0000] {processor.py:841} WARNING - No viable dags retrieved from /usr/local/lib/python3.10/dist-packages/airflow/example_dags/tutorial_taskflow_api_virtualenv.py
[2023-11-07T19:53:51.740+0000] {processor.py:179} INFO - Processing /usr/local/lib/python3.10/dist-packages/airflow/example_dags/tutorial_taskflow_api_virtualenv.py took 0.019 seconds
[2023-11-07T19:54:44.460+0000] {processor.py:157} INFO - Started process (PID=4968) to work on /usr/local/lib/python3.10/dist-packages/airflow/example_dags/tutorial_taskflow_api_virtualenv.py
[2023-11-07T19:54:44.461+0000] {processor.py:829} INFO - Processing file /usr/local/lib/python3.10/dist-packages/airflow/example_dags/tutorial_taskflow_api_virtualenv.py for tasks to queue
[2023-11-07T19:54:44.462+0000] {logging_mixin.py:154} INFO - [2023-11-07T19:54:44.462+0000] {dagbag.py:536} INFO - Filling up the DagBag from /usr/local/lib/python3.10/dist-packages/airflow/example_dags/tutorial_taskflow_api_virtualenv.py
[2023-11-07T19:54:44.466+0000] {logging_mixin.py:154} INFO - [2023-11-07T19:54:44.466+0000] {tutorial_taskflow_api_virtualenv.py:29} WARNING - The tutorial_taskflow_api_virtualenv example DAG requires virtualenv, please install it.
[2023-11-07T19:54:44.466+0000] {processor.py:841} WARNING - No viable dags retrieved from /usr/local/lib/python3.10/dist-packages/airflow/example_dags/tutorial_taskflow_api_virtualenv.py
[2023-11-07T19:54:44.477+0000] {processor.py:179} INFO - Processing /usr/local/lib/python3.10/dist-packages/airflow/example_dags/tutorial_taskflow_api_virtualenv.py took 0.021 seconds
[2023-11-07T19:55:35.908+0000] {processor.py:157} INFO - Started process (PID=5019) to work on /usr/local/lib/python3.10/dist-packages/airflow/example_dags/tutorial_taskflow_api_virtualenv.py
[2023-11-07T19:55:35.909+0000] {processor.py:829} INFO - Processing file /usr/local/lib/python3.10/dist-packages/airflow/example_dags/tutorial_taskflow_api_virtualenv.py for tasks to queue
[2023-11-07T19:55:35.910+0000] {logging_mixin.py:154} INFO - [2023-11-07T19:55:35.910+0000] {dagbag.py:536} INFO - Filling up the DagBag from /usr/local/lib/python3.10/dist-packages/airflow/example_dags/tutorial_taskflow_api_virtualenv.py
[2023-11-07T19:55:35.913+0000] {logging_mixin.py:154} INFO - [2023-11-07T19:55:35.913+0000] {tutorial_taskflow_api_virtualenv.py:29} WARNING - The tutorial_taskflow_api_virtualenv example DAG requires virtualenv, please install it.
[2023-11-07T19:55:35.913+0000] {processor.py:841} WARNING - No viable dags retrieved from /usr/local/lib/python3.10/dist-packages/airflow/example_dags/tutorial_taskflow_api_virtualenv.py
[2023-11-07T19:55:35.925+0000] {processor.py:179} INFO - Processing /usr/local/lib/python3.10/dist-packages/airflow/example_dags/tutorial_taskflow_api_virtualenv.py took 0.023 seconds
[2023-11-07T19:56:30.841+0000] {processor.py:157} INFO - Started process (PID=5074) to work on /usr/local/lib/python3.10/dist-packages/airflow/example_dags/tutorial_taskflow_api_virtualenv.py
[2023-11-07T19:56:30.842+0000] {processor.py:829} INFO - Processing file /usr/local/lib/python3.10/dist-packages/airflow/example_dags/tutorial_taskflow_api_virtualenv.py for tasks to queue
[2023-11-07T19:56:30.843+0000] {logging_mixin.py:154} INFO - [2023-11-07T19:56:30.843+0000] {dagbag.py:536} INFO - Filling up the DagBag from /usr/local/lib/python3.10/dist-packages/airflow/example_dags/tutorial_taskflow_api_virtualenv.py
[2023-11-07T19:56:30.846+0000] {logging_mixin.py:154} INFO - [2023-11-07T19:56:30.846+0000] {tutorial_taskflow_api_virtualenv.py:29} WARNING - The tutorial_taskflow_api_virtualenv example DAG requires virtualenv, please install it.
[2023-11-07T19:56:30.847+0000] {processor.py:841} WARNING - No viable dags retrieved from /usr/local/lib/python3.10/dist-packages/airflow/example_dags/tutorial_taskflow_api_virtualenv.py
[2023-11-07T19:56:30.858+0000] {processor.py:179} INFO - Processing /usr/local/lib/python3.10/dist-packages/airflow/example_dags/tutorial_taskflow_api_virtualenv.py took 0.020 seconds
[2023-11-07T19:57:23.590+0000] {processor.py:157} INFO - Started process (PID=5126) to work on /usr/local/lib/python3.10/dist-packages/airflow/example_dags/tutorial_taskflow_api_virtualenv.py
[2023-11-07T19:57:23.591+0000] {processor.py:829} INFO - Processing file /usr/local/lib/python3.10/dist-packages/airflow/example_dags/tutorial_taskflow_api_virtualenv.py for tasks to queue
[2023-11-07T19:57:23.592+0000] {logging_mixin.py:154} INFO - [2023-11-07T19:57:23.592+0000] {dagbag.py:536} INFO - Filling up the DagBag from /usr/local/lib/python3.10/dist-packages/airflow/example_dags/tutorial_taskflow_api_virtualenv.py
[2023-11-07T19:57:23.595+0000] {logging_mixin.py:154} INFO - [2023-11-07T19:57:23.595+0000] {tutorial_taskflow_api_virtualenv.py:29} WARNING - The tutorial_taskflow_api_virtualenv example DAG requires virtualenv, please install it.
[2023-11-07T19:57:23.595+0000] {processor.py:841} WARNING - No viable dags retrieved from /usr/local/lib/python3.10/dist-packages/airflow/example_dags/tutorial_taskflow_api_virtualenv.py
[2023-11-07T19:57:23.606+0000] {processor.py:179} INFO - Processing /usr/local/lib/python3.10/dist-packages/airflow/example_dags/tutorial_taskflow_api_virtualenv.py took 0.019 seconds
[2023-11-07T19:58:12.204+0000] {processor.py:157} INFO - Started process (PID=5177) to work on /usr/local/lib/python3.10/dist-packages/airflow/example_dags/tutorial_taskflow_api_virtualenv.py
[2023-11-07T19:58:12.206+0000] {processor.py:829} INFO - Processing file /usr/local/lib/python3.10/dist-packages/airflow/example_dags/tutorial_taskflow_api_virtualenv.py for tasks to queue
[2023-11-07T19:58:12.207+0000] {logging_mixin.py:154} INFO - [2023-11-07T19:58:12.207+0000] {dagbag.py:536} INFO - Filling up the DagBag from /usr/local/lib/python3.10/dist-packages/airflow/example_dags/tutorial_taskflow_api_virtualenv.py
[2023-11-07T19:58:12.213+0000] {logging_mixin.py:154} INFO - [2023-11-07T19:58:12.213+0000] {tutorial_taskflow_api_virtualenv.py:29} WARNING - The tutorial_taskflow_api_virtualenv example DAG requires virtualenv, please install it.
[2023-11-07T19:58:12.213+0000] {processor.py:841} WARNING - No viable dags retrieved from /usr/local/lib/python3.10/dist-packages/airflow/example_dags/tutorial_taskflow_api_virtualenv.py
[2023-11-07T19:58:12.225+0000] {processor.py:179} INFO - Processing /usr/local/lib/python3.10/dist-packages/airflow/example_dags/tutorial_taskflow_api_virtualenv.py took 0.026 seconds
[2023-11-07T19:59:02.441+0000] {processor.py:157} INFO - Started process (PID=5227) to work on /usr/local/lib/python3.10/dist-packages/airflow/example_dags/tutorial_taskflow_api_virtualenv.py
[2023-11-07T19:59:02.442+0000] {processor.py:829} INFO - Processing file /usr/local/lib/python3.10/dist-packages/airflow/example_dags/tutorial_taskflow_api_virtualenv.py for tasks to queue
[2023-11-07T19:59:02.443+0000] {logging_mixin.py:154} INFO - [2023-11-07T19:59:02.443+0000] {dagbag.py:536} INFO - Filling up the DagBag from /usr/local/lib/python3.10/dist-packages/airflow/example_dags/tutorial_taskflow_api_virtualenv.py
[2023-11-07T19:59:02.447+0000] {logging_mixin.py:154} INFO - [2023-11-07T19:59:02.447+0000] {tutorial_taskflow_api_virtualenv.py:29} WARNING - The tutorial_taskflow_api_virtualenv example DAG requires virtualenv, please install it.
[2023-11-07T19:59:02.447+0000] {processor.py:841} WARNING - No viable dags retrieved from /usr/local/lib/python3.10/dist-packages/airflow/example_dags/tutorial_taskflow_api_virtualenv.py
[2023-11-07T19:59:02.463+0000] {processor.py:179} INFO - Processing /usr/local/lib/python3.10/dist-packages/airflow/example_dags/tutorial_taskflow_api_virtualenv.py took 0.029 seconds
[2023-11-07T19:59:52.077+0000] {processor.py:157} INFO - Started process (PID=5277) to work on /usr/local/lib/python3.10/dist-packages/airflow/example_dags/tutorial_taskflow_api_virtualenv.py
[2023-11-07T19:59:52.079+0000] {processor.py:829} INFO - Processing file /usr/local/lib/python3.10/dist-packages/airflow/example_dags/tutorial_taskflow_api_virtualenv.py for tasks to queue
[2023-11-07T19:59:52.080+0000] {logging_mixin.py:154} INFO - [2023-11-07T19:59:52.079+0000] {dagbag.py:536} INFO - Filling up the DagBag from /usr/local/lib/python3.10/dist-packages/airflow/example_dags/tutorial_taskflow_api_virtualenv.py
[2023-11-07T19:59:52.082+0000] {logging_mixin.py:154} INFO - [2023-11-07T19:59:52.082+0000] {tutorial_taskflow_api_virtualenv.py:29} WARNING - The tutorial_taskflow_api_virtualenv example DAG requires virtualenv, please install it.
[2023-11-07T19:59:52.083+0000] {processor.py:841} WARNING - No viable dags retrieved from /usr/local/lib/python3.10/dist-packages/airflow/example_dags/tutorial_taskflow_api_virtualenv.py
[2023-11-07T19:59:52.094+0000] {processor.py:179} INFO - Processing /usr/local/lib/python3.10/dist-packages/airflow/example_dags/tutorial_taskflow_api_virtualenv.py took 0.021 seconds
[2023-11-07T20:00:48.057+0000] {processor.py:157} INFO - Started process (PID=5332) to work on /usr/local/lib/python3.10/dist-packages/airflow/example_dags/tutorial_taskflow_api_virtualenv.py
[2023-11-07T20:00:48.059+0000] {processor.py:829} INFO - Processing file /usr/local/lib/python3.10/dist-packages/airflow/example_dags/tutorial_taskflow_api_virtualenv.py for tasks to queue
[2023-11-07T20:00:48.060+0000] {logging_mixin.py:154} INFO - [2023-11-07T20:00:48.059+0000] {dagbag.py:536} INFO - Filling up the DagBag from /usr/local/lib/python3.10/dist-packages/airflow/example_dags/tutorial_taskflow_api_virtualenv.py
[2023-11-07T20:00:48.063+0000] {logging_mixin.py:154} INFO - [2023-11-07T20:00:48.062+0000] {tutorial_taskflow_api_virtualenv.py:29} WARNING - The tutorial_taskflow_api_virtualenv example DAG requires virtualenv, please install it.
[2023-11-07T20:00:48.063+0000] {processor.py:841} WARNING - No viable dags retrieved from /usr/local/lib/python3.10/dist-packages/airflow/example_dags/tutorial_taskflow_api_virtualenv.py
[2023-11-07T20:00:48.074+0000] {processor.py:179} INFO - Processing /usr/local/lib/python3.10/dist-packages/airflow/example_dags/tutorial_taskflow_api_virtualenv.py took 0.020 seconds
[2023-11-07T20:01:36.386+0000] {processor.py:157} INFO - Started process (PID=5383) to work on /usr/local/lib/python3.10/dist-packages/airflow/example_dags/tutorial_taskflow_api_virtualenv.py
[2023-11-07T20:01:36.387+0000] {processor.py:829} INFO - Processing file /usr/local/lib/python3.10/dist-packages/airflow/example_dags/tutorial_taskflow_api_virtualenv.py for tasks to queue
[2023-11-07T20:01:36.387+0000] {logging_mixin.py:154} INFO - [2023-11-07T20:01:36.387+0000] {dagbag.py:536} INFO - Filling up the DagBag from /usr/local/lib/python3.10/dist-packages/airflow/example_dags/tutorial_taskflow_api_virtualenv.py
[2023-11-07T20:01:36.390+0000] {logging_mixin.py:154} INFO - [2023-11-07T20:01:36.390+0000] {tutorial_taskflow_api_virtualenv.py:29} WARNING - The tutorial_taskflow_api_virtualenv example DAG requires virtualenv, please install it.
[2023-11-07T20:01:36.390+0000] {processor.py:841} WARNING - No viable dags retrieved from /usr/local/lib/python3.10/dist-packages/airflow/example_dags/tutorial_taskflow_api_virtualenv.py
[2023-11-07T20:01:36.402+0000] {processor.py:179} INFO - Processing /usr/local/lib/python3.10/dist-packages/airflow/example_dags/tutorial_taskflow_api_virtualenv.py took 0.020 seconds
[2023-11-07T20:02:19.372+0000] {processor.py:157} INFO - Started process (PID=5427) to work on /usr/local/lib/python3.10/dist-packages/airflow/example_dags/tutorial_taskflow_api_virtualenv.py
[2023-11-07T20:02:19.373+0000] {processor.py:829} INFO - Processing file /usr/local/lib/python3.10/dist-packages/airflow/example_dags/tutorial_taskflow_api_virtualenv.py for tasks to queue
[2023-11-07T20:02:19.374+0000] {logging_mixin.py:154} INFO - [2023-11-07T20:02:19.374+0000] {dagbag.py:536} INFO - Filling up the DagBag from /usr/local/lib/python3.10/dist-packages/airflow/example_dags/tutorial_taskflow_api_virtualenv.py
[2023-11-07T20:02:19.377+0000] {logging_mixin.py:154} INFO - [2023-11-07T20:02:19.377+0000] {tutorial_taskflow_api_virtualenv.py:29} WARNING - The tutorial_taskflow_api_virtualenv example DAG requires virtualenv, please install it.
[2023-11-07T20:02:19.377+0000] {processor.py:841} WARNING - No viable dags retrieved from /usr/local/lib/python3.10/dist-packages/airflow/example_dags/tutorial_taskflow_api_virtualenv.py
[2023-11-07T20:02:19.389+0000] {processor.py:179} INFO - Processing /usr/local/lib/python3.10/dist-packages/airflow/example_dags/tutorial_taskflow_api_virtualenv.py took 0.020 seconds
[2023-11-07T20:03:08.624+0000] {processor.py:157} INFO - Started process (PID=5479) to work on /usr/local/lib/python3.10/dist-packages/airflow/example_dags/tutorial_taskflow_api_virtualenv.py
[2023-11-07T20:03:08.628+0000] {processor.py:829} INFO - Processing file /usr/local/lib/python3.10/dist-packages/airflow/example_dags/tutorial_taskflow_api_virtualenv.py for tasks to queue
[2023-11-07T20:03:08.629+0000] {logging_mixin.py:154} INFO - [2023-11-07T20:03:08.629+0000] {dagbag.py:536} INFO - Filling up the DagBag from /usr/local/lib/python3.10/dist-packages/airflow/example_dags/tutorial_taskflow_api_virtualenv.py
[2023-11-07T20:03:08.636+0000] {logging_mixin.py:154} INFO - [2023-11-07T20:03:08.635+0000] {tutorial_taskflow_api_virtualenv.py:29} WARNING - The tutorial_taskflow_api_virtualenv example DAG requires virtualenv, please install it.
[2023-11-07T20:03:08.636+0000] {processor.py:841} WARNING - No viable dags retrieved from /usr/local/lib/python3.10/dist-packages/airflow/example_dags/tutorial_taskflow_api_virtualenv.py
[2023-11-07T20:03:08.657+0000] {processor.py:179} INFO - Processing /usr/local/lib/python3.10/dist-packages/airflow/example_dags/tutorial_taskflow_api_virtualenv.py took 0.048 seconds
[2023-11-07T20:03:58.924+0000] {processor.py:157} INFO - Started process (PID=5530) to work on /usr/local/lib/python3.10/dist-packages/airflow/example_dags/tutorial_taskflow_api_virtualenv.py
[2023-11-07T20:03:58.926+0000] {processor.py:829} INFO - Processing file /usr/local/lib/python3.10/dist-packages/airflow/example_dags/tutorial_taskflow_api_virtualenv.py for tasks to queue
[2023-11-07T20:03:58.927+0000] {logging_mixin.py:154} INFO - [2023-11-07T20:03:58.926+0000] {dagbag.py:536} INFO - Filling up the DagBag from /usr/local/lib/python3.10/dist-packages/airflow/example_dags/tutorial_taskflow_api_virtualenv.py
[2023-11-07T20:03:58.930+0000] {logging_mixin.py:154} INFO - [2023-11-07T20:03:58.930+0000] {tutorial_taskflow_api_virtualenv.py:29} WARNING - The tutorial_taskflow_api_virtualenv example DAG requires virtualenv, please install it.
[2023-11-07T20:03:58.930+0000] {processor.py:841} WARNING - No viable dags retrieved from /usr/local/lib/python3.10/dist-packages/airflow/example_dags/tutorial_taskflow_api_virtualenv.py
[2023-11-07T20:03:58.947+0000] {processor.py:179} INFO - Processing /usr/local/lib/python3.10/dist-packages/airflow/example_dags/tutorial_taskflow_api_virtualenv.py took 0.031 seconds
[2023-11-07T20:04:45.813+0000] {processor.py:157} INFO - Started process (PID=5580) to work on /usr/local/lib/python3.10/dist-packages/airflow/example_dags/tutorial_taskflow_api_virtualenv.py
[2023-11-07T20:04:45.814+0000] {processor.py:829} INFO - Processing file /usr/local/lib/python3.10/dist-packages/airflow/example_dags/tutorial_taskflow_api_virtualenv.py for tasks to queue
[2023-11-07T20:04:45.815+0000] {logging_mixin.py:154} INFO - [2023-11-07T20:04:45.815+0000] {dagbag.py:536} INFO - Filling up the DagBag from /usr/local/lib/python3.10/dist-packages/airflow/example_dags/tutorial_taskflow_api_virtualenv.py
[2023-11-07T20:04:45.819+0000] {logging_mixin.py:154} INFO - [2023-11-07T20:04:45.819+0000] {tutorial_taskflow_api_virtualenv.py:29} WARNING - The tutorial_taskflow_api_virtualenv example DAG requires virtualenv, please install it.
[2023-11-07T20:04:45.819+0000] {processor.py:841} WARNING - No viable dags retrieved from /usr/local/lib/python3.10/dist-packages/airflow/example_dags/tutorial_taskflow_api_virtualenv.py
[2023-11-07T20:04:45.829+0000] {processor.py:179} INFO - Processing /usr/local/lib/python3.10/dist-packages/airflow/example_dags/tutorial_taskflow_api_virtualenv.py took 0.019 seconds
[2023-11-07T20:05:36.630+0000] {processor.py:157} INFO - Started process (PID=5631) to work on /usr/local/lib/python3.10/dist-packages/airflow/example_dags/tutorial_taskflow_api_virtualenv.py
[2023-11-07T20:05:36.631+0000] {processor.py:829} INFO - Processing file /usr/local/lib/python3.10/dist-packages/airflow/example_dags/tutorial_taskflow_api_virtualenv.py for tasks to queue
[2023-11-07T20:05:36.632+0000] {logging_mixin.py:154} INFO - [2023-11-07T20:05:36.632+0000] {dagbag.py:536} INFO - Filling up the DagBag from /usr/local/lib/python3.10/dist-packages/airflow/example_dags/tutorial_taskflow_api_virtualenv.py
[2023-11-07T20:05:36.635+0000] {logging_mixin.py:154} INFO - [2023-11-07T20:05:36.635+0000] {tutorial_taskflow_api_virtualenv.py:29} WARNING - The tutorial_taskflow_api_virtualenv example DAG requires virtualenv, please install it.
[2023-11-07T20:05:36.635+0000] {processor.py:841} WARNING - No viable dags retrieved from /usr/local/lib/python3.10/dist-packages/airflow/example_dags/tutorial_taskflow_api_virtualenv.py
[2023-11-07T20:05:36.646+0000] {processor.py:179} INFO - Processing /usr/local/lib/python3.10/dist-packages/airflow/example_dags/tutorial_taskflow_api_virtualenv.py took 0.019 seconds
[2023-11-07T20:06:25.954+0000] {processor.py:157} INFO - Started process (PID=5682) to work on /usr/local/lib/python3.10/dist-packages/airflow/example_dags/tutorial_taskflow_api_virtualenv.py
[2023-11-07T20:06:25.955+0000] {processor.py:829} INFO - Processing file /usr/local/lib/python3.10/dist-packages/airflow/example_dags/tutorial_taskflow_api_virtualenv.py for tasks to queue
[2023-11-07T20:06:25.956+0000] {logging_mixin.py:154} INFO - [2023-11-07T20:06:25.955+0000] {dagbag.py:536} INFO - Filling up the DagBag from /usr/local/lib/python3.10/dist-packages/airflow/example_dags/tutorial_taskflow_api_virtualenv.py
[2023-11-07T20:06:25.959+0000] {logging_mixin.py:154} INFO - [2023-11-07T20:06:25.959+0000] {tutorial_taskflow_api_virtualenv.py:29} WARNING - The tutorial_taskflow_api_virtualenv example DAG requires virtualenv, please install it.
[2023-11-07T20:06:25.959+0000] {processor.py:841} WARNING - No viable dags retrieved from /usr/local/lib/python3.10/dist-packages/airflow/example_dags/tutorial_taskflow_api_virtualenv.py
[2023-11-07T20:06:25.970+0000] {processor.py:179} INFO - Processing /usr/local/lib/python3.10/dist-packages/airflow/example_dags/tutorial_taskflow_api_virtualenv.py took 0.020 seconds
[2023-11-07T20:07:17.467+0000] {processor.py:157} INFO - Started process (PID=5734) to work on /usr/local/lib/python3.10/dist-packages/airflow/example_dags/tutorial_taskflow_api_virtualenv.py
[2023-11-07T20:07:17.469+0000] {processor.py:829} INFO - Processing file /usr/local/lib/python3.10/dist-packages/airflow/example_dags/tutorial_taskflow_api_virtualenv.py for tasks to queue
[2023-11-07T20:07:17.473+0000] {logging_mixin.py:154} INFO - [2023-11-07T20:07:17.473+0000] {dagbag.py:536} INFO - Filling up the DagBag from /usr/local/lib/python3.10/dist-packages/airflow/example_dags/tutorial_taskflow_api_virtualenv.py
[2023-11-07T20:07:17.479+0000] {logging_mixin.py:154} INFO - [2023-11-07T20:07:17.479+0000] {tutorial_taskflow_api_virtualenv.py:29} WARNING - The tutorial_taskflow_api_virtualenv example DAG requires virtualenv, please install it.
[2023-11-07T20:07:17.479+0000] {processor.py:841} WARNING - No viable dags retrieved from /usr/local/lib/python3.10/dist-packages/airflow/example_dags/tutorial_taskflow_api_virtualenv.py
[2023-11-07T20:07:17.497+0000] {processor.py:179} INFO - Processing /usr/local/lib/python3.10/dist-packages/airflow/example_dags/tutorial_taskflow_api_virtualenv.py took 0.037 seconds
